2025-06-03 19:55:36,733 WARN streaming.StreamJob: -file option is deprecated, please use generic option -files instead.
2025-06-03 19:55:37,839 INFO client.DefaultNoHARMFailoverProxyProvider: Connecting to ResourceManager at ip-172-31-37-130.ec2.internal/172.31.37.130:8032
2025-06-03 19:55:37,945 INFO client.AHSProxy: Connecting to Application History server at ip-172-31-37-130.ec2.internal/172.31.37.130:10200
2025-06-03 19:55:38,010 INFO client.DefaultNoHARMFailoverProxyProvider: Connecting to ResourceManager at ip-172-31-37-130.ec2.internal/172.31.37.130:8032
2025-06-03 19:55:38,010 INFO client.AHSProxy: Connecting to Application History server at ip-172-31-37-130.ec2.internal/172.31.37.130:10200
2025-06-03 19:55:38,202 INFO mapreduce.JobResourceUploader: Disabling Erasure Coding for path: /tmp/hadoop-yarn/staging/hadoop/.staging/job_1748975616029_0004
2025-06-03 19:55:38,564 INFO lzo.GPLNativeCodeLoader: Loaded native gpl library
2025-06-03 19:55:38,566 INFO lzo.LzoCodec: Successfully loaded & initialized native-lzo library [hadoop-lzo rev 049362b7cf53ff5f739d6b1532457f2c6cd495e8]
2025-06-03 19:55:38,612 INFO mapred.FileInputFormat: Total input files to process : 1
2025-06-03 19:55:38,664 INFO mapreduce.JobSubmitter: number of splits:12
2025-06-03 19:55:38,832 INFO mapreduce.JobSubmitter: Submitting tokens for job: job_1748975616029_0004
2025-06-03 19:55:38,833 INFO mapreduce.JobSubmitter: Executing with tokens: []
2025-06-03 19:55:38,986 INFO conf.Configuration: resource-types.xml not found
2025-06-03 19:55:38,987 INFO resource.ResourceUtils: Unable to find 'resource-types.xml'.
2025-06-03 19:55:39,042 INFO impl.YarnClientImpl: Submitted application application_1748975616029_0004
2025-06-03 19:55:39,068 INFO mapreduce.Job: The url to track the job: http://ip-172-31-37-130.ec2.internal:20888/proxy/application_1748975616029_0004/
2025-06-03 19:55:39,069 INFO mapreduce.Job: Running job: job_1748975616029_0004
2025-06-03 19:55:45,152 INFO mapreduce.Job: Job job_1748975616029_0004 running in uber mode : false
2025-06-03 19:55:45,153 INFO mapreduce.Job:  map 0% reduce 0%
2025-06-03 19:55:53,235 INFO mapreduce.Job:  map 17% reduce 0%
2025-06-03 19:55:56,256 INFO mapreduce.Job:  map 25% reduce 0%
2025-06-03 19:55:57,274 INFO mapreduce.Job:  map 67% reduce 0%
2025-06-03 19:55:58,280 INFO mapreduce.Job:  map 83% reduce 0%
2025-06-03 19:55:59,286 INFO mapreduce.Job:  map 100% reduce 0%
2025-06-03 19:56:01,297 INFO mapreduce.Job:  map 100% reduce 20%
2025-06-03 19:56:02,302 INFO mapreduce.Job:  map 100% reduce 40%
2025-06-03 19:56:03,307 INFO mapreduce.Job:  map 100% reduce 80%
2025-06-03 19:56:04,312 INFO mapreduce.Job:  map 100% reduce 100%
2025-06-03 19:56:04,318 INFO mapreduce.Job: Job job_1748975616029_0004 completed successfully
2025-06-03 19:56:04,406 INFO mapreduce.Job: Counters: 56
	File System Counters
		FILE: Number of bytes read=242040
		FILE: Number of bytes written=6117059
		FILE: Number of read operations=0
		FILE: Number of large read operations=0
		FILE: Number of write operations=0
		HDFS: Number of bytes read=92738176
		HDFS: Number of bytes written=54178
		HDFS: Number of read operations=61
		HDFS: Number of large read operations=0
		HDFS: Number of write operations=10
		HDFS: Number of bytes read erasure-coded=0
	Job Counters 
		Killed map tasks=1
		Launched map tasks=12
		Launched reduce tasks=5
		Data-local map tasks=4
		Rack-local map tasks=8
		Total time spent by all maps in occupied slots (ms)=305464320
		Total time spent by all reduces in occupied slots (ms)=127703040
		Total time spent by all map tasks (ms)=99435
		Total time spent by all reduce tasks (ms)=20785
		Total vcore-milliseconds taken by all map tasks=99435
		Total vcore-milliseconds taken by all reduce tasks=20785
		Total megabyte-milliseconds taken by all map tasks=305464320
		Total megabyte-milliseconds taken by all reduce tasks=127703040
	Map-Reduce Framework
		Map input records=30005
		Map output records=29993
		Map output bytes=829047
		Map output materialized bytes=279640
		Input split bytes=1848
		Combine input records=0
		Combine output records=0
		Reduce input groups=54
		Reduce shuffle bytes=279640
		Reduce input records=29993
		Reduce output records=689
		Spilled Records=59986
		Shuffled Maps =60
		Failed Shuffles=0
		Merged Map outputs=60
		GC time elapsed (ms)=762
		CPU time spent (ms)=22170
		Physical memory (bytes) snapshot=7802019840
		Virtual memory (bytes) snapshot=90540384256
		Total committed heap usage (bytes)=7646216192
		Peak Map Physical memory (bytes)=534396928
		Peak Map Virtual memory (bytes)=4542050304
		Peak Reduce Physical memory (bytes)=353415168
		Peak Reduce Virtual memory (bytes)=7226793984
	Shuffle Errors
		BAD_ID=0
		CONNECTION=0
		IO_ERROR=0
		WRONG_LENGTH=0
		WRONG_MAP=0
		WRONG_REDUCE=0
	File Input Format Counters 
		Bytes Read=92736328
	File Output Format Counters 
		Bytes Written=54178
2025-06-03 19:56:04,406 INFO streaming.StreamJob: Output directory: /user/hadoop/output/cleaned_pruned_used_cars_data_1percent_task1_mapreduce_result
