2025-06-03 19:57:18,205 WARN streaming.StreamJob: -file option is deprecated, please use generic option -files instead.
2025-06-03 19:57:19,288 INFO client.DefaultNoHARMFailoverProxyProvider: Connecting to ResourceManager at ip-172-31-37-130.ec2.internal/172.31.37.130:8032
2025-06-03 19:57:19,404 INFO client.AHSProxy: Connecting to Application History server at ip-172-31-37-130.ec2.internal/172.31.37.130:10200
2025-06-03 19:57:19,457 INFO client.DefaultNoHARMFailoverProxyProvider: Connecting to ResourceManager at ip-172-31-37-130.ec2.internal/172.31.37.130:8032
2025-06-03 19:57:19,458 INFO client.AHSProxy: Connecting to Application History server at ip-172-31-37-130.ec2.internal/172.31.37.130:10200
2025-06-03 19:57:19,641 INFO mapreduce.JobResourceUploader: Disabling Erasure Coding for path: /tmp/hadoop-yarn/staging/hadoop/.staging/job_1748975616029_0007
2025-06-03 19:57:19,930 INFO lzo.GPLNativeCodeLoader: Loaded native gpl library
2025-06-03 19:57:19,933 INFO lzo.LzoCodec: Successfully loaded & initialized native-lzo library [hadoop-lzo rev 049362b7cf53ff5f739d6b1532457f2c6cd495e8]
2025-06-03 19:57:19,976 INFO mapred.FileInputFormat: Total input files to process : 1
2025-06-03 19:57:20,038 INFO mapreduce.JobSubmitter: number of splits:60
2025-06-03 19:57:20,658 INFO mapreduce.JobSubmitter: Submitting tokens for job: job_1748975616029_0007
2025-06-03 19:57:20,658 INFO mapreduce.JobSubmitter: Executing with tokens: []
2025-06-03 19:57:20,796 INFO conf.Configuration: resource-types.xml not found
2025-06-03 19:57:20,796 INFO resource.ResourceUtils: Unable to find 'resource-types.xml'.
2025-06-03 19:57:20,847 INFO impl.YarnClientImpl: Submitted application application_1748975616029_0007
2025-06-03 19:57:20,874 INFO mapreduce.Job: The url to track the job: http://ip-172-31-37-130.ec2.internal:20888/proxy/application_1748975616029_0007/
2025-06-03 19:57:20,875 INFO mapreduce.Job: Running job: job_1748975616029_0007
2025-06-03 19:57:26,968 INFO mapreduce.Job: Job job_1748975616029_0007 running in uber mode : false
2025-06-03 19:57:26,969 INFO mapreduce.Job:  map 0% reduce 0%
2025-06-03 19:57:35,038 INFO mapreduce.Job:  map 3% reduce 0%
2025-06-03 19:57:40,074 INFO mapreduce.Job:  map 5% reduce 0%
2025-06-03 19:57:41,080 INFO mapreduce.Job:  map 12% reduce 0%
2025-06-03 19:57:42,085 INFO mapreduce.Job:  map 20% reduce 0%
2025-06-03 19:57:49,120 INFO mapreduce.Job:  map 23% reduce 0%
2025-06-03 19:57:52,136 INFO mapreduce.Job:  map 25% reduce 0%
2025-06-03 19:57:53,140 INFO mapreduce.Job:  map 32% reduce 0%
2025-06-03 19:57:54,145 INFO mapreduce.Job:  map 35% reduce 0%
2025-06-03 19:57:55,150 INFO mapreduce.Job:  map 37% reduce 0%
2025-06-03 19:58:02,179 INFO mapreduce.Job:  map 38% reduce 0%
2025-06-03 19:58:05,191 INFO mapreduce.Job:  map 45% reduce 3%
2025-06-03 19:58:07,199 INFO mapreduce.Job:  map 47% reduce 3%
2025-06-03 19:58:08,203 INFO mapreduce.Job:  map 50% reduce 3%
2025-06-03 19:58:12,218 INFO mapreduce.Job:  map 52% reduce 3%
2025-06-03 19:58:17,237 INFO mapreduce.Job:  map 60% reduce 3%
2025-06-03 19:58:20,248 INFO mapreduce.Job:  map 62% reduce 3%
2025-06-03 19:58:23,260 INFO mapreduce.Job:  map 63% reduce 4%
2025-06-03 19:58:26,271 INFO mapreduce.Job:  map 65% reduce 4%
2025-06-03 19:58:27,275 INFO mapreduce.Job:  map 65% reduce 8%
2025-06-03 19:58:28,279 INFO mapreduce.Job:  map 65% reduce 9%
2025-06-03 19:58:30,287 INFO mapreduce.Job:  map 68% reduce 9%
2025-06-03 19:58:31,291 INFO mapreduce.Job:  map 73% reduce 9%
2025-06-03 19:58:33,300 INFO mapreduce.Job:  map 75% reduce 9%
2025-06-03 19:58:34,304 INFO mapreduce.Job:  map 75% reduce 10%
2025-06-03 19:58:37,316 INFO mapreduce.Job:  map 77% reduce 10%
2025-06-03 19:58:41,331 INFO mapreduce.Job:  map 78% reduce 10%
2025-06-03 19:58:42,335 INFO mapreduce.Job:  map 80% reduce 10%
2025-06-03 19:58:43,338 INFO mapreduce.Job:  map 83% reduce 10%
2025-06-03 19:58:44,342 INFO mapreduce.Job:  map 85% reduce 10%
2025-06-03 19:58:45,345 INFO mapreduce.Job:  map 85% reduce 11%
2025-06-03 19:58:46,349 INFO mapreduce.Job:  map 87% reduce 11%
2025-06-03 19:58:47,353 INFO mapreduce.Job:  map 88% reduce 11%
2025-06-03 19:58:51,367 INFO mapreduce.Job:  map 90% reduce 12%
2025-06-03 19:58:53,373 INFO mapreduce.Job:  map 92% reduce 12%
2025-06-03 19:58:54,377 INFO mapreduce.Job:  map 93% reduce 12%
2025-06-03 19:58:56,383 INFO mapreduce.Job:  map 98% reduce 12%
2025-06-03 19:58:58,390 INFO mapreduce.Job:  map 98% reduce 13%
2025-06-03 19:58:59,393 INFO mapreduce.Job:  map 100% reduce 13%
2025-06-03 19:59:02,403 INFO mapreduce.Job:  map 100% reduce 60%
2025-06-03 19:59:05,414 INFO mapreduce.Job:  map 100% reduce 100%
2025-06-03 19:59:05,418 INFO mapreduce.Job: Job job_1748975616029_0007 completed successfully
2025-06-03 19:59:05,508 INFO mapreduce.Job: Counters: 56
	File System Counters
		FILE: Number of bytes read=24753120
		FILE: Number of bytes written=71391248
		FILE: Number of read operations=0
		FILE: Number of large read operations=0
		FILE: Number of write operations=0
		HDFS: Number of bytes read=7969428005
		HDFS: Number of bytes written=137160
		HDFS: Number of read operations=205
		HDFS: Number of large read operations=0
		HDFS: Number of write operations=10
		HDFS: Number of bytes read erasure-coded=0
	Job Counters 
		Killed map tasks=1
		Launched map tasks=60
		Launched reduce tasks=5
		Data-local map tasks=25
		Rack-local map tasks=35
		Total time spent by all maps in occupied slots (ms)=1797571584
		Total time spent by all reduces in occupied slots (ms)=902369280
		Total time spent by all map tasks (ms)=585147
		Total time spent by all reduce tasks (ms)=146870
		Total vcore-milliseconds taken by all map tasks=585147
		Total vcore-milliseconds taken by all reduce tasks=146870
		Total megabyte-milliseconds taken by all map tasks=1797571584
		Total megabyte-milliseconds taken by all reduce tasks=902369280
	Map-Reduce Framework
		Map input records=3000599
		Map output records=2999952
		Map output bytes=83557739
		Map output materialized bytes=25243037
		Input split bytes=8700
		Combine input records=0
		Combine output records=0
		Reduce input groups=145
		Reduce shuffle bytes=25243037
		Reduce input records=2999952
		Reduce output records=1461
		Spilled Records=5999904
		Shuffled Maps =300
		Failed Shuffles=0
		Merged Map outputs=300
		GC time elapsed (ms)=2379
		CPU time spent (ms)=168500
		Physical memory (bytes) snapshot=32675725312
		Virtual memory (bytes) snapshot=308241039360
		Total committed heap usage (bytes)=32071745536
		Peak Map Physical memory (bytes)=550207488
		Peak Map Virtual memory (bytes)=4544495616
		Peak Reduce Physical memory (bytes)=426553344
		Peak Reduce Virtual memory (bytes)=7226499072
	Shuffle Errors
		BAD_ID=0
		CONNECTION=0
		IO_ERROR=0
		WRONG_LENGTH=0
		WRONG_MAP=0
		WRONG_REDUCE=0
	File Input Format Counters 
		Bytes Read=7969419305
	File Output Format Counters 
		Bytes Written=137160
2025-06-03 19:59:05,508 INFO streaming.StreamJob: Output directory: /user/hadoop/output/cleaned_pruned_used_cars_data_task1_mapreduce_result
