2025-05-22 15:12:11,102 INFO impl.MetricsConfig: Loaded properties from hadoop-metrics2.properties
2025-05-22 15:12:11,142 INFO impl.MetricsSystemImpl: Scheduled Metric snapshot period at 10 second(s).
2025-05-22 15:12:11,143 INFO impl.MetricsSystemImpl: JobTracker metrics system started
2025-05-22 15:12:11,149 WARN impl.MetricsSystemImpl: JobTracker metrics system already initialized!
2025-05-22 15:12:11,280 INFO mapred.FileInputFormat: Total input files to process : 1
2025-05-22 15:12:11,309 INFO mapreduce.JobSubmitter: number of splits:1
2025-05-22 15:12:11,386 INFO mapreduce.JobSubmitter: Submitting tokens for job: job_local11839837_0001
2025-05-22 15:12:11,386 INFO mapreduce.JobSubmitter: Executing with tokens: []
2025-05-22 15:12:11,457 INFO mapreduce.Job: The url to track the job: http://localhost:8080/
2025-05-22 15:12:11,458 INFO mapreduce.Job: Running job: job_local11839837_0001
2025-05-22 15:12:11,458 INFO mapred.LocalJobRunner: OutputCommitter set in config null
2025-05-22 15:12:11,460 INFO mapred.LocalJobRunner: OutputCommitter is org.apache.hadoop.mapred.FileOutputCommitter
2025-05-22 15:12:11,464 INFO output.FileOutputCommitter: File Output Committer Algorithm version is 2
2025-05-22 15:12:11,464 INFO output.FileOutputCommitter: FileOutputCommitter skip cleanup _temporary folders under output directory:false, ignore cleanup failures: false
2025-05-22 15:12:11,496 INFO mapred.LocalJobRunner: Waiting for map tasks
2025-05-22 15:12:11,499 INFO mapred.LocalJobRunner: Starting task: attempt_local11839837_0001_m_000000_0
2025-05-22 15:12:11,512 INFO output.FileOutputCommitter: File Output Committer Algorithm version is 2
2025-05-22 15:12:11,512 INFO output.FileOutputCommitter: FileOutputCommitter skip cleanup _temporary folders under output directory:false, ignore cleanup failures: false
2025-05-22 15:12:11,527 INFO mapred.Task:  Using ResourceCalculatorProcessTree : [ ]
2025-05-22 15:12:11,533 INFO mapred.MapTask: Processing split: hdfs://localhost:9000/user/giovanni/input/cleaned_pruned_used_cars_data_1percent.csv:0+82131893
2025-05-22 15:12:11,541 INFO mapred.MapTask: numReduceTasks: 1
2025-05-22 15:12:11,576 INFO mapred.MapTask: (EQUATOR) 0 kvi 26214396(104857584)
2025-05-22 15:12:11,576 INFO mapred.MapTask: mapreduce.task.io.sort.mb: 100
2025-05-22 15:12:11,576 INFO mapred.MapTask: soft limit at 83886080
2025-05-22 15:12:11,576 INFO mapred.MapTask: bufstart = 0; bufvoid = 104857600
2025-05-22 15:12:11,576 INFO mapred.MapTask: kvstart = 26214396; length = 6553600
2025-05-22 15:12:11,578 INFO mapred.MapTask: Map output collector class = org.apache.hadoop.mapred.MapTask$MapOutputBuffer
2025-05-22 15:12:11,582 INFO streaming.PipeMapRed: PipeMapRed exec [/home/giovanni/Projects/big-data/progetto/task_1/mapreduce/./mapper.py]
2025-05-22 15:12:11,585 INFO Configuration.deprecation: mapred.work.output.dir is deprecated. Instead, use mapreduce.task.output.dir
2025-05-22 15:12:11,585 INFO Configuration.deprecation: mapred.local.dir is deprecated. Instead, use mapreduce.cluster.local.dir
2025-05-22 15:12:11,585 INFO Configuration.deprecation: map.input.file is deprecated. Instead, use mapreduce.map.input.file
2025-05-22 15:12:11,585 INFO Configuration.deprecation: map.input.length is deprecated. Instead, use mapreduce.map.input.length
2025-05-22 15:12:11,585 INFO Configuration.deprecation: mapred.job.id is deprecated. Instead, use mapreduce.job.id
2025-05-22 15:12:11,585 INFO Configuration.deprecation: mapred.task.partition is deprecated. Instead, use mapreduce.task.partition
2025-05-22 15:12:11,586 INFO Configuration.deprecation: map.input.start is deprecated. Instead, use mapreduce.map.input.start
2025-05-22 15:12:11,586 INFO Configuration.deprecation: mapred.task.is.map is deprecated. Instead, use mapreduce.task.ismap
2025-05-22 15:12:11,586 INFO Configuration.deprecation: mapred.task.id is deprecated. Instead, use mapreduce.task.attempt.id
2025-05-22 15:12:11,586 INFO Configuration.deprecation: mapred.tip.id is deprecated. Instead, use mapreduce.task.id
2025-05-22 15:12:11,586 INFO Configuration.deprecation: mapred.skip.on is deprecated. Instead, use mapreduce.job.skiprecords
2025-05-22 15:12:11,586 INFO Configuration.deprecation: user.name is deprecated. Instead, use mapreduce.job.user.name
2025-05-22 15:12:11,641 INFO streaming.PipeMapRed: R/W/S=1/0/0 in:NA [rec/s] out:NA [rec/s]
2025-05-22 15:12:11,641 INFO streaming.PipeMapRed: R/W/S=10/0/0 in:NA [rec/s] out:NA [rec/s]
2025-05-22 15:12:11,645 INFO streaming.PipeMapRed: R/W/S=100/0/0 in:NA [rec/s] out:NA [rec/s]
2025-05-22 15:12:11,650 INFO streaming.PipeMapRed: Records R/W=311/1
2025-05-22 15:12:11,664 INFO streaming.PipeMapRed: R/W/S=1000/844/0 in:NA [rec/s] out:NA [rec/s]
2025-05-22 15:12:11,739 INFO streaming.PipeMapRed: R/W/S=10000/9759/0 in:NA [rec/s] out:NA [rec/s]
2025-05-22 15:12:11,828 INFO streaming.PipeMapRed: MRErrorThread done
2025-05-22 15:12:11,828 INFO streaming.PipeMapRed: mapRedFinished
2025-05-22 15:12:11,830 INFO mapred.LocalJobRunner: 
2025-05-22 15:12:11,830 INFO mapred.MapTask: Starting flush of map output
2025-05-22 15:12:11,830 INFO mapred.MapTask: Spilling map output
2025-05-22 15:12:11,830 INFO mapred.MapTask: bufstart = 0; bufend = 829377; bufvoid = 104857600
2025-05-22 15:12:11,830 INFO mapred.MapTask: kvstart = 26214396(104857584); kvend = 26094380(104377520); length = 120017/6553600
2025-05-22 15:12:11,854 INFO mapred.MapTask: Finished spill 0
2025-05-22 15:12:11,859 INFO mapred.Task: Task:attempt_local11839837_0001_m_000000_0 is done. And is in the process of committing
2025-05-22 15:12:11,862 INFO mapred.LocalJobRunner: Records R/W=311/1
2025-05-22 15:12:11,862 INFO mapred.Task: Task 'attempt_local11839837_0001_m_000000_0' done.
2025-05-22 15:12:11,864 INFO mapred.Task: Final Counters for attempt_local11839837_0001_m_000000_0: Counters: 23
	File System Counters
		FILE: Number of bytes read=141440
		FILE: Number of bytes written=1749836
		FILE: Number of read operations=0
		FILE: Number of large read operations=0
		FILE: Number of write operations=0
		HDFS: Number of bytes read=82131893
		HDFS: Number of bytes written=0
		HDFS: Number of read operations=5
		HDFS: Number of large read operations=0
		HDFS: Number of write operations=1
		HDFS: Number of bytes read erasure-coded=0
	Map-Reduce Framework
		Map input records=30005
		Map output records=30005
		Map output bytes=829377
		Map output materialized bytes=889393
		Input split bytes=136
		Combine input records=0
		Spilled Records=30005
		Failed Shuffles=0
		Merged Map outputs=0
		GC time elapsed (ms)=0
		Total committed heap usage (bytes)=627048448
	File Input Format Counters 
		Bytes Read=82131893
2025-05-22 15:12:11,864 INFO mapred.LocalJobRunner: Finishing task: attempt_local11839837_0001_m_000000_0
2025-05-22 15:12:11,865 INFO mapred.LocalJobRunner: map task executor complete.
2025-05-22 15:12:11,867 INFO mapred.LocalJobRunner: Waiting for reduce tasks
2025-05-22 15:12:11,867 INFO mapred.LocalJobRunner: Starting task: attempt_local11839837_0001_r_000000_0
2025-05-22 15:12:11,872 INFO output.FileOutputCommitter: File Output Committer Algorithm version is 2
2025-05-22 15:12:11,872 INFO output.FileOutputCommitter: FileOutputCommitter skip cleanup _temporary folders under output directory:false, ignore cleanup failures: false
2025-05-22 15:12:11,873 INFO mapred.Task:  Using ResourceCalculatorProcessTree : [ ]
2025-05-22 15:12:11,875 INFO mapred.ReduceTask: Using ShuffleConsumerPlugin: org.apache.hadoop.mapreduce.task.reduce.Shuffle@2bb531e3
2025-05-22 15:12:11,876 WARN impl.MetricsSystemImpl: JobTracker metrics system already initialized!
2025-05-22 15:12:11,884 INFO reduce.MergeManagerImpl: MergerManager: memoryLimit=5842665472, maxSingleShuffleLimit=1460666368, mergeThreshold=3856159488, ioSortFactor=10, memToMemMergeOutputsThreshold=10
2025-05-22 15:12:11,886 INFO reduce.EventFetcher: attempt_local11839837_0001_r_000000_0 Thread started: EventFetcher for fetching Map Completion Events
2025-05-22 15:12:11,898 INFO reduce.LocalFetcher: localfetcher#1 about to shuffle output of map attempt_local11839837_0001_m_000000_0 decomp: 889389 len: 889393 to MEMORY
2025-05-22 15:12:11,900 INFO reduce.InMemoryMapOutput: Read 889389 bytes from map-output for attempt_local11839837_0001_m_000000_0
2025-05-22 15:12:11,901 INFO reduce.MergeManagerImpl: closeInMemoryFile -> map-output of size: 889389, inMemoryMapOutputs.size() -> 1, commitMemory -> 0, usedMemory ->889389
2025-05-22 15:12:11,901 INFO reduce.EventFetcher: EventFetcher is interrupted.. Returning
2025-05-22 15:12:11,902 INFO mapred.LocalJobRunner: 1 / 1 copied.
2025-05-22 15:12:11,902 INFO reduce.MergeManagerImpl: finalMerge called with 1 in-memory map-outputs and 0 on-disk map-outputs
2025-05-22 15:12:11,904 INFO mapred.Merger: Merging 1 sorted segments
2025-05-22 15:12:11,904 INFO mapred.Merger: Down to the last merge-pass, with 1 segments left of total size: 889381 bytes
2025-05-22 15:12:11,914 INFO reduce.MergeManagerImpl: Merged 1 segments, 889389 bytes to disk to satisfy reduce memory limit
2025-05-22 15:12:11,915 INFO reduce.MergeManagerImpl: Merging 1 files, 889393 bytes from disk
2025-05-22 15:12:11,915 INFO reduce.MergeManagerImpl: Merging 0 segments, 0 bytes from memory into reduce
2025-05-22 15:12:11,915 INFO mapred.Merger: Merging 1 sorted segments
2025-05-22 15:12:11,916 INFO mapred.Merger: Down to the last merge-pass, with 1 segments left of total size: 889381 bytes
2025-05-22 15:12:11,916 INFO mapred.LocalJobRunner: 1 / 1 copied.
2025-05-22 15:12:11,919 INFO streaming.PipeMapRed: PipeMapRed exec [/home/giovanni/Projects/big-data/progetto/task_1/mapreduce/./reducer.py]
2025-05-22 15:12:11,921 INFO Configuration.deprecation: mapred.job.tracker is deprecated. Instead, use mapreduce.jobtracker.address
2025-05-22 15:12:11,922 INFO Configuration.deprecation: mapred.map.tasks is deprecated. Instead, use mapreduce.job.maps
2025-05-22 15:12:11,941 INFO streaming.PipeMapRed: R/W/S=1/0/0 in:NA [rec/s] out:NA [rec/s]
2025-05-22 15:12:11,941 INFO streaming.PipeMapRed: R/W/S=10/0/0 in:NA [rec/s] out:NA [rec/s]
2025-05-22 15:12:11,942 INFO streaming.PipeMapRed: R/W/S=100/0/0 in:NA [rec/s] out:NA [rec/s]
2025-05-22 15:12:11,944 INFO streaming.PipeMapRed: R/W/S=1000/0/0 in:NA [rec/s] out:NA [rec/s]
2025-05-22 15:12:11,955 INFO streaming.PipeMapRed: R/W/S=10000/0/0 in:NA [rec/s] out:NA [rec/s]
2025-05-22 15:12:11,977 INFO streaming.PipeMapRed: Records R/W=30005/1
2025-05-22 15:12:11,979 INFO streaming.PipeMapRed: MRErrorThread done
2025-05-22 15:12:11,980 INFO streaming.PipeMapRed: mapRedFinished
2025-05-22 15:12:12,012 INFO mapred.Task: Task:attempt_local11839837_0001_r_000000_0 is done. And is in the process of committing
2025-05-22 15:12:12,014 INFO mapred.LocalJobRunner: 1 / 1 copied.
2025-05-22 15:12:12,014 INFO mapred.Task: Task attempt_local11839837_0001_r_000000_0 is allowed to commit now
2025-05-22 15:12:12,027 INFO output.FileOutputCommitter: Saved output of task 'attempt_local11839837_0001_r_000000_0' to hdfs://localhost:9000/user/giovanni/output/cleaned_pruned_used_cars_data_1percent_result
2025-05-22 15:12:12,027 INFO mapred.LocalJobRunner: Records R/W=30005/1 > reduce
2025-05-22 15:12:12,027 INFO mapred.Task: Task 'attempt_local11839837_0001_r_000000_0' done.
2025-05-22 15:12:12,028 INFO mapred.Task: Final Counters for attempt_local11839837_0001_r_000000_0: Counters: 30
	File System Counters
		FILE: Number of bytes read=1920258
		FILE: Number of bytes written=2639229
		FILE: Number of read operations=0
		FILE: Number of large read operations=0
		FILE: Number of write operations=0
		HDFS: Number of bytes read=82131893
		HDFS: Number of bytes written=54183
		HDFS: Number of read operations=10
		HDFS: Number of large read operations=0
		HDFS: Number of write operations=3
		HDFS: Number of bytes read erasure-coded=0
	Map-Reduce Framework
		Combine input records=0
		Combine output records=0
		Reduce input groups=54
		Reduce shuffle bytes=889393
		Reduce input records=30005
		Reduce output records=688
		Spilled Records=30005
		Shuffled Maps =1
		Failed Shuffles=0
		Merged Map outputs=1
		GC time elapsed (ms)=0
		Total committed heap usage (bytes)=627048448
	Shuffle Errors
		BAD_ID=0
		CONNECTION=0
		IO_ERROR=0
		WRONG_LENGTH=0
		WRONG_MAP=0
		WRONG_REDUCE=0
	File Output Format Counters 
		Bytes Written=54183
2025-05-22 15:12:12,028 INFO mapred.LocalJobRunner: Finishing task: attempt_local11839837_0001_r_000000_0
2025-05-22 15:12:12,028 INFO mapred.LocalJobRunner: reduce task executor complete.
2025-05-22 15:12:12,461 INFO mapreduce.Job: Job job_local11839837_0001 running in uber mode : false
2025-05-22 15:12:12,461 INFO mapreduce.Job:  map 100% reduce 100%
2025-05-22 15:12:12,462 INFO mapreduce.Job: Job job_local11839837_0001 completed successfully
2025-05-22 15:12:12,465 INFO mapreduce.Job: Counters: 36
	File System Counters
		FILE: Number of bytes read=2061698
		FILE: Number of bytes written=4389065
		FILE: Number of read operations=0
		FILE: Number of large read operations=0
		FILE: Number of write operations=0
		HDFS: Number of bytes read=164263786
		HDFS: Number of bytes written=54183
		HDFS: Number of read operations=15
		HDFS: Number of large read operations=0
		HDFS: Number of write operations=4
		HDFS: Number of bytes read erasure-coded=0
	Map-Reduce Framework
		Map input records=30005
		Map output records=30005
		Map output bytes=829377
		Map output materialized bytes=889393
		Input split bytes=136
		Combine input records=0
		Combine output records=0
		Reduce input groups=54
		Reduce shuffle bytes=889393
		Reduce input records=30005
		Reduce output records=688
		Spilled Records=60010
		Shuffled Maps =1
		Failed Shuffles=0
		Merged Map outputs=1
		GC time elapsed (ms)=0
		Total committed heap usage (bytes)=1254096896
	Shuffle Errors
		BAD_ID=0
		CONNECTION=0
		IO_ERROR=0
		WRONG_LENGTH=0
		WRONG_MAP=0
		WRONG_REDUCE=0
	File Input Format Counters 
		Bytes Read=82131893
	File Output Format Counters 
		Bytes Written=54183
2025-05-22 15:12:12,465 INFO streaming.StreamJob: Output directory: /user/giovanni/output/cleaned_pruned_used_cars_data_1percent_result
