2025-06-03 19:56:09,850 WARN streaming.StreamJob: -file option is deprecated, please use generic option -files instead.
2025-06-03 19:56:10,852 INFO client.DefaultNoHARMFailoverProxyProvider: Connecting to ResourceManager at ip-172-31-37-130.ec2.internal/172.31.37.130:8032
2025-06-03 19:56:10,964 INFO client.AHSProxy: Connecting to Application History server at ip-172-31-37-130.ec2.internal/172.31.37.130:10200
2025-06-03 19:56:11,021 INFO client.DefaultNoHARMFailoverProxyProvider: Connecting to ResourceManager at ip-172-31-37-130.ec2.internal/172.31.37.130:8032
2025-06-03 19:56:11,022 INFO client.AHSProxy: Connecting to Application History server at ip-172-31-37-130.ec2.internal/172.31.37.130:10200
2025-06-03 19:56:11,223 INFO mapreduce.JobResourceUploader: Disabling Erasure Coding for path: /tmp/hadoop-yarn/staging/hadoop/.staging/job_1748975616029_0005
2025-06-03 19:56:11,519 INFO lzo.GPLNativeCodeLoader: Loaded native gpl library
2025-06-03 19:56:11,521 INFO lzo.LzoCodec: Successfully loaded & initialized native-lzo library [hadoop-lzo rev 049362b7cf53ff5f739d6b1532457f2c6cd495e8]
2025-06-03 19:56:11,565 INFO mapred.FileInputFormat: Total input files to process : 1
2025-06-03 19:56:11,579 INFO net.NetworkTopology: Adding a new node: /default-rack/172.31.42.234:9866
2025-06-03 19:56:11,617 INFO mapreduce.JobSubmitter: number of splits:12
2025-06-03 19:56:11,795 INFO mapreduce.JobSubmitter: Submitting tokens for job: job_1748975616029_0005
2025-06-03 19:56:11,795 INFO mapreduce.JobSubmitter: Executing with tokens: []
2025-06-03 19:56:11,957 INFO conf.Configuration: resource-types.xml not found
2025-06-03 19:56:11,957 INFO resource.ResourceUtils: Unable to find 'resource-types.xml'.
2025-06-03 19:56:12,013 INFO impl.YarnClientImpl: Submitted application application_1748975616029_0005
2025-06-03 19:56:12,042 INFO mapreduce.Job: The url to track the job: http://ip-172-31-37-130.ec2.internal:20888/proxy/application_1748975616029_0005/
2025-06-03 19:56:12,044 INFO mapreduce.Job: Running job: job_1748975616029_0005
2025-06-03 19:56:18,115 INFO mapreduce.Job: Job job_1748975616029_0005 running in uber mode : false
2025-06-03 19:56:18,116 INFO mapreduce.Job:  map 0% reduce 0%
2025-06-03 19:56:25,192 INFO mapreduce.Job:  map 17% reduce 0%
2025-06-03 19:56:29,246 INFO mapreduce.Job:  map 25% reduce 0%
2025-06-03 19:56:30,252 INFO mapreduce.Job:  map 75% reduce 0%
2025-06-03 19:56:31,257 INFO mapreduce.Job:  map 100% reduce 0%
2025-06-03 19:56:36,281 INFO mapreduce.Job:  map 100% reduce 40%
2025-06-03 19:56:37,285 INFO mapreduce.Job:  map 100% reduce 100%
2025-06-03 19:56:37,292 INFO mapreduce.Job: Job job_1748975616029_0005 completed successfully
2025-06-03 19:56:37,371 INFO mapreduce.Job: Counters: 56
	File System Counters
		FILE: Number of bytes read=1211385
		FILE: Number of bytes written=8080326
		FILE: Number of read operations=0
		FILE: Number of large read operations=0
		FILE: Number of write operations=0
		HDFS: Number of bytes read=423026489
		HDFS: Number of bytes written=78754
		HDFS: Number of read operations=61
		HDFS: Number of large read operations=0
		HDFS: Number of write operations=10
		HDFS: Number of bytes read erasure-coded=0
	Job Counters 
		Killed map tasks=1
		Launched map tasks=12
		Launched reduce tasks=5
		Data-local map tasks=4
		Rack-local map tasks=8
		Total time spent by all maps in occupied slots (ms)=323349504
		Total time spent by all reduces in occupied slots (ms)=147929088
		Total time spent by all map tasks (ms)=105257
		Total time spent by all reduce tasks (ms)=24077
		Total vcore-milliseconds taken by all map tasks=105257
		Total vcore-milliseconds taken by all reduce tasks=24077
		Total megabyte-milliseconds taken by all map tasks=323349504
		Total megabyte-milliseconds taken by all reduce tasks=147929088
	Map-Reduce Framework
		Map input records=150029
		Map output records=149964
		Map output bytes=4184518
		Map output materialized bytes=1273626
		Input split bytes=1848
		Combine input records=0
		Combine output records=0
		Reduce input groups=63
		Reduce shuffle bytes=1273626
		Reduce input records=149964
		Reduce output records=918
		Spilled Records=299928
		Shuffled Maps =60
		Failed Shuffles=0
		Merged Map outputs=60
		GC time elapsed (ms)=816
		CPU time spent (ms)=31650
		Physical memory (bytes) snapshot=7776002048
		Virtual memory (bytes) snapshot=90551951360
		Total committed heap usage (bytes)=7784628224
		Peak Map Physical memory (bytes)=530460672
		Peak Map Virtual memory (bytes)=4541681664
		Peak Reduce Physical memory (bytes)=359743488
		Peak Reduce Virtual memory (bytes)=7228801024
	Shuffle Errors
		BAD_ID=0
		CONNECTION=0
		IO_ERROR=0
		WRONG_LENGTH=0
		WRONG_MAP=0
		WRONG_REDUCE=0
	File Input Format Counters 
		Bytes Read=423024641
	File Output Format Counters 
		Bytes Written=78754
2025-06-03 19:56:37,371 INFO streaming.StreamJob: Output directory: /user/hadoop/output/cleaned_pruned_used_cars_data_5percent_task1_mapreduce_result
