2025-06-03 19:56:43,010 WARN streaming.StreamJob: -file option is deprecated, please use generic option -files instead.
2025-06-03 19:56:44,053 INFO client.DefaultNoHARMFailoverProxyProvider: Connecting to ResourceManager at ip-172-31-37-130.ec2.internal/172.31.37.130:8032
2025-06-03 19:56:44,172 INFO client.AHSProxy: Connecting to Application History server at ip-172-31-37-130.ec2.internal/172.31.37.130:10200
2025-06-03 19:56:44,234 INFO client.DefaultNoHARMFailoverProxyProvider: Connecting to ResourceManager at ip-172-31-37-130.ec2.internal/172.31.37.130:8032
2025-06-03 19:56:44,235 INFO client.AHSProxy: Connecting to Application History server at ip-172-31-37-130.ec2.internal/172.31.37.130:10200
2025-06-03 19:56:44,426 INFO mapreduce.JobResourceUploader: Disabling Erasure Coding for path: /tmp/hadoop-yarn/staging/hadoop/.staging/job_1748975616029_0006
2025-06-03 19:56:44,756 INFO lzo.GPLNativeCodeLoader: Loaded native gpl library
2025-06-03 19:56:44,759 INFO lzo.LzoCodec: Successfully loaded & initialized native-lzo library [hadoop-lzo rev 049362b7cf53ff5f739d6b1532457f2c6cd495e8]
2025-06-03 19:56:44,799 INFO mapred.FileInputFormat: Total input files to process : 1
2025-06-03 19:56:44,815 INFO net.NetworkTopology: Adding a new node: /default-rack/172.31.42.234:9866
2025-06-03 19:56:44,854 INFO mapreduce.JobSubmitter: number of splits:12
2025-06-03 19:56:45,021 INFO mapreduce.JobSubmitter: Submitting tokens for job: job_1748975616029_0006
2025-06-03 19:56:45,021 INFO mapreduce.JobSubmitter: Executing with tokens: []
2025-06-03 19:56:45,180 INFO conf.Configuration: resource-types.xml not found
2025-06-03 19:56:45,180 INFO resource.ResourceUtils: Unable to find 'resource-types.xml'.
2025-06-03 19:56:45,232 INFO impl.YarnClientImpl: Submitted application application_1748975616029_0006
2025-06-03 19:56:45,258 INFO mapreduce.Job: The url to track the job: http://ip-172-31-37-130.ec2.internal:20888/proxy/application_1748975616029_0006/
2025-06-03 19:56:45,259 INFO mapreduce.Job: Running job: job_1748975616029_0006
2025-06-03 19:56:51,329 INFO mapreduce.Job: Job job_1748975616029_0006 running in uber mode : false
2025-06-03 19:56:51,331 INFO mapreduce.Job:  map 0% reduce 0%
2025-06-03 19:56:59,412 INFO mapreduce.Job:  map 17% reduce 0%
2025-06-03 19:57:04,442 INFO mapreduce.Job:  map 42% reduce 0%
2025-06-03 19:57:05,448 INFO mapreduce.Job:  map 83% reduce 0%
2025-06-03 19:57:06,453 INFO mapreduce.Job:  map 100% reduce 0%
2025-06-03 19:57:10,472 INFO mapreduce.Job:  map 100% reduce 40%
2025-06-03 19:57:11,476 INFO mapreduce.Job:  map 100% reduce 60%
2025-06-03 19:57:12,481 INFO mapreduce.Job:  map 100% reduce 100%
2025-06-03 19:57:12,487 INFO mapreduce.Job: Job job_1748975616029_0006 completed successfully
2025-06-03 19:57:12,574 INFO mapreduce.Job: Counters: 56
	File System Counters
		FILE: Number of bytes read=4930630
		FILE: Number of bytes written=15548908
		FILE: Number of read operations=0
		FILE: Number of large read operations=0
		FILE: Number of write operations=0
		HDFS: Number of bytes read=1613519345
		HDFS: Number of bytes written=105060
		HDFS: Number of read operations=61
		HDFS: Number of large read operations=0
		HDFS: Number of write operations=10
		HDFS: Number of bytes read erasure-coded=0
	Job Counters 
		Killed map tasks=1
		Launched map tasks=12
		Launched reduce tasks=5
		Data-local map tasks=4
		Rack-local map tasks=8
		Total time spent by all maps in occupied slots (ms)=364581888
		Total time spent by all reduces in occupied slots (ms)=157655040
		Total time spent by all map tasks (ms)=118679
		Total time spent by all reduce tasks (ms)=25660
		Total vcore-milliseconds taken by all map tasks=118679
		Total vcore-milliseconds taken by all reduce tasks=25660
		Total megabyte-milliseconds taken by all map tasks=364581888
		Total megabyte-milliseconds taken by all reduce tasks=157655040
	Map-Reduce Framework
		Map input records=600119
		Map output records=599721
		Map output bytes=16712489
		Map output materialized bytes=5022877
		Input split bytes=1860
		Combine input records=0
		Combine output records=0
		Reduce input groups=80
		Reduce shuffle bytes=5022877
		Reduce input records=599721
		Reduce output records=1172
		Spilled Records=1199442
		Shuffled Maps =60
		Failed Shuffles=0
		Merged Map outputs=60
		GC time elapsed (ms)=601
		CPU time spent (ms)=42810
		Physical memory (bytes) snapshot=7968153600
		Virtual memory (bytes) snapshot=90558836736
		Total committed heap usage (bytes)=7566524416
		Peak Map Physical memory (bytes)=541839360
		Peak Map Virtual memory (bytes)=4550098944
		Peak Reduce Physical memory (bytes)=355803136
		Peak Reduce Virtual memory (bytes)=7226392576
	Shuffle Errors
		BAD_ID=0
		CONNECTION=0
		IO_ERROR=0
		WRONG_LENGTH=0
		WRONG_MAP=0
		WRONG_REDUCE=0
	File Input Format Counters 
		Bytes Read=1613517485
	File Output Format Counters 
		Bytes Written=105060
2025-06-03 19:57:12,574 INFO streaming.StreamJob: Output directory: /user/hadoop/output/cleaned_pruned_used_cars_data_20percent_task1_mapreduce_result
