2025-05-26 14:20:49,383 INFO impl.MetricsConfig: Loaded properties from hadoop-metrics2.properties
2025-05-26 14:20:49,439 INFO impl.MetricsSystemImpl: Scheduled Metric snapshot period at 10 second(s).
2025-05-26 14:20:49,439 INFO impl.MetricsSystemImpl: JobTracker metrics system started
2025-05-26 14:20:49,448 WARN impl.MetricsSystemImpl: JobTracker metrics system already initialized!
2025-05-26 14:20:49,596 INFO mapred.FileInputFormat: Total input files to process : 1
2025-05-26 14:20:49,634 INFO mapreduce.JobSubmitter: number of splits:1
2025-05-26 14:20:49,751 INFO mapreduce.JobSubmitter: Submitting tokens for job: job_local1903178380_0001
2025-05-26 14:20:49,751 INFO mapreduce.JobSubmitter: Executing with tokens: []
2025-05-26 14:20:49,843 INFO mapreduce.Job: The url to track the job: http://localhost:8080/
2025-05-26 14:20:49,844 INFO mapred.LocalJobRunner: OutputCommitter set in config null
2025-05-26 14:20:49,844 INFO mapreduce.Job: Running job: job_local1903178380_0001
2025-05-26 14:20:49,846 INFO mapred.LocalJobRunner: OutputCommitter is org.apache.hadoop.mapred.FileOutputCommitter
2025-05-26 14:20:49,850 INFO output.FileOutputCommitter: File Output Committer Algorithm version is 2
2025-05-26 14:20:49,850 INFO output.FileOutputCommitter: FileOutputCommitter skip cleanup _temporary folders under output directory:false, ignore cleanup failures: false
2025-05-26 14:20:49,893 INFO mapred.LocalJobRunner: Waiting for map tasks
2025-05-26 14:20:49,896 INFO mapred.LocalJobRunner: Starting task: attempt_local1903178380_0001_m_000000_0
2025-05-26 14:20:49,911 INFO output.FileOutputCommitter: File Output Committer Algorithm version is 2
2025-05-26 14:20:49,911 INFO output.FileOutputCommitter: FileOutputCommitter skip cleanup _temporary folders under output directory:false, ignore cleanup failures: false
2025-05-26 14:20:49,921 INFO mapred.Task:  Using ResourceCalculatorProcessTree : [ ]
2025-05-26 14:20:49,925 INFO mapred.MapTask: Processing split: hdfs://localhost:9000/user/giovanni/input/cleaned_pruned_used_cars_data_1percent.csv:0+82131930
2025-05-26 14:20:49,936 INFO mapred.MapTask: numReduceTasks: 1
2025-05-26 14:20:49,981 INFO mapred.MapTask: (EQUATOR) 0 kvi 26214396(104857584)
2025-05-26 14:20:49,981 INFO mapred.MapTask: mapreduce.task.io.sort.mb: 100
2025-05-26 14:20:49,981 INFO mapred.MapTask: soft limit at 83886080
2025-05-26 14:20:49,981 INFO mapred.MapTask: bufstart = 0; bufvoid = 104857600
2025-05-26 14:20:49,981 INFO mapred.MapTask: kvstart = 26214396; length = 6553600
2025-05-26 14:20:49,986 INFO mapred.MapTask: Map output collector class = org.apache.hadoop.mapred.MapTask$MapOutputBuffer
2025-05-26 14:20:49,991 INFO streaming.PipeMapRed: PipeMapRed exec [/home/giovanni/Projects/big-data/progetto/task_1/mapreduce/./mapper.py]
2025-05-26 14:20:49,994 INFO Configuration.deprecation: mapred.work.output.dir is deprecated. Instead, use mapreduce.task.output.dir
2025-05-26 14:20:49,995 INFO Configuration.deprecation: mapred.local.dir is deprecated. Instead, use mapreduce.cluster.local.dir
2025-05-26 14:20:49,995 INFO Configuration.deprecation: map.input.file is deprecated. Instead, use mapreduce.map.input.file
2025-05-26 14:20:49,995 INFO Configuration.deprecation: map.input.length is deprecated. Instead, use mapreduce.map.input.length
2025-05-26 14:20:49,995 INFO Configuration.deprecation: mapred.job.id is deprecated. Instead, use mapreduce.job.id
2025-05-26 14:20:49,996 INFO Configuration.deprecation: mapred.task.partition is deprecated. Instead, use mapreduce.task.partition
2025-05-26 14:20:49,997 INFO Configuration.deprecation: map.input.start is deprecated. Instead, use mapreduce.map.input.start
2025-05-26 14:20:49,997 INFO Configuration.deprecation: mapred.task.is.map is deprecated. Instead, use mapreduce.task.ismap
2025-05-26 14:20:49,997 INFO Configuration.deprecation: mapred.task.id is deprecated. Instead, use mapreduce.task.attempt.id
2025-05-26 14:20:49,997 INFO Configuration.deprecation: mapred.tip.id is deprecated. Instead, use mapreduce.task.id
2025-05-26 14:20:49,998 INFO Configuration.deprecation: mapred.skip.on is deprecated. Instead, use mapreduce.job.skiprecords
2025-05-26 14:20:49,998 INFO Configuration.deprecation: user.name is deprecated. Instead, use mapreduce.job.user.name
2025-05-26 14:20:50,081 INFO streaming.PipeMapRed: R/W/S=1/0/0 in:NA [rec/s] out:NA [rec/s]
2025-05-26 14:20:50,081 INFO streaming.PipeMapRed: R/W/S=10/0/0 in:NA [rec/s] out:NA [rec/s]
2025-05-26 14:20:50,087 INFO streaming.PipeMapRed: R/W/S=100/0/0 in:NA [rec/s] out:NA [rec/s]
2025-05-26 14:20:50,095 INFO streaming.PipeMapRed: Records R/W=312/1
2025-05-26 14:20:50,113 INFO streaming.PipeMapRed: R/W/S=1000/844/0 in:NA [rec/s] out:NA [rec/s]
2025-05-26 14:20:50,194 INFO streaming.PipeMapRed: R/W/S=10000/9759/0 in:NA [rec/s] out:NA [rec/s]
2025-05-26 14:20:50,309 INFO streaming.PipeMapRed: MRErrorThread done
2025-05-26 14:20:50,310 INFO streaming.PipeMapRed: mapRedFinished
2025-05-26 14:20:50,311 INFO mapred.LocalJobRunner: 
2025-05-26 14:20:50,311 INFO mapred.MapTask: Starting flush of map output
2025-05-26 14:20:50,311 INFO mapred.MapTask: Spilling map output
2025-05-26 14:20:50,311 INFO mapred.MapTask: bufstart = 0; bufend = 829347; bufvoid = 104857600
2025-05-26 14:20:50,311 INFO mapred.MapTask: kvstart = 26214396(104857584); kvend = 26094384(104377536); length = 120013/6553600
2025-05-26 14:20:50,354 INFO mapred.MapTask: Finished spill 0
2025-05-26 14:20:50,363 INFO mapred.Task: Task:attempt_local1903178380_0001_m_000000_0 is done. And is in the process of committing
2025-05-26 14:20:50,366 INFO mapred.LocalJobRunner: Records R/W=312/1
2025-05-26 14:20:50,366 INFO mapred.Task: Task 'attempt_local1903178380_0001_m_000000_0' done.
2025-05-26 14:20:50,370 INFO mapred.Task: Final Counters for attempt_local1903178380_0001_m_000000_0: Counters: 23
	File System Counters
		FILE: Number of bytes read=141441
		FILE: Number of bytes written=1756773
		FILE: Number of read operations=0
		FILE: Number of large read operations=0
		FILE: Number of write operations=0
		HDFS: Number of bytes read=82131930
		HDFS: Number of bytes written=0
		HDFS: Number of read operations=5
		HDFS: Number of large read operations=0
		HDFS: Number of write operations=1
		HDFS: Number of bytes read erasure-coded=0
	Map-Reduce Framework
		Map input records=30005
		Map output records=30004
		Map output bytes=829347
		Map output materialized bytes=889361
		Input split bytes=136
		Combine input records=0
		Spilled Records=30004
		Failed Shuffles=0
		Merged Map outputs=0
		GC time elapsed (ms)=4
		Total committed heap usage (bytes)=310378496
	File Input Format Counters 
		Bytes Read=82131930
2025-05-26 14:20:50,370 INFO mapred.LocalJobRunner: Finishing task: attempt_local1903178380_0001_m_000000_0
2025-05-26 14:20:50,370 INFO mapred.LocalJobRunner: map task executor complete.
2025-05-26 14:20:50,373 INFO mapred.LocalJobRunner: Waiting for reduce tasks
2025-05-26 14:20:50,373 INFO mapred.LocalJobRunner: Starting task: attempt_local1903178380_0001_r_000000_0
2025-05-26 14:20:50,379 INFO output.FileOutputCommitter: File Output Committer Algorithm version is 2
2025-05-26 14:20:50,380 INFO output.FileOutputCommitter: FileOutputCommitter skip cleanup _temporary folders under output directory:false, ignore cleanup failures: false
2025-05-26 14:20:50,380 INFO mapred.Task:  Using ResourceCalculatorProcessTree : [ ]
2025-05-26 14:20:50,382 INFO mapred.ReduceTask: Using ShuffleConsumerPlugin: org.apache.hadoop.mapreduce.task.reduce.Shuffle@4796d691
2025-05-26 14:20:50,383 WARN impl.MetricsSystemImpl: JobTracker metrics system already initialized!
2025-05-26 14:20:50,393 INFO reduce.MergeManagerImpl: MergerManager: memoryLimit=2877292544, maxSingleShuffleLimit=719323136, mergeThreshold=1899013120, ioSortFactor=10, memToMemMergeOutputsThreshold=10
2025-05-26 14:20:50,395 INFO reduce.EventFetcher: attempt_local1903178380_0001_r_000000_0 Thread started: EventFetcher for fetching Map Completion Events
2025-05-26 14:20:50,412 INFO reduce.LocalFetcher: localfetcher#1 about to shuffle output of map attempt_local1903178380_0001_m_000000_0 decomp: 889357 len: 889361 to MEMORY
2025-05-26 14:20:50,414 INFO reduce.InMemoryMapOutput: Read 889357 bytes from map-output for attempt_local1903178380_0001_m_000000_0
2025-05-26 14:20:50,415 INFO reduce.MergeManagerImpl: closeInMemoryFile -> map-output of size: 889357, inMemoryMapOutputs.size() -> 1, commitMemory -> 0, usedMemory ->889357
2025-05-26 14:20:50,416 INFO reduce.EventFetcher: EventFetcher is interrupted.. Returning
2025-05-26 14:20:50,417 INFO mapred.LocalJobRunner: 1 / 1 copied.
2025-05-26 14:20:50,417 INFO reduce.MergeManagerImpl: finalMerge called with 1 in-memory map-outputs and 0 on-disk map-outputs
2025-05-26 14:20:50,421 INFO mapred.Merger: Merging 1 sorted segments
2025-05-26 14:20:50,421 INFO mapred.Merger: Down to the last merge-pass, with 1 segments left of total size: 889349 bytes
2025-05-26 14:20:50,439 INFO reduce.MergeManagerImpl: Merged 1 segments, 889357 bytes to disk to satisfy reduce memory limit
2025-05-26 14:20:50,439 INFO reduce.MergeManagerImpl: Merging 1 files, 889361 bytes from disk
2025-05-26 14:20:50,440 INFO reduce.MergeManagerImpl: Merging 0 segments, 0 bytes from memory into reduce
2025-05-26 14:20:50,440 INFO mapred.Merger: Merging 1 sorted segments
2025-05-26 14:20:50,440 INFO mapred.Merger: Down to the last merge-pass, with 1 segments left of total size: 889349 bytes
2025-05-26 14:20:50,441 INFO mapred.LocalJobRunner: 1 / 1 copied.
2025-05-26 14:20:50,443 INFO streaming.PipeMapRed: PipeMapRed exec [/home/giovanni/Projects/big-data/progetto/task_1/mapreduce/./reducer.py]
2025-05-26 14:20:50,445 INFO Configuration.deprecation: mapred.job.tracker is deprecated. Instead, use mapreduce.jobtracker.address
2025-05-26 14:20:50,446 INFO Configuration.deprecation: mapred.map.tasks is deprecated. Instead, use mapreduce.job.maps
2025-05-26 14:20:50,468 INFO streaming.PipeMapRed: R/W/S=1/0/0 in:NA [rec/s] out:NA [rec/s]
2025-05-26 14:20:50,468 INFO streaming.PipeMapRed: R/W/S=10/0/0 in:NA [rec/s] out:NA [rec/s]
2025-05-26 14:20:50,469 INFO streaming.PipeMapRed: R/W/S=100/0/0 in:NA [rec/s] out:NA [rec/s]
2025-05-26 14:20:50,476 INFO streaming.PipeMapRed: R/W/S=1000/0/0 in:NA [rec/s] out:NA [rec/s]
2025-05-26 14:20:50,493 INFO streaming.PipeMapRed: R/W/S=10000/0/0 in:NA [rec/s] out:NA [rec/s]
2025-05-26 14:20:50,528 INFO streaming.PipeMapRed: Records R/W=30004/1
2025-05-26 14:20:50,533 INFO streaming.PipeMapRed: MRErrorThread done
2025-05-26 14:20:50,533 INFO streaming.PipeMapRed: mapRedFinished
2025-05-26 14:20:50,575 INFO mapred.Task: Task:attempt_local1903178380_0001_r_000000_0 is done. And is in the process of committing
2025-05-26 14:20:50,577 INFO mapred.LocalJobRunner: 1 / 1 copied.
2025-05-26 14:20:50,577 INFO mapred.Task: Task attempt_local1903178380_0001_r_000000_0 is allowed to commit now
2025-05-26 14:20:50,591 INFO output.FileOutputCommitter: Saved output of task 'attempt_local1903178380_0001_r_000000_0' to hdfs://localhost:9000/user/giovanni/output/cleaned_pruned_used_cars_data_1percent_task1_mapreduce_result
2025-05-26 14:20:50,592 INFO mapred.LocalJobRunner: Records R/W=30004/1 > reduce
2025-05-26 14:20:50,592 INFO mapred.Task: Task 'attempt_local1903178380_0001_r_000000_0' done.
2025-05-26 14:20:50,592 INFO mapred.Task: Final Counters for attempt_local1903178380_0001_r_000000_0: Counters: 30
	File System Counters
		FILE: Number of bytes read=1920195
		FILE: Number of bytes written=2646134
		FILE: Number of read operations=0
		FILE: Number of large read operations=0
		FILE: Number of write operations=0
		HDFS: Number of bytes read=82131930
		HDFS: Number of bytes written=54173
		HDFS: Number of read operations=10
		HDFS: Number of large read operations=0
		HDFS: Number of write operations=3
		HDFS: Number of bytes read erasure-coded=0
	Map-Reduce Framework
		Combine input records=0
		Combine output records=0
		Reduce input groups=54
		Reduce shuffle bytes=889361
		Reduce input records=30004
		Reduce output records=688
		Spilled Records=30004
		Shuffled Maps =1
		Failed Shuffles=0
		Merged Map outputs=1
		GC time elapsed (ms)=0
		Total committed heap usage (bytes)=310378496
	Shuffle Errors
		BAD_ID=0
		CONNECTION=0
		IO_ERROR=0
		WRONG_LENGTH=0
		WRONG_MAP=0
		WRONG_REDUCE=0
	File Output Format Counters 
		Bytes Written=54173
2025-05-26 14:20:50,593 INFO mapred.LocalJobRunner: Finishing task: attempt_local1903178380_0001_r_000000_0
2025-05-26 14:20:50,593 INFO mapred.LocalJobRunner: reduce task executor complete.
2025-05-26 14:20:50,849 INFO mapreduce.Job: Job job_local1903178380_0001 running in uber mode : false
2025-05-26 14:20:50,849 INFO mapreduce.Job:  map 100% reduce 100%
2025-05-26 14:20:50,850 INFO mapreduce.Job: Job job_local1903178380_0001 completed successfully
2025-05-26 14:20:50,855 INFO mapreduce.Job: Counters: 36
	File System Counters
		FILE: Number of bytes read=2061636
		FILE: Number of bytes written=4402907
		FILE: Number of read operations=0
		FILE: Number of large read operations=0
		FILE: Number of write operations=0
		HDFS: Number of bytes read=164263860
		HDFS: Number of bytes written=54173
		HDFS: Number of read operations=15
		HDFS: Number of large read operations=0
		HDFS: Number of write operations=4
		HDFS: Number of bytes read erasure-coded=0
	Map-Reduce Framework
		Map input records=30005
		Map output records=30004
		Map output bytes=829347
		Map output materialized bytes=889361
		Input split bytes=136
		Combine input records=0
		Combine output records=0
		Reduce input groups=54
		Reduce shuffle bytes=889361
		Reduce input records=30004
		Reduce output records=688
		Spilled Records=60008
		Shuffled Maps =1
		Failed Shuffles=0
		Merged Map outputs=1
		GC time elapsed (ms)=4
		Total committed heap usage (bytes)=620756992
	Shuffle Errors
		BAD_ID=0
		CONNECTION=0
		IO_ERROR=0
		WRONG_LENGTH=0
		WRONG_MAP=0
		WRONG_REDUCE=0
	File Input Format Counters 
		Bytes Read=82131930
	File Output Format Counters 
		Bytes Written=54173
2025-05-26 14:20:50,855 INFO streaming.StreamJob: Output directory: /user/giovanni/output/cleaned_pruned_used_cars_data_1percent_task1_mapreduce_result
