25/05/26 14:23:33 INFO SparkContext: Running Spark version 3.5.5
25/05/26 14:23:33 INFO SparkContext: OS info Linux, 6.14.6-300.fc42.x86_64, amd64
25/05/26 14:23:33 INFO SparkContext: Java version 11.0.26
25/05/26 14:23:33 WARN NativeCodeLoader: Unable to load native-hadoop library for your platform... using builtin-java classes where applicable
25/05/26 14:23:33 INFO ResourceUtils: ==============================================================
25/05/26 14:23:33 INFO ResourceUtils: No custom resources configured for spark.driver.
25/05/26 14:23:33 INFO ResourceUtils: ==============================================================
25/05/26 14:23:33 INFO SparkContext: Submitted application: task 1
25/05/26 14:23:33 INFO ResourceProfile: Default ResourceProfile created, executor resources: Map(cores -> name: cores, amount: 1, script: , vendor: , memory -> name: memory, amount: 1024, script: , vendor: , offHeap -> name: offHeap, amount: 0, script: , vendor: ), task resources: Map(cpus -> name: cpus, amount: 1.0)
25/05/26 14:23:33 INFO ResourceProfile: Limiting resource is cpu
25/05/26 14:23:33 INFO ResourceProfileManager: Added ResourceProfile id: 0
25/05/26 14:23:34 INFO SecurityManager: Changing view acls to: giovanni
25/05/26 14:23:34 INFO SecurityManager: Changing modify acls to: giovanni
25/05/26 14:23:34 INFO SecurityManager: Changing view acls groups to: 
25/05/26 14:23:34 INFO SecurityManager: Changing modify acls groups to: 
25/05/26 14:23:34 INFO SecurityManager: SecurityManager: authentication disabled; ui acls disabled; users with view permissions: giovanni; groups with view permissions: EMPTY; users with modify permissions: giovanni; groups with modify permissions: EMPTY
25/05/26 14:23:34 INFO Utils: Successfully started service 'sparkDriver' on port 38769.
25/05/26 14:23:34 INFO SparkEnv: Registering MapOutputTracker
25/05/26 14:23:34 INFO SparkEnv: Registering BlockManagerMaster
25/05/26 14:23:34 INFO BlockManagerMasterEndpoint: Using org.apache.spark.storage.DefaultTopologyMapper for getting topology information
25/05/26 14:23:34 INFO BlockManagerMasterEndpoint: BlockManagerMasterEndpoint up
25/05/26 14:23:34 INFO SparkEnv: Registering BlockManagerMasterHeartbeat
25/05/26 14:23:34 INFO DiskBlockManager: Created local directory at /tmp/blockmgr-937971c9-a659-4db0-a6da-b1f87beff24a
25/05/26 14:23:34 INFO MemoryStore: MemoryStore started with capacity 434.4 MiB
25/05/26 14:23:34 INFO SparkEnv: Registering OutputCommitCoordinator
25/05/26 14:23:34 INFO JettyUtils: Start Jetty 0.0.0.0:4040 for SparkUI
25/05/26 14:23:34 INFO Utils: Successfully started service 'SparkUI' on port 4040.
25/05/26 14:23:34 INFO Executor: Starting executor ID driver on host fedora-notebook
25/05/26 14:23:34 INFO Executor: OS info Linux, 6.14.6-300.fc42.x86_64, amd64
25/05/26 14:23:34 INFO Executor: Java version 11.0.26
25/05/26 14:23:34 INFO Executor: Starting executor with user classpath (userClassPathFirst = false): ''
25/05/26 14:23:34 INFO Executor: Created or updated repl class loader org.apache.spark.util.MutableURLClassLoader@49724b57 for default.
25/05/26 14:23:34 INFO Utils: Successfully started service 'org.apache.spark.network.netty.NettyBlockTransferService' on port 34199.
25/05/26 14:23:34 INFO NettyBlockTransferService: Server created on fedora-notebook:34199
25/05/26 14:23:34 INFO BlockManager: Using org.apache.spark.storage.RandomBlockReplicationPolicy for block replication policy
25/05/26 14:23:34 INFO BlockManagerMaster: Registering BlockManager BlockManagerId(driver, fedora-notebook, 34199, None)
25/05/26 14:23:34 INFO BlockManagerMasterEndpoint: Registering block manager fedora-notebook:34199 with 434.4 MiB RAM, BlockManagerId(driver, fedora-notebook, 34199, None)
25/05/26 14:23:34 INFO BlockManagerMaster: Registered BlockManager BlockManagerId(driver, fedora-notebook, 34199, None)
25/05/26 14:23:34 INFO BlockManager: Initialized BlockManager: BlockManagerId(driver, fedora-notebook, 34199, None)
25/05/26 14:23:35 INFO MemoryStore: Block broadcast_0 stored as values in memory (estimated size 222.2 KiB, free 434.2 MiB)
25/05/26 14:23:35 INFO MemoryStore: Block broadcast_0_piece0 stored as bytes in memory (estimated size 33.3 KiB, free 434.2 MiB)
25/05/26 14:23:35 INFO BlockManagerInfo: Added broadcast_0_piece0 in memory on fedora-notebook:34199 (size: 33.3 KiB, free: 434.4 MiB)
25/05/26 14:23:35 INFO SparkContext: Created broadcast 0 from textFile at NativeMethodAccessorImpl.java:0
25/05/26 14:23:35 INFO SparkContext: Invoking stop() from shutdown hook
25/05/26 14:23:35 INFO SparkContext: SparkContext is stopping with exitCode 0.
25/05/26 14:23:35 INFO SparkUI: Stopped Spark web UI at http://fedora-notebook:4040
25/05/26 14:23:35 INFO MapOutputTrackerMasterEndpoint: MapOutputTrackerMasterEndpoint stopped!
25/05/26 14:23:35 INFO MemoryStore: MemoryStore cleared
25/05/26 14:23:35 INFO BlockManager: BlockManager stopped
25/05/26 14:23:35 INFO BlockManagerMaster: BlockManagerMaster stopped
25/05/26 14:23:35 INFO OutputCommitCoordinator$OutputCommitCoordinatorEndpoint: OutputCommitCoordinator stopped!
25/05/26 14:23:35 INFO SparkContext: Successfully stopped SparkContext
25/05/26 14:23:35 INFO ShutdownHookManager: Shutdown hook called
25/05/26 14:23:35 INFO ShutdownHookManager: Deleting directory /tmp/spark-ef3e3f44-6268-4b08-a692-bac9acc56202/pyspark-5a266c63-2310-4693-9c86-92f89c5d2752
25/05/26 14:23:35 INFO ShutdownHookManager: Deleting directory /tmp/spark-f4391a10-5577-4032-a3e8-2ae7859c9a3a
25/05/26 14:23:35 INFO ShutdownHookManager: Deleting directory /tmp/spark-ef3e3f44-6268-4b08-a692-bac9acc56202
