25/05/25 08:25:52 INFO SparkContext: Running Spark version 3.5.5
25/05/25 08:25:52 INFO SparkContext: OS info Linux, 6.14.6-300.fc42.x86_64, amd64
25/05/25 08:25:52 INFO SparkContext: Java version 11.0.26
25/05/25 08:25:52 WARN NativeCodeLoader: Unable to load native-hadoop library for your platform... using builtin-java classes where applicable
25/05/25 08:25:52 INFO ResourceUtils: ==============================================================
25/05/25 08:25:52 INFO ResourceUtils: No custom resources configured for spark.driver.
25/05/25 08:25:52 INFO ResourceUtils: ==============================================================
25/05/25 08:25:52 INFO SparkContext: Submitted application: task 1
25/05/25 08:25:52 INFO ResourceProfile: Default ResourceProfile created, executor resources: Map(cores -> name: cores, amount: 1, script: , vendor: , memory -> name: memory, amount: 1024, script: , vendor: , offHeap -> name: offHeap, amount: 0, script: , vendor: ), task resources: Map(cpus -> name: cpus, amount: 1.0)
25/05/25 08:25:52 INFO ResourceProfile: Limiting resource is cpu
25/05/25 08:25:52 INFO ResourceProfileManager: Added ResourceProfile id: 0
25/05/25 08:25:52 INFO SecurityManager: Changing view acls to: giovanni
25/05/25 08:25:52 INFO SecurityManager: Changing modify acls to: giovanni
25/05/25 08:25:52 INFO SecurityManager: Changing view acls groups to: 
25/05/25 08:25:52 INFO SecurityManager: Changing modify acls groups to: 
25/05/25 08:25:52 INFO SecurityManager: SecurityManager: authentication disabled; ui acls disabled; users with view permissions: giovanni; groups with view permissions: EMPTY; users with modify permissions: giovanni; groups with modify permissions: EMPTY
25/05/25 08:25:52 INFO Utils: Successfully started service 'sparkDriver' on port 40547.
25/05/25 08:25:52 INFO SparkEnv: Registering MapOutputTracker
25/05/25 08:25:52 INFO SparkEnv: Registering BlockManagerMaster
25/05/25 08:25:52 INFO BlockManagerMasterEndpoint: Using org.apache.spark.storage.DefaultTopologyMapper for getting topology information
25/05/25 08:25:52 INFO BlockManagerMasterEndpoint: BlockManagerMasterEndpoint up
25/05/25 08:25:52 INFO SparkEnv: Registering BlockManagerMasterHeartbeat
25/05/25 08:25:52 INFO DiskBlockManager: Created local directory at /tmp/blockmgr-99ddb8c7-615c-42fa-b0b5-74332d452d4b
25/05/25 08:25:52 INFO MemoryStore: MemoryStore started with capacity 434.4 MiB
25/05/25 08:25:52 INFO SparkEnv: Registering OutputCommitCoordinator
25/05/25 08:25:52 INFO JettyUtils: Start Jetty 0.0.0.0:4040 for SparkUI
25/05/25 08:25:52 INFO Utils: Successfully started service 'SparkUI' on port 4040.
25/05/25 08:25:52 INFO Executor: Starting executor ID driver on host desktop-fedora
25/05/25 08:25:52 INFO Executor: OS info Linux, 6.14.6-300.fc42.x86_64, amd64
25/05/25 08:25:52 INFO Executor: Java version 11.0.26
25/05/25 08:25:52 INFO Executor: Starting executor with user classpath (userClassPathFirst = false): ''
25/05/25 08:25:52 INFO Executor: Created or updated repl class loader org.apache.spark.util.MutableURLClassLoader@2a25b840 for default.
25/05/25 08:25:52 INFO Utils: Successfully started service 'org.apache.spark.network.netty.NettyBlockTransferService' on port 44443.
25/05/25 08:25:52 INFO NettyBlockTransferService: Server created on desktop-fedora:44443
25/05/25 08:25:52 INFO BlockManager: Using org.apache.spark.storage.RandomBlockReplicationPolicy for block replication policy
25/05/25 08:25:52 INFO BlockManagerMaster: Registering BlockManager BlockManagerId(driver, desktop-fedora, 44443, None)
25/05/25 08:25:52 INFO BlockManagerMasterEndpoint: Registering block manager desktop-fedora:44443 with 434.4 MiB RAM, BlockManagerId(driver, desktop-fedora, 44443, None)
25/05/25 08:25:52 INFO BlockManagerMaster: Registered BlockManager BlockManagerId(driver, desktop-fedora, 44443, None)
25/05/25 08:25:52 INFO BlockManager: Initialized BlockManager: BlockManagerId(driver, desktop-fedora, 44443, None)
25/05/25 08:25:53 INFO MemoryStore: Block broadcast_0 stored as values in memory (estimated size 222.2 KiB, free 434.2 MiB)
25/05/25 08:25:53 INFO MemoryStore: Block broadcast_0_piece0 stored as bytes in memory (estimated size 33.2 KiB, free 434.2 MiB)
25/05/25 08:25:53 INFO BlockManagerInfo: Added broadcast_0_piece0 in memory on desktop-fedora:44443 (size: 33.2 KiB, free: 434.4 MiB)
25/05/25 08:25:53 INFO SparkContext: Created broadcast 0 from textFile at NativeMethodAccessorImpl.java:0
25/05/25 08:25:53 INFO FileInputFormat: Total input files to process : 1
25/05/25 08:25:53 INFO deprecation: mapred.output.dir is deprecated. Instead, use mapreduce.output.fileoutputformat.outputdir
25/05/25 08:25:53 INFO HadoopMapRedCommitProtocol: Using output committer class org.apache.hadoop.mapred.FileOutputCommitter
25/05/25 08:25:53 INFO FileOutputCommitter: File Output Committer Algorithm version is 1
25/05/25 08:25:53 INFO FileOutputCommitter: FileOutputCommitter skip cleanup _temporary folders under output directory:false, ignore cleanup failures: false
25/05/25 08:25:53 INFO SparkContext: Starting job: runJob at SparkHadoopWriter.scala:83
25/05/25 08:25:53 INFO DAGScheduler: Registering RDD 3 (reduceByKey at /home/giovanni/Projects/big-data/progetto/task_1/spark-core/spark-job.py:55) as input to shuffle 0
25/05/25 08:25:53 INFO DAGScheduler: Got job 0 (runJob at SparkHadoopWriter.scala:83) with 11 output partitions
25/05/25 08:25:53 INFO DAGScheduler: Final stage: ResultStage 1 (runJob at SparkHadoopWriter.scala:83)
25/05/25 08:25:53 INFO DAGScheduler: Parents of final stage: List(ShuffleMapStage 0)
25/05/25 08:25:53 INFO DAGScheduler: Missing parents: List(ShuffleMapStage 0)
25/05/25 08:25:53 INFO DAGScheduler: Submitting ShuffleMapStage 0 (PairwiseRDD[3] at reduceByKey at /home/giovanni/Projects/big-data/progetto/task_1/spark-core/spark-job.py:55), which has no missing parents
25/05/25 08:25:53 INFO MemoryStore: Block broadcast_1 stored as values in memory (estimated size 15.1 KiB, free 434.1 MiB)
25/05/25 08:25:53 INFO MemoryStore: Block broadcast_1_piece0 stored as bytes in memory (estimated size 9.2 KiB, free 434.1 MiB)
25/05/25 08:25:53 INFO BlockManagerInfo: Added broadcast_1_piece0 in memory on desktop-fedora:44443 (size: 9.2 KiB, free: 434.4 MiB)
25/05/25 08:25:53 INFO SparkContext: Created broadcast 1 from broadcast at DAGScheduler.scala:1585
25/05/25 08:25:53 INFO DAGScheduler: Submitting 11 missing tasks from ShuffleMapStage 0 (PairwiseRDD[3] at reduceByKey at /home/giovanni/Projects/big-data/progetto/task_1/spark-core/spark-job.py:55) (first 15 tasks are for partitions Vector(0, 1, 2, 3, 4, 5, 6, 7, 8, 9, 10))
25/05/25 08:25:53 INFO TaskSchedulerImpl: Adding task set 0.0 with 11 tasks resource profile 0
25/05/25 08:25:53 INFO TaskSetManager: Starting task 0.0 in stage 0.0 (TID 0) (desktop-fedora, executor driver, partition 0, NODE_LOCAL, 9089 bytes) 
25/05/25 08:25:53 INFO TaskSetManager: Starting task 1.0 in stage 0.0 (TID 1) (desktop-fedora, executor driver, partition 1, NODE_LOCAL, 9089 bytes) 
25/05/25 08:25:53 INFO TaskSetManager: Starting task 2.0 in stage 0.0 (TID 2) (desktop-fedora, executor driver, partition 2, NODE_LOCAL, 9089 bytes) 
25/05/25 08:25:53 INFO TaskSetManager: Starting task 3.0 in stage 0.0 (TID 3) (desktop-fedora, executor driver, partition 3, NODE_LOCAL, 9089 bytes) 
25/05/25 08:25:53 INFO TaskSetManager: Starting task 4.0 in stage 0.0 (TID 4) (desktop-fedora, executor driver, partition 4, NODE_LOCAL, 9089 bytes) 
25/05/25 08:25:53 INFO TaskSetManager: Starting task 5.0 in stage 0.0 (TID 5) (desktop-fedora, executor driver, partition 5, NODE_LOCAL, 9089 bytes) 
25/05/25 08:25:53 INFO TaskSetManager: Starting task 6.0 in stage 0.0 (TID 6) (desktop-fedora, executor driver, partition 6, NODE_LOCAL, 9089 bytes) 
25/05/25 08:25:53 INFO TaskSetManager: Starting task 7.0 in stage 0.0 (TID 7) (desktop-fedora, executor driver, partition 7, NODE_LOCAL, 9089 bytes) 
25/05/25 08:25:53 INFO Executor: Running task 2.0 in stage 0.0 (TID 2)
25/05/25 08:25:53 INFO Executor: Running task 0.0 in stage 0.0 (TID 0)
25/05/25 08:25:53 INFO Executor: Running task 3.0 in stage 0.0 (TID 3)
25/05/25 08:25:53 INFO Executor: Running task 4.0 in stage 0.0 (TID 4)
25/05/25 08:25:53 INFO Executor: Running task 5.0 in stage 0.0 (TID 5)
25/05/25 08:25:53 INFO Executor: Running task 6.0 in stage 0.0 (TID 6)
25/05/25 08:25:53 INFO Executor: Running task 7.0 in stage 0.0 (TID 7)
25/05/25 08:25:53 INFO Executor: Running task 1.0 in stage 0.0 (TID 1)
25/05/25 08:25:53 INFO HadoopRDD: Input split: hdfs://localhost:9000/user/giovanni/input/cleaned_pruned_used_cars_data_20percent.csv:0+134217728
25/05/25 08:25:53 INFO HadoopRDD: Input split: hdfs://localhost:9000/user/giovanni/input/cleaned_pruned_used_cars_data_20percent.csv:536870912+134217728
25/05/25 08:25:53 INFO HadoopRDD: Input split: hdfs://localhost:9000/user/giovanni/input/cleaned_pruned_used_cars_data_20percent.csv:268435456+134217728
25/05/25 08:25:53 INFO HadoopRDD: Input split: hdfs://localhost:9000/user/giovanni/input/cleaned_pruned_used_cars_data_20percent.csv:939524096+134217728
25/05/25 08:25:53 INFO HadoopRDD: Input split: hdfs://localhost:9000/user/giovanni/input/cleaned_pruned_used_cars_data_20percent.csv:805306368+134217728
25/05/25 08:25:53 INFO HadoopRDD: Input split: hdfs://localhost:9000/user/giovanni/input/cleaned_pruned_used_cars_data_20percent.csv:134217728+134217728
25/05/25 08:25:53 INFO HadoopRDD: Input split: hdfs://localhost:9000/user/giovanni/input/cleaned_pruned_used_cars_data_20percent.csv:402653184+134217728
25/05/25 08:25:53 INFO HadoopRDD: Input split: hdfs://localhost:9000/user/giovanni/input/cleaned_pruned_used_cars_data_20percent.csv:671088640+134217728
25/05/25 08:25:54 INFO PythonRunner: Times: total = 893, boot = 289, init = 42, finish = 562
25/05/25 08:25:54 INFO PythonRunner: Times: total = 996, boot = 294, init = 43, finish = 659
25/05/25 08:25:54 INFO Executor: Finished task 6.0 in stage 0.0 (TID 6). 1678 bytes result sent to driver
25/05/25 08:25:54 INFO Executor: Finished task 4.0 in stage 0.0 (TID 4). 1678 bytes result sent to driver
25/05/25 08:25:54 INFO TaskSetManager: Starting task 8.0 in stage 0.0 (TID 8) (desktop-fedora, executor driver, partition 8, NODE_LOCAL, 9089 bytes) 
25/05/25 08:25:54 INFO Executor: Running task 8.0 in stage 0.0 (TID 8)
25/05/25 08:25:54 INFO TaskSetManager: Starting task 9.0 in stage 0.0 (TID 9) (desktop-fedora, executor driver, partition 9, NODE_LOCAL, 9089 bytes) 
25/05/25 08:25:54 INFO Executor: Running task 9.0 in stage 0.0 (TID 9)
25/05/25 08:25:54 INFO HadoopRDD: Input split: hdfs://localhost:9000/user/giovanni/input/cleaned_pruned_used_cars_data_20percent.csv:1207959552+134217728
25/05/25 08:25:54 INFO HadoopRDD: Input split: hdfs://localhost:9000/user/giovanni/input/cleaned_pruned_used_cars_data_20percent.csv:1073741824+134217728
25/05/25 08:25:54 INFO TaskSetManager: Finished task 4.0 in stage 0.0 (TID 4) in 1228 ms on desktop-fedora (executor driver) (1/11)
25/05/25 08:25:54 INFO TaskSetManager: Finished task 6.0 in stage 0.0 (TID 6) in 1234 ms on desktop-fedora (executor driver) (2/11)
25/05/25 08:25:54 INFO PythonAccumulatorV2: Connected to AccumulatorServer at host: 127.0.0.1 port: 59631
25/05/25 08:25:54 INFO PythonRunner: Times: total = 1071, boot = 315, init = 39, finish = 717
25/05/25 08:25:54 INFO PythonRunner: Times: total = 912, boot = 286, init = 42, finish = 584
25/05/25 08:25:54 INFO PythonRunner: Times: total = 861, boot = 283, init = 43, finish = 535
25/05/25 08:25:54 INFO Executor: Finished task 0.0 in stage 0.0 (TID 0). 1635 bytes result sent to driver
25/05/25 08:25:54 INFO PythonRunner: Times: total = 912, boot = 280, init = 35, finish = 597
25/05/25 08:25:54 INFO Executor: Finished task 3.0 in stage 0.0 (TID 3). 1635 bytes result sent to driver
25/05/25 08:25:54 INFO TaskSetManager: Starting task 10.0 in stage 0.0 (TID 10) (desktop-fedora, executor driver, partition 10, NODE_LOCAL, 9089 bytes) 
25/05/25 08:25:54 INFO PythonRunner: Times: total = 990, boot = 292, init = 42, finish = 656
25/05/25 08:25:54 INFO Executor: Finished task 1.0 in stage 0.0 (TID 1). 1635 bytes result sent to driver
25/05/25 08:25:54 INFO Executor: Running task 10.0 in stage 0.0 (TID 10)
25/05/25 08:25:54 INFO TaskSetManager: Finished task 0.0 in stage 0.0 (TID 0) in 1263 ms on desktop-fedora (executor driver) (3/11)
25/05/25 08:25:54 INFO PythonRunner: Times: total = 880, boot = 281, init = 48, finish = 551
25/05/25 08:25:54 INFO Executor: Finished task 5.0 in stage 0.0 (TID 5). 1635 bytes result sent to driver
25/05/25 08:25:54 INFO Executor: Finished task 2.0 in stage 0.0 (TID 2). 1635 bytes result sent to driver
25/05/25 08:25:54 INFO HadoopRDD: Input split: hdfs://localhost:9000/user/giovanni/input/cleaned_pruned_used_cars_data_20percent.csv:1342177280+94355976
25/05/25 08:25:54 INFO TaskSetManager: Finished task 3.0 in stage 0.0 (TID 3) in 1254 ms on desktop-fedora (executor driver) (4/11)
25/05/25 08:25:54 INFO TaskSetManager: Finished task 1.0 in stage 0.0 (TID 1) in 1256 ms on desktop-fedora (executor driver) (5/11)
25/05/25 08:25:54 INFO TaskSetManager: Finished task 5.0 in stage 0.0 (TID 5) in 1254 ms on desktop-fedora (executor driver) (6/11)
25/05/25 08:25:54 INFO TaskSetManager: Finished task 2.0 in stage 0.0 (TID 2) in 1256 ms on desktop-fedora (executor driver) (7/11)
25/05/25 08:25:54 INFO Executor: Finished task 7.0 in stage 0.0 (TID 7). 1635 bytes result sent to driver
25/05/25 08:25:54 INFO TaskSetManager: Finished task 7.0 in stage 0.0 (TID 7) in 1256 ms on desktop-fedora (executor driver) (8/11)
25/05/25 08:25:55 INFO PythonRunner: Times: total = 228, boot = -106, init = 109, finish = 225
25/05/25 08:25:55 INFO Executor: Finished task 10.0 in stage 0.0 (TID 10). 1635 bytes result sent to driver
25/05/25 08:25:55 INFO TaskSetManager: Finished task 10.0 in stage 0.0 (TID 10) in 272 ms on desktop-fedora (executor driver) (9/11)
25/05/25 08:25:55 INFO PythonRunner: Times: total = 284, boot = -118, init = 121, finish = 281
25/05/25 08:25:55 INFO Executor: Finished task 8.0 in stage 0.0 (TID 8). 1635 bytes result sent to driver
25/05/25 08:25:55 INFO TaskSetManager: Finished task 8.0 in stage 0.0 (TID 8) in 313 ms on desktop-fedora (executor driver) (10/11)
25/05/25 08:25:55 INFO PythonRunner: Times: total = 289, boot = -212, init = 215, finish = 286
25/05/25 08:25:55 INFO Executor: Finished task 9.0 in stage 0.0 (TID 9). 1635 bytes result sent to driver
25/05/25 08:25:55 INFO TaskSetManager: Finished task 9.0 in stage 0.0 (TID 9) in 326 ms on desktop-fedora (executor driver) (11/11)
25/05/25 08:25:55 INFO TaskSchedulerImpl: Removed TaskSet 0.0, whose tasks have all completed, from pool 
25/05/25 08:25:55 INFO DAGScheduler: ShuffleMapStage 0 (reduceByKey at /home/giovanni/Projects/big-data/progetto/task_1/spark-core/spark-job.py:55) finished in 1.629 s
25/05/25 08:25:55 INFO DAGScheduler: looking for newly runnable stages
25/05/25 08:25:55 INFO DAGScheduler: running: Set()
25/05/25 08:25:55 INFO DAGScheduler: waiting: Set(ResultStage 1)
25/05/25 08:25:55 INFO DAGScheduler: failed: Set()
25/05/25 08:25:55 INFO DAGScheduler: Submitting ResultStage 1 (MapPartitionsRDD[8] at saveAsTextFile at NativeMethodAccessorImpl.java:0), which has no missing parents
25/05/25 08:25:55 INFO MemoryStore: Block broadcast_2 stored as values in memory (estimated size 111.3 KiB, free 434.0 MiB)
25/05/25 08:25:55 INFO MemoryStore: Block broadcast_2_piece0 stored as bytes in memory (estimated size 42.9 KiB, free 434.0 MiB)
25/05/25 08:25:55 INFO BlockManagerInfo: Added broadcast_2_piece0 in memory on desktop-fedora:44443 (size: 42.9 KiB, free: 434.3 MiB)
25/05/25 08:25:55 INFO SparkContext: Created broadcast 2 from broadcast at DAGScheduler.scala:1585
25/05/25 08:25:55 INFO DAGScheduler: Submitting 11 missing tasks from ResultStage 1 (MapPartitionsRDD[8] at saveAsTextFile at NativeMethodAccessorImpl.java:0) (first 15 tasks are for partitions Vector(0, 1, 2, 3, 4, 5, 6, 7, 8, 9, 10))
25/05/25 08:25:55 INFO TaskSchedulerImpl: Adding task set 1.0 with 11 tasks resource profile 0
25/05/25 08:25:55 INFO TaskSetManager: Starting task 0.0 in stage 1.0 (TID 11) (desktop-fedora, executor driver, partition 0, NODE_LOCAL, 8817 bytes) 
25/05/25 08:25:55 INFO TaskSetManager: Starting task 1.0 in stage 1.0 (TID 12) (desktop-fedora, executor driver, partition 1, NODE_LOCAL, 8817 bytes) 
25/05/25 08:25:55 INFO TaskSetManager: Starting task 2.0 in stage 1.0 (TID 13) (desktop-fedora, executor driver, partition 2, NODE_LOCAL, 8817 bytes) 
25/05/25 08:25:55 INFO TaskSetManager: Starting task 3.0 in stage 1.0 (TID 14) (desktop-fedora, executor driver, partition 3, NODE_LOCAL, 8817 bytes) 
25/05/25 08:25:55 INFO TaskSetManager: Starting task 4.0 in stage 1.0 (TID 15) (desktop-fedora, executor driver, partition 4, NODE_LOCAL, 8817 bytes) 
25/05/25 08:25:55 INFO TaskSetManager: Starting task 5.0 in stage 1.0 (TID 16) (desktop-fedora, executor driver, partition 5, NODE_LOCAL, 8817 bytes) 
25/05/25 08:25:55 INFO TaskSetManager: Starting task 6.0 in stage 1.0 (TID 17) (desktop-fedora, executor driver, partition 6, NODE_LOCAL, 8817 bytes) 
25/05/25 08:25:55 INFO TaskSetManager: Starting task 7.0 in stage 1.0 (TID 18) (desktop-fedora, executor driver, partition 7, NODE_LOCAL, 8817 bytes) 
25/05/25 08:25:55 INFO Executor: Running task 1.0 in stage 1.0 (TID 12)
25/05/25 08:25:55 INFO Executor: Running task 5.0 in stage 1.0 (TID 16)
25/05/25 08:25:55 INFO Executor: Running task 0.0 in stage 1.0 (TID 11)
25/05/25 08:25:55 INFO Executor: Running task 2.0 in stage 1.0 (TID 13)
25/05/25 08:25:55 INFO Executor: Running task 7.0 in stage 1.0 (TID 18)
25/05/25 08:25:55 INFO Executor: Running task 4.0 in stage 1.0 (TID 15)
25/05/25 08:25:55 INFO Executor: Running task 3.0 in stage 1.0 (TID 14)
25/05/25 08:25:55 INFO Executor: Running task 6.0 in stage 1.0 (TID 17)
25/05/25 08:25:55 INFO ShuffleBlockFetcherIterator: Getting 11 (24.6 KiB) non-empty blocks including 11 (24.6 KiB) local and 0 (0.0 B) host-local and 0 (0.0 B) push-merged-local and 0 (0.0 B) remote blocks
25/05/25 08:25:55 INFO ShuffleBlockFetcherIterator: Getting 11 (20.9 KiB) non-empty blocks including 11 (20.9 KiB) local and 0 (0.0 B) host-local and 0 (0.0 B) push-merged-local and 0 (0.0 B) remote blocks
25/05/25 08:25:55 INFO ShuffleBlockFetcherIterator: Getting 11 (26.2 KiB) non-empty blocks including 11 (26.2 KiB) local and 0 (0.0 B) host-local and 0 (0.0 B) push-merged-local and 0 (0.0 B) remote blocks
25/05/25 08:25:55 INFO ShuffleBlockFetcherIterator: Getting 11 (28.3 KiB) non-empty blocks including 11 (28.3 KiB) local and 0 (0.0 B) host-local and 0 (0.0 B) push-merged-local and 0 (0.0 B) remote blocks
25/05/25 08:25:55 INFO ShuffleBlockFetcherIterator: Getting 11 (25.3 KiB) non-empty blocks including 11 (25.3 KiB) local and 0 (0.0 B) host-local and 0 (0.0 B) push-merged-local and 0 (0.0 B) remote blocks
25/05/25 08:25:55 INFO ShuffleBlockFetcherIterator: Getting 11 (27.3 KiB) non-empty blocks including 11 (27.3 KiB) local and 0 (0.0 B) host-local and 0 (0.0 B) push-merged-local and 0 (0.0 B) remote blocks
25/05/25 08:25:55 INFO ShuffleBlockFetcherIterator: Getting 11 (28.1 KiB) non-empty blocks including 11 (28.1 KiB) local and 0 (0.0 B) host-local and 0 (0.0 B) push-merged-local and 0 (0.0 B) remote blocks
25/05/25 08:25:55 INFO ShuffleBlockFetcherIterator: Getting 11 (26.0 KiB) non-empty blocks including 11 (26.0 KiB) local and 0 (0.0 B) host-local and 0 (0.0 B) push-merged-local and 0 (0.0 B) remote blocks
25/05/25 08:25:55 INFO ShuffleBlockFetcherIterator: Started 0 remote fetches in 6 ms
25/05/25 08:25:55 INFO ShuffleBlockFetcherIterator: Started 0 remote fetches in 6 ms
25/05/25 08:25:55 INFO ShuffleBlockFetcherIterator: Started 0 remote fetches in 6 ms
25/05/25 08:25:55 INFO ShuffleBlockFetcherIterator: Started 0 remote fetches in 6 ms
25/05/25 08:25:55 INFO ShuffleBlockFetcherIterator: Started 0 remote fetches in 6 ms
25/05/25 08:25:55 INFO ShuffleBlockFetcherIterator: Started 0 remote fetches in 6 ms
25/05/25 08:25:55 INFO ShuffleBlockFetcherIterator: Started 0 remote fetches in 6 ms
25/05/25 08:25:55 INFO ShuffleBlockFetcherIterator: Started 0 remote fetches in 6 ms
25/05/25 08:25:55 INFO HadoopMapRedCommitProtocol: Using output committer class org.apache.hadoop.mapred.FileOutputCommitter
25/05/25 08:25:55 INFO HadoopMapRedCommitProtocol: Using output committer class org.apache.hadoop.mapred.FileOutputCommitter
25/05/25 08:25:55 INFO HadoopMapRedCommitProtocol: Using output committer class org.apache.hadoop.mapred.FileOutputCommitter
25/05/25 08:25:55 INFO HadoopMapRedCommitProtocol: Using output committer class org.apache.hadoop.mapred.FileOutputCommitter
25/05/25 08:25:55 INFO HadoopMapRedCommitProtocol: Using output committer class org.apache.hadoop.mapred.FileOutputCommitter
25/05/25 08:25:55 INFO HadoopMapRedCommitProtocol: Using output committer class org.apache.hadoop.mapred.FileOutputCommitter
25/05/25 08:25:55 INFO HadoopMapRedCommitProtocol: Using output committer class org.apache.hadoop.mapred.FileOutputCommitter
25/05/25 08:25:55 INFO HadoopMapRedCommitProtocol: Using output committer class org.apache.hadoop.mapred.FileOutputCommitter
25/05/25 08:25:55 INFO FileOutputCommitter: File Output Committer Algorithm version is 1
25/05/25 08:25:55 INFO FileOutputCommitter: File Output Committer Algorithm version is 1
25/05/25 08:25:55 INFO FileOutputCommitter: FileOutputCommitter skip cleanup _temporary folders under output directory:false, ignore cleanup failures: false
25/05/25 08:25:55 INFO FileOutputCommitter: File Output Committer Algorithm version is 1
25/05/25 08:25:55 INFO FileOutputCommitter: File Output Committer Algorithm version is 1
25/05/25 08:25:55 INFO FileOutputCommitter: FileOutputCommitter skip cleanup _temporary folders under output directory:false, ignore cleanup failures: false
25/05/25 08:25:55 INFO FileOutputCommitter: File Output Committer Algorithm version is 1
25/05/25 08:25:55 INFO FileOutputCommitter: File Output Committer Algorithm version is 1
25/05/25 08:25:55 INFO FileOutputCommitter: File Output Committer Algorithm version is 1
25/05/25 08:25:55 INFO FileOutputCommitter: FileOutputCommitter skip cleanup _temporary folders under output directory:false, ignore cleanup failures: false
25/05/25 08:25:55 INFO FileOutputCommitter: FileOutputCommitter skip cleanup _temporary folders under output directory:false, ignore cleanup failures: false
25/05/25 08:25:55 INFO FileOutputCommitter: File Output Committer Algorithm version is 1
25/05/25 08:25:55 INFO FileOutputCommitter: FileOutputCommitter skip cleanup _temporary folders under output directory:false, ignore cleanup failures: false
25/05/25 08:25:55 INFO FileOutputCommitter: FileOutputCommitter skip cleanup _temporary folders under output directory:false, ignore cleanup failures: false
25/05/25 08:25:55 INFO FileOutputCommitter: FileOutputCommitter skip cleanup _temporary folders under output directory:false, ignore cleanup failures: false
25/05/25 08:25:55 INFO FileOutputCommitter: FileOutputCommitter skip cleanup _temporary folders under output directory:false, ignore cleanup failures: false
25/05/25 08:25:55 INFO PythonRunner: Times: total = 43, boot = -637, init = 679, finish = 1
25/05/25 08:25:55 INFO PythonRunner: Times: total = 43, boot = -656, init = 698, finish = 1
25/05/25 08:25:55 INFO PythonRunner: Times: total = 42, boot = -128, init = 169, finish = 1
25/05/25 08:25:55 INFO PythonRunner: Times: total = 43, boot = -614, init = 655, finish = 2
25/05/25 08:25:55 INFO PythonRunner: Times: total = 43, boot = -154, init = 196, finish = 1
25/05/25 08:25:55 INFO PythonRunner: Times: total = 44, boot = -542, init = 584, finish = 2
25/05/25 08:25:55 INFO PythonRunner: Times: total = 43, boot = -612, init = 653, finish = 2
25/05/25 08:25:55 INFO PythonRunner: Times: total = 44, boot = -123, init = 165, finish = 2
25/05/25 08:25:55 INFO FileOutputCommitter: Saved output of task 'attempt_202505250825533714671756635129936_0008_m_000000_0' to hdfs://localhost:9000/user/giovanni/output/spark_cleaned_pruned_used_cars_data_20percent_result/_temporary/0/task_202505250825533714671756635129936_0008_m_000000
25/05/25 08:25:55 INFO FileOutputCommitter: Saved output of task 'attempt_202505250825533714671756635129936_0008_m_000007_0' to hdfs://localhost:9000/user/giovanni/output/spark_cleaned_pruned_used_cars_data_20percent_result/_temporary/0/task_202505250825533714671756635129936_0008_m_000007
25/05/25 08:25:55 INFO FileOutputCommitter: Saved output of task 'attempt_202505250825533714671756635129936_0008_m_000006_0' to hdfs://localhost:9000/user/giovanni/output/spark_cleaned_pruned_used_cars_data_20percent_result/_temporary/0/task_202505250825533714671756635129936_0008_m_000006
25/05/25 08:25:55 INFO FileOutputCommitter: Saved output of task 'attempt_202505250825533714671756635129936_0008_m_000004_0' to hdfs://localhost:9000/user/giovanni/output/spark_cleaned_pruned_used_cars_data_20percent_result/_temporary/0/task_202505250825533714671756635129936_0008_m_000004
25/05/25 08:25:55 INFO SparkHadoopMapRedUtil: attempt_202505250825533714671756635129936_0008_m_000000_0: Committed. Elapsed time: 5 ms.
25/05/25 08:25:55 INFO SparkHadoopMapRedUtil: attempt_202505250825533714671756635129936_0008_m_000004_0: Committed. Elapsed time: 5 ms.
25/05/25 08:25:55 INFO SparkHadoopMapRedUtil: attempt_202505250825533714671756635129936_0008_m_000007_0: Committed. Elapsed time: 5 ms.
25/05/25 08:25:55 INFO SparkHadoopMapRedUtil: attempt_202505250825533714671756635129936_0008_m_000006_0: Committed. Elapsed time: 5 ms.
25/05/25 08:25:55 INFO Executor: Finished task 4.0 in stage 1.0 (TID 15). 2394 bytes result sent to driver
25/05/25 08:25:55 INFO Executor: Finished task 0.0 in stage 1.0 (TID 11). 2394 bytes result sent to driver
25/05/25 08:25:55 INFO Executor: Finished task 6.0 in stage 1.0 (TID 17). 2394 bytes result sent to driver
25/05/25 08:25:55 INFO Executor: Finished task 7.0 in stage 1.0 (TID 18). 2394 bytes result sent to driver
25/05/25 08:25:55 INFO TaskSetManager: Starting task 8.0 in stage 1.0 (TID 19) (desktop-fedora, executor driver, partition 8, NODE_LOCAL, 8817 bytes) 
25/05/25 08:25:55 INFO Executor: Running task 8.0 in stage 1.0 (TID 19)
25/05/25 08:25:55 INFO TaskSetManager: Starting task 9.0 in stage 1.0 (TID 20) (desktop-fedora, executor driver, partition 9, NODE_LOCAL, 8817 bytes) 
25/05/25 08:25:55 INFO TaskSetManager: Finished task 4.0 in stage 1.0 (TID 15) in 172 ms on desktop-fedora (executor driver) (1/11)
25/05/25 08:25:55 INFO Executor: Running task 9.0 in stage 1.0 (TID 20)
25/05/25 08:25:55 INFO TaskSetManager: Starting task 10.0 in stage 1.0 (TID 21) (desktop-fedora, executor driver, partition 10, NODE_LOCAL, 8817 bytes) 
25/05/25 08:25:55 INFO TaskSetManager: Finished task 0.0 in stage 1.0 (TID 11) in 175 ms on desktop-fedora (executor driver) (2/11)
25/05/25 08:25:55 INFO Executor: Running task 10.0 in stage 1.0 (TID 21)
25/05/25 08:25:55 INFO TaskSetManager: Finished task 6.0 in stage 1.0 (TID 17) in 173 ms on desktop-fedora (executor driver) (3/11)
25/05/25 08:25:55 INFO TaskSetManager: Finished task 7.0 in stage 1.0 (TID 18) in 173 ms on desktop-fedora (executor driver) (4/11)
25/05/25 08:25:55 INFO ShuffleBlockFetcherIterator: Getting 11 (23.0 KiB) non-empty blocks including 11 (23.0 KiB) local and 0 (0.0 B) host-local and 0 (0.0 B) push-merged-local and 0 (0.0 B) remote blocks
25/05/25 08:25:55 INFO ShuffleBlockFetcherIterator: Started 0 remote fetches in 0 ms
25/05/25 08:25:55 INFO HadoopMapRedCommitProtocol: Using output committer class org.apache.hadoop.mapred.FileOutputCommitter
25/05/25 08:25:55 INFO FileOutputCommitter: File Output Committer Algorithm version is 1
25/05/25 08:25:55 INFO FileOutputCommitter: FileOutputCommitter skip cleanup _temporary folders under output directory:false, ignore cleanup failures: false
25/05/25 08:25:55 INFO ShuffleBlockFetcherIterator: Getting 11 (25.7 KiB) non-empty blocks including 11 (25.7 KiB) local and 0 (0.0 B) host-local and 0 (0.0 B) push-merged-local and 0 (0.0 B) remote blocks
25/05/25 08:25:55 INFO ShuffleBlockFetcherIterator: Getting 11 (30.1 KiB) non-empty blocks including 11 (30.1 KiB) local and 0 (0.0 B) host-local and 0 (0.0 B) push-merged-local and 0 (0.0 B) remote blocks
25/05/25 08:25:55 INFO ShuffleBlockFetcherIterator: Started 0 remote fetches in 0 ms
25/05/25 08:25:55 INFO ShuffleBlockFetcherIterator: Started 0 remote fetches in 0 ms
25/05/25 08:25:55 INFO HadoopMapRedCommitProtocol: Using output committer class org.apache.hadoop.mapred.FileOutputCommitter
25/05/25 08:25:55 INFO FileOutputCommitter: File Output Committer Algorithm version is 1
25/05/25 08:25:55 INFO FileOutputCommitter: FileOutputCommitter skip cleanup _temporary folders under output directory:false, ignore cleanup failures: false
25/05/25 08:25:55 INFO HadoopMapRedCommitProtocol: Using output committer class org.apache.hadoop.mapred.FileOutputCommitter
25/05/25 08:25:55 INFO FileOutputCommitter: File Output Committer Algorithm version is 1
25/05/25 08:25:55 INFO FileOutputCommitter: FileOutputCommitter skip cleanup _temporary folders under output directory:false, ignore cleanup failures: false
25/05/25 08:25:55 INFO PythonRunner: Times: total = 44, boot = -47, init = 90, finish = 1
25/05/25 08:25:55 INFO PythonRunner: Times: total = 43, boot = -53, init = 94, finish = 2
25/05/25 08:25:55 INFO PythonRunner: Times: total = 44, boot = -52, init = 94, finish = 2
25/05/25 08:25:55 INFO FileOutputCommitter: Saved output of task 'attempt_202505250825533714671756635129936_0008_m_000010_0' to hdfs://localhost:9000/user/giovanni/output/spark_cleaned_pruned_used_cars_data_20percent_result/_temporary/0/task_202505250825533714671756635129936_0008_m_000010
25/05/25 08:25:55 INFO SparkHadoopMapRedUtil: attempt_202505250825533714671756635129936_0008_m_000010_0: Committed. Elapsed time: 3 ms.
25/05/25 08:25:55 INFO Executor: Finished task 10.0 in stage 1.0 (TID 21). 2394 bytes result sent to driver
25/05/25 08:25:55 INFO TaskSetManager: Finished task 10.0 in stage 1.0 (TID 21) in 74 ms on desktop-fedora (executor driver) (5/11)
25/05/25 08:25:55 INFO FileOutputCommitter: Saved output of task 'attempt_202505250825533714671756635129936_0008_m_000008_0' to hdfs://localhost:9000/user/giovanni/output/spark_cleaned_pruned_used_cars_data_20percent_result/_temporary/0/task_202505250825533714671756635129936_0008_m_000008
25/05/25 08:25:55 INFO SparkHadoopMapRedUtil: attempt_202505250825533714671756635129936_0008_m_000008_0: Committed. Elapsed time: 2 ms.
25/05/25 08:25:55 INFO Executor: Finished task 8.0 in stage 1.0 (TID 19). 2394 bytes result sent to driver
25/05/25 08:25:55 INFO TaskSetManager: Finished task 8.0 in stage 1.0 (TID 19) in 78 ms on desktop-fedora (executor driver) (6/11)
25/05/25 08:25:55 INFO FileOutputCommitter: Saved output of task 'attempt_202505250825533714671756635129936_0008_m_000002_0' to hdfs://localhost:9000/user/giovanni/output/spark_cleaned_pruned_used_cars_data_20percent_result/_temporary/0/task_202505250825533714671756635129936_0008_m_000002
25/05/25 08:25:55 INFO FileOutputCommitter: Saved output of task 'attempt_202505250825533714671756635129936_0008_m_000001_0' to hdfs://localhost:9000/user/giovanni/output/spark_cleaned_pruned_used_cars_data_20percent_result/_temporary/0/task_202505250825533714671756635129936_0008_m_000001
25/05/25 08:25:55 INFO SparkHadoopMapRedUtil: attempt_202505250825533714671756635129936_0008_m_000002_0: Committed. Elapsed time: 2 ms.
25/05/25 08:25:55 INFO SparkHadoopMapRedUtil: attempt_202505250825533714671756635129936_0008_m_000001_0: Committed. Elapsed time: 2 ms.
25/05/25 08:25:55 INFO FileOutputCommitter: Saved output of task 'attempt_202505250825533714671756635129936_0008_m_000003_0' to hdfs://localhost:9000/user/giovanni/output/spark_cleaned_pruned_used_cars_data_20percent_result/_temporary/0/task_202505250825533714671756635129936_0008_m_000003
25/05/25 08:25:55 INFO SparkHadoopMapRedUtil: attempt_202505250825533714671756635129936_0008_m_000003_0: Committed. Elapsed time: 2 ms.
25/05/25 08:25:55 INFO FileOutputCommitter: Saved output of task 'attempt_202505250825533714671756635129936_0008_m_000005_0' to hdfs://localhost:9000/user/giovanni/output/spark_cleaned_pruned_used_cars_data_20percent_result/_temporary/0/task_202505250825533714671756635129936_0008_m_000005
25/05/25 08:25:55 INFO SparkHadoopMapRedUtil: attempt_202505250825533714671756635129936_0008_m_000005_0: Committed. Elapsed time: 3 ms.
25/05/25 08:25:55 INFO Executor: Finished task 2.0 in stage 1.0 (TID 13). 2394 bytes result sent to driver
25/05/25 08:25:55 INFO Executor: Finished task 1.0 in stage 1.0 (TID 12). 2394 bytes result sent to driver
25/05/25 08:25:55 INFO Executor: Finished task 3.0 in stage 1.0 (TID 14). 2394 bytes result sent to driver
25/05/25 08:25:55 INFO Executor: Finished task 5.0 in stage 1.0 (TID 16). 2394 bytes result sent to driver
25/05/25 08:25:55 INFO TaskSetManager: Finished task 2.0 in stage 1.0 (TID 13) in 566 ms on desktop-fedora (executor driver) (7/11)
25/05/25 08:25:55 INFO TaskSetManager: Finished task 1.0 in stage 1.0 (TID 12) in 566 ms on desktop-fedora (executor driver) (8/11)
25/05/25 08:25:55 INFO TaskSetManager: Finished task 3.0 in stage 1.0 (TID 14) in 566 ms on desktop-fedora (executor driver) (9/11)
25/05/25 08:25:55 INFO TaskSetManager: Finished task 5.0 in stage 1.0 (TID 16) in 566 ms on desktop-fedora (executor driver) (10/11)
25/05/25 08:25:55 INFO FileOutputCommitter: Saved output of task 'attempt_202505250825533714671756635129936_0008_m_000009_0' to hdfs://localhost:9000/user/giovanni/output/spark_cleaned_pruned_used_cars_data_20percent_result/_temporary/0/task_202505250825533714671756635129936_0008_m_000009
25/05/25 08:25:55 INFO SparkHadoopMapRedUtil: attempt_202505250825533714671756635129936_0008_m_000009_0: Committed. Elapsed time: 1 ms.
25/05/25 08:25:55 INFO Executor: Finished task 9.0 in stage 1.0 (TID 20). 2394 bytes result sent to driver
25/05/25 08:25:55 INFO TaskSetManager: Finished task 9.0 in stage 1.0 (TID 20) in 479 ms on desktop-fedora (executor driver) (11/11)
25/05/25 08:25:55 INFO TaskSchedulerImpl: Removed TaskSet 1.0, whose tasks have all completed, from pool 
25/05/25 08:25:55 INFO DAGScheduler: ResultStage 1 (runJob at SparkHadoopWriter.scala:83) finished in 0.665 s
25/05/25 08:25:55 INFO DAGScheduler: Job 0 is finished. Cancelling potential speculative or zombie tasks for this job
25/05/25 08:25:55 INFO TaskSchedulerImpl: Killing all running tasks in stage 1: Stage finished
25/05/25 08:25:55 INFO DAGScheduler: Job 0 finished: runJob at SparkHadoopWriter.scala:83, took 2.341256 s
25/05/25 08:25:55 INFO SparkHadoopWriter: Start to commit write Job job_202505250825533714671756635129936_0008.
25/05/25 08:25:55 INFO SparkHadoopWriter: Write Job job_202505250825533714671756635129936_0008 committed. Elapsed time: 24 ms.
25/05/25 08:25:55 INFO SparkContext: Invoking stop() from shutdown hook
25/05/25 08:25:55 INFO SparkContext: SparkContext is stopping with exitCode 0.
25/05/25 08:25:55 INFO SparkUI: Stopped Spark web UI at http://desktop-fedora:4040
25/05/25 08:25:55 INFO MapOutputTrackerMasterEndpoint: MapOutputTrackerMasterEndpoint stopped!
25/05/25 08:25:55 INFO MemoryStore: MemoryStore cleared
25/05/25 08:25:55 INFO BlockManager: BlockManager stopped
25/05/25 08:25:55 INFO BlockManagerMaster: BlockManagerMaster stopped
25/05/25 08:25:55 INFO OutputCommitCoordinator$OutputCommitCoordinatorEndpoint: OutputCommitCoordinator stopped!
25/05/25 08:25:55 INFO SparkContext: Successfully stopped SparkContext
25/05/25 08:25:55 INFO ShutdownHookManager: Shutdown hook called
25/05/25 08:25:55 INFO ShutdownHookManager: Deleting directory /tmp/spark-d46418f4-bfba-4698-adfc-561fbf6fecc0
25/05/25 08:25:55 INFO ShutdownHookManager: Deleting directory /tmp/spark-3668fc99-7941-41f5-b679-26acdf83b6e4/pyspark-d831144b-24e5-469f-8001-d2f154f0b6fd
25/05/25 08:25:55 INFO ShutdownHookManager: Deleting directory /tmp/spark-3668fc99-7941-41f5-b679-26acdf83b6e4
