25/05/25 08:25:40 INFO SparkContext: Running Spark version 3.5.5
25/05/25 08:25:40 INFO SparkContext: OS info Linux, 6.14.6-300.fc42.x86_64, amd64
25/05/25 08:25:40 INFO SparkContext: Java version 11.0.26
25/05/25 08:25:41 WARN NativeCodeLoader: Unable to load native-hadoop library for your platform... using builtin-java classes where applicable
25/05/25 08:25:41 INFO ResourceUtils: ==============================================================
25/05/25 08:25:41 INFO ResourceUtils: No custom resources configured for spark.driver.
25/05/25 08:25:41 INFO ResourceUtils: ==============================================================
25/05/25 08:25:41 INFO SparkContext: Submitted application: task 1
25/05/25 08:25:41 INFO ResourceProfile: Default ResourceProfile created, executor resources: Map(cores -> name: cores, amount: 1, script: , vendor: , memory -> name: memory, amount: 1024, script: , vendor: , offHeap -> name: offHeap, amount: 0, script: , vendor: ), task resources: Map(cpus -> name: cpus, amount: 1.0)
25/05/25 08:25:41 INFO ResourceProfile: Limiting resource is cpu
25/05/25 08:25:41 INFO ResourceProfileManager: Added ResourceProfile id: 0
25/05/25 08:25:41 INFO SecurityManager: Changing view acls to: giovanni
25/05/25 08:25:41 INFO SecurityManager: Changing modify acls to: giovanni
25/05/25 08:25:41 INFO SecurityManager: Changing view acls groups to: 
25/05/25 08:25:41 INFO SecurityManager: Changing modify acls groups to: 
25/05/25 08:25:41 INFO SecurityManager: SecurityManager: authentication disabled; ui acls disabled; users with view permissions: giovanni; groups with view permissions: EMPTY; users with modify permissions: giovanni; groups with modify permissions: EMPTY
25/05/25 08:25:41 INFO Utils: Successfully started service 'sparkDriver' on port 44803.
25/05/25 08:25:41 INFO SparkEnv: Registering MapOutputTracker
25/05/25 08:25:41 INFO SparkEnv: Registering BlockManagerMaster
25/05/25 08:25:41 INFO BlockManagerMasterEndpoint: Using org.apache.spark.storage.DefaultTopologyMapper for getting topology information
25/05/25 08:25:41 INFO BlockManagerMasterEndpoint: BlockManagerMasterEndpoint up
25/05/25 08:25:41 INFO SparkEnv: Registering BlockManagerMasterHeartbeat
25/05/25 08:25:41 INFO DiskBlockManager: Created local directory at /tmp/blockmgr-171207fd-4461-4096-9f59-824def6b6f71
25/05/25 08:25:41 INFO MemoryStore: MemoryStore started with capacity 434.4 MiB
25/05/25 08:25:41 INFO SparkEnv: Registering OutputCommitCoordinator
25/05/25 08:25:41 INFO JettyUtils: Start Jetty 0.0.0.0:4040 for SparkUI
25/05/25 08:25:41 INFO Utils: Successfully started service 'SparkUI' on port 4040.
25/05/25 08:25:41 INFO Executor: Starting executor ID driver on host desktop-fedora
25/05/25 08:25:41 INFO Executor: OS info Linux, 6.14.6-300.fc42.x86_64, amd64
25/05/25 08:25:41 INFO Executor: Java version 11.0.26
25/05/25 08:25:41 INFO Executor: Starting executor with user classpath (userClassPathFirst = false): ''
25/05/25 08:25:41 INFO Executor: Created or updated repl class loader org.apache.spark.util.MutableURLClassLoader@6cd4d030 for default.
25/05/25 08:25:41 INFO Utils: Successfully started service 'org.apache.spark.network.netty.NettyBlockTransferService' on port 36955.
25/05/25 08:25:41 INFO NettyBlockTransferService: Server created on desktop-fedora:36955
25/05/25 08:25:41 INFO BlockManager: Using org.apache.spark.storage.RandomBlockReplicationPolicy for block replication policy
25/05/25 08:25:41 INFO BlockManagerMaster: Registering BlockManager BlockManagerId(driver, desktop-fedora, 36955, None)
25/05/25 08:25:41 INFO BlockManagerMasterEndpoint: Registering block manager desktop-fedora:36955 with 434.4 MiB RAM, BlockManagerId(driver, desktop-fedora, 36955, None)
25/05/25 08:25:41 INFO BlockManagerMaster: Registered BlockManager BlockManagerId(driver, desktop-fedora, 36955, None)
25/05/25 08:25:41 INFO BlockManager: Initialized BlockManager: BlockManagerId(driver, desktop-fedora, 36955, None)
25/05/25 08:25:41 INFO MemoryStore: Block broadcast_0 stored as values in memory (estimated size 222.2 KiB, free 434.2 MiB)
25/05/25 08:25:41 INFO MemoryStore: Block broadcast_0_piece0 stored as bytes in memory (estimated size 33.2 KiB, free 434.2 MiB)
25/05/25 08:25:41 INFO BlockManagerInfo: Added broadcast_0_piece0 in memory on desktop-fedora:36955 (size: 33.2 KiB, free: 434.4 MiB)
25/05/25 08:25:41 INFO SparkContext: Created broadcast 0 from textFile at NativeMethodAccessorImpl.java:0
25/05/25 08:25:42 INFO FileInputFormat: Total input files to process : 1
25/05/25 08:25:42 INFO deprecation: mapred.output.dir is deprecated. Instead, use mapreduce.output.fileoutputformat.outputdir
25/05/25 08:25:42 INFO HadoopMapRedCommitProtocol: Using output committer class org.apache.hadoop.mapred.FileOutputCommitter
25/05/25 08:25:42 INFO FileOutputCommitter: File Output Committer Algorithm version is 1
25/05/25 08:25:42 INFO FileOutputCommitter: FileOutputCommitter skip cleanup _temporary folders under output directory:false, ignore cleanup failures: false
25/05/25 08:25:42 INFO SparkContext: Starting job: runJob at SparkHadoopWriter.scala:83
25/05/25 08:25:42 INFO DAGScheduler: Registering RDD 3 (reduceByKey at /home/giovanni/Projects/big-data/progetto/task_1/spark-core/spark-job.py:55) as input to shuffle 0
25/05/25 08:25:42 INFO DAGScheduler: Got job 0 (runJob at SparkHadoopWriter.scala:83) with 2 output partitions
25/05/25 08:25:42 INFO DAGScheduler: Final stage: ResultStage 1 (runJob at SparkHadoopWriter.scala:83)
25/05/25 08:25:42 INFO DAGScheduler: Parents of final stage: List(ShuffleMapStage 0)
25/05/25 08:25:42 INFO DAGScheduler: Missing parents: List(ShuffleMapStage 0)
25/05/25 08:25:42 INFO DAGScheduler: Submitting ShuffleMapStage 0 (PairwiseRDD[3] at reduceByKey at /home/giovanni/Projects/big-data/progetto/task_1/spark-core/spark-job.py:55), which has no missing parents
25/05/25 08:25:42 INFO MemoryStore: Block broadcast_1 stored as values in memory (estimated size 15.1 KiB, free 434.1 MiB)
25/05/25 08:25:42 INFO MemoryStore: Block broadcast_1_piece0 stored as bytes in memory (estimated size 9.2 KiB, free 434.1 MiB)
25/05/25 08:25:42 INFO BlockManagerInfo: Added broadcast_1_piece0 in memory on desktop-fedora:36955 (size: 9.2 KiB, free: 434.4 MiB)
25/05/25 08:25:42 INFO SparkContext: Created broadcast 1 from broadcast at DAGScheduler.scala:1585
25/05/25 08:25:42 INFO DAGScheduler: Submitting 2 missing tasks from ShuffleMapStage 0 (PairwiseRDD[3] at reduceByKey at /home/giovanni/Projects/big-data/progetto/task_1/spark-core/spark-job.py:55) (first 15 tasks are for partitions Vector(0, 1))
25/05/25 08:25:42 INFO TaskSchedulerImpl: Adding task set 0.0 with 2 tasks resource profile 0
25/05/25 08:25:42 INFO TaskSetManager: Starting task 0.0 in stage 0.0 (TID 0) (desktop-fedora, executor driver, partition 0, NODE_LOCAL, 9088 bytes) 
25/05/25 08:25:42 INFO TaskSetManager: Starting task 1.0 in stage 0.0 (TID 1) (desktop-fedora, executor driver, partition 1, NODE_LOCAL, 9088 bytes) 
25/05/25 08:25:42 INFO Executor: Running task 0.0 in stage 0.0 (TID 0)
25/05/25 08:25:42 INFO Executor: Running task 1.0 in stage 0.0 (TID 1)
25/05/25 08:25:42 INFO HadoopRDD: Input split: hdfs://localhost:9000/user/giovanni/input/cleaned_pruned_used_cars_data_1percent.csv:41065965+41065965
25/05/25 08:25:42 INFO HadoopRDD: Input split: hdfs://localhost:9000/user/giovanni/input/cleaned_pruned_used_cars_data_1percent.csv:0+41065965
25/05/25 08:25:42 INFO PythonRunner: Times: total = 387, boot = 269, init = 35, finish = 83
25/05/25 08:25:42 INFO PythonRunner: Times: total = 428, boot = 303, init = 48, finish = 77
25/05/25 08:25:42 INFO Executor: Finished task 1.0 in stage 0.0 (TID 1). 1669 bytes result sent to driver
25/05/25 08:25:42 INFO Executor: Finished task 0.0 in stage 0.0 (TID 0). 1669 bytes result sent to driver
25/05/25 08:25:42 INFO TaskSetManager: Finished task 0.0 in stage 0.0 (TID 0) in 633 ms on desktop-fedora (executor driver) (1/2)
25/05/25 08:25:42 INFO TaskSetManager: Finished task 1.0 in stage 0.0 (TID 1) in 626 ms on desktop-fedora (executor driver) (2/2)
25/05/25 08:25:42 INFO TaskSchedulerImpl: Removed TaskSet 0.0, whose tasks have all completed, from pool 
25/05/25 08:25:42 INFO PythonAccumulatorV2: Connected to AccumulatorServer at host: 127.0.0.1 port: 54033
25/05/25 08:25:42 INFO DAGScheduler: ShuffleMapStage 0 (reduceByKey at /home/giovanni/Projects/big-data/progetto/task_1/spark-core/spark-job.py:55) finished in 0.707 s
25/05/25 08:25:42 INFO DAGScheduler: looking for newly runnable stages
25/05/25 08:25:42 INFO DAGScheduler: running: Set()
25/05/25 08:25:42 INFO DAGScheduler: waiting: Set(ResultStage 1)
25/05/25 08:25:42 INFO DAGScheduler: failed: Set()
25/05/25 08:25:42 INFO DAGScheduler: Submitting ResultStage 1 (MapPartitionsRDD[8] at saveAsTextFile at NativeMethodAccessorImpl.java:0), which has no missing parents
25/05/25 08:25:42 INFO MemoryStore: Block broadcast_2 stored as values in memory (estimated size 111.3 KiB, free 434.0 MiB)
25/05/25 08:25:42 INFO MemoryStore: Block broadcast_2_piece0 stored as bytes in memory (estimated size 42.9 KiB, free 434.0 MiB)
25/05/25 08:25:42 INFO BlockManagerInfo: Added broadcast_2_piece0 in memory on desktop-fedora:36955 (size: 42.9 KiB, free: 434.3 MiB)
25/05/25 08:25:42 INFO SparkContext: Created broadcast 2 from broadcast at DAGScheduler.scala:1585
25/05/25 08:25:42 INFO DAGScheduler: Submitting 2 missing tasks from ResultStage 1 (MapPartitionsRDD[8] at saveAsTextFile at NativeMethodAccessorImpl.java:0) (first 15 tasks are for partitions Vector(0, 1))
25/05/25 08:25:42 INFO TaskSchedulerImpl: Adding task set 1.0 with 2 tasks resource profile 0
25/05/25 08:25:42 INFO TaskSetManager: Starting task 0.0 in stage 1.0 (TID 2) (desktop-fedora, executor driver, partition 0, NODE_LOCAL, 8817 bytes) 
25/05/25 08:25:42 INFO TaskSetManager: Starting task 1.0 in stage 1.0 (TID 3) (desktop-fedora, executor driver, partition 1, NODE_LOCAL, 8817 bytes) 
25/05/25 08:25:42 INFO Executor: Running task 1.0 in stage 1.0 (TID 3)
25/05/25 08:25:42 INFO Executor: Running task 0.0 in stage 1.0 (TID 2)
25/05/25 08:25:42 INFO ShuffleBlockFetcherIterator: Getting 2 (14.5 KiB) non-empty blocks including 2 (14.5 KiB) local and 0 (0.0 B) host-local and 0 (0.0 B) push-merged-local and 0 (0.0 B) remote blocks
25/05/25 08:25:42 INFO ShuffleBlockFetcherIterator: Getting 2 (16.7 KiB) non-empty blocks including 2 (16.7 KiB) local and 0 (0.0 B) host-local and 0 (0.0 B) push-merged-local and 0 (0.0 B) remote blocks
25/05/25 08:25:42 INFO ShuffleBlockFetcherIterator: Started 0 remote fetches in 6 ms
25/05/25 08:25:42 INFO ShuffleBlockFetcherIterator: Started 0 remote fetches in 6 ms
25/05/25 08:25:42 INFO HadoopMapRedCommitProtocol: Using output committer class org.apache.hadoop.mapred.FileOutputCommitter
25/05/25 08:25:42 INFO HadoopMapRedCommitProtocol: Using output committer class org.apache.hadoop.mapred.FileOutputCommitter
25/05/25 08:25:42 INFO FileOutputCommitter: File Output Committer Algorithm version is 1
25/05/25 08:25:42 INFO FileOutputCommitter: FileOutputCommitter skip cleanup _temporary folders under output directory:false, ignore cleanup failures: false
25/05/25 08:25:42 INFO FileOutputCommitter: File Output Committer Algorithm version is 1
25/05/25 08:25:42 INFO FileOutputCommitter: FileOutputCommitter skip cleanup _temporary folders under output directory:false, ignore cleanup failures: false
25/05/25 08:25:43 INFO PythonRunner: Times: total = 45, boot = -206, init = 249, finish = 2
25/05/25 08:25:43 INFO PythonRunner: Times: total = 45, boot = -203, init = 246, finish = 2
25/05/25 08:25:43 INFO FileOutputCommitter: Saved output of task 'attempt_202505250825423488443470875188014_0008_m_000000_0' to hdfs://localhost:9000/user/giovanni/output/spark_cleaned_pruned_used_cars_data_1percent_result/_temporary/0/task_202505250825423488443470875188014_0008_m_000000
25/05/25 08:25:43 INFO FileOutputCommitter: Saved output of task 'attempt_202505250825423488443470875188014_0008_m_000001_0' to hdfs://localhost:9000/user/giovanni/output/spark_cleaned_pruned_used_cars_data_1percent_result/_temporary/0/task_202505250825423488443470875188014_0008_m_000001
25/05/25 08:25:43 INFO SparkHadoopMapRedUtil: attempt_202505250825423488443470875188014_0008_m_000001_0: Committed. Elapsed time: 4 ms.
25/05/25 08:25:43 INFO SparkHadoopMapRedUtil: attempt_202505250825423488443470875188014_0008_m_000000_0: Committed. Elapsed time: 4 ms.
25/05/25 08:25:43 INFO Executor: Finished task 1.0 in stage 1.0 (TID 3). 2394 bytes result sent to driver
25/05/25 08:25:43 INFO Executor: Finished task 0.0 in stage 1.0 (TID 2). 2394 bytes result sent to driver
25/05/25 08:25:43 INFO TaskSetManager: Finished task 0.0 in stage 1.0 (TID 2) in 133 ms on desktop-fedora (executor driver) (1/2)
25/05/25 08:25:43 INFO TaskSetManager: Finished task 1.0 in stage 1.0 (TID 3) in 132 ms on desktop-fedora (executor driver) (2/2)
25/05/25 08:25:43 INFO TaskSchedulerImpl: Removed TaskSet 1.0, whose tasks have all completed, from pool 
25/05/25 08:25:43 INFO DAGScheduler: ResultStage 1 (runJob at SparkHadoopWriter.scala:83) finished in 0.146 s
25/05/25 08:25:43 INFO DAGScheduler: Job 0 is finished. Cancelling potential speculative or zombie tasks for this job
25/05/25 08:25:43 INFO TaskSchedulerImpl: Killing all running tasks in stage 1: Stage finished
25/05/25 08:25:43 INFO DAGScheduler: Job 0 finished: runJob at SparkHadoopWriter.scala:83, took 0.899045 s
25/05/25 08:25:43 INFO SparkHadoopWriter: Start to commit write Job job_202505250825423488443470875188014_0008.
25/05/25 08:25:43 INFO SparkHadoopWriter: Write Job job_202505250825423488443470875188014_0008 committed. Elapsed time: 13 ms.
25/05/25 08:25:43 INFO SparkContext: Invoking stop() from shutdown hook
25/05/25 08:25:43 INFO SparkContext: SparkContext is stopping with exitCode 0.
25/05/25 08:25:43 INFO SparkUI: Stopped Spark web UI at http://desktop-fedora:4040
25/05/25 08:25:43 INFO MapOutputTrackerMasterEndpoint: MapOutputTrackerMasterEndpoint stopped!
25/05/25 08:25:43 INFO MemoryStore: MemoryStore cleared
25/05/25 08:25:43 INFO BlockManager: BlockManager stopped
25/05/25 08:25:43 INFO BlockManagerMaster: BlockManagerMaster stopped
25/05/25 08:25:43 INFO OutputCommitCoordinator$OutputCommitCoordinatorEndpoint: OutputCommitCoordinator stopped!
25/05/25 08:25:43 INFO SparkContext: Successfully stopped SparkContext
25/05/25 08:25:43 INFO ShutdownHookManager: Shutdown hook called
25/05/25 08:25:43 INFO ShutdownHookManager: Deleting directory /tmp/spark-cbbfeff3-d901-4020-abc7-85ab24a37adf
25/05/25 08:25:43 INFO ShutdownHookManager: Deleting directory /tmp/spark-cbbfeff3-d901-4020-abc7-85ab24a37adf/pyspark-e16b3b4f-8e77-46b9-9003-03765f0fe49f
25/05/25 08:25:43 INFO ShutdownHookManager: Deleting directory /tmp/spark-8cfa26ba-b909-4618-a6b3-2a1d75a67792
