25/05/26 10:23:02 INFO SparkContext: Running Spark version 3.5.5
25/05/26 10:23:02 INFO SparkContext: OS info Linux, 6.14.6-300.fc42.x86_64, amd64
25/05/26 10:23:02 INFO SparkContext: Java version 11.0.26
25/05/26 10:23:02 WARN NativeCodeLoader: Unable to load native-hadoop library for your platform... using builtin-java classes where applicable
25/05/26 10:23:03 INFO ResourceUtils: ==============================================================
25/05/26 10:23:03 INFO ResourceUtils: No custom resources configured for spark.driver.
25/05/26 10:23:03 INFO ResourceUtils: ==============================================================
25/05/26 10:23:03 INFO SparkContext: Submitted application: task 1
25/05/26 10:23:03 INFO ResourceProfile: Default ResourceProfile created, executor resources: Map(cores -> name: cores, amount: 1, script: , vendor: , memory -> name: memory, amount: 1024, script: , vendor: , offHeap -> name: offHeap, amount: 0, script: , vendor: ), task resources: Map(cpus -> name: cpus, amount: 1.0)
25/05/26 10:23:03 INFO ResourceProfile: Limiting resource is cpu
25/05/26 10:23:03 INFO ResourceProfileManager: Added ResourceProfile id: 0
25/05/26 10:23:03 INFO SecurityManager: Changing view acls to: giovanni
25/05/26 10:23:03 INFO SecurityManager: Changing modify acls to: giovanni
25/05/26 10:23:03 INFO SecurityManager: Changing view acls groups to: 
25/05/26 10:23:03 INFO SecurityManager: Changing modify acls groups to: 
25/05/26 10:23:03 INFO SecurityManager: SecurityManager: authentication disabled; ui acls disabled; users with view permissions: giovanni; groups with view permissions: EMPTY; users with modify permissions: giovanni; groups with modify permissions: EMPTY
25/05/26 10:23:03 INFO Utils: Successfully started service 'sparkDriver' on port 38667.
25/05/26 10:23:03 INFO SparkEnv: Registering MapOutputTracker
25/05/26 10:23:03 INFO SparkEnv: Registering BlockManagerMaster
25/05/26 10:23:03 INFO BlockManagerMasterEndpoint: Using org.apache.spark.storage.DefaultTopologyMapper for getting topology information
25/05/26 10:23:03 INFO BlockManagerMasterEndpoint: BlockManagerMasterEndpoint up
25/05/26 10:23:03 INFO SparkEnv: Registering BlockManagerMasterHeartbeat
25/05/26 10:23:03 INFO DiskBlockManager: Created local directory at /tmp/blockmgr-e4371c30-a3d1-43cd-b72d-7a6bb9cc1248
25/05/26 10:23:03 INFO MemoryStore: MemoryStore started with capacity 434.4 MiB
25/05/26 10:23:03 INFO SparkEnv: Registering OutputCommitCoordinator
25/05/26 10:23:03 INFO JettyUtils: Start Jetty 0.0.0.0:4040 for SparkUI
25/05/26 10:23:03 INFO Utils: Successfully started service 'SparkUI' on port 4040.
25/05/26 10:23:03 INFO Executor: Starting executor ID driver on host fedora-notebook
25/05/26 10:23:03 INFO Executor: OS info Linux, 6.14.6-300.fc42.x86_64, amd64
25/05/26 10:23:03 INFO Executor: Java version 11.0.26
25/05/26 10:23:03 INFO Executor: Starting executor with user classpath (userClassPathFirst = false): ''
25/05/26 10:23:03 INFO Executor: Created or updated repl class loader org.apache.spark.util.MutableURLClassLoader@eb704bd for default.
25/05/26 10:23:03 INFO Utils: Successfully started service 'org.apache.spark.network.netty.NettyBlockTransferService' on port 43105.
25/05/26 10:23:03 INFO NettyBlockTransferService: Server created on fedora-notebook:43105
25/05/26 10:23:03 INFO BlockManager: Using org.apache.spark.storage.RandomBlockReplicationPolicy for block replication policy
25/05/26 10:23:03 INFO BlockManagerMaster: Registering BlockManager BlockManagerId(driver, fedora-notebook, 43105, None)
25/05/26 10:23:03 INFO BlockManagerMasterEndpoint: Registering block manager fedora-notebook:43105 with 434.4 MiB RAM, BlockManagerId(driver, fedora-notebook, 43105, None)
25/05/26 10:23:03 INFO BlockManagerMaster: Registered BlockManager BlockManagerId(driver, fedora-notebook, 43105, None)
25/05/26 10:23:03 INFO BlockManager: Initialized BlockManager: BlockManagerId(driver, fedora-notebook, 43105, None)
25/05/26 10:23:04 INFO MemoryStore: Block broadcast_0 stored as values in memory (estimated size 222.2 KiB, free 434.2 MiB)
25/05/26 10:23:04 INFO MemoryStore: Block broadcast_0_piece0 stored as bytes in memory (estimated size 33.2 KiB, free 434.2 MiB)
25/05/26 10:23:04 INFO BlockManagerInfo: Added broadcast_0_piece0 in memory on fedora-notebook:43105 (size: 33.2 KiB, free: 434.4 MiB)
25/05/26 10:23:04 INFO SparkContext: Created broadcast 0 from textFile at NativeMethodAccessorImpl.java:0
25/05/26 10:23:04 INFO FileInputFormat: Total input files to process : 1
25/05/26 10:23:04 INFO deprecation: mapred.output.dir is deprecated. Instead, use mapreduce.output.fileoutputformat.outputdir
25/05/26 10:23:04 INFO HadoopMapRedCommitProtocol: Using output committer class org.apache.hadoop.mapred.FileOutputCommitter
25/05/26 10:23:04 INFO FileOutputCommitter: File Output Committer Algorithm version is 1
25/05/26 10:23:04 INFO FileOutputCommitter: FileOutputCommitter skip cleanup _temporary folders under output directory:false, ignore cleanup failures: false
25/05/26 10:23:04 INFO SparkContext: Starting job: runJob at SparkHadoopWriter.scala:83
25/05/26 10:23:04 INFO DAGScheduler: Registering RDD 3 (reduceByKey at /home/giovanni/Projects/big-data/progetto/task_1/spark-core/spark-job.py:52) as input to shuffle 0
25/05/26 10:23:04 INFO DAGScheduler: Got job 0 (runJob at SparkHadoopWriter.scala:83) with 11 output partitions
25/05/26 10:23:04 INFO DAGScheduler: Final stage: ResultStage 1 (runJob at SparkHadoopWriter.scala:83)
25/05/26 10:23:04 INFO DAGScheduler: Parents of final stage: List(ShuffleMapStage 0)
25/05/26 10:23:04 INFO DAGScheduler: Missing parents: List(ShuffleMapStage 0)
25/05/26 10:23:04 INFO DAGScheduler: Submitting ShuffleMapStage 0 (PairwiseRDD[3] at reduceByKey at /home/giovanni/Projects/big-data/progetto/task_1/spark-core/spark-job.py:52), which has no missing parents
25/05/26 10:23:04 INFO MemoryStore: Block broadcast_1 stored as values in memory (estimated size 15.3 KiB, free 434.1 MiB)
25/05/26 10:23:04 INFO MemoryStore: Block broadcast_1_piece0 stored as bytes in memory (estimated size 9.4 KiB, free 434.1 MiB)
25/05/26 10:23:04 INFO BlockManagerInfo: Added broadcast_1_piece0 in memory on fedora-notebook:43105 (size: 9.4 KiB, free: 434.4 MiB)
25/05/26 10:23:04 INFO SparkContext: Created broadcast 1 from broadcast at DAGScheduler.scala:1585
25/05/26 10:23:04 INFO DAGScheduler: Submitting 11 missing tasks from ShuffleMapStage 0 (PairwiseRDD[3] at reduceByKey at /home/giovanni/Projects/big-data/progetto/task_1/spark-core/spark-job.py:52) (first 15 tasks are for partitions Vector(0, 1, 2, 3, 4, 5, 6, 7, 8, 9, 10))
25/05/26 10:23:04 INFO TaskSchedulerImpl: Adding task set 0.0 with 11 tasks resource profile 0
25/05/26 10:23:04 INFO TaskSetManager: Starting task 0.0 in stage 0.0 (TID 0) (fedora-notebook, executor driver, partition 0, NODE_LOCAL, 9089 bytes) 
25/05/26 10:23:04 INFO TaskSetManager: Starting task 1.0 in stage 0.0 (TID 1) (fedora-notebook, executor driver, partition 1, NODE_LOCAL, 9089 bytes) 
25/05/26 10:23:04 INFO TaskSetManager: Starting task 2.0 in stage 0.0 (TID 2) (fedora-notebook, executor driver, partition 2, NODE_LOCAL, 9089 bytes) 
25/05/26 10:23:04 INFO TaskSetManager: Starting task 3.0 in stage 0.0 (TID 3) (fedora-notebook, executor driver, partition 3, NODE_LOCAL, 9089 bytes) 
25/05/26 10:23:04 INFO TaskSetManager: Starting task 4.0 in stage 0.0 (TID 4) (fedora-notebook, executor driver, partition 4, NODE_LOCAL, 9089 bytes) 
25/05/26 10:23:04 INFO TaskSetManager: Starting task 5.0 in stage 0.0 (TID 5) (fedora-notebook, executor driver, partition 5, NODE_LOCAL, 9089 bytes) 
25/05/26 10:23:04 INFO TaskSetManager: Starting task 6.0 in stage 0.0 (TID 6) (fedora-notebook, executor driver, partition 6, NODE_LOCAL, 9089 bytes) 
25/05/26 10:23:04 INFO TaskSetManager: Starting task 7.0 in stage 0.0 (TID 7) (fedora-notebook, executor driver, partition 7, NODE_LOCAL, 9089 bytes) 
25/05/26 10:23:04 INFO Executor: Running task 7.0 in stage 0.0 (TID 7)
25/05/26 10:23:04 INFO Executor: Running task 0.0 in stage 0.0 (TID 0)
25/05/26 10:23:04 INFO Executor: Running task 1.0 in stage 0.0 (TID 1)
25/05/26 10:23:04 INFO Executor: Running task 5.0 in stage 0.0 (TID 5)
25/05/26 10:23:04 INFO Executor: Running task 2.0 in stage 0.0 (TID 2)
25/05/26 10:23:04 INFO Executor: Running task 3.0 in stage 0.0 (TID 3)
25/05/26 10:23:04 INFO Executor: Running task 6.0 in stage 0.0 (TID 6)
25/05/26 10:23:04 INFO Executor: Running task 4.0 in stage 0.0 (TID 4)
25/05/26 10:23:04 INFO HadoopRDD: Input split: hdfs://localhost:9000/user/giovanni/input/cleaned_pruned_used_cars_data_20percent.csv:0+134217728
25/05/26 10:23:04 INFO HadoopRDD: Input split: hdfs://localhost:9000/user/giovanni/input/cleaned_pruned_used_cars_data_20percent.csv:671088640+134217728
25/05/26 10:23:04 INFO HadoopRDD: Input split: hdfs://localhost:9000/user/giovanni/input/cleaned_pruned_used_cars_data_20percent.csv:805306368+134217728
25/05/26 10:23:04 INFO HadoopRDD: Input split: hdfs://localhost:9000/user/giovanni/input/cleaned_pruned_used_cars_data_20percent.csv:134217728+134217728
25/05/26 10:23:04 INFO HadoopRDD: Input split: hdfs://localhost:9000/user/giovanni/input/cleaned_pruned_used_cars_data_20percent.csv:268435456+134217728
25/05/26 10:23:04 INFO HadoopRDD: Input split: hdfs://localhost:9000/user/giovanni/input/cleaned_pruned_used_cars_data_20percent.csv:536870912+134217728
25/05/26 10:23:04 INFO HadoopRDD: Input split: hdfs://localhost:9000/user/giovanni/input/cleaned_pruned_used_cars_data_20percent.csv:402653184+134217728
25/05/26 10:23:04 INFO HadoopRDD: Input split: hdfs://localhost:9000/user/giovanni/input/cleaned_pruned_used_cars_data_20percent.csv:939524096+134217728
25/05/26 10:23:06 INFO PythonRunner: Times: total = 1668, boot = 333, init = 63, finish = 1272
25/05/26 10:23:06 INFO PythonRunner: Times: total = 1586, boot = 328, init = 61, finish = 1197
25/05/26 10:23:06 INFO PythonRunner: Times: total = 1556, boot = 336, init = 68, finish = 1152
25/05/26 10:23:06 INFO PythonRunner: Times: total = 1556, boot = 344, init = 70, finish = 1142
25/05/26 10:23:06 INFO PythonRunner: Times: total = 1592, boot = 330, init = 59, finish = 1203
25/05/26 10:23:06 INFO PythonRunner: Times: total = 1511, boot = 349, init = 90, finish = 1072
25/05/26 10:23:06 INFO PythonRunner: Times: total = 1527, boot = 377, init = 63, finish = 1087
25/05/26 10:23:06 INFO PythonRunner: Times: total = 1591, boot = 355, init = 80, finish = 1156
25/05/26 10:23:06 INFO Executor: Finished task 2.0 in stage 0.0 (TID 2). 1679 bytes result sent to driver
25/05/26 10:23:06 INFO Executor: Finished task 5.0 in stage 0.0 (TID 5). 1679 bytes result sent to driver
25/05/26 10:23:06 INFO Executor: Finished task 6.0 in stage 0.0 (TID 6). 1679 bytes result sent to driver
25/05/26 10:23:06 INFO Executor: Finished task 0.0 in stage 0.0 (TID 0). 1679 bytes result sent to driver
25/05/26 10:23:06 INFO Executor: Finished task 3.0 in stage 0.0 (TID 3). 1679 bytes result sent to driver
25/05/26 10:23:06 INFO Executor: Finished task 1.0 in stage 0.0 (TID 1). 1679 bytes result sent to driver
25/05/26 10:23:06 INFO Executor: Finished task 4.0 in stage 0.0 (TID 4). 1679 bytes result sent to driver
25/05/26 10:23:06 INFO Executor: Finished task 7.0 in stage 0.0 (TID 7). 1679 bytes result sent to driver
25/05/26 10:23:06 INFO TaskSetManager: Starting task 8.0 in stage 0.0 (TID 8) (fedora-notebook, executor driver, partition 8, NODE_LOCAL, 9089 bytes) 
25/05/26 10:23:06 INFO Executor: Running task 8.0 in stage 0.0 (TID 8)
25/05/26 10:23:06 INFO TaskSetManager: Starting task 9.0 in stage 0.0 (TID 9) (fedora-notebook, executor driver, partition 9, NODE_LOCAL, 9089 bytes) 
25/05/26 10:23:06 INFO Executor: Running task 9.0 in stage 0.0 (TID 9)
25/05/26 10:23:06 INFO TaskSetManager: Starting task 10.0 in stage 0.0 (TID 10) (fedora-notebook, executor driver, partition 10, NODE_LOCAL, 9089 bytes) 
25/05/26 10:23:06 INFO Executor: Running task 10.0 in stage 0.0 (TID 10)
25/05/26 10:23:06 INFO HadoopRDD: Input split: hdfs://localhost:9000/user/giovanni/input/cleaned_pruned_used_cars_data_20percent.csv:1073741824+134217728
25/05/26 10:23:06 INFO HadoopRDD: Input split: hdfs://localhost:9000/user/giovanni/input/cleaned_pruned_used_cars_data_20percent.csv:1342177280+94355976
25/05/26 10:23:06 INFO HadoopRDD: Input split: hdfs://localhost:9000/user/giovanni/input/cleaned_pruned_used_cars_data_20percent.csv:1207959552+134217728
25/05/26 10:23:06 INFO TaskSetManager: Finished task 5.0 in stage 0.0 (TID 5) in 2064 ms on fedora-notebook (executor driver) (1/11)
25/05/26 10:23:06 INFO TaskSetManager: Finished task 4.0 in stage 0.0 (TID 4) in 2074 ms on fedora-notebook (executor driver) (2/11)
25/05/26 10:23:06 INFO TaskSetManager: Finished task 3.0 in stage 0.0 (TID 3) in 2077 ms on fedora-notebook (executor driver) (3/11)
25/05/26 10:23:06 INFO TaskSetManager: Finished task 2.0 in stage 0.0 (TID 2) in 2079 ms on fedora-notebook (executor driver) (4/11)
25/05/26 10:23:06 INFO TaskSetManager: Finished task 0.0 in stage 0.0 (TID 0) in 2093 ms on fedora-notebook (executor driver) (5/11)
25/05/26 10:23:06 INFO TaskSetManager: Finished task 1.0 in stage 0.0 (TID 1) in 2081 ms on fedora-notebook (executor driver) (6/11)
25/05/26 10:23:06 INFO TaskSetManager: Finished task 7.0 in stage 0.0 (TID 7) in 2076 ms on fedora-notebook (executor driver) (7/11)
25/05/26 10:23:06 INFO TaskSetManager: Finished task 6.0 in stage 0.0 (TID 6) in 2079 ms on fedora-notebook (executor driver) (8/11)
25/05/26 10:23:06 INFO PythonAccumulatorV2: Connected to AccumulatorServer at host: 127.0.0.1 port: 52085
25/05/26 10:23:07 INFO PythonRunner: Times: total = 339, boot = -318, init = 325, finish = 332
25/05/26 10:23:07 INFO Executor: Finished task 10.0 in stage 0.0 (TID 10). 1636 bytes result sent to driver
25/05/26 10:23:07 INFO TaskSetManager: Finished task 10.0 in stage 0.0 (TID 10) in 432 ms on fedora-notebook (executor driver) (9/11)
25/05/26 10:23:07 INFO PythonRunner: Times: total = 508, boot = -282, init = 292, finish = 498
25/05/26 10:23:07 INFO Executor: Finished task 9.0 in stage 0.0 (TID 9). 1636 bytes result sent to driver
25/05/26 10:23:07 INFO TaskSetManager: Finished task 9.0 in stage 0.0 (TID 9) in 553 ms on fedora-notebook (executor driver) (10/11)
25/05/26 10:23:07 INFO PythonRunner: Times: total = 564, boot = -204, init = 215, finish = 553
25/05/26 10:23:07 INFO Executor: Finished task 8.0 in stage 0.0 (TID 8). 1636 bytes result sent to driver
25/05/26 10:23:07 INFO TaskSetManager: Finished task 8.0 in stage 0.0 (TID 8) in 611 ms on fedora-notebook (executor driver) (11/11)
25/05/26 10:23:07 INFO TaskSchedulerImpl: Removed TaskSet 0.0, whose tasks have all completed, from pool 
25/05/26 10:23:07 INFO DAGScheduler: ShuffleMapStage 0 (reduceByKey at /home/giovanni/Projects/big-data/progetto/task_1/spark-core/spark-job.py:52) finished in 2.768 s
25/05/26 10:23:07 INFO DAGScheduler: looking for newly runnable stages
25/05/26 10:23:07 INFO DAGScheduler: running: Set()
25/05/26 10:23:07 INFO DAGScheduler: waiting: Set(ResultStage 1)
25/05/26 10:23:07 INFO DAGScheduler: failed: Set()
25/05/26 10:23:07 INFO DAGScheduler: Submitting ResultStage 1 (MapPartitionsRDD[8] at saveAsTextFile at NativeMethodAccessorImpl.java:0), which has no missing parents
25/05/26 10:23:07 INFO MemoryStore: Block broadcast_2 stored as values in memory (estimated size 111.5 KiB, free 434.0 MiB)
25/05/26 10:23:07 INFO MemoryStore: Block broadcast_2_piece0 stored as bytes in memory (estimated size 43.2 KiB, free 434.0 MiB)
25/05/26 10:23:07 INFO BlockManagerInfo: Added broadcast_2_piece0 in memory on fedora-notebook:43105 (size: 43.2 KiB, free: 434.3 MiB)
25/05/26 10:23:07 INFO SparkContext: Created broadcast 2 from broadcast at DAGScheduler.scala:1585
25/05/26 10:23:07 INFO DAGScheduler: Submitting 11 missing tasks from ResultStage 1 (MapPartitionsRDD[8] at saveAsTextFile at NativeMethodAccessorImpl.java:0) (first 15 tasks are for partitions Vector(0, 1, 2, 3, 4, 5, 6, 7, 8, 9, 10))
25/05/26 10:23:07 INFO TaskSchedulerImpl: Adding task set 1.0 with 11 tasks resource profile 0
25/05/26 10:23:07 INFO TaskSetManager: Starting task 0.0 in stage 1.0 (TID 11) (fedora-notebook, executor driver, partition 0, NODE_LOCAL, 8817 bytes) 
25/05/26 10:23:07 INFO TaskSetManager: Starting task 1.0 in stage 1.0 (TID 12) (fedora-notebook, executor driver, partition 1, NODE_LOCAL, 8817 bytes) 
25/05/26 10:23:07 INFO TaskSetManager: Starting task 2.0 in stage 1.0 (TID 13) (fedora-notebook, executor driver, partition 2, NODE_LOCAL, 8817 bytes) 
25/05/26 10:23:07 INFO TaskSetManager: Starting task 3.0 in stage 1.0 (TID 14) (fedora-notebook, executor driver, partition 3, NODE_LOCAL, 8817 bytes) 
25/05/26 10:23:07 INFO TaskSetManager: Starting task 4.0 in stage 1.0 (TID 15) (fedora-notebook, executor driver, partition 4, NODE_LOCAL, 8817 bytes) 
25/05/26 10:23:07 INFO TaskSetManager: Starting task 5.0 in stage 1.0 (TID 16) (fedora-notebook, executor driver, partition 5, NODE_LOCAL, 8817 bytes) 
25/05/26 10:23:07 INFO TaskSetManager: Starting task 6.0 in stage 1.0 (TID 17) (fedora-notebook, executor driver, partition 6, NODE_LOCAL, 8817 bytes) 
25/05/26 10:23:07 INFO TaskSetManager: Starting task 7.0 in stage 1.0 (TID 18) (fedora-notebook, executor driver, partition 7, NODE_LOCAL, 8817 bytes) 
25/05/26 10:23:07 INFO Executor: Running task 2.0 in stage 1.0 (TID 13)
25/05/26 10:23:07 INFO Executor: Running task 0.0 in stage 1.0 (TID 11)
25/05/26 10:23:07 INFO Executor: Running task 3.0 in stage 1.0 (TID 14)
25/05/26 10:23:07 INFO Executor: Running task 1.0 in stage 1.0 (TID 12)
25/05/26 10:23:07 INFO Executor: Running task 7.0 in stage 1.0 (TID 18)
25/05/26 10:23:07 INFO Executor: Running task 4.0 in stage 1.0 (TID 15)
25/05/26 10:23:07 INFO Executor: Running task 6.0 in stage 1.0 (TID 17)
25/05/26 10:23:07 INFO Executor: Running task 5.0 in stage 1.0 (TID 16)
25/05/26 10:23:07 INFO ShuffleBlockFetcherIterator: Getting 11 (35.8 KiB) non-empty blocks including 11 (35.8 KiB) local and 0 (0.0 B) host-local and 0 (0.0 B) push-merged-local and 0 (0.0 B) remote blocks
25/05/26 10:23:07 INFO ShuffleBlockFetcherIterator: Getting 11 (29.8 KiB) non-empty blocks including 11 (29.8 KiB) local and 0 (0.0 B) host-local and 0 (0.0 B) push-merged-local and 0 (0.0 B) remote blocks
25/05/26 10:23:07 INFO ShuffleBlockFetcherIterator: Getting 11 (36.7 KiB) non-empty blocks including 11 (36.7 KiB) local and 0 (0.0 B) host-local and 0 (0.0 B) push-merged-local and 0 (0.0 B) remote blocks
25/05/26 10:23:07 INFO ShuffleBlockFetcherIterator: Getting 11 (38.7 KiB) non-empty blocks including 11 (38.7 KiB) local and 0 (0.0 B) host-local and 0 (0.0 B) push-merged-local and 0 (0.0 B) remote blocks
25/05/26 10:23:07 INFO ShuffleBlockFetcherIterator: Getting 11 (39.0 KiB) non-empty blocks including 11 (39.0 KiB) local and 0 (0.0 B) host-local and 0 (0.0 B) push-merged-local and 0 (0.0 B) remote blocks
25/05/26 10:23:07 INFO ShuffleBlockFetcherIterator: Getting 11 (34.6 KiB) non-empty blocks including 11 (34.6 KiB) local and 0 (0.0 B) host-local and 0 (0.0 B) push-merged-local and 0 (0.0 B) remote blocks
25/05/26 10:23:07 INFO ShuffleBlockFetcherIterator: Getting 11 (37.0 KiB) non-empty blocks including 11 (37.0 KiB) local and 0 (0.0 B) host-local and 0 (0.0 B) push-merged-local and 0 (0.0 B) remote blocks
25/05/26 10:23:07 INFO ShuffleBlockFetcherIterator: Getting 11 (39.4 KiB) non-empty blocks including 11 (39.4 KiB) local and 0 (0.0 B) host-local and 0 (0.0 B) push-merged-local and 0 (0.0 B) remote blocks
25/05/26 10:23:07 INFO ShuffleBlockFetcherIterator: Started 0 remote fetches in 21 ms
25/05/26 10:23:07 INFO ShuffleBlockFetcherIterator: Started 0 remote fetches in 22 ms
25/05/26 10:23:07 INFO ShuffleBlockFetcherIterator: Started 0 remote fetches in 22 ms
25/05/26 10:23:07 INFO ShuffleBlockFetcherIterator: Started 0 remote fetches in 21 ms
25/05/26 10:23:07 INFO ShuffleBlockFetcherIterator: Started 0 remote fetches in 23 ms
25/05/26 10:23:07 INFO ShuffleBlockFetcherIterator: Started 0 remote fetches in 22 ms
25/05/26 10:23:07 INFO ShuffleBlockFetcherIterator: Started 0 remote fetches in 23 ms
25/05/26 10:23:07 INFO ShuffleBlockFetcherIterator: Started 0 remote fetches in 23 ms
25/05/26 10:23:07 INFO HadoopMapRedCommitProtocol: Using output committer class org.apache.hadoop.mapred.FileOutputCommitter
25/05/26 10:23:07 INFO FileOutputCommitter: File Output Committer Algorithm version is 1
25/05/26 10:23:07 INFO FileOutputCommitter: FileOutputCommitter skip cleanup _temporary folders under output directory:false, ignore cleanup failures: false
25/05/26 10:23:07 INFO HadoopMapRedCommitProtocol: Using output committer class org.apache.hadoop.mapred.FileOutputCommitter
25/05/26 10:23:07 INFO FileOutputCommitter: File Output Committer Algorithm version is 1
25/05/26 10:23:07 INFO FileOutputCommitter: FileOutputCommitter skip cleanup _temporary folders under output directory:false, ignore cleanup failures: false
25/05/26 10:23:07 INFO HadoopMapRedCommitProtocol: Using output committer class org.apache.hadoop.mapred.FileOutputCommitter
25/05/26 10:23:07 INFO HadoopMapRedCommitProtocol: Using output committer class org.apache.hadoop.mapred.FileOutputCommitter
25/05/26 10:23:07 INFO HadoopMapRedCommitProtocol: Using output committer class org.apache.hadoop.mapred.FileOutputCommitter
25/05/26 10:23:07 INFO FileOutputCommitter: File Output Committer Algorithm version is 1
25/05/26 10:23:07 INFO FileOutputCommitter: File Output Committer Algorithm version is 1
25/05/26 10:23:07 INFO FileOutputCommitter: FileOutputCommitter skip cleanup _temporary folders under output directory:false, ignore cleanup failures: false
25/05/26 10:23:07 INFO FileOutputCommitter: File Output Committer Algorithm version is 1
25/05/26 10:23:07 INFO FileOutputCommitter: FileOutputCommitter skip cleanup _temporary folders under output directory:false, ignore cleanup failures: false
25/05/26 10:23:07 INFO FileOutputCommitter: FileOutputCommitter skip cleanup _temporary folders under output directory:false, ignore cleanup failures: false
25/05/26 10:23:07 INFO HadoopMapRedCommitProtocol: Using output committer class org.apache.hadoop.mapred.FileOutputCommitter
25/05/26 10:23:07 INFO FileOutputCommitter: File Output Committer Algorithm version is 1
25/05/26 10:23:07 INFO FileOutputCommitter: FileOutputCommitter skip cleanup _temporary folders under output directory:false, ignore cleanup failures: false
25/05/26 10:23:07 INFO HadoopMapRedCommitProtocol: Using output committer class org.apache.hadoop.mapred.FileOutputCommitter
25/05/26 10:23:07 INFO FileOutputCommitter: File Output Committer Algorithm version is 1
25/05/26 10:23:07 INFO FileOutputCommitter: FileOutputCommitter skip cleanup _temporary folders under output directory:false, ignore cleanup failures: false
25/05/26 10:23:07 INFO HadoopMapRedCommitProtocol: Using output committer class org.apache.hadoop.mapred.FileOutputCommitter
25/05/26 10:23:07 INFO FileOutputCommitter: File Output Committer Algorithm version is 1
25/05/26 10:23:07 INFO FileOutputCommitter: FileOutputCommitter skip cleanup _temporary folders under output directory:false, ignore cleanup failures: false
25/05/26 10:23:07 INFO PythonRunner: Times: total = 47, boot = -440, init = 484, finish = 3
25/05/26 10:23:07 INFO PythonRunner: Times: total = 54, boot = -1082, init = 1127, finish = 9
25/05/26 10:23:07 INFO PythonRunner: Times: total = 54, boot = -1193, init = 1243, finish = 4
25/05/26 10:23:07 INFO PythonRunner: Times: total = 48, boot = -1081, init = 1125, finish = 4
25/05/26 10:23:07 INFO PythonRunner: Times: total = 50, boot = -1152, init = 1199, finish = 3
25/05/26 10:23:07 INFO PythonRunner: Times: total = 45, boot = -281, init = 324, finish = 2
25/05/26 10:23:07 INFO PythonRunner: Times: total = 57, boot = -229, init = 278, finish = 8
25/05/26 10:23:07 INFO PythonRunner: Times: total = 44, boot = -1112, init = 1152, finish = 4
25/05/26 10:23:07 INFO FileOutputCommitter: Saved output of task 'attempt_202505261023046451761524846704688_0008_m_000002_0' to hdfs://localhost:9000/user/giovanni/output/spark_cleaned_pruned_used_cars_data_20percent_result/_temporary/0/task_202505261023046451761524846704688_0008_m_000002
25/05/26 10:23:07 INFO FileOutputCommitter: Saved output of task 'attempt_202505261023046451761524846704688_0008_m_000007_0' to hdfs://localhost:9000/user/giovanni/output/spark_cleaned_pruned_used_cars_data_20percent_result/_temporary/0/task_202505261023046451761524846704688_0008_m_000007
25/05/26 10:23:07 INFO FileOutputCommitter: Saved output of task 'attempt_202505261023046451761524846704688_0008_m_000006_0' to hdfs://localhost:9000/user/giovanni/output/spark_cleaned_pruned_used_cars_data_20percent_result/_temporary/0/task_202505261023046451761524846704688_0008_m_000006
25/05/26 10:23:07 INFO FileOutputCommitter: Saved output of task 'attempt_202505261023046451761524846704688_0008_m_000003_0' to hdfs://localhost:9000/user/giovanni/output/spark_cleaned_pruned_used_cars_data_20percent_result/_temporary/0/task_202505261023046451761524846704688_0008_m_000003
25/05/26 10:23:07 INFO FileOutputCommitter: Saved output of task 'attempt_202505261023046451761524846704688_0008_m_000001_0' to hdfs://localhost:9000/user/giovanni/output/spark_cleaned_pruned_used_cars_data_20percent_result/_temporary/0/task_202505261023046451761524846704688_0008_m_000001
25/05/26 10:23:07 INFO FileOutputCommitter: Saved output of task 'attempt_202505261023046451761524846704688_0008_m_000000_0' to hdfs://localhost:9000/user/giovanni/output/spark_cleaned_pruned_used_cars_data_20percent_result/_temporary/0/task_202505261023046451761524846704688_0008_m_000000
25/05/26 10:23:07 INFO FileOutputCommitter: Saved output of task 'attempt_202505261023046451761524846704688_0008_m_000005_0' to hdfs://localhost:9000/user/giovanni/output/spark_cleaned_pruned_used_cars_data_20percent_result/_temporary/0/task_202505261023046451761524846704688_0008_m_000005
25/05/26 10:23:07 INFO SparkHadoopMapRedUtil: attempt_202505261023046451761524846704688_0008_m_000006_0: Committed. Elapsed time: 8 ms.
25/05/26 10:23:07 INFO SparkHadoopMapRedUtil: attempt_202505261023046451761524846704688_0008_m_000002_0: Committed. Elapsed time: 9 ms.
25/05/26 10:23:07 INFO SparkHadoopMapRedUtil: attempt_202505261023046451761524846704688_0008_m_000005_0: Committed. Elapsed time: 8 ms.
25/05/26 10:23:07 INFO SparkHadoopMapRedUtil: attempt_202505261023046451761524846704688_0008_m_000007_0: Committed. Elapsed time: 9 ms.
25/05/26 10:23:07 INFO SparkHadoopMapRedUtil: attempt_202505261023046451761524846704688_0008_m_000001_0: Committed. Elapsed time: 8 ms.
25/05/26 10:23:07 INFO FileOutputCommitter: Saved output of task 'attempt_202505261023046451761524846704688_0008_m_000004_0' to hdfs://localhost:9000/user/giovanni/output/spark_cleaned_pruned_used_cars_data_20percent_result/_temporary/0/task_202505261023046451761524846704688_0008_m_000004
25/05/26 10:23:07 INFO SparkHadoopMapRedUtil: attempt_202505261023046451761524846704688_0008_m_000004_0: Committed. Elapsed time: 10 ms.
25/05/26 10:23:07 INFO SparkHadoopMapRedUtil: attempt_202505261023046451761524846704688_0008_m_000003_0: Committed. Elapsed time: 7 ms.
25/05/26 10:23:07 INFO SparkHadoopMapRedUtil: attempt_202505261023046451761524846704688_0008_m_000000_0: Committed. Elapsed time: 7 ms.
25/05/26 10:23:07 INFO Executor: Finished task 3.0 in stage 1.0 (TID 14). 2437 bytes result sent to driver
25/05/26 10:23:07 INFO Executor: Finished task 0.0 in stage 1.0 (TID 11). 2437 bytes result sent to driver
25/05/26 10:23:07 INFO Executor: Finished task 4.0 in stage 1.0 (TID 15). 2437 bytes result sent to driver
25/05/26 10:23:07 INFO Executor: Finished task 6.0 in stage 1.0 (TID 17). 2437 bytes result sent to driver
25/05/26 10:23:07 INFO Executor: Finished task 7.0 in stage 1.0 (TID 18). 2437 bytes result sent to driver
25/05/26 10:23:07 INFO Executor: Finished task 1.0 in stage 1.0 (TID 12). 2437 bytes result sent to driver
25/05/26 10:23:07 INFO Executor: Finished task 2.0 in stage 1.0 (TID 13). 2437 bytes result sent to driver
25/05/26 10:23:07 INFO TaskSetManager: Starting task 8.0 in stage 1.0 (TID 19) (fedora-notebook, executor driver, partition 8, NODE_LOCAL, 8817 bytes) 
25/05/26 10:23:07 INFO Executor: Finished task 5.0 in stage 1.0 (TID 16). 2437 bytes result sent to driver
25/05/26 10:23:07 INFO Executor: Running task 8.0 in stage 1.0 (TID 19)
25/05/26 10:23:07 INFO TaskSetManager: Starting task 9.0 in stage 1.0 (TID 20) (fedora-notebook, executor driver, partition 9, NODE_LOCAL, 8817 bytes) 
25/05/26 10:23:07 INFO TaskSetManager: Starting task 10.0 in stage 1.0 (TID 21) (fedora-notebook, executor driver, partition 10, NODE_LOCAL, 8817 bytes) 
25/05/26 10:23:07 INFO TaskSetManager: Finished task 0.0 in stage 1.0 (TID 11) in 316 ms on fedora-notebook (executor driver) (1/11)
25/05/26 10:23:07 INFO Executor: Running task 9.0 in stage 1.0 (TID 20)
25/05/26 10:23:07 INFO TaskSetManager: Finished task 3.0 in stage 1.0 (TID 14) in 313 ms on fedora-notebook (executor driver) (2/11)
25/05/26 10:23:07 INFO TaskSetManager: Finished task 4.0 in stage 1.0 (TID 15) in 312 ms on fedora-notebook (executor driver) (3/11)
25/05/26 10:23:07 INFO Executor: Running task 10.0 in stage 1.0 (TID 21)
25/05/26 10:23:07 INFO TaskSetManager: Finished task 6.0 in stage 1.0 (TID 17) in 313 ms on fedora-notebook (executor driver) (4/11)
25/05/26 10:23:07 INFO TaskSetManager: Finished task 2.0 in stage 1.0 (TID 13) in 317 ms on fedora-notebook (executor driver) (5/11)
25/05/26 10:23:07 INFO TaskSetManager: Finished task 5.0 in stage 1.0 (TID 16) in 315 ms on fedora-notebook (executor driver) (6/11)
25/05/26 10:23:07 INFO TaskSetManager: Finished task 1.0 in stage 1.0 (TID 12) in 319 ms on fedora-notebook (executor driver) (7/11)
25/05/26 10:23:07 INFO TaskSetManager: Finished task 7.0 in stage 1.0 (TID 18) in 316 ms on fedora-notebook (executor driver) (8/11)
25/05/26 10:23:07 INFO ShuffleBlockFetcherIterator: Getting 11 (42.6 KiB) non-empty blocks including 11 (42.6 KiB) local and 0 (0.0 B) host-local and 0 (0.0 B) push-merged-local and 0 (0.0 B) remote blocks
25/05/26 10:23:07 INFO ShuffleBlockFetcherIterator: Getting 11 (36.4 KiB) non-empty blocks including 11 (36.4 KiB) local and 0 (0.0 B) host-local and 0 (0.0 B) push-merged-local and 0 (0.0 B) remote blocks
25/05/26 10:23:07 INFO ShuffleBlockFetcherIterator: Started 0 remote fetches in 1 ms
25/05/26 10:23:07 INFO ShuffleBlockFetcherIterator: Started 0 remote fetches in 1 ms
25/05/26 10:23:07 INFO HadoopMapRedCommitProtocol: Using output committer class org.apache.hadoop.mapred.FileOutputCommitter
25/05/26 10:23:07 INFO FileOutputCommitter: File Output Committer Algorithm version is 1
25/05/26 10:23:07 INFO FileOutputCommitter: FileOutputCommitter skip cleanup _temporary folders under output directory:false, ignore cleanup failures: false
25/05/26 10:23:07 INFO HadoopMapRedCommitProtocol: Using output committer class org.apache.hadoop.mapred.FileOutputCommitter
25/05/26 10:23:07 INFO FileOutputCommitter: File Output Committer Algorithm version is 1
25/05/26 10:23:07 INFO FileOutputCommitter: FileOutputCommitter skip cleanup _temporary folders under output directory:false, ignore cleanup failures: false
25/05/26 10:23:07 INFO ShuffleBlockFetcherIterator: Getting 11 (32.3 KiB) non-empty blocks including 11 (32.3 KiB) local and 0 (0.0 B) host-local and 0 (0.0 B) push-merged-local and 0 (0.0 B) remote blocks
25/05/26 10:23:07 INFO ShuffleBlockFetcherIterator: Started 0 remote fetches in 2 ms
25/05/26 10:23:07 INFO HadoopMapRedCommitProtocol: Using output committer class org.apache.hadoop.mapred.FileOutputCommitter
25/05/26 10:23:07 INFO FileOutputCommitter: File Output Committer Algorithm version is 1
25/05/26 10:23:07 INFO FileOutputCommitter: FileOutputCommitter skip cleanup _temporary folders under output directory:false, ignore cleanup failures: false
25/05/26 10:23:07 INFO PythonRunner: Times: total = 43, boot = -92, init = 133, finish = 2
25/05/26 10:23:07 INFO PythonRunner: Times: total = 45, boot = -92, init = 96, finish = 41
25/05/26 10:23:07 INFO PythonRunner: Times: total = 45, boot = -96, init = 138, finish = 3
25/05/26 10:23:07 INFO FileOutputCommitter: Saved output of task 'attempt_202505261023046451761524846704688_0008_m_000008_0' to hdfs://localhost:9000/user/giovanni/output/spark_cleaned_pruned_used_cars_data_20percent_result/_temporary/0/task_202505261023046451761524846704688_0008_m_000008
25/05/26 10:23:07 INFO SparkHadoopMapRedUtil: attempt_202505261023046451761524846704688_0008_m_000008_0: Committed. Elapsed time: 3 ms.
25/05/26 10:23:07 INFO FileOutputCommitter: Saved output of task 'attempt_202505261023046451761524846704688_0008_m_000010_0' to hdfs://localhost:9000/user/giovanni/output/spark_cleaned_pruned_used_cars_data_20percent_result/_temporary/0/task_202505261023046451761524846704688_0008_m_000010
25/05/26 10:23:07 INFO SparkHadoopMapRedUtil: attempt_202505261023046451761524846704688_0008_m_000010_0: Committed. Elapsed time: 3 ms.
25/05/26 10:23:07 INFO Executor: Finished task 8.0 in stage 1.0 (TID 19). 2351 bytes result sent to driver
25/05/26 10:23:07 INFO TaskSetManager: Finished task 8.0 in stage 1.0 (TID 19) in 91 ms on fedora-notebook (executor driver) (9/11)
25/05/26 10:23:07 INFO Executor: Finished task 10.0 in stage 1.0 (TID 21). 2351 bytes result sent to driver
25/05/26 10:23:07 INFO TaskSetManager: Finished task 10.0 in stage 1.0 (TID 21) in 90 ms on fedora-notebook (executor driver) (10/11)
25/05/26 10:23:08 INFO FileOutputCommitter: Saved output of task 'attempt_202505261023046451761524846704688_0008_m_000009_0' to hdfs://localhost:9000/user/giovanni/output/spark_cleaned_pruned_used_cars_data_20percent_result/_temporary/0/task_202505261023046451761524846704688_0008_m_000009
25/05/26 10:23:08 INFO SparkHadoopMapRedUtil: attempt_202505261023046451761524846704688_0008_m_000009_0: Committed. Elapsed time: 2 ms.
25/05/26 10:23:08 INFO Executor: Finished task 9.0 in stage 1.0 (TID 20). 2351 bytes result sent to driver
25/05/26 10:23:08 INFO TaskSetManager: Finished task 9.0 in stage 1.0 (TID 20) in 485 ms on fedora-notebook (executor driver) (11/11)
25/05/26 10:23:08 INFO TaskSchedulerImpl: Removed TaskSet 1.0, whose tasks have all completed, from pool 
25/05/26 10:23:08 INFO DAGScheduler: ResultStage 1 (runJob at SparkHadoopWriter.scala:83) finished in 0.822 s
25/05/26 10:23:08 INFO DAGScheduler: Job 0 is finished. Cancelling potential speculative or zombie tasks for this job
25/05/26 10:23:08 INFO TaskSchedulerImpl: Killing all running tasks in stage 1: Stage finished
25/05/26 10:23:08 INFO DAGScheduler: Job 0 finished: runJob at SparkHadoopWriter.scala:83, took 3.657614 s
25/05/26 10:23:08 INFO SparkHadoopWriter: Start to commit write Job job_202505261023046451761524846704688_0008.
25/05/26 10:23:08 INFO SparkHadoopWriter: Write Job job_202505261023046451761524846704688_0008 committed. Elapsed time: 39 ms.
25/05/26 10:23:08 INFO SparkContext: Invoking stop() from shutdown hook
25/05/26 10:23:08 INFO SparkContext: SparkContext is stopping with exitCode 0.
25/05/26 10:23:08 INFO SparkUI: Stopped Spark web UI at http://fedora-notebook:4040
25/05/26 10:23:08 INFO MapOutputTrackerMasterEndpoint: MapOutputTrackerMasterEndpoint stopped!
25/05/26 10:23:08 INFO MemoryStore: MemoryStore cleared
25/05/26 10:23:08 INFO BlockManager: BlockManager stopped
25/05/26 10:23:08 INFO BlockManagerMaster: BlockManagerMaster stopped
25/05/26 10:23:08 INFO OutputCommitCoordinator$OutputCommitCoordinatorEndpoint: OutputCommitCoordinator stopped!
25/05/26 10:23:08 INFO SparkContext: Successfully stopped SparkContext
25/05/26 10:23:08 INFO ShutdownHookManager: Shutdown hook called
25/05/26 10:23:08 INFO ShutdownHookManager: Deleting directory /tmp/spark-88e1eb4a-66d2-4974-a700-8aec54810249
25/05/26 10:23:08 INFO ShutdownHookManager: Deleting directory /tmp/spark-34ff75c6-5124-44d6-ad05-984e73246a17/pyspark-313751f2-7eee-46f1-a1b5-0985551f7f38
25/05/26 10:23:08 INFO ShutdownHookManager: Deleting directory /tmp/spark-34ff75c6-5124-44d6-ad05-984e73246a17
