25/05/26 10:23:13 INFO SparkContext: Running Spark version 3.5.5
25/05/26 10:23:13 INFO SparkContext: OS info Linux, 6.14.6-300.fc42.x86_64, amd64
25/05/26 10:23:13 INFO SparkContext: Java version 11.0.26
25/05/26 10:23:13 WARN NativeCodeLoader: Unable to load native-hadoop library for your platform... using builtin-java classes where applicable
25/05/26 10:23:13 INFO ResourceUtils: ==============================================================
25/05/26 10:23:13 INFO ResourceUtils: No custom resources configured for spark.driver.
25/05/26 10:23:13 INFO ResourceUtils: ==============================================================
25/05/26 10:23:13 INFO SparkContext: Submitted application: task 1
25/05/26 10:23:13 INFO ResourceProfile: Default ResourceProfile created, executor resources: Map(cores -> name: cores, amount: 1, script: , vendor: , memory -> name: memory, amount: 1024, script: , vendor: , offHeap -> name: offHeap, amount: 0, script: , vendor: ), task resources: Map(cpus -> name: cpus, amount: 1.0)
25/05/26 10:23:13 INFO ResourceProfile: Limiting resource is cpu
25/05/26 10:23:13 INFO ResourceProfileManager: Added ResourceProfile id: 0
25/05/26 10:23:13 INFO SecurityManager: Changing view acls to: giovanni
25/05/26 10:23:13 INFO SecurityManager: Changing modify acls to: giovanni
25/05/26 10:23:13 INFO SecurityManager: Changing view acls groups to: 
25/05/26 10:23:13 INFO SecurityManager: Changing modify acls groups to: 
25/05/26 10:23:13 INFO SecurityManager: SecurityManager: authentication disabled; ui acls disabled; users with view permissions: giovanni; groups with view permissions: EMPTY; users with modify permissions: giovanni; groups with modify permissions: EMPTY
25/05/26 10:23:13 INFO Utils: Successfully started service 'sparkDriver' on port 41931.
25/05/26 10:23:13 INFO SparkEnv: Registering MapOutputTracker
25/05/26 10:23:13 INFO SparkEnv: Registering BlockManagerMaster
25/05/26 10:23:13 INFO BlockManagerMasterEndpoint: Using org.apache.spark.storage.DefaultTopologyMapper for getting topology information
25/05/26 10:23:13 INFO BlockManagerMasterEndpoint: BlockManagerMasterEndpoint up
25/05/26 10:23:13 INFO SparkEnv: Registering BlockManagerMasterHeartbeat
25/05/26 10:23:13 INFO DiskBlockManager: Created local directory at /tmp/blockmgr-cfc945d0-9445-4f71-8254-f6eb8367b80e
25/05/26 10:23:13 INFO MemoryStore: MemoryStore started with capacity 434.4 MiB
25/05/26 10:23:13 INFO SparkEnv: Registering OutputCommitCoordinator
25/05/26 10:23:13 INFO JettyUtils: Start Jetty 0.0.0.0:4040 for SparkUI
25/05/26 10:23:13 INFO Utils: Successfully started service 'SparkUI' on port 4040.
25/05/26 10:23:13 INFO Executor: Starting executor ID driver on host fedora-notebook
25/05/26 10:23:13 INFO Executor: OS info Linux, 6.14.6-300.fc42.x86_64, amd64
25/05/26 10:23:13 INFO Executor: Java version 11.0.26
25/05/26 10:23:13 INFO Executor: Starting executor with user classpath (userClassPathFirst = false): ''
25/05/26 10:23:13 INFO Executor: Created or updated repl class loader org.apache.spark.util.MutableURLClassLoader@4e917ee1 for default.
25/05/26 10:23:13 INFO Utils: Successfully started service 'org.apache.spark.network.netty.NettyBlockTransferService' on port 39881.
25/05/26 10:23:13 INFO NettyBlockTransferService: Server created on fedora-notebook:39881
25/05/26 10:23:13 INFO BlockManager: Using org.apache.spark.storage.RandomBlockReplicationPolicy for block replication policy
25/05/26 10:23:13 INFO BlockManagerMaster: Registering BlockManager BlockManagerId(driver, fedora-notebook, 39881, None)
25/05/26 10:23:13 INFO BlockManagerMasterEndpoint: Registering block manager fedora-notebook:39881 with 434.4 MiB RAM, BlockManagerId(driver, fedora-notebook, 39881, None)
25/05/26 10:23:13 INFO BlockManagerMaster: Registered BlockManager BlockManagerId(driver, fedora-notebook, 39881, None)
25/05/26 10:23:13 INFO BlockManager: Initialized BlockManager: BlockManagerId(driver, fedora-notebook, 39881, None)
25/05/26 10:23:14 INFO MemoryStore: Block broadcast_0 stored as values in memory (estimated size 222.2 KiB, free 434.2 MiB)
25/05/26 10:23:14 INFO MemoryStore: Block broadcast_0_piece0 stored as bytes in memory (estimated size 33.2 KiB, free 434.2 MiB)
25/05/26 10:23:14 INFO BlockManagerInfo: Added broadcast_0_piece0 in memory on fedora-notebook:39881 (size: 33.2 KiB, free: 434.4 MiB)
25/05/26 10:23:14 INFO SparkContext: Created broadcast 0 from textFile at NativeMethodAccessorImpl.java:0
25/05/26 10:23:14 INFO SparkContext: Invoking stop() from shutdown hook
25/05/26 10:23:14 INFO SparkContext: SparkContext is stopping with exitCode 0.
25/05/26 10:23:14 INFO SparkUI: Stopped Spark web UI at http://fedora-notebook:4040
25/05/26 10:23:14 INFO MapOutputTrackerMasterEndpoint: MapOutputTrackerMasterEndpoint stopped!
25/05/26 10:23:14 INFO MemoryStore: MemoryStore cleared
25/05/26 10:23:14 INFO BlockManager: BlockManager stopped
25/05/26 10:23:14 INFO BlockManagerMaster: BlockManagerMaster stopped
25/05/26 10:23:14 INFO OutputCommitCoordinator$OutputCommitCoordinatorEndpoint: OutputCommitCoordinator stopped!
25/05/26 10:23:14 INFO SparkContext: Successfully stopped SparkContext
25/05/26 10:23:14 INFO ShutdownHookManager: Shutdown hook called
25/05/26 10:23:14 INFO ShutdownHookManager: Deleting directory /tmp/spark-edf65405-210c-407b-b4ff-53783d5c38f8
25/05/26 10:23:14 INFO ShutdownHookManager: Deleting directory /tmp/spark-39dc649d-9c8a-40b9-9249-2264ad73d0f2
25/05/26 10:23:14 INFO ShutdownHookManager: Deleting directory /tmp/spark-edf65405-210c-407b-b4ff-53783d5c38f8/pyspark-fa273f59-0112-4196-8c3d-19dae09b6528
