25/05/26 07:57:22 INFO SparkContext: Running Spark version 3.5.5
25/05/26 07:57:22 INFO SparkContext: OS info Linux, 6.14.6-300.fc42.x86_64, amd64
25/05/26 07:57:22 INFO SparkContext: Java version 11.0.26
25/05/26 07:57:22 WARN NativeCodeLoader: Unable to load native-hadoop library for your platform... using builtin-java classes where applicable
25/05/26 07:57:22 INFO ResourceUtils: ==============================================================
25/05/26 07:57:22 INFO ResourceUtils: No custom resources configured for spark.driver.
25/05/26 07:57:22 INFO ResourceUtils: ==============================================================
25/05/26 07:57:22 INFO SparkContext: Submitted application: task 1
25/05/26 07:57:22 INFO ResourceProfile: Default ResourceProfile created, executor resources: Map(cores -> name: cores, amount: 1, script: , vendor: , memory -> name: memory, amount: 1024, script: , vendor: , offHeap -> name: offHeap, amount: 0, script: , vendor: ), task resources: Map(cpus -> name: cpus, amount: 1.0)
25/05/26 07:57:22 INFO ResourceProfile: Limiting resource is cpu
25/05/26 07:57:22 INFO ResourceProfileManager: Added ResourceProfile id: 0
25/05/26 07:57:22 INFO SecurityManager: Changing view acls to: giovanni
25/05/26 07:57:22 INFO SecurityManager: Changing modify acls to: giovanni
25/05/26 07:57:22 INFO SecurityManager: Changing view acls groups to: 
25/05/26 07:57:22 INFO SecurityManager: Changing modify acls groups to: 
25/05/26 07:57:22 INFO SecurityManager: SecurityManager: authentication disabled; ui acls disabled; users with view permissions: giovanni; groups with view permissions: EMPTY; users with modify permissions: giovanni; groups with modify permissions: EMPTY
25/05/26 07:57:22 INFO Utils: Successfully started service 'sparkDriver' on port 34027.
25/05/26 07:57:22 INFO SparkEnv: Registering MapOutputTracker
25/05/26 07:57:22 INFO SparkEnv: Registering BlockManagerMaster
25/05/26 07:57:22 INFO BlockManagerMasterEndpoint: Using org.apache.spark.storage.DefaultTopologyMapper for getting topology information
25/05/26 07:57:22 INFO BlockManagerMasterEndpoint: BlockManagerMasterEndpoint up
25/05/26 07:57:22 INFO SparkEnv: Registering BlockManagerMasterHeartbeat
25/05/26 07:57:22 INFO DiskBlockManager: Created local directory at /tmp/blockmgr-96f9eae9-4410-4286-8bd2-be76250d81bf
25/05/26 07:57:22 INFO MemoryStore: MemoryStore started with capacity 434.4 MiB
25/05/26 07:57:22 INFO SparkEnv: Registering OutputCommitCoordinator
25/05/26 07:57:22 INFO JettyUtils: Start Jetty 0.0.0.0:4040 for SparkUI
25/05/26 07:57:22 INFO Utils: Successfully started service 'SparkUI' on port 4040.
25/05/26 07:57:22 INFO Executor: Starting executor ID driver on host desktop-fedora
25/05/26 07:57:22 INFO Executor: OS info Linux, 6.14.6-300.fc42.x86_64, amd64
25/05/26 07:57:22 INFO Executor: Java version 11.0.26
25/05/26 07:57:22 INFO Executor: Starting executor with user classpath (userClassPathFirst = false): ''
25/05/26 07:57:22 INFO Executor: Created or updated repl class loader org.apache.spark.util.MutableURLClassLoader@2747211a for default.
25/05/26 07:57:22 INFO Utils: Successfully started service 'org.apache.spark.network.netty.NettyBlockTransferService' on port 46567.
25/05/26 07:57:22 INFO NettyBlockTransferService: Server created on desktop-fedora:46567
25/05/26 07:57:22 INFO BlockManager: Using org.apache.spark.storage.RandomBlockReplicationPolicy for block replication policy
25/05/26 07:57:22 INFO BlockManagerMaster: Registering BlockManager BlockManagerId(driver, desktop-fedora, 46567, None)
25/05/26 07:57:22 INFO BlockManagerMasterEndpoint: Registering block manager desktop-fedora:46567 with 434.4 MiB RAM, BlockManagerId(driver, desktop-fedora, 46567, None)
25/05/26 07:57:22 INFO BlockManagerMaster: Registered BlockManager BlockManagerId(driver, desktop-fedora, 46567, None)
25/05/26 07:57:22 INFO BlockManager: Initialized BlockManager: BlockManagerId(driver, desktop-fedora, 46567, None)
25/05/26 07:57:23 INFO MemoryStore: Block broadcast_0 stored as values in memory (estimated size 222.2 KiB, free 434.2 MiB)
25/05/26 07:57:23 INFO MemoryStore: Block broadcast_0_piece0 stored as bytes in memory (estimated size 33.2 KiB, free 434.2 MiB)
25/05/26 07:57:23 INFO BlockManagerInfo: Added broadcast_0_piece0 in memory on desktop-fedora:46567 (size: 33.2 KiB, free: 434.4 MiB)
25/05/26 07:57:23 INFO SparkContext: Created broadcast 0 from textFile at NativeMethodAccessorImpl.java:0
25/05/26 07:57:23 INFO FileInputFormat: Total input files to process : 1
25/05/26 07:57:23 INFO deprecation: mapred.output.dir is deprecated. Instead, use mapreduce.output.fileoutputformat.outputdir
25/05/26 07:57:23 INFO HadoopMapRedCommitProtocol: Using output committer class org.apache.hadoop.mapred.FileOutputCommitter
25/05/26 07:57:23 INFO FileOutputCommitter: File Output Committer Algorithm version is 1
25/05/26 07:57:23 INFO FileOutputCommitter: FileOutputCommitter skip cleanup _temporary folders under output directory:false, ignore cleanup failures: false
25/05/26 07:57:23 INFO SparkContext: Starting job: runJob at SparkHadoopWriter.scala:83
25/05/26 07:57:23 INFO DAGScheduler: Registering RDD 3 (reduceByKey at /home/giovanni/Projects/big-data/progetto/task_1/spark-core/spark-job.py:71) as input to shuffle 0
25/05/26 07:57:23 INFO DAGScheduler: Got job 0 (runJob at SparkHadoopWriter.scala:83) with 3 output partitions
25/05/26 07:57:23 INFO DAGScheduler: Final stage: ResultStage 1 (runJob at SparkHadoopWriter.scala:83)
25/05/26 07:57:23 INFO DAGScheduler: Parents of final stage: List(ShuffleMapStage 0)
25/05/26 07:57:23 INFO DAGScheduler: Missing parents: List(ShuffleMapStage 0)
25/05/26 07:57:23 INFO DAGScheduler: Submitting ShuffleMapStage 0 (PairwiseRDD[3] at reduceByKey at /home/giovanni/Projects/big-data/progetto/task_1/spark-core/spark-job.py:71), which has no missing parents
25/05/26 07:57:23 INFO MemoryStore: Block broadcast_1 stored as values in memory (estimated size 15.4 KiB, free 434.1 MiB)
25/05/26 07:57:23 INFO MemoryStore: Block broadcast_1_piece0 stored as bytes in memory (estimated size 9.4 KiB, free 434.1 MiB)
25/05/26 07:57:23 INFO BlockManagerInfo: Added broadcast_1_piece0 in memory on desktop-fedora:46567 (size: 9.4 KiB, free: 434.4 MiB)
25/05/26 07:57:23 INFO SparkContext: Created broadcast 1 from broadcast at DAGScheduler.scala:1585
25/05/26 07:57:23 INFO DAGScheduler: Submitting 3 missing tasks from ShuffleMapStage 0 (PairwiseRDD[3] at reduceByKey at /home/giovanni/Projects/big-data/progetto/task_1/spark-core/spark-job.py:71) (first 15 tasks are for partitions Vector(0, 1, 2))
25/05/26 07:57:23 INFO TaskSchedulerImpl: Adding task set 0.0 with 3 tasks resource profile 0
25/05/26 07:57:23 INFO TaskSetManager: Starting task 0.0 in stage 0.0 (TID 0) (desktop-fedora, executor driver, partition 0, NODE_LOCAL, 9088 bytes) 
25/05/26 07:57:23 INFO TaskSetManager: Starting task 1.0 in stage 0.0 (TID 1) (desktop-fedora, executor driver, partition 1, NODE_LOCAL, 9088 bytes) 
25/05/26 07:57:23 INFO TaskSetManager: Starting task 2.0 in stage 0.0 (TID 2) (desktop-fedora, executor driver, partition 2, NODE_LOCAL, 9088 bytes) 
25/05/26 07:57:23 INFO Executor: Running task 0.0 in stage 0.0 (TID 0)
25/05/26 07:57:23 INFO Executor: Running task 2.0 in stage 0.0 (TID 2)
25/05/26 07:57:23 INFO Executor: Running task 1.0 in stage 0.0 (TID 1)
25/05/26 07:57:23 INFO HadoopRDD: Input split: hdfs://localhost:9000/user/giovanni/input/cleaned_pruned_used_cars_data_5percent.csv:0+134217728
25/05/26 07:57:23 INFO HadoopRDD: Input split: hdfs://localhost:9000/user/giovanni/input/cleaned_pruned_used_cars_data_5percent.csv:134217728+134217728
25/05/26 07:57:23 INFO HadoopRDD: Input split: hdfs://localhost:9000/user/giovanni/input/cleaned_pruned_used_cars_data_5percent.csv:268435456+107168200
25/05/26 07:57:24 INFO PythonRunner: Times: total = 616, boot = 278, init = 36, finish = 302
25/05/26 07:57:24 INFO PythonRunner: Times: total = 697, boot = 275, init = 31, finish = 391
25/05/26 07:57:24 INFO PythonRunner: Times: total = 722, boot = 303, init = 33, finish = 386
25/05/26 07:57:24 INFO Executor: Finished task 0.0 in stage 0.0 (TID 0). 1670 bytes result sent to driver
25/05/26 07:57:24 INFO Executor: Finished task 1.0 in stage 0.0 (TID 1). 1670 bytes result sent to driver
25/05/26 07:57:24 INFO Executor: Finished task 2.0 in stage 0.0 (TID 2). 1670 bytes result sent to driver
25/05/26 07:57:24 INFO TaskSetManager: Finished task 1.0 in stage 0.0 (TID 1) in 905 ms on desktop-fedora (executor driver) (1/3)
25/05/26 07:57:24 INFO TaskSetManager: Finished task 2.0 in stage 0.0 (TID 2) in 906 ms on desktop-fedora (executor driver) (2/3)
25/05/26 07:57:24 INFO TaskSetManager: Finished task 0.0 in stage 0.0 (TID 0) in 915 ms on desktop-fedora (executor driver) (3/3)
25/05/26 07:57:24 INFO TaskSchedulerImpl: Removed TaskSet 0.0, whose tasks have all completed, from pool 
25/05/26 07:57:24 INFO PythonAccumulatorV2: Connected to AccumulatorServer at host: 127.0.0.1 port: 59945
25/05/26 07:57:24 INFO DAGScheduler: ShuffleMapStage 0 (reduceByKey at /home/giovanni/Projects/big-data/progetto/task_1/spark-core/spark-job.py:71) finished in 0.987 s
25/05/26 07:57:24 INFO DAGScheduler: looking for newly runnable stages
25/05/26 07:57:24 INFO DAGScheduler: running: Set()
25/05/26 07:57:24 INFO DAGScheduler: waiting: Set(ResultStage 1)
25/05/26 07:57:24 INFO DAGScheduler: failed: Set()
25/05/26 07:57:24 INFO DAGScheduler: Submitting ResultStage 1 (MapPartitionsRDD[8] at saveAsTextFile at NativeMethodAccessorImpl.java:0), which has no missing parents
25/05/26 07:57:24 INFO MemoryStore: Block broadcast_2 stored as values in memory (estimated size 111.6 KiB, free 434.0 MiB)
25/05/26 07:57:24 INFO MemoryStore: Block broadcast_2_piece0 stored as bytes in memory (estimated size 43.2 KiB, free 434.0 MiB)
25/05/26 07:57:24 INFO BlockManagerInfo: Added broadcast_2_piece0 in memory on desktop-fedora:46567 (size: 43.2 KiB, free: 434.3 MiB)
25/05/26 07:57:24 INFO SparkContext: Created broadcast 2 from broadcast at DAGScheduler.scala:1585
25/05/26 07:57:24 INFO DAGScheduler: Submitting 3 missing tasks from ResultStage 1 (MapPartitionsRDD[8] at saveAsTextFile at NativeMethodAccessorImpl.java:0) (first 15 tasks are for partitions Vector(0, 1, 2))
25/05/26 07:57:24 INFO TaskSchedulerImpl: Adding task set 1.0 with 3 tasks resource profile 0
25/05/26 07:57:24 INFO TaskSetManager: Starting task 0.0 in stage 1.0 (TID 3) (desktop-fedora, executor driver, partition 0, NODE_LOCAL, 8817 bytes) 
25/05/26 07:57:24 INFO TaskSetManager: Starting task 1.0 in stage 1.0 (TID 4) (desktop-fedora, executor driver, partition 1, NODE_LOCAL, 8817 bytes) 
25/05/26 07:57:24 INFO TaskSetManager: Starting task 2.0 in stage 1.0 (TID 5) (desktop-fedora, executor driver, partition 2, NODE_LOCAL, 8817 bytes) 
25/05/26 07:57:24 INFO Executor: Running task 2.0 in stage 1.0 (TID 5)
25/05/26 07:57:24 INFO Executor: Running task 0.0 in stage 1.0 (TID 3)
25/05/26 07:57:24 INFO Executor: Running task 1.0 in stage 1.0 (TID 4)
25/05/26 07:57:24 INFO BlockManagerInfo: Removed broadcast_1_piece0 on desktop-fedora:46567 in memory (size: 9.4 KiB, free: 434.3 MiB)
25/05/26 07:57:24 INFO ShuffleBlockFetcherIterator: Getting 3 (36.7 KiB) non-empty blocks including 3 (36.7 KiB) local and 0 (0.0 B) host-local and 0 (0.0 B) push-merged-local and 0 (0.0 B) remote blocks
25/05/26 07:57:24 INFO ShuffleBlockFetcherIterator: Getting 3 (27.6 KiB) non-empty blocks including 3 (27.6 KiB) local and 0 (0.0 B) host-local and 0 (0.0 B) push-merged-local and 0 (0.0 B) remote blocks
25/05/26 07:57:24 INFO ShuffleBlockFetcherIterator: Getting 3 (30.3 KiB) non-empty blocks including 3 (30.3 KiB) local and 0 (0.0 B) host-local and 0 (0.0 B) push-merged-local and 0 (0.0 B) remote blocks
25/05/26 07:57:24 INFO ShuffleBlockFetcherIterator: Started 0 remote fetches in 8 ms
25/05/26 07:57:24 INFO ShuffleBlockFetcherIterator: Started 0 remote fetches in 8 ms
25/05/26 07:57:24 INFO ShuffleBlockFetcherIterator: Started 0 remote fetches in 8 ms
25/05/26 07:57:24 INFO HadoopMapRedCommitProtocol: Using output committer class org.apache.hadoop.mapred.FileOutputCommitter
25/05/26 07:57:24 INFO HadoopMapRedCommitProtocol: Using output committer class org.apache.hadoop.mapred.FileOutputCommitter
25/05/26 07:57:24 INFO HadoopMapRedCommitProtocol: Using output committer class org.apache.hadoop.mapred.FileOutputCommitter
25/05/26 07:57:24 INFO FileOutputCommitter: File Output Committer Algorithm version is 1
25/05/26 07:57:24 INFO FileOutputCommitter: File Output Committer Algorithm version is 1
25/05/26 07:57:24 INFO FileOutputCommitter: File Output Committer Algorithm version is 1
25/05/26 07:57:24 INFO FileOutputCommitter: FileOutputCommitter skip cleanup _temporary folders under output directory:false, ignore cleanup failures: false
25/05/26 07:57:24 INFO FileOutputCommitter: FileOutputCommitter skip cleanup _temporary folders under output directory:false, ignore cleanup failures: false
25/05/26 07:57:24 INFO FileOutputCommitter: FileOutputCommitter skip cleanup _temporary folders under output directory:false, ignore cleanup failures: false
25/05/26 07:57:24 INFO PythonRunner: Times: total = 12, boot = -210, init = 220, finish = 2
25/05/26 07:57:24 INFO PythonRunner: Times: total = 43, boot = -290, init = 331, finish = 2
25/05/26 07:57:24 INFO PythonRunner: Times: total = 44, boot = -214, init = 255, finish = 3
25/05/26 07:57:24 INFO FileOutputCommitter: Saved output of task 'attempt_202505260757233566141392117113201_0008_m_000002_0' to hdfs://localhost:9000/user/giovanni/output/spark_cleaned_pruned_used_cars_data_5percent_result/_temporary/0/task_202505260757233566141392117113201_0008_m_000002
25/05/26 07:57:24 INFO FileOutputCommitter: Saved output of task 'attempt_202505260757233566141392117113201_0008_m_000000_0' to hdfs://localhost:9000/user/giovanni/output/spark_cleaned_pruned_used_cars_data_5percent_result/_temporary/0/task_202505260757233566141392117113201_0008_m_000000
25/05/26 07:57:24 INFO SparkHadoopMapRedUtil: attempt_202505260757233566141392117113201_0008_m_000002_0: Committed. Elapsed time: 5 ms.
25/05/26 07:57:24 INFO SparkHadoopMapRedUtil: attempt_202505260757233566141392117113201_0008_m_000000_0: Committed. Elapsed time: 5 ms.
25/05/26 07:57:24 INFO Executor: Finished task 2.0 in stage 1.0 (TID 5). 2394 bytes result sent to driver
25/05/26 07:57:24 INFO Executor: Finished task 0.0 in stage 1.0 (TID 3). 2394 bytes result sent to driver
25/05/26 07:57:24 INFO TaskSetManager: Finished task 0.0 in stage 1.0 (TID 3) in 141 ms on desktop-fedora (executor driver) (1/3)
25/05/26 07:57:24 INFO TaskSetManager: Finished task 2.0 in stage 1.0 (TID 5) in 138 ms on desktop-fedora (executor driver) (2/3)
25/05/26 07:57:25 INFO FileOutputCommitter: Saved output of task 'attempt_202505260757233566141392117113201_0008_m_000001_0' to hdfs://localhost:9000/user/giovanni/output/spark_cleaned_pruned_used_cars_data_5percent_result/_temporary/0/task_202505260757233566141392117113201_0008_m_000001
25/05/26 07:57:25 INFO SparkHadoopMapRedUtil: attempt_202505260757233566141392117113201_0008_m_000001_0: Committed. Elapsed time: 3 ms.
25/05/26 07:57:25 INFO Executor: Finished task 1.0 in stage 1.0 (TID 4). 2394 bytes result sent to driver
25/05/26 07:57:25 INFO TaskSetManager: Finished task 1.0 in stage 1.0 (TID 4) in 532 ms on desktop-fedora (executor driver) (3/3)
25/05/26 07:57:25 INFO TaskSchedulerImpl: Removed TaskSet 1.0, whose tasks have all completed, from pool 
25/05/26 07:57:25 INFO DAGScheduler: ResultStage 1 (runJob at SparkHadoopWriter.scala:83) finished in 0.550 s
25/05/26 07:57:25 INFO DAGScheduler: Job 0 is finished. Cancelling potential speculative or zombie tasks for this job
25/05/26 07:57:25 INFO TaskSchedulerImpl: Killing all running tasks in stage 1: Stage finished
25/05/26 07:57:25 INFO DAGScheduler: Job 0 finished: runJob at SparkHadoopWriter.scala:83, took 1.592275 s
25/05/26 07:57:25 INFO SparkHadoopWriter: Start to commit write Job job_202505260757233566141392117113201_0008.
25/05/26 07:57:25 INFO SparkHadoopWriter: Write Job job_202505260757233566141392117113201_0008 committed. Elapsed time: 15 ms.
25/05/26 07:57:25 INFO SparkContext: Invoking stop() from shutdown hook
25/05/26 07:57:25 INFO SparkContext: SparkContext is stopping with exitCode 0.
25/05/26 07:57:25 INFO SparkUI: Stopped Spark web UI at http://desktop-fedora:4040
25/05/26 07:57:25 INFO MapOutputTrackerMasterEndpoint: MapOutputTrackerMasterEndpoint stopped!
25/05/26 07:57:25 INFO MemoryStore: MemoryStore cleared
25/05/26 07:57:25 INFO BlockManager: BlockManager stopped
25/05/26 07:57:25 INFO BlockManagerMaster: BlockManagerMaster stopped
25/05/26 07:57:25 INFO OutputCommitCoordinator$OutputCommitCoordinatorEndpoint: OutputCommitCoordinator stopped!
25/05/26 07:57:25 INFO SparkContext: Successfully stopped SparkContext
25/05/26 07:57:25 INFO ShutdownHookManager: Shutdown hook called
25/05/26 07:57:25 INFO ShutdownHookManager: Deleting directory /tmp/spark-e4e6e061-3e1d-4b6d-8ce3-fe089662d63b/pyspark-1a31969b-9545-4df1-bcde-a187a33f6b07
25/05/26 07:57:25 INFO ShutdownHookManager: Deleting directory /tmp/spark-1b35f76b-cca7-4347-9e78-c784b9463bcd
25/05/26 07:57:25 INFO ShutdownHookManager: Deleting directory /tmp/spark-e4e6e061-3e1d-4b6d-8ce3-fe089662d63b
