which: no hbase in (/home/giovanni/Projects/big-data/.venv/bin:/home/giovanni/hive/bin:/home/giovanni/hadoop-3.4.1/bin:/usr/lib64/openmpi/bin:/home/giovanni/.sdkman/candidates/java/current/bin:/home/giovanni/hadoop-3.4.1/bin:/home/giovanni/.local/bin:/home/giovanni/bin:/usr/share/Modules/bin:/home/giovanni/.cargo/bin:/usr/local/sbin:/usr/local/bin:/usr/sbin:/usr/bin:/home/giovanni/.local/share/JetBrains/Toolbox/scripts:/home/giovanni/SDKs/flutter/bin:/home/giovanni/.local/share/JetBrains/Toolbox/scripts:/home/giovanni/SDKs/flutter/bin:/home/giovanni/minio-binaries)
SLF4J: Class path contains multiple SLF4J bindings.
SLF4J: Found binding in [jar:file:/home/giovanni/hive/lib/log4j-slf4j-impl-2.6.2.jar!/org/slf4j/impl/StaticLoggerBinder.class]
SLF4J: Found binding in [jar:file:/home/giovanni/hadoop-3.4.1/share/hadoop/common/lib/slf4j-reload4j-1.7.36.jar!/org/slf4j/impl/StaticLoggerBinder.class]
SLF4J: See http://www.slf4j.org/codes.html#multiple_bindings for an explanation.
SLF4J: Actual binding is of type [org.apache.logging.slf4j.Log4jLoggerFactory]

Logging initialized using configuration in jar:file:/home/giovanni/hive/lib/hive-common-2.3.9.jar!/hive-log4j2.properties Async: true
WARNING: An illegal reflective access operation has occurred
WARNING: Illegal reflective access by org.apache.hadoop.hive.common.StringInternUtils (file:/home/giovanni/hive/lib/hive-common-2.3.9.jar) to field java.net.URI.string
WARNING: Please consider reporting this to the maintainers of org.apache.hadoop.hive.common.StringInternUtils
WARNING: Use --illegal-access=warn to enable warnings of further illegal reflective access operations
WARNING: All illegal access operations will be denied in a future release
OK
Time taken: 2.253 seconds
OK
Time taken: 0.339 seconds
Loading data to table default.used_cars
OK
Time taken: 0.393 seconds
WARNING: Hive-on-MR is deprecated in Hive 2 and may not be available in the future versions. Consider using a different execution engine (i.e. spark, tez) or using Hive 1.X releases.
Query ID = giovanni_20250607212930_7dee4dea-0581-469e-b27e-a6571a380a3b
Total jobs = 3
Launching Job 1 out of 3
Number of reduce tasks is set to 0 since there's no reduce operator
Job running in-process (local Hadoop)
2025-06-07 21:29:32,815 Stage-1 map = 100%,  reduce = 0%
Ended Job = job_local1205704298_0001
Stage-4 is selected by condition resolver.
Stage-3 is filtered out by condition resolver.
Stage-5 is filtered out by condition resolver.
Moving data to directory hdfs://localhost:9000/user/hive/warehouse/.hive-staging_hive_2025-06-07_21-29-30_825_7111624909988929625-1/-ext-10002
Moving data to directory hdfs://localhost:9000/user/hive/warehouse/categorized_cars
MapReduce Jobs Launched: 
Stage-Stage-1:  HDFS Read: 665376843 HDFS Write: 658038033 SUCCESS
Total MapReduce CPU Time Spent: 0 msec
OK
Time taken: 6.797 seconds
WARNING: Hive-on-MR is deprecated in Hive 2 and may not be available in the future versions. Consider using a different execution engine (i.e. spark, tez) or using Hive 1.X releases.
Query ID = giovanni_20250607212937_4b970b71-1ba6-4375-a585-5e9ec7190daa
Total jobs = 3
Launching Job 1 out of 3
Number of reduce tasks not specified. Estimated from input data size: 2
In order to change the average load for a reducer (in bytes):
  set hive.exec.reducers.bytes.per.reducer=<number>
In order to limit the maximum number of reducers:
  set hive.exec.reducers.max=<number>
In order to set a constant number of reducers:
  set mapreduce.job.reduces=<number>
Job running in-process (local Hadoop)
2025-06-07 21:29:38,897 Stage-1 map = 0%,  reduce = 0%
2025-06-07 21:29:39,900 Stage-1 map = 100%,  reduce = 0%
2025-06-07 21:29:40,903 Stage-1 map = 100%,  reduce = 100%
Ended Job = job_local1497551267_0002
Launching Job 2 out of 3
Number of reduce tasks not specified. Estimated from input data size: 1
In order to change the average load for a reducer (in bytes):
  set hive.exec.reducers.bytes.per.reducer=<number>
In order to limit the maximum number of reducers:
  set hive.exec.reducers.max=<number>
In order to set a constant number of reducers:
  set mapreduce.job.reduces=<number>
Job running in-process (local Hadoop)
2025-06-07 21:29:42,869 Stage-2 map = 100%,  reduce = 100%
Ended Job = job_local1309425355_0003
Launching Job 3 out of 3
Number of reduce tasks not specified. Estimated from input data size: 1
In order to change the average load for a reducer (in bytes):
  set hive.exec.reducers.bytes.per.reducer=<number>
In order to limit the maximum number of reducers:
  set hive.exec.reducers.max=<number>
In order to set a constant number of reducers:
  set mapreduce.job.reduces=<number>
Job running in-process (local Hadoop)
2025-06-07 21:29:44,883 Stage-3 map = 100%,  reduce = 100%
Ended Job = job_local1831707832_0004
Moving data to directory hdfs://localhost:9000/user/hive/warehouse/aggregated_data
MapReduce Jobs Launched: 
Stage-Stage-1:  HDFS Read: 3030557231 HDFS Write: 1569769424 SUCCESS
Stage-Stage-2:  HDFS Read: 1578701910 HDFS Write: 784884712 SUCCESS
Stage-Stage-3:  HDFS Read: 1578701910 HDFS Write: 810286453 SUCCESS
Total MapReduce CPU Time Spent: 0 msec
OK
Time taken: 8.317 seconds
Added resources: [hdfs:///task_2/hive/extract_top_words.py]
WARNING: Hive-on-MR is deprecated in Hive 2 and may not be available in the future versions. Consider using a different execution engine (i.e. spark, tez) or using Hive 1.X releases.
Query ID = giovanni_20250607212945_f45e87cf-249b-4b1a-8673-7ae212e66ca0
Total jobs = 3
Launching Job 1 out of 3
Number of reduce tasks is set to 0 since there's no reduce operator
Job running in-process (local Hadoop)
Invalid input format
Invalid input format
Invalid input format
Invalid input format
Invalid input format
Invalid input format
Invalid input format
Invalid input format
Invalid input format
Invalid input format
Invalid input format
Invalid input format
Invalid input format
Invalid input format
Invalid input format
Invalid input format
Invalid input format
Invalid input format
Invalid input format
Invalid input format
Invalid input format
Invalid input format
Invalid input format
Invalid input format
Invalid input format
Invalid input format
Invalid input format
Invalid input format
Invalid input format
Invalid input format
Invalid input format
Invalid input format
Invalid input format
Invalid input format
Invalid input format
Invalid input format
Invalid input format
Invalid input format
Invalid input format
Invalid input format
Invalid input format
Invalid input format
Invalid input format
Invalid input format
Invalid input format
Invalid input format
Invalid input format
Invalid input format
Invalid input format
Invalid input format
Invalid input format
Invalid input format
Invalid input format
Invalid input format
Invalid input format
Invalid input format
Invalid input format
Invalid input format
Invalid input format
Invalid input format
Invalid input format
Invalid input format
Invalid input format
Invalid input format
Invalid input format
Invalid input format
Invalid input format
Invalid input format
Invalid input format
Invalid input format
Invalid input format
Invalid input format
Invalid input format
2025-06-07 21:29:47,167 Stage-1 map = 100%,  reduce = 0%
Ended Job = job_local1591185105_0005
Stage-4 is selected by condition resolver.
Stage-3 is filtered out by condition resolver.
Stage-5 is filtered out by condition resolver.
Moving data to directory hdfs://localhost:9000/user/hive/warehouse/.hive-staging_hive_2025-06-07_21-29-45_957_5885371994428234457-1/-ext-10001
Moving data to directory hdfs://localhost:9000/user/hive/warehouse/report
MapReduce Jobs Launched: 
Stage-Stage-1:  HDFS Read: 814754195 HDFS Write: 418430121 SUCCESS
Total MapReduce CPU Time Spent: 0 msec
OK
Time taken: 4.185 seconds
OK
Time taken: 0.041 seconds, Fetched: 11843 row(s)
OK
Time taken: 0.162 seconds
OK
Time taken: 0.046 seconds
OK
Time taken: 0.044 seconds
OK
Time taken: 0.039 seconds
