which: no hbase in (/home/giovanni/Projects/big-data/.venv/bin:/home/giovanni/hive/bin:/home/giovanni/hadoop-3.4.1/bin:/usr/lib64/openmpi/bin:/home/giovanni/.sdkman/candidates/java/current/bin:/home/giovanni/hadoop-3.4.1/bin:/home/giovanni/.local/bin:/home/giovanni/bin:/usr/share/Modules/bin:/home/giovanni/.cargo/bin:/usr/local/sbin:/usr/local/bin:/usr/sbin:/usr/bin:/home/giovanni/.local/share/JetBrains/Toolbox/scripts:/home/giovanni/SDKs/flutter/bin:/home/giovanni/.local/share/JetBrains/Toolbox/scripts:/home/giovanni/SDKs/flutter/bin:/home/giovanni/minio-binaries)
SLF4J: Class path contains multiple SLF4J bindings.
SLF4J: Found binding in [jar:file:/home/giovanni/hive/lib/log4j-slf4j-impl-2.6.2.jar!/org/slf4j/impl/StaticLoggerBinder.class]
SLF4J: Found binding in [jar:file:/home/giovanni/hadoop-3.4.1/share/hadoop/common/lib/slf4j-reload4j-1.7.36.jar!/org/slf4j/impl/StaticLoggerBinder.class]
SLF4J: See http://www.slf4j.org/codes.html#multiple_bindings for an explanation.
SLF4J: Actual binding is of type [org.apache.logging.slf4j.Log4jLoggerFactory]

Logging initialized using configuration in jar:file:/home/giovanni/hive/lib/hive-common-2.3.9.jar!/hive-log4j2.properties Async: true
WARNING: An illegal reflective access operation has occurred
WARNING: Illegal reflective access by org.apache.hadoop.hive.common.StringInternUtils (file:/home/giovanni/hive/lib/hive-common-2.3.9.jar) to field java.net.URI.string
WARNING: Please consider reporting this to the maintainers of org.apache.hadoop.hive.common.StringInternUtils
WARNING: Use --illegal-access=warn to enable warnings of further illegal reflective access operations
WARNING: All illegal access operations will be denied in a future release
OK
Time taken: 1.998 seconds
OK
Time taken: 0.295 seconds
Loading data to table default.used_cars
OK
Time taken: 0.548 seconds
WARNING: Hive-on-MR is deprecated in Hive 2 and may not be available in the future versions. Consider using a different execution engine (i.e. spark, tez) or using Hive 1.X releases.
Query ID = giovanni_20250607213041_657ee079-0fee-4a7b-9160-9afbdab422c2
Total jobs = 3
Launching Job 1 out of 3
Number of reduce tasks is set to 0 since there's no reduce operator
Job running in-process (local Hadoop)
2025-06-07 21:30:43,162 Stage-1 map = 100%,  reduce = 0%
Ended Job = job_local1971807855_0001
Stage-4 is selected by condition resolver.
Stage-3 is filtered out by condition resolver.
Stage-5 is filtered out by condition resolver.
Moving data to directory hdfs://localhost:9000/user/hive/warehouse/.hive-staging_hive_2025-06-07_21-30-41_262_7774091731070037437-1/-ext-10002
Moving data to directory hdfs://localhost:9000/user/hive/warehouse/categorized_cars
MapReduce Jobs Launched: 
Stage-Stage-1:  HDFS Read: 108949032994 HDFS Write: 107678204062 SUCCESS
Total MapReduce CPU Time Spent: 0 msec
OK
Time taken: 45.636 seconds
WARNING: Hive-on-MR is deprecated in Hive 2 and may not be available in the future versions. Consider using a different execution engine (i.e. spark, tez) or using Hive 1.X releases.
Query ID = giovanni_20250607213127_ff2da072-cee8-45a6-bf05-7f7e773c6fed
Total jobs = 3
Launching Job 1 out of 3
Number of reduce tasks not specified. Estimated from input data size: 29
In order to change the average load for a reducer (in bytes):
  set hive.exec.reducers.bytes.per.reducer=<number>
In order to limit the maximum number of reducers:
  set hive.exec.reducers.max=<number>
In order to set a constant number of reducers:
  set mapreduce.job.reduces=<number>
Job running in-process (local Hadoop)
2025-06-07 21:31:29,026 Stage-1 map = 0%,  reduce = 0%
2025-06-07 21:31:30,028 Stage-1 map = 4%,  reduce = 0%
2025-06-07 21:31:31,029 Stage-1 map = 7%,  reduce = 0%
2025-06-07 21:31:32,030 Stage-1 map = 11%,  reduce = 0%
2025-06-07 21:31:33,032 Stage-1 map = 14%,  reduce = 0%
2025-06-07 21:31:34,033 Stage-1 map = 18%,  reduce = 0%
2025-06-07 21:31:35,034 Stage-1 map = 21%,  reduce = 0%
2025-06-07 21:31:36,035 Stage-1 map = 25%,  reduce = 0%
2025-06-07 21:31:37,037 Stage-1 map = 29%,  reduce = 0%
2025-06-07 21:31:38,038 Stage-1 map = 32%,  reduce = 0%
2025-06-07 21:31:39,040 Stage-1 map = 36%,  reduce = 0%
2025-06-07 21:31:40,041 Stage-1 map = 39%,  reduce = 0%
2025-06-07 21:31:41,049 Stage-1 map = 100%,  reduce = 0%
2025-06-07 21:31:44,056 Stage-1 map = 54%,  reduce = 0%
2025-06-07 21:31:45,059 Stage-1 map = 100%,  reduce = 0%
2025-06-07 21:31:50,067 Stage-1 map = 71%,  reduce = 0%
2025-06-07 21:31:51,068 Stage-1 map = 75%,  reduce = 0%
2025-06-07 21:31:52,070 Stage-1 map = 100%,  reduce = 0%
2025-06-07 21:32:01,082 Stage-1 map = 100%,  reduce = 3%
2025-06-07 21:32:02,085 Stage-1 map = 100%,  reduce = 10%
2025-06-07 21:32:03,087 Stage-1 map = 100%,  reduce = 100%
2025-06-07 21:32:04,089 Stage-1 map = 100%,  reduce = 21%
2025-06-07 21:32:05,091 Stage-1 map = 100%,  reduce = 28%
2025-06-07 21:32:06,093 Stage-1 map = 100%,  reduce = 31%
2025-06-07 21:32:07,095 Stage-1 map = 100%,  reduce = 38%
2025-06-07 21:32:08,097 Stage-1 map = 100%,  reduce = 100%
2025-06-07 21:32:09,099 Stage-1 map = 100%,  reduce = 48%
2025-06-07 21:32:10,101 Stage-1 map = 100%,  reduce = 55%
2025-06-07 21:32:11,103 Stage-1 map = 100%,  reduce = 62%
2025-06-07 21:32:12,105 Stage-1 map = 100%,  reduce = 66%
2025-06-07 21:32:13,107 Stage-1 map = 100%,  reduce = 72%
2025-06-07 21:32:14,109 Stage-1 map = 100%,  reduce = 79%
2025-06-07 21:32:15,111 Stage-1 map = 100%,  reduce = 83%
2025-06-07 21:32:16,113 Stage-1 map = 100%,  reduce = 90%
2025-06-07 21:32:17,115 Stage-1 map = 100%,  reduce = 97%
2025-06-07 21:32:18,117 Stage-1 map = 100%,  reduce = 100%
Ended Job = job_local1155275040_0002
Launching Job 2 out of 3
Number of reduce tasks not specified. Estimated from input data size: 2
In order to change the average load for a reducer (in bytes):
  set hive.exec.reducers.bytes.per.reducer=<number>
In order to limit the maximum number of reducers:
  set hive.exec.reducers.max=<number>
In order to set a constant number of reducers:
  set mapreduce.job.reduces=<number>
Job running in-process (local Hadoop)
2025-06-07 21:32:20,996 Stage-2 map = 0%,  reduce = 0%
2025-06-07 21:32:21,996 Stage-2 map = 100%,  reduce = 50%
2025-06-07 21:32:22,997 Stage-2 map = 100%,  reduce = 100%
Ended Job = job_local1672305441_0003
Launching Job 3 out of 3
Number of reduce tasks not specified. Estimated from input data size: 2
In order to change the average load for a reducer (in bytes):
  set hive.exec.reducers.bytes.per.reducer=<number>
In order to limit the maximum number of reducers:
  set hive.exec.reducers.max=<number>
In order to set a constant number of reducers:
  set mapreduce.job.reduces=<number>
Job running in-process (local Hadoop)
2025-06-07 21:32:25,009 Stage-3 map = 100%,  reduce = 0%
2025-06-07 21:32:27,010 Stage-3 map = 100%,  reduce = 50%
2025-06-07 21:32:28,011 Stage-3 map = 100%,  reduce = 100%
Ended Job = job_local154333888_0004
Moving data to directory hdfs://localhost:9000/user/hive/warehouse/aggregated_data
MapReduce Jobs Launched: 
Stage-Stage-1:  HDFS Read: 748095878856 HDFS Write: 421108736205 SUCCESS
Stage-Stage-2:  HDFS Read: 59456941292 HDFS Write: 29551490260 SUCCESS
Stage-Stage-3:  HDFS Read: 44592705969 HDFS Write: 22588606758 SUCCESS
Total MapReduce CPU Time Spent: 0 msec
OK
Time taken: 63.008 seconds
Added resources: [hdfs:///task_2/hive/extract_top_words.py]
WARNING: Hive-on-MR is deprecated in Hive 2 and may not be available in the future versions. Consider using a different execution engine (i.e. spark, tez) or using Hive 1.X releases.
Query ID = giovanni_20250607213230_960507b7-ec34-4aed-aef5-71381f0ca87d
Total jobs = 3
Launching Job 1 out of 3
Number of reduce tasks is set to 0 since there's no reduce operator
Job running in-process (local Hadoop)
Invalid input format
Invalid input format
Invalid input format
Invalid input format
Invalid input format
Invalid input format
Invalid input format
Invalid input format
Invalid input format
Invalid input format
Invalid input format
Invalid input format
Invalid input format
Invalid input format
Invalid input format
Invalid input format
Invalid input format
Invalid input format
Invalid input format
Invalid input format
Invalid input format
Invalid input format
Invalid input format
Invalid input format
Invalid input format
Invalid input format
Invalid input format
Invalid input format
Invalid input format
Invalid input format
Invalid input format
Invalid input format
Invalid input format
Invalid input format
Invalid input format
Invalid input format
Invalid input format
Invalid input format
Invalid input format
Invalid input format
Invalid input format
Invalid input format
Invalid input format
Invalid input format
Invalid input format
Invalid input format
Invalid input format
Invalid input format
Invalid input format
Invalid input format
Invalid input format
Invalid input format
Invalid input format
Invalid input format
Invalid input format
Invalid input format
Invalid input format
Invalid input format
Invalid input format
Invalid input format
Invalid input format
Invalid input format
Invalid input format
Invalid input format
Invalid input format
Invalid input format
Invalid input format
Invalid input format
Invalid input format
Invalid input format
Invalid input format
Invalid input format
Invalid input format
Invalid input format
Invalid input format
Invalid input format
Invalid input format
Invalid input format
Invalid input format
Invalid input format
Invalid input format
Invalid input format
Invalid input format
Invalid input format
Invalid input format
Invalid input format
Invalid input format
Invalid input format
Invalid input format
Invalid input format
Invalid input format
Invalid input format
Invalid input format
Invalid input format
Invalid input format
Invalid input format
Invalid input format
Invalid input format
Invalid input format
Invalid input format
Invalid input format
Invalid input format
Invalid input format
Invalid input format
Invalid input format
Invalid input format
Invalid input format
Invalid input format
Invalid input format
Invalid input format
Invalid input format
Invalid input format
Invalid input format
Invalid input format
Invalid input format
Invalid input format
Invalid input format
Invalid input format
Invalid input format
Invalid input format
Invalid input format
Invalid input format
Invalid input format
Invalid input format
Invalid input format
Invalid input format
Invalid input format
Invalid input format
Invalid input format
Invalid input format
Invalid input format
Invalid input format
Invalid input format
Invalid input format
Invalid input format
Invalid input format
Invalid input format
Invalid input format
Invalid input format
Invalid input format
Invalid input format
Invalid input format
Invalid input format
Invalid input format
Invalid input format
Invalid input format
Invalid input format
Invalid input format
Invalid input format
Invalid input format
Invalid input format
Invalid input format
Invalid input format
Invalid input format
Invalid input format
Invalid input format
Invalid input format
Invalid input format
Invalid input format
Invalid input format
Invalid input format
Invalid input format
Invalid input format
Invalid input format
Invalid input format
Invalid input format
Invalid input format
Invalid input format
2025-06-07 21:32:31,355 Stage-1 map = 0%,  reduce = 0%
Invalid input format
Invalid input format
Invalid input format
Invalid input format
Invalid input format
Invalid input format
Invalid input format
Invalid input format
Invalid input format
Invalid input format
Invalid input format
Invalid input format
Invalid input format
Invalid input format
Invalid input format
Invalid input format
Invalid input format
Invalid input format
Invalid input format
Invalid input format
Invalid input format
Invalid input format
Invalid input format
Invalid input format
Invalid input format
Invalid input format
Invalid input format
Invalid input format
Invalid input format
Invalid input format
Invalid input format
Invalid input format
Invalid input format
Invalid input format
Invalid input format
Invalid input format
Invalid input format
Invalid input format
Invalid input format
Invalid input format
Invalid input format
Invalid input format
Invalid input format
Invalid input format
Invalid input format
Invalid input format
Invalid input format
Invalid input format
Invalid input format
Invalid input format
Invalid input format
Invalid input format
Invalid input format
Invalid input format
Invalid input format
Invalid input format
Invalid input format
Invalid input format
Invalid input format
Invalid input format
Invalid input format
Invalid input format
Invalid input format
Invalid input format
Invalid input format
Invalid input format
Invalid input format
Invalid input format
Invalid input format
Invalid input format
Invalid input format
Invalid input format
Invalid input format
Invalid input format
Invalid input format
Invalid input format
Invalid input format
Invalid input format
Invalid input format
Invalid input format
Invalid input format
Invalid input format
Invalid input format
Invalid input format
Invalid input format
Invalid input format
Invalid input format
Invalid input format
Invalid input format
Invalid input format
Invalid input format
Invalid input format
Invalid input format
Invalid input format
Invalid input format
Invalid input format
Invalid input format
Invalid input format
Invalid input format
Invalid input format
Invalid input format
Invalid input format
Invalid input format
Invalid input format
Invalid input format
Invalid input format
Invalid input format
Invalid input format
Invalid input format
Invalid input format
Invalid input format
Invalid input format
Invalid input format
Invalid input format
Invalid input format
Invalid input format
Invalid input format
Invalid input format
Invalid input format
Invalid input format
Invalid input format
Invalid input format
Invalid input format
Invalid input format
Invalid input format
Invalid input format
Invalid input format
Invalid input format
Invalid input format
Invalid input format
Invalid input format
Invalid input format
Invalid input format
Invalid input format
Invalid input format
Invalid input format
Invalid input format
Invalid input format
Invalid input format
Invalid input format
Invalid input format
Invalid input format
Invalid input format
Invalid input format
Invalid input format
Invalid input format
Invalid input format
Invalid input format
Invalid input format
Invalid input format
Invalid input format
Invalid input format
Invalid input format
Invalid input format
Invalid input format
Invalid input format
Invalid input format
Invalid input format
Invalid input format
Invalid input format
Invalid input format
Invalid input format
Invalid input format
Invalid input format
Invalid input format
Invalid input format
Invalid input format
Invalid input format
Invalid input format
Invalid input format
Invalid input format
Invalid input format
Invalid input format
Invalid input format
Invalid input format
Invalid input format
Invalid input format
Invalid input format
Invalid input format
Invalid input format
Invalid input format
Invalid input format
Invalid input format
Invalid input format
Invalid input format
Invalid input format
Invalid input format
Invalid input format
Invalid input format
Invalid input format
Invalid input format
Invalid input format
Invalid input format
Invalid input format
Invalid input format
Invalid input format
Invalid input format
Invalid input format
Invalid input format
Invalid input format
Invalid input format
Invalid input format
Invalid input format
Invalid input format
Invalid input format
Invalid input format
Invalid input format
Invalid input format
Invalid input format
Invalid input format
Invalid input format
Invalid input format
Invalid input format
Invalid input format
Invalid input format
Invalid input format
Invalid input format
Invalid input format
Invalid input format
Invalid input format
Invalid input format
Invalid input format
Invalid input format
Invalid input format
Invalid input format
Invalid input format
Invalid input format
Invalid input format
Invalid input format
Invalid input format
Invalid input format
Invalid input format
Invalid input format
Invalid input format
Invalid input format
Invalid input format
Invalid input format
Invalid input format
Invalid input format
Invalid input format
Invalid input format
Invalid input format
Invalid input format
Invalid input format
Invalid input format
Invalid input format
Invalid input format
Invalid input format
Invalid input format
Invalid input format
Invalid input format
Invalid input format
Invalid input format
Invalid input format
Invalid input format
Invalid input format
Invalid input format
Invalid input format
Invalid input format
Invalid input format
Invalid input format
Invalid input format
Invalid input format
Invalid input format
Invalid input format
Invalid input format
Invalid input format
Invalid input format
Invalid input format
Invalid input format
Invalid input format
Invalid input format
Invalid input format
Invalid input format
Invalid input format
Invalid input format
Invalid input format
Invalid input format
Invalid input format
Invalid input format
Invalid input format
Invalid input format
Invalid input format
Invalid input format
Invalid input format
Invalid input format
Invalid input format
Invalid input format
Invalid input format
Invalid input format
Invalid input format
Invalid input format
Invalid input format
Invalid input format
Invalid input format
Invalid input format
Invalid input format
Invalid input format
Invalid input format
Invalid input format
Invalid input format
Invalid input format
Invalid input format
Invalid input format
Invalid input format
Invalid input format
Invalid input format
Invalid input format
Invalid input format
Invalid input format
Invalid input format
Invalid input format
Invalid input format
Invalid input format
Invalid input format
Invalid input format
Invalid input format
Invalid input format
Invalid input format
Invalid input format
Invalid input format
Invalid input format
Invalid input format
Invalid input format
Invalid input format
Invalid input format
Invalid input format
Invalid input format
Invalid input format
Invalid input format
Invalid input format
Invalid input format
Invalid input format
Invalid input format
Invalid input format
Invalid input format
Invalid input format
Invalid input format
Invalid input format
Invalid input format
Invalid input format
Invalid input format
Invalid input format
Invalid input format
Invalid input format
Invalid input format
Invalid input format
Invalid input format
Invalid input format
Invalid input format
Invalid input format
Invalid input format
Invalid input format
Invalid input format
Invalid input format
Invalid input format
Invalid input format
Invalid input format
Invalid input format
Invalid input format
Invalid input format
Invalid input format
Invalid input format
Invalid input format
Invalid input format
Invalid input format
Invalid input format
Invalid input format
Invalid input format
Invalid input format
Invalid input format
Invalid input format
Invalid input format
Invalid input format
Invalid input format
Invalid input format
Invalid input format
Invalid input format
Invalid input format
Invalid input format
Invalid input format
Invalid input format
Invalid input format
Invalid input format
Invalid input format
Invalid input format
Invalid input format
Invalid input format
Invalid input format
Invalid input format
Invalid input format
Invalid input format
Invalid input format
Invalid input format
Invalid input format
Invalid input format
Invalid input format
Invalid input format
Invalid input format
Invalid input format
Invalid input format
Invalid input format
Invalid input format
Invalid input format
Invalid input format
Invalid input format
Invalid input format
Invalid input format
Invalid input format
Invalid input format
Invalid input format
Invalid input format
Invalid input format
Invalid input format
Invalid input format
Invalid input format
Invalid input format
Invalid input format
Invalid input format
Invalid input format
Invalid input format
Invalid input format
Invalid input format
Invalid input format
Invalid input format
Invalid input format
Invalid input format
Invalid input format
Invalid input format
Invalid input format
Invalid input format
Invalid input format
Invalid input format
Invalid input format
Invalid input format
Invalid input format
Invalid input format
Invalid input format
Invalid input format
Invalid input format
Invalid input format
Invalid input format
Invalid input format
Invalid input format
Invalid input format
Invalid input format
Invalid input format
Invalid input format
Invalid input format
Invalid input format
Invalid input format
Invalid input format
Invalid input format
Invalid input format
Invalid input format
Invalid input format
Invalid input format
Invalid input format
Invalid input format
Invalid input format
Invalid input format
Invalid input format
Invalid input format
Invalid input format
Invalid input format
Invalid input format
Invalid input format
Invalid input format
Invalid input format
Invalid input format
Invalid input format
Invalid input format
Invalid input format
Invalid input format
Invalid input format
Invalid input format
Invalid input format
Invalid input format
Invalid input format
Invalid input format
Invalid input format
Invalid input format
Invalid input format
Invalid input format
Invalid input format
Invalid input format
Invalid input format
Invalid input format
Invalid input format
Invalid input format
Invalid input format
Invalid input format
Invalid input format
Invalid input format
Invalid input format
Invalid input format
Invalid input format
Invalid input format
Invalid input format
Invalid input format
Invalid input format
Invalid input format
Invalid input format
Invalid input format
Invalid input format
Invalid input format
Invalid input format
Invalid input format
Invalid input format
Invalid input format
Invalid input format
Invalid input format
Invalid input format
Invalid input format
Invalid input format
Invalid input format
Invalid input format
Invalid input format
Invalid input format
Invalid input format
Invalid input format
Invalid input format
Invalid input format
Invalid input format
Invalid input format
Invalid input format
Invalid input format
Invalid input format
Invalid input format
Invalid input format
Invalid input format
Invalid input format
Invalid input format
Invalid input format
Invalid input format
Invalid input format
Invalid input format
Invalid input format
Invalid input format
Invalid input format
Invalid input format
Invalid input format
Invalid input format
Invalid input format
Invalid input format
Invalid input format
Invalid input format
Invalid input format
Invalid input format
Invalid input format
Invalid input format
Invalid input format
Invalid input format
Invalid input format
Invalid input format
Invalid input format
Invalid input format
Invalid input format
Invalid input format
Invalid input format
Invalid input format
Invalid input format
Invalid input format
Invalid input format
Invalid input format
Invalid input format
Invalid input format
Invalid input format
Invalid input format
Invalid input format
Invalid input format
Invalid input format
Invalid input format
Invalid input format
Invalid input format
Invalid input format
Invalid input format
Invalid input format
Invalid input format
Invalid input format
Invalid input format
Invalid input format
Invalid input format
Invalid input format
Invalid input format
Invalid input format
Invalid input format
Invalid input format
Invalid input format
Invalid input format
Invalid input format
Invalid input format
Invalid input format
Invalid input format
Invalid input format
Invalid input format
Invalid input format
Invalid input format
Invalid input format
Invalid input format
Invalid input format
Invalid input format
Invalid input format
Invalid input format
Invalid input format
Invalid input format
Invalid input format
Invalid input format
Invalid input format
Invalid input format
Invalid input format
Invalid input format
Invalid input format
Invalid input format
Invalid input format
Invalid input format
Invalid input format
Invalid input format
Invalid input format
Invalid input format
Invalid input format
Invalid input format
Invalid input format
Invalid input format
Invalid input format
Invalid input format
Invalid input format
Invalid input format
Invalid input format
Invalid input format
Invalid input format
Invalid input format
Invalid input format
Invalid input format
Invalid input format
Invalid input format
Invalid input format
Invalid input format
Invalid input format
Invalid input format
Invalid input format
Invalid input format
Invalid input format
Invalid input format
Invalid input format
Invalid input format
Invalid input format
Invalid input format
Invalid input format
Invalid input format
Invalid input format
Invalid input format
Invalid input format
Invalid input format
Invalid input format
Invalid input format
Invalid input format
Invalid input format
Invalid input format
Invalid input format
Invalid input format
Invalid input format
Invalid input format
Invalid input format
Invalid input format
Invalid input format
Invalid input format
Invalid input format
Invalid input format
Invalid input format
Invalid input format
Invalid input format
Invalid input format
Invalid input format
Invalid input format
Invalid input format
Invalid input format
Invalid input format
Invalid input format
Invalid input format
Invalid input format
Invalid input format
Invalid input format
Invalid input format
Invalid input format
Invalid input format
Invalid input format
Invalid input format
Invalid input format
Invalid input format
Invalid input format
Invalid input format
Invalid input format
Invalid input format
Invalid input format
Invalid input format
Invalid input format
Invalid input format
Invalid input format
Invalid input format
Invalid input format
Invalid input format
Invalid input format
Invalid input format
Invalid input format
Invalid input format
Invalid input format
Invalid input format
Invalid input format
Invalid input format
Invalid input format
Invalid input format
Invalid input format
Invalid input format
Invalid input format
Invalid input format
Invalid input format
Invalid input format
Invalid input format
Invalid input format
Invalid input format
Invalid input format
Invalid input format
Invalid input format
Invalid input format
Invalid input format
Invalid input format
Invalid input format
Invalid input format
Invalid input format
Invalid input format
Invalid input format
Invalid input format
Invalid input format
Invalid input format
Invalid input format
Invalid input format
Invalid input format
Invalid input format
Invalid input format
Invalid input format
Invalid input format
Invalid input format
Invalid input format
Invalid input format
Invalid input format
Invalid input format
Invalid input format
Invalid input format
Invalid input format
Invalid input format
Invalid input format
Invalid input format
Invalid input format
Invalid input format
Invalid input format
Invalid input format
Invalid input format
Invalid input format
Invalid input format
Invalid input format
Invalid input format
Invalid input format
Invalid input format
Invalid input format
Invalid input format
Invalid input format
Invalid input format
Invalid input format
Invalid input format
Invalid input format
Invalid input format
Invalid input format
Invalid input format
Invalid input format
Invalid input format
Invalid input format
Invalid input format
Invalid input format
Invalid input format
Invalid input format
Invalid input format
Invalid input format
Invalid input format
Invalid input format
Invalid input format
Invalid input format
Invalid input format
Invalid input format
Invalid input format
Invalid input format
Invalid input format
Invalid input format
Invalid input format
Invalid input format
Invalid input format
Invalid input format
Invalid input format
Invalid input format
Invalid input format
Invalid input format
Invalid input format
Invalid input format
Invalid input format
Invalid input format
Invalid input format
Invalid input format
Invalid input format
Invalid input format
Invalid input format
Invalid input format
Invalid input format
Invalid input format
Invalid input format
Invalid input format
Invalid input format
Invalid input format
Invalid input format
Invalid input format
Invalid input format
Invalid input format
Invalid input format
Invalid input format
Invalid input format
Invalid input format
Invalid input format
Invalid input format
Invalid input format
Invalid input format
Invalid input format
Invalid input format
Invalid input format
Invalid input format
Invalid input format
Invalid input format
Invalid input format
Invalid input format
Invalid input format
Invalid input format
Invalid input format
Invalid input format
Invalid input format
Invalid input format
Invalid input format
Invalid input format
Invalid input format
Invalid input format
Invalid input format
Invalid input format
Invalid input format
Invalid input format
Invalid input format
Invalid input format
Invalid input format
Invalid input format
Invalid input format
Invalid input format
Invalid input format
Invalid input format
Invalid input format
Invalid input format
Invalid input format
Invalid input format
Invalid input format
Invalid input format
Invalid input format
Invalid input format
Invalid input format
Invalid input format
Invalid input format
Invalid input format
Invalid input format
Invalid input format
Invalid input format
Invalid input format
Invalid input format
Invalid input format
Invalid input format
Invalid input format
Invalid input format
Invalid input format
Invalid input format
Invalid input format
Invalid input format
Invalid input format
Invalid input format
Invalid input format
Invalid input format
Invalid input format
Invalid input format
Invalid input format
Invalid input format
Invalid input format
Invalid input format
Invalid input format
Invalid input format
Invalid input format
Invalid input format
Invalid input format
Invalid input format
Invalid input format
Invalid input format
Invalid input format
Invalid input format
Invalid input format
Invalid input format
Invalid input format
Invalid input format
Invalid input format
Invalid input format
Invalid input format
Invalid input format
Invalid input format
Invalid input format
Invalid input format
Invalid input format
Invalid input format
Invalid input format
Invalid input format
Invalid input format
Invalid input format
Invalid input format
Invalid input format
Invalid input format
Invalid input format
Invalid input format
Invalid input format
Invalid input format
Invalid input format
Invalid input format
Invalid input format
Invalid input format
Invalid input format
Invalid input format
Invalid input format
Invalid input format
Invalid input format
Invalid input format
Invalid input format
Invalid input format
Invalid input format
Invalid input format
Invalid input format
Invalid input format
Invalid input format
Invalid input format
Invalid input format
Invalid input format
Invalid input format
Invalid input format
Invalid input format
Invalid input format
Invalid input format
Invalid input format
Invalid input format
Invalid input format
Invalid input format
Invalid input format
Invalid input format
Invalid input format
Invalid input format
Invalid input format
Invalid input format
Invalid input format
Invalid input format
Invalid input format
Invalid input format
Invalid input format
Invalid input format
Invalid input format
Invalid input format
Invalid input format
Invalid input format
Invalid input format
Invalid input format
Invalid input format
Invalid input format
Invalid input format
Invalid input format
Invalid input format
Invalid input format
Invalid input format
Invalid input format
Invalid input format
Invalid input format
Invalid input format
Invalid input format
Invalid input format
Invalid input format
Invalid input format
Invalid input format
Invalid input format
Invalid input format
Invalid input format
Invalid input format
Invalid input format
Invalid input format
Invalid input format
Invalid input format
Invalid input format
Invalid input format
Invalid input format
Invalid input format
Invalid input format
Invalid input format
Invalid input format
Invalid input format
Invalid input format
Invalid input format
Invalid input format
Invalid input format
Invalid input format
Invalid input format
Invalid input format
Invalid input format
Invalid input format
Invalid input format
Invalid input format
Invalid input format
Invalid input format
Invalid input format
Invalid input format
Invalid input format
Invalid input format
Invalid input format
Invalid input format
Invalid input format
Invalid input format
Invalid input format
Invalid input format
Invalid input format
Invalid input format
Invalid input format
Invalid input format
Invalid input format
Invalid input format
Invalid input format
Invalid input format
Invalid input format
Invalid input format
Invalid input format
Invalid input format
Invalid input format
Invalid input format
Invalid input format
Invalid input format
Invalid input format
Invalid input format
Invalid input format
Invalid input format
Invalid input format
Invalid input format
Invalid input format
Invalid input format
Invalid input format
Invalid input format
Invalid input format
Invalid input format
Invalid input format
Invalid input format
Invalid input format
Invalid input format
Invalid input format
Invalid input format
Invalid input format
Invalid input format
Invalid input format
Invalid input format
Invalid input format
Invalid input format
Invalid input format
Invalid input format
Invalid input format
Invalid input format
Invalid input format
Invalid input format
Invalid input format
Invalid input format
Invalid input format
Invalid input format
Invalid input format
Invalid input format
Invalid input format
Invalid input format
Invalid input format
Invalid input format
Invalid input format
Invalid input format
Invalid input format
Invalid input format
Invalid input format
Invalid input format
Invalid input format
Invalid input format
Invalid input format
Invalid input format
Invalid input format
Invalid input format
Invalid input format
Invalid input format
Invalid input format
Invalid input format
Invalid input format
Invalid input format
Invalid input format
Invalid input format
Invalid input format
Invalid input format
Invalid input format
Invalid input format
Invalid input format
Invalid input format
Invalid input format
Invalid input format
Invalid input format
Invalid input format
Invalid input format
Invalid input format
Invalid input format
Invalid input format
Invalid input format
Invalid input format
Invalid input format
Invalid input format
Invalid input format
Invalid input format
Invalid input format
Invalid input format
Invalid input format
Invalid input format
Invalid input format
Invalid input format
Invalid input format
Invalid input format
Invalid input format
Invalid input format
Invalid input format
Invalid input format
Invalid input format
Invalid input format
Invalid input format
Invalid input format
Invalid input format
Invalid input format
Invalid input format
Invalid input format
Invalid input format
Invalid input format
Invalid input format
Invalid input format
Invalid input format
Invalid input format
Invalid input format
Invalid input format
Invalid input format
Invalid input format
Invalid input format
Invalid input format
Invalid input format
Invalid input format
Invalid input format
Invalid input format
Invalid input format
Invalid input format
Invalid input format
Invalid input format
Invalid input format
Invalid input format
Invalid input format
Invalid input format
Invalid input format
Invalid input format
Invalid input format
Invalid input format
Invalid input format
Invalid input format
Invalid input format
Invalid input format
Invalid input format
Invalid input format
Invalid input format
Invalid input format
Invalid input format
Invalid input format
Invalid input format
Invalid input format
Invalid input format
Invalid input format
Invalid input format
Invalid input format
Invalid input format
Invalid input format
Invalid input format
Invalid input format
Invalid input format
Invalid input format
Invalid input format
Invalid input format
Invalid input format
Invalid input format
Invalid input format
Invalid input format
Invalid input format
Invalid input format
Invalid input format
Invalid input format
Invalid input format
Invalid input format
Invalid input format
Invalid input format
Invalid input format
Invalid input format
Invalid input format
Invalid input format
Invalid input format
Invalid input format
Invalid input format
Invalid input format
Invalid input format
Invalid input format
Invalid input format
Invalid input format
Invalid input format
Invalid input format
Invalid input format
Invalid input format
Invalid input format
Invalid input format
Invalid input format
Invalid input format
Invalid input format
Invalid input format
Invalid input format
Invalid input format
Invalid input format
Invalid input format
Invalid input format
Invalid input format
Invalid input format
Invalid input format
Invalid input format
Invalid input format
Invalid input format
Invalid input format
Invalid input format
Invalid input format
Invalid input format
Invalid input format
Invalid input format
Invalid input format
Invalid input format
Invalid input format
Invalid input format
Invalid input format
Invalid input format
Invalid input format
Invalid input format
Invalid input format
Invalid input format
Invalid input format
Invalid input format
Invalid input format
Invalid input format
Invalid input format
Invalid input format
Invalid input format
Invalid input format
Invalid input format
Invalid input format
Invalid input format
Invalid input format
Invalid input format
Invalid input format
Invalid input format
Invalid input format
Invalid input format
Invalid input format
Invalid input format
Invalid input format
Invalid input format
Invalid input format
Invalid input format
Invalid input format
Invalid input format
Invalid input format
Invalid input format
Invalid input format
Invalid input format
Invalid input format
Invalid input format
Invalid input format
Invalid input format
Invalid input format
Invalid input format
Invalid input format
Invalid input format
Invalid input format
Invalid input format
Invalid input format
Invalid input format
Invalid input format
Invalid input format
Invalid input format
Invalid input format
Invalid input format
Invalid input format
Invalid input format
Invalid input format
Invalid input format
Invalid input format
Invalid input format
Invalid input format
Invalid input format
Invalid input format
Invalid input format
Invalid input format
Invalid input format
Invalid input format
Invalid input format
Invalid input format
Invalid input format
Invalid input format
Invalid input format
Invalid input format
Invalid input format
Invalid input format
Invalid input format
Invalid input format
Invalid input format
Invalid input format
Invalid input format
Invalid input format
Invalid input format
Invalid input format
Invalid input format
Invalid input format
Invalid input format
Invalid input format
Invalid input format
Invalid input format
Invalid input format
Invalid input format
Invalid input format
Invalid input format
Invalid input format
Invalid input format
Invalid input format
Invalid input format
Invalid input format
Invalid input format
Invalid input format
Invalid input format
Invalid input format
Invalid input format
Invalid input format
Invalid input format
Invalid input format
Invalid input format
Invalid input format
Invalid input format
Invalid input format
Invalid input format
Invalid input format
Invalid input format
Invalid input format
Invalid input format
Invalid input format
Invalid input format
Invalid input format
Invalid input format
Invalid input format
Invalid input format
Invalid input format
Invalid input format
Invalid input format
Invalid input format
Invalid input format
Invalid input format
Invalid input format
Invalid input format
Invalid input format
Invalid input format
Invalid input format
Invalid input format
Invalid input format
Invalid input format
Invalid input format
Invalid input format
Invalid input format
Invalid input format
Invalid input format
Invalid input format
Invalid input format
Invalid input format
Invalid input format
Invalid input format
Invalid input format
Invalid input format
Invalid input format
Invalid input format
Invalid input format
Invalid input format
Invalid input format
Invalid input format
Invalid input format
Invalid input format
Invalid input format
Invalid input format
Invalid input format
Invalid input format
Invalid input format
Invalid input format
Invalid input format
Invalid input format
Invalid input format
Invalid input format
Invalid input format
Invalid input format
Invalid input format
Invalid input format
Invalid input format
Invalid input format
Invalid input format
Invalid input format
Invalid input format
Invalid input format
Invalid input format
Invalid input format
Invalid input format
Invalid input format
Invalid input format
Invalid input format
Invalid input format
Invalid input format
Invalid input format
Invalid input format
Invalid input format
Invalid input format
Invalid input format
Invalid input format
Invalid input format
Invalid input format
Invalid input format
Invalid input format
Invalid input format
Invalid input format
Invalid input format
Invalid input format
Invalid input format
Invalid input format
Invalid input format
Invalid input format
Invalid input format
Invalid input format
Invalid input format
Invalid input format
Invalid input format
Invalid input format
Invalid input format
Invalid input format
Invalid input format
Invalid input format
Invalid input format
Invalid input format
Invalid input format
Invalid input format
Invalid input format
Invalid input format
Invalid input format
Invalid input format
Invalid input format
Invalid input format
Invalid input format
Invalid input format
Invalid input format
Invalid input format
Invalid input format
Invalid input format
Invalid input format
Invalid input format
Invalid input format
Invalid input format
Invalid input format
Invalid input format
Invalid input format
Invalid input format
Invalid input format
Invalid input format
Invalid input format
Invalid input format
Invalid input format
Invalid input format
Invalid input format
Invalid input format
Invalid input format
Invalid input format
Invalid input format
Invalid input format
Invalid input format
Invalid input format
Invalid input format
Invalid input format
Invalid input format
Invalid input format
Invalid input format
Invalid input format
Invalid input format
Invalid input format
Invalid input format
Invalid input format
Invalid input format
Invalid input format
Invalid input format
Invalid input format
Invalid input format
Invalid input format
Invalid input format
Invalid input format
Invalid input format
Invalid input format
Invalid input format
Invalid input format
Invalid input format
Invalid input format
Invalid input format
Invalid input format
Invalid input format
Invalid input format
Invalid input format
Invalid input format
Invalid input format
Invalid input format
Invalid input format
Invalid input format
Invalid input format
Invalid input format
Invalid input format
Invalid input format
Invalid input format
Invalid input format
Invalid input format
Invalid input format
Invalid input format
Invalid input format
Invalid input format
Invalid input format
Invalid input format
Invalid input format
Invalid input format
Invalid input format
Invalid input format
Invalid input format
Invalid input format
Invalid input format
Invalid input format
Invalid input format
Invalid input format
Invalid input format
Invalid input format
Invalid input format
Invalid input format
Invalid input format
Invalid input format
Invalid input format
Invalid input format
Invalid input format
Invalid input format
Invalid input format
Invalid input format
Invalid input format
Invalid input format
Invalid input format
Invalid input format
Invalid input format
Invalid input format
Invalid input format
Invalid input format
Invalid input format
Invalid input format
Invalid input format
Invalid input format
Invalid input format
Invalid input format
Invalid input format
Invalid input format
Invalid input format
Invalid input format
Invalid input format
Invalid input format
Invalid input format
Invalid input format
Invalid input format
Invalid input format
Invalid input format
Invalid input format
Invalid input format
Invalid input format
Invalid input format
Invalid input format
Invalid input format
Invalid input format
Invalid input format
Invalid input format
Invalid input format
Invalid input format
Invalid input format
2025-06-07 21:32:39,357 Stage-1 map = 100%,  reduce = 0%
Invalid input format
Invalid input format
Invalid input format
Invalid input format
Invalid input format
Invalid input format
Invalid input format
Invalid input format
Invalid input format
Invalid input format
Invalid input format
Invalid input format
Invalid input format
Invalid input format
Invalid input format
Invalid input format
Invalid input format
Ended Job = job_local645230601_0005
Stage-4 is filtered out by condition resolver.
Stage-3 is selected by condition resolver.
Stage-5 is filtered out by condition resolver.
Launching Job 3 out of 3
Number of reduce tasks is set to 0 since there's no reduce operator
Job running in-process (local Hadoop)
2025-06-07 21:32:45,236 Stage-3 map = 100%,  reduce = 0%
Ended Job = job_local1001365588_0006
Moving data to directory hdfs://localhost:9000/user/hive/warehouse/report
MapReduce Jobs Launched: 
Stage-Stage-1:  HDFS Read: 30287696908 HDFS Write: 15353277922 SUCCESS
Stage-Stage-3:  HDFS Read: 15153084459 HDFS Write: 7682437966 SUCCESS
Total MapReduce CPU Time Spent: 0 msec
OK
Time taken: 16.188 seconds
OK
Time taken: 0.045 seconds, Fetched: 116136 row(s)
OK
Time taken: 0.168 seconds
OK
Time taken: 0.046 seconds
OK
Time taken: 0.044 seconds
OK
Time taken: 0.047 seconds
