which: no hbase in (/home/giovanni/Projects/big-data/.venv/bin:/home/giovanni/hive/bin:/home/giovanni/hadoop-3.4.1/bin:/usr/lib64/openmpi/bin:/home/giovanni/.sdkman/candidates/java/current/bin:/home/giovanni/hadoop-3.4.1/bin:/home/giovanni/.local/bin:/home/giovanni/bin:/usr/share/Modules/bin:/home/giovanni/.cargo/bin:/usr/local/sbin:/usr/local/bin:/usr/sbin:/usr/bin:/home/giovanni/.local/share/JetBrains/Toolbox/scripts:/home/giovanni/SDKs/flutter/bin:/home/giovanni/.local/share/JetBrains/Toolbox/scripts:/home/giovanni/SDKs/flutter/bin:/home/giovanni/minio-binaries)
SLF4J: Class path contains multiple SLF4J bindings.
SLF4J: Found binding in [jar:file:/home/giovanni/hive/lib/log4j-slf4j-impl-2.6.2.jar!/org/slf4j/impl/StaticLoggerBinder.class]
SLF4J: Found binding in [jar:file:/home/giovanni/hadoop-3.4.1/share/hadoop/common/lib/slf4j-reload4j-1.7.36.jar!/org/slf4j/impl/StaticLoggerBinder.class]
SLF4J: See http://www.slf4j.org/codes.html#multiple_bindings for an explanation.
SLF4J: Actual binding is of type [org.apache.logging.slf4j.Log4jLoggerFactory]

Logging initialized using configuration in jar:file:/home/giovanni/hive/lib/hive-common-2.3.9.jar!/hive-log4j2.properties Async: true
WARNING: An illegal reflective access operation has occurred
WARNING: Illegal reflective access by org.apache.hadoop.hive.common.StringInternUtils (file:/home/giovanni/hive/lib/hive-common-2.3.9.jar) to field java.net.URI.string
WARNING: Please consider reporting this to the maintainers of org.apache.hadoop.hive.common.StringInternUtils
WARNING: Use --illegal-access=warn to enable warnings of further illegal reflective access operations
WARNING: All illegal access operations will be denied in a future release
OK
Time taken: 2.718 seconds
OK
Time taken: 0.267 seconds
Loading data to table default.cars
OK
Time taken: 0.388 seconds
OK
Time taken: 0.017 seconds
OK
Time taken: 0.014 seconds
OK
Time taken: 0.015 seconds
OK
Time taken: 0.014 seconds
OK
Time taken: 0.013 seconds
OK
Time taken: 0.479 seconds
