which: no hbase in (/home/giovanni/Projects/big-data/.venv/bin:/home/giovanni/hive/bin:/home/giovanni/hadoop-3.4.1/bin:/usr/lib64/openmpi/bin:/home/giovanni/.sdkman/candidates/java/current/bin:/home/giovanni/hadoop-3.4.1/bin:/home/giovanni/.local/bin:/home/giovanni/bin:/usr/share/Modules/bin:/home/giovanni/.cargo/bin:/usr/local/sbin:/usr/local/bin:/usr/sbin:/usr/bin:/home/giovanni/.local/share/JetBrains/Toolbox/scripts:/home/giovanni/SDKs/flutter/bin:/home/giovanni/.local/share/JetBrains/Toolbox/scripts:/home/giovanni/SDKs/flutter/bin:/home/giovanni/minio-binaries)
SLF4J: Class path contains multiple SLF4J bindings.
SLF4J: Found binding in [jar:file:/home/giovanni/hive/lib/log4j-slf4j-impl-2.6.2.jar!/org/slf4j/impl/StaticLoggerBinder.class]
SLF4J: Found binding in [jar:file:/home/giovanni/hadoop-3.4.1/share/hadoop/common/lib/slf4j-reload4j-1.7.36.jar!/org/slf4j/impl/StaticLoggerBinder.class]
SLF4J: See http://www.slf4j.org/codes.html#multiple_bindings for an explanation.
SLF4J: Actual binding is of type [org.apache.logging.slf4j.Log4jLoggerFactory]

Logging initialized using configuration in jar:file:/home/giovanni/hive/lib/hive-common-2.3.9.jar!/hive-log4j2.properties Async: true
WARNING: An illegal reflective access operation has occurred
WARNING: Illegal reflective access by org.apache.hadoop.hive.common.StringInternUtils (file:/home/giovanni/hive/lib/hive-common-2.3.9.jar) to field java.net.URI.string
WARNING: Please consider reporting this to the maintainers of org.apache.hadoop.hive.common.StringInternUtils
WARNING: Use --illegal-access=warn to enable warnings of further illegal reflective access operations
WARNING: All illegal access operations will be denied in a future release
OK
Time taken: 2.805 seconds
OK
Time taken: 0.295 seconds
Loading data to table default.used_cars
OK
Time taken: 0.375 seconds
WARNING: Hive-on-MR is deprecated in Hive 2 and may not be available in the future versions. Consider using a different execution engine (i.e. spark, tez) or using Hive 1.X releases.
Query ID = giovanni_20250607212909_c11c8956-f99d-4135-b1fb-40fe08cddc0f
Total jobs = 3
Launching Job 1 out of 3
Number of reduce tasks is set to 0 since there's no reduce operator
Job running in-process (local Hadoop)
2025-06-07 21:29:11,112 Stage-1 map = 100%,  reduce = 0%
Ended Job = job_local162801622_0001
Stage-4 is selected by condition resolver.
Stage-3 is filtered out by condition resolver.
Stage-5 is filtered out by condition resolver.
Moving data to directory hdfs://localhost:9000/user/hive/warehouse/.hive-staging_hive_2025-06-07_21-29-09_223_6670811064324852782-1/-ext-10002
Moving data to directory hdfs://localhost:9000/user/hive/warehouse/categorized_cars
MapReduce Jobs Launched: 
Stage-Stage-1:  HDFS Read: 86628597 HDFS Write: 85722641 SUCCESS
Total MapReduce CPU Time Spent: 0 msec
OK
Time taken: 4.721 seconds
WARNING: Hive-on-MR is deprecated in Hive 2 and may not be available in the future versions. Consider using a different execution engine (i.e. spark, tez) or using Hive 1.X releases.
Query ID = giovanni_20250607212913_a53d7840-a41c-4df4-bb68-148be6437b20
Total jobs = 3
Launching Job 1 out of 3
Number of reduce tasks not specified. Estimated from input data size: 1
In order to change the average load for a reducer (in bytes):
  set hive.exec.reducers.bytes.per.reducer=<number>
In order to limit the maximum number of reducers:
  set hive.exec.reducers.max=<number>
In order to set a constant number of reducers:
  set mapreduce.job.reduces=<number>
Job running in-process (local Hadoop)
2025-06-07 21:29:15,267 Stage-1 map = 100%,  reduce = 100%
Ended Job = job_local1352779017_0002
Launching Job 2 out of 3
Number of reduce tasks not specified. Estimated from input data size: 1
In order to change the average load for a reducer (in bytes):
  set hive.exec.reducers.bytes.per.reducer=<number>
In order to limit the maximum number of reducers:
  set hive.exec.reducers.max=<number>
In order to set a constant number of reducers:
  set mapreduce.job.reduces=<number>
Job running in-process (local Hadoop)
2025-06-07 21:29:17,243 Stage-2 map = 100%,  reduce = 100%
Ended Job = job_local273025961_0003
Launching Job 3 out of 3
Number of reduce tasks not specified. Estimated from input data size: 1
In order to change the average load for a reducer (in bytes):
  set hive.exec.reducers.bytes.per.reducer=<number>
In order to limit the maximum number of reducers:
  set hive.exec.reducers.max=<number>
In order to set a constant number of reducers:
  set mapreduce.job.reduces=<number>
Job running in-process (local Hadoop)
2025-06-07 21:29:19,251 Stage-3 map = 100%,  reduce = 100%
Ended Job = job_local1271030320_0004
Moving data to directory hdfs://localhost:9000/user/hive/warehouse/aggregated_data
MapReduce Jobs Launched: 
Stage-Stage-1:  HDFS Read: 344702476 HDFS Write: 171445282 SUCCESS
Stage-Stage-2:  HDFS Read: 344702476 HDFS Write: 171445282 SUCCESS
Stage-Stage-3:  HDFS Read: 344702476 HDFS Write: 177654130 SUCCESS
Total MapReduce CPU Time Spent: 0 msec
OK
Time taken: 6.337 seconds
Added resources: [hdfs:///task_2/hive/extract_top_words.py]
WARNING: Hive-on-MR is deprecated in Hive 2 and may not be available in the future versions. Consider using a different execution engine (i.e. spark, tez) or using Hive 1.X releases.
Query ID = giovanni_20250607212920_5ab90375-c7dd-40b0-8762-5c1c88d2e798
Total jobs = 3
Launching Job 1 out of 3
Number of reduce tasks is set to 0 since there's no reduce operator
Job running in-process (local Hadoop)
Invalid input format
Invalid input format
Invalid input format
Invalid input format
Invalid input format
Invalid input format
Invalid input format
Invalid input format
Invalid input format
Invalid input format
Invalid input format
Invalid input format
Invalid input format
Invalid input format
Invalid input format
Invalid input format
Invalid input format
Invalid input format
Invalid input format
Invalid input format
2025-06-07 21:29:21,502 Stage-1 map = 100%,  reduce = 0%
Ended Job = job_local1494131599_0005
Stage-4 is selected by condition resolver.
Stage-3 is filtered out by condition resolver.
Stage-5 is filtered out by condition resolver.
Moving data to directory hdfs://localhost:9000/user/hive/warehouse/.hive-staging_hive_2025-06-07_21-29-20_297_7414354050960715903-1/-ext-10001
Moving data to directory hdfs://localhost:9000/user/hive/warehouse/report
MapReduce Jobs Launched: 
Stage-Stage-1:  HDFS Read: 178561585 HDFS Write: 92082134 SUCCESS
Total MapReduce CPU Time Spent: 0 msec
OK
Time taken: 4.182 seconds
OK
Time taken: 0.048 seconds, Fetched: 3008 row(s)
OK
Time taken: 0.167 seconds
OK
Time taken: 0.046 seconds
OK
Time taken: 0.063 seconds
OK
Time taken: 0.07 seconds
