2025-06-09 18:33:32,250 INFO impl.MetricsConfig: Loaded properties from hadoop-metrics2.properties
2025-06-09 18:33:32,330 INFO impl.MetricsSystemImpl: Scheduled Metric snapshot period at 10 second(s).
2025-06-09 18:33:32,330 INFO impl.MetricsSystemImpl: JobTracker metrics system started
2025-06-09 18:33:32,352 WARN impl.MetricsSystemImpl: JobTracker metrics system already initialized!
2025-06-09 18:33:32,569 INFO mapred.FileInputFormat: Total input files to process : 1
2025-06-09 18:33:32,621 INFO mapreduce.JobSubmitter: number of splits:12
2025-06-09 18:33:32,764 INFO mapreduce.JobSubmitter: Submitting tokens for job: job_local1665178781_0001
2025-06-09 18:33:32,764 INFO mapreduce.JobSubmitter: Executing with tokens: []
2025-06-09 18:33:32,887 INFO mapreduce.Job: The url to track the job: http://localhost:8080/
2025-06-09 18:33:32,889 INFO mapred.LocalJobRunner: OutputCommitter set in config null
2025-06-09 18:33:32,889 INFO mapreduce.Job: Running job: job_local1665178781_0001
2025-06-09 18:33:32,892 INFO mapred.LocalJobRunner: OutputCommitter is org.apache.hadoop.mapred.FileOutputCommitter
2025-06-09 18:33:32,899 INFO output.FileOutputCommitter: File Output Committer Algorithm version is 2
2025-06-09 18:33:32,899 INFO output.FileOutputCommitter: FileOutputCommitter skip cleanup _temporary folders under output directory:false, ignore cleanup failures: false
2025-06-09 18:33:32,977 INFO mapred.LocalJobRunner: Waiting for map tasks
2025-06-09 18:33:32,980 INFO mapred.LocalJobRunner: Starting task: attempt_local1665178781_0001_m_000000_0
2025-06-09 18:33:33,002 INFO output.FileOutputCommitter: File Output Committer Algorithm version is 2
2025-06-09 18:33:33,002 INFO output.FileOutputCommitter: FileOutputCommitter skip cleanup _temporary folders under output directory:false, ignore cleanup failures: false
2025-06-09 18:33:33,016 INFO mapred.Task:  Using ResourceCalculatorProcessTree : [ ]
2025-06-09 18:33:33,023 INFO mapred.MapTask: Processing split: hdfs://localhost:9000/user/emilia/input/cleaned_pruned_used_cars_data_20percent.csv:0+134217728
2025-06-09 18:33:33,039 INFO mapred.MapTask: numReduceTasks: 1
2025-06-09 18:33:33,081 INFO mapred.MapTask: (EQUATOR) 0 kvi 26214396(104857584)
2025-06-09 18:33:33,081 INFO mapred.MapTask: mapreduce.task.io.sort.mb: 100
2025-06-09 18:33:33,081 INFO mapred.MapTask: soft limit at 83886080
2025-06-09 18:33:33,081 INFO mapred.MapTask: bufstart = 0; bufvoid = 104857600
2025-06-09 18:33:33,081 INFO mapred.MapTask: kvstart = 26214396; length = 6553600
2025-06-09 18:33:33,086 INFO mapred.MapTask: Map output collector class = org.apache.hadoop.mapred.MapTask$MapOutputBuffer
2025-06-09 18:33:33,092 INFO streaming.PipeMapRed: PipeMapRed exec [/home/emilia/Documents/big-data/progetto/task_2/mapreduce/./mapper.py]
2025-06-09 18:33:33,095 INFO Configuration.deprecation: mapred.work.output.dir is deprecated. Instead, use mapreduce.task.output.dir
2025-06-09 18:33:33,097 INFO Configuration.deprecation: mapred.local.dir is deprecated. Instead, use mapreduce.cluster.local.dir
2025-06-09 18:33:33,098 INFO Configuration.deprecation: map.input.file is deprecated. Instead, use mapreduce.map.input.file
2025-06-09 18:33:33,098 INFO Configuration.deprecation: map.input.length is deprecated. Instead, use mapreduce.map.input.length
2025-06-09 18:33:33,098 INFO Configuration.deprecation: mapred.job.id is deprecated. Instead, use mapreduce.job.id
2025-06-09 18:33:33,098 INFO Configuration.deprecation: mapred.task.partition is deprecated. Instead, use mapreduce.task.partition
2025-06-09 18:33:33,099 INFO Configuration.deprecation: map.input.start is deprecated. Instead, use mapreduce.map.input.start
2025-06-09 18:33:33,100 INFO Configuration.deprecation: mapred.task.is.map is deprecated. Instead, use mapreduce.task.ismap
2025-06-09 18:33:33,100 INFO Configuration.deprecation: mapred.task.id is deprecated. Instead, use mapreduce.task.attempt.id
2025-06-09 18:33:33,100 INFO Configuration.deprecation: mapred.tip.id is deprecated. Instead, use mapreduce.task.id
2025-06-09 18:33:33,101 INFO Configuration.deprecation: mapred.skip.on is deprecated. Instead, use mapreduce.job.skiprecords
2025-06-09 18:33:33,101 INFO Configuration.deprecation: user.name is deprecated. Instead, use mapreduce.job.user.name
2025-06-09 18:33:33,215 INFO streaming.PipeMapRed: R/W/S=1/0/0 in:NA [rec/s] out:NA [rec/s]
2025-06-09 18:33:33,215 INFO streaming.PipeMapRed: R/W/S=10/0/0 in:NA [rec/s] out:NA [rec/s]
2025-06-09 18:33:33,224 INFO streaming.PipeMapRed: R/W/S=100/0/0 in:NA [rec/s] out:NA [rec/s]
2025-06-09 18:33:33,225 INFO streaming.PipeMapRed: Records R/W=110/1
2025-06-09 18:33:33,307 INFO streaming.PipeMapRed: R/W/S=1000/936/0 in:NA [rec/s] out:NA [rec/s]
2025-06-09 18:33:33,514 INFO streaming.PipeMapRed: R/W/S=10000/9963/0 in:NA [rec/s] out:NA [rec/s]
2025-06-09 18:33:33,834 INFO mapred.MapTask: Spilling map output
2025-06-09 18:33:33,835 INFO mapred.MapTask: bufstart = 0; bufend = 83428979; bufvoid = 104857600
2025-06-09 18:33:33,835 INFO mapred.MapTask: kvstart = 26214396(104857584); kvend = 26099480(104397920); length = 114917/6553600
2025-06-09 18:33:33,835 INFO mapred.MapTask: (EQUATOR) 83543907 kvi 20885972(83543888)
2025-06-09 18:33:33,895 INFO mapreduce.Job: Job job_local1665178781_0001 running in uber mode : false
2025-06-09 18:33:33,896 INFO mapreduce.Job:  map 0% reduce 0%
2025-06-09 18:33:34,119 INFO mapred.MapTask: Finished spill 0
2025-06-09 18:33:34,120 INFO mapred.MapTask: (RESET) equator 83543907 kv 20885972(83543888) kvi 20857252(83429008)
2025-06-09 18:33:34,260 INFO streaming.PipeMapRed: MRErrorThread done
2025-06-09 18:33:34,260 INFO streaming.PipeMapRed: mapRedFinished
2025-06-09 18:33:34,263 INFO mapred.LocalJobRunner: 
2025-06-09 18:33:34,263 INFO mapred.MapTask: Starting flush of map output
2025-06-09 18:33:34,263 INFO mapred.MapTask: Spilling map output
2025-06-09 18:33:34,263 INFO mapred.MapTask: bufstart = 83543907; bufend = 28294705; bufvoid = 104857600
2025-06-09 18:33:34,263 INFO mapred.MapTask: kvstart = 20885972(83543888); kvend = 20813160(83252640); length = 72813/6553600
2025-06-09 18:33:34,379 INFO mapred.MapTask: Finished spill 1
2025-06-09 18:33:34,388 INFO mapred.Merger: Merging 2 sorted segments
2025-06-09 18:33:34,392 INFO mapred.Merger: Down to the last merge-pass, with 2 segments left of total size: 133220514 bytes
2025-06-09 18:33:34,790 INFO mapred.Task: Task:attempt_local1665178781_0001_m_000000_0 is done. And is in the process of committing
2025-06-09 18:33:34,793 INFO mapred.LocalJobRunner: Records R/W=110/1 > sort
2025-06-09 18:33:34,793 INFO mapred.Task: Task 'attempt_local1665178781_0001_m_000000_0' done.
2025-06-09 18:33:34,798 INFO mapred.Task: Final Counters for attempt_local1665178781_0001_m_000000_0: Counters: 23
	File System Counters
		FILE: Number of bytes read=133363638
		FILE: Number of bytes written=267306620
		FILE: Number of read operations=0
		FILE: Number of large read operations=0
		FILE: Number of write operations=0
		HDFS: Number of bytes read=134221824
		HDFS: Number of bytes written=0
		HDFS: Number of read operations=5
		HDFS: Number of large read operations=0
		HDFS: Number of write operations=1
		HDFS: Number of bytes read erasure-coded=0
	Map-Reduce Framework
		Map input records=46935
		Map output records=46934
		Map output bytes=133037377
		Map output materialized bytes=133220529
		Input split bytes=135
		Combine input records=0
		Spilled Records=93868
		Failed Shuffles=0
		Merged Map outputs=0
		GC time elapsed (ms)=18
		Total committed heap usage (bytes)=162529280
	File Input Format Counters 
		Bytes Read=134221824
2025-06-09 18:33:34,798 INFO mapred.LocalJobRunner: Finishing task: attempt_local1665178781_0001_m_000000_0
2025-06-09 18:33:34,798 INFO mapred.LocalJobRunner: Starting task: attempt_local1665178781_0001_m_000001_0
2025-06-09 18:33:34,799 INFO output.FileOutputCommitter: File Output Committer Algorithm version is 2
2025-06-09 18:33:34,799 INFO output.FileOutputCommitter: FileOutputCommitter skip cleanup _temporary folders under output directory:false, ignore cleanup failures: false
2025-06-09 18:33:34,800 INFO mapred.Task:  Using ResourceCalculatorProcessTree : [ ]
2025-06-09 18:33:34,801 INFO mapred.MapTask: Processing split: hdfs://localhost:9000/user/emilia/input/cleaned_pruned_used_cars_data_20percent.csv:134217728+134217728
2025-06-09 18:33:34,807 INFO mapred.MapTask: numReduceTasks: 1
2025-06-09 18:33:34,812 INFO mapred.MapTask: (EQUATOR) 0 kvi 26214396(104857584)
2025-06-09 18:33:34,812 INFO mapred.MapTask: mapreduce.task.io.sort.mb: 100
2025-06-09 18:33:34,812 INFO mapred.MapTask: soft limit at 83886080
2025-06-09 18:33:34,812 INFO mapred.MapTask: bufstart = 0; bufvoid = 104857600
2025-06-09 18:33:34,812 INFO mapred.MapTask: kvstart = 26214396; length = 6553600
2025-06-09 18:33:34,813 INFO mapred.MapTask: Map output collector class = org.apache.hadoop.mapred.MapTask$MapOutputBuffer
2025-06-09 18:33:34,815 INFO streaming.PipeMapRed: PipeMapRed exec [/home/emilia/Documents/big-data/progetto/task_2/mapreduce/./mapper.py]
2025-06-09 18:33:34,825 INFO streaming.PipeMapRed: R/W/S=1/0/0 in:NA [rec/s] out:NA [rec/s]
2025-06-09 18:33:34,826 INFO streaming.PipeMapRed: R/W/S=10/0/0 in:NA [rec/s] out:NA [rec/s]
2025-06-09 18:33:34,841 INFO streaming.PipeMapRed: Records R/W=39/1
2025-06-09 18:33:34,857 INFO streaming.PipeMapRed: R/W/S=100/68/0 in:NA [rec/s] out:NA [rec/s]
2025-06-09 18:33:34,874 INFO streaming.PipeMapRed: R/W/S=1000/960/0 in:NA [rec/s] out:NA [rec/s]
2025-06-09 18:33:34,901 INFO mapreduce.Job:  map 100% reduce 0%
2025-06-09 18:33:34,986 INFO streaming.PipeMapRed: R/W/S=10000/9952/0 in:NA [rec/s] out:NA [rec/s]
2025-06-09 18:33:35,221 INFO mapred.MapTask: Spilling map output
2025-06-09 18:33:35,221 INFO mapred.MapTask: bufstart = 0; bufend = 83412907; bufvoid = 104857600
2025-06-09 18:33:35,221 INFO mapred.MapTask: kvstart = 26214396(104857584); kvend = 26095228(104380912); length = 119169/6553600
2025-06-09 18:33:35,221 INFO mapred.MapTask: (EQUATOR) 83532075 kvi 20883012(83532048)
2025-06-09 18:33:35,433 INFO mapred.MapTask: Finished spill 0
2025-06-09 18:33:35,433 INFO mapred.MapTask: (RESET) equator 83532075 kv 20883012(83532048) kvi 20853232(83412928)
2025-06-09 18:33:35,575 INFO streaming.PipeMapRed: MRErrorThread done
2025-06-09 18:33:35,575 INFO streaming.PipeMapRed: mapRedFinished
2025-06-09 18:33:35,576 INFO mapred.LocalJobRunner: 
2025-06-09 18:33:35,576 INFO mapred.MapTask: Starting flush of map output
2025-06-09 18:33:35,576 INFO mapred.MapTask: Spilling map output
2025-06-09 18:33:35,576 INFO mapred.MapTask: bufstart = 83532075; bufend = 28201360; bufvoid = 104857600
2025-06-09 18:33:35,576 INFO mapred.MapTask: kvstart = 20883012(83532048); kvend = 20802508(83210032); length = 80505/6553600
2025-06-09 18:33:35,689 INFO mapred.MapTask: Finished spill 1
2025-06-09 18:33:35,690 INFO mapred.Merger: Merging 2 sorted segments
2025-06-09 18:33:35,691 INFO mapred.Merger: Down to the last merge-pass, with 2 segments left of total size: 133136600 bytes
2025-06-09 18:33:35,901 INFO mapreduce.Job:  map 8% reduce 0%
2025-06-09 18:33:36,180 INFO mapred.Task: Task:attempt_local1665178781_0001_m_000001_0 is done. And is in the process of committing
2025-06-09 18:33:36,190 INFO mapred.LocalJobRunner: Records R/W=39/1 > sort
2025-06-09 18:33:36,191 INFO mapred.Task: Task 'attempt_local1665178781_0001_m_000001_0' done.
2025-06-09 18:33:36,191 INFO mapred.Task: Final Counters for attempt_local1665178781_0001_m_000001_0: Counters: 23
	File System Counters
		FILE: Number of bytes read=266501913
		FILE: Number of bytes written=533579894
		FILE: Number of read operations=0
		FILE: Number of large read operations=0
		FILE: Number of write operations=0
		HDFS: Number of bytes read=268443648
		HDFS: Number of bytes written=0
		HDFS: Number of read operations=7
		HDFS: Number of large read operations=0
		HDFS: Number of write operations=1
		HDFS: Number of bytes read erasure-coded=0
	Map-Reduce Framework
		Map input records=49921
		Map output records=49920
		Map output bytes=132939792
		Map output materialized bytes=133136618
		Input split bytes=135
		Combine input records=0
		Spilled Records=99840
		Failed Shuffles=0
		Merged Map outputs=0
		GC time elapsed (ms)=2
		Total committed heap usage (bytes)=163577856
	File Input Format Counters 
		Bytes Read=134221824
2025-06-09 18:33:36,192 INFO mapred.LocalJobRunner: Finishing task: attempt_local1665178781_0001_m_000001_0
2025-06-09 18:33:36,192 INFO mapred.LocalJobRunner: Starting task: attempt_local1665178781_0001_m_000002_0
2025-06-09 18:33:36,194 INFO output.FileOutputCommitter: File Output Committer Algorithm version is 2
2025-06-09 18:33:36,194 INFO output.FileOutputCommitter: FileOutputCommitter skip cleanup _temporary folders under output directory:false, ignore cleanup failures: false
2025-06-09 18:33:36,194 INFO mapred.Task:  Using ResourceCalculatorProcessTree : [ ]
2025-06-09 18:33:36,197 INFO mapred.MapTask: Processing split: hdfs://localhost:9000/user/emilia/input/cleaned_pruned_used_cars_data_20percent.csv:268435456+134217728
2025-06-09 18:33:36,205 INFO mapred.MapTask: numReduceTasks: 1
2025-06-09 18:33:36,213 INFO mapred.MapTask: (EQUATOR) 0 kvi 26214396(104857584)
2025-06-09 18:33:36,213 INFO mapred.MapTask: mapreduce.task.io.sort.mb: 100
2025-06-09 18:33:36,213 INFO mapred.MapTask: soft limit at 83886080
2025-06-09 18:33:36,213 INFO mapred.MapTask: bufstart = 0; bufvoid = 104857600
2025-06-09 18:33:36,213 INFO mapred.MapTask: kvstart = 26214396; length = 6553600
2025-06-09 18:33:36,213 INFO mapred.MapTask: Map output collector class = org.apache.hadoop.mapred.MapTask$MapOutputBuffer
2025-06-09 18:33:36,216 INFO streaming.PipeMapRed: PipeMapRed exec [/home/emilia/Documents/big-data/progetto/task_2/mapreduce/./mapper.py]
2025-06-09 18:33:36,225 INFO streaming.PipeMapRed: R/W/S=1/0/0 in:NA [rec/s] out:NA [rec/s]
2025-06-09 18:33:36,229 INFO streaming.PipeMapRed: R/W/S=10/0/0 in:NA [rec/s] out:NA [rec/s]
2025-06-09 18:33:36,246 INFO streaming.PipeMapRed: Records R/W=41/1
2025-06-09 18:33:36,247 INFO streaming.PipeMapRed: R/W/S=100/75/0 in:NA [rec/s] out:NA [rec/s]
2025-06-09 18:33:36,259 INFO streaming.PipeMapRed: R/W/S=1000/951/0 in:NA [rec/s] out:NA [rec/s]
2025-06-09 18:33:36,368 INFO streaming.PipeMapRed: R/W/S=10000/9941/0 in:NA [rec/s] out:NA [rec/s]
2025-06-09 18:33:36,668 INFO mapred.MapTask: Spilling map output
2025-06-09 18:33:36,668 INFO mapred.MapTask: bufstart = 0; bufend = 83336780; bufvoid = 104857600
2025-06-09 18:33:36,668 INFO mapred.MapTask: kvstart = 26214396(104857584); kvend = 26076896(104307584); length = 137501/6553600
2025-06-09 18:33:36,668 INFO mapred.MapTask: (EQUATOR) 83474284 kvi 20868564(83474256)
2025-06-09 18:33:36,902 INFO mapreduce.Job:  map 100% reduce 0%
2025-06-09 18:33:36,918 INFO mapred.MapTask: Finished spill 0
2025-06-09 18:33:36,918 INFO mapred.MapTask: (RESET) equator 83474284 kv 20868564(83474256) kvi 20835804(83343216)
Error processing line: edmond,12,private seller, i am not a dealer, no financing and not interested in trades**
Error: list index out of range
Error processing line: ,6200.0,4000,chevrolet,camaro,17800.0,2013
Error: list index out of range
Error processing line: doylestown,22,car great shape, very low mileage, recently inspected, brand new alternator installed. hardtop convertible works perfectly. clean car fax everything works.
Error: list index out of range
Error processing line: fort lauderdale,15,sold new for 153,000! hard top convertible! fully loaded! 0 issues with the car! garaged everyday during ownership. black on black/anthracite leather. options list includes:
Error: list index out of range
Error processing line: car had minor rear accident during 1st owner's tenure - rear bumper was completely replaced by a dealership. ,5500.0,5300,mercedes-benz,sl-class,48000.0,2013
Error: list index out of range
2025-06-09 18:33:37,057 INFO streaming.PipeMapRed: MRErrorThread done
2025-06-09 18:33:37,057 INFO streaming.PipeMapRed: mapRedFinished
2025-06-09 18:33:37,058 INFO mapred.LocalJobRunner: 
2025-06-09 18:33:37,058 INFO mapred.MapTask: Starting flush of map output
2025-06-09 18:33:37,058 INFO mapred.MapTask: Spilling map output
2025-06-09 18:33:37,058 INFO mapred.MapTask: bufstart = 83474284; bufend = 28076136; bufvoid = 104857600
2025-06-09 18:33:37,058 INFO mapred.MapTask: kvstart = 20868564(83474256); kvend = 20785304(83141216); length = 83261/6553600
2025-06-09 18:33:37,172 INFO mapred.MapTask: Finished spill 1
2025-06-09 18:33:37,173 INFO mapred.Merger: Merging 2 sorted segments
2025-06-09 18:33:37,173 INFO mapred.Merger: Down to the last merge-pass, with 2 segments left of total size: 133013280 bytes
2025-06-09 18:33:37,584 INFO mapred.Task: Task:attempt_local1665178781_0001_m_000002_0 is done. And is in the process of committing
2025-06-09 18:33:37,593 INFO mapred.LocalJobRunner: Records R/W=41/1 > sort
2025-06-09 18:33:37,593 INFO mapred.Task: Task 'attempt_local1665178781_0001_m_000002_0' done.
2025-06-09 18:33:37,595 INFO mapred.Task: Final Counters for attempt_local1665178781_0001_m_000002_0: Counters: 23
	File System Counters
		FILE: Number of bytes read=399516870
		FILE: Number of bytes written=799606532
		FILE: Number of read operations=0
		FILE: Number of large read operations=0
		FILE: Number of write operations=0
		HDFS: Number of bytes read=402665472
		HDFS: Number of bytes written=0
		HDFS: Number of read operations=9
		HDFS: Number of large read operations=0
		HDFS: Number of write operations=1
		HDFS: Number of bytes read erasure-coded=0
	Map-Reduce Framework
		Map input records=55198
		Map output records=55192
		Map output bytes=132796232
		Map output materialized bytes=133013300
		Input split bytes=135
		Combine input records=0
		Spilled Records=110384
		Failed Shuffles=0
		Merged Map outputs=0
		GC time elapsed (ms)=4
		Total committed heap usage (bytes)=164626432
	File Input Format Counters 
		Bytes Read=134221824
2025-06-09 18:33:37,596 INFO mapred.LocalJobRunner: Finishing task: attempt_local1665178781_0001_m_000002_0
2025-06-09 18:33:37,596 INFO mapred.LocalJobRunner: Starting task: attempt_local1665178781_0001_m_000003_0
2025-06-09 18:33:37,603 INFO output.FileOutputCommitter: File Output Committer Algorithm version is 2
2025-06-09 18:33:37,603 INFO output.FileOutputCommitter: FileOutputCommitter skip cleanup _temporary folders under output directory:false, ignore cleanup failures: false
2025-06-09 18:33:37,607 INFO mapred.Task:  Using ResourceCalculatorProcessTree : [ ]
2025-06-09 18:33:37,618 INFO mapred.MapTask: Processing split: hdfs://localhost:9000/user/emilia/input/cleaned_pruned_used_cars_data_20percent.csv:402653184+134217728
2025-06-09 18:33:37,676 INFO mapred.MapTask: numReduceTasks: 1
2025-06-09 18:33:37,699 INFO mapred.MapTask: (EQUATOR) 0 kvi 26214396(104857584)
2025-06-09 18:33:37,699 INFO mapred.MapTask: mapreduce.task.io.sort.mb: 100
2025-06-09 18:33:37,699 INFO mapred.MapTask: soft limit at 83886080
2025-06-09 18:33:37,699 INFO mapred.MapTask: bufstart = 0; bufvoid = 104857600
2025-06-09 18:33:37,699 INFO mapred.MapTask: kvstart = 26214396; length = 6553600
2025-06-09 18:33:37,701 INFO mapred.MapTask: Map output collector class = org.apache.hadoop.mapred.MapTask$MapOutputBuffer
2025-06-09 18:33:37,721 INFO streaming.PipeMapRed: PipeMapRed exec [/home/emilia/Documents/big-data/progetto/task_2/mapreduce/./mapper.py]
2025-06-09 18:33:37,736 INFO streaming.PipeMapRed: R/W/S=1/0/0 in:NA [rec/s] out:NA [rec/s]
2025-06-09 18:33:37,736 INFO streaming.PipeMapRed: R/W/S=10/0/0 in:NA [rec/s] out:NA [rec/s]
2025-06-09 18:33:37,753 INFO streaming.PipeMapRed: Records R/W=52/1
Error processing line: hesperia,15,toyota tundra sr double cab 57 4x4bluetooth, premium wheels,trd package, off-road package, tow package
Error: list index out of range
Error processing line: ,5700.0,3810,toyota,tundra,19750.0,2013
Error: list index out of range
2025-06-09 18:33:37,754 INFO streaming.PipeMapRed: R/W/S=100/65/0 in:NA [rec/s] out:NA [rec/s]
2025-06-09 18:33:37,763 INFO streaming.PipeMapRed: R/W/S=1000/944/0 in:NA [rec/s] out:NA [rec/s]
Error processing line: - optima redtop battery (moved to the trunk),4600.0,3200,ford,mustang svt cobra,14500.0,1999
Error: list index out of range
2025-06-09 18:33:37,869 INFO streaming.PipeMapRed: R/W/S=10000/9956/0 in:NA [rec/s] out:NA [rec/s]
Error processing line: malvern,42,selling 2018 audi q7 well equipped cool features this car amazing condition, inside and out and comes loaded with the following options and packages:
Error: list index out of range
Error processing line: ,3000.0,3330,audi,q7,38500.0,2018
Error: list index out of range
Error processing line: naples,299,2017 ferrari 488 gtbone of a kind, outstanding concourse condition,thousands dollars aftermarket performance mods, too much to list
Error: list index out of range
Error processing line: flushing,15,well taken care 2016 mustang gt premium performance pack premium sound system car recently serviced new tires, an alignment, and oil change. this car spent most of its life in the midwest and has very little nyc wear and tear on it.
Error: list index out of range
Error processing line: ,5000.0,4350,ford,mustang,32398.0,2016
Error: list index out of range
Error processing line: kissimmee,19,1999 ram 3500 cummins diesel laramie slt trim all custom built price is obo, feel free to make offers! email/text me anytime, happy to answer questions :)3zero4 or .
Error: list index out of range
Error processing line: - 100gal fuel cell with pump also included ,,,dodge,ram 3500,11500.0,1999
Error: list index out of range
Error processing line: utica,13,original owner, still under warranty until march 2021, low miles with a lot of options (loaded!). this is not your standard cts please see the options below and let me know if you have any questions.
Error: list index out of range
Error processing line: - v-sport package (sport brakes, suspension,wheels, all digital cluster)
Error: list index out of range
2025-06-09 18:33:38,138 INFO mapred.MapTask: Spilling map output
2025-06-09 18:33:38,138 INFO mapred.MapTask: bufstart = 0; bufend = 83362746; bufvoid = 104857600
2025-06-09 18:33:38,138 INFO mapred.MapTask: kvstart = 26214396(104857584); kvend = 26082660(104330640); length = 131737/6553600
2025-06-09 18:33:38,138 INFO mapred.MapTask: (EQUATOR) 83494458 kvi 20873608(83494432)
Error processing line: new lebanon,100,15,500 obo
Error: list index out of range
2025-06-09 18:33:38,365 INFO mapred.MapTask: Finished spill 0
2025-06-09 18:33:38,365 INFO mapred.MapTask: (RESET) equator 83494458 kv 20873608(83494432) kvi 20840716(83362864)
2025-06-09 18:33:38,490 INFO streaming.PipeMapRed: MRErrorThread done
2025-06-09 18:33:38,491 INFO streaming.PipeMapRed: mapRedFinished
2025-06-09 18:33:38,491 INFO mapred.LocalJobRunner: 
2025-06-09 18:33:38,491 INFO mapred.MapTask: Starting flush of map output
2025-06-09 18:33:38,491 INFO mapred.MapTask: Spilling map output
2025-06-09 18:33:38,491 INFO mapred.MapTask: bufstart = 83494458; bufend = 28146234; bufvoid = 104857600
2025-06-09 18:33:38,491 INFO mapred.MapTask: kvstart = 20873608(83494432); kvend = 20794912(83179648); length = 78697/6553600
2025-06-09 18:33:38,601 INFO mapred.MapTask: Finished spill 1
2025-06-09 18:33:38,602 INFO mapred.Merger: Merging 2 sorted segments
2025-06-09 18:33:38,603 INFO mapred.Merger: Down to the last merge-pass, with 2 segments left of total size: 133078491 bytes
2025-06-09 18:33:38,903 INFO mapreduce.Job:  map 25% reduce 0%
2025-06-09 18:33:38,974 INFO mapred.Task: Task:attempt_local1665178781_0001_m_000003_0 is done. And is in the process of committing
2025-06-09 18:33:38,975 INFO mapred.LocalJobRunner: Records R/W=52/1 > sort
2025-06-09 18:33:38,976 INFO mapred.Task: Task 'attempt_local1665178781_0001_m_000003_0' done.
2025-06-09 18:33:38,976 INFO mapred.Task: Final Counters for attempt_local1665178781_0001_m_000003_0: Counters: 23
	File System Counters
		FILE: Number of bytes read=532597050
		FILE: Number of bytes written=1065763616
		FILE: Number of read operations=0
		FILE: Number of large read operations=0
		FILE: Number of write operations=0
		HDFS: Number of bytes read=536887296
		HDFS: Number of bytes written=0
		HDFS: Number of read operations=11
		HDFS: Number of large read operations=0
		HDFS: Number of write operations=1
		HDFS: Number of bytes read erasure-coded=0
	Map-Reduce Framework
		Map input records=52624
		Map output records=52610
		Map output bytes=132872122
		Map output materialized bytes=133078523
		Input split bytes=135
		Combine input records=0
		Spilled Records=105220
		Failed Shuffles=0
		Merged Map outputs=0
		GC time elapsed (ms)=19
		Total committed heap usage (bytes)=199229440
	File Input Format Counters 
		Bytes Read=134221824
2025-06-09 18:33:38,976 INFO mapred.LocalJobRunner: Finishing task: attempt_local1665178781_0001_m_000003_0
2025-06-09 18:33:38,976 INFO mapred.LocalJobRunner: Starting task: attempt_local1665178781_0001_m_000004_0
2025-06-09 18:33:38,977 INFO output.FileOutputCommitter: File Output Committer Algorithm version is 2
2025-06-09 18:33:38,977 INFO output.FileOutputCommitter: FileOutputCommitter skip cleanup _temporary folders under output directory:false, ignore cleanup failures: false
2025-06-09 18:33:38,977 INFO mapred.Task:  Using ResourceCalculatorProcessTree : [ ]
2025-06-09 18:33:38,978 INFO mapred.MapTask: Processing split: hdfs://localhost:9000/user/emilia/input/cleaned_pruned_used_cars_data_20percent.csv:536870912+134217728
2025-06-09 18:33:38,983 INFO mapred.MapTask: numReduceTasks: 1
2025-06-09 18:33:38,989 INFO mapred.MapTask: (EQUATOR) 0 kvi 26214396(104857584)
2025-06-09 18:33:38,989 INFO mapred.MapTask: mapreduce.task.io.sort.mb: 100
2025-06-09 18:33:38,989 INFO mapred.MapTask: soft limit at 83886080
2025-06-09 18:33:38,989 INFO mapred.MapTask: bufstart = 0; bufvoid = 104857600
2025-06-09 18:33:38,989 INFO mapred.MapTask: kvstart = 26214396; length = 6553600
2025-06-09 18:33:38,990 INFO mapred.MapTask: Map output collector class = org.apache.hadoop.mapred.MapTask$MapOutputBuffer
2025-06-09 18:33:38,992 INFO streaming.PipeMapRed: PipeMapRed exec [/home/emilia/Documents/big-data/progetto/task_2/mapreduce/./mapper.py]
2025-06-09 18:33:38,999 INFO streaming.PipeMapRed: R/W/S=1/0/0 in:NA [rec/s] out:NA [rec/s]
2025-06-09 18:33:38,999 INFO streaming.PipeMapRed: R/W/S=10/0/0 in:NA [rec/s] out:NA [rec/s]
2025-06-09 18:33:39,015 INFO streaming.PipeMapRed: Records R/W=56/1
2025-06-09 18:33:39,015 INFO streaming.PipeMapRed: R/W/S=100/33/0 in:NA [rec/s] out:NA [rec/s]
2025-06-09 18:33:39,021 INFO streaming.PipeMapRed: R/W/S=1000/948/0 in:NA [rec/s] out:NA [rec/s]
2025-06-09 18:33:39,103 INFO streaming.PipeMapRed: R/W/S=10000/9921/0 in:NA [rec/s] out:NA [rec/s]
2025-06-09 18:33:39,360 INFO mapred.MapTask: Spilling map output
2025-06-09 18:33:39,360 INFO mapred.MapTask: bufstart = 0; bufend = 83348791; bufvoid = 104857600
2025-06-09 18:33:39,360 INFO mapred.MapTask: kvstart = 26214396(104857584); kvend = 26079808(104319232); length = 134589/6553600
2025-06-09 18:33:39,360 INFO mapred.MapTask: (EQUATOR) 83483367 kvi 20870836(83483344)
2025-06-09 18:33:39,553 INFO mapred.MapTask: Finished spill 0
2025-06-09 18:33:39,553 INFO mapred.MapTask: (RESET) equator 83483367 kv 20870836(83483344) kvi 20837948(83351792)
2025-06-09 18:33:39,673 INFO streaming.PipeMapRed: MRErrorThread done
2025-06-09 18:33:39,673 INFO streaming.PipeMapRed: mapRedFinished
2025-06-09 18:33:39,673 INFO mapred.LocalJobRunner: 
2025-06-09 18:33:39,673 INFO mapred.MapTask: Starting flush of map output
2025-06-09 18:33:39,673 INFO mapred.MapTask: Spilling map output
2025-06-09 18:33:39,673 INFO mapred.MapTask: bufstart = 83483367; bufend = 28099554; bufvoid = 104857600
2025-06-09 18:33:39,673 INFO mapred.MapTask: kvstart = 20870836(83483344); kvend = 20786460(83145840); length = 84377/6553600
2025-06-09 18:33:39,781 INFO mapred.MapTask: Finished spill 1
2025-06-09 18:33:39,783 INFO mapred.Merger: Merging 2 sorted segments
2025-06-09 18:33:39,783 INFO mapred.Merger: Down to the last merge-pass, with 2 segments left of total size: 133035054 bytes
2025-06-09 18:33:39,903 INFO mapreduce.Job:  map 33% reduce 0%
2025-06-09 18:33:40,161 INFO mapred.Task: Task:attempt_local1665178781_0001_m_000004_0 is done. And is in the process of committing
2025-06-09 18:33:40,168 INFO mapred.LocalJobRunner: Records R/W=56/1 > sort
2025-06-09 18:33:40,168 INFO mapred.Task: Task 'attempt_local1665178781_0001_m_000004_0' done.
2025-06-09 18:33:40,169 INFO mapred.Task: Final Counters for attempt_local1665178781_0001_m_000004_0: Counters: 23
	File System Counters
		FILE: Number of bytes read=665633269
		FILE: Number of bytes written=1331833802
		FILE: Number of read operations=0
		FILE: Number of large read operations=0
		FILE: Number of write operations=0
		HDFS: Number of bytes read=671109120
		HDFS: Number of bytes written=0
		HDFS: Number of read operations=13
		HDFS: Number of large read operations=0
		HDFS: Number of write operations=1
		HDFS: Number of bytes read erasure-coded=0
	Map-Reduce Framework
		Map input records=54744
		Map output records=54743
		Map output bytes=132822578
		Map output materialized bytes=133035074
		Input split bytes=135
		Combine input records=0
		Spilled Records=109486
		Failed Shuffles=0
		Merged Map outputs=0
		GC time elapsed (ms)=2
		Total committed heap usage (bytes)=199229440
	File Input Format Counters 
		Bytes Read=134221824
2025-06-09 18:33:40,169 INFO mapred.LocalJobRunner: Finishing task: attempt_local1665178781_0001_m_000004_0
2025-06-09 18:33:40,169 INFO mapred.LocalJobRunner: Starting task: attempt_local1665178781_0001_m_000005_0
2025-06-09 18:33:40,174 INFO output.FileOutputCommitter: File Output Committer Algorithm version is 2
2025-06-09 18:33:40,174 INFO output.FileOutputCommitter: FileOutputCommitter skip cleanup _temporary folders under output directory:false, ignore cleanup failures: false
2025-06-09 18:33:40,174 INFO mapred.Task:  Using ResourceCalculatorProcessTree : [ ]
2025-06-09 18:33:40,184 INFO mapred.MapTask: Processing split: hdfs://localhost:9000/user/emilia/input/cleaned_pruned_used_cars_data_20percent.csv:671088640+134217728
2025-06-09 18:33:40,206 INFO mapred.MapTask: numReduceTasks: 1
2025-06-09 18:33:40,235 INFO mapred.MapTask: (EQUATOR) 0 kvi 26214396(104857584)
2025-06-09 18:33:40,235 INFO mapred.MapTask: mapreduce.task.io.sort.mb: 100
2025-06-09 18:33:40,235 INFO mapred.MapTask: soft limit at 83886080
2025-06-09 18:33:40,235 INFO mapred.MapTask: bufstart = 0; bufvoid = 104857600
2025-06-09 18:33:40,235 INFO mapred.MapTask: kvstart = 26214396; length = 6553600
2025-06-09 18:33:40,236 INFO mapred.MapTask: Map output collector class = org.apache.hadoop.mapred.MapTask$MapOutputBuffer
2025-06-09 18:33:40,238 INFO streaming.PipeMapRed: PipeMapRed exec [/home/emilia/Documents/big-data/progetto/task_2/mapreduce/./mapper.py]
2025-06-09 18:33:40,248 INFO streaming.PipeMapRed: R/W/S=1/0/0 in:NA [rec/s] out:NA [rec/s]
2025-06-09 18:33:40,248 INFO streaming.PipeMapRed: R/W/S=10/0/0 in:NA [rec/s] out:NA [rec/s]
2025-06-09 18:33:40,271 INFO streaming.PipeMapRed: Records R/W=71/1
2025-06-09 18:33:40,271 INFO streaming.PipeMapRed: R/W/S=100/42/0 in:NA [rec/s] out:NA [rec/s]
2025-06-09 18:33:40,281 INFO streaming.PipeMapRed: R/W/S=1000/960/0 in:NA [rec/s] out:NA [rec/s]
2025-06-09 18:33:40,377 INFO streaming.PipeMapRed: R/W/S=10000/9951/0 in:NA [rec/s] out:NA [rec/s]
2025-06-09 18:33:40,652 INFO mapred.MapTask: Spilling map output
2025-06-09 18:33:40,652 INFO mapred.MapTask: bufstart = 0; bufend = 83284853; bufvoid = 104857600
2025-06-09 18:33:40,652 INFO mapred.MapTask: kvstart = 26214396(104857584); kvend = 26063724(104254896); length = 150673/6553600
2025-06-09 18:33:40,652 INFO mapred.MapTask: (EQUATOR) 83435573 kvi 20858888(83435552)
2025-06-09 18:33:40,868 INFO mapred.MapTask: Finished spill 0
2025-06-09 18:33:40,869 INFO mapred.MapTask: (RESET) equator 83435573 kv 20858888(83435552) kvi 20825640(83302560)
2025-06-09 18:33:40,903 INFO mapreduce.Job:  map 100% reduce 0%
2025-06-09 18:33:40,983 INFO streaming.PipeMapRed: MRErrorThread done
2025-06-09 18:33:40,983 INFO streaming.PipeMapRed: mapRedFinished
2025-06-09 18:33:40,984 INFO mapred.LocalJobRunner: 
2025-06-09 18:33:40,984 INFO mapred.MapTask: Starting flush of map output
2025-06-09 18:33:40,984 INFO mapred.MapTask: Spilling map output
2025-06-09 18:33:40,984 INFO mapred.MapTask: bufstart = 83435573; bufend = 28083258; bufvoid = 104857600
2025-06-09 18:33:40,984 INFO mapred.MapTask: kvstart = 20858888(83435552); kvend = 20783776(83135104); length = 75113/6553600
2025-06-09 18:33:41,090 INFO mapred.MapTask: Finished spill 1
2025-06-09 18:33:41,091 INFO mapred.Merger: Merging 2 sorted segments
2025-06-09 18:33:41,091 INFO mapred.Merger: Down to the last merge-pass, with 2 segments left of total size: 133008896 bytes
2025-06-09 18:33:41,480 INFO mapred.Task: Task:attempt_local1665178781_0001_m_000005_0 is done. And is in the process of committing
2025-06-09 18:33:41,494 INFO mapred.LocalJobRunner: Records R/W=71/1 > sort
2025-06-09 18:33:41,494 INFO mapred.Task: Task 'attempt_local1665178781_0001_m_000005_0' done.
2025-06-09 18:33:41,495 INFO mapred.Task: Final Counters for attempt_local1665178781_0001_m_000005_0: Counters: 23
	File System Counters
		FILE: Number of bytes read=798643325
		FILE: Number of bytes written=1597851662
		FILE: Number of read operations=0
		FILE: Number of large read operations=0
		FILE: Number of write operations=0
		HDFS: Number of bytes read=805335040
		HDFS: Number of bytes written=0
		HDFS: Number of read operations=15
		HDFS: Number of large read operations=0
		HDFS: Number of write operations=1
		HDFS: Number of bytes read erasure-coded=0
	Map-Reduce Framework
		Map input records=56449
		Map output records=56448
		Map output bytes=132790138
		Map output materialized bytes=133008911
		Input split bytes=135
		Combine input records=0
		Spilled Records=112896
		Failed Shuffles=0
		Merged Map outputs=0
		GC time elapsed (ms)=23
		Total committed heap usage (bytes)=199229440
	File Input Format Counters 
		Bytes Read=134225920
2025-06-09 18:33:41,495 INFO mapred.LocalJobRunner: Finishing task: attempt_local1665178781_0001_m_000005_0
2025-06-09 18:33:41,495 INFO mapred.LocalJobRunner: Starting task: attempt_local1665178781_0001_m_000006_0
2025-06-09 18:33:41,500 INFO output.FileOutputCommitter: File Output Committer Algorithm version is 2
2025-06-09 18:33:41,501 INFO output.FileOutputCommitter: FileOutputCommitter skip cleanup _temporary folders under output directory:false, ignore cleanup failures: false
2025-06-09 18:33:41,501 INFO mapred.Task:  Using ResourceCalculatorProcessTree : [ ]
2025-06-09 18:33:41,502 INFO mapred.MapTask: Processing split: hdfs://localhost:9000/user/emilia/input/cleaned_pruned_used_cars_data_20percent.csv:805306368+134217728
2025-06-09 18:33:41,514 INFO mapred.MapTask: numReduceTasks: 1
2025-06-09 18:33:41,554 INFO mapred.MapTask: (EQUATOR) 0 kvi 26214396(104857584)
2025-06-09 18:33:41,554 INFO mapred.MapTask: mapreduce.task.io.sort.mb: 100
2025-06-09 18:33:41,554 INFO mapred.MapTask: soft limit at 83886080
2025-06-09 18:33:41,554 INFO mapred.MapTask: bufstart = 0; bufvoid = 104857600
2025-06-09 18:33:41,554 INFO mapred.MapTask: kvstart = 26214396; length = 6553600
2025-06-09 18:33:41,558 INFO mapred.MapTask: Map output collector class = org.apache.hadoop.mapred.MapTask$MapOutputBuffer
2025-06-09 18:33:41,576 INFO streaming.PipeMapRed: PipeMapRed exec [/home/emilia/Documents/big-data/progetto/task_2/mapreduce/./mapper.py]
2025-06-09 18:33:41,590 INFO streaming.PipeMapRed: R/W/S=1/0/0 in:NA [rec/s] out:NA [rec/s]
2025-06-09 18:33:41,590 INFO streaming.PipeMapRed: R/W/S=10/0/0 in:NA [rec/s] out:NA [rec/s]
2025-06-09 18:33:41,606 INFO streaming.PipeMapRed: Records R/W=43/1
2025-06-09 18:33:41,607 INFO streaming.PipeMapRed: R/W/S=100/67/0 in:NA [rec/s] out:NA [rec/s]
2025-06-09 18:33:41,619 INFO streaming.PipeMapRed: R/W/S=1000/980/0 in:NA [rec/s] out:NA [rec/s]
2025-06-09 18:33:41,732 INFO streaming.PipeMapRed: R/W/S=10000/9950/0 in:NA [rec/s] out:NA [rec/s]
2025-06-09 18:33:41,974 INFO mapred.MapTask: Spilling map output
2025-06-09 18:33:41,974 INFO mapred.MapTask: bufstart = 0; bufend = 83406122; bufvoid = 104857600
2025-06-09 18:33:41,974 INFO mapred.MapTask: kvstart = 26214396(104857584); kvend = 26093956(104375824); length = 120441/6553600
2025-06-09 18:33:41,974 INFO mapred.MapTask: (EQUATOR) 83526586 kvi 20881640(83526560)
2025-06-09 18:33:42,187 INFO mapred.MapTask: Finished spill 0
2025-06-09 18:33:42,187 INFO mapred.MapTask: (RESET) equator 83526586 kv 20881640(83526560) kvi 20851536(83406144)
2025-06-09 18:33:42,340 INFO streaming.PipeMapRed: MRErrorThread done
2025-06-09 18:33:42,340 INFO streaming.PipeMapRed: mapRedFinished
2025-06-09 18:33:42,340 INFO mapred.LocalJobRunner: 
2025-06-09 18:33:42,340 INFO mapred.MapTask: Starting flush of map output
2025-06-09 18:33:42,340 INFO mapred.MapTask: Spilling map output
2025-06-09 18:33:42,340 INFO mapred.MapTask: bufstart = 83526586; bufend = 28222627; bufvoid = 104857600
2025-06-09 18:33:42,340 INFO mapred.MapTask: kvstart = 20881640(83526560); kvend = 20803440(83213760); length = 78201/6553600
2025-06-09 18:33:42,444 INFO mapred.MapTask: Finished spill 1
2025-06-09 18:33:42,445 INFO mapred.Merger: Merging 2 sorted segments
2025-06-09 18:33:42,446 INFO mapred.Merger: Down to the last merge-pass, with 2 segments left of total size: 133155101 bytes
2025-06-09 18:33:42,785 INFO mapred.Task: Task:attempt_local1665178781_0001_m_000006_0 is done. And is in the process of committing
2025-06-09 18:33:42,787 INFO mapred.LocalJobRunner: Records R/W=43/1 > sort
2025-06-09 18:33:42,787 INFO mapred.Task: Task 'attempt_local1665178781_0001_m_000006_0' done.
2025-06-09 18:33:42,788 INFO mapred.Task: Final Counters for attempt_local1665178781_0001_m_000006_0: Counters: 23
	File System Counters
		FILE: Number of bytes read=931799592
		FILE: Number of bytes written=1864161944
		FILE: Number of read operations=0
		FILE: Number of large read operations=0
		FILE: Number of write operations=0
		HDFS: Number of bytes read=939556864
		HDFS: Number of bytes written=0
		HDFS: Number of read operations=17
		HDFS: Number of large read operations=0
		HDFS: Number of write operations=1
		HDFS: Number of bytes read erasure-coded=0
	Map-Reduce Framework
		Map input records=49663
		Map output records=49662
		Map output bytes=132959763
		Map output materialized bytes=133155122
		Input split bytes=135
		Combine input records=0
		Spilled Records=99324
		Failed Shuffles=0
		Merged Map outputs=0
		GC time elapsed (ms)=34
		Total committed heap usage (bytes)=199229440
	File Input Format Counters 
		Bytes Read=134221824
2025-06-09 18:33:42,788 INFO mapred.LocalJobRunner: Finishing task: attempt_local1665178781_0001_m_000006_0
2025-06-09 18:33:42,788 INFO mapred.LocalJobRunner: Starting task: attempt_local1665178781_0001_m_000007_0
2025-06-09 18:33:42,788 INFO output.FileOutputCommitter: File Output Committer Algorithm version is 2
2025-06-09 18:33:42,789 INFO output.FileOutputCommitter: FileOutputCommitter skip cleanup _temporary folders under output directory:false, ignore cleanup failures: false
2025-06-09 18:33:42,789 INFO mapred.Task:  Using ResourceCalculatorProcessTree : [ ]
2025-06-09 18:33:42,790 INFO mapred.MapTask: Processing split: hdfs://localhost:9000/user/emilia/input/cleaned_pruned_used_cars_data_20percent.csv:939524096+134217728
2025-06-09 18:33:42,795 INFO mapred.MapTask: numReduceTasks: 1
2025-06-09 18:33:42,801 INFO mapred.MapTask: (EQUATOR) 0 kvi 26214396(104857584)
2025-06-09 18:33:42,801 INFO mapred.MapTask: mapreduce.task.io.sort.mb: 100
2025-06-09 18:33:42,801 INFO mapred.MapTask: soft limit at 83886080
2025-06-09 18:33:42,801 INFO mapred.MapTask: bufstart = 0; bufvoid = 104857600
2025-06-09 18:33:42,801 INFO mapred.MapTask: kvstart = 26214396; length = 6553600
2025-06-09 18:33:42,802 INFO mapred.MapTask: Map output collector class = org.apache.hadoop.mapred.MapTask$MapOutputBuffer
2025-06-09 18:33:42,804 INFO streaming.PipeMapRed: PipeMapRed exec [/home/emilia/Documents/big-data/progetto/task_2/mapreduce/./mapper.py]
2025-06-09 18:33:42,815 INFO streaming.PipeMapRed: R/W/S=1/0/0 in:NA [rec/s] out:NA [rec/s]
2025-06-09 18:33:42,815 INFO streaming.PipeMapRed: R/W/S=10/0/0 in:NA [rec/s] out:NA [rec/s]
2025-06-09 18:33:42,829 INFO streaming.PipeMapRed: Records R/W=48/1
2025-06-09 18:33:42,829 INFO streaming.PipeMapRed: R/W/S=100/8/0 in:NA [rec/s] out:NA [rec/s]
2025-06-09 18:33:42,837 INFO streaming.PipeMapRed: R/W/S=1000/942/0 in:NA [rec/s] out:NA [rec/s]
2025-06-09 18:33:42,913 INFO streaming.PipeMapRed: R/W/S=10000/9955/0 in:NA [rec/s] out:NA [rec/s]
2025-06-09 18:33:43,153 INFO mapred.MapTask: Spilling map output
2025-06-09 18:33:43,153 INFO mapred.MapTask: bufstart = 0; bufend = 83338818; bufvoid = 104857600
2025-06-09 18:33:43,153 INFO mapred.MapTask: kvstart = 26214396(104857584); kvend = 26077028(104308112); length = 137369/6553600
2025-06-09 18:33:43,153 INFO mapred.MapTask: (EQUATOR) 83476194 kvi 20869044(83476176)
2025-06-09 18:33:43,336 INFO mapred.MapTask: Finished spill 0
2025-06-09 18:33:43,336 INFO mapred.MapTask: (RESET) equator 83476194 kv 20869044(83476176) kvi 20834712(83338848)
2025-06-09 18:33:43,465 INFO streaming.PipeMapRed: MRErrorThread done
2025-06-09 18:33:43,465 INFO streaming.PipeMapRed: mapRedFinished
2025-06-09 18:33:43,466 INFO mapred.LocalJobRunner: 
2025-06-09 18:33:43,466 INFO mapred.MapTask: Starting flush of map output
2025-06-09 18:33:43,466 INFO mapred.MapTask: Spilling map output
2025-06-09 18:33:43,466 INFO mapred.MapTask: bufstart = 83476194; bufend = 28141417; bufvoid = 104857600
2025-06-09 18:33:43,466 INFO mapred.MapTask: kvstart = 20869044(83476176); kvend = 20793232(83172928); length = 75813/6553600
2025-06-09 18:33:43,565 INFO mapred.MapTask: Finished spill 1
2025-06-09 18:33:43,566 INFO mapred.Merger: Merging 2 sorted segments
2025-06-09 18:33:43,566 INFO mapred.Merger: Down to the last merge-pass, with 2 segments left of total size: 133070749 bytes
2025-06-09 18:33:43,905 INFO mapreduce.Job:  map 58% reduce 0%
2025-06-09 18:33:43,906 INFO mapred.Task: Task:attempt_local1665178781_0001_m_000007_0 is done. And is in the process of committing
2025-06-09 18:33:43,925 INFO mapred.LocalJobRunner: Records R/W=48/1 > sort
2025-06-09 18:33:43,925 INFO mapred.Task: Task 'attempt_local1665178781_0001_m_000007_0' done.
2025-06-09 18:33:43,925 INFO mapred.Task: Final Counters for attempt_local1665178781_0001_m_000007_0: Counters: 23
	File System Counters
		FILE: Number of bytes read=1064871506
		FILE: Number of bytes written=2130303520
		FILE: Number of read operations=0
		FILE: Number of large read operations=0
		FILE: Number of write operations=0
		HDFS: Number of bytes read=1073778688
		HDFS: Number of bytes written=0
		HDFS: Number of read operations=19
		HDFS: Number of large read operations=0
		HDFS: Number of write operations=1
		HDFS: Number of bytes read erasure-coded=0
	Map-Reduce Framework
		Map input records=53298
		Map output records=53297
		Map output bytes=132861641
		Map output materialized bytes=133070769
		Input split bytes=135
		Combine input records=0
		Spilled Records=106594
		Failed Shuffles=0
		Merged Map outputs=0
		GC time elapsed (ms)=2
		Total committed heap usage (bytes)=199229440
	File Input Format Counters 
		Bytes Read=134221824
2025-06-09 18:33:43,925 INFO mapred.LocalJobRunner: Finishing task: attempt_local1665178781_0001_m_000007_0
2025-06-09 18:33:43,926 INFO mapred.LocalJobRunner: Starting task: attempt_local1665178781_0001_m_000008_0
2025-06-09 18:33:43,928 INFO output.FileOutputCommitter: File Output Committer Algorithm version is 2
2025-06-09 18:33:43,928 INFO output.FileOutputCommitter: FileOutputCommitter skip cleanup _temporary folders under output directory:false, ignore cleanup failures: false
2025-06-09 18:33:43,928 INFO mapred.Task:  Using ResourceCalculatorProcessTree : [ ]
2025-06-09 18:33:43,937 INFO mapred.MapTask: Processing split: hdfs://localhost:9000/user/emilia/input/cleaned_pruned_used_cars_data_20percent.csv:1073741824+134217728
2025-06-09 18:33:43,962 INFO mapred.MapTask: numReduceTasks: 1
2025-06-09 18:33:44,012 INFO mapred.MapTask: (EQUATOR) 0 kvi 26214396(104857584)
2025-06-09 18:33:44,015 INFO mapred.MapTask: mapreduce.task.io.sort.mb: 100
2025-06-09 18:33:44,015 INFO mapred.MapTask: soft limit at 83886080
2025-06-09 18:33:44,015 INFO mapred.MapTask: bufstart = 0; bufvoid = 104857600
2025-06-09 18:33:44,015 INFO mapred.MapTask: kvstart = 26214396; length = 6553600
2025-06-09 18:33:44,020 INFO mapred.MapTask: Map output collector class = org.apache.hadoop.mapred.MapTask$MapOutputBuffer
2025-06-09 18:33:44,038 INFO streaming.PipeMapRed: PipeMapRed exec [/home/emilia/Documents/big-data/progetto/task_2/mapreduce/./mapper.py]
2025-06-09 18:33:44,061 INFO streaming.PipeMapRed: R/W/S=1/0/0 in:NA [rec/s] out:NA [rec/s]
2025-06-09 18:33:44,062 INFO streaming.PipeMapRed: R/W/S=10/0/0 in:NA [rec/s] out:NA [rec/s]
2025-06-09 18:33:44,082 INFO streaming.PipeMapRed: Records R/W=43/1
2025-06-09 18:33:44,083 INFO streaming.PipeMapRed: R/W/S=100/67/0 in:NA [rec/s] out:NA [rec/s]
2025-06-09 18:33:44,095 INFO streaming.PipeMapRed: R/W/S=1000/963/0 in:NA [rec/s] out:NA [rec/s]
2025-06-09 18:33:44,205 INFO streaming.PipeMapRed: R/W/S=10000/9958/0 in:NA [rec/s] out:NA [rec/s]
2025-06-09 18:33:44,462 INFO mapred.MapTask: Spilling map output
2025-06-09 18:33:44,462 INFO mapred.MapTask: bufstart = 0; bufend = 83374641; bufvoid = 104857600
2025-06-09 18:33:44,462 INFO mapred.MapTask: kvstart = 26214396(104857584); kvend = 26086020(104344080); length = 128377/6553600
2025-06-09 18:33:44,462 INFO mapred.MapTask: (EQUATOR) 83503041 kvi 20875756(83503024)
2025-06-09 18:33:44,659 INFO mapred.MapTask: Finished spill 0
2025-06-09 18:33:44,659 INFO mapred.MapTask: (RESET) equator 83503041 kv 20875756(83503024) kvi 20844552(83378208)
2025-06-09 18:33:44,789 INFO streaming.PipeMapRed: MRErrorThread done
2025-06-09 18:33:44,789 INFO streaming.PipeMapRed: mapRedFinished
2025-06-09 18:33:44,789 INFO mapred.LocalJobRunner: 
2025-06-09 18:33:44,789 INFO mapred.MapTask: Starting flush of map output
2025-06-09 18:33:44,789 INFO mapred.MapTask: Spilling map output
2025-06-09 18:33:44,789 INFO mapred.MapTask: bufstart = 83503041; bufend = 28144211; bufvoid = 104857600
2025-06-09 18:33:44,789 INFO mapred.MapTask: kvstart = 20875756(83503024); kvend = 20794132(83176528); length = 81625/6553600
2025-06-09 18:33:44,892 INFO mapred.MapTask: Finished spill 1
2025-06-09 18:33:44,893 INFO mapred.Merger: Merging 2 sorted segments
2025-06-09 18:33:44,894 INFO mapred.Merger: Down to the last merge-pass, with 2 segments left of total size: 133080971 bytes
2025-06-09 18:33:44,906 INFO mapreduce.Job:  map 67% reduce 0%
2025-06-09 18:33:45,237 INFO mapred.Task: Task:attempt_local1665178781_0001_m_000008_0 is done. And is in the process of committing
2025-06-09 18:33:45,240 INFO mapred.LocalJobRunner: Records R/W=43/1 > sort
2025-06-09 18:33:45,240 INFO mapred.Task: Task 'attempt_local1665178781_0001_m_000008_0' done.
2025-06-09 18:33:45,241 INFO mapred.Task: Final Counters for attempt_local1665178781_0001_m_000008_0: Counters: 23
	File System Counters
		FILE: Number of bytes read=1197953127
		FILE: Number of bytes written=2396465534
		FILE: Number of read operations=0
		FILE: Number of large read operations=0
		FILE: Number of write operations=0
		HDFS: Number of bytes read=1208000512
		HDFS: Number of bytes written=0
		HDFS: Number of read operations=21
		HDFS: Number of large read operations=0
		HDFS: Number of write operations=1
		HDFS: Number of bytes read erasure-coded=0
	Map-Reduce Framework
		Map input records=52503
		Map output records=52502
		Map output bytes=132873411
		Map output materialized bytes=133080988
		Input split bytes=135
		Combine input records=0
		Spilled Records=105004
		Failed Shuffles=0
		Merged Map outputs=0
		GC time elapsed (ms)=26
		Total committed heap usage (bytes)=199229440
	File Input Format Counters 
		Bytes Read=134221824
2025-06-09 18:33:45,241 INFO mapred.LocalJobRunner: Finishing task: attempt_local1665178781_0001_m_000008_0
2025-06-09 18:33:45,241 INFO mapred.LocalJobRunner: Starting task: attempt_local1665178781_0001_m_000009_0
2025-06-09 18:33:45,245 INFO output.FileOutputCommitter: File Output Committer Algorithm version is 2
2025-06-09 18:33:45,247 INFO output.FileOutputCommitter: FileOutputCommitter skip cleanup _temporary folders under output directory:false, ignore cleanup failures: false
2025-06-09 18:33:45,248 INFO mapred.Task:  Using ResourceCalculatorProcessTree : [ ]
2025-06-09 18:33:45,249 INFO mapred.MapTask: Processing split: hdfs://localhost:9000/user/emilia/input/cleaned_pruned_used_cars_data_20percent.csv:1207959552+134217728
2025-06-09 18:33:45,271 INFO mapred.MapTask: numReduceTasks: 1
2025-06-09 18:33:45,316 INFO mapred.MapTask: (EQUATOR) 0 kvi 26214396(104857584)
2025-06-09 18:33:45,316 INFO mapred.MapTask: mapreduce.task.io.sort.mb: 100
2025-06-09 18:33:45,316 INFO mapred.MapTask: soft limit at 83886080
2025-06-09 18:33:45,316 INFO mapred.MapTask: bufstart = 0; bufvoid = 104857600
2025-06-09 18:33:45,316 INFO mapred.MapTask: kvstart = 26214396; length = 6553600
2025-06-09 18:33:45,317 INFO mapred.MapTask: Map output collector class = org.apache.hadoop.mapred.MapTask$MapOutputBuffer
2025-06-09 18:33:45,333 INFO streaming.PipeMapRed: PipeMapRed exec [/home/emilia/Documents/big-data/progetto/task_2/mapreduce/./mapper.py]
2025-06-09 18:33:45,365 INFO streaming.PipeMapRed: R/W/S=1/0/0 in:NA [rec/s] out:NA [rec/s]
2025-06-09 18:33:45,365 INFO streaming.PipeMapRed: R/W/S=10/0/0 in:NA [rec/s] out:NA [rec/s]
2025-06-09 18:33:45,385 INFO streaming.PipeMapRed: Records R/W=61/1
2025-06-09 18:33:45,385 INFO streaming.PipeMapRed: R/W/S=100/20/0 in:NA [rec/s] out:NA [rec/s]
2025-06-09 18:33:45,395 INFO streaming.PipeMapRed: R/W/S=1000/941/0 in:NA [rec/s] out:NA [rec/s]
2025-06-09 18:33:45,490 INFO streaming.PipeMapRed: R/W/S=10000/9956/0 in:NA [rec/s] out:NA [rec/s]
2025-06-09 18:33:45,757 INFO mapred.MapTask: Spilling map output
2025-06-09 18:33:45,757 INFO mapred.MapTask: bufstart = 0; bufend = 83306119; bufvoid = 104857600
2025-06-09 18:33:45,757 INFO mapred.MapTask: kvstart = 26214396(104857584); kvend = 26069276(104277104); length = 145121/6553600
2025-06-09 18:33:45,757 INFO mapred.MapTask: (EQUATOR) 83451239 kvi 20862804(83451216)
2025-06-09 18:33:45,906 INFO mapreduce.Job:  map 100% reduce 0%
2025-06-09 18:33:45,965 INFO mapred.MapTask: Finished spill 0
2025-06-09 18:33:45,965 INFO mapred.MapTask: (RESET) equator 83451239 kv 20862804(83451216) kvi 20827624(83310496)
2025-06-09 18:33:46,090 INFO streaming.PipeMapRed: MRErrorThread done
2025-06-09 18:33:46,090 INFO streaming.PipeMapRed: mapRedFinished
2025-06-09 18:33:46,090 INFO mapred.LocalJobRunner: 
2025-06-09 18:33:46,090 INFO mapred.MapTask: Starting flush of map output
2025-06-09 18:33:46,090 INFO mapred.MapTask: Spilling map output
2025-06-09 18:33:46,090 INFO mapred.MapTask: bufstart = 83451239; bufend = 28002082; bufvoid = 104857600
2025-06-09 18:33:46,090 INFO mapred.MapTask: kvstart = 20862804(83451216); kvend = 20772872(83091488); length = 89933/6553600
2025-06-09 18:33:46,194 INFO mapred.MapTask: Finished spill 1
2025-06-09 18:33:46,195 INFO mapred.Merger: Merging 2 sorted segments
2025-06-09 18:33:46,196 INFO mapred.Merger: Down to the last merge-pass, with 2 segments left of total size: 132943256 bytes
2025-06-09 18:33:46,557 INFO mapred.Task: Task:attempt_local1665178781_0001_m_000009_0 is done. And is in the process of committing
2025-06-09 18:33:46,568 INFO mapred.LocalJobRunner: Records R/W=61/1 > sort
2025-06-09 18:33:46,569 INFO mapred.Task: Task 'attempt_local1665178781_0001_m_000009_0' done.
2025-06-09 18:33:46,570 INFO mapred.Task: Final Counters for attempt_local1665178781_0001_m_000009_0: Counters: 23
	File System Counters
		FILE: Number of bytes read=1330897034
		FILE: Number of bytes written=2662352120
		FILE: Number of read operations=0
		FILE: Number of large read operations=0
		FILE: Number of write operations=0
		HDFS: Number of bytes read=1342222336
		HDFS: Number of bytes written=0
		HDFS: Number of read operations=23
		HDFS: Number of large read operations=0
		HDFS: Number of write operations=1
		HDFS: Number of bytes read erasure-coded=0
	Map-Reduce Framework
		Map input records=58766
		Map output records=58765
		Map output bytes=132714562
		Map output materialized bytes=132943274
		Input split bytes=135
		Combine input records=0
		Spilled Records=117530
		Failed Shuffles=0
		Merged Map outputs=0
		GC time elapsed (ms)=39
		Total committed heap usage (bytes)=199229440
	File Input Format Counters 
		Bytes Read=134221824
2025-06-09 18:33:46,570 INFO mapred.LocalJobRunner: Finishing task: attempt_local1665178781_0001_m_000009_0
2025-06-09 18:33:46,570 INFO mapred.LocalJobRunner: Starting task: attempt_local1665178781_0001_m_000010_0
2025-06-09 18:33:46,573 INFO output.FileOutputCommitter: File Output Committer Algorithm version is 2
2025-06-09 18:33:46,573 INFO output.FileOutputCommitter: FileOutputCommitter skip cleanup _temporary folders under output directory:false, ignore cleanup failures: false
2025-06-09 18:33:46,574 INFO mapred.Task:  Using ResourceCalculatorProcessTree : [ ]
2025-06-09 18:33:46,576 INFO mapred.MapTask: Processing split: hdfs://localhost:9000/user/emilia/input/cleaned_pruned_used_cars_data_20percent.csv:1342177280+134217728
2025-06-09 18:33:46,593 INFO mapred.MapTask: numReduceTasks: 1
2025-06-09 18:33:46,671 INFO mapred.MapTask: (EQUATOR) 0 kvi 26214396(104857584)
2025-06-09 18:33:46,672 INFO mapred.MapTask: mapreduce.task.io.sort.mb: 100
2025-06-09 18:33:46,672 INFO mapred.MapTask: soft limit at 83886080
2025-06-09 18:33:46,672 INFO mapred.MapTask: bufstart = 0; bufvoid = 104857600
2025-06-09 18:33:46,672 INFO mapred.MapTask: kvstart = 26214396; length = 6553600
2025-06-09 18:33:46,676 INFO mapred.MapTask: Map output collector class = org.apache.hadoop.mapred.MapTask$MapOutputBuffer
2025-06-09 18:33:46,707 INFO streaming.PipeMapRed: PipeMapRed exec [/home/emilia/Documents/big-data/progetto/task_2/mapreduce/./mapper.py]
2025-06-09 18:33:46,724 INFO streaming.PipeMapRed: R/W/S=1/0/0 in:NA [rec/s] out:NA [rec/s]
2025-06-09 18:33:46,724 INFO streaming.PipeMapRed: R/W/S=10/0/0 in:NA [rec/s] out:NA [rec/s]
2025-06-09 18:33:46,741 INFO streaming.PipeMapRed: Records R/W=47/1
2025-06-09 18:33:46,742 INFO streaming.PipeMapRed: R/W/S=100/70/0 in:NA [rec/s] out:NA [rec/s]
2025-06-09 18:33:46,753 INFO streaming.PipeMapRed: R/W/S=1000/964/0 in:NA [rec/s] out:NA [rec/s]
2025-06-09 18:33:46,867 INFO streaming.PipeMapRed: R/W/S=10000/9951/0 in:NA [rec/s] out:NA [rec/s]
2025-06-09 18:33:47,135 INFO mapred.MapTask: Spilling map output
2025-06-09 18:33:47,135 INFO mapred.MapTask: bufstart = 0; bufend = 83350752; bufvoid = 104857600
2025-06-09 18:33:47,135 INFO mapred.MapTask: kvstart = 26214396(104857584); kvend = 26080324(104321296); length = 134073/6553600
2025-06-09 18:33:47,135 INFO mapred.MapTask: (EQUATOR) 83484848 kvi 20871208(83484832)
2025-06-09 18:33:47,337 INFO mapred.MapTask: Finished spill 0
2025-06-09 18:33:47,337 INFO mapred.MapTask: (RESET) equator 83484848 kv 20871208(83484832) kvi 20837692(83350768)
2025-06-09 18:33:47,471 INFO streaming.PipeMapRed: MRErrorThread done
2025-06-09 18:33:47,471 INFO streaming.PipeMapRed: mapRedFinished
2025-06-09 18:33:47,471 INFO mapred.LocalJobRunner: 
2025-06-09 18:33:47,471 INFO mapred.MapTask: Starting flush of map output
2025-06-09 18:33:47,471 INFO mapred.MapTask: Spilling map output
2025-06-09 18:33:47,471 INFO mapred.MapTask: bufstart = 83484848; bufend = 28092752; bufvoid = 104857600
2025-06-09 18:33:47,471 INFO mapred.MapTask: kvstart = 20871208(83484832); kvend = 20786744(83146976); length = 84465/6553600
2025-06-09 18:33:47,577 INFO mapred.MapTask: Finished spill 1
2025-06-09 18:33:47,578 INFO mapred.Merger: Merging 2 sorted segments
2025-06-09 18:33:47,579 INFO mapred.Merger: Down to the last merge-pass, with 2 segments left of total size: 133027263 bytes
2025-06-09 18:33:47,907 INFO mapreduce.Job:  map 83% reduce 0%
2025-06-09 18:33:47,928 INFO mapred.Task: Task:attempt_local1665178781_0001_m_000010_0 is done. And is in the process of committing
2025-06-09 18:33:47,930 INFO mapred.LocalJobRunner: Records R/W=47/1 > sort
2025-06-09 18:33:47,930 INFO mapred.Task: Task 'attempt_local1665178781_0001_m_000010_0' done.
2025-06-09 18:33:47,930 INFO mapred.Task: Final Counters for attempt_local1665178781_0001_m_000010_0: Counters: 23
	File System Counters
		FILE: Number of bytes read=1463924947
		FILE: Number of bytes written=2928406718
		FILE: Number of read operations=0
		FILE: Number of large read operations=0
		FILE: Number of write operations=0
		HDFS: Number of bytes read=1476444160
		HDFS: Number of bytes written=0
		HDFS: Number of read operations=25
		HDFS: Number of large read operations=0
		HDFS: Number of write operations=1
		HDFS: Number of bytes read erasure-coded=0
	Map-Reduce Framework
		Map input records=54637
		Map output records=54636
		Map output bytes=132816256
		Map output materialized bytes=133027280
		Input split bytes=135
		Combine input records=0
		Spilled Records=109272
		Failed Shuffles=0
		Merged Map outputs=0
		GC time elapsed (ms)=48
		Total committed heap usage (bytes)=260046848
	File Input Format Counters 
		Bytes Read=134221824
2025-06-09 18:33:47,930 INFO mapred.LocalJobRunner: Finishing task: attempt_local1665178781_0001_m_000010_0
2025-06-09 18:33:47,930 INFO mapred.LocalJobRunner: Starting task: attempt_local1665178781_0001_m_000011_0
2025-06-09 18:33:47,931 INFO output.FileOutputCommitter: File Output Committer Algorithm version is 2
2025-06-09 18:33:47,931 INFO output.FileOutputCommitter: FileOutputCommitter skip cleanup _temporary folders under output directory:false, ignore cleanup failures: false
2025-06-09 18:33:47,931 INFO mapred.Task:  Using ResourceCalculatorProcessTree : [ ]
2025-06-09 18:33:47,932 INFO mapred.MapTask: Processing split: hdfs://localhost:9000/user/emilia/input/cleaned_pruned_used_cars_data_20percent.csv:1476395008+39994423
2025-06-09 18:33:47,939 INFO mapred.MapTask: numReduceTasks: 1
2025-06-09 18:33:47,944 INFO mapred.MapTask: (EQUATOR) 0 kvi 26214396(104857584)
2025-06-09 18:33:47,944 INFO mapred.MapTask: mapreduce.task.io.sort.mb: 100
2025-06-09 18:33:47,944 INFO mapred.MapTask: soft limit at 83886080
2025-06-09 18:33:47,944 INFO mapred.MapTask: bufstart = 0; bufvoid = 104857600
2025-06-09 18:33:47,944 INFO mapred.MapTask: kvstart = 26214396; length = 6553600
2025-06-09 18:33:47,944 INFO mapred.MapTask: Map output collector class = org.apache.hadoop.mapred.MapTask$MapOutputBuffer
2025-06-09 18:33:47,946 INFO streaming.PipeMapRed: PipeMapRed exec [/home/emilia/Documents/big-data/progetto/task_2/mapreduce/./mapper.py]
2025-06-09 18:33:47,957 INFO streaming.PipeMapRed: R/W/S=1/0/0 in:NA [rec/s] out:NA [rec/s]
2025-06-09 18:33:47,957 INFO streaming.PipeMapRed: R/W/S=10/0/0 in:NA [rec/s] out:NA [rec/s]
2025-06-09 18:33:47,970 INFO streaming.PipeMapRed: Records R/W=37/1
2025-06-09 18:33:47,971 INFO streaming.PipeMapRed: R/W/S=100/62/0 in:NA [rec/s] out:NA [rec/s]
2025-06-09 18:33:47,977 INFO streaming.PipeMapRed: R/W/S=1000/928/0 in:NA [rec/s] out:NA [rec/s]
2025-06-09 18:33:48,048 INFO streaming.PipeMapRed: R/W/S=10000/9949/0 in:NA [rec/s] out:NA [rec/s]
2025-06-09 18:33:48,091 INFO streaming.PipeMapRed: MRErrorThread done
2025-06-09 18:33:48,091 INFO streaming.PipeMapRed: mapRedFinished
2025-06-09 18:33:48,092 INFO mapred.LocalJobRunner: 
2025-06-09 18:33:48,092 INFO mapred.MapTask: Starting flush of map output
2025-06-09 18:33:48,092 INFO mapred.MapTask: Spilling map output
2025-06-09 18:33:48,092 INFO mapred.MapTask: bufstart = 0; bufend = 39602677; bufvoid = 104857600
2025-06-09 18:33:48,092 INFO mapred.MapTask: kvstart = 26214396(104857584); kvend = 26153304(104613216); length = 61093/6553600
2025-06-09 18:33:48,168 INFO mapred.MapTask: Finished spill 0
2025-06-09 18:33:48,170 INFO mapred.Task: Task:attempt_local1665178781_0001_m_000011_0 is done. And is in the process of committing
2025-06-09 18:33:48,172 INFO mapred.LocalJobRunner: Records R/W=37/1
2025-06-09 18:33:48,172 INFO mapred.Task: Task 'attempt_local1665178781_0001_m_000011_0' done.
2025-06-09 18:33:48,172 INFO mapred.Task: Final Counters for attempt_local1665178781_0001_m_000011_0: Counters: 23
	File System Counters
		FILE: Number of bytes read=1463925574
		FILE: Number of bytes written=2968069524
		FILE: Number of read operations=0
		FILE: Number of large read operations=0
		FILE: Number of write operations=0
		HDFS: Number of bytes read=1516438583
		HDFS: Number of bytes written=0
		HDFS: Number of read operations=27
		HDFS: Number of large read operations=0
		HDFS: Number of write operations=1
		HDFS: Number of bytes read erasure-coded=0
	Map-Reduce Framework
		Map input records=15275
		Map output records=15274
		Map output bytes=39602677
		Map output materialized bytes=39662774
		Input split bytes=135
		Combine input records=0
		Spilled Records=15274
		Failed Shuffles=0
		Merged Map outputs=0
		GC time elapsed (ms)=1
		Total committed heap usage (bytes)=260046848
	File Input Format Counters 
		Bytes Read=39994423
2025-06-09 18:33:48,172 INFO mapred.LocalJobRunner: Finishing task: attempt_local1665178781_0001_m_000011_0
2025-06-09 18:33:48,172 INFO mapred.LocalJobRunner: map task executor complete.
2025-06-09 18:33:48,175 INFO mapred.LocalJobRunner: Waiting for reduce tasks
2025-06-09 18:33:48,175 INFO mapred.LocalJobRunner: Starting task: attempt_local1665178781_0001_r_000000_0
2025-06-09 18:33:48,180 INFO output.FileOutputCommitter: File Output Committer Algorithm version is 2
2025-06-09 18:33:48,180 INFO output.FileOutputCommitter: FileOutputCommitter skip cleanup _temporary folders under output directory:false, ignore cleanup failures: false
2025-06-09 18:33:48,181 INFO mapred.Task:  Using ResourceCalculatorProcessTree : [ ]
2025-06-09 18:33:48,183 INFO mapred.ReduceTask: Using ShuffleConsumerPlugin: org.apache.hadoop.mapreduce.task.reduce.Shuffle@461b4c79
2025-06-09 18:33:48,184 WARN impl.MetricsSystemImpl: JobTracker metrics system already initialized!
2025-06-09 18:33:48,195 INFO reduce.MergeManagerImpl: MergerManager: memoryLimit=1407818112, maxSingleShuffleLimit=351954528, mergeThreshold=929160000, ioSortFactor=10, memToMemMergeOutputsThreshold=10
2025-06-09 18:33:48,197 INFO reduce.EventFetcher: attempt_local1665178781_0001_r_000000_0 Thread started: EventFetcher for fetching Map Completion Events
2025-06-09 18:33:48,273 INFO reduce.LocalFetcher: localfetcher#1 about to shuffle output of map attempt_local1665178781_0001_m_000001_0 decomp: 133136614 len: 133136618 to MEMORY
2025-06-09 18:33:48,359 INFO reduce.InMemoryMapOutput: Read 133136614 bytes from map-output for attempt_local1665178781_0001_m_000001_0
2025-06-09 18:33:48,361 INFO reduce.MergeManagerImpl: closeInMemoryFile -> map-output of size: 133136614, inMemoryMapOutputs.size() -> 1, commitMemory -> 0, usedMemory ->133136614
2025-06-09 18:33:48,365 INFO reduce.LocalFetcher: localfetcher#1 about to shuffle output of map attempt_local1665178781_0001_m_000011_0 decomp: 39662770 len: 39662774 to MEMORY
2025-06-09 18:33:48,397 INFO reduce.InMemoryMapOutput: Read 39662770 bytes from map-output for attempt_local1665178781_0001_m_000011_0
2025-06-09 18:33:48,397 INFO reduce.MergeManagerImpl: closeInMemoryFile -> map-output of size: 39662770, inMemoryMapOutputs.size() -> 2, commitMemory -> 133136614, usedMemory ->172799384
2025-06-09 18:33:48,458 INFO reduce.LocalFetcher: localfetcher#1 about to shuffle output of map attempt_local1665178781_0001_m_000008_0 decomp: 133080984 len: 133080988 to MEMORY
2025-06-09 18:33:48,547 INFO reduce.InMemoryMapOutput: Read 133080984 bytes from map-output for attempt_local1665178781_0001_m_000008_0
2025-06-09 18:33:48,548 INFO reduce.MergeManagerImpl: closeInMemoryFile -> map-output of size: 133080984, inMemoryMapOutputs.size() -> 3, commitMemory -> 172799384, usedMemory ->305880368
2025-06-09 18:33:48,608 INFO reduce.LocalFetcher: localfetcher#1 about to shuffle output of map attempt_local1665178781_0001_m_000010_0 decomp: 133027276 len: 133027280 to MEMORY
2025-06-09 18:33:48,690 INFO reduce.InMemoryMapOutput: Read 133027276 bytes from map-output for attempt_local1665178781_0001_m_000010_0
2025-06-09 18:33:48,690 INFO reduce.MergeManagerImpl: closeInMemoryFile -> map-output of size: 133027276, inMemoryMapOutputs.size() -> 4, commitMemory -> 305880368, usedMemory ->438907644
2025-06-09 18:33:48,748 INFO reduce.LocalFetcher: localfetcher#1 about to shuffle output of map attempt_local1665178781_0001_m_000007_0 decomp: 133070765 len: 133070769 to MEMORY
2025-06-09 18:33:48,842 INFO reduce.InMemoryMapOutput: Read 133070765 bytes from map-output for attempt_local1665178781_0001_m_000007_0
2025-06-09 18:33:48,843 INFO reduce.MergeManagerImpl: closeInMemoryFile -> map-output of size: 133070765, inMemoryMapOutputs.size() -> 5, commitMemory -> 438907644, usedMemory ->571978409
2025-06-09 18:33:48,904 INFO reduce.LocalFetcher: localfetcher#1 about to shuffle output of map attempt_local1665178781_0001_m_000004_0 decomp: 133035070 len: 133035074 to MEMORY
2025-06-09 18:33:48,907 INFO mapreduce.Job:  map 100% reduce 0%
2025-06-09 18:33:48,997 INFO reduce.InMemoryMapOutput: Read 133035070 bytes from map-output for attempt_local1665178781_0001_m_000004_0
2025-06-09 18:33:48,998 INFO reduce.MergeManagerImpl: closeInMemoryFile -> map-output of size: 133035070, inMemoryMapOutputs.size() -> 6, commitMemory -> 571978409, usedMemory ->705013479
2025-06-09 18:33:49,064 INFO reduce.LocalFetcher: localfetcher#1 about to shuffle output of map attempt_local1665178781_0001_m_000009_0 decomp: 132943270 len: 132943274 to MEMORY
2025-06-09 18:33:49,157 INFO reduce.InMemoryMapOutput: Read 132943270 bytes from map-output for attempt_local1665178781_0001_m_000009_0
2025-06-09 18:33:49,157 INFO reduce.MergeManagerImpl: closeInMemoryFile -> map-output of size: 132943270, inMemoryMapOutputs.size() -> 7, commitMemory -> 705013479, usedMemory ->837956749
2025-06-09 18:33:49,222 INFO reduce.LocalFetcher: localfetcher#1 about to shuffle output of map attempt_local1665178781_0001_m_000006_0 decomp: 133155118 len: 133155122 to MEMORY
2025-06-09 18:33:49,309 INFO reduce.InMemoryMapOutput: Read 133155118 bytes from map-output for attempt_local1665178781_0001_m_000006_0
2025-06-09 18:33:49,310 INFO reduce.MergeManagerImpl: closeInMemoryFile -> map-output of size: 133155118, inMemoryMapOutputs.size() -> 8, commitMemory -> 837956749, usedMemory ->971111867
2025-06-09 18:33:49,310 INFO reduce.MergeManagerImpl: Starting inMemoryMerger's merge since commitMemory=971111867 > mergeThreshold=929160000. Current usedMemory=971111867
2025-06-09 18:33:49,310 INFO reduce.MergeThread: InMemoryMerger - Thread to merge in-memory shuffled map-outputs: Starting merge with 8 segments, while ignoring 0 segments
2025-06-09 18:33:49,313 INFO reduce.MergeManagerImpl: Initiating in-memory merge with 8 segments...
2025-06-09 18:33:49,313 INFO mapred.Merger: Merging 8 sorted segments
2025-06-09 18:33:49,371 INFO reduce.LocalFetcher: localfetcher#1 about to shuffle output of map attempt_local1665178781_0001_m_000003_0 decomp: 133078519 len: 133078523 to MEMORY
2025-06-09 18:33:49,372 INFO mapred.Merger: Down to the last merge-pass, with 8 segments left of total size: 971111763 bytes
2025-06-09 18:33:49,478 INFO reduce.InMemoryMapOutput: Read 133078519 bytes from map-output for attempt_local1665178781_0001_m_000003_0
2025-06-09 18:33:49,478 INFO reduce.MergeManagerImpl: closeInMemoryFile -> map-output of size: 133078519, inMemoryMapOutputs.size() -> 1, commitMemory -> 0, usedMemory ->1104190386
2025-06-09 18:33:49,545 INFO reduce.LocalFetcher: localfetcher#1 about to shuffle output of map attempt_local1665178781_0001_m_000000_0 decomp: 133220525 len: 133220529 to MEMORY
2025-06-09 18:33:49,713 INFO reduce.InMemoryMapOutput: Read 133220525 bytes from map-output for attempt_local1665178781_0001_m_000000_0
2025-06-09 18:33:49,713 INFO reduce.MergeManagerImpl: closeInMemoryFile -> map-output of size: 133220525, inMemoryMapOutputs.size() -> 2, commitMemory -> 133078519, usedMemory ->1237410911
2025-06-09 18:33:49,791 INFO reduce.LocalFetcher: localfetcher#1 about to shuffle output of map attempt_local1665178781_0001_m_000005_0 decomp: 133008907 len: 133008911 to MEMORY
2025-06-09 18:33:50,094 INFO reduce.InMemoryMapOutput: Read 133008907 bytes from map-output for attempt_local1665178781_0001_m_000005_0
2025-06-09 18:33:50,094 INFO reduce.MergeManagerImpl: closeInMemoryFile -> map-output of size: 133008907, inMemoryMapOutputs.size() -> 3, commitMemory -> 266299044, usedMemory ->1370419818
2025-06-09 18:33:50,176 INFO reduce.LocalFetcher: localfetcher#1 about to shuffle output of map attempt_local1665178781_0001_m_000002_0 decomp: 133013296 len: 133013300 to MEMORY
2025-06-09 18:33:50,301 INFO reduce.InMemoryMapOutput: Read 133013296 bytes from map-output for attempt_local1665178781_0001_m_000002_0
2025-06-09 18:33:50,302 INFO reduce.MergeManagerImpl: closeInMemoryFile -> map-output of size: 133013296, inMemoryMapOutputs.size() -> 4, commitMemory -> 399307951, usedMemory ->1503433114
2025-06-09 18:33:50,302 INFO reduce.EventFetcher: EventFetcher is interrupted.. Returning
2025-06-09 18:33:50,302 INFO mapred.LocalJobRunner: 12 / 12 copied.
2025-06-09 18:33:52,360 INFO reduce.MergeManagerImpl: attempt_local1665178781_0001_r_000000_0 Merge of the 8 files in-memory complete. Local file is /home/emilia/hdfs/mapred/localRunner/emilia/jobcache/job_local1665178781_0001/attempt_local1665178781_0001_r_000000_0/output/map_11.out.merged of size 971111857
2025-06-09 18:33:52,360 INFO reduce.MergeManagerImpl: finalMerge called with 4 in-memory map-outputs and 1 on-disk map-outputs
2025-06-09 18:33:52,361 INFO mapred.Merger: Merging 4 sorted segments
2025-06-09 18:33:52,361 INFO mapred.Merger: Down to the last merge-pass, with 4 segments left of total size: 532321201 bytes
2025-06-09 18:33:53,795 INFO reduce.MergeManagerImpl: Merged 4 segments, 532321247 bytes to disk to satisfy reduce memory limit
2025-06-09 18:33:53,796 INFO reduce.MergeManagerImpl: Merging 2 files, 1503433102 bytes from disk
2025-06-09 18:33:53,796 INFO reduce.MergeManagerImpl: Merging 0 segments, 0 bytes from memory into reduce
2025-06-09 18:33:53,796 INFO mapred.Merger: Merging 2 sorted segments
2025-06-09 18:33:53,799 INFO mapred.Merger: Down to the last merge-pass, with 2 segments left of total size: 1503433068 bytes
2025-06-09 18:33:53,800 INFO mapred.LocalJobRunner: 12 / 12 copied.
2025-06-09 18:33:53,805 INFO streaming.PipeMapRed: PipeMapRed exec [/home/emilia/Documents/big-data/progetto/task_2/mapreduce/./reducer.py]
2025-06-09 18:33:53,807 INFO Configuration.deprecation: mapred.job.tracker is deprecated. Instead, use mapreduce.jobtracker.address
2025-06-09 18:33:53,808 INFO Configuration.deprecation: mapred.map.tasks is deprecated. Instead, use mapreduce.job.maps
2025-06-09 18:33:53,850 INFO streaming.PipeMapRed: R/W/S=1/0/0 in:NA [rec/s] out:NA [rec/s]
2025-06-09 18:33:53,850 INFO streaming.PipeMapRed: R/W/S=10/0/0 in:NA [rec/s] out:NA [rec/s]
2025-06-09 18:33:53,865 INFO streaming.PipeMapRed: R/W/S=100/0/0 in:NA [rec/s] out:NA [rec/s]
2025-06-09 18:33:53,996 INFO streaming.PipeMapRed: R/W/S=1000/0/0 in:NA [rec/s] out:NA [rec/s]
2025-06-09 18:33:55,202 INFO streaming.PipeMapRed: R/W/S=10000/0/0 in:10000=10000/1 [rec/s] out:0=0/1 [rec/s]
2025-06-09 18:34:00,182 INFO mapred.LocalJobRunner: reduce > reduce
2025-06-09 18:34:00,917 INFO mapreduce.Job:  map 100% reduce 69%
2025-06-09 18:34:06,164 INFO streaming.PipeMapRed: R/W/S=100000/0/0 in:8333=100000/12 [rec/s] out:0=0/12 [rec/s]
2025-06-09 18:34:06,183 INFO mapred.LocalJobRunner: reduce > reduce
2025-06-09 18:34:06,918 INFO mapreduce.Job:  map 100% reduce 72%
2025-06-09 18:34:12,183 INFO mapred.LocalJobRunner: reduce > reduce
2025-06-09 18:34:12,920 INFO mapreduce.Job:  map 100% reduce 75%
2025-06-09 18:34:18,184 INFO mapred.LocalJobRunner: reduce > reduce
2025-06-09 18:34:18,220 INFO streaming.PipeMapRed: R/W/S=200000/0/0 in:8333=200000/24 [rec/s] out:0=0/24 [rec/s]
2025-06-09 18:34:18,922 INFO mapreduce.Job:  map 100% reduce 78%
2025-06-09 18:34:24,184 INFO mapred.LocalJobRunner: reduce > reduce
2025-06-09 18:34:24,924 INFO mapreduce.Job:  map 100% reduce 80%
2025-06-09 18:34:30,184 INFO mapred.LocalJobRunner: reduce > reduce
2025-06-09 18:34:30,925 INFO mapreduce.Job:  map 100% reduce 83%
2025-06-09 18:34:31,044 INFO streaming.PipeMapRed: R/W/S=300000/0/0 in:8108=300000/37 [rec/s] out:0=0/37 [rec/s]
2025-06-09 18:34:36,185 INFO mapred.LocalJobRunner: reduce > reduce
2025-06-09 18:34:36,927 INFO mapreduce.Job:  map 100% reduce 86%
2025-06-09 18:34:42,185 INFO mapred.LocalJobRunner: reduce > reduce
2025-06-09 18:34:42,867 INFO streaming.PipeMapRed: R/W/S=400000/0/0 in:8163=400000/49 [rec/s] out:0=0/49 [rec/s]
2025-06-09 18:34:42,928 INFO mapreduce.Job:  map 100% reduce 89%
2025-06-09 18:34:48,186 INFO mapred.LocalJobRunner: reduce > reduce
2025-06-09 18:34:48,930 INFO mapreduce.Job:  map 100% reduce 91%
2025-06-09 18:34:54,186 INFO mapred.LocalJobRunner: reduce > reduce
2025-06-09 18:34:54,932 INFO mapreduce.Job:  map 100% reduce 94%
2025-06-09 18:34:54,968 INFO streaming.PipeMapRed: R/W/S=500000/0/0 in:8196=500000/61 [rec/s] out:0=0/61 [rec/s]
2025-06-09 18:35:00,187 INFO mapred.LocalJobRunner: reduce > reduce
2025-06-09 18:35:00,933 INFO mapreduce.Job:  map 100% reduce 97%
2025-06-09 18:35:06,187 INFO mapred.LocalJobRunner: reduce > reduce
2025-06-09 18:35:06,935 INFO mapreduce.Job:  map 100% reduce 99%
2025-06-09 18:35:07,754 INFO streaming.PipeMapRed: Records R/W=599983/1
2025-06-09 18:35:10,501 INFO streaming.PipeMapRed: MRErrorThread done
2025-06-09 18:35:10,502 INFO streaming.PipeMapRed: mapRedFinished
2025-06-09 18:35:10,511 INFO mapred.Task: Task:attempt_local1665178781_0001_r_000000_0 is done. And is in the process of committing
2025-06-09 18:35:10,513 INFO mapred.LocalJobRunner: reduce > reduce
2025-06-09 18:35:10,513 INFO mapred.Task: Task attempt_local1665178781_0001_r_000000_0 is allowed to commit now
2025-06-09 18:35:10,530 INFO output.FileOutputCommitter: Saved output of task 'attempt_local1665178781_0001_r_000000_0' to hdfs://localhost:9000/user/emilia/output/cleaned_pruned_used_cars_data_20percent_task2_mapreduce_result
2025-06-09 18:35:10,530 INFO mapred.LocalJobRunner: Records R/W=599983/1 > reduce
2025-06-09 18:35:10,530 INFO mapred.Task: Task 'attempt_local1665178781_0001_r_000000_0' done.
2025-06-09 18:35:10,531 INFO mapred.Task: Final Counters for attempt_local1665178781_0001_r_000000_0: Counters: 30
	File System Counters
		FILE: Number of bytes read=4470792222
		FILE: Number of bytes written=4471502626
		FILE: Number of read operations=0
		FILE: Number of large read operations=0
		FILE: Number of write operations=0
		HDFS: Number of bytes read=1516438583
		HDFS: Number of bytes written=4137183
		HDFS: Number of read operations=32
		HDFS: Number of large read operations=0
		HDFS: Number of write operations=3
		HDFS: Number of bytes read erasure-coded=0
	Map-Reduce Framework
		Combine input records=0
		Combine output records=0
		Reduce input groups=2817
		Reduce shuffle bytes=1503433162
		Reduce input records=599983
		Reduce output records=79476
		Spilled Records=599983
		Shuffled Maps =12
		Failed Shuffles=0
		Merged Map outputs=12
		GC time elapsed (ms)=19
		Total committed heap usage (bytes)=1725956096
	Shuffle Errors
		BAD_ID=0
		CONNECTION=0
		IO_ERROR=0
		WRONG_LENGTH=0
		WRONG_MAP=0
		WRONG_REDUCE=0
	File Output Format Counters 
		Bytes Written=4137183
2025-06-09 18:35:10,531 INFO mapred.LocalJobRunner: Finishing task: attempt_local1665178781_0001_r_000000_0
2025-06-09 18:35:10,531 INFO mapred.LocalJobRunner: reduce task executor complete.
2025-06-09 18:35:10,937 INFO mapreduce.Job:  map 100% reduce 100%
2025-06-09 18:35:10,937 INFO mapreduce.Job: Job job_local1665178781_0001 completed successfully
2025-06-09 18:35:10,947 INFO mapreduce.Job: Counters: 36
	File System Counters
		FILE: Number of bytes read=14720420067
		FILE: Number of bytes written=25017204112
		FILE: Number of read operations=0
		FILE: Number of large read operations=0
		FILE: Number of write operations=0
		HDFS: Number of bytes read=11891542126
		HDFS: Number of bytes written=4137183
		HDFS: Number of read operations=224
		HDFS: Number of large read operations=0
		HDFS: Number of write operations=15
		HDFS: Number of bytes read erasure-coded=0
	Map-Reduce Framework
		Map input records=600013
		Map output records=599983
		Map output bytes=1501086549
		Map output materialized bytes=1503433162
		Input split bytes=1620
		Combine input records=0
		Combine output records=0
		Reduce input groups=2817
		Reduce shuffle bytes=1503433162
		Reduce input records=599983
		Reduce output records=79476
		Spilled Records=1784675
		Shuffled Maps =12
		Failed Shuffles=0
		Merged Map outputs=12
		GC time elapsed (ms)=237
		Total committed heap usage (bytes)=4131389440
	Shuffle Errors
		BAD_ID=0
		CONNECTION=0
		IO_ERROR=0
		WRONG_LENGTH=0
		WRONG_MAP=0
		WRONG_REDUCE=0
	File Input Format Counters 
		Bytes Read=1516438583
	File Output Format Counters 
		Bytes Written=4137183
2025-06-09 18:35:10,947 INFO streaming.StreamJob: Output directory: /user/emilia/output/cleaned_pruned_used_cars_data_20percent_task2_mapreduce_result
