2025-06-08 19:26:48,742 INFO impl.MetricsConfig: Loaded properties from hadoop-metrics2.properties
2025-06-08 19:26:48,941 INFO impl.MetricsSystemImpl: Scheduled Metric snapshot period at 10 second(s).
2025-06-08 19:26:48,942 INFO impl.MetricsSystemImpl: JobTracker metrics system started
2025-06-08 19:26:48,980 WARN impl.MetricsSystemImpl: JobTracker metrics system already initialized!
2025-06-08 19:26:49,412 INFO mapred.FileInputFormat: Total input files to process : 1
2025-06-08 19:26:49,506 INFO mapreduce.JobSubmitter: number of splits:1
2025-06-08 19:26:49,821 INFO mapreduce.JobSubmitter: Submitting tokens for job: job_local2072224912_0001
2025-06-08 19:26:49,822 INFO mapreduce.JobSubmitter: Executing with tokens: []
2025-06-08 19:26:50,040 INFO mapreduce.Job: The url to track the job: http://localhost:8080/
2025-06-08 19:26:50,043 INFO mapred.LocalJobRunner: OutputCommitter set in config null
2025-06-08 19:26:50,045 INFO mapreduce.Job: Running job: job_local2072224912_0001
2025-06-08 19:26:50,048 INFO mapred.LocalJobRunner: OutputCommitter is org.apache.hadoop.mapred.FileOutputCommitter
2025-06-08 19:26:50,057 INFO output.FileOutputCommitter: File Output Committer Algorithm version is 2
2025-06-08 19:26:50,057 INFO output.FileOutputCommitter: FileOutputCommitter skip cleanup _temporary folders under output directory:false, ignore cleanup failures: false
2025-06-08 19:26:50,135 INFO mapred.LocalJobRunner: Waiting for map tasks
2025-06-08 19:26:50,140 INFO mapred.LocalJobRunner: Starting task: attempt_local2072224912_0001_m_000000_0
2025-06-08 19:26:50,177 INFO output.FileOutputCommitter: File Output Committer Algorithm version is 2
2025-06-08 19:26:50,177 INFO output.FileOutputCommitter: FileOutputCommitter skip cleanup _temporary folders under output directory:false, ignore cleanup failures: false
2025-06-08 19:26:50,202 INFO mapred.Task:  Using ResourceCalculatorProcessTree : [ ]
2025-06-08 19:26:50,213 INFO mapred.MapTask: Processing split: hdfs://localhost:9000/user/emilia/input/cleaned_pruned_used_cars_data_1percent.csv:0+86595809
2025-06-08 19:26:50,237 INFO mapred.MapTask: numReduceTasks: 1
2025-06-08 19:26:50,335 INFO mapred.MapTask: (EQUATOR) 0 kvi 26214396(104857584)
2025-06-08 19:26:50,335 INFO mapred.MapTask: mapreduce.task.io.sort.mb: 100
2025-06-08 19:26:50,335 INFO mapred.MapTask: soft limit at 83886080
2025-06-08 19:26:50,335 INFO mapred.MapTask: bufstart = 0; bufvoid = 104857600
2025-06-08 19:26:50,335 INFO mapred.MapTask: kvstart = 26214396; length = 6553600
2025-06-08 19:26:50,340 INFO mapred.MapTask: Map output collector class = org.apache.hadoop.mapred.MapTask$MapOutputBuffer
2025-06-08 19:26:50,349 INFO streaming.PipeMapRed: PipeMapRed exec [/home/emilia/Documents/big-data/progetto/task_2/mapreduce/./mapper.py]
2025-06-08 19:26:50,356 INFO Configuration.deprecation: mapred.work.output.dir is deprecated. Instead, use mapreduce.task.output.dir
2025-06-08 19:26:50,359 INFO Configuration.deprecation: mapred.local.dir is deprecated. Instead, use mapreduce.cluster.local.dir
2025-06-08 19:26:50,359 INFO Configuration.deprecation: map.input.file is deprecated. Instead, use mapreduce.map.input.file
2025-06-08 19:26:50,359 INFO Configuration.deprecation: map.input.length is deprecated. Instead, use mapreduce.map.input.length
2025-06-08 19:26:50,360 INFO Configuration.deprecation: mapred.job.id is deprecated. Instead, use mapreduce.job.id
2025-06-08 19:26:50,361 INFO Configuration.deprecation: mapred.task.partition is deprecated. Instead, use mapreduce.task.partition
2025-06-08 19:26:50,362 INFO Configuration.deprecation: map.input.start is deprecated. Instead, use mapreduce.map.input.start
2025-06-08 19:26:50,363 INFO Configuration.deprecation: mapred.task.is.map is deprecated. Instead, use mapreduce.task.ismap
2025-06-08 19:26:50,363 INFO Configuration.deprecation: mapred.task.id is deprecated. Instead, use mapreduce.task.attempt.id
2025-06-08 19:26:50,363 INFO Configuration.deprecation: mapred.tip.id is deprecated. Instead, use mapreduce.task.id
2025-06-08 19:26:50,364 INFO Configuration.deprecation: mapred.skip.on is deprecated. Instead, use mapreduce.job.skiprecords
2025-06-08 19:26:50,366 INFO Configuration.deprecation: user.name is deprecated. Instead, use mapreduce.job.user.name
2025-06-08 19:26:50,561 INFO streaming.PipeMapRed: R/W/S=1/0/0 in:NA [rec/s] out:NA [rec/s]
2025-06-08 19:26:50,562 INFO streaming.PipeMapRed: R/W/S=10/0/0 in:NA [rec/s] out:NA [rec/s]
2025-06-08 19:26:50,577 INFO streaming.PipeMapRed: R/W/S=100/1/0 in:NA [rec/s] out:NA [rec/s]
2025-06-08 19:26:50,579 INFO streaming.PipeMapRed: Records R/W=99/1
2025-06-08 19:26:50,701 INFO streaming.PipeMapRed: R/W/S=1000/936/0 in:NA [rec/s] out:NA [rec/s]
2025-06-08 19:26:50,993 INFO streaming.PipeMapRed: R/W/S=10000/9963/0 in:NA [rec/s] out:NA [rec/s]
2025-06-08 19:26:51,053 INFO mapreduce.Job: Job job_local2072224912_0001 running in uber mode : false
2025-06-08 19:26:51,055 INFO mapreduce.Job:  map 0% reduce 0%
2025-06-08 19:26:51,451 INFO mapred.MapTask: Spilling map output
2025-06-08 19:26:51,451 INFO mapred.MapTask: bufstart = 0; bufend = 83428979; bufvoid = 104857600
2025-06-08 19:26:51,451 INFO mapred.MapTask: kvstart = 26214396(104857584); kvend = 26099480(104397920); length = 114917/6553600
2025-06-08 19:26:51,451 INFO mapred.MapTask: (EQUATOR) 83543907 kvi 20885972(83543888)
2025-06-08 19:26:51,493 INFO streaming.PipeMapRed: MRErrorThread done
2025-06-08 19:26:51,495 INFO streaming.PipeMapRed: mapRedFinished
2025-06-08 19:26:51,500 INFO mapred.LocalJobRunner: 
2025-06-08 19:26:51,501 INFO mapred.MapTask: Starting flush of map output
2025-06-08 19:26:51,887 INFO mapred.MapTask: Finished spill 0
2025-06-08 19:26:51,888 INFO mapred.MapTask: (RESET) equator 83543907 kv 20885972(83543888) kvi 20880896(83523584)
2025-06-08 19:26:51,888 INFO mapred.MapTask: Spilling map output
2025-06-08 19:26:51,888 INFO mapred.MapTask: bufstart = 83543907; bufend = 85955721; bufvoid = 104857600
2025-06-08 19:26:51,888 INFO mapred.MapTask: kvstart = 20885972(83543888); kvend = 20880900(83523600); length = 5073/6553600
2025-06-08 19:26:51,900 INFO mapred.MapTask: Finished spill 1
2025-06-08 19:26:51,908 INFO mapred.Merger: Merging 2 sorted segments
2025-06-08 19:26:51,915 INFO mapred.Merger: Down to the last merge-pass, with 2 segments left of total size: 85958543 bytes
2025-06-08 19:26:52,452 INFO mapred.Task: Task:attempt_local2072224912_0001_m_000000_0 is done. And is in the process of committing
2025-06-08 19:26:52,457 INFO mapred.LocalJobRunner: Records R/W=99/1 > sort
2025-06-08 19:26:52,458 INFO mapred.Task: Task 'attempt_local2072224912_0001_m_000000_0' done.
2025-06-08 19:26:52,467 INFO mapred.Task: Final Counters for attempt_local2072224912_0001_m_000000_0: Counters: 23
	File System Counters
		FILE: Number of bytes read=86099994
		FILE: Number of bytes written=172781001
		FILE: Number of read operations=0
		FILE: Number of large read operations=0
		FILE: Number of write operations=0
		HDFS: Number of bytes read=86595809
		HDFS: Number of bytes written=0
		HDFS: Number of read operations=5
		HDFS: Number of large read operations=0
		HDFS: Number of write operations=1
		HDFS: Number of bytes read erasure-coded=0
	Map-Reduce Framework
		Map input records=30000
		Map output records=29999
		Map output bytes=85840793
		Map output materialized bytes=85958558
		Input split bytes=134
		Combine input records=0
		Spilled Records=59998
		Failed Shuffles=0
		Merged Map outputs=0
		GC time elapsed (ms)=11
		Total committed heap usage (bytes)=258998272
	File Input Format Counters 
		Bytes Read=86595809
2025-06-08 19:26:52,467 INFO mapred.LocalJobRunner: Finishing task: attempt_local2072224912_0001_m_000000_0
2025-06-08 19:26:52,468 INFO mapred.LocalJobRunner: map task executor complete.
2025-06-08 19:26:52,473 INFO mapred.LocalJobRunner: Waiting for reduce tasks
2025-06-08 19:26:52,473 INFO mapred.LocalJobRunner: Starting task: attempt_local2072224912_0001_r_000000_0
2025-06-08 19:26:52,485 INFO output.FileOutputCommitter: File Output Committer Algorithm version is 2
2025-06-08 19:26:52,485 INFO output.FileOutputCommitter: FileOutputCommitter skip cleanup _temporary folders under output directory:false, ignore cleanup failures: false
2025-06-08 19:26:52,486 INFO mapred.Task:  Using ResourceCalculatorProcessTree : [ ]
2025-06-08 19:26:52,489 INFO mapred.ReduceTask: Using ShuffleConsumerPlugin: org.apache.hadoop.mapreduce.task.reduce.Shuffle@18ee52fe
2025-06-08 19:26:52,492 WARN impl.MetricsSystemImpl: JobTracker metrics system already initialized!
2025-06-08 19:26:52,513 INFO reduce.MergeManagerImpl: MergerManager: memoryLimit=1407818112, maxSingleShuffleLimit=351954528, mergeThreshold=929160000, ioSortFactor=10, memToMemMergeOutputsThreshold=10
2025-06-08 19:26:52,516 INFO reduce.EventFetcher: attempt_local2072224912_0001_r_000000_0 Thread started: EventFetcher for fetching Map Completion Events
2025-06-08 19:26:52,571 INFO reduce.LocalFetcher: localfetcher#1 about to shuffle output of map attempt_local2072224912_0001_m_000000_0 decomp: 85958554 len: 85958558 to MEMORY
2025-06-08 19:26:52,678 INFO reduce.InMemoryMapOutput: Read 85958554 bytes from map-output for attempt_local2072224912_0001_m_000000_0
2025-06-08 19:26:52,680 INFO reduce.MergeManagerImpl: closeInMemoryFile -> map-output of size: 85958554, inMemoryMapOutputs.size() -> 1, commitMemory -> 0, usedMemory ->85958554
2025-06-08 19:26:52,682 INFO reduce.EventFetcher: EventFetcher is interrupted.. Returning
2025-06-08 19:26:52,683 INFO mapred.LocalJobRunner: 1 / 1 copied.
2025-06-08 19:26:52,683 INFO reduce.MergeManagerImpl: finalMerge called with 1 in-memory map-outputs and 0 on-disk map-outputs
2025-06-08 19:26:52,686 INFO mapred.Merger: Merging 1 sorted segments
2025-06-08 19:26:52,686 INFO mapred.Merger: Down to the last merge-pass, with 1 segments left of total size: 85958544 bytes
2025-06-08 19:26:53,030 INFO reduce.MergeManagerImpl: Merged 1 segments, 85958554 bytes to disk to satisfy reduce memory limit
2025-06-08 19:26:53,030 INFO reduce.MergeManagerImpl: Merging 1 files, 85958558 bytes from disk
2025-06-08 19:26:53,031 INFO reduce.MergeManagerImpl: Merging 0 segments, 0 bytes from memory into reduce
2025-06-08 19:26:53,031 INFO mapred.Merger: Merging 1 sorted segments
2025-06-08 19:26:53,032 INFO mapred.Merger: Down to the last merge-pass, with 1 segments left of total size: 85958544 bytes
2025-06-08 19:26:53,033 INFO mapred.LocalJobRunner: 1 / 1 copied.
2025-06-08 19:26:53,038 INFO streaming.PipeMapRed: PipeMapRed exec [/home/emilia/Documents/big-data/progetto/task_2/mapreduce/./reducer.py]
2025-06-08 19:26:53,042 INFO Configuration.deprecation: mapred.job.tracker is deprecated. Instead, use mapreduce.jobtracker.address
2025-06-08 19:26:53,045 INFO Configuration.deprecation: mapred.map.tasks is deprecated. Instead, use mapreduce.job.maps
2025-06-08 19:26:53,061 INFO mapreduce.Job:  map 100% reduce 0%
2025-06-08 19:26:53,102 INFO streaming.PipeMapRed: R/W/S=1/0/0 in:NA [rec/s] out:NA [rec/s]
2025-06-08 19:26:53,102 INFO streaming.PipeMapRed: R/W/S=10/0/0 in:NA [rec/s] out:NA [rec/s]
2025-06-08 19:26:53,104 INFO streaming.PipeMapRed: R/W/S=100/0/0 in:NA [rec/s] out:NA [rec/s]
2025-06-08 19:26:53,362 INFO streaming.PipeMapRed: R/W/S=1000/0/0 in:NA [rec/s] out:NA [rec/s]
2025-06-08 19:26:55,865 INFO streaming.PipeMapRed: R/W/S=10000/0/0 in:5000=10000/2 [rec/s] out:0=0/2 [rec/s]
2025-06-08 19:27:02,116 INFO streaming.PipeMapRed: Records R/W=29999/1
2025-06-08 19:27:02,475 INFO streaming.PipeMapRed: MRErrorThread done
2025-06-08 19:27:02,476 INFO streaming.PipeMapRed: mapRedFinished
2025-06-08 19:27:02,496 INFO mapred.Task: Task:attempt_local2072224912_0001_r_000000_0 is done. And is in the process of committing
2025-06-08 19:27:02,499 INFO mapred.LocalJobRunner: 1 / 1 copied.
2025-06-08 19:27:02,499 INFO mapred.Task: Task attempt_local2072224912_0001_r_000000_0 is allowed to commit now
2025-06-08 19:27:02,527 INFO output.FileOutputCommitter: Saved output of task 'attempt_local2072224912_0001_r_000000_0' to hdfs://localhost:9000/user/emilia/output/cleaned_pruned_used_cars_data_1percent_task2_mapreduce_result
2025-06-08 19:27:02,528 INFO mapred.LocalJobRunner: Records R/W=29999/1 > reduce
2025-06-08 19:27:02,528 INFO mapred.Task: Task 'attempt_local2072224912_0001_r_000000_0' done.
2025-06-08 19:27:02,529 INFO mapred.Task: Final Counters for attempt_local2072224912_0001_r_000000_0: Counters: 30
	File System Counters
		FILE: Number of bytes read=258017142
		FILE: Number of bytes written=258739559
		FILE: Number of read operations=0
		FILE: Number of large read operations=0
		FILE: Number of write operations=0
		HDFS: Number of bytes read=86595809
		HDFS: Number of bytes written=313371
		HDFS: Number of read operations=10
		HDFS: Number of large read operations=0
		HDFS: Number of write operations=3
		HDFS: Number of bytes read erasure-coded=0
	Map-Reduce Framework
		Combine input records=0
		Combine output records=0
		Reduce input groups=186
		Reduce shuffle bytes=85958558
		Reduce input records=29999
		Reduce output records=6012
		Spilled Records=29999
		Shuffled Maps =1
		Failed Shuffles=0
		Merged Map outputs=1
		GC time elapsed (ms)=8
		Total committed heap usage (bytes)=258998272
	Shuffle Errors
		BAD_ID=0
		CONNECTION=0
		IO_ERROR=0
		WRONG_LENGTH=0
		WRONG_MAP=0
		WRONG_REDUCE=0
	File Output Format Counters 
		Bytes Written=313371
2025-06-08 19:27:02,529 INFO mapred.LocalJobRunner: Finishing task: attempt_local2072224912_0001_r_000000_0
2025-06-08 19:27:02,529 INFO mapred.LocalJobRunner: reduce task executor complete.
2025-06-08 19:27:03,067 INFO mapreduce.Job:  map 100% reduce 100%
2025-06-08 19:27:03,068 INFO mapreduce.Job: Job job_local2072224912_0001 completed successfully
2025-06-08 19:27:03,080 INFO mapreduce.Job: Counters: 36
	File System Counters
		FILE: Number of bytes read=344117136
		FILE: Number of bytes written=431520560
		FILE: Number of read operations=0
		FILE: Number of large read operations=0
		FILE: Number of write operations=0
		HDFS: Number of bytes read=173191618
		HDFS: Number of bytes written=313371
		HDFS: Number of read operations=15
		HDFS: Number of large read operations=0
		HDFS: Number of write operations=4
		HDFS: Number of bytes read erasure-coded=0
	Map-Reduce Framework
		Map input records=30000
		Map output records=29999
		Map output bytes=85840793
		Map output materialized bytes=85958558
		Input split bytes=134
		Combine input records=0
		Combine output records=0
		Reduce input groups=186
		Reduce shuffle bytes=85958558
		Reduce input records=29999
		Reduce output records=6012
		Spilled Records=89997
		Shuffled Maps =1
		Failed Shuffles=0
		Merged Map outputs=1
		GC time elapsed (ms)=19
		Total committed heap usage (bytes)=517996544
	Shuffle Errors
		BAD_ID=0
		CONNECTION=0
		IO_ERROR=0
		WRONG_LENGTH=0
		WRONG_MAP=0
		WRONG_REDUCE=0
	File Input Format Counters 
		Bytes Read=86595809
	File Output Format Counters 
		Bytes Written=313371
2025-06-08 19:27:03,080 INFO streaming.StreamJob: Output directory: /user/emilia/output/cleaned_pruned_used_cars_data_1percent_task2_mapreduce_result
