2025-06-09 16:06:39,816 INFO impl.MetricsConfig: Loaded properties from hadoop-metrics2.properties
2025-06-09 16:06:39,852 INFO impl.MetricsSystemImpl: Scheduled Metric snapshot period at 10 second(s).
2025-06-09 16:06:39,853 INFO impl.MetricsSystemImpl: JobTracker metrics system started
2025-06-09 16:06:39,859 WARN impl.MetricsSystemImpl: JobTracker metrics system already initialized!
2025-06-09 16:06:39,975 INFO mapred.FileInputFormat: Total input files to process : 1
2025-06-09 16:06:40,002 INFO mapreduce.JobSubmitter: number of splits:1
2025-06-09 16:06:40,070 INFO mapreduce.JobSubmitter: Submitting tokens for job: job_local2104536398_0001
2025-06-09 16:06:40,070 INFO mapreduce.JobSubmitter: Executing with tokens: []
2025-06-09 16:06:40,130 INFO mapreduce.Job: The url to track the job: http://localhost:8080/
2025-06-09 16:06:40,131 INFO mapreduce.Job: Running job: job_local2104536398_0001
2025-06-09 16:06:40,132 INFO mapred.LocalJobRunner: OutputCommitter set in config null
2025-06-09 16:06:40,133 INFO mapred.LocalJobRunner: OutputCommitter is org.apache.hadoop.mapred.FileOutputCommitter
2025-06-09 16:06:40,136 INFO output.FileOutputCommitter: File Output Committer Algorithm version is 2
2025-06-09 16:06:40,136 INFO output.FileOutputCommitter: FileOutputCommitter skip cleanup _temporary folders under output directory:false, ignore cleanup failures: false
2025-06-09 16:06:40,171 INFO mapred.LocalJobRunner: Waiting for map tasks
2025-06-09 16:06:40,173 INFO mapred.LocalJobRunner: Starting task: attempt_local2104536398_0001_m_000000_0
2025-06-09 16:06:40,186 INFO output.FileOutputCommitter: File Output Committer Algorithm version is 2
2025-06-09 16:06:40,186 INFO output.FileOutputCommitter: FileOutputCommitter skip cleanup _temporary folders under output directory:false, ignore cleanup failures: false
2025-06-09 16:06:40,194 INFO mapred.Task:  Using ResourceCalculatorProcessTree : [ ]
2025-06-09 16:06:40,199 INFO mapred.MapTask: Processing split: hdfs://localhost:9000/user/giovanni/input/cleaned_pruned_used_cars_data_1percent.csv:0+86595809
2025-06-09 16:06:40,206 INFO mapred.MapTask: numReduceTasks: 1
2025-06-09 16:06:40,239 INFO mapred.MapTask: (EQUATOR) 0 kvi 26214396(104857584)
2025-06-09 16:06:40,239 INFO mapred.MapTask: mapreduce.task.io.sort.mb: 100
2025-06-09 16:06:40,239 INFO mapred.MapTask: soft limit at 83886080
2025-06-09 16:06:40,239 INFO mapred.MapTask: bufstart = 0; bufvoid = 104857600
2025-06-09 16:06:40,239 INFO mapred.MapTask: kvstart = 26214396; length = 6553600
2025-06-09 16:06:40,241 INFO mapred.MapTask: Map output collector class = org.apache.hadoop.mapred.MapTask$MapOutputBuffer
2025-06-09 16:06:40,244 INFO streaming.PipeMapRed: PipeMapRed exec [/home/giovanni/Projects/big-data/progetto/task_2/mapreduce/./mapper.py]
2025-06-09 16:06:40,246 INFO Configuration.deprecation: mapred.work.output.dir is deprecated. Instead, use mapreduce.task.output.dir
2025-06-09 16:06:40,247 INFO Configuration.deprecation: mapred.local.dir is deprecated. Instead, use mapreduce.cluster.local.dir
2025-06-09 16:06:40,247 INFO Configuration.deprecation: map.input.file is deprecated. Instead, use mapreduce.map.input.file
2025-06-09 16:06:40,247 INFO Configuration.deprecation: map.input.length is deprecated. Instead, use mapreduce.map.input.length
2025-06-09 16:06:40,247 INFO Configuration.deprecation: mapred.job.id is deprecated. Instead, use mapreduce.job.id
2025-06-09 16:06:40,247 INFO Configuration.deprecation: mapred.task.partition is deprecated. Instead, use mapreduce.task.partition
2025-06-09 16:06:40,247 INFO Configuration.deprecation: map.input.start is deprecated. Instead, use mapreduce.map.input.start
2025-06-09 16:06:40,248 INFO Configuration.deprecation: mapred.task.is.map is deprecated. Instead, use mapreduce.task.ismap
2025-06-09 16:06:40,248 INFO Configuration.deprecation: mapred.task.id is deprecated. Instead, use mapreduce.task.attempt.id
2025-06-09 16:06:40,248 INFO Configuration.deprecation: mapred.tip.id is deprecated. Instead, use mapreduce.task.id
2025-06-09 16:06:40,248 INFO Configuration.deprecation: mapred.skip.on is deprecated. Instead, use mapreduce.job.skiprecords
2025-06-09 16:06:40,248 INFO Configuration.deprecation: user.name is deprecated. Instead, use mapreduce.job.user.name
2025-06-09 16:06:40,306 INFO streaming.PipeMapRed: R/W/S=1/0/0 in:NA [rec/s] out:NA [rec/s]
2025-06-09 16:06:40,306 INFO streaming.PipeMapRed: R/W/S=10/0/0 in:NA [rec/s] out:NA [rec/s]
2025-06-09 16:06:40,311 INFO streaming.PipeMapRed: R/W/S=100/0/0 in:NA [rec/s] out:NA [rec/s]
2025-06-09 16:06:40,311 INFO streaming.PipeMapRed: Records R/W=111/1
2025-06-09 16:06:40,338 INFO streaming.PipeMapRed: R/W/S=1000/936/0 in:NA [rec/s] out:NA [rec/s]
2025-06-09 16:06:40,420 INFO streaming.PipeMapRed: R/W/S=10000/9955/0 in:NA [rec/s] out:NA [rec/s]
2025-06-09 16:06:40,563 INFO mapred.MapTask: Spilling map output
2025-06-09 16:06:40,563 INFO mapred.MapTask: bufstart = 0; bufend = 83428979; bufvoid = 104857600
2025-06-09 16:06:40,563 INFO mapred.MapTask: kvstart = 26214396(104857584); kvend = 26099480(104397920); length = 114917/6553600
2025-06-09 16:06:40,563 INFO mapred.MapTask: (EQUATOR) 83543907 kvi 20885972(83543888)
2025-06-09 16:06:40,572 INFO streaming.PipeMapRed: MRErrorThread done
2025-06-09 16:06:40,573 INFO streaming.PipeMapRed: mapRedFinished
2025-06-09 16:06:40,574 INFO mapred.LocalJobRunner: 
2025-06-09 16:06:40,574 INFO mapred.MapTask: Starting flush of map output
2025-06-09 16:06:40,671 INFO mapred.MapTask: Finished spill 0
2025-06-09 16:06:40,671 INFO mapred.MapTask: (RESET) equator 83543907 kv 20885972(83543888) kvi 20880896(83523584)
2025-06-09 16:06:40,671 INFO mapred.MapTask: Spilling map output
2025-06-09 16:06:40,671 INFO mapred.MapTask: bufstart = 83543907; bufend = 85955721; bufvoid = 104857600
2025-06-09 16:06:40,671 INFO mapred.MapTask: kvstart = 20885972(83543888); kvend = 20880900(83523600); length = 5073/6553600
2025-06-09 16:06:40,674 INFO mapred.MapTask: Finished spill 1
2025-06-09 16:06:40,677 INFO mapred.Merger: Merging 2 sorted segments
2025-06-09 16:06:40,679 INFO mapred.Merger: Down to the last merge-pass, with 2 segments left of total size: 85958543 bytes
2025-06-09 16:06:40,814 INFO mapred.Task: Task:attempt_local2104536398_0001_m_000000_0 is done. And is in the process of committing
2025-06-09 16:06:40,816 INFO mapred.LocalJobRunner: Records R/W=111/1 > sort
2025-06-09 16:06:40,817 INFO mapred.Task: Task 'attempt_local2104536398_0001_m_000000_0' done.
2025-06-09 16:06:40,820 INFO mapred.Task: Final Counters for attempt_local2104536398_0001_m_000000_0: Counters: 23
	File System Counters
		FILE: Number of bytes read=86100004
		FILE: Number of bytes written=172784519
		FILE: Number of read operations=0
		FILE: Number of large read operations=0
		FILE: Number of write operations=0
		HDFS: Number of bytes read=86595809
		HDFS: Number of bytes written=0
		HDFS: Number of read operations=5
		HDFS: Number of large read operations=0
		HDFS: Number of write operations=1
		HDFS: Number of bytes read erasure-coded=0
	Map-Reduce Framework
		Map input records=30000
		Map output records=29999
		Map output bytes=85840793
		Map output materialized bytes=85958558
		Input split bytes=136
		Combine input records=0
		Spilled Records=59998
		Failed Shuffles=0
		Merged Map outputs=0
		GC time elapsed (ms)=0
		Total committed heap usage (bytes)=627048448
	File Input Format Counters 
		Bytes Read=86595809
2025-06-09 16:06:40,820 INFO mapred.LocalJobRunner: Finishing task: attempt_local2104536398_0001_m_000000_0
2025-06-09 16:06:40,820 INFO mapred.LocalJobRunner: map task executor complete.
2025-06-09 16:06:40,822 INFO mapred.LocalJobRunner: Waiting for reduce tasks
2025-06-09 16:06:40,822 INFO mapred.LocalJobRunner: Starting task: attempt_local2104536398_0001_r_000000_0
2025-06-09 16:06:40,828 INFO output.FileOutputCommitter: File Output Committer Algorithm version is 2
2025-06-09 16:06:40,828 INFO output.FileOutputCommitter: FileOutputCommitter skip cleanup _temporary folders under output directory:false, ignore cleanup failures: false
2025-06-09 16:06:40,828 INFO mapred.Task:  Using ResourceCalculatorProcessTree : [ ]
2025-06-09 16:06:40,830 INFO mapred.ReduceTask: Using ShuffleConsumerPlugin: org.apache.hadoop.mapreduce.task.reduce.Shuffle@13c0f26e
2025-06-09 16:06:40,831 WARN impl.MetricsSystemImpl: JobTracker metrics system already initialized!
2025-06-09 16:06:40,840 INFO reduce.MergeManagerImpl: MergerManager: memoryLimit=6012954112, maxSingleShuffleLimit=1503238528, mergeThreshold=3968549888, ioSortFactor=10, memToMemMergeOutputsThreshold=10
2025-06-09 16:06:40,841 INFO reduce.EventFetcher: attempt_local2104536398_0001_r_000000_0 Thread started: EventFetcher for fetching Map Completion Events
2025-06-09 16:06:40,883 INFO reduce.LocalFetcher: localfetcher#1 about to shuffle output of map attempt_local2104536398_0001_m_000000_0 decomp: 85958554 len: 85958558 to MEMORY
2025-06-09 16:06:40,921 INFO reduce.InMemoryMapOutput: Read 85958554 bytes from map-output for attempt_local2104536398_0001_m_000000_0
2025-06-09 16:06:40,923 INFO reduce.MergeManagerImpl: closeInMemoryFile -> map-output of size: 85958554, inMemoryMapOutputs.size() -> 1, commitMemory -> 0, usedMemory ->85958554
2025-06-09 16:06:40,923 INFO reduce.EventFetcher: EventFetcher is interrupted.. Returning
2025-06-09 16:06:40,924 INFO mapred.LocalJobRunner: 1 / 1 copied.
2025-06-09 16:06:40,924 INFO reduce.MergeManagerImpl: finalMerge called with 1 in-memory map-outputs and 0 on-disk map-outputs
2025-06-09 16:06:40,925 INFO mapred.Merger: Merging 1 sorted segments
2025-06-09 16:06:40,925 INFO mapred.Merger: Down to the last merge-pass, with 1 segments left of total size: 85958544 bytes
2025-06-09 16:06:41,016 INFO reduce.MergeManagerImpl: Merged 1 segments, 85958554 bytes to disk to satisfy reduce memory limit
2025-06-09 16:06:41,016 INFO reduce.MergeManagerImpl: Merging 1 files, 85958558 bytes from disk
2025-06-09 16:06:41,016 INFO reduce.MergeManagerImpl: Merging 0 segments, 0 bytes from memory into reduce
2025-06-09 16:06:41,016 INFO mapred.Merger: Merging 1 sorted segments
2025-06-09 16:06:41,017 INFO mapred.Merger: Down to the last merge-pass, with 1 segments left of total size: 85958544 bytes
2025-06-09 16:06:41,017 INFO mapred.LocalJobRunner: 1 / 1 copied.
2025-06-09 16:06:41,019 INFO streaming.PipeMapRed: PipeMapRed exec [/home/giovanni/Projects/big-data/progetto/task_2/mapreduce/./reducer.py]
2025-06-09 16:06:41,021 INFO Configuration.deprecation: mapred.job.tracker is deprecated. Instead, use mapreduce.jobtracker.address
2025-06-09 16:06:41,022 INFO Configuration.deprecation: mapred.map.tasks is deprecated. Instead, use mapreduce.job.maps
2025-06-09 16:06:41,065 INFO streaming.PipeMapRed: R/W/S=1/0/0 in:NA [rec/s] out:NA [rec/s]
2025-06-09 16:06:41,066 INFO streaming.PipeMapRed: R/W/S=10/0/0 in:NA [rec/s] out:NA [rec/s]
2025-06-09 16:06:41,066 INFO streaming.PipeMapRed: R/W/S=100/0/0 in:NA [rec/s] out:NA [rec/s]
2025-06-09 16:06:41,121 INFO streaming.PipeMapRed: R/W/S=1000/0/0 in:NA [rec/s] out:NA [rec/s]
2025-06-09 16:06:41,134 INFO mapreduce.Job: Job job_local2104536398_0001 running in uber mode : false
2025-06-09 16:06:41,134 INFO mapreduce.Job:  map 100% reduce 0%
2025-06-09 16:06:41,609 INFO streaming.PipeMapRed: R/W/S=10000/0/0 in:NA [rec/s] out:NA [rec/s]
2025-06-09 16:06:42,899 INFO streaming.PipeMapRed: Records R/W=29999/1
2025-06-09 16:06:42,998 INFO streaming.PipeMapRed: MRErrorThread done
2025-06-09 16:06:42,998 INFO streaming.PipeMapRed: mapRedFinished
2025-06-09 16:06:43,007 INFO mapred.Task: Task:attempt_local2104536398_0001_r_000000_0 is done. And is in the process of committing
2025-06-09 16:06:43,009 INFO mapred.LocalJobRunner: 1 / 1 copied.
2025-06-09 16:06:43,009 INFO mapred.Task: Task attempt_local2104536398_0001_r_000000_0 is allowed to commit now
2025-06-09 16:06:43,019 INFO output.FileOutputCommitter: Saved output of task 'attempt_local2104536398_0001_r_000000_0' to hdfs://localhost:9000/user/giovanni/output/cleaned_pruned_used_cars_data_1percent_task2_mapreduce_result
2025-06-09 16:06:43,020 INFO mapred.LocalJobRunner: Records R/W=29999/1 > reduce
2025-06-09 16:06:43,020 INFO mapred.Task: Task 'attempt_local2104536398_0001_r_000000_0' done.
2025-06-09 16:06:43,020 INFO mapred.Task: Final Counters for attempt_local2104536398_0001_r_000000_0: Counters: 30
	File System Counters
		FILE: Number of bytes read=258017152
		FILE: Number of bytes written=258743077
		FILE: Number of read operations=0
		FILE: Number of large read operations=0
		FILE: Number of write operations=0
		HDFS: Number of bytes read=86595809
		HDFS: Number of bytes written=313371
		HDFS: Number of read operations=10
		HDFS: Number of large read operations=0
		HDFS: Number of write operations=3
		HDFS: Number of bytes read erasure-coded=0
	Map-Reduce Framework
		Combine input records=0
		Combine output records=0
		Reduce input groups=186
		Reduce shuffle bytes=85958558
		Reduce input records=29999
		Reduce output records=6012
		Spilled Records=29999
		Shuffled Maps =1
		Failed Shuffles=0
		Merged Map outputs=1
		GC time elapsed (ms)=0
		Total committed heap usage (bytes)=627048448
	Shuffle Errors
		BAD_ID=0
		CONNECTION=0
		IO_ERROR=0
		WRONG_LENGTH=0
		WRONG_MAP=0
		WRONG_REDUCE=0
	File Output Format Counters 
		Bytes Written=313371
2025-06-09 16:06:43,020 INFO mapred.LocalJobRunner: Finishing task: attempt_local2104536398_0001_r_000000_0
2025-06-09 16:06:43,020 INFO mapred.LocalJobRunner: reduce task executor complete.
2025-06-09 16:06:43,135 INFO mapreduce.Job:  map 100% reduce 100%
2025-06-09 16:06:43,135 INFO mapreduce.Job: Job job_local2104536398_0001 completed successfully
2025-06-09 16:06:43,141 INFO mapreduce.Job: Counters: 36
	File System Counters
		FILE: Number of bytes read=344117156
		FILE: Number of bytes written=431527596
		FILE: Number of read operations=0
		FILE: Number of large read operations=0
		FILE: Number of write operations=0
		HDFS: Number of bytes read=173191618
		HDFS: Number of bytes written=313371
		HDFS: Number of read operations=15
		HDFS: Number of large read operations=0
		HDFS: Number of write operations=4
		HDFS: Number of bytes read erasure-coded=0
	Map-Reduce Framework
		Map input records=30000
		Map output records=29999
		Map output bytes=85840793
		Map output materialized bytes=85958558
		Input split bytes=136
		Combine input records=0
		Combine output records=0
		Reduce input groups=186
		Reduce shuffle bytes=85958558
		Reduce input records=29999
		Reduce output records=6012
		Spilled Records=89997
		Shuffled Maps =1
		Failed Shuffles=0
		Merged Map outputs=1
		GC time elapsed (ms)=0
		Total committed heap usage (bytes)=1254096896
	Shuffle Errors
		BAD_ID=0
		CONNECTION=0
		IO_ERROR=0
		WRONG_LENGTH=0
		WRONG_MAP=0
		WRONG_REDUCE=0
	File Input Format Counters 
		Bytes Read=86595809
	File Output Format Counters 
		Bytes Written=313371
2025-06-09 16:06:43,141 INFO streaming.StreamJob: Output directory: /user/giovanni/output/cleaned_pruned_used_cars_data_1percent_task2_mapreduce_result
