2025-06-09 17:06:37,201 INFO impl.MetricsConfig: Loaded properties from hadoop-metrics2.properties
2025-06-09 17:06:37,239 INFO impl.MetricsSystemImpl: Scheduled Metric snapshot period at 10 second(s).
2025-06-09 17:06:37,239 INFO impl.MetricsSystemImpl: JobTracker metrics system started
2025-06-09 17:06:37,245 WARN impl.MetricsSystemImpl: JobTracker metrics system already initialized!
2025-06-09 17:06:37,355 INFO mapred.FileInputFormat: Total input files to process : 1
2025-06-09 17:06:37,383 INFO mapreduce.JobSubmitter: number of splits:1
2025-06-09 17:06:37,446 INFO mapreduce.JobSubmitter: Submitting tokens for job: job_local105417119_0001
2025-06-09 17:06:37,447 INFO mapreduce.JobSubmitter: Executing with tokens: []
2025-06-09 17:06:37,512 INFO mapreduce.Job: The url to track the job: http://localhost:8080/
2025-06-09 17:06:37,513 INFO mapreduce.Job: Running job: job_local105417119_0001
2025-06-09 17:06:37,514 INFO mapred.LocalJobRunner: OutputCommitter set in config null
2025-06-09 17:06:37,515 INFO mapred.LocalJobRunner: OutputCommitter is org.apache.hadoop.mapred.FileOutputCommitter
2025-06-09 17:06:37,519 INFO output.FileOutputCommitter: File Output Committer Algorithm version is 2
2025-06-09 17:06:37,519 INFO output.FileOutputCommitter: FileOutputCommitter skip cleanup _temporary folders under output directory:false, ignore cleanup failures: false
2025-06-09 17:06:37,552 INFO mapred.LocalJobRunner: Waiting for map tasks
2025-06-09 17:06:37,554 INFO mapred.LocalJobRunner: Starting task: attempt_local105417119_0001_m_000000_0
2025-06-09 17:06:37,563 INFO output.FileOutputCommitter: File Output Committer Algorithm version is 2
2025-06-09 17:06:37,563 INFO output.FileOutputCommitter: FileOutputCommitter skip cleanup _temporary folders under output directory:false, ignore cleanup failures: false
2025-06-09 17:06:37,571 INFO mapred.Task:  Using ResourceCalculatorProcessTree : [ ]
2025-06-09 17:06:37,575 INFO mapred.MapTask: Processing split: hdfs://localhost:9000/user/giovanni/input/cleaned_pruned_used_cars_data_1percent.csv:0+86595809
2025-06-09 17:06:37,582 INFO mapred.MapTask: numReduceTasks: 1
2025-06-09 17:06:37,618 INFO mapred.MapTask: (EQUATOR) 0 kvi 26214396(104857584)
2025-06-09 17:06:37,618 INFO mapred.MapTask: mapreduce.task.io.sort.mb: 100
2025-06-09 17:06:37,618 INFO mapred.MapTask: soft limit at 83886080
2025-06-09 17:06:37,618 INFO mapred.MapTask: bufstart = 0; bufvoid = 104857600
2025-06-09 17:06:37,618 INFO mapred.MapTask: kvstart = 26214396; length = 6553600
2025-06-09 17:06:37,619 INFO mapred.MapTask: Map output collector class = org.apache.hadoop.mapred.MapTask$MapOutputBuffer
2025-06-09 17:06:37,622 INFO streaming.PipeMapRed: PipeMapRed exec [/home/giovanni/Projects/big-data/progetto/task_2/mapreduce/./mapper.py]
2025-06-09 17:06:37,625 INFO Configuration.deprecation: mapred.work.output.dir is deprecated. Instead, use mapreduce.task.output.dir
2025-06-09 17:06:37,625 INFO Configuration.deprecation: mapred.local.dir is deprecated. Instead, use mapreduce.cluster.local.dir
2025-06-09 17:06:37,625 INFO Configuration.deprecation: map.input.file is deprecated. Instead, use mapreduce.map.input.file
2025-06-09 17:06:37,625 INFO Configuration.deprecation: map.input.length is deprecated. Instead, use mapreduce.map.input.length
2025-06-09 17:06:37,625 INFO Configuration.deprecation: mapred.job.id is deprecated. Instead, use mapreduce.job.id
2025-06-09 17:06:37,625 INFO Configuration.deprecation: mapred.task.partition is deprecated. Instead, use mapreduce.task.partition
2025-06-09 17:06:37,626 INFO Configuration.deprecation: map.input.start is deprecated. Instead, use mapreduce.map.input.start
2025-06-09 17:06:37,626 INFO Configuration.deprecation: mapred.task.is.map is deprecated. Instead, use mapreduce.task.ismap
2025-06-09 17:06:37,626 INFO Configuration.deprecation: mapred.task.id is deprecated. Instead, use mapreduce.task.attempt.id
2025-06-09 17:06:37,626 INFO Configuration.deprecation: mapred.tip.id is deprecated. Instead, use mapreduce.task.id
2025-06-09 17:06:37,626 INFO Configuration.deprecation: mapred.skip.on is deprecated. Instead, use mapreduce.job.skiprecords
2025-06-09 17:06:37,626 INFO Configuration.deprecation: user.name is deprecated. Instead, use mapreduce.job.user.name
2025-06-09 17:06:37,683 INFO streaming.PipeMapRed: R/W/S=1/0/0 in:NA [rec/s] out:NA [rec/s]
2025-06-09 17:06:37,684 INFO streaming.PipeMapRed: R/W/S=10/0/0 in:NA [rec/s] out:NA [rec/s]
2025-06-09 17:06:37,687 INFO streaming.PipeMapRed: R/W/S=100/0/0 in:NA [rec/s] out:NA [rec/s]
2025-06-09 17:06:37,688 INFO streaming.PipeMapRed: Records R/W=125/1
2025-06-09 17:06:37,727 INFO streaming.PipeMapRed: R/W/S=1000/936/0 in:NA [rec/s] out:NA [rec/s]
2025-06-09 17:06:37,806 INFO streaming.PipeMapRed: R/W/S=10000/9955/0 in:NA [rec/s] out:NA [rec/s]
2025-06-09 17:06:37,879 INFO mapred.MapTask: Spilling map output
2025-06-09 17:06:37,879 INFO mapred.MapTask: bufstart = 0; bufend = 83428979; bufvoid = 104857600
2025-06-09 17:06:37,879 INFO mapred.MapTask: kvstart = 26214396(104857584); kvend = 26099480(104397920); length = 114917/6553600
2025-06-09 17:06:37,879 INFO mapred.MapTask: (EQUATOR) 83543907 kvi 20885972(83543888)
2025-06-09 17:06:37,889 INFO streaming.PipeMapRed: MRErrorThread done
2025-06-09 17:06:37,889 INFO streaming.PipeMapRed: mapRedFinished
2025-06-09 17:06:37,891 INFO mapred.LocalJobRunner: 
2025-06-09 17:06:37,891 INFO mapred.MapTask: Starting flush of map output
2025-06-09 17:06:37,989 INFO mapred.MapTask: Finished spill 0
2025-06-09 17:06:37,990 INFO mapred.MapTask: (RESET) equator 83543907 kv 20885972(83543888) kvi 20880896(83523584)
2025-06-09 17:06:37,990 INFO mapred.MapTask: Spilling map output
2025-06-09 17:06:37,990 INFO mapred.MapTask: bufstart = 83543907; bufend = 85955721; bufvoid = 104857600
2025-06-09 17:06:37,990 INFO mapred.MapTask: kvstart = 20885972(83543888); kvend = 20880900(83523600); length = 5073/6553600
2025-06-09 17:06:37,993 INFO mapred.MapTask: Finished spill 1
2025-06-09 17:06:37,996 INFO mapred.Merger: Merging 2 sorted segments
2025-06-09 17:06:37,998 INFO mapred.Merger: Down to the last merge-pass, with 2 segments left of total size: 85958543 bytes
2025-06-09 17:06:38,122 INFO mapred.Task: Task:attempt_local105417119_0001_m_000000_0 is done. And is in the process of committing
2025-06-09 17:06:38,124 INFO mapred.LocalJobRunner: Records R/W=125/1 > sort
2025-06-09 17:06:38,124 INFO mapred.Task: Task 'attempt_local105417119_0001_m_000000_0' done.
2025-06-09 17:06:38,126 INFO mapred.Task: Final Counters for attempt_local105417119_0001_m_000000_0: Counters: 23
	File System Counters
		FILE: Number of bytes read=86100004
		FILE: Number of bytes written=172781051
		FILE: Number of read operations=0
		FILE: Number of large read operations=0
		FILE: Number of write operations=0
		HDFS: Number of bytes read=86595809
		HDFS: Number of bytes written=0
		HDFS: Number of read operations=5
		HDFS: Number of large read operations=0
		HDFS: Number of write operations=1
		HDFS: Number of bytes read erasure-coded=0
	Map-Reduce Framework
		Map input records=30000
		Map output records=29999
		Map output bytes=85840793
		Map output materialized bytes=85958558
		Input split bytes=136
		Combine input records=0
		Spilled Records=59998
		Failed Shuffles=0
		Merged Map outputs=0
		GC time elapsed (ms)=0
		Total committed heap usage (bytes)=627048448
	File Input Format Counters 
		Bytes Read=86595809
2025-06-09 17:06:38,126 INFO mapred.LocalJobRunner: Finishing task: attempt_local105417119_0001_m_000000_0
2025-06-09 17:06:38,127 INFO mapred.LocalJobRunner: map task executor complete.
2025-06-09 17:06:38,128 INFO mapred.LocalJobRunner: Waiting for reduce tasks
2025-06-09 17:06:38,128 INFO mapred.LocalJobRunner: Starting task: attempt_local105417119_0001_r_000000_0
2025-06-09 17:06:38,133 INFO output.FileOutputCommitter: File Output Committer Algorithm version is 2
2025-06-09 17:06:38,133 INFO output.FileOutputCommitter: FileOutputCommitter skip cleanup _temporary folders under output directory:false, ignore cleanup failures: false
2025-06-09 17:06:38,133 INFO mapred.Task:  Using ResourceCalculatorProcessTree : [ ]
2025-06-09 17:06:38,134 INFO mapred.ReduceTask: Using ShuffleConsumerPlugin: org.apache.hadoop.mapreduce.task.reduce.Shuffle@6b2b3f7a
2025-06-09 17:06:38,135 WARN impl.MetricsSystemImpl: JobTracker metrics system already initialized!
2025-06-09 17:06:38,141 INFO reduce.MergeManagerImpl: MergerManager: memoryLimit=6012954112, maxSingleShuffleLimit=1503238528, mergeThreshold=3968549888, ioSortFactor=10, memToMemMergeOutputsThreshold=10
2025-06-09 17:06:38,142 INFO reduce.EventFetcher: attempt_local105417119_0001_r_000000_0 Thread started: EventFetcher for fetching Map Completion Events
2025-06-09 17:06:38,181 INFO reduce.LocalFetcher: localfetcher#1 about to shuffle output of map attempt_local105417119_0001_m_000000_0 decomp: 85958554 len: 85958558 to MEMORY
2025-06-09 17:06:38,223 INFO reduce.InMemoryMapOutput: Read 85958554 bytes from map-output for attempt_local105417119_0001_m_000000_0
2025-06-09 17:06:38,224 INFO reduce.MergeManagerImpl: closeInMemoryFile -> map-output of size: 85958554, inMemoryMapOutputs.size() -> 1, commitMemory -> 0, usedMemory ->85958554
2025-06-09 17:06:38,225 INFO reduce.EventFetcher: EventFetcher is interrupted.. Returning
2025-06-09 17:06:38,225 INFO mapred.LocalJobRunner: 1 / 1 copied.
2025-06-09 17:06:38,225 INFO reduce.MergeManagerImpl: finalMerge called with 1 in-memory map-outputs and 0 on-disk map-outputs
2025-06-09 17:06:38,226 INFO mapred.Merger: Merging 1 sorted segments
2025-06-09 17:06:38,226 INFO mapred.Merger: Down to the last merge-pass, with 1 segments left of total size: 85958544 bytes
2025-06-09 17:06:38,307 INFO reduce.MergeManagerImpl: Merged 1 segments, 85958554 bytes to disk to satisfy reduce memory limit
2025-06-09 17:06:38,307 INFO reduce.MergeManagerImpl: Merging 1 files, 85958558 bytes from disk
2025-06-09 17:06:38,307 INFO reduce.MergeManagerImpl: Merging 0 segments, 0 bytes from memory into reduce
2025-06-09 17:06:38,307 INFO mapred.Merger: Merging 1 sorted segments
2025-06-09 17:06:38,308 INFO mapred.Merger: Down to the last merge-pass, with 1 segments left of total size: 85958544 bytes
2025-06-09 17:06:38,308 INFO mapred.LocalJobRunner: 1 / 1 copied.
2025-06-09 17:06:38,310 INFO streaming.PipeMapRed: PipeMapRed exec [/home/giovanni/Projects/big-data/progetto/task_2/mapreduce/./reducer.py]
2025-06-09 17:06:38,312 INFO Configuration.deprecation: mapred.job.tracker is deprecated. Instead, use mapreduce.jobtracker.address
2025-06-09 17:06:38,313 INFO Configuration.deprecation: mapred.map.tasks is deprecated. Instead, use mapreduce.job.maps
2025-06-09 17:06:38,337 INFO streaming.PipeMapRed: R/W/S=1/0/0 in:NA [rec/s] out:NA [rec/s]
2025-06-09 17:06:38,337 INFO streaming.PipeMapRed: R/W/S=10/0/0 in:NA [rec/s] out:NA [rec/s]
2025-06-09 17:06:38,337 INFO streaming.PipeMapRed: R/W/S=100/0/0 in:NA [rec/s] out:NA [rec/s]
2025-06-09 17:06:38,392 INFO streaming.PipeMapRed: R/W/S=1000/0/0 in:NA [rec/s] out:NA [rec/s]
2025-06-09 17:06:38,516 INFO mapreduce.Job: Job job_local105417119_0001 running in uber mode : false
2025-06-09 17:06:38,517 INFO mapreduce.Job:  map 100% reduce 0%
2025-06-09 17:06:38,869 INFO streaming.PipeMapRed: R/W/S=10000/0/0 in:NA [rec/s] out:NA [rec/s]
2025-06-09 17:06:40,115 INFO streaming.PipeMapRed: Records R/W=29999/1
2025-06-09 17:06:40,221 INFO streaming.PipeMapRed: MRErrorThread done
2025-06-09 17:06:40,222 INFO streaming.PipeMapRed: mapRedFinished
2025-06-09 17:06:40,275 INFO mapred.Task: Task:attempt_local105417119_0001_r_000000_0 is done. And is in the process of committing
2025-06-09 17:06:40,276 INFO mapred.LocalJobRunner: 1 / 1 copied.
2025-06-09 17:06:40,276 INFO mapred.Task: Task attempt_local105417119_0001_r_000000_0 is allowed to commit now
2025-06-09 17:06:40,286 INFO output.FileOutputCommitter: Saved output of task 'attempt_local105417119_0001_r_000000_0' to hdfs://localhost:9000/user/giovanni/output/cleaned_pruned_used_cars_data_1percent_task2_mapreduce_result
2025-06-09 17:06:40,287 INFO mapred.LocalJobRunner: Records R/W=29999/1 > reduce
2025-06-09 17:06:40,287 INFO mapred.Task: Task 'attempt_local105417119_0001_r_000000_0' done.
2025-06-09 17:06:40,287 INFO mapred.Task: Final Counters for attempt_local105417119_0001_r_000000_0: Counters: 30
	File System Counters
		FILE: Number of bytes read=258017152
		FILE: Number of bytes written=258739609
		FILE: Number of read operations=0
		FILE: Number of large read operations=0
		FILE: Number of write operations=0
		HDFS: Number of bytes read=86595809
		HDFS: Number of bytes written=313371
		HDFS: Number of read operations=10
		HDFS: Number of large read operations=0
		HDFS: Number of write operations=3
		HDFS: Number of bytes read erasure-coded=0
	Map-Reduce Framework
		Combine input records=0
		Combine output records=0
		Reduce input groups=186
		Reduce shuffle bytes=85958558
		Reduce input records=29999
		Reduce output records=6012
		Spilled Records=29999
		Shuffled Maps =1
		Failed Shuffles=0
		Merged Map outputs=1
		GC time elapsed (ms)=0
		Total committed heap usage (bytes)=627048448
	Shuffle Errors
		BAD_ID=0
		CONNECTION=0
		IO_ERROR=0
		WRONG_LENGTH=0
		WRONG_MAP=0
		WRONG_REDUCE=0
	File Output Format Counters 
		Bytes Written=313371
2025-06-09 17:06:40,287 INFO mapred.LocalJobRunner: Finishing task: attempt_local105417119_0001_r_000000_0
2025-06-09 17:06:40,287 INFO mapred.LocalJobRunner: reduce task executor complete.
2025-06-09 17:06:40,518 INFO mapreduce.Job:  map 100% reduce 100%
2025-06-09 17:06:40,518 INFO mapreduce.Job: Job job_local105417119_0001 completed successfully
2025-06-09 17:06:40,522 INFO mapreduce.Job: Counters: 36
	File System Counters
		FILE: Number of bytes read=344117156
		FILE: Number of bytes written=431520660
		FILE: Number of read operations=0
		FILE: Number of large read operations=0
		FILE: Number of write operations=0
		HDFS: Number of bytes read=173191618
		HDFS: Number of bytes written=313371
		HDFS: Number of read operations=15
		HDFS: Number of large read operations=0
		HDFS: Number of write operations=4
		HDFS: Number of bytes read erasure-coded=0
	Map-Reduce Framework
		Map input records=30000
		Map output records=29999
		Map output bytes=85840793
		Map output materialized bytes=85958558
		Input split bytes=136
		Combine input records=0
		Combine output records=0
		Reduce input groups=186
		Reduce shuffle bytes=85958558
		Reduce input records=29999
		Reduce output records=6012
		Spilled Records=89997
		Shuffled Maps =1
		Failed Shuffles=0
		Merged Map outputs=1
		GC time elapsed (ms)=0
		Total committed heap usage (bytes)=1254096896
	Shuffle Errors
		BAD_ID=0
		CONNECTION=0
		IO_ERROR=0
		WRONG_LENGTH=0
		WRONG_MAP=0
		WRONG_REDUCE=0
	File Input Format Counters 
		Bytes Read=86595809
	File Output Format Counters 
		Bytes Written=313371
2025-06-09 17:06:40,522 INFO streaming.StreamJob: Output directory: /user/giovanni/output/cleaned_pruned_used_cars_data_1percent_task2_mapreduce_result
