2025-06-08 12:02:59,008 INFO impl.MetricsConfig: Loaded properties from hadoop-metrics2.properties
2025-06-08 12:02:59,148 INFO impl.MetricsSystemImpl: Scheduled Metric snapshot period at 10 second(s).
2025-06-08 12:02:59,149 INFO impl.MetricsSystemImpl: JobTracker metrics system started
2025-06-08 12:02:59,187 WARN impl.MetricsSystemImpl: JobTracker metrics system already initialized!
2025-06-08 12:02:59,583 INFO mapred.FileInputFormat: Total input files to process : 1
2025-06-08 12:02:59,686 INFO mapreduce.JobSubmitter: number of splits:3
2025-06-08 12:02:59,984 INFO mapreduce.JobSubmitter: Submitting tokens for job: job_local4202523_0001
2025-06-08 12:02:59,984 INFO mapreduce.JobSubmitter: Executing with tokens: []
2025-06-08 12:03:00,196 INFO mapreduce.Job: The url to track the job: http://localhost:8080/
2025-06-08 12:03:00,199 INFO mapred.LocalJobRunner: OutputCommitter set in config null
2025-06-08 12:03:00,201 INFO mapreduce.Job: Running job: job_local4202523_0001
2025-06-08 12:03:00,203 INFO mapred.LocalJobRunner: OutputCommitter is org.apache.hadoop.mapred.FileOutputCommitter
2025-06-08 12:03:00,213 INFO output.FileOutputCommitter: File Output Committer Algorithm version is 2
2025-06-08 12:03:00,213 INFO output.FileOutputCommitter: FileOutputCommitter skip cleanup _temporary folders under output directory:false, ignore cleanup failures: false
2025-06-08 12:03:00,365 INFO mapred.LocalJobRunner: Waiting for map tasks
2025-06-08 12:03:00,369 INFO mapred.LocalJobRunner: Starting task: attempt_local4202523_0001_m_000000_0
2025-06-08 12:03:00,403 INFO output.FileOutputCommitter: File Output Committer Algorithm version is 2
2025-06-08 12:03:00,403 INFO output.FileOutputCommitter: FileOutputCommitter skip cleanup _temporary folders under output directory:false, ignore cleanup failures: false
2025-06-08 12:03:00,423 INFO mapred.Task:  Using ResourceCalculatorProcessTree : [ ]
2025-06-08 12:03:00,434 INFO mapred.MapTask: Processing split: hdfs://localhost:9000/user/emilia/input/cleaned_pruned_used_cars_data_5percent.csv:0+134217728
2025-06-08 12:03:00,457 INFO mapred.MapTask: numReduceTasks: 1
2025-06-08 12:03:00,520 INFO mapred.MapTask: (EQUATOR) 0 kvi 26214396(104857584)
2025-06-08 12:03:00,520 INFO mapred.MapTask: mapreduce.task.io.sort.mb: 100
2025-06-08 12:03:00,520 INFO mapred.MapTask: soft limit at 83886080
2025-06-08 12:03:00,520 INFO mapred.MapTask: bufstart = 0; bufvoid = 104857600
2025-06-08 12:03:00,520 INFO mapred.MapTask: kvstart = 26214396; length = 6553600
2025-06-08 12:03:00,524 INFO mapred.MapTask: Map output collector class = org.apache.hadoop.mapred.MapTask$MapOutputBuffer
2025-06-08 12:03:00,534 INFO streaming.PipeMapRed: PipeMapRed exec [/home/emilia/Documents/big-data/progetto/task_2/mapreduce/./mapper.py]
2025-06-08 12:03:00,542 INFO Configuration.deprecation: mapred.work.output.dir is deprecated. Instead, use mapreduce.task.output.dir
2025-06-08 12:03:00,544 INFO Configuration.deprecation: mapred.local.dir is deprecated. Instead, use mapreduce.cluster.local.dir
2025-06-08 12:03:00,544 INFO Configuration.deprecation: map.input.file is deprecated. Instead, use mapreduce.map.input.file
2025-06-08 12:03:00,545 INFO Configuration.deprecation: map.input.length is deprecated. Instead, use mapreduce.map.input.length
2025-06-08 12:03:00,546 INFO Configuration.deprecation: mapred.job.id is deprecated. Instead, use mapreduce.job.id
2025-06-08 12:03:00,546 INFO Configuration.deprecation: mapred.task.partition is deprecated. Instead, use mapreduce.task.partition
2025-06-08 12:03:00,548 INFO Configuration.deprecation: map.input.start is deprecated. Instead, use mapreduce.map.input.start
2025-06-08 12:03:00,548 INFO Configuration.deprecation: mapred.task.is.map is deprecated. Instead, use mapreduce.task.ismap
2025-06-08 12:03:00,549 INFO Configuration.deprecation: mapred.task.id is deprecated. Instead, use mapreduce.task.attempt.id
2025-06-08 12:03:00,549 INFO Configuration.deprecation: mapred.tip.id is deprecated. Instead, use mapreduce.task.id
2025-06-08 12:03:00,550 INFO Configuration.deprecation: mapred.skip.on is deprecated. Instead, use mapreduce.job.skiprecords
2025-06-08 12:03:00,550 INFO Configuration.deprecation: user.name is deprecated. Instead, use mapreduce.job.user.name
2025-06-08 12:03:00,735 INFO streaming.PipeMapRed: R/W/S=1/0/0 in:NA [rec/s] out:NA [rec/s]
2025-06-08 12:03:00,736 INFO streaming.PipeMapRed: R/W/S=10/0/0 in:NA [rec/s] out:NA [rec/s]
2025-06-08 12:03:00,750 INFO streaming.PipeMapRed: R/W/S=100/0/0 in:NA [rec/s] out:NA [rec/s]
2025-06-08 12:03:00,751 INFO streaming.PipeMapRed: Records R/W=101/1
2025-06-08 12:03:00,837 INFO streaming.PipeMapRed: R/W/S=1000/936/0 in:NA [rec/s] out:NA [rec/s]
2025-06-08 12:03:01,147 INFO streaming.PipeMapRed: R/W/S=10000/9963/0 in:NA [rec/s] out:NA [rec/s]
2025-06-08 12:03:01,209 INFO mapreduce.Job: Job job_local4202523_0001 running in uber mode : false
2025-06-08 12:03:01,211 INFO mapreduce.Job:  map 0% reduce 0%
2025-06-08 12:03:01,590 INFO mapred.MapTask: Spilling map output
2025-06-08 12:03:01,590 INFO mapred.MapTask: bufstart = 0; bufend = 83428979; bufvoid = 104857600
2025-06-08 12:03:01,590 INFO mapred.MapTask: kvstart = 26214396(104857584); kvend = 26099480(104397920); length = 114917/6553600
2025-06-08 12:03:01,590 INFO mapred.MapTask: (EQUATOR) 83543907 kvi 20885972(83543888)
2025-06-08 12:03:02,097 INFO mapred.MapTask: Finished spill 0
2025-06-08 12:03:02,098 INFO mapred.MapTask: (RESET) equator 83543907 kv 20885972(83543888) kvi 20857252(83429008)
2025-06-08 12:03:02,343 INFO streaming.PipeMapRed: MRErrorThread done
2025-06-08 12:03:02,344 INFO streaming.PipeMapRed: mapRedFinished
2025-06-08 12:03:02,348 INFO mapred.LocalJobRunner: 
2025-06-08 12:03:02,348 INFO mapred.MapTask: Starting flush of map output
2025-06-08 12:03:02,348 INFO mapred.MapTask: Spilling map output
2025-06-08 12:03:02,348 INFO mapred.MapTask: bufstart = 83543907; bufend = 28294705; bufvoid = 104857600
2025-06-08 12:03:02,348 INFO mapred.MapTask: kvstart = 20885972(83543888); kvend = 20813160(83252640); length = 72813/6553600
2025-06-08 12:03:02,550 INFO mapred.MapTask: Finished spill 1
2025-06-08 12:03:02,559 INFO mapred.Merger: Merging 2 sorted segments
2025-06-08 12:03:02,566 INFO mapred.Merger: Down to the last merge-pass, with 2 segments left of total size: 133220514 bytes
2025-06-08 12:03:03,317 INFO mapred.Task: Task:attempt_local4202523_0001_m_000000_0 is done. And is in the process of committing
2025-06-08 12:03:03,322 INFO mapred.LocalJobRunner: Records R/W=101/1 > sort
2025-06-08 12:03:03,322 INFO mapred.Task: Task 'attempt_local4202523_0001_m_000000_0' done.
2025-06-08 12:03:03,332 INFO mapred.Task: Final Counters for attempt_local4202523_0001_m_000000_0: Counters: 23
	File System Counters
		FILE: Number of bytes read=133362264
		FILE: Number of bytes written=267294842
		FILE: Number of read operations=0
		FILE: Number of large read operations=0
		FILE: Number of write operations=0
		HDFS: Number of bytes read=134221824
		HDFS: Number of bytes written=0
		HDFS: Number of read operations=5
		HDFS: Number of large read operations=0
		HDFS: Number of write operations=1
		HDFS: Number of bytes read erasure-coded=0
	Map-Reduce Framework
		Map input records=46935
		Map output records=46934
		Map output bytes=133037377
		Map output materialized bytes=133220529
		Input split bytes=134
		Combine input records=0
		Spilled Records=93868
		Failed Shuffles=0
		Merged Map outputs=0
		GC time elapsed (ms)=27
		Total committed heap usage (bytes)=190840832
	File Input Format Counters 
		Bytes Read=134221824
2025-06-08 12:03:03,333 INFO mapred.LocalJobRunner: Finishing task: attempt_local4202523_0001_m_000000_0
2025-06-08 12:03:03,334 INFO mapred.LocalJobRunner: Starting task: attempt_local4202523_0001_m_000001_0
2025-06-08 12:03:03,336 INFO output.FileOutputCommitter: File Output Committer Algorithm version is 2
2025-06-08 12:03:03,336 INFO output.FileOutputCommitter: FileOutputCommitter skip cleanup _temporary folders under output directory:false, ignore cleanup failures: false
2025-06-08 12:03:03,337 INFO mapred.Task:  Using ResourceCalculatorProcessTree : [ ]
2025-06-08 12:03:03,340 INFO mapred.MapTask: Processing split: hdfs://localhost:9000/user/emilia/input/cleaned_pruned_used_cars_data_5percent.csv:134217728+134217728
2025-06-08 12:03:03,349 INFO mapred.MapTask: numReduceTasks: 1
2025-06-08 12:03:03,427 INFO mapred.MapTask: (EQUATOR) 0 kvi 26214396(104857584)
2025-06-08 12:03:03,427 INFO mapred.MapTask: mapreduce.task.io.sort.mb: 100
2025-06-08 12:03:03,427 INFO mapred.MapTask: soft limit at 83886080
2025-06-08 12:03:03,427 INFO mapred.MapTask: bufstart = 0; bufvoid = 104857600
2025-06-08 12:03:03,427 INFO mapred.MapTask: kvstart = 26214396; length = 6553600
2025-06-08 12:03:03,428 INFO mapred.MapTask: Map output collector class = org.apache.hadoop.mapred.MapTask$MapOutputBuffer
2025-06-08 12:03:03,432 INFO streaming.PipeMapRed: PipeMapRed exec [/home/emilia/Documents/big-data/progetto/task_2/mapreduce/./mapper.py]
2025-06-08 12:03:03,453 INFO streaming.PipeMapRed: R/W/S=1/0/0 in:NA [rec/s] out:NA [rec/s]
2025-06-08 12:03:03,453 INFO streaming.PipeMapRed: R/W/S=10/0/0 in:NA [rec/s] out:NA [rec/s]
2025-06-08 12:03:03,483 INFO streaming.PipeMapRed: Records R/W=39/1
2025-06-08 12:03:03,518 INFO streaming.PipeMapRed: R/W/S=100/60/0 in:NA [rec/s] out:NA [rec/s]
2025-06-08 12:03:03,551 INFO streaming.PipeMapRed: R/W/S=1000/968/0 in:NA [rec/s] out:NA [rec/s]
2025-06-08 12:03:03,789 INFO streaming.PipeMapRed: R/W/S=10000/9952/0 in:NA [rec/s] out:NA [rec/s]
2025-06-08 12:03:04,224 INFO mapreduce.Job:  map 100% reduce 0%
2025-06-08 12:03:04,232 INFO mapred.MapTask: Spilling map output
2025-06-08 12:03:04,232 INFO mapred.MapTask: bufstart = 0; bufend = 83412907; bufvoid = 104857600
2025-06-08 12:03:04,232 INFO mapred.MapTask: kvstart = 26214396(104857584); kvend = 26095228(104380912); length = 119169/6553600
2025-06-08 12:03:04,232 INFO mapred.MapTask: (EQUATOR) 83532075 kvi 20883012(83532048)
2025-06-08 12:03:04,630 INFO mapred.MapTask: Finished spill 0
2025-06-08 12:03:04,630 INFO mapred.MapTask: (RESET) equator 83532075 kv 20883012(83532048) kvi 20853232(83412928)
2025-06-08 12:03:04,919 INFO streaming.PipeMapRed: MRErrorThread done
2025-06-08 12:03:04,920 INFO streaming.PipeMapRed: mapRedFinished
2025-06-08 12:03:04,921 INFO mapred.LocalJobRunner: 
2025-06-08 12:03:04,921 INFO mapred.MapTask: Starting flush of map output
2025-06-08 12:03:04,921 INFO mapred.MapTask: Spilling map output
2025-06-08 12:03:04,921 INFO mapred.MapTask: bufstart = 83532075; bufend = 28201360; bufvoid = 104857600
2025-06-08 12:03:04,921 INFO mapred.MapTask: kvstart = 20883012(83532048); kvend = 20802508(83210032); length = 80505/6553600
2025-06-08 12:03:05,119 INFO mapred.MapTask: Finished spill 1
2025-06-08 12:03:05,122 INFO mapred.Merger: Merging 2 sorted segments
2025-06-08 12:03:05,123 INFO mapred.Merger: Down to the last merge-pass, with 2 segments left of total size: 133136600 bytes
2025-06-08 12:03:05,225 INFO mapreduce.Job:  map 33% reduce 0%
2025-06-08 12:03:05,854 INFO mapred.Task: Task:attempt_local4202523_0001_m_000001_0 is done. And is in the process of committing
2025-06-08 12:03:05,865 INFO mapred.LocalJobRunner: Records R/W=39/1 > sort
2025-06-08 12:03:05,865 INFO mapred.Task: Task 'attempt_local4202523_0001_m_000001_0' done.
2025-06-08 12:03:05,866 INFO mapred.Task: Final Counters for attempt_local4202523_0001_m_000001_0: Counters: 23
	File System Counters
		FILE: Number of bytes read=266499309
		FILE: Number of bytes written=533568116
		FILE: Number of read operations=0
		FILE: Number of large read operations=0
		FILE: Number of write operations=0
		HDFS: Number of bytes read=268443648
		HDFS: Number of bytes written=0
		HDFS: Number of read operations=7
		HDFS: Number of large read operations=0
		HDFS: Number of write operations=1
		HDFS: Number of bytes read erasure-coded=0
	Map-Reduce Framework
		Map input records=49921
		Map output records=49920
		Map output bytes=132939792
		Map output materialized bytes=133136618
		Input split bytes=134
		Combine input records=0
		Spilled Records=99840
		Failed Shuffles=0
		Merged Map outputs=0
		GC time elapsed (ms)=6
		Total committed heap usage (bytes)=296747008
	File Input Format Counters 
		Bytes Read=134221824
2025-06-08 12:03:05,866 INFO mapred.LocalJobRunner: Finishing task: attempt_local4202523_0001_m_000001_0
2025-06-08 12:03:05,866 INFO mapred.LocalJobRunner: Starting task: attempt_local4202523_0001_m_000002_0
2025-06-08 12:03:05,871 INFO output.FileOutputCommitter: File Output Committer Algorithm version is 2
2025-06-08 12:03:05,872 INFO output.FileOutputCommitter: FileOutputCommitter skip cleanup _temporary folders under output directory:false, ignore cleanup failures: false
2025-06-08 12:03:05,873 INFO mapred.Task:  Using ResourceCalculatorProcessTree : [ ]
2025-06-08 12:03:05,876 INFO mapred.MapTask: Processing split: hdfs://localhost:9000/user/emilia/input/cleaned_pruned_used_cars_data_5percent.csv:268435456+128423971
2025-06-08 12:03:05,915 INFO mapred.MapTask: numReduceTasks: 1
2025-06-08 12:03:05,954 INFO mapred.MapTask: (EQUATOR) 0 kvi 26214396(104857584)
2025-06-08 12:03:05,954 INFO mapred.MapTask: mapreduce.task.io.sort.mb: 100
2025-06-08 12:03:05,954 INFO mapred.MapTask: soft limit at 83886080
2025-06-08 12:03:05,954 INFO mapred.MapTask: bufstart = 0; bufvoid = 104857600
2025-06-08 12:03:05,954 INFO mapred.MapTask: kvstart = 26214396; length = 6553600
2025-06-08 12:03:05,957 INFO mapred.MapTask: Map output collector class = org.apache.hadoop.mapred.MapTask$MapOutputBuffer
2025-06-08 12:03:05,969 INFO streaming.PipeMapRed: PipeMapRed exec [/home/emilia/Documents/big-data/progetto/task_2/mapreduce/./mapper.py]
2025-06-08 12:03:06,097 INFO streaming.PipeMapRed: R/W/S=1/0/0 in:NA [rec/s] out:NA [rec/s]
2025-06-08 12:03:06,097 INFO streaming.PipeMapRed: R/W/S=10/0/0 in:NA [rec/s] out:NA [rec/s]
2025-06-08 12:03:06,107 INFO streaming.PipeMapRed: Records R/W=43/1
2025-06-08 12:03:06,112 INFO streaming.PipeMapRed: R/W/S=100/69/0 in:NA [rec/s] out:NA [rec/s]
2025-06-08 12:03:06,186 INFO streaming.PipeMapRed: R/W/S=1000/949/0 in:NA [rec/s] out:NA [rec/s]
2025-06-08 12:03:06,226 INFO mapreduce.Job:  map 100% reduce 0%
2025-06-08 12:03:06,402 INFO streaming.PipeMapRed: R/W/S=10000/9944/0 in:NA [rec/s] out:NA [rec/s]
2025-06-08 12:03:06,912 INFO mapred.MapTask: Spilling map output
2025-06-08 12:03:06,912 INFO mapred.MapTask: bufstart = 0; bufend = 83336780; bufvoid = 104857600
2025-06-08 12:03:06,912 INFO mapred.MapTask: kvstart = 26214396(104857584); kvend = 26076896(104307584); length = 137501/6553600
2025-06-08 12:03:06,912 INFO mapred.MapTask: (EQUATOR) 83474284 kvi 20868564(83474256)
2025-06-08 12:03:07,321 INFO mapred.MapTask: Finished spill 0
2025-06-08 12:03:07,322 INFO mapred.MapTask: (RESET) equator 83474284 kv 20868564(83474256) kvi 20835804(83343216)
Error processing line: edmond,12,private seller, i am not a dealer, no financing and not interested in trades**
Error: list index out of range
Error processing line: ,6200.0,4000,chevrolet,camaro,17800.0,2013
Error: list index out of range
Error processing line: doylestown,22,car great shape, very low mileage, recently inspected, brand new alternator installed. hardtop convertible works perfectly. clean car fax everything works.
Error: list index out of range
Error processing line: fort lauderdale,15,sold new for 153,000! hard top convertible! fully loaded! 0 issues with the car! garaged everyday during ownership. black on black/anthracite leather. options list includes:
Error: list index out of range
Error processing line: car had minor rear accident during 1st owner's tenure - rear bumper was completely replaced by a dealership. ,5500.0,5300,mercedes-benz,sl-class,48000.0,2013
Error: list index out of range
2025-06-08 12:03:07,537 INFO streaming.PipeMapRed: MRErrorThread done
2025-06-08 12:03:07,537 INFO streaming.PipeMapRed: mapRedFinished
2025-06-08 12:03:07,538 INFO mapred.LocalJobRunner: 
2025-06-08 12:03:07,538 INFO mapred.MapTask: Starting flush of map output
2025-06-08 12:03:07,538 INFO mapred.MapTask: Spilling map output
2025-06-08 12:03:07,538 INFO mapred.MapTask: bufstart = 83474284; bufend = 22334710; bufvoid = 104857600
2025-06-08 12:03:07,538 INFO mapred.MapTask: kvstart = 20868564(83474256); kvend = 20793508(83174032); length = 75057/6553600
2025-06-08 12:03:07,715 INFO mapred.MapTask: Finished spill 1
2025-06-08 12:03:07,717 INFO mapred.Merger: Merging 2 sorted segments
2025-06-08 12:03:07,718 INFO mapred.Merger: Down to the last merge-pass, with 2 segments left of total size: 127263794 bytes
2025-06-08 12:03:08,227 INFO mapreduce.Job:  map 67% reduce 0%
2025-06-08 12:03:08,419 INFO mapred.Task: Task:attempt_local4202523_0001_m_000002_0 is done. And is in the process of committing
2025-06-08 12:03:08,422 INFO mapred.LocalJobRunner: Records R/W=43/1 > sort
2025-06-08 12:03:08,423 INFO mapred.Task: Task 'attempt_local4202523_0001_m_000002_0' done.
2025-06-08 12:03:08,423 INFO mapred.Task: Final Counters for attempt_local4202523_0001_m_000002_0: Counters: 23
	File System Counters
		FILE: Number of bytes read=393763550
		FILE: Number of bytes written=788095782
		FILE: Number of read operations=0
		FILE: Number of large read operations=0
		FILE: Number of write operations=0
		HDFS: Number of bytes read=396867619
		HDFS: Number of bytes written=0
		HDFS: Number of read operations=9
		HDFS: Number of large read operations=0
		HDFS: Number of write operations=1
		HDFS: Number of bytes read erasure-coded=0
	Map-Reduce Framework
		Map input records=53147
		Map output records=53141
		Map output bytes=127054806
		Map output materialized bytes=127263814
		Input split bytes=134
		Combine input records=0
		Spilled Records=106282
		Failed Shuffles=0
		Merged Map outputs=0
		GC time elapsed (ms)=20
		Total committed heap usage (bytes)=296747008
	File Input Format Counters 
		Bytes Read=128423971
2025-06-08 12:03:08,424 INFO mapred.LocalJobRunner: Finishing task: attempt_local4202523_0001_m_000002_0
2025-06-08 12:03:08,424 INFO mapred.LocalJobRunner: map task executor complete.
2025-06-08 12:03:08,429 INFO mapred.LocalJobRunner: Waiting for reduce tasks
2025-06-08 12:03:08,429 INFO mapred.LocalJobRunner: Starting task: attempt_local4202523_0001_r_000000_0
2025-06-08 12:03:08,438 INFO output.FileOutputCommitter: File Output Committer Algorithm version is 2
2025-06-08 12:03:08,438 INFO output.FileOutputCommitter: FileOutputCommitter skip cleanup _temporary folders under output directory:false, ignore cleanup failures: false
2025-06-08 12:03:08,439 INFO mapred.Task:  Using ResourceCalculatorProcessTree : [ ]
2025-06-08 12:03:08,442 INFO mapred.ReduceTask: Using ShuffleConsumerPlugin: org.apache.hadoop.mapreduce.task.reduce.Shuffle@c2bfcf7
2025-06-08 12:03:08,444 WARN impl.MetricsSystemImpl: JobTracker metrics system already initialized!
2025-06-08 12:03:08,466 INFO reduce.MergeManagerImpl: MergerManager: memoryLimit=1407818112, maxSingleShuffleLimit=351954528, mergeThreshold=929160000, ioSortFactor=10, memToMemMergeOutputsThreshold=10
2025-06-08 12:03:08,468 INFO reduce.EventFetcher: attempt_local4202523_0001_r_000000_0 Thread started: EventFetcher for fetching Map Completion Events
2025-06-08 12:03:08,598 INFO reduce.LocalFetcher: localfetcher#1 about to shuffle output of map attempt_local4202523_0001_m_000001_0 decomp: 133136614 len: 133136618 to MEMORY
2025-06-08 12:03:08,767 INFO reduce.InMemoryMapOutput: Read 133136614 bytes from map-output for attempt_local4202523_0001_m_000001_0
2025-06-08 12:03:08,769 INFO reduce.MergeManagerImpl: closeInMemoryFile -> map-output of size: 133136614, inMemoryMapOutputs.size() -> 1, commitMemory -> 0, usedMemory ->133136614
2025-06-08 12:03:08,905 INFO reduce.LocalFetcher: localfetcher#1 about to shuffle output of map attempt_local4202523_0001_m_000002_0 decomp: 127263810 len: 127263814 to MEMORY
2025-06-08 12:03:09,058 INFO reduce.InMemoryMapOutput: Read 127263810 bytes from map-output for attempt_local4202523_0001_m_000002_0
2025-06-08 12:03:09,059 INFO reduce.MergeManagerImpl: closeInMemoryFile -> map-output of size: 127263810, inMemoryMapOutputs.size() -> 2, commitMemory -> 133136614, usedMemory ->260400424
2025-06-08 12:03:09,185 INFO reduce.LocalFetcher: localfetcher#1 about to shuffle output of map attempt_local4202523_0001_m_000000_0 decomp: 133220525 len: 133220529 to MEMORY
2025-06-08 12:03:09,228 INFO mapreduce.Job:  map 100% reduce 0%
2025-06-08 12:03:09,347 INFO reduce.InMemoryMapOutput: Read 133220525 bytes from map-output for attempt_local4202523_0001_m_000000_0
2025-06-08 12:03:09,348 INFO reduce.MergeManagerImpl: closeInMemoryFile -> map-output of size: 133220525, inMemoryMapOutputs.size() -> 3, commitMemory -> 260400424, usedMemory ->393620949
2025-06-08 12:03:09,348 INFO reduce.EventFetcher: EventFetcher is interrupted.. Returning
2025-06-08 12:03:09,349 INFO mapred.LocalJobRunner: 3 / 3 copied.
2025-06-08 12:03:09,350 INFO reduce.MergeManagerImpl: finalMerge called with 3 in-memory map-outputs and 0 on-disk map-outputs
2025-06-08 12:03:09,351 INFO mapred.Merger: Merging 3 sorted segments
2025-06-08 12:03:09,352 INFO mapred.Merger: Down to the last merge-pass, with 3 segments left of total size: 393620913 bytes
2025-06-08 12:03:11,384 INFO reduce.MergeManagerImpl: Merged 3 segments, 393620949 bytes to disk to satisfy reduce memory limit
2025-06-08 12:03:11,385 INFO reduce.MergeManagerImpl: Merging 1 files, 393620949 bytes from disk
2025-06-08 12:03:11,386 INFO reduce.MergeManagerImpl: Merging 0 segments, 0 bytes from memory into reduce
2025-06-08 12:03:11,386 INFO mapred.Merger: Merging 1 sorted segments
2025-06-08 12:03:11,387 INFO mapred.Merger: Down to the last merge-pass, with 1 segments left of total size: 393620932 bytes
2025-06-08 12:03:11,388 INFO mapred.LocalJobRunner: 3 / 3 copied.
2025-06-08 12:03:11,407 INFO streaming.PipeMapRed: PipeMapRed exec [/home/emilia/Documents/big-data/progetto/task_2/mapreduce/./reducer.py]
2025-06-08 12:03:11,420 INFO Configuration.deprecation: mapred.job.tracker is deprecated. Instead, use mapreduce.jobtracker.address
2025-06-08 12:03:11,423 INFO Configuration.deprecation: mapred.map.tasks is deprecated. Instead, use mapreduce.job.maps
2025-06-08 12:03:11,480 INFO streaming.PipeMapRed: R/W/S=1/0/0 in:NA [rec/s] out:NA [rec/s]
2025-06-08 12:03:11,480 INFO streaming.PipeMapRed: R/W/S=10/0/0 in:NA [rec/s] out:NA [rec/s]
2025-06-08 12:03:11,505 INFO streaming.PipeMapRed: R/W/S=100/0/0 in:NA [rec/s] out:NA [rec/s]
2025-06-08 12:03:11,768 INFO streaming.PipeMapRed: R/W/S=1000/0/0 in:NA [rec/s] out:NA [rec/s]
2025-06-08 12:03:14,285 INFO streaming.PipeMapRed: R/W/S=10000/0/0 in:5000=10000/2 [rec/s] out:0=0/2 [rec/s]
2025-06-08 12:03:20,441 INFO mapred.LocalJobRunner: reduce > reduce
2025-06-08 12:03:21,235 INFO mapreduce.Job:  map 100% reduce 73%
2025-06-08 12:03:26,442 INFO mapred.LocalJobRunner: reduce > reduce
2025-06-08 12:03:27,239 INFO mapreduce.Job:  map 100% reduce 77%
2025-06-08 12:03:32,444 INFO mapred.LocalJobRunner: reduce > reduce
2025-06-08 12:03:33,243 INFO mapreduce.Job:  map 100% reduce 82%
2025-06-08 12:03:38,445 INFO mapred.LocalJobRunner: reduce > reduce
2025-06-08 12:03:39,246 INFO mapreduce.Job:  map 100% reduce 86%
2025-06-08 12:03:42,431 INFO streaming.PipeMapRed: R/W/S=100000/0/0 in:3225=100000/31 [rec/s] out:0=0/31 [rec/s]
2025-06-08 12:03:44,446 INFO mapred.LocalJobRunner: reduce > reduce
2025-06-08 12:03:45,250 INFO mapreduce.Job:  map 100% reduce 90%
2025-06-08 12:03:50,447 INFO mapred.LocalJobRunner: reduce > reduce
2025-06-08 12:03:51,253 INFO mapreduce.Job:  map 100% reduce 94%
2025-06-08 12:03:56,448 INFO mapred.LocalJobRunner: reduce > reduce
2025-06-08 12:03:57,258 INFO mapreduce.Job:  map 100% reduce 98%
2025-06-08 12:03:59,573 INFO streaming.PipeMapRed: Records R/W=149995/1
2025-06-08 12:04:01,058 INFO streaming.PipeMapRed: MRErrorThread done
2025-06-08 12:04:01,058 INFO streaming.PipeMapRed: mapRedFinished
2025-06-08 12:04:01,074 INFO mapred.Task: Task:attempt_local4202523_0001_r_000000_0 is done. And is in the process of committing
2025-06-08 12:04:01,078 INFO mapred.LocalJobRunner: reduce > reduce
2025-06-08 12:04:01,078 INFO mapred.Task: Task attempt_local4202523_0001_r_000000_0 is allowed to commit now
2025-06-08 12:04:01,111 INFO output.FileOutputCommitter: Saved output of task 'attempt_local4202523_0001_r_000000_0' to hdfs://localhost:9000/user/emilia/output/cleaned_pruned_used_cars_data_5percent_task2_mapreduce_result
2025-06-08 12:04:01,112 INFO mapred.LocalJobRunner: Records R/W=149995/1 > reduce
2025-06-08 12:04:01,112 INFO mapred.Task: Task 'attempt_local4202523_0001_r_000000_0' done.
2025-06-08 12:04:01,113 INFO mapred.Task: Final Counters for attempt_local4202523_0001_r_000000_0: Counters: 30
	File System Counters
		FILE: Number of bytes read=1181005556
		FILE: Number of bytes written=1181716731
		FILE: Number of read operations=0
		FILE: Number of large read operations=0
		FILE: Number of write operations=0
		HDFS: Number of bytes read=396867619
		HDFS: Number of bytes written=1243941
		HDFS: Number of read operations=14
		HDFS: Number of large read operations=0
		HDFS: Number of write operations=3
		HDFS: Number of bytes read erasure-coded=0
	Map-Reduce Framework
		Combine input records=0
		Combine output records=0
		Reduce input groups=1158
		Reduce shuffle bytes=393620961
		Reduce input records=149995
		Reduce output records=23874
		Spilled Records=149995
		Shuffled Maps =3
		Failed Shuffles=0
		Merged Map outputs=3
		GC time elapsed (ms)=9
		Total committed heap usage (bytes)=692060160
	Shuffle Errors
		BAD_ID=0
		CONNECTION=0
		IO_ERROR=0
		WRONG_LENGTH=0
		WRONG_MAP=0
		WRONG_REDUCE=0
	File Output Format Counters 
		Bytes Written=1243941
2025-06-08 12:04:01,114 INFO mapred.LocalJobRunner: Finishing task: attempt_local4202523_0001_r_000000_0
2025-06-08 12:04:01,114 INFO mapred.LocalJobRunner: reduce task executor complete.
2025-06-08 12:04:01,260 INFO mapreduce.Job:  map 100% reduce 100%
2025-06-08 12:04:01,261 INFO mapreduce.Job: Job job_local4202523_0001 completed successfully
2025-06-08 12:04:01,280 INFO mapreduce.Job: Counters: 36
	File System Counters
		FILE: Number of bytes read=1974630679
		FILE: Number of bytes written=2770675471
		FILE: Number of read operations=0
		FILE: Number of large read operations=0
		FILE: Number of write operations=0
		HDFS: Number of bytes read=1196400710
		HDFS: Number of bytes written=1243941
		HDFS: Number of read operations=35
		HDFS: Number of large read operations=0
		HDFS: Number of write operations=6
		HDFS: Number of bytes read erasure-coded=0
	Map-Reduce Framework
		Map input records=150003
		Map output records=149995
		Map output bytes=393031975
		Map output materialized bytes=393620961
		Input split bytes=402
		Combine input records=0
		Combine output records=0
		Reduce input groups=1158
		Reduce shuffle bytes=393620961
		Reduce input records=149995
		Reduce output records=23874
		Spilled Records=449985
		Shuffled Maps =3
		Failed Shuffles=0
		Merged Map outputs=3
		GC time elapsed (ms)=62
		Total committed heap usage (bytes)=1476395008
	Shuffle Errors
		BAD_ID=0
		CONNECTION=0
		IO_ERROR=0
		WRONG_LENGTH=0
		WRONG_MAP=0
		WRONG_REDUCE=0
	File Input Format Counters 
		Bytes Read=396867619
	File Output Format Counters 
		Bytes Written=1243941
2025-06-08 12:04:01,280 INFO streaming.StreamJob: Output directory: /user/emilia/output/cleaned_pruned_used_cars_data_5percent_task2_mapreduce_result
