2025-06-09 16:06:46,146 INFO impl.MetricsConfig: Loaded properties from hadoop-metrics2.properties
2025-06-09 16:06:46,183 INFO impl.MetricsSystemImpl: Scheduled Metric snapshot period at 10 second(s).
2025-06-09 16:06:46,184 INFO impl.MetricsSystemImpl: JobTracker metrics system started
2025-06-09 16:06:46,190 WARN impl.MetricsSystemImpl: JobTracker metrics system already initialized!
2025-06-09 16:06:46,299 INFO mapred.FileInputFormat: Total input files to process : 1
2025-06-09 16:06:46,327 INFO mapreduce.JobSubmitter: number of splits:3
2025-06-09 16:06:46,393 INFO mapreduce.JobSubmitter: Submitting tokens for job: job_local1674775835_0001
2025-06-09 16:06:46,393 INFO mapreduce.JobSubmitter: Executing with tokens: []
2025-06-09 16:06:46,452 INFO mapreduce.Job: The url to track the job: http://localhost:8080/
2025-06-09 16:06:46,454 INFO mapreduce.Job: Running job: job_local1674775835_0001
2025-06-09 16:06:46,454 INFO mapred.LocalJobRunner: OutputCommitter set in config null
2025-06-09 16:06:46,456 INFO mapred.LocalJobRunner: OutputCommitter is org.apache.hadoop.mapred.FileOutputCommitter
2025-06-09 16:06:46,459 INFO output.FileOutputCommitter: File Output Committer Algorithm version is 2
2025-06-09 16:06:46,459 INFO output.FileOutputCommitter: FileOutputCommitter skip cleanup _temporary folders under output directory:false, ignore cleanup failures: false
2025-06-09 16:06:46,494 INFO mapred.LocalJobRunner: Waiting for map tasks
2025-06-09 16:06:46,496 INFO mapred.LocalJobRunner: Starting task: attempt_local1674775835_0001_m_000000_0
2025-06-09 16:06:46,508 INFO output.FileOutputCommitter: File Output Committer Algorithm version is 2
2025-06-09 16:06:46,508 INFO output.FileOutputCommitter: FileOutputCommitter skip cleanup _temporary folders under output directory:false, ignore cleanup failures: false
2025-06-09 16:06:46,515 INFO mapred.Task:  Using ResourceCalculatorProcessTree : [ ]
2025-06-09 16:06:46,519 INFO mapred.MapTask: Processing split: hdfs://localhost:9000/user/giovanni/input/cleaned_pruned_used_cars_data_5percent.csv:0+134217728
2025-06-09 16:06:46,527 INFO mapred.MapTask: numReduceTasks: 1
2025-06-09 16:06:46,560 INFO mapred.MapTask: (EQUATOR) 0 kvi 26214396(104857584)
2025-06-09 16:06:46,561 INFO mapred.MapTask: mapreduce.task.io.sort.mb: 100
2025-06-09 16:06:46,561 INFO mapred.MapTask: soft limit at 83886080
2025-06-09 16:06:46,561 INFO mapred.MapTask: bufstart = 0; bufvoid = 104857600
2025-06-09 16:06:46,561 INFO mapred.MapTask: kvstart = 26214396; length = 6553600
2025-06-09 16:06:46,562 INFO mapred.MapTask: Map output collector class = org.apache.hadoop.mapred.MapTask$MapOutputBuffer
2025-06-09 16:06:46,564 INFO streaming.PipeMapRed: PipeMapRed exec [/home/giovanni/Projects/big-data/progetto/task_2/mapreduce/./mapper.py]
2025-06-09 16:06:46,567 INFO Configuration.deprecation: mapred.work.output.dir is deprecated. Instead, use mapreduce.task.output.dir
2025-06-09 16:06:46,567 INFO Configuration.deprecation: mapred.local.dir is deprecated. Instead, use mapreduce.cluster.local.dir
2025-06-09 16:06:46,567 INFO Configuration.deprecation: map.input.file is deprecated. Instead, use mapreduce.map.input.file
2025-06-09 16:06:46,567 INFO Configuration.deprecation: map.input.length is deprecated. Instead, use mapreduce.map.input.length
2025-06-09 16:06:46,567 INFO Configuration.deprecation: mapred.job.id is deprecated. Instead, use mapreduce.job.id
2025-06-09 16:06:46,567 INFO Configuration.deprecation: mapred.task.partition is deprecated. Instead, use mapreduce.task.partition
2025-06-09 16:06:46,568 INFO Configuration.deprecation: map.input.start is deprecated. Instead, use mapreduce.map.input.start
2025-06-09 16:06:46,568 INFO Configuration.deprecation: mapred.task.is.map is deprecated. Instead, use mapreduce.task.ismap
2025-06-09 16:06:46,568 INFO Configuration.deprecation: mapred.task.id is deprecated. Instead, use mapreduce.task.attempt.id
2025-06-09 16:06:46,568 INFO Configuration.deprecation: mapred.tip.id is deprecated. Instead, use mapreduce.task.id
2025-06-09 16:06:46,568 INFO Configuration.deprecation: mapred.skip.on is deprecated. Instead, use mapreduce.job.skiprecords
2025-06-09 16:06:46,568 INFO Configuration.deprecation: user.name is deprecated. Instead, use mapreduce.job.user.name
2025-06-09 16:06:46,623 INFO streaming.PipeMapRed: R/W/S=1/0/0 in:NA [rec/s] out:NA [rec/s]
2025-06-09 16:06:46,623 INFO streaming.PipeMapRed: R/W/S=10/0/0 in:NA [rec/s] out:NA [rec/s]
2025-06-09 16:06:46,627 INFO streaming.PipeMapRed: R/W/S=100/0/0 in:NA [rec/s] out:NA [rec/s]
2025-06-09 16:06:46,627 INFO streaming.PipeMapRed: Records R/W=100/1
2025-06-09 16:06:46,644 INFO streaming.PipeMapRed: R/W/S=1000/933/0 in:NA [rec/s] out:NA [rec/s]
2025-06-09 16:06:46,709 INFO streaming.PipeMapRed: R/W/S=10000/9955/0 in:NA [rec/s] out:NA [rec/s]
2025-06-09 16:06:46,789 INFO mapred.MapTask: Spilling map output
2025-06-09 16:06:46,789 INFO mapred.MapTask: bufstart = 0; bufend = 83428979; bufvoid = 104857600
2025-06-09 16:06:46,789 INFO mapred.MapTask: kvstart = 26214396(104857584); kvend = 26099480(104397920); length = 114917/6553600
2025-06-09 16:06:46,789 INFO mapred.MapTask: (EQUATOR) 83543907 kvi 20885972(83543888)
2025-06-09 16:06:46,902 INFO mapred.MapTask: Finished spill 0
2025-06-09 16:06:46,902 INFO mapred.MapTask: (RESET) equator 83543907 kv 20885972(83543888) kvi 20857252(83429008)
2025-06-09 16:06:46,956 INFO streaming.PipeMapRed: MRErrorThread done
2025-06-09 16:06:46,956 INFO streaming.PipeMapRed: mapRedFinished
2025-06-09 16:06:46,957 INFO mapred.LocalJobRunner: 
2025-06-09 16:06:46,957 INFO mapred.MapTask: Starting flush of map output
2025-06-09 16:06:46,958 INFO mapred.MapTask: Spilling map output
2025-06-09 16:06:46,958 INFO mapred.MapTask: bufstart = 83543907; bufend = 28294705; bufvoid = 104857600
2025-06-09 16:06:46,958 INFO mapred.MapTask: kvstart = 20885972(83543888); kvend = 20813160(83252640); length = 72813/6553600
2025-06-09 16:06:47,011 INFO mapred.MapTask: Finished spill 1
2025-06-09 16:06:47,014 INFO mapred.Merger: Merging 2 sorted segments
2025-06-09 16:06:47,016 INFO mapred.Merger: Down to the last merge-pass, with 2 segments left of total size: 133220514 bytes
2025-06-09 16:06:47,197 INFO mapred.Task: Task:attempt_local1674775835_0001_m_000000_0 is done. And is in the process of committing
2025-06-09 16:06:47,199 INFO mapred.LocalJobRunner: Records R/W=100/1 > sort
2025-06-09 16:06:47,199 INFO mapred.Task: Task 'attempt_local1674775835_0001_m_000000_0' done.
2025-06-09 16:06:47,202 INFO mapred.Task: Final Counters for attempt_local1674775835_0001_m_000000_0: Counters: 23
	File System Counters
		FILE: Number of bytes read=133362294
		FILE: Number of bytes written=267308780
		FILE: Number of read operations=0
		FILE: Number of large read operations=0
		FILE: Number of write operations=0
		HDFS: Number of bytes read=134221824
		HDFS: Number of bytes written=0
		HDFS: Number of read operations=5
		HDFS: Number of large read operations=0
		HDFS: Number of write operations=1
		HDFS: Number of bytes read erasure-coded=0
	Map-Reduce Framework
		Map input records=46935
		Map output records=46934
		Map output bytes=133037377
		Map output materialized bytes=133220529
		Input split bytes=136
		Combine input records=0
		Spilled Records=93868
		Failed Shuffles=0
		Merged Map outputs=0
		GC time elapsed (ms)=0
		Total committed heap usage (bytes)=627048448
	File Input Format Counters 
		Bytes Read=134221824
2025-06-09 16:06:47,202 INFO mapred.LocalJobRunner: Finishing task: attempt_local1674775835_0001_m_000000_0
2025-06-09 16:06:47,202 INFO mapred.LocalJobRunner: Starting task: attempt_local1674775835_0001_m_000001_0
2025-06-09 16:06:47,203 INFO output.FileOutputCommitter: File Output Committer Algorithm version is 2
2025-06-09 16:06:47,203 INFO output.FileOutputCommitter: FileOutputCommitter skip cleanup _temporary folders under output directory:false, ignore cleanup failures: false
2025-06-09 16:06:47,203 INFO mapred.Task:  Using ResourceCalculatorProcessTree : [ ]
2025-06-09 16:06:47,204 INFO mapred.MapTask: Processing split: hdfs://localhost:9000/user/giovanni/input/cleaned_pruned_used_cars_data_5percent.csv:134217728+134217728
2025-06-09 16:06:47,207 INFO mapred.MapTask: numReduceTasks: 1
2025-06-09 16:06:47,242 INFO mapred.MapTask: (EQUATOR) 0 kvi 26214396(104857584)
2025-06-09 16:06:47,242 INFO mapred.MapTask: mapreduce.task.io.sort.mb: 100
2025-06-09 16:06:47,242 INFO mapred.MapTask: soft limit at 83886080
2025-06-09 16:06:47,242 INFO mapred.MapTask: bufstart = 0; bufvoid = 104857600
2025-06-09 16:06:47,242 INFO mapred.MapTask: kvstart = 26214396; length = 6553600
2025-06-09 16:06:47,242 INFO mapred.MapTask: Map output collector class = org.apache.hadoop.mapred.MapTask$MapOutputBuffer
2025-06-09 16:06:47,244 INFO streaming.PipeMapRed: PipeMapRed exec [/home/giovanni/Projects/big-data/progetto/task_2/mapreduce/./mapper.py]
2025-06-09 16:06:47,249 INFO streaming.PipeMapRed: R/W/S=1/0/0 in:NA [rec/s] out:NA [rec/s]
2025-06-09 16:06:47,249 INFO streaming.PipeMapRed: R/W/S=10/0/0 in:NA [rec/s] out:NA [rec/s]
2025-06-09 16:06:47,257 INFO streaming.PipeMapRed: Records R/W=40/1
2025-06-09 16:06:47,264 INFO streaming.PipeMapRed: R/W/S=100/71/0 in:NA [rec/s] out:NA [rec/s]
2025-06-09 16:06:47,268 INFO streaming.PipeMapRed: R/W/S=1000/968/0 in:NA [rec/s] out:NA [rec/s]
2025-06-09 16:06:47,317 INFO streaming.PipeMapRed: R/W/S=10000/9952/0 in:NA [rec/s] out:NA [rec/s]
2025-06-09 16:06:47,438 INFO mapred.MapTask: Spilling map output
2025-06-09 16:06:47,438 INFO mapred.MapTask: bufstart = 0; bufend = 83412907; bufvoid = 104857600
2025-06-09 16:06:47,438 INFO mapred.MapTask: kvstart = 26214396(104857584); kvend = 26095228(104380912); length = 119169/6553600
2025-06-09 16:06:47,438 INFO mapred.MapTask: (EQUATOR) 83532075 kvi 20883012(83532048)
2025-06-09 16:06:47,456 INFO mapreduce.Job: Job job_local1674775835_0001 running in uber mode : false
2025-06-09 16:06:47,457 INFO mapreduce.Job:  map 100% reduce 0%
2025-06-09 16:06:47,535 INFO mapred.MapTask: Finished spill 0
2025-06-09 16:06:47,535 INFO mapred.MapTask: (RESET) equator 83532075 kv 20883012(83532048) kvi 20853232(83412928)
2025-06-09 16:06:47,705 INFO streaming.PipeMapRed: MRErrorThread done
2025-06-09 16:06:47,705 INFO streaming.PipeMapRed: mapRedFinished
2025-06-09 16:06:47,706 INFO mapred.LocalJobRunner: 
2025-06-09 16:06:47,706 INFO mapred.MapTask: Starting flush of map output
2025-06-09 16:06:47,706 INFO mapred.MapTask: Spilling map output
2025-06-09 16:06:47,706 INFO mapred.MapTask: bufstart = 83532075; bufend = 28201360; bufvoid = 104857600
2025-06-09 16:06:47,706 INFO mapred.MapTask: kvstart = 20883012(83532048); kvend = 20802508(83210032); length = 80505/6553600
2025-06-09 16:06:47,760 INFO mapred.MapTask: Finished spill 1
2025-06-09 16:06:47,761 INFO mapred.Merger: Merging 2 sorted segments
2025-06-09 16:06:47,761 INFO mapred.Merger: Down to the last merge-pass, with 2 segments left of total size: 133136600 bytes
2025-06-09 16:06:47,947 INFO mapred.Task: Task:attempt_local1674775835_0001_m_000001_0 is done. And is in the process of committing
2025-06-09 16:06:47,948 INFO mapred.LocalJobRunner: Records R/W=40/1 > sort
2025-06-09 16:06:47,949 INFO mapred.Task: Task 'attempt_local1674775835_0001_m_000001_0' done.
2025-06-09 16:06:47,949 INFO mapred.Task: Final Counters for attempt_local1674775835_0001_m_000001_0: Counters: 23
	File System Counters
		FILE: Number of bytes read=266499345
		FILE: Number of bytes written=533582054
		FILE: Number of read operations=0
		FILE: Number of large read operations=0
		FILE: Number of write operations=0
		HDFS: Number of bytes read=268443648
		HDFS: Number of bytes written=0
		HDFS: Number of read operations=7
		HDFS: Number of large read operations=0
		HDFS: Number of write operations=1
		HDFS: Number of bytes read erasure-coded=0
	Map-Reduce Framework
		Map input records=49921
		Map output records=49920
		Map output bytes=132939792
		Map output materialized bytes=133136618
		Input split bytes=136
		Combine input records=0
		Spilled Records=99840
		Failed Shuffles=0
		Merged Map outputs=0
		GC time elapsed (ms)=0
		Total committed heap usage (bytes)=627048448
	File Input Format Counters 
		Bytes Read=134221824
2025-06-09 16:06:47,949 INFO mapred.LocalJobRunner: Finishing task: attempt_local1674775835_0001_m_000001_0
2025-06-09 16:06:47,949 INFO mapred.LocalJobRunner: Starting task: attempt_local1674775835_0001_m_000002_0
2025-06-09 16:06:47,949 INFO output.FileOutputCommitter: File Output Committer Algorithm version is 2
2025-06-09 16:06:47,949 INFO output.FileOutputCommitter: FileOutputCommitter skip cleanup _temporary folders under output directory:false, ignore cleanup failures: false
2025-06-09 16:06:47,950 INFO mapred.Task:  Using ResourceCalculatorProcessTree : [ ]
2025-06-09 16:06:47,950 INFO mapred.MapTask: Processing split: hdfs://localhost:9000/user/giovanni/input/cleaned_pruned_used_cars_data_5percent.csv:268435456+128423971
2025-06-09 16:06:47,954 INFO mapred.MapTask: numReduceTasks: 1
2025-06-09 16:06:47,965 INFO mapred.MapTask: (EQUATOR) 0 kvi 26214396(104857584)
2025-06-09 16:06:47,965 INFO mapred.MapTask: mapreduce.task.io.sort.mb: 100
2025-06-09 16:06:47,965 INFO mapred.MapTask: soft limit at 83886080
2025-06-09 16:06:47,965 INFO mapred.MapTask: bufstart = 0; bufvoid = 104857600
2025-06-09 16:06:47,965 INFO mapred.MapTask: kvstart = 26214396; length = 6553600
2025-06-09 16:06:47,965 INFO mapred.MapTask: Map output collector class = org.apache.hadoop.mapred.MapTask$MapOutputBuffer
2025-06-09 16:06:47,967 INFO streaming.PipeMapRed: PipeMapRed exec [/home/giovanni/Projects/big-data/progetto/task_2/mapreduce/./mapper.py]
2025-06-09 16:06:47,972 INFO streaming.PipeMapRed: R/W/S=1/0/0 in:NA [rec/s] out:NA [rec/s]
2025-06-09 16:06:47,972 INFO streaming.PipeMapRed: R/W/S=10/0/0 in:NA [rec/s] out:NA [rec/s]
2025-06-09 16:06:47,979 INFO streaming.PipeMapRed: Records R/W=41/1
2025-06-09 16:06:47,980 INFO streaming.PipeMapRed: R/W/S=100/75/0 in:NA [rec/s] out:NA [rec/s]
2025-06-09 16:06:47,983 INFO streaming.PipeMapRed: R/W/S=1000/956/0 in:NA [rec/s] out:NA [rec/s]
2025-06-09 16:06:48,023 INFO streaming.PipeMapRed: R/W/S=10000/9949/0 in:NA [rec/s] out:NA [rec/s]
2025-06-09 16:06:48,169 INFO mapred.MapTask: Spilling map output
2025-06-09 16:06:48,169 INFO mapred.MapTask: bufstart = 0; bufend = 83336780; bufvoid = 104857600
2025-06-09 16:06:48,169 INFO mapred.MapTask: kvstart = 26214396(104857584); kvend = 26076896(104307584); length = 137501/6553600
2025-06-09 16:06:48,169 INFO mapred.MapTask: (EQUATOR) 83474284 kvi 20868564(83474256)
2025-06-09 16:06:48,268 INFO mapred.MapTask: Finished spill 0
2025-06-09 16:06:48,269 INFO mapred.MapTask: (RESET) equator 83474284 kv 20868564(83474256) kvi 20835804(83343216)
Error processing line: edmond,12,private seller, i am not a dealer, no financing and not interested in trades**
Error: list index out of range
Error processing line: ,6200.0,4000,chevrolet,camaro,17800.0,2013
Error: list index out of range
Error processing line: doylestown,22,car great shape, very low mileage, recently inspected, brand new alternator installed. hardtop convertible works perfectly. clean car fax everything works.
Error: list index out of range
Error processing line: fort lauderdale,15,sold new for 153,000! hard top convertible! fully loaded! 0 issues with the car! garaged everyday during ownership. black on black/anthracite leather. options list includes:
Error: list index out of range
Error processing line: car had minor rear accident during 1st owner's tenure - rear bumper was completely replaced by a dealership. ,5500.0,5300,mercedes-benz,sl-class,48000.0,2013
Error: list index out of range
2025-06-09 16:06:48,321 INFO streaming.PipeMapRed: MRErrorThread done
2025-06-09 16:06:48,321 INFO streaming.PipeMapRed: mapRedFinished
2025-06-09 16:06:48,322 INFO mapred.LocalJobRunner: 
2025-06-09 16:06:48,322 INFO mapred.MapTask: Starting flush of map output
2025-06-09 16:06:48,322 INFO mapred.MapTask: Spilling map output
2025-06-09 16:06:48,322 INFO mapred.MapTask: bufstart = 83474284; bufend = 22334710; bufvoid = 104857600
2025-06-09 16:06:48,322 INFO mapred.MapTask: kvstart = 20868564(83474256); kvend = 20793508(83174032); length = 75057/6553600
2025-06-09 16:06:48,368 INFO mapred.MapTask: Finished spill 1
2025-06-09 16:06:48,369 INFO mapred.Merger: Merging 2 sorted segments
2025-06-09 16:06:48,369 INFO mapred.Merger: Down to the last merge-pass, with 2 segments left of total size: 127263794 bytes
2025-06-09 16:06:48,458 INFO mapreduce.Job:  map 67% reduce 0%
2025-06-09 16:06:48,540 INFO mapred.Task: Task:attempt_local1674775835_0001_m_000002_0 is done. And is in the process of committing
2025-06-09 16:06:48,541 INFO mapred.LocalJobRunner: Records R/W=41/1 > sort
2025-06-09 16:06:48,542 INFO mapred.Task: Task 'attempt_local1674775835_0001_m_000002_0' done.
2025-06-09 16:06:48,542 INFO mapred.Task: Final Counters for attempt_local1674775835_0001_m_000002_0: Counters: 23
	File System Counters
		FILE: Number of bytes read=393763592
		FILE: Number of bytes written=788109720
		FILE: Number of read operations=0
		FILE: Number of large read operations=0
		FILE: Number of write operations=0
		HDFS: Number of bytes read=396867619
		HDFS: Number of bytes written=0
		HDFS: Number of read operations=9
		HDFS: Number of large read operations=0
		HDFS: Number of write operations=1
		HDFS: Number of bytes read erasure-coded=0
	Map-Reduce Framework
		Map input records=53147
		Map output records=53141
		Map output bytes=127054806
		Map output materialized bytes=127263814
		Input split bytes=136
		Combine input records=0
		Spilled Records=106282
		Failed Shuffles=0
		Merged Map outputs=0
		GC time elapsed (ms)=3
		Total committed heap usage (bytes)=627048448
	File Input Format Counters 
		Bytes Read=128423971
2025-06-09 16:06:48,542 INFO mapred.LocalJobRunner: Finishing task: attempt_local1674775835_0001_m_000002_0
2025-06-09 16:06:48,542 INFO mapred.LocalJobRunner: map task executor complete.
2025-06-09 16:06:48,544 INFO mapred.LocalJobRunner: Waiting for reduce tasks
2025-06-09 16:06:48,544 INFO mapred.LocalJobRunner: Starting task: attempt_local1674775835_0001_r_000000_0
2025-06-09 16:06:48,548 INFO output.FileOutputCommitter: File Output Committer Algorithm version is 2
2025-06-09 16:06:48,548 INFO output.FileOutputCommitter: FileOutputCommitter skip cleanup _temporary folders under output directory:false, ignore cleanup failures: false
2025-06-09 16:06:48,548 INFO mapred.Task:  Using ResourceCalculatorProcessTree : [ ]
2025-06-09 16:06:48,549 INFO mapred.ReduceTask: Using ShuffleConsumerPlugin: org.apache.hadoop.mapreduce.task.reduce.Shuffle@69cb1f3f
2025-06-09 16:06:48,549 WARN impl.MetricsSystemImpl: JobTracker metrics system already initialized!
2025-06-09 16:06:48,556 INFO reduce.MergeManagerImpl: MergerManager: memoryLimit=6012954112, maxSingleShuffleLimit=1503238528, mergeThreshold=3968549888, ioSortFactor=10, memToMemMergeOutputsThreshold=10
2025-06-09 16:06:48,557 INFO reduce.EventFetcher: attempt_local1674775835_0001_r_000000_0 Thread started: EventFetcher for fetching Map Completion Events
2025-06-09 16:06:48,580 INFO reduce.LocalFetcher: localfetcher#1 about to shuffle output of map attempt_local1674775835_0001_m_000001_0 decomp: 133136614 len: 133136618 to MEMORY
2025-06-09 16:06:48,641 INFO reduce.InMemoryMapOutput: Read 133136614 bytes from map-output for attempt_local1674775835_0001_m_000001_0
2025-06-09 16:06:48,642 INFO reduce.MergeManagerImpl: closeInMemoryFile -> map-output of size: 133136614, inMemoryMapOutputs.size() -> 1, commitMemory -> 0, usedMemory ->133136614
2025-06-09 16:06:48,687 INFO reduce.LocalFetcher: localfetcher#1 about to shuffle output of map attempt_local1674775835_0001_m_000002_0 decomp: 127263810 len: 127263814 to MEMORY
2025-06-09 16:06:48,744 INFO reduce.InMemoryMapOutput: Read 127263810 bytes from map-output for attempt_local1674775835_0001_m_000002_0
2025-06-09 16:06:48,745 INFO reduce.MergeManagerImpl: closeInMemoryFile -> map-output of size: 127263810, inMemoryMapOutputs.size() -> 2, commitMemory -> 133136614, usedMemory ->260400424
2025-06-09 16:06:48,769 INFO reduce.LocalFetcher: localfetcher#1 about to shuffle output of map attempt_local1674775835_0001_m_000000_0 decomp: 133220525 len: 133220529 to MEMORY
2025-06-09 16:06:48,829 INFO reduce.InMemoryMapOutput: Read 133220525 bytes from map-output for attempt_local1674775835_0001_m_000000_0
2025-06-09 16:06:48,829 INFO reduce.MergeManagerImpl: closeInMemoryFile -> map-output of size: 133220525, inMemoryMapOutputs.size() -> 3, commitMemory -> 260400424, usedMemory ->393620949
2025-06-09 16:06:48,829 INFO reduce.EventFetcher: EventFetcher is interrupted.. Returning
2025-06-09 16:06:48,830 INFO mapred.LocalJobRunner: 3 / 3 copied.
2025-06-09 16:06:48,830 INFO reduce.MergeManagerImpl: finalMerge called with 3 in-memory map-outputs and 0 on-disk map-outputs
2025-06-09 16:06:48,831 INFO mapred.Merger: Merging 3 sorted segments
2025-06-09 16:06:48,831 INFO mapred.Merger: Down to the last merge-pass, with 3 segments left of total size: 393620913 bytes
2025-06-09 16:06:49,202 INFO reduce.MergeManagerImpl: Merged 3 segments, 393620949 bytes to disk to satisfy reduce memory limit
2025-06-09 16:06:49,202 INFO reduce.MergeManagerImpl: Merging 1 files, 393620949 bytes from disk
2025-06-09 16:06:49,203 INFO reduce.MergeManagerImpl: Merging 0 segments, 0 bytes from memory into reduce
2025-06-09 16:06:49,203 INFO mapred.Merger: Merging 1 sorted segments
2025-06-09 16:06:49,203 INFO mapred.Merger: Down to the last merge-pass, with 1 segments left of total size: 393620932 bytes
2025-06-09 16:06:49,203 INFO mapred.LocalJobRunner: 3 / 3 copied.
2025-06-09 16:06:49,205 INFO streaming.PipeMapRed: PipeMapRed exec [/home/giovanni/Projects/big-data/progetto/task_2/mapreduce/./reducer.py]
2025-06-09 16:06:49,206 INFO Configuration.deprecation: mapred.job.tracker is deprecated. Instead, use mapreduce.jobtracker.address
2025-06-09 16:06:49,207 INFO Configuration.deprecation: mapred.map.tasks is deprecated. Instead, use mapreduce.job.maps
2025-06-09 16:06:49,229 INFO streaming.PipeMapRed: R/W/S=1/0/0 in:NA [rec/s] out:NA [rec/s]
2025-06-09 16:06:49,229 INFO streaming.PipeMapRed: R/W/S=10/0/0 in:NA [rec/s] out:NA [rec/s]
2025-06-09 16:06:49,233 INFO streaming.PipeMapRed: R/W/S=100/0/0 in:NA [rec/s] out:NA [rec/s]
2025-06-09 16:06:49,277 INFO streaming.PipeMapRed: R/W/S=1000/0/0 in:NA [rec/s] out:NA [rec/s]
2025-06-09 16:06:49,458 INFO mapreduce.Job:  map 100% reduce 0%
2025-06-09 16:06:49,729 INFO streaming.PipeMapRed: R/W/S=10000/0/0 in:NA [rec/s] out:NA [rec/s]
2025-06-09 16:06:54,729 INFO streaming.PipeMapRed: R/W/S=100000/0/0 in:20000=100000/5 [rec/s] out:0=0/5 [rec/s]
2025-06-09 16:06:57,663 INFO streaming.PipeMapRed: Records R/W=149995/1
2025-06-09 16:06:58,104 INFO streaming.PipeMapRed: MRErrorThread done
2025-06-09 16:06:58,104 INFO streaming.PipeMapRed: mapRedFinished
2025-06-09 16:06:58,114 INFO mapred.Task: Task:attempt_local1674775835_0001_r_000000_0 is done. And is in the process of committing
2025-06-09 16:06:58,116 INFO mapred.LocalJobRunner: 3 / 3 copied.
2025-06-09 16:06:58,116 INFO mapred.Task: Task attempt_local1674775835_0001_r_000000_0 is allowed to commit now
2025-06-09 16:06:58,127 INFO output.FileOutputCommitter: Saved output of task 'attempt_local1674775835_0001_r_000000_0' to hdfs://localhost:9000/user/giovanni/output/cleaned_pruned_used_cars_data_5percent_task2_mapreduce_result
2025-06-09 16:06:58,128 INFO mapred.LocalJobRunner: Records R/W=149995/1 > reduce
2025-06-09 16:06:58,128 INFO mapred.Task: Task 'attempt_local1674775835_0001_r_000000_0' done.
2025-06-09 16:06:58,128 INFO mapred.Task: Final Counters for attempt_local1674775835_0001_r_000000_0: Counters: 30
	File System Counters
		FILE: Number of bytes read=1181005598
		FILE: Number of bytes written=1181730669
		FILE: Number of read operations=0
		FILE: Number of large read operations=0
		FILE: Number of write operations=0
		HDFS: Number of bytes read=396867619
		HDFS: Number of bytes written=1239032
		HDFS: Number of read operations=14
		HDFS: Number of large read operations=0
		HDFS: Number of write operations=3
		HDFS: Number of bytes read erasure-coded=0
	Map-Reduce Framework
		Combine input records=0
		Combine output records=0
		Reduce input groups=1158
		Reduce shuffle bytes=393620961
		Reduce input records=149995
		Reduce output records=23874
		Spilled Records=149995
		Shuffled Maps =3
		Failed Shuffles=0
		Merged Map outputs=3
		GC time elapsed (ms)=8
		Total committed heap usage (bytes)=627048448
	Shuffle Errors
		BAD_ID=0
		CONNECTION=0
		IO_ERROR=0
		WRONG_LENGTH=0
		WRONG_MAP=0
		WRONG_REDUCE=0
	File Output Format Counters 
		Bytes Written=1239032
2025-06-09 16:06:58,128 INFO mapred.LocalJobRunner: Finishing task: attempt_local1674775835_0001_r_000000_0
2025-06-09 16:06:58,128 INFO mapred.LocalJobRunner: reduce task executor complete.
2025-06-09 16:06:58,461 INFO mapreduce.Job:  map 100% reduce 100%
2025-06-09 16:06:58,461 INFO mapreduce.Job: Job job_local1674775835_0001 completed successfully
2025-06-09 16:06:58,466 INFO mapreduce.Job: Counters: 36
	File System Counters
		FILE: Number of bytes read=1974630829
		FILE: Number of bytes written=2770731223
		FILE: Number of read operations=0
		FILE: Number of large read operations=0
		FILE: Number of write operations=0
		HDFS: Number of bytes read=1196400710
		HDFS: Number of bytes written=1239032
		HDFS: Number of read operations=35
		HDFS: Number of large read operations=0
		HDFS: Number of write operations=6
		HDFS: Number of bytes read erasure-coded=0
	Map-Reduce Framework
		Map input records=150003
		Map output records=149995
		Map output bytes=393031975
		Map output materialized bytes=393620961
		Input split bytes=408
		Combine input records=0
		Combine output records=0
		Reduce input groups=1158
		Reduce shuffle bytes=393620961
		Reduce input records=149995
		Reduce output records=23874
		Spilled Records=449985
		Shuffled Maps =3
		Failed Shuffles=0
		Merged Map outputs=3
		GC time elapsed (ms)=11
		Total committed heap usage (bytes)=2508193792
	Shuffle Errors
		BAD_ID=0
		CONNECTION=0
		IO_ERROR=0
		WRONG_LENGTH=0
		WRONG_MAP=0
		WRONG_REDUCE=0
	File Input Format Counters 
		Bytes Read=396867619
	File Output Format Counters 
		Bytes Written=1239032
2025-06-09 16:06:58,466 INFO streaming.StreamJob: Output directory: /user/giovanni/output/cleaned_pruned_used_cars_data_5percent_task2_mapreduce_result
