2025-06-07 19:45:33,614 INFO impl.MetricsConfig: Loaded properties from hadoop-metrics2.properties
2025-06-07 19:45:33,654 INFO impl.MetricsSystemImpl: Scheduled Metric snapshot period at 10 second(s).
2025-06-07 19:45:33,654 INFO impl.MetricsSystemImpl: JobTracker metrics system started
2025-06-07 19:45:33,661 WARN impl.MetricsSystemImpl: JobTracker metrics system already initialized!
2025-06-07 19:45:33,780 INFO mapred.FileInputFormat: Total input files to process : 1
2025-06-07 19:45:33,808 INFO mapreduce.JobSubmitter: number of splits:1
2025-06-07 19:45:33,876 INFO mapreduce.JobSubmitter: Submitting tokens for job: job_local2086939455_0001
2025-06-07 19:45:33,876 INFO mapreduce.JobSubmitter: Executing with tokens: []
2025-06-07 19:45:33,936 INFO mapreduce.Job: The url to track the job: http://localhost:8080/
2025-06-07 19:45:33,937 INFO mapreduce.Job: Running job: job_local2086939455_0001
2025-06-07 19:45:33,937 INFO mapred.LocalJobRunner: OutputCommitter set in config null
2025-06-07 19:45:33,939 INFO mapred.LocalJobRunner: OutputCommitter is org.apache.hadoop.mapred.FileOutputCommitter
2025-06-07 19:45:33,942 INFO output.FileOutputCommitter: File Output Committer Algorithm version is 2
2025-06-07 19:45:33,942 INFO output.FileOutputCommitter: FileOutputCommitter skip cleanup _temporary folders under output directory:false, ignore cleanup failures: false
2025-06-07 19:45:34,019 INFO mapred.LocalJobRunner: Waiting for map tasks
2025-06-07 19:45:34,021 INFO mapred.LocalJobRunner: Starting task: attempt_local2086939455_0001_m_000000_0
2025-06-07 19:45:34,032 INFO output.FileOutputCommitter: File Output Committer Algorithm version is 2
2025-06-07 19:45:34,032 INFO output.FileOutputCommitter: FileOutputCommitter skip cleanup _temporary folders under output directory:false, ignore cleanup failures: false
2025-06-07 19:45:34,040 INFO mapred.Task:  Using ResourceCalculatorProcessTree : [ ]
2025-06-07 19:45:34,043 INFO mapred.MapTask: Processing split: hdfs://localhost:9000/user/giovanni/input/cleaned_pruned_used_cars_data_1percent.csv:0+86595809
2025-06-07 19:45:34,051 INFO mapred.MapTask: numReduceTasks: 1
2025-06-07 19:45:34,087 INFO mapred.MapTask: (EQUATOR) 0 kvi 26214396(104857584)
2025-06-07 19:45:34,087 INFO mapred.MapTask: mapreduce.task.io.sort.mb: 100
2025-06-07 19:45:34,087 INFO mapred.MapTask: soft limit at 83886080
2025-06-07 19:45:34,087 INFO mapred.MapTask: bufstart = 0; bufvoid = 104857600
2025-06-07 19:45:34,087 INFO mapred.MapTask: kvstart = 26214396; length = 6553600
2025-06-07 19:45:34,088 INFO mapred.MapTask: Map output collector class = org.apache.hadoop.mapred.MapTask$MapOutputBuffer
2025-06-07 19:45:34,092 INFO streaming.PipeMapRed: PipeMapRed exec [/home/giovanni/Projects/big-data/progetto/task_2/mapreduce/./mapper.py]
2025-06-07 19:45:34,095 INFO Configuration.deprecation: mapred.work.output.dir is deprecated. Instead, use mapreduce.task.output.dir
2025-06-07 19:45:34,096 INFO Configuration.deprecation: mapred.local.dir is deprecated. Instead, use mapreduce.cluster.local.dir
2025-06-07 19:45:34,096 INFO Configuration.deprecation: map.input.file is deprecated. Instead, use mapreduce.map.input.file
2025-06-07 19:45:34,096 INFO Configuration.deprecation: map.input.length is deprecated. Instead, use mapreduce.map.input.length
2025-06-07 19:45:34,096 INFO Configuration.deprecation: mapred.job.id is deprecated. Instead, use mapreduce.job.id
2025-06-07 19:45:34,096 INFO Configuration.deprecation: mapred.task.partition is deprecated. Instead, use mapreduce.task.partition
2025-06-07 19:45:34,097 INFO Configuration.deprecation: map.input.start is deprecated. Instead, use mapreduce.map.input.start
2025-06-07 19:45:34,097 INFO Configuration.deprecation: mapred.task.is.map is deprecated. Instead, use mapreduce.task.ismap
2025-06-07 19:45:34,097 INFO Configuration.deprecation: mapred.task.id is deprecated. Instead, use mapreduce.task.attempt.id
2025-06-07 19:45:34,097 INFO Configuration.deprecation: mapred.tip.id is deprecated. Instead, use mapreduce.task.id
2025-06-07 19:45:34,098 INFO Configuration.deprecation: mapred.skip.on is deprecated. Instead, use mapreduce.job.skiprecords
2025-06-07 19:45:34,098 INFO Configuration.deprecation: user.name is deprecated. Instead, use mapreduce.job.user.name
2025-06-07 19:45:34,158 INFO streaming.PipeMapRed: R/W/S=1/0/0 in:NA [rec/s] out:NA [rec/s]
2025-06-07 19:45:34,159 INFO streaming.PipeMapRed: R/W/S=10/0/0 in:NA [rec/s] out:NA [rec/s]
2025-06-07 19:45:34,163 INFO streaming.PipeMapRed: R/W/S=100/0/0 in:NA [rec/s] out:NA [rec/s]
2025-06-07 19:45:34,163 INFO streaming.PipeMapRed: Records R/W=138/1
2025-06-07 19:45:34,194 INFO streaming.PipeMapRed: R/W/S=1000/936/0 in:NA [rec/s] out:NA [rec/s]
2025-06-07 19:45:34,269 INFO streaming.PipeMapRed: R/W/S=10000/9953/0 in:NA [rec/s] out:NA [rec/s]
2025-06-07 19:45:34,349 INFO mapred.MapTask: Spilling map output
2025-06-07 19:45:34,349 INFO mapred.MapTask: bufstart = 0; bufend = 83428979; bufvoid = 104857600
2025-06-07 19:45:34,349 INFO mapred.MapTask: kvstart = 26214396(104857584); kvend = 26099480(104397920); length = 114917/6553600
2025-06-07 19:45:34,349 INFO mapred.MapTask: (EQUATOR) 83543907 kvi 20885972(83543888)
2025-06-07 19:45:34,358 INFO streaming.PipeMapRed: MRErrorThread done
2025-06-07 19:45:34,359 INFO streaming.PipeMapRed: mapRedFinished
2025-06-07 19:45:34,360 INFO mapred.LocalJobRunner: 
2025-06-07 19:45:34,360 INFO mapred.MapTask: Starting flush of map output
2025-06-07 19:45:34,452 INFO mapred.MapTask: Finished spill 0
2025-06-07 19:45:34,453 INFO mapred.MapTask: (RESET) equator 83543907 kv 20885972(83543888) kvi 20880896(83523584)
2025-06-07 19:45:34,453 INFO mapred.MapTask: Spilling map output
2025-06-07 19:45:34,453 INFO mapred.MapTask: bufstart = 83543907; bufend = 85955721; bufvoid = 104857600
2025-06-07 19:45:34,453 INFO mapred.MapTask: kvstart = 20885972(83543888); kvend = 20880900(83523600); length = 5073/6553600
2025-06-07 19:45:34,456 INFO mapred.MapTask: Finished spill 1
2025-06-07 19:45:34,459 INFO mapred.Merger: Merging 2 sorted segments
2025-06-07 19:45:34,461 INFO mapred.Merger: Down to the last merge-pass, with 2 segments left of total size: 85958543 bytes
2025-06-07 19:45:34,587 INFO mapred.Task: Task:attempt_local2086939455_0001_m_000000_0 is done. And is in the process of committing
2025-06-07 19:45:34,589 INFO mapred.LocalJobRunner: Records R/W=138/1 > sort
2025-06-07 19:45:34,589 INFO mapred.Task: Task 'attempt_local2086939455_0001_m_000000_0' done.
2025-06-07 19:45:34,594 INFO mapred.Task: Final Counters for attempt_local2086939455_0001_m_000000_0: Counters: 23
	File System Counters
		FILE: Number of bytes read=86100004
		FILE: Number of bytes written=172784519
		FILE: Number of read operations=0
		FILE: Number of large read operations=0
		FILE: Number of write operations=0
		HDFS: Number of bytes read=86595809
		HDFS: Number of bytes written=0
		HDFS: Number of read operations=5
		HDFS: Number of large read operations=0
		HDFS: Number of write operations=1
		HDFS: Number of bytes read erasure-coded=0
	Map-Reduce Framework
		Map input records=30000
		Map output records=29999
		Map output bytes=85840793
		Map output materialized bytes=85958558
		Input split bytes=136
		Combine input records=0
		Spilled Records=59998
		Failed Shuffles=0
		Merged Map outputs=0
		GC time elapsed (ms)=0
		Total committed heap usage (bytes)=627048448
	File Input Format Counters 
		Bytes Read=86595809
2025-06-07 19:45:34,594 INFO mapred.LocalJobRunner: Finishing task: attempt_local2086939455_0001_m_000000_0
2025-06-07 19:45:34,595 INFO mapred.LocalJobRunner: map task executor complete.
2025-06-07 19:45:34,596 INFO mapred.LocalJobRunner: Waiting for reduce tasks
2025-06-07 19:45:34,596 INFO mapred.LocalJobRunner: Starting task: attempt_local2086939455_0001_r_000000_0
2025-06-07 19:45:34,600 INFO output.FileOutputCommitter: File Output Committer Algorithm version is 2
2025-06-07 19:45:34,600 INFO output.FileOutputCommitter: FileOutputCommitter skip cleanup _temporary folders under output directory:false, ignore cleanup failures: false
2025-06-07 19:45:34,600 INFO mapred.Task:  Using ResourceCalculatorProcessTree : [ ]
2025-06-07 19:45:34,601 INFO mapred.ReduceTask: Using ShuffleConsumerPlugin: org.apache.hadoop.mapreduce.task.reduce.Shuffle@2aa5da72
2025-06-07 19:45:34,602 WARN impl.MetricsSystemImpl: JobTracker metrics system already initialized!
2025-06-07 19:45:34,610 INFO reduce.MergeManagerImpl: MergerManager: memoryLimit=5842665472, maxSingleShuffleLimit=1460666368, mergeThreshold=3856159488, ioSortFactor=10, memToMemMergeOutputsThreshold=10
2025-06-07 19:45:34,611 INFO reduce.EventFetcher: attempt_local2086939455_0001_r_000000_0 Thread started: EventFetcher for fetching Map Completion Events
2025-06-07 19:45:34,651 INFO reduce.LocalFetcher: localfetcher#1 about to shuffle output of map attempt_local2086939455_0001_m_000000_0 decomp: 85958554 len: 85958558 to MEMORY
2025-06-07 19:45:34,692 INFO reduce.InMemoryMapOutput: Read 85958554 bytes from map-output for attempt_local2086939455_0001_m_000000_0
2025-06-07 19:45:34,693 INFO reduce.MergeManagerImpl: closeInMemoryFile -> map-output of size: 85958554, inMemoryMapOutputs.size() -> 1, commitMemory -> 0, usedMemory ->85958554
2025-06-07 19:45:34,693 INFO reduce.EventFetcher: EventFetcher is interrupted.. Returning
2025-06-07 19:45:34,694 INFO mapred.LocalJobRunner: 1 / 1 copied.
2025-06-07 19:45:34,694 INFO reduce.MergeManagerImpl: finalMerge called with 1 in-memory map-outputs and 0 on-disk map-outputs
2025-06-07 19:45:34,695 INFO mapred.Merger: Merging 1 sorted segments
2025-06-07 19:45:34,695 INFO mapred.Merger: Down to the last merge-pass, with 1 segments left of total size: 85958544 bytes
2025-06-07 19:45:34,789 INFO reduce.MergeManagerImpl: Merged 1 segments, 85958554 bytes to disk to satisfy reduce memory limit
2025-06-07 19:45:34,790 INFO reduce.MergeManagerImpl: Merging 1 files, 85958558 bytes from disk
2025-06-07 19:45:34,790 INFO reduce.MergeManagerImpl: Merging 0 segments, 0 bytes from memory into reduce
2025-06-07 19:45:34,790 INFO mapred.Merger: Merging 1 sorted segments
2025-06-07 19:45:34,790 INFO mapred.Merger: Down to the last merge-pass, with 1 segments left of total size: 85958544 bytes
2025-06-07 19:45:34,791 INFO mapred.LocalJobRunner: 1 / 1 copied.
2025-06-07 19:45:34,793 INFO streaming.PipeMapRed: PipeMapRed exec [/home/giovanni/Projects/big-data/progetto/task_2/mapreduce/./reducer.py]
2025-06-07 19:45:34,794 INFO Configuration.deprecation: mapred.job.tracker is deprecated. Instead, use mapreduce.jobtracker.address
2025-06-07 19:45:34,795 INFO Configuration.deprecation: mapred.map.tasks is deprecated. Instead, use mapreduce.job.maps
2025-06-07 19:45:34,835 INFO streaming.PipeMapRed: R/W/S=1/0/0 in:NA [rec/s] out:NA [rec/s]
2025-06-07 19:45:34,835 INFO streaming.PipeMapRed: R/W/S=10/0/0 in:NA [rec/s] out:NA [rec/s]
2025-06-07 19:45:34,835 INFO streaming.PipeMapRed: R/W/S=100/0/0 in:NA [rec/s] out:NA [rec/s]
2025-06-07 19:45:34,897 INFO streaming.PipeMapRed: R/W/S=1000/0/0 in:NA [rec/s] out:NA [rec/s]
2025-06-07 19:45:34,940 INFO mapreduce.Job: Job job_local2086939455_0001 running in uber mode : false
2025-06-07 19:45:34,940 INFO mapreduce.Job:  map 100% reduce 0%
2025-06-07 19:45:35,453 INFO streaming.PipeMapRed: R/W/S=10000/0/0 in:NA [rec/s] out:NA [rec/s]
2025-06-07 19:45:36,862 INFO streaming.PipeMapRed: Records R/W=29999/1
2025-06-07 19:45:36,958 INFO streaming.PipeMapRed: MRErrorThread done
2025-06-07 19:45:36,958 INFO streaming.PipeMapRed: mapRedFinished
2025-06-07 19:45:36,970 INFO mapred.Task: Task:attempt_local2086939455_0001_r_000000_0 is done. And is in the process of committing
2025-06-07 19:45:36,971 INFO mapred.LocalJobRunner: 1 / 1 copied.
2025-06-07 19:45:36,971 INFO mapred.Task: Task attempt_local2086939455_0001_r_000000_0 is allowed to commit now
2025-06-07 19:45:36,983 INFO output.FileOutputCommitter: Saved output of task 'attempt_local2086939455_0001_r_000000_0' to hdfs://localhost:9000/user/giovanni/output/cleaned_pruned_used_cars_data_1percent_task2_mapreduce_result
2025-06-07 19:45:36,984 INFO mapred.LocalJobRunner: Records R/W=29999/1 > reduce
2025-06-07 19:45:36,984 INFO mapred.Task: Task 'attempt_local2086939455_0001_r_000000_0' done.
2025-06-07 19:45:36,984 INFO mapred.Task: Final Counters for attempt_local2086939455_0001_r_000000_0: Counters: 30
	File System Counters
		FILE: Number of bytes read=258017152
		FILE: Number of bytes written=258743077
		FILE: Number of read operations=0
		FILE: Number of large read operations=0
		FILE: Number of write operations=0
		HDFS: Number of bytes read=86595809
		HDFS: Number of bytes written=314767
		HDFS: Number of read operations=10
		HDFS: Number of large read operations=0
		HDFS: Number of write operations=3
		HDFS: Number of bytes read erasure-coded=0
	Map-Reduce Framework
		Combine input records=0
		Combine output records=0
		Reduce input groups=186
		Reduce shuffle bytes=85958558
		Reduce input records=29999
		Reduce output records=6012
		Spilled Records=29999
		Shuffled Maps =1
		Failed Shuffles=0
		Merged Map outputs=1
		GC time elapsed (ms)=0
		Total committed heap usage (bytes)=627048448
	Shuffle Errors
		BAD_ID=0
		CONNECTION=0
		IO_ERROR=0
		WRONG_LENGTH=0
		WRONG_MAP=0
		WRONG_REDUCE=0
	File Output Format Counters 
		Bytes Written=314767
2025-06-07 19:45:36,984 INFO mapred.LocalJobRunner: Finishing task: attempt_local2086939455_0001_r_000000_0
2025-06-07 19:45:36,984 INFO mapred.LocalJobRunner: reduce task executor complete.
2025-06-07 19:45:37,941 INFO mapreduce.Job:  map 100% reduce 100%
2025-06-07 19:45:37,942 INFO mapreduce.Job: Job job_local2086939455_0001 completed successfully
2025-06-07 19:45:37,945 INFO mapreduce.Job: Counters: 36
	File System Counters
		FILE: Number of bytes read=344117156
		FILE: Number of bytes written=431527596
		FILE: Number of read operations=0
		FILE: Number of large read operations=0
		FILE: Number of write operations=0
		HDFS: Number of bytes read=173191618
		HDFS: Number of bytes written=314767
		HDFS: Number of read operations=15
		HDFS: Number of large read operations=0
		HDFS: Number of write operations=4
		HDFS: Number of bytes read erasure-coded=0
	Map-Reduce Framework
		Map input records=30000
		Map output records=29999
		Map output bytes=85840793
		Map output materialized bytes=85958558
		Input split bytes=136
		Combine input records=0
		Combine output records=0
		Reduce input groups=186
		Reduce shuffle bytes=85958558
		Reduce input records=29999
		Reduce output records=6012
		Spilled Records=89997
		Shuffled Maps =1
		Failed Shuffles=0
		Merged Map outputs=1
		GC time elapsed (ms)=0
		Total committed heap usage (bytes)=1254096896
	Shuffle Errors
		BAD_ID=0
		CONNECTION=0
		IO_ERROR=0
		WRONG_LENGTH=0
		WRONG_MAP=0
		WRONG_REDUCE=0
	File Input Format Counters 
		Bytes Read=86595809
	File Output Format Counters 
		Bytes Written=314767
2025-06-07 19:45:37,946 INFO streaming.StreamJob: Output directory: /user/giovanni/output/cleaned_pruned_used_cars_data_1percent_task2_mapreduce_result
