2025-06-08 12:02:32,391 INFO impl.MetricsConfig: Loaded properties from hadoop-metrics2.properties
2025-06-08 12:02:32,556 INFO impl.MetricsSystemImpl: Scheduled Metric snapshot period at 10 second(s).
2025-06-08 12:02:32,556 INFO impl.MetricsSystemImpl: JobTracker metrics system started
2025-06-08 12:02:32,594 WARN impl.MetricsSystemImpl: JobTracker metrics system already initialized!
2025-06-08 12:02:33,015 INFO mapred.FileInputFormat: Total input files to process : 1
2025-06-08 12:02:33,118 INFO mapreduce.JobSubmitter: number of splits:1
2025-06-08 12:02:33,380 INFO mapreduce.JobSubmitter: Submitting tokens for job: job_local1018164393_0001
2025-06-08 12:02:33,380 INFO mapreduce.JobSubmitter: Executing with tokens: []
2025-06-08 12:02:33,650 INFO mapreduce.Job: The url to track the job: http://localhost:8080/
2025-06-08 12:02:33,652 INFO mapred.LocalJobRunner: OutputCommitter set in config null
2025-06-08 12:02:33,654 INFO mapreduce.Job: Running job: job_local1018164393_0001
2025-06-08 12:02:33,659 INFO mapred.LocalJobRunner: OutputCommitter is org.apache.hadoop.mapred.FileOutputCommitter
2025-06-08 12:02:33,670 INFO output.FileOutputCommitter: File Output Committer Algorithm version is 2
2025-06-08 12:02:33,670 INFO output.FileOutputCommitter: FileOutputCommitter skip cleanup _temporary folders under output directory:false, ignore cleanup failures: false
2025-06-08 12:02:33,781 INFO mapred.LocalJobRunner: Waiting for map tasks
2025-06-08 12:02:33,786 INFO mapred.LocalJobRunner: Starting task: attempt_local1018164393_0001_m_000000_0
2025-06-08 12:02:33,832 INFO output.FileOutputCommitter: File Output Committer Algorithm version is 2
2025-06-08 12:02:33,832 INFO output.FileOutputCommitter: FileOutputCommitter skip cleanup _temporary folders under output directory:false, ignore cleanup failures: false
2025-06-08 12:02:33,855 INFO mapred.Task:  Using ResourceCalculatorProcessTree : [ ]
2025-06-08 12:02:33,868 INFO mapred.MapTask: Processing split: hdfs://localhost:9000/user/emilia/input/cleaned_pruned_used_cars_data_1percent.csv:0+86595809
2025-06-08 12:02:33,896 INFO mapred.MapTask: numReduceTasks: 1
2025-06-08 12:02:33,969 INFO mapred.MapTask: (EQUATOR) 0 kvi 26214396(104857584)
2025-06-08 12:02:33,969 INFO mapred.MapTask: mapreduce.task.io.sort.mb: 100
2025-06-08 12:02:33,969 INFO mapred.MapTask: soft limit at 83886080
2025-06-08 12:02:33,969 INFO mapred.MapTask: bufstart = 0; bufvoid = 104857600
2025-06-08 12:02:33,969 INFO mapred.MapTask: kvstart = 26214396; length = 6553600
2025-06-08 12:02:33,974 INFO mapred.MapTask: Map output collector class = org.apache.hadoop.mapred.MapTask$MapOutputBuffer
2025-06-08 12:02:33,983 INFO streaming.PipeMapRed: PipeMapRed exec [/home/emilia/Documents/big-data/progetto/task_2/mapreduce/./mapper.py]
2025-06-08 12:02:33,991 INFO Configuration.deprecation: mapred.work.output.dir is deprecated. Instead, use mapreduce.task.output.dir
2025-06-08 12:02:33,995 INFO Configuration.deprecation: mapred.local.dir is deprecated. Instead, use mapreduce.cluster.local.dir
2025-06-08 12:02:33,995 INFO Configuration.deprecation: map.input.file is deprecated. Instead, use mapreduce.map.input.file
2025-06-08 12:02:33,996 INFO Configuration.deprecation: map.input.length is deprecated. Instead, use mapreduce.map.input.length
2025-06-08 12:02:33,997 INFO Configuration.deprecation: mapred.job.id is deprecated. Instead, use mapreduce.job.id
2025-06-08 12:02:33,997 INFO Configuration.deprecation: mapred.task.partition is deprecated. Instead, use mapreduce.task.partition
2025-06-08 12:02:34,000 INFO Configuration.deprecation: map.input.start is deprecated. Instead, use mapreduce.map.input.start
2025-06-08 12:02:34,001 INFO Configuration.deprecation: mapred.task.is.map is deprecated. Instead, use mapreduce.task.ismap
2025-06-08 12:02:34,001 INFO Configuration.deprecation: mapred.task.id is deprecated. Instead, use mapreduce.task.attempt.id
2025-06-08 12:02:34,002 INFO Configuration.deprecation: mapred.tip.id is deprecated. Instead, use mapreduce.task.id
2025-06-08 12:02:34,004 INFO Configuration.deprecation: mapred.skip.on is deprecated. Instead, use mapreduce.job.skiprecords
2025-06-08 12:02:34,005 INFO Configuration.deprecation: user.name is deprecated. Instead, use mapreduce.job.user.name
2025-06-08 12:02:34,222 INFO streaming.PipeMapRed: R/W/S=1/0/0 in:NA [rec/s] out:NA [rec/s]
2025-06-08 12:02:34,223 INFO streaming.PipeMapRed: R/W/S=10/0/0 in:NA [rec/s] out:NA [rec/s]
2025-06-08 12:02:34,245 INFO streaming.PipeMapRed: Records R/W=83/1
2025-06-08 12:02:34,249 INFO streaming.PipeMapRed: R/W/S=100/24/0 in:NA [rec/s] out:NA [rec/s]
2025-06-08 12:02:34,355 INFO streaming.PipeMapRed: R/W/S=1000/936/0 in:NA [rec/s] out:NA [rec/s]
2025-06-08 12:02:34,668 INFO mapreduce.Job: Job job_local1018164393_0001 running in uber mode : false
2025-06-08 12:02:34,670 INFO mapreduce.Job:  map 0% reduce 0%
2025-06-08 12:02:34,707 INFO streaming.PipeMapRed: R/W/S=10000/9943/0 in:NA [rec/s] out:NA [rec/s]
2025-06-08 12:02:35,235 INFO mapred.MapTask: Spilling map output
2025-06-08 12:02:35,235 INFO mapred.MapTask: bufstart = 0; bufend = 83428979; bufvoid = 104857600
2025-06-08 12:02:35,235 INFO mapred.MapTask: kvstart = 26214396(104857584); kvend = 26099480(104397920); length = 114917/6553600
2025-06-08 12:02:35,235 INFO mapred.MapTask: (EQUATOR) 83543907 kvi 20885972(83543888)
2025-06-08 12:02:35,276 INFO streaming.PipeMapRed: MRErrorThread done
2025-06-08 12:02:35,277 INFO streaming.PipeMapRed: mapRedFinished
2025-06-08 12:02:35,281 INFO mapred.LocalJobRunner: 
2025-06-08 12:02:35,281 INFO mapred.MapTask: Starting flush of map output
2025-06-08 12:02:35,678 INFO mapred.MapTask: Finished spill 0
2025-06-08 12:02:35,688 INFO mapred.MapTask: (RESET) equator 83543907 kv 20885972(83543888) kvi 20880896(83523584)
2025-06-08 12:02:35,688 INFO mapred.MapTask: Spilling map output
2025-06-08 12:02:35,688 INFO mapred.MapTask: bufstart = 83543907; bufend = 85955721; bufvoid = 104857600
2025-06-08 12:02:35,688 INFO mapred.MapTask: kvstart = 20885972(83543888); kvend = 20880900(83523600); length = 5073/6553600
2025-06-08 12:02:35,700 INFO mapred.MapTask: Finished spill 1
2025-06-08 12:02:35,715 INFO mapred.Merger: Merging 2 sorted segments
2025-06-08 12:02:35,722 INFO mapred.Merger: Down to the last merge-pass, with 2 segments left of total size: 85958543 bytes
2025-06-08 12:02:36,252 INFO mapred.Task: Task:attempt_local1018164393_0001_m_000000_0 is done. And is in the process of committing
2025-06-08 12:02:36,257 INFO mapred.LocalJobRunner: Records R/W=83/1 > sort
2025-06-08 12:02:36,257 INFO mapred.Task: Task 'attempt_local1018164393_0001_m_000000_0' done.
2025-06-08 12:02:36,267 INFO mapred.Task: Final Counters for attempt_local1018164393_0001_m_000000_0: Counters: 23
	File System Counters
		FILE: Number of bytes read=86099994
		FILE: Number of bytes written=172781001
		FILE: Number of read operations=0
		FILE: Number of large read operations=0
		FILE: Number of write operations=0
		HDFS: Number of bytes read=86595809
		HDFS: Number of bytes written=0
		HDFS: Number of read operations=5
		HDFS: Number of large read operations=0
		HDFS: Number of write operations=1
		HDFS: Number of bytes read erasure-coded=0
	Map-Reduce Framework
		Map input records=30000
		Map output records=29999
		Map output bytes=85840793
		Map output materialized bytes=85958558
		Input split bytes=134
		Combine input records=0
		Spilled Records=59998
		Failed Shuffles=0
		Merged Map outputs=0
		GC time elapsed (ms)=36
		Total committed heap usage (bytes)=190840832
	File Input Format Counters 
		Bytes Read=86595809
2025-06-08 12:02:36,267 INFO mapred.LocalJobRunner: Finishing task: attempt_local1018164393_0001_m_000000_0
2025-06-08 12:02:36,268 INFO mapred.LocalJobRunner: map task executor complete.
2025-06-08 12:02:36,273 INFO mapred.LocalJobRunner: Waiting for reduce tasks
2025-06-08 12:02:36,273 INFO mapred.LocalJobRunner: Starting task: attempt_local1018164393_0001_r_000000_0
2025-06-08 12:02:36,285 INFO output.FileOutputCommitter: File Output Committer Algorithm version is 2
2025-06-08 12:02:36,285 INFO output.FileOutputCommitter: FileOutputCommitter skip cleanup _temporary folders under output directory:false, ignore cleanup failures: false
2025-06-08 12:02:36,285 INFO mapred.Task:  Using ResourceCalculatorProcessTree : [ ]
2025-06-08 12:02:36,289 INFO mapred.ReduceTask: Using ShuffleConsumerPlugin: org.apache.hadoop.mapreduce.task.reduce.Shuffle@353fb6a
2025-06-08 12:02:36,291 WARN impl.MetricsSystemImpl: JobTracker metrics system already initialized!
2025-06-08 12:02:36,314 INFO reduce.MergeManagerImpl: MergerManager: memoryLimit=1407818112, maxSingleShuffleLimit=351954528, mergeThreshold=929160000, ioSortFactor=10, memToMemMergeOutputsThreshold=10
2025-06-08 12:02:36,318 INFO reduce.EventFetcher: attempt_local1018164393_0001_r_000000_0 Thread started: EventFetcher for fetching Map Completion Events
2025-06-08 12:02:36,381 INFO reduce.LocalFetcher: localfetcher#1 about to shuffle output of map attempt_local1018164393_0001_m_000000_0 decomp: 85958554 len: 85958558 to MEMORY
2025-06-08 12:02:36,482 INFO reduce.InMemoryMapOutput: Read 85958554 bytes from map-output for attempt_local1018164393_0001_m_000000_0
2025-06-08 12:02:36,485 INFO reduce.MergeManagerImpl: closeInMemoryFile -> map-output of size: 85958554, inMemoryMapOutputs.size() -> 1, commitMemory -> 0, usedMemory ->85958554
2025-06-08 12:02:36,487 INFO reduce.EventFetcher: EventFetcher is interrupted.. Returning
2025-06-08 12:02:36,488 INFO mapred.LocalJobRunner: 1 / 1 copied.
2025-06-08 12:02:36,488 INFO reduce.MergeManagerImpl: finalMerge called with 1 in-memory map-outputs and 0 on-disk map-outputs
2025-06-08 12:02:36,490 INFO mapred.Merger: Merging 1 sorted segments
2025-06-08 12:02:36,491 INFO mapred.Merger: Down to the last merge-pass, with 1 segments left of total size: 85958544 bytes
2025-06-08 12:02:36,688 INFO mapreduce.Job:  map 100% reduce 0%
2025-06-08 12:02:36,877 INFO reduce.MergeManagerImpl: Merged 1 segments, 85958554 bytes to disk to satisfy reduce memory limit
2025-06-08 12:02:36,877 INFO reduce.MergeManagerImpl: Merging 1 files, 85958558 bytes from disk
2025-06-08 12:02:36,878 INFO reduce.MergeManagerImpl: Merging 0 segments, 0 bytes from memory into reduce
2025-06-08 12:02:36,878 INFO mapred.Merger: Merging 1 sorted segments
2025-06-08 12:02:36,879 INFO mapred.Merger: Down to the last merge-pass, with 1 segments left of total size: 85958544 bytes
2025-06-08 12:02:36,880 INFO mapred.LocalJobRunner: 1 / 1 copied.
2025-06-08 12:02:36,885 INFO streaming.PipeMapRed: PipeMapRed exec [/home/emilia/Documents/big-data/progetto/task_2/mapreduce/./reducer.py]
2025-06-08 12:02:36,890 INFO Configuration.deprecation: mapred.job.tracker is deprecated. Instead, use mapreduce.jobtracker.address
2025-06-08 12:02:36,893 INFO Configuration.deprecation: mapred.map.tasks is deprecated. Instead, use mapreduce.job.maps
2025-06-08 12:02:36,952 INFO streaming.PipeMapRed: R/W/S=1/0/0 in:NA [rec/s] out:NA [rec/s]
2025-06-08 12:02:36,953 INFO streaming.PipeMapRed: R/W/S=10/0/0 in:NA [rec/s] out:NA [rec/s]
2025-06-08 12:02:36,954 INFO streaming.PipeMapRed: R/W/S=100/0/0 in:NA [rec/s] out:NA [rec/s]
2025-06-08 12:02:37,321 INFO streaming.PipeMapRed: R/W/S=1000/0/0 in:NA [rec/s] out:NA [rec/s]
2025-06-08 12:02:40,220 INFO streaming.PipeMapRed: R/W/S=10000/0/0 in:3333=10000/3 [rec/s] out:0=0/3 [rec/s]
2025-06-08 12:02:47,415 INFO streaming.PipeMapRed: Records R/W=29999/1
2025-06-08 12:02:47,804 INFO streaming.PipeMapRed: MRErrorThread done
2025-06-08 12:02:47,805 INFO streaming.PipeMapRed: mapRedFinished
2025-06-08 12:02:47,820 INFO mapred.Task: Task:attempt_local1018164393_0001_r_000000_0 is done. And is in the process of committing
2025-06-08 12:02:47,824 INFO mapred.LocalJobRunner: 1 / 1 copied.
2025-06-08 12:02:47,824 INFO mapred.Task: Task attempt_local1018164393_0001_r_000000_0 is allowed to commit now
2025-06-08 12:02:47,856 INFO output.FileOutputCommitter: Saved output of task 'attempt_local1018164393_0001_r_000000_0' to hdfs://localhost:9000/user/emilia/output/cleaned_pruned_used_cars_data_1percent_task2_mapreduce_result
2025-06-08 12:02:47,858 INFO mapred.LocalJobRunner: Records R/W=29999/1 > reduce
2025-06-08 12:02:47,858 INFO mapred.Task: Task 'attempt_local1018164393_0001_r_000000_0' done.
2025-06-08 12:02:47,859 INFO mapred.Task: Final Counters for attempt_local1018164393_0001_r_000000_0: Counters: 30
	File System Counters
		FILE: Number of bytes read=258017142
		FILE: Number of bytes written=258739559
		FILE: Number of read operations=0
		FILE: Number of large read operations=0
		FILE: Number of write operations=0
		HDFS: Number of bytes read=86595809
		HDFS: Number of bytes written=314767
		HDFS: Number of read operations=10
		HDFS: Number of large read operations=0
		HDFS: Number of write operations=3
		HDFS: Number of bytes read erasure-coded=0
	Map-Reduce Framework
		Combine input records=0
		Combine output records=0
		Reduce input groups=186
		Reduce shuffle bytes=85958558
		Reduce input records=29999
		Reduce output records=6012
		Spilled Records=29999
		Shuffled Maps =1
		Failed Shuffles=0
		Merged Map outputs=1
		GC time elapsed (ms)=4
		Total committed heap usage (bytes)=190840832
	Shuffle Errors
		BAD_ID=0
		CONNECTION=0
		IO_ERROR=0
		WRONG_LENGTH=0
		WRONG_MAP=0
		WRONG_REDUCE=0
	File Output Format Counters 
		Bytes Written=314767
2025-06-08 12:02:47,859 INFO mapred.LocalJobRunner: Finishing task: attempt_local1018164393_0001_r_000000_0
2025-06-08 12:02:47,860 INFO mapred.LocalJobRunner: reduce task executor complete.
2025-06-08 12:02:48,696 INFO mapreduce.Job:  map 100% reduce 100%
2025-06-08 12:02:48,696 INFO mapreduce.Job: Job job_local1018164393_0001 completed successfully
2025-06-08 12:02:48,709 INFO mapreduce.Job: Counters: 36
	File System Counters
		FILE: Number of bytes read=344117136
		FILE: Number of bytes written=431520560
		FILE: Number of read operations=0
		FILE: Number of large read operations=0
		FILE: Number of write operations=0
		HDFS: Number of bytes read=173191618
		HDFS: Number of bytes written=314767
		HDFS: Number of read operations=15
		HDFS: Number of large read operations=0
		HDFS: Number of write operations=4
		HDFS: Number of bytes read erasure-coded=0
	Map-Reduce Framework
		Map input records=30000
		Map output records=29999
		Map output bytes=85840793
		Map output materialized bytes=85958558
		Input split bytes=134
		Combine input records=0
		Combine output records=0
		Reduce input groups=186
		Reduce shuffle bytes=85958558
		Reduce input records=29999
		Reduce output records=6012
		Spilled Records=89997
		Shuffled Maps =1
		Failed Shuffles=0
		Merged Map outputs=1
		GC time elapsed (ms)=40
		Total committed heap usage (bytes)=381681664
	Shuffle Errors
		BAD_ID=0
		CONNECTION=0
		IO_ERROR=0
		WRONG_LENGTH=0
		WRONG_MAP=0
		WRONG_REDUCE=0
	File Input Format Counters 
		Bytes Read=86595809
	File Output Format Counters 
		Bytes Written=314767
2025-06-08 12:02:48,709 INFO streaming.StreamJob: Output directory: /user/emilia/output/cleaned_pruned_used_cars_data_1percent_task2_mapreduce_result
