2025-06-08 12:04:10,697 INFO impl.MetricsConfig: Loaded properties from hadoop-metrics2.properties
2025-06-08 12:04:10,852 INFO impl.MetricsSystemImpl: Scheduled Metric snapshot period at 10 second(s).
2025-06-08 12:04:10,852 INFO impl.MetricsSystemImpl: JobTracker metrics system started
2025-06-08 12:04:10,875 WARN impl.MetricsSystemImpl: JobTracker metrics system already initialized!
2025-06-08 12:04:11,282 INFO mapred.FileInputFormat: Total input files to process : 1
2025-06-08 12:04:11,382 INFO mapreduce.JobSubmitter: number of splits:12
2025-06-08 12:04:11,668 INFO mapreduce.JobSubmitter: Submitting tokens for job: job_local1415488240_0001
2025-06-08 12:04:11,668 INFO mapreduce.JobSubmitter: Executing with tokens: []
2025-06-08 12:04:11,897 INFO mapreduce.Job: The url to track the job: http://localhost:8080/
2025-06-08 12:04:11,900 INFO mapred.LocalJobRunner: OutputCommitter set in config null
2025-06-08 12:04:11,901 INFO mapreduce.Job: Running job: job_local1415488240_0001
2025-06-08 12:04:11,904 INFO mapred.LocalJobRunner: OutputCommitter is org.apache.hadoop.mapred.FileOutputCommitter
2025-06-08 12:04:11,912 INFO output.FileOutputCommitter: File Output Committer Algorithm version is 2
2025-06-08 12:04:11,912 INFO output.FileOutputCommitter: FileOutputCommitter skip cleanup _temporary folders under output directory:false, ignore cleanup failures: false
2025-06-08 12:04:12,033 INFO mapred.LocalJobRunner: Waiting for map tasks
2025-06-08 12:04:12,037 INFO mapred.LocalJobRunner: Starting task: attempt_local1415488240_0001_m_000000_0
2025-06-08 12:04:12,070 INFO output.FileOutputCommitter: File Output Committer Algorithm version is 2
2025-06-08 12:04:12,071 INFO output.FileOutputCommitter: FileOutputCommitter skip cleanup _temporary folders under output directory:false, ignore cleanup failures: false
2025-06-08 12:04:12,091 INFO mapred.Task:  Using ResourceCalculatorProcessTree : [ ]
2025-06-08 12:04:12,101 INFO mapred.MapTask: Processing split: hdfs://localhost:9000/user/emilia/input/cleaned_pruned_used_cars_data_20percent.csv:0+134217728
2025-06-08 12:04:12,127 INFO mapred.MapTask: numReduceTasks: 1
2025-06-08 12:04:12,190 INFO mapred.MapTask: (EQUATOR) 0 kvi 26214396(104857584)
2025-06-08 12:04:12,190 INFO mapred.MapTask: mapreduce.task.io.sort.mb: 100
2025-06-08 12:04:12,190 INFO mapred.MapTask: soft limit at 83886080
2025-06-08 12:04:12,190 INFO mapred.MapTask: bufstart = 0; bufvoid = 104857600
2025-06-08 12:04:12,190 INFO mapred.MapTask: kvstart = 26214396; length = 6553600
2025-06-08 12:04:12,193 INFO mapred.MapTask: Map output collector class = org.apache.hadoop.mapred.MapTask$MapOutputBuffer
2025-06-08 12:04:12,207 INFO streaming.PipeMapRed: PipeMapRed exec [/home/emilia/Documents/big-data/progetto/task_2/mapreduce/./mapper.py]
2025-06-08 12:04:12,215 INFO Configuration.deprecation: mapred.work.output.dir is deprecated. Instead, use mapreduce.task.output.dir
2025-06-08 12:04:12,218 INFO Configuration.deprecation: mapred.local.dir is deprecated. Instead, use mapreduce.cluster.local.dir
2025-06-08 12:04:12,218 INFO Configuration.deprecation: map.input.file is deprecated. Instead, use mapreduce.map.input.file
2025-06-08 12:04:12,219 INFO Configuration.deprecation: map.input.length is deprecated. Instead, use mapreduce.map.input.length
2025-06-08 12:04:12,219 INFO Configuration.deprecation: mapred.job.id is deprecated. Instead, use mapreduce.job.id
2025-06-08 12:04:12,220 INFO Configuration.deprecation: mapred.task.partition is deprecated. Instead, use mapreduce.task.partition
2025-06-08 12:04:12,222 INFO Configuration.deprecation: map.input.start is deprecated. Instead, use mapreduce.map.input.start
2025-06-08 12:04:12,223 INFO Configuration.deprecation: mapred.task.is.map is deprecated. Instead, use mapreduce.task.ismap
2025-06-08 12:04:12,223 INFO Configuration.deprecation: mapred.task.id is deprecated. Instead, use mapreduce.task.attempt.id
2025-06-08 12:04:12,224 INFO Configuration.deprecation: mapred.tip.id is deprecated. Instead, use mapreduce.task.id
2025-06-08 12:04:12,225 INFO Configuration.deprecation: mapred.skip.on is deprecated. Instead, use mapreduce.job.skiprecords
2025-06-08 12:04:12,226 INFO Configuration.deprecation: user.name is deprecated. Instead, use mapreduce.job.user.name
2025-06-08 12:04:12,391 INFO streaming.PipeMapRed: R/W/S=1/0/0 in:NA [rec/s] out:NA [rec/s]
2025-06-08 12:04:12,391 INFO streaming.PipeMapRed: R/W/S=10/0/0 in:NA [rec/s] out:NA [rec/s]
2025-06-08 12:04:12,404 INFO streaming.PipeMapRed: R/W/S=100/0/0 in:NA [rec/s] out:NA [rec/s]
2025-06-08 12:04:12,407 INFO streaming.PipeMapRed: Records R/W=105/1
2025-06-08 12:04:12,526 INFO streaming.PipeMapRed: R/W/S=1000/936/0 in:NA [rec/s] out:NA [rec/s]
2025-06-08 12:04:12,842 INFO streaming.PipeMapRed: R/W/S=10000/9955/0 in:NA [rec/s] out:NA [rec/s]
2025-06-08 12:04:12,920 INFO mapreduce.Job: Job job_local1415488240_0001 running in uber mode : false
2025-06-08 12:04:12,922 INFO mapreduce.Job:  map 0% reduce 0%
2025-06-08 12:04:13,304 INFO mapred.MapTask: Spilling map output
2025-06-08 12:04:13,304 INFO mapred.MapTask: bufstart = 0; bufend = 83428979; bufvoid = 104857600
2025-06-08 12:04:13,304 INFO mapred.MapTask: kvstart = 26214396(104857584); kvend = 26099480(104397920); length = 114917/6553600
2025-06-08 12:04:13,305 INFO mapred.MapTask: (EQUATOR) 83543907 kvi 20885972(83543888)
2025-06-08 12:04:13,885 INFO mapred.MapTask: Finished spill 0
2025-06-08 12:04:13,886 INFO mapred.MapTask: (RESET) equator 83543907 kv 20885972(83543888) kvi 20857252(83429008)
2025-06-08 12:04:14,258 INFO streaming.PipeMapRed: MRErrorThread done
2025-06-08 12:04:14,259 INFO streaming.PipeMapRed: mapRedFinished
2025-06-08 12:04:14,262 INFO mapred.LocalJobRunner: 
2025-06-08 12:04:14,263 INFO mapred.MapTask: Starting flush of map output
2025-06-08 12:04:14,263 INFO mapred.MapTask: Spilling map output
2025-06-08 12:04:14,263 INFO mapred.MapTask: bufstart = 83543907; bufend = 28294705; bufvoid = 104857600
2025-06-08 12:04:14,263 INFO mapred.MapTask: kvstart = 20885972(83543888); kvend = 20813160(83252640); length = 72813/6553600
2025-06-08 12:04:14,462 INFO mapred.MapTask: Finished spill 1
2025-06-08 12:04:14,469 INFO mapred.Merger: Merging 2 sorted segments
2025-06-08 12:04:14,476 INFO mapred.Merger: Down to the last merge-pass, with 2 segments left of total size: 133220514 bytes
2025-06-08 12:04:15,241 INFO mapred.Task: Task:attempt_local1415488240_0001_m_000000_0 is done. And is in the process of committing
2025-06-08 12:04:15,246 INFO mapred.LocalJobRunner: Records R/W=105/1 > sort
2025-06-08 12:04:15,246 INFO mapred.Task: Task 'attempt_local1415488240_0001_m_000000_0' done.
2025-06-08 12:04:15,259 INFO mapred.Task: Final Counters for attempt_local1415488240_0001_m_000000_0: Counters: 23
	File System Counters
		FILE: Number of bytes read=133363638
		FILE: Number of bytes written=267306622
		FILE: Number of read operations=0
		FILE: Number of large read operations=0
		FILE: Number of write operations=0
		HDFS: Number of bytes read=134221824
		HDFS: Number of bytes written=0
		HDFS: Number of read operations=5
		HDFS: Number of large read operations=0
		HDFS: Number of write operations=1
		HDFS: Number of bytes read erasure-coded=0
	Map-Reduce Framework
		Map input records=46935
		Map output records=46934
		Map output bytes=133037377
		Map output materialized bytes=133220529
		Input split bytes=135
		Combine input records=0
		Spilled Records=93868
		Failed Shuffles=0
		Merged Map outputs=0
		GC time elapsed (ms)=73
		Total committed heap usage (bytes)=193986560
	File Input Format Counters 
		Bytes Read=134221824
2025-06-08 12:04:15,259 INFO mapred.LocalJobRunner: Finishing task: attempt_local1415488240_0001_m_000000_0
2025-06-08 12:04:15,260 INFO mapred.LocalJobRunner: Starting task: attempt_local1415488240_0001_m_000001_0
2025-06-08 12:04:15,262 INFO output.FileOutputCommitter: File Output Committer Algorithm version is 2
2025-06-08 12:04:15,262 INFO output.FileOutputCommitter: FileOutputCommitter skip cleanup _temporary folders under output directory:false, ignore cleanup failures: false
2025-06-08 12:04:15,263 INFO mapred.Task:  Using ResourceCalculatorProcessTree : [ ]
2025-06-08 12:04:15,265 INFO mapred.MapTask: Processing split: hdfs://localhost:9000/user/emilia/input/cleaned_pruned_used_cars_data_20percent.csv:134217728+134217728
2025-06-08 12:04:15,276 INFO mapred.MapTask: numReduceTasks: 1
2025-06-08 12:04:15,354 INFO mapred.MapTask: (EQUATOR) 0 kvi 26214396(104857584)
2025-06-08 12:04:15,354 INFO mapred.MapTask: mapreduce.task.io.sort.mb: 100
2025-06-08 12:04:15,354 INFO mapred.MapTask: soft limit at 83886080
2025-06-08 12:04:15,354 INFO mapred.MapTask: bufstart = 0; bufvoid = 104857600
2025-06-08 12:04:15,354 INFO mapred.MapTask: kvstart = 26214396; length = 6553600
2025-06-08 12:04:15,355 INFO mapred.MapTask: Map output collector class = org.apache.hadoop.mapred.MapTask$MapOutputBuffer
2025-06-08 12:04:15,362 INFO streaming.PipeMapRed: PipeMapRed exec [/home/emilia/Documents/big-data/progetto/task_2/mapreduce/./mapper.py]
2025-06-08 12:04:15,378 INFO streaming.PipeMapRed: R/W/S=1/0/0 in:NA [rec/s] out:NA [rec/s]
2025-06-08 12:04:15,379 INFO streaming.PipeMapRed: R/W/S=10/0/0 in:NA [rec/s] out:NA [rec/s]
2025-06-08 12:04:15,408 INFO streaming.PipeMapRed: Records R/W=39/1
2025-06-08 12:04:15,433 INFO streaming.PipeMapRed: R/W/S=100/73/0 in:NA [rec/s] out:NA [rec/s]
2025-06-08 12:04:15,480 INFO streaming.PipeMapRed: R/W/S=1000/968/0 in:NA [rec/s] out:NA [rec/s]
2025-06-08 12:04:15,693 INFO streaming.PipeMapRed: R/W/S=10000/9952/0 in:NA [rec/s] out:NA [rec/s]
2025-06-08 12:04:15,927 INFO mapreduce.Job:  map 100% reduce 0%
2025-06-08 12:04:16,101 INFO mapred.MapTask: Spilling map output
2025-06-08 12:04:16,101 INFO mapred.MapTask: bufstart = 0; bufend = 83412907; bufvoid = 104857600
2025-06-08 12:04:16,101 INFO mapred.MapTask: kvstart = 26214396(104857584); kvend = 26095228(104380912); length = 119169/6553600
2025-06-08 12:04:16,102 INFO mapred.MapTask: (EQUATOR) 83532075 kvi 20883012(83532048)
2025-06-08 12:04:16,477 INFO mapred.MapTask: Finished spill 0
2025-06-08 12:04:16,478 INFO mapred.MapTask: (RESET) equator 83532075 kv 20883012(83532048) kvi 20853232(83412928)
2025-06-08 12:04:16,745 INFO streaming.PipeMapRed: MRErrorThread done
2025-06-08 12:04:16,746 INFO streaming.PipeMapRed: mapRedFinished
2025-06-08 12:04:16,746 INFO mapred.LocalJobRunner: 
2025-06-08 12:04:16,746 INFO mapred.MapTask: Starting flush of map output
2025-06-08 12:04:16,746 INFO mapred.MapTask: Spilling map output
2025-06-08 12:04:16,746 INFO mapred.MapTask: bufstart = 83532075; bufend = 28201360; bufvoid = 104857600
2025-06-08 12:04:16,746 INFO mapred.MapTask: kvstart = 20883012(83532048); kvend = 20802508(83210032); length = 80505/6553600
2025-06-08 12:04:16,928 INFO mapreduce.Job:  map 8% reduce 0%
2025-06-08 12:04:16,950 INFO mapred.MapTask: Finished spill 1
2025-06-08 12:04:16,953 INFO mapred.Merger: Merging 2 sorted segments
2025-06-08 12:04:16,954 INFO mapred.Merger: Down to the last merge-pass, with 2 segments left of total size: 133136600 bytes
2025-06-08 12:04:17,664 INFO mapred.Task: Task:attempt_local1415488240_0001_m_000001_0 is done. And is in the process of committing
2025-06-08 12:04:17,668 INFO mapred.LocalJobRunner: Records R/W=39/1 > sort
2025-06-08 12:04:17,668 INFO mapred.Task: Task 'attempt_local1415488240_0001_m_000001_0' done.
2025-06-08 12:04:17,669 INFO mapred.Task: Final Counters for attempt_local1415488240_0001_m_000001_0: Counters: 23
	File System Counters
		FILE: Number of bytes read=266501913
		FILE: Number of bytes written=533579896
		FILE: Number of read operations=0
		FILE: Number of large read operations=0
		FILE: Number of write operations=0
		HDFS: Number of bytes read=268443648
		HDFS: Number of bytes written=0
		HDFS: Number of read operations=7
		HDFS: Number of large read operations=0
		HDFS: Number of write operations=1
		HDFS: Number of bytes read erasure-coded=0
	Map-Reduce Framework
		Map input records=49921
		Map output records=49920
		Map output bytes=132939792
		Map output materialized bytes=133136618
		Input split bytes=135
		Combine input records=0
		Spilled Records=99840
		Failed Shuffles=0
		Merged Map outputs=0
		GC time elapsed (ms)=4
		Total committed heap usage (bytes)=299892736
	File Input Format Counters 
		Bytes Read=134221824
2025-06-08 12:04:17,669 INFO mapred.LocalJobRunner: Finishing task: attempt_local1415488240_0001_m_000001_0
2025-06-08 12:04:17,669 INFO mapred.LocalJobRunner: Starting task: attempt_local1415488240_0001_m_000002_0
2025-06-08 12:04:17,671 INFO output.FileOutputCommitter: File Output Committer Algorithm version is 2
2025-06-08 12:04:17,671 INFO output.FileOutputCommitter: FileOutputCommitter skip cleanup _temporary folders under output directory:false, ignore cleanup failures: false
2025-06-08 12:04:17,672 INFO mapred.Task:  Using ResourceCalculatorProcessTree : [ ]
2025-06-08 12:04:17,674 INFO mapred.MapTask: Processing split: hdfs://localhost:9000/user/emilia/input/cleaned_pruned_used_cars_data_20percent.csv:268435456+134217728
2025-06-08 12:04:17,684 INFO mapred.MapTask: numReduceTasks: 1
2025-06-08 12:04:17,699 INFO mapred.MapTask: (EQUATOR) 0 kvi 26214396(104857584)
2025-06-08 12:04:17,699 INFO mapred.MapTask: mapreduce.task.io.sort.mb: 100
2025-06-08 12:04:17,699 INFO mapred.MapTask: soft limit at 83886080
2025-06-08 12:04:17,699 INFO mapred.MapTask: bufstart = 0; bufvoid = 104857600
2025-06-08 12:04:17,699 INFO mapred.MapTask: kvstart = 26214396; length = 6553600
2025-06-08 12:04:17,699 INFO mapred.MapTask: Map output collector class = org.apache.hadoop.mapred.MapTask$MapOutputBuffer
2025-06-08 12:04:17,703 INFO streaming.PipeMapRed: PipeMapRed exec [/home/emilia/Documents/big-data/progetto/task_2/mapreduce/./mapper.py]
2025-06-08 12:04:17,720 INFO streaming.PipeMapRed: R/W/S=1/0/0 in:NA [rec/s] out:NA [rec/s]
2025-06-08 12:04:17,720 INFO streaming.PipeMapRed: R/W/S=10/0/0 in:NA [rec/s] out:NA [rec/s]
2025-06-08 12:04:17,750 INFO streaming.PipeMapRed: Records R/W=41/1
2025-06-08 12:04:17,752 INFO streaming.PipeMapRed: R/W/S=100/75/0 in:NA [rec/s] out:NA [rec/s]
2025-06-08 12:04:17,777 INFO streaming.PipeMapRed: R/W/S=1000/956/0 in:NA [rec/s] out:NA [rec/s]
2025-06-08 12:04:17,929 INFO mapreduce.Job:  map 100% reduce 0%
2025-06-08 12:04:17,967 INFO streaming.PipeMapRed: R/W/S=10000/9961/0 in:NA [rec/s] out:NA [rec/s]
2025-06-08 12:04:18,431 INFO mapred.MapTask: Spilling map output
2025-06-08 12:04:18,431 INFO mapred.MapTask: bufstart = 0; bufend = 83336780; bufvoid = 104857600
2025-06-08 12:04:18,431 INFO mapred.MapTask: kvstart = 26214396(104857584); kvend = 26076896(104307584); length = 137501/6553600
2025-06-08 12:04:18,431 INFO mapred.MapTask: (EQUATOR) 83474284 kvi 20868564(83474256)
2025-06-08 12:04:18,855 INFO mapred.MapTask: Finished spill 0
2025-06-08 12:04:18,856 INFO mapred.MapTask: (RESET) equator 83474284 kv 20868564(83474256) kvi 20835804(83343216)
Error processing line: edmond,12,private seller, i am not a dealer, no financing and not interested in trades**
Error: list index out of range
Error processing line: ,6200.0,4000,chevrolet,camaro,17800.0,2013
Error: list index out of range
Error processing line: doylestown,22,car great shape, very low mileage, recently inspected, brand new alternator installed. hardtop convertible works perfectly. clean car fax everything works.
Error: list index out of range
Error processing line: fort lauderdale,15,sold new for 153,000! hard top convertible! fully loaded! 0 issues with the car! garaged everyday during ownership. black on black/anthracite leather. options list includes:
Error: list index out of range
Error processing line: car had minor rear accident during 1st owner's tenure - rear bumper was completely replaced by a dealership. ,5500.0,5300,mercedes-benz,sl-class,48000.0,2013
Error: list index out of range
2025-06-08 12:04:19,077 INFO streaming.PipeMapRed: MRErrorThread done
2025-06-08 12:04:19,078 INFO streaming.PipeMapRed: mapRedFinished
2025-06-08 12:04:19,079 INFO mapred.LocalJobRunner: 
2025-06-08 12:04:19,079 INFO mapred.MapTask: Starting flush of map output
2025-06-08 12:04:19,079 INFO mapred.MapTask: Spilling map output
2025-06-08 12:04:19,079 INFO mapred.MapTask: bufstart = 83474284; bufend = 28076136; bufvoid = 104857600
2025-06-08 12:04:19,079 INFO mapred.MapTask: kvstart = 20868564(83474256); kvend = 20785304(83141216); length = 83261/6553600
2025-06-08 12:04:19,270 INFO mapred.MapTask: Finished spill 1
2025-06-08 12:04:19,272 INFO mapred.Merger: Merging 2 sorted segments
2025-06-08 12:04:19,273 INFO mapred.Merger: Down to the last merge-pass, with 2 segments left of total size: 133013280 bytes
2025-06-08 12:04:19,930 INFO mapreduce.Job:  map 17% reduce 0%
2025-06-08 12:04:20,213 INFO mapred.Task: Task:attempt_local1415488240_0001_m_000002_0 is done. And is in the process of committing
2025-06-08 12:04:20,217 INFO mapred.LocalJobRunner: Records R/W=41/1 > sort
2025-06-08 12:04:20,217 INFO mapred.Task: Task 'attempt_local1415488240_0001_m_000002_0' done.
2025-06-08 12:04:20,218 INFO mapred.Task: Final Counters for attempt_local1415488240_0001_m_000002_0: Counters: 23
	File System Counters
		FILE: Number of bytes read=399516870
		FILE: Number of bytes written=799606534
		FILE: Number of read operations=0
		FILE: Number of large read operations=0
		FILE: Number of write operations=0
		HDFS: Number of bytes read=402665472
		HDFS: Number of bytes written=0
		HDFS: Number of read operations=9
		HDFS: Number of large read operations=0
		HDFS: Number of write operations=1
		HDFS: Number of bytes read erasure-coded=0
	Map-Reduce Framework
		Map input records=55198
		Map output records=55192
		Map output bytes=132796232
		Map output materialized bytes=133013300
		Input split bytes=135
		Combine input records=0
		Spilled Records=110384
		Failed Shuffles=0
		Merged Map outputs=0
		GC time elapsed (ms)=2
		Total committed heap usage (bytes)=299892736
	File Input Format Counters 
		Bytes Read=134221824
2025-06-08 12:04:20,218 INFO mapred.LocalJobRunner: Finishing task: attempt_local1415488240_0001_m_000002_0
2025-06-08 12:04:20,218 INFO mapred.LocalJobRunner: Starting task: attempt_local1415488240_0001_m_000003_0
2025-06-08 12:04:20,220 INFO output.FileOutputCommitter: File Output Committer Algorithm version is 2
2025-06-08 12:04:20,220 INFO output.FileOutputCommitter: FileOutputCommitter skip cleanup _temporary folders under output directory:false, ignore cleanup failures: false
2025-06-08 12:04:20,220 INFO mapred.Task:  Using ResourceCalculatorProcessTree : [ ]
2025-06-08 12:04:20,225 INFO mapred.MapTask: Processing split: hdfs://localhost:9000/user/emilia/input/cleaned_pruned_used_cars_data_20percent.csv:402653184+134217728
2025-06-08 12:04:20,234 INFO mapred.MapTask: numReduceTasks: 1
2025-06-08 12:04:20,243 INFO mapred.MapTask: (EQUATOR) 0 kvi 26214396(104857584)
2025-06-08 12:04:20,243 INFO mapred.MapTask: mapreduce.task.io.sort.mb: 100
2025-06-08 12:04:20,243 INFO mapred.MapTask: soft limit at 83886080
2025-06-08 12:04:20,243 INFO mapred.MapTask: bufstart = 0; bufvoid = 104857600
2025-06-08 12:04:20,243 INFO mapred.MapTask: kvstart = 26214396; length = 6553600
2025-06-08 12:04:20,244 INFO mapred.MapTask: Map output collector class = org.apache.hadoop.mapred.MapTask$MapOutputBuffer
2025-06-08 12:04:20,248 INFO streaming.PipeMapRed: PipeMapRed exec [/home/emilia/Documents/big-data/progetto/task_2/mapreduce/./mapper.py]
2025-06-08 12:04:20,270 INFO streaming.PipeMapRed: R/W/S=1/0/0 in:NA [rec/s] out:NA [rec/s]
2025-06-08 12:04:20,270 INFO streaming.PipeMapRed: R/W/S=10/0/0 in:NA [rec/s] out:NA [rec/s]
2025-06-08 12:04:20,299 INFO streaming.PipeMapRed: Records R/W=52/1
Error processing line: hesperia,15,toyota tundra sr double cab 57 4x4bluetooth, premium wheels,trd package, off-road package, tow package
Error: list index out of range
Error processing line: ,5700.0,3810,toyota,tundra,19750.0,2013
Error: list index out of range
2025-06-08 12:04:20,300 INFO streaming.PipeMapRed: R/W/S=100/75/0 in:NA [rec/s] out:NA [rec/s]
2025-06-08 12:04:20,321 INFO streaming.PipeMapRed: R/W/S=1000/945/0 in:NA [rec/s] out:NA [rec/s]
Error processing line: - optima redtop battery (moved to the trunk),4600.0,3200,ford,mustang svt cobra,14500.0,1999
Error: list index out of range
2025-06-08 12:04:20,490 INFO streaming.PipeMapRed: R/W/S=10000/9956/0 in:NA [rec/s] out:NA [rec/s]
Error processing line: malvern,42,selling 2018 audi q7 well equipped cool features this car amazing condition, inside and out and comes loaded with the following options and packages:
Error: list index out of range
Error processing line: ,3000.0,3330,audi,q7,38500.0,2018
Error: list index out of range
Error processing line: naples,299,2017 ferrari 488 gtbone of a kind, outstanding concourse condition,thousands dollars aftermarket performance mods, too much to list
Error: list index out of range
Error processing line: flushing,15,well taken care 2016 mustang gt premium performance pack premium sound system car recently serviced new tires, an alignment, and oil change. this car spent most of its life in the midwest and has very little nyc wear and tear on it.
Error: list index out of range
Error processing line: ,5000.0,4350,ford,mustang,32398.0,2016
Error: list index out of range
Error processing line: kissimmee,19,1999 ram 3500 cummins diesel laramie slt trim all custom built price is obo, feel free to make offers! email/text me anytime, happy to answer questions :)3zero4 or .
Error: list index out of range
Error processing line: - 100gal fuel cell with pump also included ,,,dodge,ram 3500,11500.0,1999
Error: list index out of range
Error processing line: utica,13,original owner, still under warranty until march 2021, low miles with a lot of options (loaded!). this is not your standard cts please see the options below and let me know if you have any questions.
Error: list index out of range
Error processing line: - v-sport package (sport brakes, suspension,wheels, all digital cluster)
Error: list index out of range
2025-06-08 12:04:20,908 INFO mapred.MapTask: Spilling map output
2025-06-08 12:04:20,908 INFO mapred.MapTask: bufstart = 0; bufend = 83362746; bufvoid = 104857600
2025-06-08 12:04:20,908 INFO mapred.MapTask: kvstart = 26214396(104857584); kvend = 26082660(104330640); length = 131737/6553600
2025-06-08 12:04:20,908 INFO mapred.MapTask: (EQUATOR) 83494458 kvi 20873608(83494432)
2025-06-08 12:04:20,931 INFO mapreduce.Job:  map 100% reduce 0%
Error processing line: new lebanon,100,15,500 obo
Error: list index out of range
2025-06-08 12:04:21,244 INFO mapred.MapTask: Finished spill 0
2025-06-08 12:04:21,244 INFO mapred.MapTask: (RESET) equator 83494458 kv 20873608(83494432) kvi 20840716(83362864)
2025-06-08 12:04:21,461 INFO streaming.PipeMapRed: MRErrorThread done
2025-06-08 12:04:21,462 INFO streaming.PipeMapRed: mapRedFinished
2025-06-08 12:04:21,462 INFO mapred.LocalJobRunner: 
2025-06-08 12:04:21,462 INFO mapred.MapTask: Starting flush of map output
2025-06-08 12:04:21,462 INFO mapred.MapTask: Spilling map output
2025-06-08 12:04:21,462 INFO mapred.MapTask: bufstart = 83494458; bufend = 28146234; bufvoid = 104857600
2025-06-08 12:04:21,462 INFO mapred.MapTask: kvstart = 20873608(83494432); kvend = 20794912(83179648); length = 78697/6553600
2025-06-08 12:04:21,664 INFO mapred.MapTask: Finished spill 1
2025-06-08 12:04:21,667 INFO mapred.Merger: Merging 2 sorted segments
2025-06-08 12:04:21,667 INFO mapred.Merger: Down to the last merge-pass, with 2 segments left of total size: 133078491 bytes
2025-06-08 12:04:21,931 INFO mapreduce.Job:  map 25% reduce 0%
2025-06-08 12:04:22,365 INFO mapred.Task: Task:attempt_local1415488240_0001_m_000003_0 is done. And is in the process of committing
2025-06-08 12:04:22,368 INFO mapred.LocalJobRunner: Records R/W=52/1 > sort
2025-06-08 12:04:22,368 INFO mapred.Task: Task 'attempt_local1415488240_0001_m_000003_0' done.
2025-06-08 12:04:22,369 INFO mapred.Task: Final Counters for attempt_local1415488240_0001_m_000003_0: Counters: 23
	File System Counters
		FILE: Number of bytes read=532597050
		FILE: Number of bytes written=1065763618
		FILE: Number of read operations=0
		FILE: Number of large read operations=0
		FILE: Number of write operations=0
		HDFS: Number of bytes read=536887296
		HDFS: Number of bytes written=0
		HDFS: Number of read operations=11
		HDFS: Number of large read operations=0
		HDFS: Number of write operations=1
		HDFS: Number of bytes read erasure-coded=0
	Map-Reduce Framework
		Map input records=52624
		Map output records=52610
		Map output bytes=132872122
		Map output materialized bytes=133078523
		Input split bytes=135
		Combine input records=0
		Spilled Records=105220
		Failed Shuffles=0
		Merged Map outputs=0
		GC time elapsed (ms)=3
		Total committed heap usage (bytes)=299892736
	File Input Format Counters 
		Bytes Read=134221824
2025-06-08 12:04:22,369 INFO mapred.LocalJobRunner: Finishing task: attempt_local1415488240_0001_m_000003_0
2025-06-08 12:04:22,369 INFO mapred.LocalJobRunner: Starting task: attempt_local1415488240_0001_m_000004_0
2025-06-08 12:04:22,371 INFO output.FileOutputCommitter: File Output Committer Algorithm version is 2
2025-06-08 12:04:22,371 INFO output.FileOutputCommitter: FileOutputCommitter skip cleanup _temporary folders under output directory:false, ignore cleanup failures: false
2025-06-08 12:04:22,372 INFO mapred.Task:  Using ResourceCalculatorProcessTree : [ ]
2025-06-08 12:04:22,374 INFO mapred.MapTask: Processing split: hdfs://localhost:9000/user/emilia/input/cleaned_pruned_used_cars_data_20percent.csv:536870912+134217728
2025-06-08 12:04:22,383 INFO mapred.MapTask: numReduceTasks: 1
2025-06-08 12:04:22,393 INFO mapred.MapTask: (EQUATOR) 0 kvi 26214396(104857584)
2025-06-08 12:04:22,393 INFO mapred.MapTask: mapreduce.task.io.sort.mb: 100
2025-06-08 12:04:22,393 INFO mapred.MapTask: soft limit at 83886080
2025-06-08 12:04:22,393 INFO mapred.MapTask: bufstart = 0; bufvoid = 104857600
2025-06-08 12:04:22,393 INFO mapred.MapTask: kvstart = 26214396; length = 6553600
2025-06-08 12:04:22,394 INFO mapred.MapTask: Map output collector class = org.apache.hadoop.mapred.MapTask$MapOutputBuffer
2025-06-08 12:04:22,399 INFO streaming.PipeMapRed: PipeMapRed exec [/home/emilia/Documents/big-data/progetto/task_2/mapreduce/./mapper.py]
2025-06-08 12:04:22,416 INFO streaming.PipeMapRed: R/W/S=1/0/0 in:NA [rec/s] out:NA [rec/s]
2025-06-08 12:04:22,416 INFO streaming.PipeMapRed: R/W/S=10/0/0 in:NA [rec/s] out:NA [rec/s]
2025-06-08 12:04:22,460 INFO streaming.PipeMapRed: Records R/W=56/1
2025-06-08 12:04:22,461 INFO streaming.PipeMapRed: R/W/S=100/25/0 in:NA [rec/s] out:NA [rec/s]
2025-06-08 12:04:22,496 INFO streaming.PipeMapRed: R/W/S=1000/896/0 in:NA [rec/s] out:NA [rec/s]
2025-06-08 12:04:22,704 INFO streaming.PipeMapRed: R/W/S=10000/9930/0 in:NA [rec/s] out:NA [rec/s]
2025-06-08 12:04:22,932 INFO mapreduce.Job:  map 100% reduce 0%
2025-06-08 12:04:23,152 INFO mapred.MapTask: Spilling map output
2025-06-08 12:04:23,153 INFO mapred.MapTask: bufstart = 0; bufend = 83348791; bufvoid = 104857600
2025-06-08 12:04:23,153 INFO mapred.MapTask: kvstart = 26214396(104857584); kvend = 26079808(104319232); length = 134589/6553600
2025-06-08 12:04:23,153 INFO mapred.MapTask: (EQUATOR) 83483367 kvi 20870836(83483344)
2025-06-08 12:04:23,497 INFO mapred.MapTask: Finished spill 0
2025-06-08 12:04:23,498 INFO mapred.MapTask: (RESET) equator 83483367 kv 20870836(83483344) kvi 20837948(83351792)
2025-06-08 12:04:23,714 INFO streaming.PipeMapRed: MRErrorThread done
2025-06-08 12:04:23,714 INFO streaming.PipeMapRed: mapRedFinished
2025-06-08 12:04:23,715 INFO mapred.LocalJobRunner: 
2025-06-08 12:04:23,715 INFO mapred.MapTask: Starting flush of map output
2025-06-08 12:04:23,715 INFO mapred.MapTask: Spilling map output
2025-06-08 12:04:23,715 INFO mapred.MapTask: bufstart = 83483367; bufend = 28099554; bufvoid = 104857600
2025-06-08 12:04:23,715 INFO mapred.MapTask: kvstart = 20870836(83483344); kvend = 20786460(83145840); length = 84377/6553600
2025-06-08 12:04:23,929 INFO mapred.MapTask: Finished spill 1
2025-06-08 12:04:23,932 INFO mapred.Merger: Merging 2 sorted segments
2025-06-08 12:04:23,933 INFO mapreduce.Job:  map 33% reduce 0%
2025-06-08 12:04:23,933 INFO mapred.Merger: Down to the last merge-pass, with 2 segments left of total size: 133035054 bytes
2025-06-08 12:04:24,789 INFO mapred.Task: Task:attempt_local1415488240_0001_m_000004_0 is done. And is in the process of committing
2025-06-08 12:04:24,792 INFO mapred.LocalJobRunner: Records R/W=56/1 > sort
2025-06-08 12:04:24,792 INFO mapred.Task: Task 'attempt_local1415488240_0001_m_000004_0' done.
2025-06-08 12:04:24,793 INFO mapred.Task: Final Counters for attempt_local1415488240_0001_m_000004_0: Counters: 23
	File System Counters
		FILE: Number of bytes read=665633269
		FILE: Number of bytes written=1331833804
		FILE: Number of read operations=0
		FILE: Number of large read operations=0
		FILE: Number of write operations=0
		HDFS: Number of bytes read=671109120
		HDFS: Number of bytes written=0
		HDFS: Number of read operations=13
		HDFS: Number of large read operations=0
		HDFS: Number of write operations=1
		HDFS: Number of bytes read erasure-coded=0
	Map-Reduce Framework
		Map input records=54744
		Map output records=54743
		Map output bytes=132822578
		Map output materialized bytes=133035074
		Input split bytes=135
		Combine input records=0
		Spilled Records=109486
		Failed Shuffles=0
		Merged Map outputs=0
		GC time elapsed (ms)=4
		Total committed heap usage (bytes)=299892736
	File Input Format Counters 
		Bytes Read=134221824
2025-06-08 12:04:24,793 INFO mapred.LocalJobRunner: Finishing task: attempt_local1415488240_0001_m_000004_0
2025-06-08 12:04:24,793 INFO mapred.LocalJobRunner: Starting task: attempt_local1415488240_0001_m_000005_0
2025-06-08 12:04:24,795 INFO output.FileOutputCommitter: File Output Committer Algorithm version is 2
2025-06-08 12:04:24,795 INFO output.FileOutputCommitter: FileOutputCommitter skip cleanup _temporary folders under output directory:false, ignore cleanup failures: false
2025-06-08 12:04:24,796 INFO mapred.Task:  Using ResourceCalculatorProcessTree : [ ]
2025-06-08 12:04:24,798 INFO mapred.MapTask: Processing split: hdfs://localhost:9000/user/emilia/input/cleaned_pruned_used_cars_data_20percent.csv:671088640+134217728
2025-06-08 12:04:24,808 INFO mapred.MapTask: numReduceTasks: 1
2025-06-08 12:04:24,819 INFO mapred.MapTask: (EQUATOR) 0 kvi 26214396(104857584)
2025-06-08 12:04:24,819 INFO mapred.MapTask: mapreduce.task.io.sort.mb: 100
2025-06-08 12:04:24,819 INFO mapred.MapTask: soft limit at 83886080
2025-06-08 12:04:24,819 INFO mapred.MapTask: bufstart = 0; bufvoid = 104857600
2025-06-08 12:04:24,819 INFO mapred.MapTask: kvstart = 26214396; length = 6553600
2025-06-08 12:04:24,820 INFO mapred.MapTask: Map output collector class = org.apache.hadoop.mapred.MapTask$MapOutputBuffer
2025-06-08 12:04:24,823 INFO streaming.PipeMapRed: PipeMapRed exec [/home/emilia/Documents/big-data/progetto/task_2/mapreduce/./mapper.py]
2025-06-08 12:04:24,844 INFO streaming.PipeMapRed: R/W/S=1/0/0 in:NA [rec/s] out:NA [rec/s]
2025-06-08 12:04:24,844 INFO streaming.PipeMapRed: R/W/S=10/0/0 in:NA [rec/s] out:NA [rec/s]
2025-06-08 12:04:24,874 INFO streaming.PipeMapRed: Records R/W=71/1
2025-06-08 12:04:24,874 INFO streaming.PipeMapRed: R/W/S=100/34/0 in:NA [rec/s] out:NA [rec/s]
2025-06-08 12:04:24,891 INFO streaming.PipeMapRed: R/W/S=1000/967/0 in:NA [rec/s] out:NA [rec/s]
2025-06-08 12:04:24,933 INFO mapreduce.Job:  map 100% reduce 0%
2025-06-08 12:04:25,042 INFO streaming.PipeMapRed: R/W/S=10000/9951/0 in:NA [rec/s] out:NA [rec/s]
2025-06-08 12:04:25,525 INFO mapred.MapTask: Spilling map output
2025-06-08 12:04:25,525 INFO mapred.MapTask: bufstart = 0; bufend = 83284853; bufvoid = 104857600
2025-06-08 12:04:25,525 INFO mapred.MapTask: kvstart = 26214396(104857584); kvend = 26063724(104254896); length = 150673/6553600
2025-06-08 12:04:25,525 INFO mapred.MapTask: (EQUATOR) 83435573 kvi 20858888(83435552)
2025-06-08 12:04:25,884 INFO mapred.MapTask: Finished spill 0
2025-06-08 12:04:25,884 INFO mapred.MapTask: (RESET) equator 83435573 kv 20858888(83435552) kvi 20825640(83302560)
2025-06-08 12:04:26,099 INFO streaming.PipeMapRed: MRErrorThread done
2025-06-08 12:04:26,099 INFO streaming.PipeMapRed: mapRedFinished
2025-06-08 12:04:26,100 INFO mapred.LocalJobRunner: 
2025-06-08 12:04:26,100 INFO mapred.MapTask: Starting flush of map output
2025-06-08 12:04:26,100 INFO mapred.MapTask: Spilling map output
2025-06-08 12:04:26,100 INFO mapred.MapTask: bufstart = 83435573; bufend = 28083258; bufvoid = 104857600
2025-06-08 12:04:26,100 INFO mapred.MapTask: kvstart = 20858888(83435552); kvend = 20783776(83135104); length = 75113/6553600
2025-06-08 12:04:26,282 INFO mapred.MapTask: Finished spill 1
2025-06-08 12:04:26,284 INFO mapred.Merger: Merging 2 sorted segments
2025-06-08 12:04:26,285 INFO mapred.Merger: Down to the last merge-pass, with 2 segments left of total size: 133008896 bytes
2025-06-08 12:04:26,934 INFO mapreduce.Job:  map 42% reduce 0%
2025-06-08 12:04:27,272 INFO mapred.Task: Task:attempt_local1415488240_0001_m_000005_0 is done. And is in the process of committing
2025-06-08 12:04:27,275 INFO mapred.LocalJobRunner: Records R/W=71/1 > sort
2025-06-08 12:04:27,275 INFO mapred.Task: Task 'attempt_local1415488240_0001_m_000005_0' done.
2025-06-08 12:04:27,276 INFO mapred.Task: Final Counters for attempt_local1415488240_0001_m_000005_0: Counters: 23
	File System Counters
		FILE: Number of bytes read=798643325
		FILE: Number of bytes written=1597851664
		FILE: Number of read operations=0
		FILE: Number of large read operations=0
		FILE: Number of write operations=0
		HDFS: Number of bytes read=805335040
		HDFS: Number of bytes written=0
		HDFS: Number of read operations=15
		HDFS: Number of large read operations=0
		HDFS: Number of write operations=1
		HDFS: Number of bytes read erasure-coded=0
	Map-Reduce Framework
		Map input records=56449
		Map output records=56448
		Map output bytes=132790138
		Map output materialized bytes=133008911
		Input split bytes=135
		Combine input records=0
		Spilled Records=112896
		Failed Shuffles=0
		Merged Map outputs=0
		GC time elapsed (ms)=3
		Total committed heap usage (bytes)=299892736
	File Input Format Counters 
		Bytes Read=134225920
2025-06-08 12:04:27,276 INFO mapred.LocalJobRunner: Finishing task: attempt_local1415488240_0001_m_000005_0
2025-06-08 12:04:27,276 INFO mapred.LocalJobRunner: Starting task: attempt_local1415488240_0001_m_000006_0
2025-06-08 12:04:27,278 INFO output.FileOutputCommitter: File Output Committer Algorithm version is 2
2025-06-08 12:04:27,278 INFO output.FileOutputCommitter: FileOutputCommitter skip cleanup _temporary folders under output directory:false, ignore cleanup failures: false
2025-06-08 12:04:27,278 INFO mapred.Task:  Using ResourceCalculatorProcessTree : [ ]
2025-06-08 12:04:27,280 INFO mapred.MapTask: Processing split: hdfs://localhost:9000/user/emilia/input/cleaned_pruned_used_cars_data_20percent.csv:805306368+134217728
2025-06-08 12:04:27,289 INFO mapred.MapTask: numReduceTasks: 1
2025-06-08 12:04:27,299 INFO mapred.MapTask: (EQUATOR) 0 kvi 26214396(104857584)
2025-06-08 12:04:27,299 INFO mapred.MapTask: mapreduce.task.io.sort.mb: 100
2025-06-08 12:04:27,299 INFO mapred.MapTask: soft limit at 83886080
2025-06-08 12:04:27,299 INFO mapred.MapTask: bufstart = 0; bufvoid = 104857600
2025-06-08 12:04:27,299 INFO mapred.MapTask: kvstart = 26214396; length = 6553600
2025-06-08 12:04:27,300 INFO mapred.MapTask: Map output collector class = org.apache.hadoop.mapred.MapTask$MapOutputBuffer
2025-06-08 12:04:27,303 INFO streaming.PipeMapRed: PipeMapRed exec [/home/emilia/Documents/big-data/progetto/task_2/mapreduce/./mapper.py]
2025-06-08 12:04:27,316 INFO streaming.PipeMapRed: R/W/S=1/0/0 in:NA [rec/s] out:NA [rec/s]
2025-06-08 12:04:27,316 INFO streaming.PipeMapRed: R/W/S=10/0/0 in:NA [rec/s] out:NA [rec/s]
2025-06-08 12:04:27,346 INFO streaming.PipeMapRed: Records R/W=43/1
2025-06-08 12:04:27,348 INFO streaming.PipeMapRed: R/W/S=100/67/0 in:NA [rec/s] out:NA [rec/s]
2025-06-08 12:04:27,370 INFO streaming.PipeMapRed: R/W/S=1000/980/0 in:NA [rec/s] out:NA [rec/s]
2025-06-08 12:04:27,539 INFO streaming.PipeMapRed: R/W/S=10000/9950/0 in:NA [rec/s] out:NA [rec/s]
2025-06-08 12:04:27,935 INFO mapreduce.Job:  map 100% reduce 0%
2025-06-08 12:04:27,956 INFO mapred.MapTask: Spilling map output
2025-06-08 12:04:27,956 INFO mapred.MapTask: bufstart = 0; bufend = 83406122; bufvoid = 104857600
2025-06-08 12:04:27,956 INFO mapred.MapTask: kvstart = 26214396(104857584); kvend = 26093956(104375824); length = 120441/6553600
2025-06-08 12:04:27,956 INFO mapred.MapTask: (EQUATOR) 83526586 kvi 20881640(83526560)
2025-06-08 12:04:28,297 INFO mapred.MapTask: Finished spill 0
2025-06-08 12:04:28,298 INFO mapred.MapTask: (RESET) equator 83526586 kv 20881640(83526560) kvi 20851536(83406144)
2025-06-08 12:04:28,528 INFO streaming.PipeMapRed: MRErrorThread done
2025-06-08 12:04:28,528 INFO streaming.PipeMapRed: mapRedFinished
2025-06-08 12:04:28,529 INFO mapred.LocalJobRunner: 
2025-06-08 12:04:28,529 INFO mapred.MapTask: Starting flush of map output
2025-06-08 12:04:28,529 INFO mapred.MapTask: Spilling map output
2025-06-08 12:04:28,529 INFO mapred.MapTask: bufstart = 83526586; bufend = 28222627; bufvoid = 104857600
2025-06-08 12:04:28,529 INFO mapred.MapTask: kvstart = 20881640(83526560); kvend = 20803440(83213760); length = 78201/6553600
2025-06-08 12:04:28,724 INFO mapred.MapTask: Finished spill 1
2025-06-08 12:04:28,727 INFO mapred.Merger: Merging 2 sorted segments
2025-06-08 12:04:28,728 INFO mapred.Merger: Down to the last merge-pass, with 2 segments left of total size: 133155101 bytes
2025-06-08 12:04:28,936 INFO mapreduce.Job:  map 50% reduce 0%
2025-06-08 12:04:29,507 INFO mapred.Task: Task:attempt_local1415488240_0001_m_000006_0 is done. And is in the process of committing
2025-06-08 12:04:29,533 INFO mapred.LocalJobRunner: Records R/W=43/1 > sort
2025-06-08 12:04:29,533 INFO mapred.Task: Task 'attempt_local1415488240_0001_m_000006_0' done.
2025-06-08 12:04:29,536 INFO mapred.Task: Final Counters for attempt_local1415488240_0001_m_000006_0: Counters: 23
	File System Counters
		FILE: Number of bytes read=931799592
		FILE: Number of bytes written=1864161946
		FILE: Number of read operations=0
		FILE: Number of large read operations=0
		FILE: Number of write operations=0
		HDFS: Number of bytes read=939556864
		HDFS: Number of bytes written=0
		HDFS: Number of read operations=17
		HDFS: Number of large read operations=0
		HDFS: Number of write operations=1
		HDFS: Number of bytes read erasure-coded=0
	Map-Reduce Framework
		Map input records=49663
		Map output records=49662
		Map output bytes=132959763
		Map output materialized bytes=133155122
		Input split bytes=135
		Combine input records=0
		Spilled Records=99324
		Failed Shuffles=0
		Merged Map outputs=0
		GC time elapsed (ms)=3
		Total committed heap usage (bytes)=299892736
	File Input Format Counters 
		Bytes Read=134221824
2025-06-08 12:04:29,536 INFO mapred.LocalJobRunner: Finishing task: attempt_local1415488240_0001_m_000006_0
2025-06-08 12:04:29,536 INFO mapred.LocalJobRunner: Starting task: attempt_local1415488240_0001_m_000007_0
2025-06-08 12:04:29,542 INFO output.FileOutputCommitter: File Output Committer Algorithm version is 2
2025-06-08 12:04:29,542 INFO output.FileOutputCommitter: FileOutputCommitter skip cleanup _temporary folders under output directory:false, ignore cleanup failures: false
2025-06-08 12:04:29,543 INFO mapred.Task:  Using ResourceCalculatorProcessTree : [ ]
2025-06-08 12:04:29,549 INFO mapred.MapTask: Processing split: hdfs://localhost:9000/user/emilia/input/cleaned_pruned_used_cars_data_20percent.csv:939524096+134217728
2025-06-08 12:04:29,582 INFO mapred.MapTask: numReduceTasks: 1
2025-06-08 12:04:29,608 INFO mapred.MapTask: (EQUATOR) 0 kvi 26214396(104857584)
2025-06-08 12:04:29,608 INFO mapred.MapTask: mapreduce.task.io.sort.mb: 100
2025-06-08 12:04:29,608 INFO mapred.MapTask: soft limit at 83886080
2025-06-08 12:04:29,608 INFO mapred.MapTask: bufstart = 0; bufvoid = 104857600
2025-06-08 12:04:29,608 INFO mapred.MapTask: kvstart = 26214396; length = 6553600
2025-06-08 12:04:29,609 INFO mapred.MapTask: Map output collector class = org.apache.hadoop.mapred.MapTask$MapOutputBuffer
2025-06-08 12:04:29,612 INFO streaming.PipeMapRed: PipeMapRed exec [/home/emilia/Documents/big-data/progetto/task_2/mapreduce/./mapper.py]
2025-06-08 12:04:29,631 INFO streaming.PipeMapRed: R/W/S=1/0/0 in:NA [rec/s] out:NA [rec/s]
2025-06-08 12:04:29,631 INFO streaming.PipeMapRed: R/W/S=10/0/0 in:NA [rec/s] out:NA [rec/s]
2025-06-08 12:04:29,662 INFO streaming.PipeMapRed: Records R/W=48/1
2025-06-08 12:04:29,663 INFO streaming.PipeMapRed: R/W/S=100/42/0 in:NA [rec/s] out:NA [rec/s]
2025-06-08 12:04:29,682 INFO streaming.PipeMapRed: R/W/S=1000/942/0 in:NA [rec/s] out:NA [rec/s]
2025-06-08 12:04:29,845 INFO streaming.PipeMapRed: R/W/S=10000/9960/0 in:NA [rec/s] out:NA [rec/s]
2025-06-08 12:04:29,937 INFO mapreduce.Job:  map 100% reduce 0%
2025-06-08 12:04:30,326 INFO mapred.MapTask: Spilling map output
2025-06-08 12:04:30,326 INFO mapred.MapTask: bufstart = 0; bufend = 83338818; bufvoid = 104857600
2025-06-08 12:04:30,326 INFO mapred.MapTask: kvstart = 26214396(104857584); kvend = 26077028(104308112); length = 137369/6553600
2025-06-08 12:04:30,326 INFO mapred.MapTask: (EQUATOR) 83476194 kvi 20869044(83476176)
2025-06-08 12:04:30,663 INFO mapred.MapTask: Finished spill 0
2025-06-08 12:04:30,663 INFO mapred.MapTask: (RESET) equator 83476194 kv 20869044(83476176) kvi 20834712(83338848)
2025-06-08 12:04:30,895 INFO streaming.PipeMapRed: MRErrorThread done
2025-06-08 12:04:30,896 INFO streaming.PipeMapRed: mapRedFinished
2025-06-08 12:04:30,896 INFO mapred.LocalJobRunner: 
2025-06-08 12:04:30,896 INFO mapred.MapTask: Starting flush of map output
2025-06-08 12:04:30,896 INFO mapred.MapTask: Spilling map output
2025-06-08 12:04:30,897 INFO mapred.MapTask: bufstart = 83476194; bufend = 28141417; bufvoid = 104857600
2025-06-08 12:04:30,897 INFO mapred.MapTask: kvstart = 20869044(83476176); kvend = 20793232(83172928); length = 75813/6553600
2025-06-08 12:04:30,937 INFO mapreduce.Job:  map 58% reduce 0%
2025-06-08 12:04:31,087 INFO mapred.MapTask: Finished spill 1
2025-06-08 12:04:31,090 INFO mapred.Merger: Merging 2 sorted segments
2025-06-08 12:04:31,090 INFO mapred.Merger: Down to the last merge-pass, with 2 segments left of total size: 133070749 bytes
2025-06-08 12:04:31,757 INFO mapred.Task: Task:attempt_local1415488240_0001_m_000007_0 is done. And is in the process of committing
2025-06-08 12:04:31,761 INFO mapred.LocalJobRunner: Records R/W=48/1 > sort
2025-06-08 12:04:31,761 INFO mapred.Task: Task 'attempt_local1415488240_0001_m_000007_0' done.
2025-06-08 12:04:31,762 INFO mapred.Task: Final Counters for attempt_local1415488240_0001_m_000007_0: Counters: 23
	File System Counters
		FILE: Number of bytes read=1064871506
		FILE: Number of bytes written=2130303522
		FILE: Number of read operations=0
		FILE: Number of large read operations=0
		FILE: Number of write operations=0
		HDFS: Number of bytes read=1073778688
		HDFS: Number of bytes written=0
		HDFS: Number of read operations=19
		HDFS: Number of large read operations=0
		HDFS: Number of write operations=1
		HDFS: Number of bytes read erasure-coded=0
	Map-Reduce Framework
		Map input records=53298
		Map output records=53297
		Map output bytes=132861641
		Map output materialized bytes=133070769
		Input split bytes=135
		Combine input records=0
		Spilled Records=106594
		Failed Shuffles=0
		Merged Map outputs=0
		GC time elapsed (ms)=17
		Total committed heap usage (bytes)=299892736
	File Input Format Counters 
		Bytes Read=134221824
2025-06-08 12:04:31,762 INFO mapred.LocalJobRunner: Finishing task: attempt_local1415488240_0001_m_000007_0
2025-06-08 12:04:31,762 INFO mapred.LocalJobRunner: Starting task: attempt_local1415488240_0001_m_000008_0
2025-06-08 12:04:31,764 INFO output.FileOutputCommitter: File Output Committer Algorithm version is 2
2025-06-08 12:04:31,764 INFO output.FileOutputCommitter: FileOutputCommitter skip cleanup _temporary folders under output directory:false, ignore cleanup failures: false
2025-06-08 12:04:31,765 INFO mapred.Task:  Using ResourceCalculatorProcessTree : [ ]
2025-06-08 12:04:31,767 INFO mapred.MapTask: Processing split: hdfs://localhost:9000/user/emilia/input/cleaned_pruned_used_cars_data_20percent.csv:1073741824+134217728
2025-06-08 12:04:31,779 INFO mapred.MapTask: numReduceTasks: 1
2025-06-08 12:04:31,788 INFO mapred.MapTask: (EQUATOR) 0 kvi 26214396(104857584)
2025-06-08 12:04:31,788 INFO mapred.MapTask: mapreduce.task.io.sort.mb: 100
2025-06-08 12:04:31,788 INFO mapred.MapTask: soft limit at 83886080
2025-06-08 12:04:31,788 INFO mapred.MapTask: bufstart = 0; bufvoid = 104857600
2025-06-08 12:04:31,788 INFO mapred.MapTask: kvstart = 26214396; length = 6553600
2025-06-08 12:04:31,789 INFO mapred.MapTask: Map output collector class = org.apache.hadoop.mapred.MapTask$MapOutputBuffer
2025-06-08 12:04:31,793 INFO streaming.PipeMapRed: PipeMapRed exec [/home/emilia/Documents/big-data/progetto/task_2/mapreduce/./mapper.py]
2025-06-08 12:04:31,809 INFO streaming.PipeMapRed: R/W/S=1/0/0 in:NA [rec/s] out:NA [rec/s]
2025-06-08 12:04:31,809 INFO streaming.PipeMapRed: R/W/S=10/0/0 in:NA [rec/s] out:NA [rec/s]
2025-06-08 12:04:31,838 INFO streaming.PipeMapRed: Records R/W=43/1
2025-06-08 12:04:31,839 INFO streaming.PipeMapRed: R/W/S=100/69/0 in:NA [rec/s] out:NA [rec/s]
2025-06-08 12:04:31,858 INFO streaming.PipeMapRed: R/W/S=1000/963/0 in:NA [rec/s] out:NA [rec/s]
2025-06-08 12:04:31,938 INFO mapreduce.Job:  map 100% reduce 0%
2025-06-08 12:04:32,038 INFO streaming.PipeMapRed: R/W/S=10000/9956/0 in:NA [rec/s] out:NA [rec/s]
2025-06-08 12:04:32,487 INFO mapred.MapTask: Spilling map output
2025-06-08 12:04:32,487 INFO mapred.MapTask: bufstart = 0; bufend = 83374641; bufvoid = 104857600
2025-06-08 12:04:32,487 INFO mapred.MapTask: kvstart = 26214396(104857584); kvend = 26086020(104344080); length = 128377/6553600
2025-06-08 12:04:32,487 INFO mapred.MapTask: (EQUATOR) 83503041 kvi 20875756(83503024)
2025-06-08 12:04:32,837 INFO mapred.MapTask: Finished spill 0
2025-06-08 12:04:32,837 INFO mapred.MapTask: (RESET) equator 83503041 kv 20875756(83503024) kvi 20844552(83378208)
2025-06-08 12:04:33,049 INFO streaming.PipeMapRed: MRErrorThread done
2025-06-08 12:04:33,049 INFO streaming.PipeMapRed: mapRedFinished
2025-06-08 12:04:33,050 INFO mapred.LocalJobRunner: 
2025-06-08 12:04:33,050 INFO mapred.MapTask: Starting flush of map output
2025-06-08 12:04:33,050 INFO mapred.MapTask: Spilling map output
2025-06-08 12:04:33,050 INFO mapred.MapTask: bufstart = 83503041; bufend = 28144211; bufvoid = 104857600
2025-06-08 12:04:33,050 INFO mapred.MapTask: kvstart = 20875756(83503024); kvend = 20794132(83176528); length = 81625/6553600
2025-06-08 12:04:33,235 INFO mapred.MapTask: Finished spill 1
2025-06-08 12:04:33,237 INFO mapred.Merger: Merging 2 sorted segments
2025-06-08 12:04:33,237 INFO mapred.Merger: Down to the last merge-pass, with 2 segments left of total size: 133080971 bytes
2025-06-08 12:04:33,939 INFO mapreduce.Job:  map 67% reduce 0%
2025-06-08 12:04:34,206 INFO mapred.Task: Task:attempt_local1415488240_0001_m_000008_0 is done. And is in the process of committing
2025-06-08 12:04:34,209 INFO mapred.LocalJobRunner: Records R/W=43/1 > sort
2025-06-08 12:04:34,210 INFO mapred.Task: Task 'attempt_local1415488240_0001_m_000008_0' done.
2025-06-08 12:04:34,210 INFO mapred.Task: Final Counters for attempt_local1415488240_0001_m_000008_0: Counters: 23
	File System Counters
		FILE: Number of bytes read=1197953127
		FILE: Number of bytes written=2396465536
		FILE: Number of read operations=0
		FILE: Number of large read operations=0
		FILE: Number of write operations=0
		HDFS: Number of bytes read=1208000512
		HDFS: Number of bytes written=0
		HDFS: Number of read operations=21
		HDFS: Number of large read operations=0
		HDFS: Number of write operations=1
		HDFS: Number of bytes read erasure-coded=0
	Map-Reduce Framework
		Map input records=52503
		Map output records=52502
		Map output bytes=132873411
		Map output materialized bytes=133080988
		Input split bytes=135
		Combine input records=0
		Spilled Records=105004
		Failed Shuffles=0
		Merged Map outputs=0
		GC time elapsed (ms)=3
		Total committed heap usage (bytes)=299892736
	File Input Format Counters 
		Bytes Read=134221824
2025-06-08 12:04:34,210 INFO mapred.LocalJobRunner: Finishing task: attempt_local1415488240_0001_m_000008_0
2025-06-08 12:04:34,210 INFO mapred.LocalJobRunner: Starting task: attempt_local1415488240_0001_m_000009_0
2025-06-08 12:04:34,212 INFO output.FileOutputCommitter: File Output Committer Algorithm version is 2
2025-06-08 12:04:34,212 INFO output.FileOutputCommitter: FileOutputCommitter skip cleanup _temporary folders under output directory:false, ignore cleanup failures: false
2025-06-08 12:04:34,212 INFO mapred.Task:  Using ResourceCalculatorProcessTree : [ ]
2025-06-08 12:04:34,214 INFO mapred.MapTask: Processing split: hdfs://localhost:9000/user/emilia/input/cleaned_pruned_used_cars_data_20percent.csv:1207959552+134217728
2025-06-08 12:04:34,224 INFO mapred.MapTask: numReduceTasks: 1
2025-06-08 12:04:34,234 INFO mapred.MapTask: (EQUATOR) 0 kvi 26214396(104857584)
2025-06-08 12:04:34,234 INFO mapred.MapTask: mapreduce.task.io.sort.mb: 100
2025-06-08 12:04:34,234 INFO mapred.MapTask: soft limit at 83886080
2025-06-08 12:04:34,234 INFO mapred.MapTask: bufstart = 0; bufvoid = 104857600
2025-06-08 12:04:34,234 INFO mapred.MapTask: kvstart = 26214396; length = 6553600
2025-06-08 12:04:34,235 INFO mapred.MapTask: Map output collector class = org.apache.hadoop.mapred.MapTask$MapOutputBuffer
2025-06-08 12:04:34,239 INFO streaming.PipeMapRed: PipeMapRed exec [/home/emilia/Documents/big-data/progetto/task_2/mapreduce/./mapper.py]
2025-06-08 12:04:34,256 INFO streaming.PipeMapRed: R/W/S=1/0/0 in:NA [rec/s] out:NA [rec/s]
2025-06-08 12:04:34,256 INFO streaming.PipeMapRed: R/W/S=10/0/0 in:NA [rec/s] out:NA [rec/s]
2025-06-08 12:04:34,288 INFO streaming.PipeMapRed: Records R/W=61/1
2025-06-08 12:04:34,289 INFO streaming.PipeMapRed: R/W/S=100/47/0 in:NA [rec/s] out:NA [rec/s]
2025-06-08 12:04:34,307 INFO streaming.PipeMapRed: R/W/S=1000/941/0 in:NA [rec/s] out:NA [rec/s]
2025-06-08 12:04:34,479 INFO streaming.PipeMapRed: R/W/S=10000/9958/0 in:NA [rec/s] out:NA [rec/s]
2025-06-08 12:04:34,929 INFO mapred.MapTask: Spilling map output
2025-06-08 12:04:34,929 INFO mapred.MapTask: bufstart = 0; bufend = 83306119; bufvoid = 104857600
2025-06-08 12:04:34,929 INFO mapred.MapTask: kvstart = 26214396(104857584); kvend = 26069276(104277104); length = 145121/6553600
2025-06-08 12:04:34,929 INFO mapred.MapTask: (EQUATOR) 83451239 kvi 20862804(83451216)
2025-06-08 12:04:34,940 INFO mapreduce.Job:  map 100% reduce 0%
2025-06-08 12:04:35,287 INFO mapred.MapTask: Finished spill 0
2025-06-08 12:04:35,288 INFO mapred.MapTask: (RESET) equator 83451239 kv 20862804(83451216) kvi 20827624(83310496)
2025-06-08 12:04:35,499 INFO streaming.PipeMapRed: MRErrorThread done
2025-06-08 12:04:35,500 INFO streaming.PipeMapRed: mapRedFinished
2025-06-08 12:04:35,500 INFO mapred.LocalJobRunner: 
2025-06-08 12:04:35,500 INFO mapred.MapTask: Starting flush of map output
2025-06-08 12:04:35,500 INFO mapred.MapTask: Spilling map output
2025-06-08 12:04:35,500 INFO mapred.MapTask: bufstart = 83451239; bufend = 28002082; bufvoid = 104857600
2025-06-08 12:04:35,500 INFO mapred.MapTask: kvstart = 20862804(83451216); kvend = 20772872(83091488); length = 89933/6553600
2025-06-08 12:04:35,693 INFO mapred.MapTask: Finished spill 1
2025-06-08 12:04:35,694 INFO mapred.Merger: Merging 2 sorted segments
2025-06-08 12:04:35,695 INFO mapred.Merger: Down to the last merge-pass, with 2 segments left of total size: 132943256 bytes
2025-06-08 12:04:35,940 INFO mapreduce.Job:  map 75% reduce 0%
2025-06-08 12:04:36,384 INFO mapred.Task: Task:attempt_local1415488240_0001_m_000009_0 is done. And is in the process of committing
2025-06-08 12:04:36,388 INFO mapred.LocalJobRunner: Records R/W=61/1 > sort
2025-06-08 12:04:36,388 INFO mapred.Task: Task 'attempt_local1415488240_0001_m_000009_0' done.
2025-06-08 12:04:36,388 INFO mapred.Task: Final Counters for attempt_local1415488240_0001_m_000009_0: Counters: 23
	File System Counters
		FILE: Number of bytes read=1330897034
		FILE: Number of bytes written=2662352122
		FILE: Number of read operations=0
		FILE: Number of large read operations=0
		FILE: Number of write operations=0
		HDFS: Number of bytes read=1342222336
		HDFS: Number of bytes written=0
		HDFS: Number of read operations=23
		HDFS: Number of large read operations=0
		HDFS: Number of write operations=1
		HDFS: Number of bytes read erasure-coded=0
	Map-Reduce Framework
		Map input records=58766
		Map output records=58765
		Map output bytes=132714562
		Map output materialized bytes=132943274
		Input split bytes=135
		Combine input records=0
		Spilled Records=117530
		Failed Shuffles=0
		Merged Map outputs=0
		GC time elapsed (ms)=3
		Total committed heap usage (bytes)=299892736
	File Input Format Counters 
		Bytes Read=134221824
2025-06-08 12:04:36,388 INFO mapred.LocalJobRunner: Finishing task: attempt_local1415488240_0001_m_000009_0
2025-06-08 12:04:36,388 INFO mapred.LocalJobRunner: Starting task: attempt_local1415488240_0001_m_000010_0
2025-06-08 12:04:36,390 INFO output.FileOutputCommitter: File Output Committer Algorithm version is 2
2025-06-08 12:04:36,390 INFO output.FileOutputCommitter: FileOutputCommitter skip cleanup _temporary folders under output directory:false, ignore cleanup failures: false
2025-06-08 12:04:36,390 INFO mapred.Task:  Using ResourceCalculatorProcessTree : [ ]
2025-06-08 12:04:36,392 INFO mapred.MapTask: Processing split: hdfs://localhost:9000/user/emilia/input/cleaned_pruned_used_cars_data_20percent.csv:1342177280+134217728
2025-06-08 12:04:36,404 INFO mapred.MapTask: numReduceTasks: 1
2025-06-08 12:04:36,414 INFO mapred.MapTask: (EQUATOR) 0 kvi 26214396(104857584)
2025-06-08 12:04:36,414 INFO mapred.MapTask: mapreduce.task.io.sort.mb: 100
2025-06-08 12:04:36,414 INFO mapred.MapTask: soft limit at 83886080
2025-06-08 12:04:36,414 INFO mapred.MapTask: bufstart = 0; bufvoid = 104857600
2025-06-08 12:04:36,414 INFO mapred.MapTask: kvstart = 26214396; length = 6553600
2025-06-08 12:04:36,415 INFO mapred.MapTask: Map output collector class = org.apache.hadoop.mapred.MapTask$MapOutputBuffer
2025-06-08 12:04:36,419 INFO streaming.PipeMapRed: PipeMapRed exec [/home/emilia/Documents/big-data/progetto/task_2/mapreduce/./mapper.py]
2025-06-08 12:04:36,439 INFO streaming.PipeMapRed: R/W/S=1/0/0 in:NA [rec/s] out:NA [rec/s]
2025-06-08 12:04:36,440 INFO streaming.PipeMapRed: R/W/S=10/0/0 in:NA [rec/s] out:NA [rec/s]
2025-06-08 12:04:36,468 INFO streaming.PipeMapRed: Records R/W=47/1
2025-06-08 12:04:36,470 INFO streaming.PipeMapRed: R/W/S=100/70/0 in:NA [rec/s] out:NA [rec/s]
2025-06-08 12:04:36,486 INFO streaming.PipeMapRed: R/W/S=1000/966/0 in:NA [rec/s] out:NA [rec/s]
2025-06-08 12:04:36,677 INFO streaming.PipeMapRed: R/W/S=10000/9951/0 in:NA [rec/s] out:NA [rec/s]
2025-06-08 12:04:36,941 INFO mapreduce.Job:  map 100% reduce 0%
2025-06-08 12:04:37,110 INFO mapred.MapTask: Spilling map output
2025-06-08 12:04:37,110 INFO mapred.MapTask: bufstart = 0; bufend = 83350752; bufvoid = 104857600
2025-06-08 12:04:37,110 INFO mapred.MapTask: kvstart = 26214396(104857584); kvend = 26080324(104321296); length = 134073/6553600
2025-06-08 12:04:37,110 INFO mapred.MapTask: (EQUATOR) 83484848 kvi 20871208(83484832)
2025-06-08 12:04:37,461 INFO mapred.MapTask: Finished spill 0
2025-06-08 12:04:37,461 INFO mapred.MapTask: (RESET) equator 83484848 kv 20871208(83484832) kvi 20837692(83350768)
2025-06-08 12:04:37,683 INFO streaming.PipeMapRed: MRErrorThread done
2025-06-08 12:04:37,684 INFO streaming.PipeMapRed: mapRedFinished
2025-06-08 12:04:37,685 INFO mapred.LocalJobRunner: 
2025-06-08 12:04:37,685 INFO mapred.MapTask: Starting flush of map output
2025-06-08 12:04:37,685 INFO mapred.MapTask: Spilling map output
2025-06-08 12:04:37,685 INFO mapred.MapTask: bufstart = 83484848; bufend = 28092752; bufvoid = 104857600
2025-06-08 12:04:37,685 INFO mapred.MapTask: kvstart = 20871208(83484832); kvend = 20786744(83146976); length = 84465/6553600
2025-06-08 12:04:37,873 INFO mapred.MapTask: Finished spill 1
2025-06-08 12:04:37,875 INFO mapred.Merger: Merging 2 sorted segments
2025-06-08 12:04:37,875 INFO mapred.Merger: Down to the last merge-pass, with 2 segments left of total size: 133027263 bytes
2025-06-08 12:04:37,941 INFO mapreduce.Job:  map 83% reduce 0%
2025-06-08 12:04:38,673 INFO mapred.Task: Task:attempt_local1415488240_0001_m_000010_0 is done. And is in the process of committing
2025-06-08 12:04:38,676 INFO mapred.LocalJobRunner: Records R/W=47/1 > sort
2025-06-08 12:04:38,676 INFO mapred.Task: Task 'attempt_local1415488240_0001_m_000010_0' done.
2025-06-08 12:04:38,677 INFO mapred.Task: Final Counters for attempt_local1415488240_0001_m_000010_0: Counters: 23
	File System Counters
		FILE: Number of bytes read=1463924947
		FILE: Number of bytes written=2928406720
		FILE: Number of read operations=0
		FILE: Number of large read operations=0
		FILE: Number of write operations=0
		HDFS: Number of bytes read=1476444160
		HDFS: Number of bytes written=0
		HDFS: Number of read operations=25
		HDFS: Number of large read operations=0
		HDFS: Number of write operations=1
		HDFS: Number of bytes read erasure-coded=0
	Map-Reduce Framework
		Map input records=54637
		Map output records=54636
		Map output bytes=132816256
		Map output materialized bytes=133027280
		Input split bytes=135
		Combine input records=0
		Spilled Records=109272
		Failed Shuffles=0
		Merged Map outputs=0
		GC time elapsed (ms)=3
		Total committed heap usage (bytes)=299892736
	File Input Format Counters 
		Bytes Read=134221824
2025-06-08 12:04:38,677 INFO mapred.LocalJobRunner: Finishing task: attempt_local1415488240_0001_m_000010_0
2025-06-08 12:04:38,677 INFO mapred.LocalJobRunner: Starting task: attempt_local1415488240_0001_m_000011_0
2025-06-08 12:04:38,678 INFO output.FileOutputCommitter: File Output Committer Algorithm version is 2
2025-06-08 12:04:38,678 INFO output.FileOutputCommitter: FileOutputCommitter skip cleanup _temporary folders under output directory:false, ignore cleanup failures: false
2025-06-08 12:04:38,679 INFO mapred.Task:  Using ResourceCalculatorProcessTree : [ ]
2025-06-08 12:04:38,680 INFO mapred.MapTask: Processing split: hdfs://localhost:9000/user/emilia/input/cleaned_pruned_used_cars_data_20percent.csv:1476395008+39994423
2025-06-08 12:04:38,692 INFO mapred.MapTask: numReduceTasks: 1
2025-06-08 12:04:38,701 INFO mapred.MapTask: (EQUATOR) 0 kvi 26214396(104857584)
2025-06-08 12:04:38,701 INFO mapred.MapTask: mapreduce.task.io.sort.mb: 100
2025-06-08 12:04:38,701 INFO mapred.MapTask: soft limit at 83886080
2025-06-08 12:04:38,701 INFO mapred.MapTask: bufstart = 0; bufvoid = 104857600
2025-06-08 12:04:38,701 INFO mapred.MapTask: kvstart = 26214396; length = 6553600
2025-06-08 12:04:38,702 INFO mapred.MapTask: Map output collector class = org.apache.hadoop.mapred.MapTask$MapOutputBuffer
2025-06-08 12:04:38,706 INFO streaming.PipeMapRed: PipeMapRed exec [/home/emilia/Documents/big-data/progetto/task_2/mapreduce/./mapper.py]
2025-06-08 12:04:38,730 INFO streaming.PipeMapRed: R/W/S=1/0/0 in:NA [rec/s] out:NA [rec/s]
2025-06-08 12:04:38,730 INFO streaming.PipeMapRed: R/W/S=10/0/0 in:NA [rec/s] out:NA [rec/s]
2025-06-08 12:04:38,771 INFO streaming.PipeMapRed: Records R/W=37/1
2025-06-08 12:04:38,772 INFO streaming.PipeMapRed: R/W/S=100/61/0 in:NA [rec/s] out:NA [rec/s]
2025-06-08 12:04:38,788 INFO streaming.PipeMapRed: R/W/S=1000/915/0 in:NA [rec/s] out:NA [rec/s]
2025-06-08 12:04:38,942 INFO mapreduce.Job:  map 100% reduce 0%
2025-06-08 12:04:38,966 INFO streaming.PipeMapRed: R/W/S=10000/9939/0 in:NA [rec/s] out:NA [rec/s]
2025-06-08 12:04:39,081 INFO streaming.PipeMapRed: MRErrorThread done
2025-06-08 12:04:39,081 INFO streaming.PipeMapRed: mapRedFinished
2025-06-08 12:04:39,081 INFO mapred.LocalJobRunner: 
2025-06-08 12:04:39,082 INFO mapred.MapTask: Starting flush of map output
2025-06-08 12:04:39,082 INFO mapred.MapTask: Spilling map output
2025-06-08 12:04:39,082 INFO mapred.MapTask: bufstart = 0; bufend = 39602677; bufvoid = 104857600
2025-06-08 12:04:39,082 INFO mapred.MapTask: kvstart = 26214396(104857584); kvend = 26153304(104613216); length = 61093/6553600
2025-06-08 12:04:39,238 INFO mapred.MapTask: Finished spill 0
2025-06-08 12:04:39,241 INFO mapred.Task: Task:attempt_local1415488240_0001_m_000011_0 is done. And is in the process of committing
2025-06-08 12:04:39,244 INFO mapred.LocalJobRunner: Records R/W=37/1
2025-06-08 12:04:39,244 INFO mapred.Task: Task 'attempt_local1415488240_0001_m_000011_0' done.
2025-06-08 12:04:39,245 INFO mapred.Task: Final Counters for attempt_local1415488240_0001_m_000011_0: Counters: 23
	File System Counters
		FILE: Number of bytes read=1463925574
		FILE: Number of bytes written=2968069526
		FILE: Number of read operations=0
		FILE: Number of large read operations=0
		FILE: Number of write operations=0
		HDFS: Number of bytes read=1516438583
		HDFS: Number of bytes written=0
		HDFS: Number of read operations=27
		HDFS: Number of large read operations=0
		HDFS: Number of write operations=1
		HDFS: Number of bytes read erasure-coded=0
	Map-Reduce Framework
		Map input records=15275
		Map output records=15274
		Map output bytes=39602677
		Map output materialized bytes=39662774
		Input split bytes=135
		Combine input records=0
		Spilled Records=15274
		Failed Shuffles=0
		Merged Map outputs=0
		GC time elapsed (ms)=3
		Total committed heap usage (bytes)=299892736
	File Input Format Counters 
		Bytes Read=39994423
2025-06-08 12:04:39,245 INFO mapred.LocalJobRunner: Finishing task: attempt_local1415488240_0001_m_000011_0
2025-06-08 12:04:39,245 INFO mapred.LocalJobRunner: map task executor complete.
2025-06-08 12:04:39,250 INFO mapred.LocalJobRunner: Waiting for reduce tasks
2025-06-08 12:04:39,250 INFO mapred.LocalJobRunner: Starting task: attempt_local1415488240_0001_r_000000_0
2025-06-08 12:04:39,262 INFO output.FileOutputCommitter: File Output Committer Algorithm version is 2
2025-06-08 12:04:39,262 INFO output.FileOutputCommitter: FileOutputCommitter skip cleanup _temporary folders under output directory:false, ignore cleanup failures: false
2025-06-08 12:04:39,262 INFO mapred.Task:  Using ResourceCalculatorProcessTree : [ ]
2025-06-08 12:04:39,266 INFO mapred.ReduceTask: Using ShuffleConsumerPlugin: org.apache.hadoop.mapreduce.task.reduce.Shuffle@6cff53ac
2025-06-08 12:04:39,268 WARN impl.MetricsSystemImpl: JobTracker metrics system already initialized!
2025-06-08 12:04:39,294 INFO reduce.MergeManagerImpl: MergerManager: memoryLimit=1407818112, maxSingleShuffleLimit=351954528, mergeThreshold=929160000, ioSortFactor=10, memToMemMergeOutputsThreshold=10
2025-06-08 12:04:39,297 INFO reduce.EventFetcher: attempt_local1415488240_0001_r_000000_0 Thread started: EventFetcher for fetching Map Completion Events
2025-06-08 12:04:39,459 INFO reduce.LocalFetcher: localfetcher#1 about to shuffle output of map attempt_local1415488240_0001_m_000007_0 decomp: 133070765 len: 133070769 to MEMORY
2025-06-08 12:04:39,640 INFO reduce.InMemoryMapOutput: Read 133070765 bytes from map-output for attempt_local1415488240_0001_m_000007_0
2025-06-08 12:04:39,643 INFO reduce.MergeManagerImpl: closeInMemoryFile -> map-output of size: 133070765, inMemoryMapOutputs.size() -> 1, commitMemory -> 0, usedMemory ->133070765
2025-06-08 12:04:39,769 INFO reduce.LocalFetcher: localfetcher#1 about to shuffle output of map attempt_local1415488240_0001_m_000010_0 decomp: 133027276 len: 133027280 to MEMORY
2025-06-08 12:04:39,929 INFO reduce.InMemoryMapOutput: Read 133027276 bytes from map-output for attempt_local1415488240_0001_m_000010_0
2025-06-08 12:04:39,929 INFO reduce.MergeManagerImpl: closeInMemoryFile -> map-output of size: 133027276, inMemoryMapOutputs.size() -> 2, commitMemory -> 133070765, usedMemory ->266098041
2025-06-08 12:04:40,056 INFO reduce.LocalFetcher: localfetcher#1 about to shuffle output of map attempt_local1415488240_0001_m_000000_0 decomp: 133220525 len: 133220529 to MEMORY
2025-06-08 12:04:40,217 INFO reduce.InMemoryMapOutput: Read 133220525 bytes from map-output for attempt_local1415488240_0001_m_000000_0
2025-06-08 12:04:40,217 INFO reduce.MergeManagerImpl: closeInMemoryFile -> map-output of size: 133220525, inMemoryMapOutputs.size() -> 3, commitMemory -> 266098041, usedMemory ->399318566
2025-06-08 12:04:40,343 INFO reduce.LocalFetcher: localfetcher#1 about to shuffle output of map attempt_local1415488240_0001_m_000003_0 decomp: 133078519 len: 133078523 to MEMORY
2025-06-08 12:04:40,504 INFO reduce.InMemoryMapOutput: Read 133078519 bytes from map-output for attempt_local1415488240_0001_m_000003_0
2025-06-08 12:04:40,505 INFO reduce.MergeManagerImpl: closeInMemoryFile -> map-output of size: 133078519, inMemoryMapOutputs.size() -> 4, commitMemory -> 399318566, usedMemory ->532397085
2025-06-08 12:04:40,630 INFO reduce.LocalFetcher: localfetcher#1 about to shuffle output of map attempt_local1415488240_0001_m_000006_0 decomp: 133155118 len: 133155122 to MEMORY
2025-06-08 12:04:40,792 INFO reduce.InMemoryMapOutput: Read 133155118 bytes from map-output for attempt_local1415488240_0001_m_000006_0
2025-06-08 12:04:40,792 INFO reduce.MergeManagerImpl: closeInMemoryFile -> map-output of size: 133155118, inMemoryMapOutputs.size() -> 5, commitMemory -> 532397085, usedMemory ->665552203
2025-06-08 12:04:40,923 INFO reduce.LocalFetcher: localfetcher#1 about to shuffle output of map attempt_local1415488240_0001_m_000009_0 decomp: 132943270 len: 132943274 to MEMORY
2025-06-08 12:04:41,092 INFO reduce.InMemoryMapOutput: Read 132943270 bytes from map-output for attempt_local1415488240_0001_m_000009_0
2025-06-08 12:04:41,093 INFO reduce.MergeManagerImpl: closeInMemoryFile -> map-output of size: 132943270, inMemoryMapOutputs.size() -> 6, commitMemory -> 665552203, usedMemory ->798495473
2025-06-08 12:04:41,213 INFO reduce.LocalFetcher: localfetcher#1 about to shuffle output of map attempt_local1415488240_0001_m_000002_0 decomp: 133013296 len: 133013300 to MEMORY
2025-06-08 12:04:41,401 INFO reduce.InMemoryMapOutput: Read 133013296 bytes from map-output for attempt_local1415488240_0001_m_000002_0
2025-06-08 12:04:41,402 INFO reduce.MergeManagerImpl: closeInMemoryFile -> map-output of size: 133013296, inMemoryMapOutputs.size() -> 7, commitMemory -> 798495473, usedMemory ->931508769
2025-06-08 12:04:41,402 INFO reduce.MergeManagerImpl: Starting inMemoryMerger's merge since commitMemory=931508769 > mergeThreshold=929160000. Current usedMemory=931508769
2025-06-08 12:04:41,402 INFO reduce.MergeThread: InMemoryMerger - Thread to merge in-memory shuffled map-outputs: Starting merge with 7 segments, while ignoring 0 segments
2025-06-08 12:04:41,408 INFO reduce.MergeManagerImpl: Initiating in-memory merge with 7 segments...
2025-06-08 12:04:41,408 INFO mapred.Merger: Merging 7 sorted segments
2025-06-08 12:04:41,531 INFO reduce.LocalFetcher: localfetcher#1 about to shuffle output of map attempt_local1415488240_0001_m_000005_0 decomp: 133008907 len: 133008911 to MEMORY
2025-06-08 12:04:41,531 INFO mapred.Merger: Down to the last merge-pass, with 7 segments left of total size: 931508682 bytes
2025-06-08 12:04:41,750 INFO reduce.InMemoryMapOutput: Read 133008907 bytes from map-output for attempt_local1415488240_0001_m_000005_0
2025-06-08 12:04:41,751 INFO reduce.MergeManagerImpl: closeInMemoryFile -> map-output of size: 133008907, inMemoryMapOutputs.size() -> 1, commitMemory -> 0, usedMemory ->1064517676
2025-06-08 12:04:42,116 INFO reduce.LocalFetcher: localfetcher#1 about to shuffle output of map attempt_local1415488240_0001_m_000008_0 decomp: 133080984 len: 133080988 to MEMORY
2025-06-08 12:04:42,286 INFO reduce.InMemoryMapOutput: Read 133080984 bytes from map-output for attempt_local1415488240_0001_m_000008_0
2025-06-08 12:04:42,286 INFO reduce.MergeManagerImpl: closeInMemoryFile -> map-output of size: 133080984, inMemoryMapOutputs.size() -> 2, commitMemory -> 133008907, usedMemory ->1197598660
2025-06-08 12:04:42,293 INFO reduce.LocalFetcher: localfetcher#1 about to shuffle output of map attempt_local1415488240_0001_m_000011_0 decomp: 39662770 len: 39662774 to MEMORY
2025-06-08 12:04:42,352 INFO reduce.InMemoryMapOutput: Read 39662770 bytes from map-output for attempt_local1415488240_0001_m_000011_0
2025-06-08 12:04:42,352 INFO reduce.MergeManagerImpl: closeInMemoryFile -> map-output of size: 39662770, inMemoryMapOutputs.size() -> 3, commitMemory -> 266089891, usedMemory ->1237261430
2025-06-08 12:04:42,475 INFO reduce.LocalFetcher: localfetcher#1 about to shuffle output of map attempt_local1415488240_0001_m_000001_0 decomp: 133136614 len: 133136618 to MEMORY
2025-06-08 12:04:42,660 INFO reduce.InMemoryMapOutput: Read 133136614 bytes from map-output for attempt_local1415488240_0001_m_000001_0
2025-06-08 12:04:42,660 INFO reduce.MergeManagerImpl: closeInMemoryFile -> map-output of size: 133136614, inMemoryMapOutputs.size() -> 4, commitMemory -> 305752661, usedMemory ->1370398044
2025-06-08 12:04:42,785 INFO reduce.LocalFetcher: localfetcher#1 about to shuffle output of map attempt_local1415488240_0001_m_000004_0 decomp: 133035070 len: 133035074 to MEMORY
2025-06-08 12:04:42,948 INFO reduce.InMemoryMapOutput: Read 133035070 bytes from map-output for attempt_local1415488240_0001_m_000004_0
2025-06-08 12:04:42,948 INFO reduce.MergeManagerImpl: closeInMemoryFile -> map-output of size: 133035070, inMemoryMapOutputs.size() -> 5, commitMemory -> 438889275, usedMemory ->1503433114
2025-06-08 12:04:42,949 INFO reduce.EventFetcher: EventFetcher is interrupted.. Returning
2025-06-08 12:04:42,950 INFO mapred.LocalJobRunner: 12 / 12 copied.
2025-06-08 12:04:46,533 INFO reduce.MergeManagerImpl: attempt_local1415488240_0001_r_000000_0 Merge of the 7 files in-memory complete. Local file is /home/emilia/hdfs/mapred/localRunner/emilia/jobcache/job_local1415488240_0001/attempt_local1415488240_0001_r_000000_0/output/map_9.out.merged of size 931508761
2025-06-08 12:04:46,533 INFO reduce.MergeManagerImpl: finalMerge called with 5 in-memory map-outputs and 1 on-disk map-outputs
2025-06-08 12:04:46,534 INFO mapred.Merger: Merging 5 sorted segments
2025-06-08 12:04:46,534 INFO mapred.Merger: Down to the last merge-pass, with 5 segments left of total size: 571924282 bytes
2025-06-08 12:04:49,294 INFO reduce.MergeManagerImpl: Merged 5 segments, 571924345 bytes to disk to satisfy reduce memory limit
2025-06-08 12:04:49,294 INFO reduce.MergeManagerImpl: Merging 2 files, 1503433102 bytes from disk
2025-06-08 12:04:49,295 INFO reduce.MergeManagerImpl: Merging 0 segments, 0 bytes from memory into reduce
2025-06-08 12:04:49,295 INFO mapred.Merger: Merging 2 sorted segments
2025-06-08 12:04:49,299 INFO mapred.Merger: Down to the last merge-pass, with 2 segments left of total size: 1503433068 bytes
2025-06-08 12:04:49,299 INFO mapred.LocalJobRunner: 12 / 12 copied.
2025-06-08 12:04:49,304 INFO streaming.PipeMapRed: PipeMapRed exec [/home/emilia/Documents/big-data/progetto/task_2/mapreduce/./reducer.py]
2025-06-08 12:04:49,308 INFO Configuration.deprecation: mapred.job.tracker is deprecated. Instead, use mapreduce.jobtracker.address
2025-06-08 12:04:49,310 INFO Configuration.deprecation: mapred.map.tasks is deprecated. Instead, use mapreduce.job.maps
2025-06-08 12:04:49,368 INFO streaming.PipeMapRed: R/W/S=1/0/0 in:NA [rec/s] out:NA [rec/s]
2025-06-08 12:04:49,369 INFO streaming.PipeMapRed: R/W/S=10/0/0 in:NA [rec/s] out:NA [rec/s]
2025-06-08 12:04:49,393 INFO streaming.PipeMapRed: R/W/S=100/0/0 in:NA [rec/s] out:NA [rec/s]
2025-06-08 12:04:49,591 INFO streaming.PipeMapRed: R/W/S=1000/0/0 in:NA [rec/s] out:NA [rec/s]
2025-06-08 12:04:51,265 INFO mapred.LocalJobRunner: reduce > reduce
2025-06-08 12:04:52,150 INFO mapreduce.Job:  map 100% reduce 67%
2025-06-08 12:04:52,192 INFO streaming.PipeMapRed: R/W/S=10000/0/0 in:5000=10000/2 [rec/s] out:0=0/2 [rec/s]
2025-06-08 12:04:57,266 INFO mapred.LocalJobRunner: reduce > reduce
2025-06-08 12:04:58,153 INFO mapreduce.Job:  map 100% reduce 68%
2025-06-08 12:05:03,267 INFO mapred.LocalJobRunner: reduce > reduce
2025-06-08 12:05:04,156 INFO mapreduce.Job:  map 100% reduce 69%
2025-06-08 12:05:09,268 INFO mapred.LocalJobRunner: reduce > reduce
2025-06-08 12:05:10,159 INFO mapreduce.Job:  map 100% reduce 70%
2025-06-08 12:05:15,269 INFO mapred.LocalJobRunner: reduce > reduce
2025-06-08 12:05:16,162 INFO mapreduce.Job:  map 100% reduce 72%
2025-06-08 12:05:18,021 INFO streaming.PipeMapRed: R/W/S=100000/0/0 in:3571=100000/28 [rec/s] out:0=0/28 [rec/s]
2025-06-08 12:05:21,270 INFO mapred.LocalJobRunner: reduce > reduce
2025-06-08 12:05:22,164 INFO mapreduce.Job:  map 100% reduce 73%
2025-06-08 12:05:27,271 INFO mapred.LocalJobRunner: reduce > reduce
2025-06-08 12:05:28,167 INFO mapreduce.Job:  map 100% reduce 74%
2025-06-08 12:05:33,271 INFO mapred.LocalJobRunner: reduce > reduce
2025-06-08 12:05:34,170 INFO mapreduce.Job:  map 100% reduce 75%
2025-06-08 12:05:39,272 INFO mapred.LocalJobRunner: reduce > reduce
2025-06-08 12:05:40,173 INFO mapreduce.Job:  map 100% reduce 76%
2025-06-08 12:05:45,273 INFO mapred.LocalJobRunner: reduce > reduce
2025-06-08 12:05:46,175 INFO mapreduce.Job:  map 100% reduce 77%
2025-06-08 12:05:46,216 INFO streaming.PipeMapRed: R/W/S=200000/0/0 in:3571=200000/56 [rec/s] out:0=0/56 [rec/s]
2025-06-08 12:05:51,274 INFO mapred.LocalJobRunner: reduce > reduce
2025-06-08 12:05:52,177 INFO mapreduce.Job:  map 100% reduce 79%
2025-06-08 12:05:57,274 INFO mapred.LocalJobRunner: reduce > reduce
2025-06-08 12:05:58,180 INFO mapreduce.Job:  map 100% reduce 80%
2025-06-08 12:06:03,275 INFO mapred.LocalJobRunner: reduce > reduce
2025-06-08 12:06:04,183 INFO mapreduce.Job:  map 100% reduce 81%
2025-06-08 12:06:09,276 INFO mapred.LocalJobRunner: reduce > reduce
2025-06-08 12:06:10,185 INFO mapreduce.Job:  map 100% reduce 82%
2025-06-08 12:06:15,276 INFO mapred.LocalJobRunner: reduce > reduce
2025-06-08 12:06:15,588 INFO streaming.PipeMapRed: R/W/S=300000/0/0 in:3488=300000/86 [rec/s] out:0=0/86 [rec/s]
2025-06-08 12:06:16,188 INFO mapreduce.Job:  map 100% reduce 83%
2025-06-08 12:06:21,277 INFO mapred.LocalJobRunner: reduce > reduce
2025-06-08 12:06:22,190 INFO mapreduce.Job:  map 100% reduce 85%
2025-06-08 12:06:27,278 INFO mapred.LocalJobRunner: reduce > reduce
2025-06-08 12:06:28,192 INFO mapreduce.Job:  map 100% reduce 86%
2025-06-08 12:06:33,278 INFO mapred.LocalJobRunner: reduce > reduce
2025-06-08 12:06:34,195 INFO mapreduce.Job:  map 100% reduce 87%
2025-06-08 12:06:39,279 INFO mapred.LocalJobRunner: reduce > reduce
2025-06-08 12:06:40,197 INFO mapreduce.Job:  map 100% reduce 88%
2025-06-08 12:06:43,239 INFO streaming.PipeMapRed: R/W/S=400000/0/0 in:3539=400000/113 [rec/s] out:0=0/113 [rec/s]
2025-06-08 12:06:45,280 INFO mapred.LocalJobRunner: reduce > reduce
2025-06-08 12:06:46,199 INFO mapreduce.Job:  map 100% reduce 89%
2025-06-08 12:06:51,281 INFO mapred.LocalJobRunner: reduce > reduce
2025-06-08 12:06:52,201 INFO mapreduce.Job:  map 100% reduce 90%
2025-06-08 12:06:57,281 INFO mapred.LocalJobRunner: reduce > reduce
2025-06-08 12:06:58,204 INFO mapreduce.Job:  map 100% reduce 92%
2025-06-08 12:07:03,282 INFO mapred.LocalJobRunner: reduce > reduce
2025-06-08 12:07:04,206 INFO mapreduce.Job:  map 100% reduce 93%
2025-06-08 12:07:09,283 INFO mapred.LocalJobRunner: reduce > reduce
2025-06-08 12:07:10,208 INFO mapreduce.Job:  map 100% reduce 94%
2025-06-08 12:07:10,765 INFO streaming.PipeMapRed: R/W/S=500000/0/0 in:3546=500000/141 [rec/s] out:0=0/141 [rec/s]
2025-06-08 12:07:15,283 INFO mapred.LocalJobRunner: reduce > reduce
2025-06-08 12:07:16,211 INFO mapreduce.Job:  map 100% reduce 95%
2025-06-08 12:07:21,284 INFO mapred.LocalJobRunner: reduce > reduce
2025-06-08 12:07:22,213 INFO mapreduce.Job:  map 100% reduce 96%
2025-06-08 12:07:27,285 INFO mapred.LocalJobRunner: reduce > reduce
2025-06-08 12:07:28,216 INFO mapreduce.Job:  map 100% reduce 98%
2025-06-08 12:07:33,285 INFO mapred.LocalJobRunner: reduce > reduce
2025-06-08 12:07:34,218 INFO mapreduce.Job:  map 100% reduce 99%
2025-06-08 12:07:39,286 INFO mapred.LocalJobRunner: reduce > reduce
2025-06-08 12:07:39,702 INFO streaming.PipeMapRed: Records R/W=599983/1
2025-06-08 12:07:40,220 INFO mapreduce.Job:  map 100% reduce 100%
2025-06-08 12:07:44,423 INFO streaming.PipeMapRed: MRErrorThread done
2025-06-08 12:07:44,423 INFO streaming.PipeMapRed: mapRedFinished
2025-06-08 12:07:44,442 INFO mapred.Task: Task:attempt_local1415488240_0001_r_000000_0 is done. And is in the process of committing
2025-06-08 12:07:44,445 INFO mapred.LocalJobRunner: reduce > reduce
2025-06-08 12:07:44,445 INFO mapred.Task: Task attempt_local1415488240_0001_r_000000_0 is allowed to commit now
2025-06-08 12:07:44,472 INFO output.FileOutputCommitter: Saved output of task 'attempt_local1415488240_0001_r_000000_0' to hdfs://localhost:9000/user/emilia/output/cleaned_pruned_used_cars_data_20percent_task2_mapreduce_result
2025-06-08 12:07:44,473 INFO mapred.LocalJobRunner: Records R/W=599983/1 > reduce
2025-06-08 12:07:44,473 INFO mapred.Task: Task 'attempt_local1415488240_0001_r_000000_0' done.
2025-06-08 12:07:44,473 INFO mapred.Task: Final Counters for attempt_local1415488240_0001_r_000000_0: Counters: 30
	File System Counters
		FILE: Number of bytes read=4470792222
		FILE: Number of bytes written=4471502628
		FILE: Number of read operations=0
		FILE: Number of large read operations=0
		FILE: Number of write operations=0
		HDFS: Number of bytes read=1516438583
		HDFS: Number of bytes written=4151627
		HDFS: Number of read operations=32
		HDFS: Number of large read operations=0
		HDFS: Number of write operations=3
		HDFS: Number of bytes read erasure-coded=0
	Map-Reduce Framework
		Combine input records=0
		Combine output records=0
		Reduce input groups=2817
		Reduce shuffle bytes=1503433162
		Reduce input records=599983
		Reduce output records=79476
		Spilled Records=599983
		Shuffled Maps =12
		Failed Shuffles=0
		Merged Map outputs=12
		GC time elapsed (ms)=61
		Total committed heap usage (bytes)=1765801984
	Shuffle Errors
		BAD_ID=0
		CONNECTION=0
		IO_ERROR=0
		WRONG_LENGTH=0
		WRONG_MAP=0
		WRONG_REDUCE=0
	File Output Format Counters 
		Bytes Written=4151627
2025-06-08 12:07:44,473 INFO mapred.LocalJobRunner: Finishing task: attempt_local1415488240_0001_r_000000_0
2025-06-08 12:07:44,473 INFO mapred.LocalJobRunner: reduce task executor complete.
2025-06-08 12:07:45,221 INFO mapreduce.Job: Job job_local1415488240_0001 completed successfully
2025-06-08 12:07:45,246 INFO mapreduce.Job: Counters: 36
	File System Counters
		FILE: Number of bytes read=14720420067
		FILE: Number of bytes written=25017204138
		FILE: Number of read operations=0
		FILE: Number of large read operations=0
		FILE: Number of write operations=0
		HDFS: Number of bytes read=11891542126
		HDFS: Number of bytes written=4151627
		HDFS: Number of read operations=224
		HDFS: Number of large read operations=0
		HDFS: Number of write operations=15
		HDFS: Number of bytes read erasure-coded=0
	Map-Reduce Framework
		Map input records=600013
		Map output records=599983
		Map output bytes=1501086549
		Map output materialized bytes=1503433162
		Input split bytes=1620
		Combine input records=0
		Combine output records=0
		Reduce input groups=2817
		Reduce shuffle bytes=1503433162
		Reduce input records=599983
		Reduce output records=79476
		Spilled Records=1784675
		Shuffled Maps =12
		Failed Shuffles=0
		Merged Map outputs=12
		GC time elapsed (ms)=182
		Total committed heap usage (bytes)=5258608640
	Shuffle Errors
		BAD_ID=0
		CONNECTION=0
		IO_ERROR=0
		WRONG_LENGTH=0
		WRONG_MAP=0
		WRONG_REDUCE=0
	File Input Format Counters 
		Bytes Read=1516438583
	File Output Format Counters 
		Bytes Written=4151627
2025-06-08 12:07:45,246 INFO streaming.StreamJob: Output directory: /user/emilia/output/cleaned_pruned_used_cars_data_20percent_task2_mapreduce_result
