2025-06-08 19:27:12,785 INFO impl.MetricsConfig: Loaded properties from hadoop-metrics2.properties
2025-06-08 19:27:12,961 INFO impl.MetricsSystemImpl: Scheduled Metric snapshot period at 10 second(s).
2025-06-08 19:27:12,961 INFO impl.MetricsSystemImpl: JobTracker metrics system started
2025-06-08 19:27:12,982 WARN impl.MetricsSystemImpl: JobTracker metrics system already initialized!
2025-06-08 19:27:13,377 INFO mapred.FileInputFormat: Total input files to process : 1
2025-06-08 19:27:13,469 INFO mapreduce.JobSubmitter: number of splits:3
2025-06-08 19:27:13,721 INFO mapreduce.JobSubmitter: Submitting tokens for job: job_local1683542792_0001
2025-06-08 19:27:13,721 INFO mapreduce.JobSubmitter: Executing with tokens: []
2025-06-08 19:27:13,943 INFO mapreduce.Job: The url to track the job: http://localhost:8080/
2025-06-08 19:27:13,946 INFO mapreduce.Job: Running job: job_local1683542792_0001
2025-06-08 19:27:13,946 INFO mapred.LocalJobRunner: OutputCommitter set in config null
2025-06-08 19:27:13,951 INFO mapred.LocalJobRunner: OutputCommitter is org.apache.hadoop.mapred.FileOutputCommitter
2025-06-08 19:27:13,960 INFO output.FileOutputCommitter: File Output Committer Algorithm version is 2
2025-06-08 19:27:13,960 INFO output.FileOutputCommitter: FileOutputCommitter skip cleanup _temporary folders under output directory:false, ignore cleanup failures: false
2025-06-08 19:27:14,046 INFO mapred.LocalJobRunner: Waiting for map tasks
2025-06-08 19:27:14,050 INFO mapred.LocalJobRunner: Starting task: attempt_local1683542792_0001_m_000000_0
2025-06-08 19:27:14,084 INFO output.FileOutputCommitter: File Output Committer Algorithm version is 2
2025-06-08 19:27:14,085 INFO output.FileOutputCommitter: FileOutputCommitter skip cleanup _temporary folders under output directory:false, ignore cleanup failures: false
2025-06-08 19:27:14,105 INFO mapred.Task:  Using ResourceCalculatorProcessTree : [ ]
2025-06-08 19:27:14,115 INFO mapred.MapTask: Processing split: hdfs://localhost:9000/user/emilia/input/cleaned_pruned_used_cars_data_5percent.csv:0+134217728
2025-06-08 19:27:14,140 INFO mapred.MapTask: numReduceTasks: 1
2025-06-08 19:27:14,205 INFO mapred.MapTask: (EQUATOR) 0 kvi 26214396(104857584)
2025-06-08 19:27:14,205 INFO mapred.MapTask: mapreduce.task.io.sort.mb: 100
2025-06-08 19:27:14,205 INFO mapred.MapTask: soft limit at 83886080
2025-06-08 19:27:14,205 INFO mapred.MapTask: bufstart = 0; bufvoid = 104857600
2025-06-08 19:27:14,205 INFO mapred.MapTask: kvstart = 26214396; length = 6553600
2025-06-08 19:27:14,210 INFO mapred.MapTask: Map output collector class = org.apache.hadoop.mapred.MapTask$MapOutputBuffer
2025-06-08 19:27:14,218 INFO streaming.PipeMapRed: PipeMapRed exec [/home/emilia/Documents/big-data/progetto/task_2/mapreduce/./mapper.py]
2025-06-08 19:27:14,226 INFO Configuration.deprecation: mapred.work.output.dir is deprecated. Instead, use mapreduce.task.output.dir
2025-06-08 19:27:14,228 INFO Configuration.deprecation: mapred.local.dir is deprecated. Instead, use mapreduce.cluster.local.dir
2025-06-08 19:27:14,228 INFO Configuration.deprecation: map.input.file is deprecated. Instead, use mapreduce.map.input.file
2025-06-08 19:27:14,229 INFO Configuration.deprecation: map.input.length is deprecated. Instead, use mapreduce.map.input.length
2025-06-08 19:27:14,229 INFO Configuration.deprecation: mapred.job.id is deprecated. Instead, use mapreduce.job.id
2025-06-08 19:27:14,230 INFO Configuration.deprecation: mapred.task.partition is deprecated. Instead, use mapreduce.task.partition
2025-06-08 19:27:14,233 INFO Configuration.deprecation: map.input.start is deprecated. Instead, use mapreduce.map.input.start
2025-06-08 19:27:14,233 INFO Configuration.deprecation: mapred.task.is.map is deprecated. Instead, use mapreduce.task.ismap
2025-06-08 19:27:14,234 INFO Configuration.deprecation: mapred.task.id is deprecated. Instead, use mapreduce.task.attempt.id
2025-06-08 19:27:14,234 INFO Configuration.deprecation: mapred.tip.id is deprecated. Instead, use mapreduce.task.id
2025-06-08 19:27:14,236 INFO Configuration.deprecation: mapred.skip.on is deprecated. Instead, use mapreduce.job.skiprecords
2025-06-08 19:27:14,237 INFO Configuration.deprecation: user.name is deprecated. Instead, use mapreduce.job.user.name
2025-06-08 19:27:14,429 INFO streaming.PipeMapRed: R/W/S=1/0/0 in:NA [rec/s] out:NA [rec/s]
2025-06-08 19:27:14,430 INFO streaming.PipeMapRed: R/W/S=10/0/0 in:NA [rec/s] out:NA [rec/s]
2025-06-08 19:27:14,446 INFO streaming.PipeMapRed: R/W/S=100/1/0 in:NA [rec/s] out:NA [rec/s]
2025-06-08 19:27:14,446 INFO streaming.PipeMapRed: Records R/W=99/1
2025-06-08 19:27:14,552 INFO streaming.PipeMapRed: R/W/S=1000/936/0 in:NA [rec/s] out:NA [rec/s]
2025-06-08 19:27:14,929 INFO streaming.PipeMapRed: R/W/S=10000/9953/0 in:NA [rec/s] out:NA [rec/s]
2025-06-08 19:27:14,955 INFO mapreduce.Job: Job job_local1683542792_0001 running in uber mode : false
2025-06-08 19:27:14,958 INFO mapreduce.Job:  map 0% reduce 0%
2025-06-08 19:27:15,352 INFO mapred.MapTask: Spilling map output
2025-06-08 19:27:15,352 INFO mapred.MapTask: bufstart = 0; bufend = 83428979; bufvoid = 104857600
2025-06-08 19:27:15,352 INFO mapred.MapTask: kvstart = 26214396(104857584); kvend = 26099480(104397920); length = 114917/6553600
2025-06-08 19:27:15,352 INFO mapred.MapTask: (EQUATOR) 83543907 kvi 20885972(83543888)
2025-06-08 19:27:15,867 INFO mapred.MapTask: Finished spill 0
2025-06-08 19:27:15,868 INFO mapred.MapTask: (RESET) equator 83543907 kv 20885972(83543888) kvi 20857252(83429008)
2025-06-08 19:27:16,149 INFO streaming.PipeMapRed: MRErrorThread done
2025-06-08 19:27:16,150 INFO streaming.PipeMapRed: mapRedFinished
2025-06-08 19:27:16,153 INFO mapred.LocalJobRunner: 
2025-06-08 19:27:16,153 INFO mapred.MapTask: Starting flush of map output
2025-06-08 19:27:16,153 INFO mapred.MapTask: Spilling map output
2025-06-08 19:27:16,153 INFO mapred.MapTask: bufstart = 83543907; bufend = 28294705; bufvoid = 104857600
2025-06-08 19:27:16,153 INFO mapred.MapTask: kvstart = 20885972(83543888); kvend = 20813160(83252640); length = 72813/6553600
2025-06-08 19:27:16,355 INFO mapred.MapTask: Finished spill 1
2025-06-08 19:27:16,363 INFO mapred.Merger: Merging 2 sorted segments
2025-06-08 19:27:16,369 INFO mapred.Merger: Down to the last merge-pass, with 2 segments left of total size: 133220514 bytes
2025-06-08 19:27:17,160 INFO mapred.Task: Task:attempt_local1683542792_0001_m_000000_0 is done. And is in the process of committing
2025-06-08 19:27:17,164 INFO mapred.LocalJobRunner: Records R/W=99/1 > sort
2025-06-08 19:27:17,165 INFO mapred.Task: Task 'attempt_local1683542792_0001_m_000000_0' done.
2025-06-08 19:27:17,175 INFO mapred.Task: Final Counters for attempt_local1683542792_0001_m_000000_0: Counters: 23
	File System Counters
		FILE: Number of bytes read=133362264
		FILE: Number of bytes written=267305242
		FILE: Number of read operations=0
		FILE: Number of large read operations=0
		FILE: Number of write operations=0
		HDFS: Number of bytes read=134221824
		HDFS: Number of bytes written=0
		HDFS: Number of read operations=5
		HDFS: Number of large read operations=0
		HDFS: Number of write operations=1
		HDFS: Number of bytes read erasure-coded=0
	Map-Reduce Framework
		Map input records=46935
		Map output records=46934
		Map output bytes=133037377
		Map output materialized bytes=133220529
		Input split bytes=134
		Combine input records=0
		Spilled Records=93868
		Failed Shuffles=0
		Merged Map outputs=0
		GC time elapsed (ms)=29
		Total committed heap usage (bytes)=193986560
	File Input Format Counters 
		Bytes Read=134221824
2025-06-08 19:27:17,175 INFO mapred.LocalJobRunner: Finishing task: attempt_local1683542792_0001_m_000000_0
2025-06-08 19:27:17,176 INFO mapred.LocalJobRunner: Starting task: attempt_local1683542792_0001_m_000001_0
2025-06-08 19:27:17,178 INFO output.FileOutputCommitter: File Output Committer Algorithm version is 2
2025-06-08 19:27:17,178 INFO output.FileOutputCommitter: FileOutputCommitter skip cleanup _temporary folders under output directory:false, ignore cleanup failures: false
2025-06-08 19:27:17,179 INFO mapred.Task:  Using ResourceCalculatorProcessTree : [ ]
2025-06-08 19:27:17,182 INFO mapred.MapTask: Processing split: hdfs://localhost:9000/user/emilia/input/cleaned_pruned_used_cars_data_5percent.csv:134217728+134217728
2025-06-08 19:27:17,191 INFO mapred.MapTask: numReduceTasks: 1
2025-06-08 19:27:17,273 INFO mapred.MapTask: (EQUATOR) 0 kvi 26214396(104857584)
2025-06-08 19:27:17,273 INFO mapred.MapTask: mapreduce.task.io.sort.mb: 100
2025-06-08 19:27:17,273 INFO mapred.MapTask: soft limit at 83886080
2025-06-08 19:27:17,273 INFO mapred.MapTask: bufstart = 0; bufvoid = 104857600
2025-06-08 19:27:17,273 INFO mapred.MapTask: kvstart = 26214396; length = 6553600
2025-06-08 19:27:17,274 INFO mapred.MapTask: Map output collector class = org.apache.hadoop.mapred.MapTask$MapOutputBuffer
2025-06-08 19:27:17,278 INFO streaming.PipeMapRed: PipeMapRed exec [/home/emilia/Documents/big-data/progetto/task_2/mapreduce/./mapper.py]
2025-06-08 19:27:17,295 INFO streaming.PipeMapRed: R/W/S=1/0/0 in:NA [rec/s] out:NA [rec/s]
2025-06-08 19:27:17,295 INFO streaming.PipeMapRed: R/W/S=10/0/0 in:NA [rec/s] out:NA [rec/s]
2025-06-08 19:27:17,325 INFO streaming.PipeMapRed: Records R/W=39/1
2025-06-08 19:27:17,356 INFO streaming.PipeMapRed: R/W/S=100/65/0 in:NA [rec/s] out:NA [rec/s]
2025-06-08 19:27:17,398 INFO streaming.PipeMapRed: R/W/S=1000/961/0 in:NA [rec/s] out:NA [rec/s]
2025-06-08 19:27:17,615 INFO streaming.PipeMapRed: R/W/S=10000/9932/0 in:NA [rec/s] out:NA [rec/s]
2025-06-08 19:27:17,963 INFO mapreduce.Job:  map 100% reduce 0%
2025-06-08 19:27:18,027 INFO mapred.MapTask: Spilling map output
2025-06-08 19:27:18,027 INFO mapred.MapTask: bufstart = 0; bufend = 83412907; bufvoid = 104857600
2025-06-08 19:27:18,027 INFO mapred.MapTask: kvstart = 26214396(104857584); kvend = 26095228(104380912); length = 119169/6553600
2025-06-08 19:27:18,027 INFO mapred.MapTask: (EQUATOR) 83532075 kvi 20883012(83532048)
2025-06-08 19:27:18,396 INFO mapred.MapTask: Finished spill 0
2025-06-08 19:27:18,397 INFO mapred.MapTask: (RESET) equator 83532075 kv 20883012(83532048) kvi 20853232(83412928)
2025-06-08 19:27:18,638 INFO streaming.PipeMapRed: MRErrorThread done
2025-06-08 19:27:18,638 INFO streaming.PipeMapRed: mapRedFinished
2025-06-08 19:27:18,639 INFO mapred.LocalJobRunner: 
2025-06-08 19:27:18,639 INFO mapred.MapTask: Starting flush of map output
2025-06-08 19:27:18,639 INFO mapred.MapTask: Spilling map output
2025-06-08 19:27:18,639 INFO mapred.MapTask: bufstart = 83532075; bufend = 28201360; bufvoid = 104857600
2025-06-08 19:27:18,639 INFO mapred.MapTask: kvstart = 20883012(83532048); kvend = 20802508(83210032); length = 80505/6553600
2025-06-08 19:27:18,837 INFO mapred.MapTask: Finished spill 1
2025-06-08 19:27:18,840 INFO mapred.Merger: Merging 2 sorted segments
2025-06-08 19:27:18,841 INFO mapred.Merger: Down to the last merge-pass, with 2 segments left of total size: 133136600 bytes
2025-06-08 19:27:18,964 INFO mapreduce.Job:  map 33% reduce 0%
2025-06-08 19:27:19,751 INFO mapred.Task: Task:attempt_local1683542792_0001_m_000001_0 is done. And is in the process of committing
2025-06-08 19:27:19,755 INFO mapred.LocalJobRunner: Records R/W=39/1 > sort
2025-06-08 19:27:19,755 INFO mapred.Task: Task 'attempt_local1683542792_0001_m_000001_0' done.
2025-06-08 19:27:19,756 INFO mapred.Task: Final Counters for attempt_local1683542792_0001_m_000001_0: Counters: 23
	File System Counters
		FILE: Number of bytes read=266499309
		FILE: Number of bytes written=533578516
		FILE: Number of read operations=0
		FILE: Number of large read operations=0
		FILE: Number of write operations=0
		HDFS: Number of bytes read=268443648
		HDFS: Number of bytes written=0
		HDFS: Number of read operations=7
		HDFS: Number of large read operations=0
		HDFS: Number of write operations=1
		HDFS: Number of bytes read erasure-coded=0
	Map-Reduce Framework
		Map input records=49921
		Map output records=49920
		Map output bytes=132939792
		Map output materialized bytes=133136618
		Input split bytes=134
		Combine input records=0
		Spilled Records=99840
		Failed Shuffles=0
		Merged Map outputs=0
		GC time elapsed (ms)=36
		Total committed heap usage (bytes)=299892736
	File Input Format Counters 
		Bytes Read=134221824
2025-06-08 19:27:19,756 INFO mapred.LocalJobRunner: Finishing task: attempt_local1683542792_0001_m_000001_0
2025-06-08 19:27:19,756 INFO mapred.LocalJobRunner: Starting task: attempt_local1683542792_0001_m_000002_0
2025-06-08 19:27:19,758 INFO output.FileOutputCommitter: File Output Committer Algorithm version is 2
2025-06-08 19:27:19,758 INFO output.FileOutputCommitter: FileOutputCommitter skip cleanup _temporary folders under output directory:false, ignore cleanup failures: false
2025-06-08 19:27:19,759 INFO mapred.Task:  Using ResourceCalculatorProcessTree : [ ]
2025-06-08 19:27:19,762 INFO mapred.MapTask: Processing split: hdfs://localhost:9000/user/emilia/input/cleaned_pruned_used_cars_data_5percent.csv:268435456+128423971
2025-06-08 19:27:19,772 INFO mapred.MapTask: numReduceTasks: 1
2025-06-08 19:27:19,787 INFO mapred.MapTask: (EQUATOR) 0 kvi 26214396(104857584)
2025-06-08 19:27:19,787 INFO mapred.MapTask: mapreduce.task.io.sort.mb: 100
2025-06-08 19:27:19,787 INFO mapred.MapTask: soft limit at 83886080
2025-06-08 19:27:19,787 INFO mapred.MapTask: bufstart = 0; bufvoid = 104857600
2025-06-08 19:27:19,787 INFO mapred.MapTask: kvstart = 26214396; length = 6553600
2025-06-08 19:27:19,788 INFO mapred.MapTask: Map output collector class = org.apache.hadoop.mapred.MapTask$MapOutputBuffer
2025-06-08 19:27:19,797 INFO streaming.PipeMapRed: PipeMapRed exec [/home/emilia/Documents/big-data/progetto/task_2/mapreduce/./mapper.py]
2025-06-08 19:27:19,815 INFO streaming.PipeMapRed: R/W/S=1/0/0 in:NA [rec/s] out:NA [rec/s]
2025-06-08 19:27:19,815 INFO streaming.PipeMapRed: R/W/S=10/0/0 in:NA [rec/s] out:NA [rec/s]
2025-06-08 19:27:19,844 INFO streaming.PipeMapRed: Records R/W=41/1
2025-06-08 19:27:19,846 INFO streaming.PipeMapRed: R/W/S=100/70/0 in:NA [rec/s] out:NA [rec/s]
2025-06-08 19:27:19,866 INFO streaming.PipeMapRed: R/W/S=1000/959/0 in:NA [rec/s] out:NA [rec/s]
2025-06-08 19:27:19,965 INFO mapreduce.Job:  map 100% reduce 0%
2025-06-08 19:27:20,041 INFO streaming.PipeMapRed: R/W/S=10000/9941/0 in:NA [rec/s] out:NA [rec/s]
2025-06-08 19:27:20,509 INFO mapred.MapTask: Spilling map output
2025-06-08 19:27:20,509 INFO mapred.MapTask: bufstart = 0; bufend = 83336780; bufvoid = 104857600
2025-06-08 19:27:20,509 INFO mapred.MapTask: kvstart = 26214396(104857584); kvend = 26076896(104307584); length = 137501/6553600
2025-06-08 19:27:20,509 INFO mapred.MapTask: (EQUATOR) 83474284 kvi 20868564(83474256)
2025-06-08 19:27:20,915 INFO mapred.MapTask: Finished spill 0
2025-06-08 19:27:20,916 INFO mapred.MapTask: (RESET) equator 83474284 kv 20868564(83474256) kvi 20835804(83343216)
Error processing line: edmond,12,private seller, i am not a dealer, no financing and not interested in trades**
Error: list index out of range
Error processing line: ,6200.0,4000,chevrolet,camaro,17800.0,2013
Error: list index out of range
Error processing line: doylestown,22,car great shape, very low mileage, recently inspected, brand new alternator installed. hardtop convertible works perfectly. clean car fax everything works.
Error: list index out of range
Error processing line: fort lauderdale,15,sold new for 153,000! hard top convertible! fully loaded! 0 issues with the car! garaged everyday during ownership. black on black/anthracite leather. options list includes:
Error: list index out of range
Error processing line: car had minor rear accident during 1st owner's tenure - rear bumper was completely replaced by a dealership. ,5500.0,5300,mercedes-benz,sl-class,48000.0,2013
Error: list index out of range
2025-06-08 19:27:21,115 INFO streaming.PipeMapRed: MRErrorThread done
2025-06-08 19:27:21,115 INFO streaming.PipeMapRed: mapRedFinished
2025-06-08 19:27:21,116 INFO mapred.LocalJobRunner: 
2025-06-08 19:27:21,116 INFO mapred.MapTask: Starting flush of map output
2025-06-08 19:27:21,116 INFO mapred.MapTask: Spilling map output
2025-06-08 19:27:21,116 INFO mapred.MapTask: bufstart = 83474284; bufend = 22334710; bufvoid = 104857600
2025-06-08 19:27:21,116 INFO mapred.MapTask: kvstart = 20868564(83474256); kvend = 20793508(83174032); length = 75057/6553600
2025-06-08 19:27:21,287 INFO mapred.MapTask: Finished spill 1
2025-06-08 19:27:21,290 INFO mapred.Merger: Merging 2 sorted segments
2025-06-08 19:27:21,291 INFO mapred.Merger: Down to the last merge-pass, with 2 segments left of total size: 127263794 bytes
2025-06-08 19:27:21,967 INFO mapreduce.Job:  map 67% reduce 0%
2025-06-08 19:27:22,169 INFO mapred.Task: Task:attempt_local1683542792_0001_m_000002_0 is done. And is in the process of committing
2025-06-08 19:27:22,173 INFO mapred.LocalJobRunner: Records R/W=41/1 > sort
2025-06-08 19:27:22,173 INFO mapred.Task: Task 'attempt_local1683542792_0001_m_000002_0' done.
2025-06-08 19:27:22,174 INFO mapred.Task: Final Counters for attempt_local1683542792_0001_m_000002_0: Counters: 23
	File System Counters
		FILE: Number of bytes read=393763550
		FILE: Number of bytes written=788106182
		FILE: Number of read operations=0
		FILE: Number of large read operations=0
		FILE: Number of write operations=0
		HDFS: Number of bytes read=396867619
		HDFS: Number of bytes written=0
		HDFS: Number of read operations=9
		HDFS: Number of large read operations=0
		HDFS: Number of write operations=1
		HDFS: Number of bytes read erasure-coded=0
	Map-Reduce Framework
		Map input records=53147
		Map output records=53141
		Map output bytes=127054806
		Map output materialized bytes=127263814
		Input split bytes=134
		Combine input records=0
		Spilled Records=106282
		Failed Shuffles=0
		Merged Map outputs=0
		GC time elapsed (ms)=2
		Total committed heap usage (bytes)=299892736
	File Input Format Counters 
		Bytes Read=128423971
2025-06-08 19:27:22,174 INFO mapred.LocalJobRunner: Finishing task: attempt_local1683542792_0001_m_000002_0
2025-06-08 19:27:22,174 INFO mapred.LocalJobRunner: map task executor complete.
2025-06-08 19:27:22,179 INFO mapred.LocalJobRunner: Waiting for reduce tasks
2025-06-08 19:27:22,179 INFO mapred.LocalJobRunner: Starting task: attempt_local1683542792_0001_r_000000_0
2025-06-08 19:27:22,190 INFO output.FileOutputCommitter: File Output Committer Algorithm version is 2
2025-06-08 19:27:22,190 INFO output.FileOutputCommitter: FileOutputCommitter skip cleanup _temporary folders under output directory:false, ignore cleanup failures: false
2025-06-08 19:27:22,191 INFO mapred.Task:  Using ResourceCalculatorProcessTree : [ ]
2025-06-08 19:27:22,195 INFO mapred.ReduceTask: Using ShuffleConsumerPlugin: org.apache.hadoop.mapreduce.task.reduce.Shuffle@62db5150
2025-06-08 19:27:22,198 WARN impl.MetricsSystemImpl: JobTracker metrics system already initialized!
2025-06-08 19:27:22,223 INFO reduce.MergeManagerImpl: MergerManager: memoryLimit=1407818112, maxSingleShuffleLimit=351954528, mergeThreshold=929160000, ioSortFactor=10, memToMemMergeOutputsThreshold=10
2025-06-08 19:27:22,226 INFO reduce.EventFetcher: attempt_local1683542792_0001_r_000000_0 Thread started: EventFetcher for fetching Map Completion Events
2025-06-08 19:27:22,282 INFO reduce.LocalFetcher: localfetcher#1 about to shuffle output of map attempt_local1683542792_0001_m_000001_0 decomp: 133136614 len: 133136618 to MEMORY
2025-06-08 19:27:22,445 INFO reduce.InMemoryMapOutput: Read 133136614 bytes from map-output for attempt_local1683542792_0001_m_000001_0
2025-06-08 19:27:22,448 INFO reduce.MergeManagerImpl: closeInMemoryFile -> map-output of size: 133136614, inMemoryMapOutputs.size() -> 1, commitMemory -> 0, usedMemory ->133136614
2025-06-08 19:27:22,572 INFO reduce.LocalFetcher: localfetcher#1 about to shuffle output of map attempt_local1683542792_0001_m_000000_0 decomp: 133220525 len: 133220529 to MEMORY
2025-06-08 19:27:22,727 INFO reduce.InMemoryMapOutput: Read 133220525 bytes from map-output for attempt_local1683542792_0001_m_000000_0
2025-06-08 19:27:22,728 INFO reduce.MergeManagerImpl: closeInMemoryFile -> map-output of size: 133220525, inMemoryMapOutputs.size() -> 2, commitMemory -> 133136614, usedMemory ->266357139
2025-06-08 19:27:22,848 INFO reduce.LocalFetcher: localfetcher#1 about to shuffle output of map attempt_local1683542792_0001_m_000002_0 decomp: 127263810 len: 127263814 to MEMORY
2025-06-08 19:27:22,968 INFO mapreduce.Job:  map 100% reduce 0%
2025-06-08 19:27:22,999 INFO reduce.InMemoryMapOutput: Read 127263810 bytes from map-output for attempt_local1683542792_0001_m_000002_0
2025-06-08 19:27:23,000 INFO reduce.MergeManagerImpl: closeInMemoryFile -> map-output of size: 127263810, inMemoryMapOutputs.size() -> 3, commitMemory -> 266357139, usedMemory ->393620949
2025-06-08 19:27:23,000 INFO reduce.EventFetcher: EventFetcher is interrupted.. Returning
2025-06-08 19:27:23,002 INFO mapred.LocalJobRunner: 3 / 3 copied.
2025-06-08 19:27:23,002 INFO reduce.MergeManagerImpl: finalMerge called with 3 in-memory map-outputs and 0 on-disk map-outputs
2025-06-08 19:27:23,004 INFO mapred.Merger: Merging 3 sorted segments
2025-06-08 19:27:23,004 INFO mapred.Merger: Down to the last merge-pass, with 3 segments left of total size: 393620913 bytes
2025-06-08 19:27:24,815 INFO reduce.MergeManagerImpl: Merged 3 segments, 393620949 bytes to disk to satisfy reduce memory limit
2025-06-08 19:27:24,815 INFO reduce.MergeManagerImpl: Merging 1 files, 393620949 bytes from disk
2025-06-08 19:27:24,816 INFO reduce.MergeManagerImpl: Merging 0 segments, 0 bytes from memory into reduce
2025-06-08 19:27:24,817 INFO mapred.Merger: Merging 1 sorted segments
2025-06-08 19:27:24,817 INFO mapred.Merger: Down to the last merge-pass, with 1 segments left of total size: 393620932 bytes
2025-06-08 19:27:24,818 INFO mapred.LocalJobRunner: 3 / 3 copied.
2025-06-08 19:27:24,823 INFO streaming.PipeMapRed: PipeMapRed exec [/home/emilia/Documents/big-data/progetto/task_2/mapreduce/./reducer.py]
2025-06-08 19:27:24,827 INFO Configuration.deprecation: mapred.job.tracker is deprecated. Instead, use mapreduce.jobtracker.address
2025-06-08 19:27:24,829 INFO Configuration.deprecation: mapred.map.tasks is deprecated. Instead, use mapreduce.job.maps
2025-06-08 19:27:24,879 INFO streaming.PipeMapRed: R/W/S=1/0/0 in:NA [rec/s] out:NA [rec/s]
2025-06-08 19:27:24,880 INFO streaming.PipeMapRed: R/W/S=10/0/0 in:NA [rec/s] out:NA [rec/s]
2025-06-08 19:27:24,906 INFO streaming.PipeMapRed: R/W/S=100/0/0 in:NA [rec/s] out:NA [rec/s]
2025-06-08 19:27:25,119 INFO streaming.PipeMapRed: R/W/S=1000/0/0 in:NA [rec/s] out:NA [rec/s]
2025-06-08 19:27:27,437 INFO streaming.PipeMapRed: R/W/S=10000/0/0 in:5000=10000/2 [rec/s] out:0=0/2 [rec/s]
2025-06-08 19:27:34,192 INFO mapred.LocalJobRunner: reduce > reduce
2025-06-08 19:27:34,976 INFO mapreduce.Job:  map 100% reduce 74%
2025-06-08 19:27:40,193 INFO mapred.LocalJobRunner: reduce > reduce
2025-06-08 19:27:40,980 INFO mapreduce.Job:  map 100% reduce 79%
2025-06-08 19:27:46,194 INFO mapred.LocalJobRunner: reduce > reduce
2025-06-08 19:27:46,983 INFO mapreduce.Job:  map 100% reduce 84%
2025-06-08 19:27:51,857 INFO streaming.PipeMapRed: R/W/S=100000/0/0 in:3703=100000/27 [rec/s] out:0=0/27 [rec/s]
2025-06-08 19:27:52,196 INFO mapred.LocalJobRunner: reduce > reduce
2025-06-08 19:27:52,987 INFO mapreduce.Job:  map 100% reduce 89%
2025-06-08 19:27:58,197 INFO mapred.LocalJobRunner: reduce > reduce
2025-06-08 19:27:58,990 INFO mapreduce.Job:  map 100% reduce 94%
2025-06-08 19:28:04,198 INFO mapred.LocalJobRunner: reduce > reduce
2025-06-08 19:28:04,993 INFO mapreduce.Job:  map 100% reduce 99%
2025-06-08 19:28:05,932 INFO streaming.PipeMapRed: Records R/W=149995/1
2025-06-08 19:28:07,383 INFO streaming.PipeMapRed: MRErrorThread done
2025-06-08 19:28:07,383 INFO streaming.PipeMapRed: mapRedFinished
2025-06-08 19:28:07,402 INFO mapred.Task: Task:attempt_local1683542792_0001_r_000000_0 is done. And is in the process of committing
2025-06-08 19:28:07,406 INFO mapred.LocalJobRunner: reduce > reduce
2025-06-08 19:28:07,407 INFO mapred.Task: Task attempt_local1683542792_0001_r_000000_0 is allowed to commit now
2025-06-08 19:28:07,434 INFO output.FileOutputCommitter: Saved output of task 'attempt_local1683542792_0001_r_000000_0' to hdfs://localhost:9000/user/emilia/output/cleaned_pruned_used_cars_data_5percent_task2_mapreduce_result
2025-06-08 19:28:07,435 INFO mapred.LocalJobRunner: Records R/W=149995/1 > reduce
2025-06-08 19:28:07,435 INFO mapred.Task: Task 'attempt_local1683542792_0001_r_000000_0' done.
2025-06-08 19:28:07,436 INFO mapred.Task: Final Counters for attempt_local1683542792_0001_r_000000_0: Counters: 30
	File System Counters
		FILE: Number of bytes read=1181005556
		FILE: Number of bytes written=1181727131
		FILE: Number of read operations=0
		FILE: Number of large read operations=0
		FILE: Number of write operations=0
		HDFS: Number of bytes read=396867619
		HDFS: Number of bytes written=1239032
		HDFS: Number of read operations=14
		HDFS: Number of large read operations=0
		HDFS: Number of write operations=3
		HDFS: Number of bytes read erasure-coded=0
	Map-Reduce Framework
		Combine input records=0
		Combine output records=0
		Reduce input groups=1158
		Reduce shuffle bytes=393620961
		Reduce input records=149995
		Reduce output records=23874
		Spilled Records=149995
		Shuffled Maps =3
		Failed Shuffles=0
		Merged Map outputs=3
		GC time elapsed (ms)=12
		Total committed heap usage (bytes)=562036736
	Shuffle Errors
		BAD_ID=0
		CONNECTION=0
		IO_ERROR=0
		WRONG_LENGTH=0
		WRONG_MAP=0
		WRONG_REDUCE=0
	File Output Format Counters 
		Bytes Written=1239032
2025-06-08 19:28:07,436 INFO mapred.LocalJobRunner: Finishing task: attempt_local1683542792_0001_r_000000_0
2025-06-08 19:28:07,437 INFO mapred.LocalJobRunner: reduce task executor complete.
2025-06-08 19:28:07,995 INFO mapreduce.Job:  map 100% reduce 100%
2025-06-08 19:28:07,995 INFO mapreduce.Job: Job job_local1683542792_0001 completed successfully
2025-06-08 19:28:08,012 INFO mapreduce.Job: Counters: 36
	File System Counters
		FILE: Number of bytes read=1974630679
		FILE: Number of bytes written=2770717071
		FILE: Number of read operations=0
		FILE: Number of large read operations=0
		FILE: Number of write operations=0
		HDFS: Number of bytes read=1196400710
		HDFS: Number of bytes written=1239032
		HDFS: Number of read operations=35
		HDFS: Number of large read operations=0
		HDFS: Number of write operations=6
		HDFS: Number of bytes read erasure-coded=0
	Map-Reduce Framework
		Map input records=150003
		Map output records=149995
		Map output bytes=393031975
		Map output materialized bytes=393620961
		Input split bytes=402
		Combine input records=0
		Combine output records=0
		Reduce input groups=1158
		Reduce shuffle bytes=393620961
		Reduce input records=149995
		Reduce output records=23874
		Spilled Records=449985
		Shuffled Maps =3
		Failed Shuffles=0
		Merged Map outputs=3
		GC time elapsed (ms)=79
		Total committed heap usage (bytes)=1355808768
	Shuffle Errors
		BAD_ID=0
		CONNECTION=0
		IO_ERROR=0
		WRONG_LENGTH=0
		WRONG_MAP=0
		WRONG_REDUCE=0
	File Input Format Counters 
		Bytes Read=396867619
	File Output Format Counters 
		Bytes Written=1239032
2025-06-08 19:28:08,012 INFO streaming.StreamJob: Output directory: /user/emilia/output/cleaned_pruned_used_cars_data_5percent_task2_mapreduce_result
