Hive Session ID = 7b0f1151-2fd3-401d-bc1f-b2d5d2427037

Logging initialized using configuration in file:/etc/hive/conf.dist/hive-log4j2.properties Async: true
OK
Time taken: 0.498 seconds
OK
Time taken: 0.182 seconds
Loading data to table default.used_cars
OK
Time taken: 0.514 seconds
Query ID = hadoop_20250605141216_af4442a2-29d2-457c-9cc0-d8deee58b5cb
Total jobs = 1
Launching Job 1 out of 1
Status: Running (Executing on YARN cluster with App id application_1749131589170_0006)

Map 1: -/-	Reducer 2: 0/2	Reducer 3: 0/1	
Map 1: 0/10	Reducer 2: 0/2	Reducer 3: 0/1	
Map 1: 0/10	Reducer 2: 0/2	Reducer 3: 0/1	
Map 1: 0(+2)/10	Reducer 2: 0/2	Reducer 3: 0/1	
Map 1: 0(+3)/10	Reducer 2: 0/2	Reducer 3: 0/1	
Map 1: 0(+6)/10	Reducer 2: 0/2	Reducer 3: 0/1	
Map 1: 1(+6)/10	Reducer 2: 0/2	Reducer 3: 0/1	
Map 1: 3(+6)/10	Reducer 2: 0/2	Reducer 3: 0/1	
Map 1: 6(+4)/10	Reducer 2: 0(+2)/2	Reducer 3: 0/1	
Map 1: 7(+3)/10	Reducer 2: 0(+2)/2	Reducer 3: 0/1	
Map 1: 10/10	Reducer 2: 0(+2)/2	Reducer 3: 0/1	
Map 1: 10/10	Reducer 2: 2/2	Reducer 3: 0(+1)/1	
Map 1: 10/10	Reducer 2: 2/2	Reducer 3: 1/1	
OK
Time taken: 16.408 seconds, Fetched: 929 row(s)
OK
Time taken: 0.092 seconds
