NULL	NULL	NULL	NULL	NULL	2
 brand new alternator installed. hardtop convertible works perfectly. clean car fax everything works.	NULL	NULL	NULL	NULL	1
 the interior shows very little wear. the car runs	 drives	NULL	NULL	NULL	1
17800.0	2013	NULL	NULL	NULL	1
2500.0	3100	NULL	NULL	NULL	1
265.0	lincoln	NULL	NULL	NULL	1
302.0	mercedes-benz	NULL	NULL	NULL	1
48000.0	2013	NULL	NULL	NULL	1
acura	ilx	21607.994594594595	7995.0	31305.0	185
acura	ilx hybrid	11997.5	10495.0	13500.0	2
acura	legend	7447.5	6900.0	7995.0	2
acura	mdx	36752.12755716005	2490.0	63745.0	831
acura	mdx hybrid sport	50134.07692307692	31995.0	61175.0	13
acura	rdx	30120.70895522388	5900.0	49525.0	536
acura	rl	8430.5	2390.0	14995.0	12
acura	rlx	42801.53846153846	14890.0	56295.0	13
acura	rlx hybrid sport	52883.57142857143	29995.0	62925.0	7
acura	rsx	6140.857142857143	2499.0	19000.0	7
acura	tl	9901.755813953489	1899.0	16990.0	86
acura	tlx	28555.943209876543	14200.0	259881.0	405
acura	tsx	10594.48	2995.0	15500.0	50
acura	vigor	6500.0	6500.0	6500.0	1
acura	zdx	18990.0	18990.0	18990.0	1
alfa romeo	4c	75826.33333333333	60000.0	97579.0	3
alfa romeo	giulia	41238.19123505976	19950.0	77745.0	251
alfa romeo	stelvio	44362.19666666666	22995.0	87845.0	300
aston martin	db11	223343.33333333334	129900.0	257761.0	6
aston martin	db7	29548.0	17900.0	40750.0	3
aston martin	db9	61781.833333333336	28900.0	114900.0	6
aston martin	dbs	272724.0	89900.0	375336.0	3
aston martin	lagonda	70000.0	70000.0	70000.0	1
aston martin	rapide	89668.0	89668.0	89668.0	1
aston martin	v12 vanquish	62995.0	62995.0	62995.0	1
aston martin	v8 vantage	49348.75	36000.0	60500.0	4
aston martin	vanquish	119400.0	116900.0	121900.0	2
aston martin	vantage	152931.375	123590.0	186064.0	8
audi	a3	23656.10101010101	5700.0	45270.0	198
audi	a3 sportback	24054.25	19999.0	27965.0	4
audi	a4	25124.49343832021	3995.0	53445.0	381
audi	a4 allroad	31931.02857142857	11495.0	54155.0	35
audi	a4 avant	8060.833333333333	3299.0	10990.0	12
audi	a5	28444.268292682926	7999.0	54935.0	82
audi	a5 sportback	38369.857142857145	24100.0	56345.0	63
audi	a6	38734.82043343653	3400.0	76910.0	323
audi	a6 allroad	73312.72727272728	68265.0	81560.0	11
audi	a7	41993.0350877193	14950.0	89800.0	57
audi	a8	61693.739726027394	4991.0	128215.0	73
audi	a8 hybrid plug-in	107851.5	104675.0	113280.0	10
audi	allroad	9991.0	9991.0	9991.0	1
audi	e-tron	73248.92307692308	54747.0	84020.0	26
audi	q3	32441.130890052355	13995.0	45770.0	191
audi	q5	34686.04920913884	8995.0	57670.0	569
audi	q5 hybrid plug-in	58710.416666666664	55840.0	61965.0	12
audi	q7	42878.793413173655	5500.0	89145.0	334
audi	q8	77304.94117647059	56990.0	102040.0	85
audi	r8	162881.61538461538	59495.0	239850.0	26
audi	rs 3	56460.0	50958.0	64440.0	6
audi	rs 4	26995.0	26995.0	26995.0	1
audi	rs 5	66902.625	30995.0	92990.0	8
audi	rs 5 sportback	76259.0	73618.0	78900.0	2
audi	rs 6	15990.5	14990.0	16991.0	2
audi	rs 7	64351.0	58000.0	72981.0	5
audi	rs q8	135720.0	134950.0	136490.0	2
audi	s3	33678.375	11995.0	54185.0	24
audi	s4	37904.969696969696	3200.0	68755.0	66
audi	s4 avant	12995.0	12995.0	12995.0	1
audi	s5	33398.256410256414	10995.0	61990.0	39
audi	s5 sportback	45085.22222222222	34481.0	64690.0	27
audi	s6	53546.1724137931	26891.0	92190.0	29
audi	s7	55418.666666666664	26942.0	107590.0	15
audi	s8	113322.81818181818	22991.0	164845.0	11
audi	sq5	49338.09523809524	18999.0	68465.0	63
audi	sq7	95702.14285714286	89385.0	106290.0	14
audi	sq8	102282.5	95565.0	109000.0	2
audi	tt	18951.933333333334	6995.0	41995.0	15
audi	tt rs	59473.666666666664	36826.0	78620.0	3
audi	tts	36438.333333333336	23788.0	44999.0	6
bentley	bentayga	158686.46153846153	131800.0	235995.0	13
bentley	brooklands	32750.0	32750.0	32750.0	1
bentley	continental flying spur	41130.125	23900.0	53800.0	8
bentley	continental gt	105223.94444444444	36000.0	234998.0	18
bentley	continental gtc	99157.61904761905	43899.0	185000.0	21
bentley	continental supersports	156941.33333333334	89995.0	190890.0	3
bentley	flying spur	95122.28571428571	71440.0	148500.0	14
bentley	mulsanne	181532.7142857143	88793.0	335995.0	7
bentley	turbo r	29995.0	29995.0	29995.0	1
bmw	1 series	11106.733333333334	5995.0	16995.0	15
bmw	2 series	39972.52	15290.0	59835.0	175
bmw	3 series	30443.243884892086	2000.0	68470.0	1390
bmw	3 series gran turismo	26652.76923076923	14995.0	37995.0	39
bmw	4 series	30962.692810457516	14995.0	68835.0	306
bmw	5 series	39696.5964360587	3450.0	93435.0	954
bmw	5 series gran turismo	23593.590909090908	13499.0	34957.0	22
bmw	6 series	36291.369047619046	10495.0	69988.0	84
bmw	6 series gran turismo	43791.625	34995.0	49995.0	8
bmw	7 series	59845.09523809524	6500.0	168475.0	231
bmw	8 series	101460.515625	86995.0	123045.0	64
bmw	i3	21582.31914893617	11995.0	32999.0	47
bmw	i8	73250.0	48995.0	94800.0	9
bmw	m2	58135.28571428572	41800.0	79900.0	14
bmw	m3	41958.108695652176	11995.0	82990.0	46
bmw	m4	60055.91935483871	33590.0	115080.0	62
bmw	m5	84671.65	16942.0	127390.0	40
bmw	m6	47139.17391304348	18000.0	128888.0	23
bmw	m8	149657.5	120900.0	175045.0	54
bmw	x1	30403.520383693045	8995.0	48695.0	417
bmw	x2	41517.594405594406	25477.0	54320.0	143
bmw	x3	39231.087002096436	4495.0	68820.0	954
bmw	x3 m	78028.71428571429	64487.0	84395.0	35
bmw	x4	44309.99	20995.0	70270.0	100
bmw	x4 m	78894.125	73290.0	86495.0	8
bmw	x5	46354.3922046285	3595.0	104125.0	821
bmw	x5 m	78953.27659574468	19995.0	123795.0	47
bmw	x6	51647.3359375	16895.0	100245.0	128
bmw	x6 m	73942.30769230769	25495.0	129795.0	26
bmw	x7	85178.84615384616	63977.0	115845.0	104
bmw	z3	10394.2	3495.0	16991.0	5
bmw	z4	40388.52631578947	9995.0	70295.0	19
bmw	z4 m	16495.0	16495.0	16495.0	1
buick	cascada	22485.75	20342.0	24250.0	8
buick	century	3038.4285714285716	1499.0	5500.0	7
buick	electra	18950.0	18950.0	18950.0	1
buick	enclave	32455.686327077747	5499.0	60640.0	373
buick	encore	20870.956356736242	8500.0	35920.0	527
buick	encore gx	27971.434285714287	21549.0	37915.0	525
buick	envision	32313.34410646388	15500.0	49235.0	526
buick	lacrosse	15149.337078651686	2999.0	39380.0	89
buick	lesabre	3958.5	2444.0	4995.0	4
buick	lucerne	5999.5	2988.0	9985.0	18
buick	park avenue	2700.0	2700.0	2700.0	1
buick	rainier	4947.0	4895.0	4999.0	2
buick	reatta	12995.0	12995.0	12995.0	1
buick	regal	15776.792452830188	2899.0	24895.0	53
buick	rendezvous	3500.3333333333335	1400.0	4991.0	6
buick	riviera	9798.333333333334	7500.0	11900.0	3
buick	roadmaster	5447.5	3995.0	6900.0	2
buick	special	19995.0	19995.0	19995.0	1
buick	verano	12896.242857142857	5900.0	18500.0	70
cadillac	allante	7870.0	6500.0	8995.0	4
cadillac	ats	20670.0703125	10450.0	28858.0	128
cadillac	ats coupe	24801.5	15995.0	38137.0	22
cadillac	ats-v	37988.333333333336	36970.0	38995.0	3
cadillac	ats-v coupe	45997.0	44999.0	46995.0	2
cadillac	brougham	3995.0	3995.0	3995.0	1
cadillac	ct4	43851.318584070796	33477.0	55410.0	113
cadillac	ct5	46842.454106280195	35098.0	66115.0	207
cadillac	ct6	38327.29069767442	22400.0	64799.0	86
cadillac	ct6-v	89804.0	82388.0	97220.0	2
cadillac	cts	20698.879120879123	2999.0	52988.0	182
cadillac	cts coupe	15153.25	8899.0	22590.0	12
cadillac	cts sport wagon	13990.0	13990.0	13990.0	1
cadillac	cts-v	50432.25	42990.0	69000.0	4
cadillac	cts-v coupe	47470.0	47470.0	47470.0	1
cadillac	cts-v wagon	65000.0	65000.0	65000.0	1
cadillac	deville	9484.166666666666	3500.0	28950.0	12
cadillac	dts	7264.333333333333	3999.0	10999.0	21
cadillac	eldorado	15366.5	4995.0	36999.0	4
cadillac	elr	21483.5	18950.0	23999.0	4
cadillac	escalade	65895.34246575342	5995.0	110500.0	292
cadillac	escalade esv	63035.91860465116	6999.0	102325.0	172
cadillac	escalade ext	18123.85714285714	13995.0	29500.0	7
cadillac	escalade hybrid	22975.0	22975.0	22975.0	1
cadillac	fleetwood	19495.0	8995.0	29995.0	2
cadillac	seville	3490.0	3490.0	3490.0	1
cadillac	srx	14184.389830508475	1500.0	28900.0	118
cadillac	sts	6014.666666666667	4899.0	9499.0	9
cadillac	xlr	20038.75	13500.0	29900.0	8
cadillac	xt4	44640.80263157895	31339.0	55488.0	152
cadillac	xt5	40680.68970814132	19990.0	66880.0	651
cadillac	xt6	58209.28727272727	48159.0	71988.0	275
cadillac	xts	22439.333333333332	8995.0	48770.0	93
chevrolet	3100	25999.0	25999.0	25999.0	1
chevrolet	astro	6695.0	6695.0	6695.0	1
chevrolet	astro cargo	5734.0	2795.0	9990.0	5
chevrolet	avalanche	13470.5	1991.0	29000.0	36
chevrolet	aveo	3402.923076923077	995.0	5995.0	13
chevrolet	bel air	57242.5	30000.0	79000.0	4
chevrolet	blazer	34421.778795811515	1695.0	52840.0	764
chevrolet	bolt ev	31153.536496350363	15982.0	44135.0	274
chevrolet	c/k 10	12900.0	9950.0	15850.0	2
chevrolet	c/k 1500	6961.0	950.0	20000.0	4
chevrolet	c/k 20	14991.5	14988.0	14995.0	2
chevrolet	c/k 2500	6995.0	6995.0	6995.0	1
chevrolet	c/k 3500	6595.0	6595.0	6595.0	1
chevrolet	camaro	29772.94890510949	6995.0	75995.0	274
chevrolet	caprice	12472.25	4999.0	23900.0	4
chevrolet	captiva sport	9417.714285714286	5499.0	12500.0	14
chevrolet	cavalier	3329.3333333333335	1995.0	4595.0	6
chevrolet	chevelle	47498.333333333336	32500.0	70000.0	3
chevrolet	city express	12616.25	11980.0	13495.0	4
chevrolet	cobalt	3653.6071428571427	1894.0	5988.0	28
chevrolet	colorado	29699.64126984127	2999.0	51660.0	630
chevrolet	corsica	1795.0	1795.0	1795.0	1
chevrolet	corvair	11995.0	11995.0	11995.0	1
chevrolet	corvette	40005.62987012987	4990.0	179900.0	154
chevrolet	cruze	12185.666071428572	3199.0	21500.0	560
chevrolet	cruze limited	10537.945945945947	7499.0	13475.0	37
chevrolet	el camino	9250.0	9250.0	9250.0	1
chevrolet	equinox	24142.042826552464	2399.0	42380.0	3736
chevrolet	express	23953.9022556391	5500.0	51997.0	133
chevrolet	express cargo	18474.47619047619	2000.0	43499.0	231
chevrolet	express chassis	38039.5	31968.0	47071.0	14
chevrolet	hhr	4514.75	950.0	9995.0	24
chevrolet	impala	16890.524429967427	1500.0	40930.0	307
chevrolet	impala limited	9408.631578947368	4800.0	13900.0	19
chevrolet	lumina	1750.0	1750.0	1750.0	1
chevrolet	malibu	16891.958773784354	1990.0	36605.0	946
chevrolet	malibu hybrid	12518.5	4693.0	19900.0	10
chevrolet	malibu maxx	2384.75	1500.0	3394.0	4
chevrolet	monte carlo	12585.0	6695.0	24990.0	5
chevrolet	nova	30225.0	26950.0	33500.0	2
chevrolet	s-10	6247.7	2599.0	15499.0	10
chevrolet	silverado 1500	36670.44731273805	1599.0	82639.0	2363
chevrolet	silverado 1500hd	6000.0	6000.0	6000.0	1
chevrolet	silverado 2500hd	41524.06153846154	3299.0	79902.0	260
chevrolet	silverado 3500	13462.5	9995.0	19800.0	6
chevrolet	silverado 3500hd	42594.117647058825	17990.0	79515.0	68
chevrolet	silverado 3500hd chassis	48381.53846153846	35795.0	60992.0	26
chevrolet	silverado classic 1500	5211.857142857143	2999.0	7993.0	7
chevrolet	silverado classic 2500hd	11900.0	11900.0	11900.0	1
chevrolet	silverado classic 3500	13995.0	12995.0	14995.0	2
chevrolet	sonic	12185.947368421053	2000.0	22397.0	114
chevrolet	spark	13690.367647058823	3995.0	19395.0	136
chevrolet	spark ev	11590.0	11590.0	11590.0	1
chevrolet	ss	38000.0	38000.0	38000.0	1
chevrolet	ssr	26997.5	24800.0	29195.0	2
chevrolet	suburban	47121.3974025974	2399.0	84535.0	385
chevrolet	tahoe	52034.362297496315	2195.0	82785.0	679
chevrolet	tahoe hybrid	10000.0	10000.0	10000.0	1
chevrolet	trailblazer	21460.665094339623	1499.0	32515.0	212
chevrolet	trailblazer ext	3848.0	1795.0	5500.0	5
chevrolet	traverse	31148.292506043512	2488.0	55660.0	1241
chevrolet	trax	19902.88675429727	8499.0	30360.0	1978
chevrolet	uplander	1999.0	1999.0	1999.0	1
chevrolet	venture	2500.0	2500.0	2500.0	1
chevrolet	volt	15860.625	7359.0	23988.0	64
chrysler	200	10275.0	2695.0	21995.0	140
chrysler	300	20190.780303030304	2995.0	44008.0	264
chrysler	aspen	5665.0	2000.0	7500.0	3
chrysler	concorde	6495.0	6495.0	6495.0	1
chrysler	crossfire	10150.8	5899.0	13500.0	10
chrysler	new yorker	2999.0	2999.0	2999.0	1
chrysler	pacifica	31247.86551724138	2677.0	51180.0	580
chrysler	pacifica hybrid	47764.65217391304	38683.0	59498.0	23
chrysler	pt cruiser	3735.0	995.0	5977.0	15
chrysler	sebring	4224.290322580645	1595.0	7995.0	31
chrysler	town & country	9570.904761904761	995.0	43998.0	189
chrysler	voyager	27610.15	2495.0	32780.0	60
dodge	avenger	7131.681818181818	2750.0	13995.0	44
dodge	caliber	4383.5	1990.0	7357.0	28
dodge	caravan	2997.5	2500.0	3495.0	2
dodge	challenger	37432.58045977011	9900.0	149000.0	348
dodge	charger	30682.348936170212	1900.0	80710.0	470
dodge	dakota	6764.918918918919	2799.0	16000.0	37
dodge	dart	8573.462686567163	4995.0	12590.0	67
dodge	durango	33159.88668224299	1595.0	67988.0	856
dodge	grand caravan	17809.854330708662	2100.0	58997.0	508
dodge	journey	16662.62222222222	3460.0	33526.0	315
dodge	magnum	4499.0	4499.0	4499.0	1
dodge	neon	2995.0	2995.0	2995.0	1
dodge	nitro	7349.083333333333	4990.0	11900.0	12
dodge	ram 150	5995.0	5995.0	5995.0	1
dodge	ram 1500	9133.76119402985	3699.0	18993.0	67
dodge	ram 2500	13835.472222222223	3699.0	30995.0	36
dodge	ram 350	9995.0	9995.0	9995.0	1
dodge	ram 3500	20247.25	8599.0	30994.0	8
dodge	ram 3500 chassis 	15990.0	15990.0	15990.0	1
dodge	ram van	3995.0	3995.0	3995.0	1
dodge	ramcharger	19900.0	19900.0	19900.0	1
dodge	stealth	32500.0	32500.0	32500.0	1
dodge	stratus	3025.4	1999.0	3995.0	5
dodge	viper	68352.8	49995.0	84999.0	5
ferrari	250 gt	1390000.0	1390000.0	1390000.0	1
ferrari	308	87995.0	50990.0	125000.0	2
ferrari	328	64988.0	64988.0	64988.0	1
ferrari	360	85500.0	85500.0	85500.0	1
ferrari	360 spider	93500.0	93500.0	93500.0	1
ferrari	430 scuderia	256250.0	195000.0	317500.0	2
ferrari	458 italia	211682.66666666666	139995.0	362750.0	9
ferrari	488	325182.75	227900.0	510000.0	12
ferrari	550	164995.0	164995.0	164995.0	1
ferrari	575m	146400.0	129900.0	162900.0	2
ferrari	599 gtb fiorano	347758.3333333333	119000.0	1299950.0	6
ferrari	612 scaglietti	129900.0	129900.0	129900.0	1
ferrari	812 superfast	408723.0	348000.0	529997.0	4
ferrari	california	108388.0	98999.0	117777.0	2
ferrari	california t	148983.16666666666	129714.0	178795.0	6
ferrari	f12 berlinetta	218739.0	182990.0	230905.0	5
ferrari	f430	79800.0	79800.0	79800.0	1
ferrari	f430 spider	159900.0	149900.0	169900.0	2
ferrari	ff	129865.0	129865.0	129865.0	1
ferrari	gtc4lusso	286416.3333333333	221000.0	350698.0	6
ferrari	gtc4lusso t	227780.0	191995.0	289900.0	6
ferrari	mondial	59400.0	59400.0	59400.0	1
ferrari	portofino	227613.33333333334	205000.0	239990.0	6
ferrari	superamerica	309900.0	299900.0	319900.0	2
ferrari	testarossa	115000.0	115000.0	115000.0	1
fiat	124 spider	25356.068965517243	6980.0	39305.0	29
fiat	500	9173.542857142857	2500.0	20999.0	35
fiat	500e	9900.0	9400.0	10500.0	3
fiat	500l	17861.4	5995.0	28450.0	10
fiat	500x	21797.64814814815	5995.0	32860.0	54
fisker	karma	33800.0	33800.0	33800.0	1
ford	bronco	59725.0	9995.0	179000.0	6
ford	c-max energi	13618.333333333334	7995.0	19699.0	27
ford	c-max hybrid	11345.85	4995.0	18995.0	40
ford	crown victoria	2895.125	1595.0	4995.0	8
ford	e-series	10825.382978723404	985.0	23600.0	188
ford	e-series chassis	32356.63157894737	5995.0	57295.0	19
ford	econoline cargo	5999.0	5999.0	5999.0	1
ford	econoline wagon	16628.333333333332	9900.0	22995.0	3
ford	ecosport	22887.104895104894	13900.0	31540.0	858
ford	edge	29968.555207026347	2999.0	52935.0	1594
ford	escape	22994.188609467456	1500.0	40985.0	2704
ford	escape hybrid	32113.01694915254	2999.0	39375.0	118
ford	escort	3995.0	3995.0	3995.0	1
ford	excursion	10977.4	5399.0	21999.0	5
ford	expedition	56132.25294117647	2980.0	86125.0	510
ford	explorer	38079.797935688766	1320.0	64070.0	2519
ford	explorer hybrid	50016.944444444445	38900.0	57898.0	18
ford	explorer sport trac	7197.130434782609	2899.0	10980.0	23
ford	f-150	41582.80954748881	1995.0	111024.0	4022
ford	f-250 super duty	40823.245989304814	3500.0	82440.0	374
ford	f-350 super duty	44630.47843942505	4450.0	88150.0	487
ford	f-350 super duty chassis	44254.33928571428	14985.0	66195.0	112
ford	f-450	12995.0	12995.0	12995.0	1
ford	f-450 super duty	50917.359375	8985.0	81745.0	64
ford	f-450 super duty chassis	11999.0	11999.0	11999.0	1
ford	f-550 super duty	32225.23076923077	17990.0	42985.0	13
ford	f-550 super duty chassis	57746.69832402235	7999.0	85845.0	179
ford	fairlane	39995.0	39995.0	39995.0	1
ford	fiesta	9301.377358490567	3695.0	18999.0	106
ford	five hundred	3897.0	1995.0	5995.0	9
ford	flex	20582.712	5250.0	39997.0	125
ford	focus	9410.892376681615	895.0	21999.0	446
ford	focus electric	11145.0	9295.0	12995.0	2
ford	focus rs	32816.72727272727	29990.0	38999.0	11
ford	freestar	4245.5	3991.0	4500.0	2
ford	freestyle	4491.25	2688.0	5477.0	4
ford	fusion	20818.287504475473	1590.0	38240.0	2793
ford	fusion energi	29376.957055214723	8495.0	39885.0	163
ford	fusion hybrid	22693.046376811595	3999.0	36185.0	345
ford	ltd crown victoria	3995.0	3995.0	3995.0	1
ford	model a	13999.0	13999.0	13999.0	1
ford	mustang	29647.113899613898	2800.0	227500.0	518
ford	mustang mach-e	56500.0	53800.0	59200.0	2
ford	mustang shelby gt350	60043.55172413793	47500.0	76595.0	29
ford	mustang shelby gt500	56783.52631578947	34990.0	95500.0	19
ford	mustang svt cobra	21493.0	17995.0	24991.0	2
ford	ranger	33089.58409090909	1495.0	47800.0	440
ford	taurus	13297.061452513966	1780.0	29900.0	179
ford	taurus x	2492.5	2490.0	2495.0	2
ford	thunderbird	25409.8	10898.0	59990.0	15
ford	transit cargo	35250.40909090909	9985.0	426450.0	396
ford	transit chassis	39396.828571428574	19999.0	62655.0	35
ford	transit connect	24158.562949640287	4999.0	33649.0	556
ford	transit crew	44958.7	34177.0	55670.0	20
ford	transit passenger	32786.948936170214	14900.0	61184.0	235
ford	windstar	2257.3333333333335	777.0	3000.0	3
freightliner	sprinter	16722.25	13900.0	23995.0	4
genesis	g70	43745.17475728155	29000.0	54515.0	103
genesis	g80	38883.367647058825	21995.0	61345.0	68
genesis	g90	54242.148148148146	31990.0	79225.0	27
gmc	acadia	29476.19318181818	5900.0	58070.0	792
gmc	c/k 2500 series	69995.0	69995.0	69995.0	1
gmc	canyon	31446.04424778761	3999.0	46495.0	113
gmc	envoy	4842.578947368421	1495.0	8995.0	19
gmc	envoy xl	4697.5	3400.0	5995.0	2
gmc	safari	3995.0	3995.0	3995.0	1
gmc	safari cargo	5445.0	4995.0	5895.0	2
gmc	savana	24006.605263157893	7795.0	47270.0	38
gmc	savana cargo	24035.5703125	4999.0	41885.0	128
gmc	sierra 1500	39675.308623298035	1399.0	72085.0	661
gmc	sierra 1500 hybrid	14995.0	14995.0	14995.0	1
gmc	sierra 1500 limited	38137.5	36500.0	39775.0	2
gmc	sierra 2500	5497.0	3995.0	6999.0	2
gmc	sierra 2500hd	43524.22580645161	4499.0	79040.0	124
gmc	sierra 2500hd classic	7995.0	7995.0	7995.0	1
gmc	sierra 3500	14129.8	1900.0	23999.0	5
gmc	sierra 3500hd	49347.0	12995.0	82940.0	25
gmc	sierra 3500hd chassis	48647.666666666664	40577.0	52683.0	3
gmc	sierra classic 1500	7900.0	7900.0	7900.0	1
gmc	sonoma	5494.5	4999.0	5990.0	2
gmc	suburban	4322.0	3995.0	4649.0	2
gmc	terrain	26575.100892857143	5999.0	45400.0	1120
gmc	yukon	47604.600877192985	2995.0	83375.0	228
gmc	yukon hybrid	16564.75	5500.0	23995.0	4
gmc	yukon xl	47989.3309352518	3495.0	85795.0	139
honda	accord	19315.739150090416	1000.0	89995.0	2212
honda	accord coupe	13362.23595505618	1499.0	32010.0	89
honda	accord crosstour	10494.142857142857	5995.0	13888.0	7
honda	accord hybrid	25529.93525179856	3000.0	36395.0	139
honda	civic	17725.03293256665	999.0	28655.0	1913
honda	civic coupe	13957.678217821782	1799.0	28999.0	202
honda	civic hatchback	21555.37037037037	13000.0	29905.0	189
honda	civic hybrid	7875.666666666667	2495.0	13975.0	9
honda	civic type r	33853.84210526316	24855.0	38995.0	19
honda	clarity hybrid plug-in 	22925.9	19699.0	26500.0	10
honda	cr-v	24975.15099009901	1780.0	35970.0	2828
honda	cr-v hybrid	32913.625	28870.0	37170.0	96
honda	cr-z	9360.0	5825.0	14990.0	5
honda	crosstour	14204.608695652174	8995.0	17995.0	23
honda	element	7535.454545454545	3399.0	16000.0	33
honda	fit	15488.190721649484	1699.0	21012.0	388
honda	hr-v	22954.48376963351	11495.0	30110.0	955
honda	insight	24798.897959183672	6495.0	30556.0	98
honda	odyssey	27054.20338983051	1985.0	52995.0	708
honda	passport	38805.14975845411	29206.0	44900.0	207
honda	pilot	30177.706692684063	2750.0	51040.0	1073
honda	ridgeline	31305.04268292683	4195.0	45476.0	164
honda	s2000	23449.5	18900.0	26995.0	4
hummer	h2	16035.181818181818	9500.0	23991.0	11
hummer	h2 sut	31189.75	21991.0	50888.0	4
hummer	h3	10344.142857142857	6999.0	13994.0	14
hummer	h3t	24295.0	18900.0	34990.0	3
hyundai	accent	10999.875	2199.0	18651.0	112
hyundai	azera	12400.692307692309	5995.0	20999.0	13
hyundai	elantra	15287.99747687132	1800.0	27635.0	1189
hyundai	elantra coupe	7321.6	5999.0	9990.0	5
hyundai	elantra gt	15931.5	7900.0	29645.0	68
hyundai	elantra touring	6739.142857142857	1999.0	11590.0	14
hyundai	entourage	4495.0	2995.0	5995.0	4
hyundai	equus	15290.666666666666	8977.0	21900.0	3
hyundai	genesis	14831.931034482759	7900.0	22589.0	29
hyundai	genesis coupe	16032.545454545454	7995.0	22900.0	11
hyundai	ioniq electric	35615.357142857145	12991.0	39890.0	42
hyundai	ioniq hybrid	24612.918367346938	11995.0	32920.0	49
hyundai	ioniq hybrid plug-in 	30118.227272727272	18991.0	34370.0	22
hyundai	kona	25996.023121387283	12991.0	31410.0	519
hyundai	kona electric	42486.103896103894	35820.0	47105.0	77
hyundai	palisade	46198.25874125874	35940.0	50315.0	143
hyundai	santa fe	26586.116379310344	3599.0	41885.0	464
hyundai	santa fe sport	17413.007326007326	7000.0	34665.0	273
hyundai	santa fe xl	26879.0	21308.0	32450.0	2
hyundai	sonata	20478.923076923078	1599.0	35110.0	1092
hyundai	sonata hybrid	20357.754098360656	6495.0	35733.0	61
hyundai	sonata hybrid plug-in 	36155.21052631579	26700.0	40270.0	19
hyundai	tiburon	3792.5	2595.0	4990.0	2
hyundai	tucson	24605.429824561405	2200.0	35795.0	1482
hyundai	veloster	11665.21568627451	4599.0	21900.0	51
hyundai	veloster n	30044.0	28450.0	31080.0	5
hyundai	veloster turbo	16186.615384615385	8300.0	26980.0	13
hyundai	venue	19952.93	16030.0	23570.0	100
hyundai	veracruz	8060.875	4995.0	11777.0	8
infiniti	ex35	10845.0	5750.0	15072.0	15
infiniti	fx35	10513.285714285714	5500.0	16890.0	28
infiniti	fx37	17375.666666666668	16395.0	17988.0	3
infiniti	g20	4679.0	4679.0	4679.0	1
infiniti	g25	9385.444444444445	4877.0	11981.0	9
infiniti	g35	7246.0	2899.0	11491.0	27
infiniti	g37	12571.627118644068	4495.0	18690.0	59
infiniti	i30	4750.0	4750.0	4750.0	1
infiniti	i35	2999.0	2999.0	2999.0	1
infiniti	jx35	14857.666666666666	9995.0	18995.0	21
infiniti	m35	7432.25	2999.0	9995.0	8
infiniti	m37	13871.888888888889	9950.0	18777.0	18
infiniti	q40	16416.11111111111	14885.0	18575.0	9
infiniti	q50	27333.69782608696	5995.0	56105.0	460
infiniti	q50 hybrid	21010.6	15998.0	28560.0	5
infiniti	q60	33114.456790123455	18995.0	55684.0	81
infiniti	q70	25667.0	17178.0	35000.0	12
infiniti	q70l	30331.1875	21750.0	39241.0	16
infiniti	qx30	23081.589743589742	16900.0	27999.0	78
infiniti	qx4	3800.0	3800.0	3800.0	1
infiniti	qx50	34101.62195121951	11498.0	61370.0	164
infiniti	qx56	16064.2	4995.0	23995.0	25
infiniti	qx60	40941.501838235294	14333.0	62405.0	544
infiniti	qx60 hybrid	21488.0	14995.0	27981.0	2
infiniti	qx70	29506.545454545456	15912.0	36999.0	22
infiniti	qx80	50369.99056603773	17995.0	88611.0	106
isuzu	trooper	2988.0	2988.0	2988.0	1
jaguar	e-pace	49345.69629629629	29800.0	65375.0	135
jaguar	f-pace	53386.97169811321	27795.0	94670.0	318
jaguar	f-type	74991.6081081081	21900.0	117860.0	74
jaguar	i-pace	76257.8448275862	49987.0	89643.0	58
jaguar	s-type	4164.666666666667	2500.0	5999.0	3
jaguar	x-type	3999.0	2999.0	4999.0	2
jaguar	xe	37647.62204724409	18880.0	59293.0	127
jaguar	xf	38961.19117647059	4995.0	67800.0	68
jaguar	xf sportbrake	63944.0	47994.0	79894.0	2
jaguar	xj-series	37840.070175438595	3900.0	99140.0	57
jaguar	xk-series	21718.571428571428	3995.0	35988.0	7
jeep	cherokee	26825.23919432082	2495.0	43545.0	1292
jeep	cj-5	28695.0	28695.0	28695.0	1
jeep	commander	6079.0	3599.0	9995.0	14
jeep	compass	24565.52118398143	2495.0	39040.0	1723
jeep	gladiator	49791.27433628318	37098.0	89990.0	226
jeep	grand cherokee	33638.27827856935	2495.0	99165.0	3439
jeep	grand wagoneer	50000.0	50000.0	50000.0	1
jeep	liberty	7503.714285714285	2495.0	16000.0	175
jeep	patriot	11890.752293577982	4500.0	20462.0	218
jeep	renegade	21818.160714285714	10400.0	35335.0	448
jeep	wrangler	25610.19230769231	5995.0	53562.0	234
jeep	wrangler unlimited	37701.24125560538	10500.0	88500.0	1115
kaiser	manhattan	12995.0	12995.0	12995.0	1
karma	revero gt	149800.0	149800.0	149800.0	1
kia	amanti	3947.0	2899.0	4995.0	2
kia	borrego	6495.0	6495.0	6495.0	1
kia	cadenza	22551.709677419356	10501.0	42676.0	31
kia	forte	16961.022889842632	2999.0	24485.0	699
kia	forte koup	10022.92857142857	4995.0	14759.0	14
kia	forte5	11327.885714285714	3199.0	19999.0	35
kia	k5	26672.28187919463	23905.0	34155.0	298
kia	k900	56853.0	54861.0	58896.0	4
kia	niro	23722.02666666667	13990.0	34985.0	150
kia	niro ev	42440.46875	34995.0	47090.0	64
kia	niro hybrid plug-in	32852.77272727273	20998.0	37760.0	22
kia	optima	15751.253012048193	2995.0	38335.0	498
kia	optima hybrid	14686.57142857143	6495.0	30280.0	7
kia	optima hybrid plug-in 	16475.666666666668	15947.0	16985.0	3
kia	rio	14453.239316239316	2499.0	22290.0	117
kia	rio5	14354.633333333333	3999.0	18805.0	30
kia	rondo	4050.5714285714284	2399.0	5991.0	7
kia	sedona	26177.331818181818	1999.0	44715.0	220
kia	seltos	25751.777777777777	19500.0	34655.0	180
kia	sephia	1145.0	795.0	1495.0	2
kia	sorento	24267.212441314554	3499.0	48690.0	852
kia	soul	16223.330206378987	2550.0	29570.0	533
kia	soul ev	13425.357142857143	10980.0	15700.0	14
kia	spectra	3639.8571428571427	2995.0	5000.0	7
kia	sportage	25146.45409950946	3750.0	41865.0	1427
kia	stinger	40063.981132075474	21495.0	54850.0	53
kia	telluride	42525.33108108108	32500.0	54465.0	148
lamborghini	aventador	350223.25	249990.0	439998.0	4
lamborghini	gallardo	91995.0	77995.0	105995.0	2
lamborghini	huracan	211024.77777777778	165998.0	339990.0	9
lamborghini	urus	259357.8	238995.0	279999.0	5
land rover	defender	77981.78651685393	38000.0	139000.0	89
land rover	discovery	61485.56024096385	3495.0	83900.0	166
land rover	discovery sport	44470.767895878525	19598.0	75899.0	461
land rover	freelander	3895.0	3895.0	3895.0	1
land rover	lr2	10641.133333333333	3199.0	16495.0	15
land rover	lr3	8119.4	5795.0	13997.0	5
land rover	lr4	24834.6	9995.0	45990.0	20
land rover	range rover	78994.133640553	8800.0	229565.0	217
land rover	range rover evoque	41977.1640625	15976.0	84399.0	256
land rover	range rover hybrid	103734.53543307087	93640.0	113860.0	127
land rover	range rover hybrid plug-in	104561.25	102352.0	109270.0	4
land rover	range rover sport	63443.32786885246	6999.0	150100.0	305
land rover	range rover velar	64157.023166023166	39384.0	102372.0	259
land rover	series iii	27950.0	27950.0	27950.0	1
lexus	ct hybrid	15187.142857142857	7990.0	24298.0	28
lexus	es	45489.514492753624	35761.0	53020.0	138
lexus	es 300	3023.875	1295.0	5500.0	8
lexus	es 300h	24361.043478260868	15950.0	35998.0	23
lexus	es 330	6589.0	4299.0	8995.0	9
lexus	es 350	23071.89003436426	5500.0	35999.0	291
lexus	es hybrid	55647.639344262294	34972.0	434790.0	61
lexus	gs	47290.25	42900.0	59074.0	4
lexus	gs 300	7835.8	4999.0	9995.0	5
lexus	gs 350	34662.586776859505	7495.0	59654.0	121
lexus	gs f	78237.25	44495.0	89638.0	4
lexus	gx	42284.19379844961	15898.0	67995.0	129
lexus	gx 470	12751.888888888889	9000.0	17975.0	18
lexus	hs 250h	9664.333333333334	8495.0	10498.0	3
lexus	is	33853.05202312139	4900.0	50050.0	173
lexus	is 250	15391.808219178081	4900.0	25422.0	73
lexus	is 350	25553.0	15999.0	34765.0	20
lexus	lc	87650.75	64995.0	106565.0	8
lexus	lc hybrid	76888.0	76888.0	76888.0	1
lexus	ls	88417.6	67960.0	108135.0	30
lexus	ls 430	9530.0	8595.0	10000.0	3
lexus	ls 460	28662.0	10995.0	52998.0	28
lexus	ls 500	70840.25	52995.0	104256.0	8
lexus	ls 500h	65378.0	65378.0	65378.0	1
lexus	ls 600h l	12995.0	12995.0	12995.0	1
lexus	lx	98060.22222222222	89770.0	101123.0	9
lexus	lx 450	25000.0	25000.0	25000.0	1
lexus	lx 470	13256.666666666666	5995.0	16985.0	3
lexus	lx 570	47483.642857142855	21263.0	94140.0	14
lexus	nx	37928.770833333336	26794.0	48693.0	96
lexus	nx 200t	27743.217391304348	18900.0	36998.0	184
lexus	nx hybrid	39674.086956521736	21995.0	48320.0	23
lexus	rc	51951.88888888889	40598.0	58790.0	18
lexus	rc 300	30364.666666666668	23900.0	36998.0	9
lexus	rc 350	32980.77777777778	19900.0	41487.0	9
lexus	rc f	56779.0	46999.0	68448.0	3
lexus	rx	52080.386189258315	35365.0	64840.0	391
lexus	rx 300	4132.5	2995.0	5981.0	8
lexus	rx 330	8028.9375	5995.0	14000.0	16
lexus	rx 350	29770.734065934066	6800.0	48498.0	455
lexus	rx 400h	8315.3	5999.0	10885.0	10
lexus	rx hybrid	45633.79381443299	12995.0	63510.0	97
lexus	sc 430	13257.333333333334	8491.0	16590.0	6
lexus	ux	32931.857142857145	28577.0	36930.0	7
lexus	ux hybrid	38362.42	27977.0	42040.0	50
lincoln	aviator	69525.22314049587	1980.0	89130.0	242
lincoln	continental	46080.181318681316	2999.0	89625.0	182
lincoln	corsair	45719.84507042253	36545.0	59890.0	497
lincoln	mark lt	16685.0	12995.0	23990.0	5
lincoln	mark vi	12990.0	12990.0	12990.0	1
lincoln	mark vii	10237.5	8500.0	11975.0	2
lincoln	mark viii	27995.0	27995.0	27995.0	1
lincoln	mkc	24972.69298245614	14900.0	45115.0	228
lincoln	mks	12249.5	5199.0	29990.0	30
lincoln	mkt	30020.64406779661	6199.0	49645.0	59
lincoln	mkx	24732.143564356436	3500.0	47210.0	202
lincoln	mkz	38337.82523148148	2999.0	57090.0	864
lincoln	mkz hybrid	33815.78301886792	9995.0	49995.0	106
lincoln	nautilus	52350.34897360704	30352.0	64905.0	341
lincoln	navigator	71633.5560165975	4995.0	105685.0	241
lincoln	town car	6112.909090909091	2500.0	10000.0	22
lincoln	zephyr	3449.75	2500.0	4000.0	4
lotus	elan	29950.0	29950.0	29950.0	1
lotus	elise	32950.0	30000.0	35900.0	2
lotus	evora	104711.66666666667	74995.0	115795.0	12
maserati	coupe	25987.5	22995.0	28980.0	2
maserati	ghibli	47215.13065326633	22995.0	98635.0	199
maserati	gransport	25995.0	25995.0	25995.0	1
maserati	granturismo	66932.5625	31500.0	158900.0	32
maserati	levante	81470.32484076433	34895.0	135994.0	157
maserati	quattroporte	71538.44615384615	9900.0	124721.0	65
maybach	57	43444.5	42995.0	43894.0	2
mazda	cx-3	18776.885135135137	11500.0	29295.0	148
mazda	cx-30	28105.30578512397	23785.0	31625.0	121
mazda	cx-5	25719.851574212895	6991.0	38845.0	1334
mazda	cx-7	7171.238095238095	3999.0	10995.0	21
mazda	cx-9	29307.834615384614	3995.0	53095.0	260
mazda	mazda2	6601.75	3399.0	8995.0	4
mazda	mazda3	17189.847870182555	1995.0	32595.0	493
mazda	mazda5	6420.545454545455	2899.0	11999.0	33
mazda	mazda6	20051.091304347825	2792.0	37140.0	230
mazda	mazdaspeed3	10682.6	6025.0	14990.0	5
mazda	mpv	2995.0	1995.0	4495.0	3
mazda	mx-5 miata	22862.906976744187	3600.0	36695.0	43
mazda	protege	3499.0	3499.0	3499.0	1
mazda	rx-7	30495.0	14995.0	45995.0	2
mazda	rx-8	7727.0	5555.0	9899.0	2
mazda	tribute	4727.615384615385	1000.0	10000.0	13
mclaren	570gt	149000.0	149000.0	149000.0	1
mclaren	570s	158293.75	139500.0	209970.0	8
mclaren	600lt	244400.0	238900.0	249900.0	2
mclaren	650s	154900.0	154900.0	154900.0	1
mclaren	675lt	289900.0	289900.0	289900.0	1
mclaren	720s	299892.0	229998.0	383990.0	4
mclaren	gt	239618.5	205999.0	253525.0	4
mclaren	mp4-12c	105471.0	104942.0	106000.0	2
mercedes-benz	190-class	4995.0	4995.0	4995.0	1
mercedes-benz	250	67000.0	67000.0	67000.0	1
mercedes-benz	280	9999.0	9999.0	9999.0	1
mercedes-benz	380-class	11942.5	7895.0	15990.0	2
mercedes-benz	420-class	5995.0	5995.0	5995.0	1
mercedes-benz	500-class	18995.0	18995.0	18995.0	1
mercedes-benz	560-class	6995.0	6995.0	6995.0	1
mercedes-benz	a-class	38074.232558139534	21950.0	61370.0	86
mercedes-benz	amg gt	138885.9655172414	71800.0	229690.0	29
mercedes-benz	b-class	15995.0	15995.0	15995.0	1
mercedes-benz	c-class	32562.42401343409	2499.0	99320.0	1191
mercedes-benz	cl-class	18580.0	11997.0	24500.0	7
mercedes-benz	cla-class	30101.776315789473	13999.0	64790.0	228
mercedes-benz	clk-class	9484.454545454546	5995.0	14980.0	11
mercedes-benz	cls-class	52912.37837837838	5999.0	96600.0	74
mercedes-benz	e-class	37423.16939252336	2500.0	132150.0	856
mercedes-benz	g-class	115971.87719298246	23942.0	224890.0	57
mercedes-benz	gl-class	22134.565217391304	7495.0	43800.0	92
mercedes-benz	gla-class	36178.35496957404	15495.0	61305.0	493
mercedes-benz	glb-class	45576.591928251124	37995.0	55265.0	223
mercedes-benz	glc-class	45882.26198630137	22000.0	100275.0	584
mercedes-benz	gle-class	51615.664761904765	21950.0	134055.0	525
mercedes-benz	glk-class	14661.383333333333	5998.0	29995.0	60
mercedes-benz	gls-class	60037.913043478264	28565.0	136775.0	276
mercedes-benz	m-class	16578.26168224299	3499.0	39995.0	107
mercedes-benz	metris	33405.236363636366	16988.0	63998.0	55
mercedes-benz	metris cargo	33914.2125	15995.0	37917.0	240
mercedes-benz	r-class	9512.625	7249.0	12995.0	8
mercedes-benz	s-class	77620.94892473119	4000.0	203255.0	372
mercedes-benz	s-class coupe	86273.42857142857	48895.0	148740.0	28
mercedes-benz	sl-class	69012.15625	6995.0	138528.0	96
mercedes-benz	slc-class	56022.85294117647	27695.0	76395.0	34
mercedes-benz	slk-class	24192.875	17900.0	32995.0	8
mercedes-benz	slr mclaren	859000.0	859000.0	859000.0	1
mercedes-benz	sls-class	275000.0	275000.0	275000.0	1
mercedes-benz	sprinter	53144.692893401014	11500.0	90999.0	394
mercedes-benz	sprinter cargo	39466.91071428572	12950.0	63077.0	56
mercury	capri	5800.0	5800.0	5800.0	1
mercury	grand marquis	4315.846153846154	1799.0	8995.0	13
mercury	mariner	4855.8	2995.0	9000.0	15
mercury	mariner hybrid	4850.0	2495.0	7995.0	4
mercury	milan	5216.933333333333	2500.0	7500.0	15
mercury	montego	5397.5	4295.0	6500.0	2
mercury	monterey	15746.0	1995.0	34990.0	4
mercury	mountaineer	5671.8	2995.0	8995.0	10
mercury	sable	4151.571428571428	2995.0	5988.0	7
mini	cooper	23322.021276595744	2200.0	45750.0	329
mini	cooper clubman	27146.586776859505	6990.0	43085.0	121
mini	cooper coupe	12945.0	10900.0	14990.0	2
mini	cooper paceman	13329.666666666666	12990.0	13999.0	3
mini	countryman	27322.95338983051	6495.0	46995.0	236
mini	countryman hybrid plug-in 	36974.5	27999.0	45950.0	2
mini	roadster	14744.0	12490.0	16998.0	2
mitsubishi	eclipse	4309.0	1999.0	7995.0	8
mitsubishi	eclipse cross	23847.939655172413	14995.0	33500.0	116
mitsubishi	eclipse spyder	3798.0	2995.0	4900.0	3
mitsubishi	endeavor	4464.9	2995.0	6995.0	10
mitsubishi	galant	4557.5	1983.0	7995.0	8
mitsubishi	lancer	6990.913043478261	2250.0	11986.0	23
mitsubishi	lancer evolution	28195.85714285714	22999.0	34995.0	7
mitsubishi	mirage	14913.183006535948	4995.0	18500.0	153
mitsubishi	mirage g4	16665.5	7499.0	19770.0	166
mitsubishi	outlander	21124.486187845305	1995.0	31273.0	181
mitsubishi	outlander hybrid plug-in 	37457.35	26499.0	41056.0	20
mitsubishi	outlander sport	21195.64652567976	4995.0	29500.0	331
nissan	300zx	11495.0	11495.0	11495.0	1
nissan	350z	11910.625	6995.0	19999.0	8
nissan	370z	24559.30769230769	14994.0	48460.0	13
nissan	altima	18107.671807526218	1899.0	37640.0	1621
nissan	altima coupe	7427.714285714285	2988.0	12500.0	21
nissan	altima hybrid	6515.5	4900.0	8995.0	10
nissan	armada	33307.875	3999.0	69975.0	96
nissan	cube	6035.0	3999.0	7900.0	5
nissan	frontier	20768.37777777778	5499.0	39190.0	135
nissan	gt-r	93195.5	50100.0	179980.0	14
nissan	juke	10635.75925925926	5995.0	18959.0	54
nissan	kicks	20844.64912280702	13995.0	25023.0	171
nissan	leaf	32252.20979020979	5495.0	45930.0	143
nissan	maxima	20459.40702479339	999.0	43550.0	484
nissan	murano	27330.738480697386	899.0	49765.0	803
nissan	murano crosscabriolet	16487.0	14995.0	19459.0	4
nissan	nv cargo	27420.40625	8985.0	36615.0	64
nissan	nv passenger	34453.454545454544	14488.0	44855.0	11
nissan	nv200	18020.983333333334	5985.0	29998.0	60
nissan	pathfinder	23237.54794520548	1200.0	47362.0	584
nissan	pathfinder hybrid	16000.0	16000.0	16000.0	1
nissan	quest	8289.275862068966	2495.0	16500.0	29
nissan	rogue	20463.838788870704	2222.0	38080.0	2444
nissan	rogue hybrid	23459.0	23459.0	23459.0	1
nissan	rogue select	10222.448275862069	5995.0	17995.0	29
nissan	rogue sport	22189.444610778442	12900.0	34345.0	668
nissan	sentra	14509.226666666667	999.0	111111.0	975
nissan	titan	31624.133928571428	4199.0	67800.0	112
nissan	versa	11664.472868217053	1899.0	22250.0	258
nissan	versa note	8061.222222222223	4995.0	11980.0	36
nissan	xterra	10163.275	3495.0	23899.0	40
oldsmobile	442	59000.0	59000.0	59000.0	1
oldsmobile	alero	1697.5	1495.0	1900.0	2
oldsmobile	custom cruiser	21995.0	21995.0	21995.0	1
oldsmobile	delta 88	23997.5	23995.0	24000.0	2
oldsmobile	toronado	22995.0	22995.0	22995.0	1
plymouth	barracuda	60000.0	60000.0	60000.0	1
plymouth	prowler	33425.0	31900.0	34950.0	2
pontiac	aztek	3000.0	3000.0	3000.0	1
pontiac	bonneville	2230.0	1995.0	2500.0	3
pontiac	fiero	9999.0	9999.0	9999.0	1
pontiac	firebird	16242.166666666666	5000.0	26950.0	6
pontiac	g5	4999.0	4999.0	4999.0	1
pontiac	g6	4409.133333333333	1500.0	7991.0	30
pontiac	g8	20573.75	14500.0	29995.0	4
pontiac	grand am	2460.75	1998.0	2900.0	4
pontiac	grand prix	8697.8	2499.0	19995.0	5
pontiac	grand ville	19995.0	19995.0	19995.0	1
pontiac	gto	20361.25	13988.0	39950.0	8
pontiac	solstice	10299.75	8999.0	11300.0	4
pontiac	sunfire	2547.0	1299.0	3795.0	2
pontiac	torrent	5268.0	3495.0	7444.0	4
pontiac	vibe	4420.85	2995.0	6800.0	20
porsche	356	18995.0	18995.0	18995.0	1
porsche	718 boxster	66159.77777777778	45894.0	88995.0	9
porsche	718 cayman	73014.1	47995.0	119470.0	20
porsche	911	112830.25308641975	20995.0	335900.0	162
porsche	912	92747.5	79995.0	105500.0	2
porsche	914	99900.0	99900.0	99900.0	1
porsche	924	27900.0	27900.0	27900.0	1
porsche	928	12999.0	12999.0	12999.0	1
porsche	944	10995.0	10995.0	10995.0	1
porsche	boxster	18411.0	5999.0	39999.0	21
porsche	carrera gt	819000.0	819000.0	819000.0	1
porsche	cayenne	55769.67973856209	8990.0	160540.0	153
porsche	cayenne e-hybrid	73516.36363636363	43995.0	197990.0	11
porsche	cayenne hybrid	27390.0	27390.0	27390.0	1
porsche	cayman	65230.11111111111	26401.0	188900.0	9
porsche	macan	50058.7100591716	25950.0	94710.0	169
porsche	panamera	71918.38095238095	22995.0	143820.0	84
porsche	panamera e-hybrid	140835.7142857143	76555.0	215300.0	7
porsche	panamera hybrid	26995.0	26995.0	26995.0	1
porsche	taycan	163851.2	135010.0	206950.0	15
ram	1500	40227.46204005589	4891.0	72900.0	2147
ram	2500	50257.943181818184	4980.0	83375.0	264
ram	3500	54271.34020618557	19990.0	88475.0	97
ram	3500 chassis	45161.72093023256	24500.0	63425.0	43
ram	4500 chassis	31331.0	23995.0	39999.0	3
ram	5500 chassis	54284.142857142855	30990.0	75098.0	35
ram	c/v	8962.5	3680.0	15600.0	6
ram	dakota	14750.0	11500.0	18000.0	2
ram	promaster	32736.878787878788	9985.0	58999.0	231
ram	promaster city	21902.826530612245	7777.0	30100.0	98
rolls-royce	cullinan	459995.0	459995.0	459995.0	1
rolls-royce	dawn	235723.75	198000.0	272995.0	4
rolls-royce	ghost	165478.0	109000.0	218388.0	11
rolls-royce	phantom	264961.0	155888.0	449995.0	3
rolls-royce	phantom drophead coupe	265975.8	169995.0	400000.0	5
rolls-royce	silver spur	13994.0	13994.0	13994.0	1
rolls-royce	wraith	188469.9090909091	152500.0	259995.0	11
saab	9-3	5377.4	2200.0	9990.0	15
saab	9-3 sportcombi	6857.333333333333	5895.0	7900.0	3
saab	9-4x	17491.0	14991.0	19991.0	2
saab	9-5	6523.0	1995.0	17988.0	10
saab	9-7x	5999.0	5999.0	5999.0	1
saab	900	5747.5	4995.0	6500.0	2
saturn	astra	5250.0	5250.0	5250.0	1
saturn	aura	5198.363636363636	3995.0	6713.0	11
saturn	ion	3686.8571428571427	2250.0	4975.0	7
saturn	l-series	2914.3333333333335	2495.0	3449.0	3
saturn	l300	2872.5	1750.0	3995.0	2
saturn	outlook	5726.833333333333	4995.0	5999.0	6
saturn	s-series	3082.5714285714284	1500.0	6999.0	7
saturn	sky	8860.5	6995.0	12997.0	4
saturn	vue	4312.7	2499.0	8995.0	20
saturn	vue hybrid	5661.333333333333	4995.0	6490.0	3
scion	fr-s	19892.846153846152	11999.0	45000.0	13
scion	ia	10006.333333333334	8299.0	11795.0	6
scion	im	13384.0	12995.0	13982.0	4
scion	iq	6995.0	4999.0	8991.0	2
scion	tc	8366.296296296296	3000.0	14990.0	27
scion	xa	3277.4	2499.0	3999.0	5
scion	xb	8077.625	2495.0	13998.0	16
scion	xd	5490.533333333334	3099.0	9500.0	15
shelby	cobra	43995.0	43995.0	43995.0	1
smart	fortwo	10166.047619047618	2595.0	15000.0	21
spyker	c8	305500.0	305500.0	305500.0	1
subaru	ascent	39739.3023255814	26995.0	48828.0	258
subaru	b9 tribeca	6504.5	3000.0	9575.0	8
subaru	baja	8342.5	5995.0	10590.0	6
subaru	brz	20947.1875	11995.0	28990.0	16
subaru	crosstrek	26192.575342465752	11995.0	33040.0	1022
subaru	crosstrek hybrid	36463.74285714285	31995.0	39742.0	35
subaru	forester	23113.57960526316	900.0	37418.0	1520
subaru	impreza	18051.600840336134	1500.0	30814.0	952
subaru	impreza wrx	13953.454545454546	6750.0	18991.0	33
subaru	impreza wrx sti	20449.833333333332	10991.0	31999.0	12
subaru	legacy	19879.783834586466	2695.0	37617.0	532
subaru	outback	25667.56091772152	1645.0	42313.0	1264
subaru	tribeca	8539.375	5900.0	14975.0	8
subaru	wrx	25790.85632183908	16000.0	35886.0	174
subaru	wrx sti	33675.65573770492	23995.0	46995.0	61
subaru	xv crosstrek	12945.70093457944	7495.0	19995.0	107
subaru	xv crosstrek hybrid	11996.5	10000.0	15999.0	10
suzuki	aerio	4488.0	3999.0	4977.0	2
suzuki	equator	12997.5	9495.0	16500.0	2
suzuki	forenza	2750.0	2750.0	2750.0	1
suzuki	grand vitara	4247.0	2499.0	5995.0	2
suzuki	kizashi	7295.0	7295.0	7295.0	1
suzuki	sx4	6037.5	2495.0	10000.0	12
suzuki	xl-7	3857.8	1500.0	5995.0	5
tesla	model 3	45478.88	37590.0	53500.0	25
tesla	model s	51551.055555555555	33500.0	79991.0	36
tesla	model x	70449.07142857143	54681.0	82995.0	14
toyota	4runner	34419.52508361204	2800.0	52500.0	299
toyota	86	25178.75	18890.0	31679.0	8
toyota	avalon	27218.582781456953	1999.0	45908.0	151
toyota	avalon hybrid	35397.8	8995.0	46587.0	65
toyota	c-hr	22427.15706806283	14992.0	111111.0	191
toyota	camry	19968.404068169322	1500.0	38996.0	1819
toyota	camry hybrid	26945.65863453815	2200.0	40027.0	249
toyota	camry solara	5868.666666666667	1680.0	10439.0	18
toyota	celica	3499.0	3499.0	3499.0	1
toyota	corolla	15737.928260869565	1650.0	28619.0	1380
toyota	corolla hatchback	22499.237288135595	16060.0	28242.0	59
toyota	corolla hybrid	24320.501509232956	20995.0	25415.0	66
toyota	corolla im	15732.08695652174	13800.0	17991.0	23
toyota	echo	3141.25	2490.0	3781.0	4
toyota	fj cruiser	18013.823529411766	8995.0	35995.0	34
toyota	highlander	33124.8167406468	3750.0	111111.0	1577
toyota	highlander hybrid	40182.08713692946	6750.0	52118.0	241
toyota	land cruiser	66451.70588235294	8888.0	89495.0	17
toyota	matrix	6420.425	2795.0	10998.0	40
toyota	mr2 spyder	11995.0	11995.0	11995.0	1
toyota	prius	16874.08356545961	1920.0	38217.0	359
toyota	prius c	11157.285714285714	4990.0	18590.0	21
toyota	prius plug-in	12154.333333333334	8500.0	16495.0	9
toyota	prius prime	28215.072727272727	15999.0	41954.0	330
toyota	prius v	12146.027027027027	7995.0	20126.0	37
toyota	rav4	22977.056842105263	3650.0	111111.0	2375
toyota	rav4 hybrid	31156.553113553113	13995.0	41568.0	273
toyota	rav4 prime	41714.0	41294.0	42510.0	3
toyota	sequoia	39982.7972972973	3077.0	71408.0	74
toyota	sienna	23340.312734082396	1980.0	51462.0	534
toyota	supra	54632.89552238806	44885.0	61899.0	67
toyota	tacoma	31919.782258064515	4999.0	49990.0	620
toyota	tundra	34540.03135888502	4499.0	57750.0	287
toyota	venza	20542.1511627907	7999.0	43888.0	86
toyota	yaris	14177.287234042553	1989.0	19705.0	94
toyota	yaris ia	15322.25641025641	10595.0	111111.0	39
triumph	tr6	29900.0	29900.0	29900.0	1
volkswagen	arteon	40114.822222222225	28997.0	49199.0	45
volkswagen	atlas	40141.63907284768	22488.0	53664.0	302
volkswagen	atlas cross sport	41527.802083333336	30980.0	59831.0	192
volkswagen	beetle	12584.457627118643	2495.0	30395.0	59
volkswagen	cabrio	2847.0	1699.0	3995.0	2
volkswagen	cc	9488.035714285714	4995.0	17690.0	28
volkswagen	e-golf	26662.25	8910.0	39925.0	12
volkswagen	eos	10727.875	3999.0	16975.0	8
volkswagen	golf	17335.31182795699	1999.0	25709.0	93
volkswagen	golf alltrack	25943.177083333332	13990.0	35620.0	96
volkswagen	golf r	27494.875	14995.0	35995.0	16
volkswagen	golf sportwagen	18078.744680851065	7995.0	31539.0	47
volkswagen	gti	23251.688741721853	6900.0	38874.0	151
volkswagen	jetta	16536.1408045977	1495.0	29659.0	1044
volkswagen	jetta gli	27290.758620689656	19400.0	32705.0	29
volkswagen	jetta hybrid	8923.333333333334	8800.0	8995.0	3
volkswagen	jetta sportwagen	11192.046511627907	3499.0	16995.0	43
volkswagen	passat	16692.06055646481	2395.0	33194.0	611
volkswagen	phaeton	15991.0	11991.0	19991.0	2
volkswagen	r32	13152.8	11499.0	14495.0	5
volkswagen	rabbit	4503.142857142857	1895.0	8995.0	14
volkswagen	routan	7395.8	4999.0	10990.0	10
volkswagen	super beetle	19995.0	19995.0	19995.0	1
volkswagen	tiguan	25378.156706507303	5550.0	41524.0	753
volkswagen	touareg	16888.473684210527	4700.0	31795.0	38
volkswagen	touareg 2	8093.333333333333	6995.0	9990.0	3
volkswagen	touareg hybrid	13985.0	13985.0	13985.0	1
volvo	240	1250.0	1250.0	1250.0	1
volvo	960	3495.0	3495.0	3495.0	1
volvo	c30	7636.0	5700.0	9999.0	5
volvo	c70	7878.666666666667	1399.0	13991.0	9
volvo	s40	5311.333333333333	1500.0	8995.0	12
volvo	s60	31688.057142857142	2495.0	66440.0	385
volvo	s80	8397.526315789473	3749.0	19999.0	19
volvo	s90	38126.97752808989	24999.0	79360.0	89
volvo	v50	4849.5	3699.0	6000.0	2
volvo	v60	41223.53658536585	7499.0	53725.0	123
volvo	v70	4995.0	4995.0	4995.0	1
volvo	v90	50346.97142857143	32959.0	64095.0	35
volvo	xc	3897.0	1799.0	5995.0	2
volvo	xc40	41799.280193236715	28575.0	48205.0	207
volvo	xc60	45465.040133779265	6500.0	75885.0	598
volvo	xc70	10696.772727272728	1980.0	27987.0	44
volvo	xc90	52501.470249520156	1999.0	91535.0	521
