Hive Session ID = 220a69bf-1782-4431-8b6a-796f761efb0d

Logging initialized using configuration in file:/etc/hive/conf.dist/hive-log4j2.properties Async: true
OK
Time taken: 0.509 seconds
OK
Time taken: 0.363 seconds
Loading data to table default.used_cars
OK
Time taken: 0.588 seconds
Query ID = hadoop_20250605141147_a942cbf0-f838-4c2b-98ee-2fc4565da23a
Total jobs = 1
Launching Job 1 out of 1
Status: Running (Executing on YARN cluster with App id application_1749131589170_0005)

Map 1: -/-	Reducer 2: 0/2	Reducer 3: 0/1	
Map 1: 0/6	Reducer 2: 0/2	Reducer 3: 0/1	
Map 1: 0/6	Reducer 2: 0/2	Reducer 3: 0/1	
Map 1: 0(+2)/6	Reducer 2: 0/2	Reducer 3: 0/1	
Map 1: 0(+3)/6	Reducer 2: 0/2	Reducer 3: 0/1	
Map 1: 2(+4)/6	Reducer 2: 0/2	Reducer 3: 0/1	
Map 1: 2(+4)/6	Reducer 2: 0(+1)/2	Reducer 3: 0/1	
Map 1: 2(+4)/6	Reducer 2: 0(+1)/2	Reducer 3: 0/1	
Map 1: 5(+1)/6	Reducer 2: 0(+2)/2	Reducer 3: 0/1	
Map 1: 6/6	Reducer 2: 2/2	Reducer 3: 0(+1)/1	
Map 1: 6/6	Reducer 2: 2/2	Reducer 3: 1/1	
OK
Time taken: 15.666 seconds, Fetched: 689 row(s)
OK
Time taken: 0.156 seconds
