acura	ilx	36	19424.61111111111	12900.0	31205.0	["2017","2016","2019","2018","2020","2015"]
acura	mdx	107	27279.71028037383	4495.0	59275.0	["2008","2017","2006","2010","2016","2015","2019","2007","2005","2018","2011","2014","2012","2013","2020","2009"]
acura	mdx hybrid sport	2	46385.0	31995.0	60775.0	["2018","2020"]
acura	rdx	71	24106.49295774648	7840.0	47195.0	["2019","2018","2015","2010","2013","2017","2012","2014","2021","2020","2009","2016","2008"]
acura	rl	5	7818.6	5990.0	9458.0	["2009","2011","2007","1997","2000"]
acura	rlx	5	36410.4	22999.0	52342.0	["2015","2016","2020"]
acura	rlx hybrid sport	4	53592.5	38999.0	58457.0	["2018","2020"]
acura	rsx	3	3832.3333333333335	2499.0	4999.0	["2002","2003"]
acura	tl	15	8155.866666666667	1899.0	14900.0	["2005","2014","2012","2010","2009","2003","2008","2004","2013"]
acura	tlx	96	23561.239583333332	14200.0	44195.0	["2016","2017","2015","2018","2019","2020"]
acura	tsx	10	10943.1	6499.0	14575.0	["2013","2012","2010","2014","2011"]
alfa romeo	4c	1	97579.0	97579.0	97579.0	["2015"]
alfa romeo	giulia	60	42106.15	23905.0	52740.0	["2018","2017","2019","2020"]
alfa romeo	stelvio	70	43753.514285714286	26905.0	81440.0	["2018","2019","2020"]
aston martin	rapide	1	89668.0	89668.0	89668.0	["2016"]
audi	a3	38	18349.657894736843	8990.0	30900.0	["2015","2016","2017","2019","2018","2007","2012","2011","2013"]
audi	a3 sportback	1	19999.0	19999.0	19999.0	["2017"]
audi	a4	71	19828.323943661973	3995.0	34990.0	["2007","2017","2016","2012","2011","2013","2014","2009","2010","2018","2008","2015","2005","2019"]
audi	a4 allroad	2	26797.5	19995.0	33600.0	["2018","2015"]
audi	a4 avant	2	7392.5	3795.0	10990.0	["2010","2008"]
audi	a5	14	20615.64285714286	7999.0	41495.0	["2013","2010","2012","2018","2014","2016","2011"]
audi	a5 sportback	7	31080.714285714286	24100.0	35990.0	["2018","2019"]
audi	a6	56	23340.339285714286	3400.0	51990.0	["2016","2017","2008","2012","2018","2013","2019","2007","2004","2010","2014","2011"]
audi	a7	9	33662.0	17990.0	53900.0	["2017","2019","2012","2013","2016"]
audi	a8	14	25504.35714285714	5737.0	59995.0	["2018","2016","2015","2013","2019","2014","2017","2002","2006","2004","2012"]
audi	q3	9	25471.555555555555	20990.0	30990.0	["2018","2016","2017"]
audi	q5	64	24748.71875	9995.0	44800.0	["2014","2018","2016","2012","2017","2015","2011","2009","2019","2013","2010"]
audi	q7	45	33064.177777777775	5500.0	49995.0	["2017","2018","2007","2015","2013","2019","2014","2010","2008"]
audi	q8	3	66793.66666666667	63800.0	71681.0	["2019"]
audi	r8	3	103163.0	59495.0	159999.0	["2011","2018","2014"]
audi	rs 3	2	53478.0	50958.0	55998.0	["2018","2019"]
audi	rs 7	1	58900.0	58900.0	58900.0	["2016"]
audi	rs q8	1	134950.0	134950.0	134950.0	["2020"]
audi	s3	5	30899.0	28900.0	35995.0	["2015","2017","2019"]
audi	s4	14	32437.35714285714	8975.0	48627.0	["2005","2018","2009","2014","2019","2000"]
audi	s5	9	34152.444444444445	18985.0	51999.0	["2016","2018","2010","2011"]
audi	s5 sportback	5	42913.2	34481.0	46990.0	["2018"]
audi	s6	9	42530.11111111111	29881.0	47400.0	["2017","2018","2016"]
audi	s7	3	41146.666666666664	26942.0	59999.0	["2015","2016","2014"]
audi	s8	1	64495.0	64495.0	64495.0	["2017"]
audi	sq5	7	42467.0	36500.0	48995.0	["2018","2017","2019"]
audi	tt	4	23845.75	7990.0	41995.0	["2001","2009","2019","2017"]
audi	tts	3	40822.0	35477.0	44999.0	["2018","2017"]
bentley	bentayga	4	170321.25	131800.0	235995.0	["2019","2018","2017"]
bentley	continental flying spur	1	53800.0	53800.0	53800.0	["2007"]
bentley	continental gt	7	98182.0	47990.0	148500.0	["2013","2016","2017","2015","2005"]
bentley	continental gtc	6	84225.83333333333	52995.0	129500.0	["2008","2007","2012","2016","2014"]
bentley	flying spur	4	117368.75	72500.0	148500.0	["2016","2018","2014"]
bentley	mulsanne	2	221995.0	107995.0	335995.0	["2012","2019"]
bmw	1 series	5	10007.0	6975.0	14495.0	["2013","2012","2010","2008"]
bmw	2 series	53	41027.50943396227	16995.0	54035.0	["2017","2018","2021","2020","2015","2016"]
bmw	3 series	467	30278.743040685225	2000.0	61580.0	["2016","2012","2011","2007","2017","2018","1996","2006","2019","2004","2009","2013","2014","2002","2020","2021","2005","2015","2010","2008"]
bmw	3 series gran turismo	14	26011.285714285714	16995.0	37995.0	["2017","2018","2016","2015"]
bmw	4 series	97	27433.123711340206	15495.0	66535.0	["2015","2017","2020","2018","2016","2014","2019"]
bmw	5 series	275	38997.89818181818	3777.0	88535.0	["2013","2012","2014","2018","2017","2008","2016","2019","2011","2015","2007","2020","2021","2010","2003"]
bmw	5 series gran turismo	9	23693.88888888889	13499.0	32995.0	["2017","2013","2010"]
bmw	6 series	28	31983.14285714286	18789.0	69988.0	["2017","2014","2016","2015","2013","2018","2009"]
bmw	6 series gran turismo	1	37995.0	37995.0	37995.0	["2018"]
bmw	7 series	85	49895.48235294117	6500.0	114795.0	["2015","2013","2018","2017","2020","2021","2011","2012","2014","2016","2019","2007","2009"]
bmw	8 series	16	107574.375	89895.0	123045.0	["2021","2020"]
bmw	i3	14	19827.64285714286	11995.0	29998.0	["2014","2015","2016","2018","2019","2017"]
bmw	i8	4	68922.5	48995.0	94800.0	["2015","2019"]
bmw	m2	7	58635.71428571428	41800.0	65855.0	["2018","2020","2021","2019"]
bmw	m3	21	35841.09523809524	11995.0	58888.0	["2018","2003","2006","2017","2005","2008","2011","2004","2016","1999","2013"]
bmw	m4	22	56570.954545454544	36990.0	86795.0	["2017","2016","2015","2018","2019","2020"]
bmw	m5	16	81196.875	16942.0	118995.0	["2016","2018","2019","2021","2012","2006","2020","2014"]
bmw	m6	8	34958.0	19995.0	57800.0	["2017","2009","2014","2010","2016","2008"]
bmw	m8	22	154461.13636363635	136875.0	175045.0	["2021","2020"]
bmw	x1	131	30669.679389312976	11500.0	46175.0	["2017","2016","2014","2021","2018","2020","2015","2019","2013"]
bmw	x2	56	42186.732142857145	29998.0	52120.0	["2020","2021","2018"]
bmw	x3	258	39225.29069767442	7500.0	66920.0	["2013","2014","2017","2015","2019","2016","2018","2020","2021","2007","2011","2009","2008"]
bmw	x3 m	10	77030.5	66800.0	81795.0	["2020","2021"]
bmw	x4	36	41119.22222222222	20995.0	68045.0	["2017","2018","2015","2016","2021","2020"]
bmw	x4 m	2	80197.5	73900.0	86495.0	["2020"]
bmw	x5	252	47768.32142857143	3800.0	103195.0	["2015","2014","2012","2013","2009","2017","2018","2006","2019","2010","2021","2020","2011","2016","2003","2007"]
bmw	x5 m	16	85677.9375	19995.0	123795.0	["2017","2021","2020","2012","2016","2010"]
bmw	x6	31	48694.16129032258	16895.0	100245.0	["2013","2017","2018","2019","2016","2021","2009","2020","2014","2011"]
bmw	x6 m	9	62195.0	25495.0	124125.0	["2013","2011","2012","2021","2020","2015","2017"]
bmw	x7	41	86830.80487804877	63995.0	115045.0	["2019","2021","2020"]
bmw	z3	1	7995.0	7995.0	7995.0	["1997"]
bmw	z4	3	66846.66666666667	65600.0	69095.0	["2020"]
bmw	z4 m	1	16495.0	16495.0	16495.0	["2008"]
buick	cascada	2	21671.0	20342.0	23000.0	["2017","2016"]
buick	century	1	1980.0	1980.0	1980.0	["2003"]
buick	enclave	44	22746.204545454544	5499.0	51275.0	["2014","2017","2011","2020","2018","2016","2019","2012","2009","2015","2008","2013","2010"]
buick	encore	47	17318.08510638298	10950.0	26681.0	["2017","2019","2014","2018","2013","2016","2020","2015"]
buick	encore gx	2	32560.0	29940.0	35180.0	["2020"]
buick	envision	12	27088.083333333332	18600.0	46995.0	["2020","2017","2019"]
buick	lacrosse	16	18083.375	2999.0	29000.0	["2017","2010","2005","2016","2014","2012"]
buick	lesabre	1	4995.0	4995.0	4995.0	["2001"]
buick	lucerne	3	4165.666666666667	2999.0	5499.0	["2007","2008","2010"]
buick	regal	13	17788.923076923078	6900.0	22895.0	["2014","2016","2017","2013","2011"]
buick	roadmaster	1	6900.0	6900.0	6900.0	["1996"]
buick	special	1	19995.0	19995.0	19995.0	["1940"]
buick	verano	6	14475.0	10995.0	18500.0	["2016","2017","2013"]
cadillac	ats	17	19633.058823529413	13575.0	25999.0	["2017","2014","2016","2015","2018","2013"]
cadillac	ats coupe	4	22694.75	15995.0	38137.0	["2015","2019","2016"]
cadillac	ct4	38	45339.42105263158	37199.0	55310.0	["2020"]
cadillac	ct5	53	48474.24528301887	40357.0	65350.0	["2020"]
cadillac	ct6	20	43516.4	30495.0	64799.0	["2020","2017","2016","2018","2019"]
cadillac	cts	37	21944.783783783783	2999.0	51268.0	["2017","2012","2019","2011","2008","2010","2013","2016","2014","2004","2015","2018","2009"]
cadillac	cts coupe	4	14649.25	8899.0	17999.0	["2011","2012","2013"]
cadillac	cts-v	1	45949.0	45949.0	45949.0	["2013"]
cadillac	dts	7	7247.285714285715	3999.0	10999.0	["2008","2006","2009","2007"]
cadillac	eldorado	1	4995.0	4995.0	4995.0	["2000"]
cadillac	elr	2	20472.5	18950.0	21995.0	["2014"]
cadillac	escalade	58	64921.60344827586	8995.0	96590.0	["2016","2020","2019","2017","2015","2010","2018","2011","2012","2009","2014","2008","2005"]
cadillac	escalade esv	35	47292.57142857143	6999.0	99860.0	["2019","2018","2012","2014","2007","2020","2016","2010","2008","2017","2011"]
cadillac	escalade ext	2	15247.0	13995.0	16499.0	["2007","2010"]
cadillac	escalade hybrid	1	22975.0	22975.0	22975.0	["2011"]
cadillac	srx	22	13495.818181818182	2497.0	25497.0	["2013","2012","2010","2011","2014","2008","2016","2004","2015"]
cadillac	sts	2	4947.0	4899.0	4995.0	["2007","2009"]
cadillac	xlr	1	15940.0	15940.0	15940.0	["2004"]
cadillac	xt4	37	43118.16216216216	31339.0	55325.0	["2019","2020"]
cadillac	xt5	110	43304.90909090909	21995.0	66320.0	["2019","2017","2020","2018","2021"]
cadillac	xt6	58	58813.379310344826	48999.0	71245.0	["2020","2021"]
cadillac	xts	22	22876.636363636364	11900.0	43167.0	["2019","2016","2014","2018","2013","2017","2015"]
chevrolet	astro	1	6695.0	6695.0	6695.0	["2005"]
chevrolet	astro cargo	1	4895.0	4895.0	4895.0	["2005"]
chevrolet	avalanche	15	13244.666666666666	3999.0	29000.0	["2013","2004","2003","2002","2008","2007","2005"]
chevrolet	aveo	1	2699.0	2699.0	2699.0	["2009"]
chevrolet	bel air	2	59985.0	49975.0	69995.0	["1955","1957"]
chevrolet	blazer	30	33766.86666666667	7990.0	47291.0	["2019","2020","1999","2021"]
chevrolet	bolt ev	8	27438.125	18530.0	34010.0	["2020","2017"]
chevrolet	c/k 1500	1	2899.0	2899.0	2899.0	["1997"]
chevrolet	camaro	57	26436.56140350877	6995.0	61999.0	["2017","2018","2019","2015","2014","2013","2012","2016","2020","2010","2011","1996","2021","1994"]
chevrolet	caprice	1	4999.0	4999.0	4999.0	["1993"]
chevrolet	captiva sport	4	9098.25	5499.0	10999.0	["2014"]
chevrolet	chevelle	1	39995.0	39995.0	39995.0	["1969"]
chevrolet	cobalt	6	3198.5	2499.0	4500.0	["2005","2008","2009","2007","2006"]
chevrolet	colorado	75	20148.56	2999.0	47335.0	["2018","2017","2020","2016","2021","2011","2006","2015","2005","2007","2004","2008","2009","2010","2012","2019"]
chevrolet	corvair	1	11995.0	11995.0	11995.0	["1964"]
chevrolet	corvette	33	33226.606060606064	7995.0	115000.0	["2006","2013","2001","2008","2002","2020","1990","2009","2007","2012","2003","2004","1978","2014","1993","1966","1980","2017","1995","1988"]
chevrolet	cruze	105	11566.742857142857	3199.0	18000.0	["2014","2017","2011","2013","2018","2015","2019","2012","2016"]
chevrolet	cruze limited	7	10595.285714285714	8495.0	12880.0	["2016"]
chevrolet	el camino	1	9250.0	9250.0	9250.0	["1978"]
chevrolet	equinox	511	22119.170254403132	2399.0	39162.0	["2017","2020","2016","2015","2018","2019","2014","2013","2012","2010","2011","2007","2005","2008","2006"]
chevrolet	express	23	18085.869565217392	8900.0	33900.0	["2018","2012","2014","2010","2019","2020","2015","2016","2003","2002","2009","2005","2017"]
chevrolet	express cargo	22	14989.181818181818	5995.0	36580.0	["2020","2016","2015","2009","2014","2019","2011","2007","2001","2008","2012","2017","2018","2013"]
chevrolet	hhr	5	4953.0	2995.0	7495.0	["2009","2007","2006","2011"]
chevrolet	impala	56	13445.607142857143	1500.0	33765.0	["2018","2019","2010","2006","2013","2015","2017","2001","2000","2016","2011","2008","2007","2012","2020","2009","2014"]
chevrolet	impala limited	3	8500.0	6995.0	10055.0	["2014","2016"]
chevrolet	malibu	149	15778.275167785236	2499.0	31640.0	["2018","2006","2017","2020","2009","2019","2015","2016","2014","2008","2013","2010","2012","2007","2011"]
chevrolet	malibu hybrid	2	17449.5	14999.0	19900.0	["2017","2016"]
chevrolet	malibu maxx	2	2247.5	1500.0	2995.0	["2005","2004"]
chevrolet	monte carlo	1	6695.0	6695.0	6695.0	["2006"]
chevrolet	s-10	2	2799.0	2599.0	2999.0	["1997","2003"]
chevrolet	silverado 1500	198	29960.631313131315	1599.0	68702.0	["2018","2017","2019","2007","2020","2005","2016","2012","2011","2003","2008","2013","2010","1999","2006","2004","2009","2015","2000","2001","2014"]
chevrolet	silverado 2500hd	24	33673.125	3299.0	77744.0	["2019","2020","2017","2016","2013","2010","2002","2009","2011","1999","2005","2015","2012"]
chevrolet	silverado 3500	1	12995.0	12995.0	12995.0	["2003"]
chevrolet	silverado 3500hd	6	45066.833333333336	26999.0	61995.0	["2018","2016","2019","2020","2011"]
chevrolet	silverado classic 1500	5	4499.0	2999.0	5999.0	["2007"]
chevrolet	silverado classic 2500hd	1	11900.0	11900.0	11900.0	["2007"]
chevrolet	silverado classic 3500	1	12995.0	12995.0	12995.0	["2007"]
chevrolet	sonic	12	10784.5	4495.0	19780.0	["2015","2020","2012","2016","2014"]
chevrolet	spark	6	11444.0	5742.0	14984.0	["2015","2014","2020"]
chevrolet	suburban	76	39575.11842105263	3675.0	81200.0	["2018","2016","2017","2019","2020","2009","2015","2012","2014","2011","2013","1950","2007","2008","2002","2021"]
chevrolet	tahoe	87	41055.137931034486	2399.0	78950.0	["2017","2016","2019","2020","2008","2010","2015","2009","2021","2005","2013","2014","2007","2011","2018","2001","2002","2012","2004"]
chevrolet	tahoe hybrid	1	10000.0	10000.0	10000.0	["2008"]
chevrolet	trailblazer	19	12484.473684210527	1499.0	28580.0	["2002","2021","2005","2009","2004","2003","2006","2008"]
chevrolet	trailblazer ext	1	5500.0	5500.0	5500.0	["2005"]
chevrolet	traverse	176	28630.272727272728	5900.0	51021.0	["2018","2017","2015","2012","2020","2016","2013","2011","2019","2009","2014"]
chevrolet	trax	189	19069.724867724868	8499.0	24900.0	["2018","2020","2021","2015","2016","2017","2019"]
chevrolet	volt	15	15050.133333333333	7359.0	22900.0	["2015","2017","2011","2013","2012"]
chrysler	200	28	10017.5	3599.0	14462.0	["2016","2013","2015","2014","2012","2017"]
chrysler	300	61	20706.29508196721	3499.0	41410.0	["2018","2009","2006","2017","2020","2019","2014","2010","2008","2013","2012","2016","2015"]
chrysler	crossfire	2	11950.0	10400.0	13500.0	["2006","2005"]
chrysler	new yorker	1	2999.0	2999.0	2999.0	["1989"]
chrysler	pacifica	145	29507.889655172414	2999.0	48075.0	["2017","2018","2019","2020","2005","2008","2007"]
chrysler	pacifica hybrid	7	47036.28571428572	42340.0	51425.0	["2020"]
chrysler	pt cruiser	4	3537.0	2250.0	4999.0	["2002","2006"]
chrysler	sebring	10	3757.1	2199.0	6995.0	["2010","2009","2007","2008","2005","2004"]
chrysler	town & country	41	8925.292682926829	2999.0	26900.0	["2016","2008","2012","2010","2011","2004","2014","2007","2015","2013","2009","2005"]
chrysler	voyager	15	28202.466666666667	22000.0	32780.0	["2020"]
dodge	avenger	9	5280.111111111111	3599.0	7495.0	["2013","2014","2012","2010","2009","2008"]
dodge	caliber	9	3199.1111111111113	2199.0	3999.0	["2007","2008","2009","2010"]
dodge	challenger	112	38276.92857142857	9900.0	149000.0	["2019","2016","2020","2017","2009","2018","2015","2010","2012","2013","2014","2011"]
dodge	charger	138	31897.543478260868	3999.0	78870.0	["2019","2018","2017","2020","2012","2013","2016","2015","2010","2008","2007","2014","2011"]
dodge	dakota	24	6315.166666666667	2799.0	13999.0	["2004","2002","2003","2007","2009","2006","2008","2005","2010"]
dodge	dart	8	8499.625	4995.0	11995.0	["2013","2016","2014"]
dodge	durango	352	34015.80965909091	1595.0	67988.0	["2018","2017","2019","2020","2000","2008","2014","2013","2011","2015","2016","2012","2005","2004"]
dodge	grand caravan	90	15989.755555555555	2100.0	35000.0	["2017","2016","2008","2004","2014","2019","2012","2018","2006","2010","2009","2011","2013","2015"]
dodge	journey	62	15864.532258064517	3460.0	29102.0	["2019","2017","2014","2016","2018","2015","2013","2011","2020","2010","2009","2012"]
dodge	magnum	1	4499.0	4499.0	4499.0	["2007"]
dodge	nitro	2	6847.0	5695.0	7999.0	["2011","2010"]
dodge	ram 150	1	5995.0	5995.0	5995.0	["1988"]
dodge	ram 1500	25	7437.6	3699.0	18993.0	["2009","2010","2007","2005","2004","2008","2006","2003","2002"]
dodge	ram 2500	10	8606.8	3699.0	24985.0	["2006","2005","2004","2010","2008","1996","2003"]
dodge	ram 3500	4	15146.0	8599.0	22995.0	["2005","2002","2007"]
dodge	stratus	1	1999.0	1999.0	1999.0	["2004"]
dodge	viper	1	67995.0	67995.0	67995.0	["2010"]
ferrari	250 gt	1	1390000.0	1390000.0	1390000.0	["1959"]
ferrari	458 italia	3	230198.33333333334	139995.0	362750.0	["2010","2015","2011"]
ferrari	488	1	240995.0	240995.0	240995.0	["2017"]
ferrari	599 gtb fiorano	1	1299950.0	1299950.0	1299950.0	["2011"]
ferrari	812 superfast	1	366995.0	366995.0	366995.0	["2020"]
ferrari	california	1	98999.0	98999.0	98999.0	["2013"]
ferrari	california t	1	129714.0	129714.0	129714.0	["2015"]
ferrari	f12 berlinetta	1	230905.0	230905.0	230905.0	["2017"]
ferrari	f430	1	79800.0	79800.0	79800.0	["2005"]
ferrari	gtc4lusso	1	350698.0	350698.0	350698.0	["2020"]
ferrari	gtc4lusso t	1	238995.0	238995.0	238995.0	["2019"]
ferrari	portofino	2	230445.0	228895.0	231995.0	["2020","2019"]
fiat	124 spider	3	15698.333333333334	6980.0	21116.0	["2018","2017","1981"]
fiat	500	9	13395.222222222223	5900.0	20999.0	["2013","2012","2014","2015","2016"]
fiat	500x	4	25181.25	16995.0	28830.0	["2017","2019"]
fisker	karma	1	33800.0	33800.0	33800.0	["2012"]
ford	c-max energi	3	14673.333333333334	13995.0	16030.0	["2017"]
ford	c-max hybrid	8	13879.875	6499.0	18995.0	["2018","2013","2017"]
ford	e-series	41	9604.292682926829	1580.0	15995.0	["2007","2005","2009","2011","2008","2003","2006","2012","2014","2013","2010","2004","2002","1998"]
ford	e-series chassis	3	20332.333333333332	17999.0	21999.0	["2016"]
ford	econoline cargo	1	5999.0	5999.0	5999.0	["2002"]
ford	ecosport	257	23629.793774319067	16495.0	31540.0	["2020","2019","2018","2021"]
ford	edge	420	31120.10714285714	2999.0	49099.0	["2020","2010","2009","2015","2007","2013","2008","2017","2016","2014","2018","2012","2019","2011"]
ford	escape	750	25461.68666666667	1999.0	39362.0	["2014","2009","2012","2011","2016","2018","2005","2017","2015","2020","2013","2010","2019","2002","2008","2007"]
ford	escape hybrid	30	30665.133333333335	2999.0	38950.0	["2020","2009","2006","2008"]
ford	excursion	3	8796.333333333334	5399.0	10995.0	["2003","2000","2005"]
ford	expedition	110	54397.281818181815	2980.0	80305.0	["2007","2019","2018","2020","2003","2008","2015","2004","2012","2011","2013","2010"]
ford	explorer	511	37264.8180039139	1320.0	63625.0	["2016","2010","2019","2011","2018","2013","2015","2014","2017","2004","2012","2009","2020","2005","2006","2007","2003","2002","2008"]
ford	explorer hybrid	5	54458.4	52134.0	55495.0	["2020"]
ford	explorer sport trac	7	4827.0	2899.0	10495.0	["2003","2004","2001","2008"]
ford	f-150	723	39838.849239280775	2999.0	75140.0	["2001","2016","2015","2018","2006","2019","2017","2007","2014","2012","2013","2010","2020","2002","2009","2011","2003","2008","2005","2004","1998"]
ford	f-250 super duty	61	34873.229508196724	5299.0	77205.0	["2016","2006","2019","2017","2015","2020","2011","2001","2010","2014","2012","1999","2000","2008","2004","2005","2007","2013"]
ford	f-350 super duty	50	39907.4	6999.0	74665.0	["2019","2017","2008","2020","2002","2016","2014","2015","2009","2007","2006","2004","2011","2012"]
ford	f-350 super duty chassis	7	35859.857142857145	16995.0	53980.0	["2020","2016","2012","2010","2014"]
ford	f-450 super duty	7	40165.142857142855	12800.0	78900.0	["2018","2019","2011","2007","2005","2008"]
ford	f-450 super duty chassis	1	11999.0	11999.0	11999.0	["2008"]
ford	f-550 super duty chassis	11	28898.18181818182	7999.0	55259.0	["2009","2008","2007","2003","2019"]
ford	fairlane	1	39995.0	39995.0	39995.0	["1955"]
ford	fiesta	16	9800.6875	4499.0	18999.0	["2015","2014","2018","2016","2011","2019","2013","2017"]
ford	five hundred	1	3495.0	3495.0	3495.0	["2006"]
ford	flex	19	19012.63157894737	6499.0	29995.0	["2017","2013","2019","2014","2015","2009","2012","2010","2018","2016"]
ford	focus	77	9149.025974025973	1999.0	21999.0	["2015","2012","2011","2013","2009","2005","2004","2016","2017","2007","2008","2010","2006","2014","2018","2003"]
ford	focus electric	1	12995.0	12995.0	12995.0	["2017"]
ford	focus rs	5	32953.6	29990.0	35999.0	["2016"]
ford	freestar	1	3991.0	3991.0	3991.0	["2005"]
ford	fusion	860	21527.38488372093	2600.0	36892.0	["2017","2009","2010","2013","2020","2015","2018","2016","2012","2019","2014","2011","2007"]
ford	fusion energi	33	30173.030303030304	9942.0	36273.0	["2013","2020","2018","2017","2014","2016","2019"]
ford	fusion hybrid	114	23427.59649122807	3999.0	36185.0	["2018","2019","2010","2020","2017","2013","2016"]
ford	mustang	117	27711.076923076922	3733.0	57286.0	["2016","2014","2017","2012","2008","2015","2018","2019","1987","2020","2006","2007","2004","2013","2010","2011"]
ford	mustang shelby gt350	5	51537.8	47990.0	54999.0	["2016","2018"]
ford	mustang shelby gt500	4	39931.5	38500.0	41237.0	["2011","2010","2012"]
ford	mustang svt cobra	1	17995.0	17995.0	17995.0	["2001"]
ford	ranger	73	23468.054794520547	2899.0	47800.0	["2011","2001","2007","2020","2019","2004","2002","2003","2005","2009","2008","2010","1998","2000"]
ford	taurus	33	12452.39393939394	1780.0	26995.0	["2014","2013","2002","2017","2011","2009","2003","2015","2006","2000","2016","2010","2004","2019"]
ford	thunderbird	2	33497.0	16999.0	49995.0	["1955","2002"]
ford	transit cargo	39	33605.48717948718	13900.0	45905.0	["2019","2016","2015","2020","2018","2017"]
ford	transit chassis	1	41040.0	41040.0	41040.0	["2020"]
ford	transit connect	88	22334.18181818182	4999.0	31785.0	["2011","2015","2020","2018","2017","2012","2019","2021","2016","2013","2014","2010"]
ford	transit crew	2	48140.0	46705.0	49575.0	["2020"]
ford	transit passenger	53	34327.056603773584	17999.0	61184.0	["2018","2019","2020","2017","2016","2015"]
genesis	g70	29	44117.65517241379	34999.0	54445.0	["2019","2020","2021"]
genesis	g80	29	38697.65517241379	23505.0	61345.0	["2017","2019","2018","2020"]
genesis	g90	8	44901.625	31990.0	75695.0	["2017","2019","2020"]
gmc	acadia	80	23494.7	6299.0	49474.0	["2016","2017","2015","2014","2012","2018","2020","2011","2013","2010","2019","2008","2007"]
gmc	canyon	22	19435.545454545456	3999.0	43482.0	["2017","2018","2015","2020","2005","2007","2004","2008","2010","2006","2016"]
gmc	envoy	6	5244.666666666667	3995.0	6999.0	["2002","2007","2006","2004","2009"]
gmc	envoy xl	1	5995.0	5995.0	5995.0	["2005"]
gmc	safari	1	3995.0	3995.0	3995.0	["1999"]
gmc	safari cargo	1	4995.0	4995.0	4995.0	["2005"]
gmc	savana	3	16311.333333333334	14997.0	17995.0	["2011","2013","2017"]
gmc	savana cargo	16	18487.125	4999.0	36831.0	["2005","2020","2011","2019","2017","2008","2003","2018","2012"]
gmc	sierra 1500	56	29470.464285714286	4099.0	61440.0	["2017","2008","2016","2015","2019","2020","2011","2013","2018","2006","2010","2012","1999","2001","2007","2014","2009","2002"]
gmc	sierra 2500hd	12	32070.916666666668	4499.0	78500.0	["2013","2020","2018","2010","2005","2009","2015","2004","2003"]
gmc	sierra 3500hd	2	63225.0	59924.0	66526.0	["2019"]
gmc	sonoma	1	4999.0	4999.0	4999.0	["2001"]
gmc	suburban	1	4649.0	4649.0	4649.0	["1999"]
gmc	terrain	93	21199.7311827957	5999.0	36460.0	["2017","2013","2016","2015","2010","2020","2019","2018","2011","2012","2014"]
gmc	yukon	22	30357.272727272728	6900.0	73999.0	["2020","2017","2010","2008","2006","2015","2019","2005","2007","2011","2009","2004"]
gmc	yukon xl	30	35227.3	8995.0	59743.0	["2020","2019","2016","2017","2018","2010","2007","2013","2014","2015"]
honda	accord	360	15742.886111111111	2495.0	89995.0	["2014","2009","2010","2017","2012","2016","2004","2018","2013","2007","2015","2005","2019","2008","2006","2011","2020"]
honda	accord coupe	20	11917.3	1499.0	25881.0	["2003","2005","2006","2002","2012","2017","2015","2010","2009","2013"]
honda	accord crosstour	1	12888.0	12888.0	12888.0	["2010"]
honda	accord hybrid	17	24954.058823529413	12895.0	36245.0	["2018","2017","2019","2020","2014"]
honda	civic	218	14775.270642201835	999.0	27202.0	["2017","2015","2012","2019","2008","2007","2018","2006","2016","2009","2010","2013","2011","1996","2004","2014","2005","2003","2020","2002"]
honda	civic coupe	40	10085.3	1995.0	21999.0	["2012","2007","2008","2010","2003","2017","2006","2013","2002","2011","2016","2018","2015","2009"]
honda	civic hatchback	17	19598.352941176472	15199.0	25237.0	["2018","2017","2020"]
honda	civic hybrid	1	13975.0	13975.0	13975.0	["2015"]
honda	civic type r	1	38995.0	38995.0	38995.0	["2019"]
honda	clarity hybrid plug-in 	1	21995.0	21995.0	21995.0	["2019"]
honda	cr-v	270	19284.911111111112	1780.0	34783.0	["2014","2008","2009","2011","2007","2016","2015","2012","2019","2005","2017","2013","2010","2003","2004","2006","2018","2002","2001","2020","1997"]
honda	cr-v hybrid	5	32694.6	28870.0	35948.0	["2020"]
honda	cr-z	4	10243.75	6995.0	14990.0	["2011","2016","2015","2012"]
honda	crosstour	4	14479.5	11950.0	17975.0	["2013","2014"]
honda	element	8	5823.75	3399.0	9995.0	["2009","2004","2011","2005","2006","2008"]
honda	fit	40	12139.425	1699.0	19690.0	["2009","2007","2011","2018","2017","2008","2010","2015","2020","2013"]
honda	hr-v	56	18811.98214285714	13599.0	29167.0	["2016","2017","2018","2019","2020"]
honda	insight	5	25171.8	23537.0	27980.0	["2020","2021"]
honda	odyssey	97	17566.628865979383	1985.0	44681.0	["2013","2009","2014","2008","2007","2011","2003","2018","2010","2016","2006","2012","2017","2019","2005","2015","2004","2020","2021"]
honda	passport	11	37517.545454545456	32995.0	41847.0	["2019","2020"]
honda	pilot	124	19245.395161290322	2750.0	39905.0	["2010","2017","2011","2006","2013","2016","2015","2012","2014","2009","2019","2004","2005","2007","2020","2008","2018","2021"]
honda	ridgeline	16	8778.6875	4195.0	35459.0	["2008","2007","2006","2017","2011"]
hummer	h2	4	15230.5	12995.0	16995.0	["2006","2003","2005","2004"]
hummer	h3	4	10717.25	6999.0	13975.0	["2007","2008","2006"]
hyundai	accent	27	10488.555555555555	2199.0	17902.0	["2021","2020","2014","2010","2016","2015","2017","2008","2019","2013","2007","2011"]
hyundai	azera	4	13170.5	5995.0	20999.0	["2006","2017","2007","2016"]
hyundai	elantra	333	15030.63963963964	1999.0	27605.0	["2017","2012","2011","2020","2016","2018","2010","2008","2014","2007","2019","2015","2013","2009","2006"]
hyundai	elantra coupe	3	7428.0	5999.0	9990.0	["2013","2014"]
hyundai	elantra gt	20	16320.5	8223.0	25815.0	["2013","2020","2018","2014","2019"]
hyundai	elantra touring	6	5968.166666666667	1999.0	8030.0	["2012","2011","2009"]
hyundai	genesis	6	18497.333333333332	13975.0	21995.0	["2016","2015","2014"]
hyundai	genesis coupe	4	17583.5	13959.0	22900.0	["2016","2014","2013"]
hyundai	ioniq electric	18	34365.444444444445	12991.0	39890.0	["2017","2020","2019"]
hyundai	ioniq hybrid	18	25054.277777777777	14888.0	32920.0	["2020","2017","2019"]
hyundai	ioniq hybrid plug-in 	4	24985.5	18991.0	30545.0	["2019","2020"]
hyundai	kona	168	26151.35119047619	15509.0	31410.0	["2019","2018","2021","2020"]
hyundai	kona electric	12	43496.583333333336	35820.0	47105.0	["2019","2020"]
hyundai	palisade	38	46078.23684210526	36145.0	49585.0	["2020","2021"]
hyundai	santa fe	125	26229.72	3599.0	41765.0	["2012","2018","2008","2019","2007","2013","2017","2020","2011","2010","2004","2005"]
hyundai	santa fe sport	78	17111.98717948718	9995.0	28491.0	["2018","2013","2017","2015","2016","2014"]
hyundai	santa fe xl	1	21308.0	21308.0	21308.0	["2019"]
hyundai	sonata	337	20845.011869436203	1600.0	35060.0	["2018","2016","2011","2017","2013","2005","2012","2020","2019","2015","2014","2006","2010","2009","2007","2003","2021"]
hyundai	sonata hybrid	9	17824.88888888889	7995.0	29480.0	["2019","2015","2020","2014","2017","2013"]
hyundai	sonata hybrid plug-in 	4	35958.75	34540.0	40170.0	["2019"]
hyundai	tucson	562	24163.072953736653	2699.0	35550.0	["2017","2018","2019","2020","2012","2014","2016","2013","2015","2021","2008","2007"]
hyundai	veloster	12	13623.75	4599.0	20591.0	["2020","2017","2019","2012","2016","2013"]
hyundai	veloster n	3	30123.333333333332	28450.0	31080.0	["2020"]
hyundai	veloster turbo	3	18288.0	11887.0	26980.0	["2016","2017","2020"]
hyundai	venue	24	19927.666666666668	16275.0	23250.0	["2020"]
hyundai	veracruz	2	11386.0	10995.0	11777.0	["2012"]
infiniti	ex35	3	8674.0	5750.0	11777.0	["2010","2012"]
infiniti	fx35	6	11595.666666666666	5500.0	15999.0	["2005","2011","2012","2009"]
infiniti	fx37	2	17191.5	16395.0	17988.0	["2013"]
infiniti	g35	5	5437.2	2899.0	7499.0	["2006","2007","2005","2004"]
infiniti	g37	11	12402.818181818182	9995.0	15977.0	["2013","2011","2008","2010","2009"]
infiniti	jx35	3	13856.0	9995.0	16575.0	["2013"]
infiniti	m35	1	5995.0	5995.0	5995.0	["2006"]
infiniti	m37	5	13023.0	10146.0	16999.0	["2012","2013","2011"]
infiniti	q40	2	17535.0	16495.0	18575.0	["2015"]
infiniti	q50	145	29240.379310344826	15971.0	52940.0	["2017","2015","2018","2019","2020","2016","2014"]
infiniti	q50 hybrid	2	18496.5	15998.0	20995.0	["2015","2014"]
infiniti	q60	36	33567.583333333336	20995.0	52150.0	["2014","2017","2018","2015","2020","2019"]
infiniti	q70	5	25619.4	19975.0	30999.0	["2016","2015","2017"]
infiniti	q70l	2	28993.5	24988.0	32999.0	["2017","2016"]
infiniti	qx30	15	23282.6	19905.0	27999.0	["2017","2018","2019"]
infiniti	qx50	35	39036.57142857143	14995.0	55395.0	["2016","2017","2015","2019","2020"]
infiniti	qx56	4	19045.0	11495.0	23995.0	["2012","2007","2011"]
infiniti	qx60	119	41877.470588235294	14888.0	62405.0	["2017","2016","2014","2018","2019","2020","2015"]
infiniti	qx60 hybrid	1	14995.0	14995.0	14995.0	["2014"]
infiniti	qx70	3	28565.0	27800.0	29995.0	["2017","2016"]
infiniti	qx80	30	48397.4	20995.0	74840.0	["2017","2014","2019","2020","2015","2021","2016"]
jaguar	e-pace	7	55493.0	49052.0	65375.0	["2020"]
jaguar	f-pace	29	41376.06896551724	27795.0	91650.0	["2018","2019","2017","2020"]
jaguar	f-type	4	74378.5	36495.0	101274.0	["2017","2021","2020"]
jaguar	s-type	2	4249.5	2500.0	5999.0	["2000","2007"]
jaguar	x-type	1	2999.0	2999.0	2999.0	["2003"]
jaguar	xe	9	29049.88888888889	18880.0	50210.0	["2017","2020","2018"]
jaguar	xf	7	31376.0	20995.0	58079.0	["2017","2016","2019","2020","2015"]
jaguar	xj-series	10	19532.4	6999.0	34300.0	["1999","2016","2013","1994","1996","2004","2011"]
jaguar	xk-series	1	14575.0	14575.0	14575.0	["2007"]
jeep	cherokee	281	26022.33096085409	8795.0	43010.0	["2018","2017","2019","2014","2020","2015","2016","2021"]
jeep	commander	5	4398.2	3599.0	4999.0	["2008","2007","2006"]
jeep	compass	489	25880.73619631902	2999.0	39040.0	["2017","2016","2019","2020","2021","2018","2011","2014","2012","2015","2007","2010"]
jeep	gladiator	55	52446.8	37098.0	64010.0	["2021","2020"]
jeep	grand cherokee	1068	34184.16292134832	2495.0	79995.0	["2018","2017","2019","2015","2014","2005","2016","2010","2001","2013","2012","2007","2020","2011","2004","2006","2000","2008","2009","2003","2002"]
jeep	liberty	39	6503.794871794872	2500.0	11888.0	["2010","2002","2005","2012","2011","2007","2004","2008","2003","2009"]
jeep	patriot	40	11969.175	4999.0	19959.0	["2015","2013","2016","2011","2014","2017","2010","2012"]
jeep	renegade	141	23119.510638297874	10595.0	35335.0	["2019","2017","2016","2015","2020","2018"]
jeep	wrangler	46	27337.67391304348	8495.0	42999.0	["2010","2020","2014","2015","2013","2018","2004","2011","2012","2016","2017","2003","2019","2005","1994"]
jeep	wrangler unlimited	249	37793.71887550201	11499.0	88500.0	["2014","2018","2012","2016","2017","2015","2009","2007","2013","2021","2020","2008","2019","2010","2011"]
kaiser	manhattan	1	12995.0	12995.0	12995.0	["1953"]
kia	amanti	1	2899.0	2899.0	2899.0	["2004"]
kia	cadenza	8	23175.75	16948.0	32572.0	["2017","2019","2016","2015"]
kia	forte	208	17059.12019230769	2999.0	23585.0	["2017","2020","2019","2014","2012","2018","2015","2010","2013","2016","2021"]
kia	forte koup	3	9549.666666666666	5895.0	14759.0	["2013","2016"]
kia	forte5	12	10715.083333333334	3199.0	14987.0	["2017","2011","2013","2018","2016"]
kia	k5	72	26278.694444444445	24610.0	31746.0	["2021"]
kia	niro	34	24119.676470588234	14351.0	33504.0	["2017","2020","2018","2019"]
kia	niro ev	1	34995.0	34995.0	34995.0	["2019"]
kia	niro hybrid plug-in	3	33465.333333333336	32595.0	34545.0	["2020"]
kia	optima	129	15118.356589147286	3299.0	30350.0	["2019","2018","2017","2016","2015","2014","2013","2020","2012","2008","2010"]
kia	optima hybrid	1	9495.0	9495.0	9495.0	["2013"]
kia	optima hybrid plug-in 	1	16495.0	16495.0	16495.0	["2017"]
kia	rio	47	15220.404255319148	2499.0	18227.0	["2020","2019","2016","2013","2008","2006","2012"]
kia	rio5	10	14916.8	3999.0	18805.0	["2020","2018","2015","2012","2019"]
kia	rondo	3	3199.0	2399.0	3599.0	["2008","2007"]
kia	sedona	72	24751.916666666668	1999.0	40426.0	["2019","2017","2020","2010","2021","2016","2018","2009","2015","2006","2007"]
kia	seltos	42	24876.833333333332	23017.0	29485.0	["2021"]
kia	sephia	2	1145.0	795.0	1495.0	["2001","2000"]
kia	sorento	148	21571.62162162162	3499.0	41045.0	["2017","2018","2019","2013","2020","2016","2015","2011","2014","2007","2008","2004","2012"]
kia	soul	132	17219.409090909092	4450.0	28670.0	["2018","2020","2017","2013","2021","2019","2016","2014","2015","2011","2012"]
kia	soul ev	7	12818.857142857143	10980.0	13980.0	["2017","2016"]
kia	spectra	2	2997.0	2995.0	2999.0	["2006","2009"]
kia	sportage	340	25030.870588235295	3995.0	35895.0	["2020","2018","2017","2019","2021","2014","2011","2015","2016","2007","2010","2008","2013","2012"]
kia	stinger	14	37563.642857142855	21495.0	45736.0	["2019","2020","2018"]
kia	telluride	35	43525.45714285714	35370.0	50465.0	["2021","2020"]
lamborghini	aventador	1	360905.0	360905.0	360905.0	["2018"]
lamborghini	huracan	5	199848.6	165998.0	289500.0	["2018","2020","2016","2017"]
lamborghini	urus	2	245995.0	238995.0	252995.0	["2020","2019"]
land rover	defender	1	64615.0	64615.0	64615.0	["2020"]
land rover	discovery	26	59428.92307692308	37978.0	80380.0	["2020","2019","2017","2018"]
land rover	discovery sport	53	42042.20754716981	20981.0	75899.0	["2020","2016","2019","2017","2015"]
land rover	lr2	4	9172.0	3199.0	14495.0	["2013","2008","2009"]
land rover	lr3	1	5795.0	5795.0	5795.0	["2008"]
land rover	lr4	4	23948.25	12999.0	33999.0	["2016","2015","2012"]
land rover	range rover	36	76248.58333333333	31995.0	122585.0	["2020","2014","2017","2016","2015","2013","2019","2018"]
land rover	range rover evoque	48	40701.25	15990.0	84399.0	["2020","2017","2016","2015","2013"]
land rover	range rover hybrid	12	103192.41666666667	97697.0	109390.0	["2020"]
land rover	range rover sport	43	50669.04651162791	6999.0	135465.0	["2020","2014","2011","2015","2009","2007","2017","2016","2012","2018","2019"]
land rover	range rover velar	15	68222.0	51600.0	97525.0	["2020","2018","2019"]
lexus	ct hybrid	5	14464.0	8995.0	20730.0	["2013","2012","2011","2014","2017"]
lexus	es	30	44556.2	35995.0	47805.0	["2019","2020"]
lexus	es 300	2	2227.0	1999.0	2455.0	["2002","2003"]
lexus	es 300h	4	26745.0	16450.0	34995.0	["2013","2018","2017"]
lexus	es 330	3	8078.0	6790.0	8995.0	["2006","2005"]
lexus	es 350	72	23850.680555555555	5995.0	35991.0	["2007","2012","2017","2018","2009","2015","2016","2011","2013","2008","2010","2014"]
lexus	es hybrid	6	49191.5	48525.0	50544.0	["2020"]
lexus	gs 300	1	6995.0	6995.0	6995.0	["2006"]
lexus	gs 350	19	26090.842105263157	10995.0	38495.0	["2016","2017","2008","2015","2018","2010","2013"]
lexus	gx	30	42157.933333333334	15898.0	67735.0	["2019","2012","2016","2017","2018","2010","2020","2011","2013"]
lexus	gx 470	5	12703.0	9995.0	17975.0	["2006","2008","2007"]
lexus	hs 250h	1	10000.0	10000.0	10000.0	["2010"]
lexus	is	46	32995.434782608696	17990.0	49415.0	["2016","2017","2020","2018","2019"]
lexus	is 250	18	13754.444444444445	4900.0	23999.0	["2009","2006","2014","2008","2010","2015","2013","2011"]
lexus	is 350	5	22451.8	15999.0	27890.0	["2016","2014","2017","2018","2011"]
lexus	lc	1	64995.0	64995.0	64995.0	["2018"]
lexus	ls	2	94775.5	86769.0	102782.0	["2020"]
lexus	ls 460	5	27184.6	12942.0	41995.0	["2014","2017","2013","2007"]
lexus	ls 500	2	68222.5	52995.0	83450.0	["2018","2019"]
lexus	lx	2	99650.5	98353.0	100948.0	["2020"]
lexus	lx 470	1	16985.0	16985.0	16985.0	["2007"]
lexus	lx 570	3	73678.33333333333	59995.0	94140.0	["2017","2016","2019"]
lexus	nx	19	35355.0	26794.0	45601.0	["2018","2019","2020"]
lexus	nx 200t	47	25388.08510638298	18900.0	32782.0	["2015","2016","2017"]
lexus	nx hybrid	3	38802.0	27985.0	44657.0	["2020","2015"]
lexus	rc	2	50284.5	50040.0	50529.0	["2020"]
lexus	rc 350	3	32285.0	30860.0	33995.0	["2018","2017","2015"]
lexus	rc f	1	68448.0	68448.0	68448.0	["2019"]
lexus	rx	71	51186.126760563384	35658.0	60500.0	["2019","2018","2020"]
lexus	rx 300	2	3247.0	2995.0	3499.0	["1999","2001"]
lexus	rx 330	4	6981.0	5995.0	7995.0	["2005","2004","2006"]
lexus	rx 350	90	31596.9	6940.0	42495.0	["2017","2009","2015","2013","2010","2012","2016","2007","2014","2011"]
lexus	rx 400h	2	10342.5	9800.0	10885.0	["2008","2007"]
lexus	rx hybrid	11	44267.27272727273	15950.0	59320.0	["2017","2018","2011","2020","2010"]
lexus	sc 430	3	13018.666666666666	8491.0	16590.0	["2002","2004","2006"]
lexus	ux hybrid	3	35712.333333333336	35471.0	36195.0	["2020"]
lincoln	aviator	52	70898.42307692308	1980.0	85343.0	["2020","2005"]
lincoln	continental	49	43632.244897959186	4995.0	89625.0	["2019","2018","2017","2020","1980","2002"]
lincoln	corsair	165	43693.3696969697	36545.0	56364.0	["2020"]
lincoln	mark vii	1	11975.0	11975.0	11975.0	["1988"]
lincoln	mark viii	1	27995.0	27995.0	27995.0	["1998"]
lincoln	mkc	53	24836.490566037737	17995.0	32995.0	["2018","2017","2015"]
lincoln	mks	6	9831.0	5199.0	14900.0	["2009","2015","2014","2011"]
lincoln	mkt	16	20618.8125	6199.0	48573.0	["2017","2016","2019","2018","2014"]
lincoln	mkx	54	27667.185185185186	9999.0	37995.0	["2017","2014","2018","2016","2015","2010","2013"]
lincoln	mkz	321	39148.82554517134	2999.0	50052.0	["2017","2020","2018","2019","2016","2007","2012","2011","2008","2014"]
lincoln	mkz hybrid	61	36414.37704918033	9995.0	45719.0	["2017","2013","2014","2018","2020"]
lincoln	nautilus	93	51053.645161290326	35995.0	64269.0	["2020","2019"]
lincoln	navigator	46	61792.260869565216	5699.0	93190.0	["2018","2019","2017","2020","2015","2007","2008","2010","2011"]
lincoln	town car	4	5596.0	2500.0	9885.0	["1993","2008","2009","2003"]
lincoln	zephyr	1	3499.0	3499.0	3499.0	["2006"]
lotus	elise	1	35900.0	35900.0	35900.0	["2005"]
maserati	ghibli	79	48859.101265822785	22995.0	94185.0	["2017","2015","2014","2019","2016","2018","2020"]
maserati	granturismo	8	51078.0	33800.0	99580.0	["2010","2011","2018","2015","2009","2017"]
maserati	levante	102	91711.5	34895.0	105735.0	["2017","2018","2020","2019"]
maserati	quattroporte	32	100082.6875	22899.0	124721.0	["2008","2015","2018","2020","2016","2017"]
mazda	cx-3	36	19858.777777777777	13800.0	29295.0	["2019","2017","2018","2020","2016"]
mazda	cx-30	10	28350.8	24465.0	31625.0	["2020"]
mazda	cx-5	285	24975.919298245615	7703.0	37520.0	["2019","2016","2013","2018","2017","2020","2014","2015"]
mazda	cx-7	2	4999.0	3999.0	5999.0	["2010","2008"]
mazda	cx-9	56	27256.0	3995.0	53095.0	["2020","2019","2017","2018","2009","2015","2011","2012","2016","2010","2013","2008","2014"]
mazda	mazda2	2	6024.5	3399.0	8650.0	["2014","2013"]
mazda	mazda3	112	16227.88392857143	2499.0	32595.0	["2019","2008","2015","2016","2020","2017","2018","2021","2013","2011","2007","2005","2014","2010","2012","2006","2009"]
mazda	mazda5	10	4931.2	2899.0	11834.0	["2009","2007","2008","2010","2012","2015"]
mazda	mazda6	47	19470.91489361702	2792.0	37140.0	["2018","2014","2016","2020","2017","2011","2019","2015","2009","2010","2005"]
mazda	mx-5 miata	13	23025.53846153846	13990.0	36355.0	["2020","2016","2012","2017","2014","2015","2006","2010"]
mazda	protege	1	3499.0	3499.0	3499.0	["1996"]
mazda	rx-8	1	9899.0	9899.0	9899.0	["2005"]
mazda	tribute	1	3499.0	3499.0	3499.0	["2004"]
mclaren	570s	1	139500.0	139500.0	139500.0	["2017"]
mclaren	mp4-12c	1	104942.0	104942.0	104942.0	["2012"]
mercedes-benz	190-class	1	4995.0	4995.0	4995.0	["1988"]
mercedes-benz	a-class	15	39413.8	21950.0	61370.0	["2019","2020","2021"]
mercedes-benz	amg gt	5	104952.0	71800.0	203115.0	["2017","2019","2016","2020"]
mercedes-benz	b-class	1	15995.0	15995.0	15995.0	["2017"]
mercedes-benz	c-class	316	28652.037974683546	2499.0	76200.0	["2012","2017","2007","2016","2005","2018","2011","2015","2014","2006","2010","2019","2013","2020","2002","2008"]
mercedes-benz	cl-class	1	18988.0	18988.0	18988.0	["2010"]
mercedes-benz	cla-class	61	28651.0	13999.0	50980.0	["2017","2016","2018","2015","2014","2020","2021"]
mercedes-benz	cls-class	16	50603.5625	8999.0	81535.0	["2014","2008","2006","2019","2017","2015","2020","2016","2012"]
mercedes-benz	e-class	208	33575.658653846156	2500.0	89185.0	["2014","2015","2017","2008","2016","2018","2005","2019","2009","2012","2013","2011","2002","2010","2007","2020"]
mercedes-benz	g-class	18	104169.22222222222	23942.0	219000.0	["2014","2020","2017","2003","2015","2002","2019","2018"]
mercedes-benz	gl-class	22	23153.954545454544	12999.0	43800.0	["2014","2013","2015","2012","2011","2016","2010"]
mercedes-benz	gla-class	138	33688.442028985504	15495.0	61305.0	["2015","2018","2017","2016","2020","2019","2021"]
mercedes-benz	glb-class	38	45971.31578947369	37995.0	51355.0	["2020"]
mercedes-benz	glc-class	147	43382.82993197279	22000.0	78010.0	["2016","2017","2018","2019","2020"]
mercedes-benz	gle-class	128	47860.5390625	22995.0	134055.0	["2018","2017","2016","2019","2020","2021"]
mercedes-benz	glk-class	18	13920.666666666666	5998.0	29995.0	["2012","2015","2014","2010","2013","2011"]
mercedes-benz	gls-class	75	53719.0	28565.0	96375.0	["2017","2018","2020","2019"]
mercedes-benz	m-class	24	14918.666666666666	3499.0	22997.0	["2013","2015","2004","2014","2008","2011","2002","2006","2012"]
mercedes-benz	metris	13	31364.69230769231	17995.0	43977.0	["2016","2017","2018","2019","2020"]
mercedes-benz	metris cargo	22	33332.72727272727	19995.0	35579.0	["2017","2020"]
mercedes-benz	r-class	4	10492.0	9499.0	12995.0	["2008","2010","2011","2007"]
mercedes-benz	s-class	93	75276.10752688172	4499.0	150800.0	["2014","2010","2000","2018","2019","2009","2016","2013","2017","2012","2015","2008","2007","2004","2020"]
mercedes-benz	s-class coupe	8	92931.875	48895.0	148740.0	["2016","2017","2019"]
mercedes-benz	sl-class	28	68222.57142857143	6995.0	126945.0	["2013","1995","2017","2002","2003","2014","2019","2020","1992","1974","2007"]
mercedes-benz	slc-class	8	56758.125	35500.0	73210.0	["2017","2020","2018"]
mercedes-benz	slk-class	2	25475.5	22952.0	27999.0	["2012","2007"]
mercedes-benz	slr mclaren	1	859000.0	859000.0	859000.0	["2009"]
mercedes-benz	sprinter	31	50212.8064516129	19850.0	71673.0	["2015","2010","2016","2020","2019"]
mercedes-benz	sprinter cargo	9	29871.88888888889	14995.0	56491.0	["2016","2012","2013","2015","2014","2017","2019"]
mercury	grand marquis	5	3069.4	1850.0	3999.0	["2002","2001","2009","2005"]
mercury	mariner	2	4020.5	3499.0	4542.0	["2009","2005"]
mercury	mariner hybrid	1	3420.0	3420.0	3420.0	["2008"]
mercury	milan	4	5186.75	3499.0	5999.0	["2010"]
mercury	sable	3	3663.0	2995.0	4995.0	["2002","2000","2008"]
mini	cooper	19	12481.684210526315	4893.0	26960.0	["2010","2009","2013","2015","2017","2016","2006","2011","2003"]
mini	cooper clubman	5	19543.2	12699.0	27550.0	["2017","2020","2016"]
mini	countryman	14	15319.42857142857	9495.0	29550.0	["2017","2016","2012","2015","2013","2020","2018","2014"]
mitsubishi	eclipse	2	2999.0	1999.0	3999.0	["2006","2007"]
mitsubishi	eclipse cross	10	17658.2	14995.0	23254.0	["2018","2019"]
mitsubishi	endeavor	3	5063.0	3199.0	6995.0	["2010","2011","2007"]
mitsubishi	galant	3	3832.3333333333335	2099.0	5999.0	["2009","2011","2007"]
mitsubishi	lancer	6	6780.5	2899.0	9995.0	["2004","2013","2010","2014","2016","2011"]
mitsubishi	lancer evolution	2	33941.5	32888.0	34995.0	["2015"]
mitsubishi	mirage	2	10998.5	7499.0	14498.0	["2018","2020"]
mitsubishi	mirage g4	10	13440.1	8942.0	15618.0	["2019","2020","2018"]
mitsubishi	outlander	15	11806.733333333334	3399.0	18988.0	["2018","2014","2019","2010","2009","2008","2017"]
mitsubishi	outlander hybrid plug-in 	1	34607.0	34607.0	34607.0	["2020"]
mitsubishi	outlander sport	24	15501.416666666666	4995.0	17618.0	["2019","2015","2014","2018","2017","2016","2011"]
nissan	350z	3	14999.0	7999.0	19999.0	["2004","2003"]
nissan	370z	5	28170.6	20999.0	48460.0	["2017","2019","2009","2012","2014"]
nissan	altima	394	16947.246192893403	1899.0	32250.0	["2018","2019","2010","2015","2017","2020","2008","2006","2007","2013","2005","2016","2009","2014","2004","2012","2011","2003"]
nissan	altima coupe	1	8990.0	8990.0	8990.0	["2009"]
nissan	altima hybrid	1	6999.0	6999.0	6999.0	["2011"]
nissan	armada	23	30616.91304347826	3999.0	56098.0	["2012","2010","2017","2019","2006","2020","2015","2011","2013"]
nissan	cube	2	4649.5	3999.0	5300.0	["2010","2011"]
nissan	frontier	22	17160.727272727272	5499.0	33735.0	["2017","2011","2013","2007","2008","2016","2010","2012","2009","2019","2018","2020","2004","2014"]
nissan	gt-r	1	58090.0	58090.0	58090.0	["2010"]
nissan	juke	10	10366.0	6900.0	18959.0	["2013","2014","2015","2011","2017"]
nissan	kicks	9	20429.0	16195.0	22545.0	["2018","2020"]
nissan	leaf	10	24420.0	6995.0	45220.0	["2016","2019","2020","2012"]
nissan	maxima	115	20027.91304347826	999.0	38129.0	["2017","2012","2016","2018","2001","2020","2010","2013","2019","2014"]
nissan	murano	142	26449.014084507042	899.0	46310.0	["2011","2004","2009","2017","2010","2015","2019","2016","2007","2018","2006","2005","2020","2012"]
nissan	murano crosscabriolet	1	19459.0	19459.0	19459.0	["2014"]
nissan	nv cargo	9	23326.444444444445	12800.0	35835.0	["2014","2016","2015","2017","2020"]
nissan	nv passenger	2	41054.0	39800.0	42308.0	["2019","2020"]
nissan	nv200	11	17601.454545454544	8999.0	29998.0	["2015","2014","2019","2017","2018"]
nissan	pathfinder	113	21523.964601769912	3995.0	44106.0	["2017","2006","2013","2015","2016","2018","2014","2020","2019","2008","2009","2010","2005","2003","2012","2011"]
nissan	quest	8	7710.125	2499.0	13995.0	["2012","2009","2008","2004","2015","2013"]
nissan	rogue	403	18730.468982630275	2995.0	36580.0	["2011","2014","2008","2015","2016","2013","2017","2019","2010","2018","2012","2009","2020"]
nissan	rogue select	5	9994.4	7995.0	12995.0	["2015","2014"]
nissan	rogue sport	112	19356.535714285714	12900.0	30675.0	["2017","2018","2019","2020"]
nissan	sentra	225	13208.395555555555	1500.0	25125.0	["2017","2019","2018","2011","2016","2013","2007","2015","2014","2010","2008","2009","2003","2005","2006","2012","2020"]
nissan	titan	19	22031.78947368421	4199.0	52332.0	["2004","2016","2011","2005","2018","2006","2008","2014","2020","2017"]
nissan	versa	53	8373.075471698114	1899.0	20027.0	["2015","2019","2011","2013","2009","2008","2010","2007","2012","2016","2017","2020","2018"]
nissan	versa note	14	8082.142857142857	4995.0	10755.0	["2015","2017","2019","2016","2014"]
nissan	xterra	9	11021.444444444445	4999.0	19995.0	["2010","2011","2014","2015","2007","2009"]
oldsmobile	toronado	1	22995.0	22995.0	22995.0	["1966"]
pontiac	g6	5	4246.0	2999.0	5742.0	["2007","2008"]
pontiac	g8	2	25147.5	20300.0	29995.0	["2009"]
pontiac	grand prix	1	2499.0	2499.0	2499.0	["2004"]
pontiac	gto	1	25991.0	25991.0	25991.0	["2006"]
pontiac	sunfire	1	1299.0	1299.0	1299.0	["2002"]
pontiac	vibe	7	4040.1428571428573	3099.0	4999.0	["2004","2009","2005","2003","2007"]
porsche	718 boxster	1	88995.0	88995.0	88995.0	["2019"]
porsche	718 cayman	4	71418.75	49800.0	91995.0	["2017","2018","2019"]
porsche	911	33	125697.54545454546	21675.0	329500.0	["2016","1999","2014","2019","2017","2018","2015","2020","1989","2004","1997","1991","1995","2010","1987","2009"]
porsche	912	1	105500.0	105500.0	105500.0	["1968"]
porsche	944	1	10995.0	10995.0	10995.0	["1986"]
porsche	boxster	3	20989.666666666668	10975.0	36995.0	["2011","2006","1999"]
porsche	cayenne	32	36003.625	8999.0	69995.0	["2014","2013","2008","2017","2012","2019","2016","2015","2011","2009","2020","2018","2010"]
porsche	cayenne e-hybrid	5	59757.8	43995.0	76900.0	["2019","2017","2018"]
porsche	macan	27	46511.25925925926	25950.0	68495.0	["2015","2017","2019","2018","2016","2020"]
porsche	panamera	18	66738.22222222222	26995.0	127995.0	["2012","2016","2018","2015","2013","2019","2014","2017"]
porsche	panamera e-hybrid	2	145382.5	136770.0	153995.0	["2018"]
porsche	panamera hybrid	1	26995.0	26995.0	26995.0	["2013"]
porsche	taycan	1	159900.0	159900.0	159900.0	["2020"]
ram	1500	339	40046.91150442478	4891.0	72900.0	["2019","2017","2012","2014","2020","2013","2016","2018","2015","2011"]
ram	2500	32	48789.0	4980.0	66092.0	["2018","2020","2017","2011","2019","2015","2012","2014"]
ram	3500	9	54048.22222222222	25800.0	70370.0	["2020","2014","2015"]
ram	3500 chassis	3	54581.666666666664	37000.0	63425.0	["2018","2020"]
ram	5500 chassis	4	54925.75	39995.0	67115.0	["2020","2013","2019"]
ram	c/v	2	6290.0	3680.0	8900.0	["2013","2014"]
ram	promaster	47	34298.063829787236	15985.0	45005.0	["2020","2014","2015","2019","2021","2016","2017"]
ram	promaster city	20	20927.8	7777.0	30100.0	["2020","2019","2016","2015","2017"]
rolls-royce	dawn	1	272995.0	272995.0	272995.0	["2018"]
rolls-royce	ghost	6	171648.33333333334	141500.0	209995.0	["2016","2015","2017"]
rolls-royce	phantom	2	302941.5	155888.0	449995.0	["2018","2011"]
rolls-royce	phantom drophead coupe	2	264995.0	169995.0	359995.0	["2016","2009"]
rolls-royce	wraith	4	188997.5	152500.0	259995.0	["2015","2016","2014","2018"]
saab	9-3	3	6827.333333333333	3495.0	9990.0	["2011","2010","2006"]
saab	9-3 sportcombi	1	5895.0	5895.0	5895.0	["2008"]
saab	9-5	3	11162.666666666666	2500.0	17988.0	["2004","2010"]
saturn	aura	3	5266.333333333333	3999.0	5900.0	["2008","2009","2007"]
saturn	ion	2	3997.0	3495.0	4499.0	["2004","2003"]
saturn	outlook	1	4995.0	4995.0	4995.0	["2009"]
saturn	s-series	1	6999.0	6999.0	6999.0	["2001"]
saturn	sky	1	12997.0	12997.0	12997.0	["2007"]
saturn	vue	7	3548.8571428571427	2499.0	5950.0	["2009","2004","2007","2006","2003","2008"]
scion	fr-s	4	17999.0	11999.0	20999.0	["2013","2015"]
scion	ia	1	9995.0	9995.0	9995.0	["2016"]
scion	iq	1	8991.0	8991.0	8991.0	["2012"]
scion	tc	5	7633.6	3999.0	11999.0	["2015","2006","2010","2012","2013"]
scion	xa	2	2949.0	2499.0	3399.0	["2004","2005"]
scion	xb	4	7372.0	3995.0	12999.0	["2008","2012"]
scion	xd	7	4185.0	3099.0	5800.0	["2012","2008"]
smart	fortwo	4	11664.75	8995.0	13888.0	["2017","2016"]
spyker	c8	1	305500.0	305500.0	305500.0	["2010"]
subaru	ascent	33	37813.393939393936	26995.0	48440.0	["2019","2021","2020"]
subaru	b9 tribeca	3	7688.333333333333	6695.0	9575.0	["2006","2007"]
subaru	baja	3	9690.0	8990.0	10590.0	["2005","2006"]
subaru	brz	5	18674.4	13995.0	22888.0	["2017","2013"]
subaru	crosstrek	77	24239.81818181818	12995.0	32694.0	["2018","2017","2016","2019","2021","2020"]
subaru	crosstrek hybrid	5	33404.0	31995.0	36314.0	["2019","2020"]
subaru	forester	171	18596.690058479533	2750.0	36323.0	["2010","2012","2008","2009","2014","2017","2015","2007","2011","2018","2020","2016","2019","2006","2003","2005","2002"]
subaru	impreza	103	16150.291262135923	1500.0	29428.0	["2018","2011","2017","2007","2012","2009","2014","2013","2015","2016","2020","2019","2010","2008","2004"]
subaru	impreza wrx	10	15228.1	9999.0	18991.0	["2013","2005","2012","2007","2014"]
subaru	impreza wrx sti	2	23492.0	19985.0	26999.0	["2010","2011"]
subaru	legacy	68	17532.735294117647	2993.0	33635.0	["2014","2015","2013","2011","2010","2017","2016","2018","2012","2020","2007","2003","2019"]
subaru	outback	147	22519.530612244896	2899.0	39157.0	["2018","2017","2010","2006","2009","2016","2012","2011","2015","2020","2019","2007","2008","2005","2001","2014","2013"]
subaru	tribeca	2	12437.5	9900.0	14975.0	["2010","2011"]
subaru	wrx	32	23969.78125	17995.0	35886.0	["2017","2015","2018","2020","2016","2019"]
subaru	wrx sti	22	33565.36363636364	23995.0	46995.0	["2016","2019","2017","2018","2020"]
subaru	xv crosstrek	15	12487.0	7999.0	16923.0	["2013","2015","2014"]
suzuki	aerio	1	3999.0	3999.0	3999.0	["2006"]
suzuki	grand vitara	1	5995.0	5995.0	5995.0	["2011"]
suzuki	sx4	3	5331.0	2495.0	7499.0	["2007","2013","2009"]
tesla	model 3	5	46596.0	40995.0	51950.0	["2019","2018"]
tesla	model s	12	51839.833333333336	35995.0	79991.0	["2015","2016","2017","2013","2018"]
tesla	model x	5	70155.8	58300.0	82995.0	["2016","2018"]
toyota	4runner	66	37250.19696969697	4999.0	49283.0	["2008","2005","2019","2015","2020","2018","2017","2021","2016","2011","1997","2007","2014","2010","2013"]
toyota	86	2	24728.0	18890.0	30566.0	["2020","2017"]
toyota	avalon	32	29476.59375	1999.0	45774.0	["2003","2014","2017","2016","2011","2015","2006","2020","2010","2019","2021"]
toyota	avalon hybrid	15	36263.4	8995.0	46587.0	["2014","2020","2016"]
toyota	c-hr	48	22513.479166666668	16890.0	27888.0	["2020","2018","2019"]
toyota	camry	440	21157.23181818182	1660.0	38996.0	["2007","2015","2019","2018","2009","2008","2013","2004","2020","2016","2002","2017","2005","2003","2010","2012","1998","2011","2000","1999","2014"]
toyota	camry hybrid	72	26292.444444444445	2200.0	37312.0	["2020","2014","2008","2017","2012","2007","2009","2019","2013","2018","2016","2010"]
toyota	camry solara	5	5194.2	1680.0	9998.0	["2007","2004","2006","2001"]
toyota	celica	1	3499.0	3499.0	3499.0	["2003"]
toyota	corolla	259	15745.776061776061	2199.0	27324.0	["2012","2015","2017","2005","2004","2007","2014","2016","2009","2019","2010","2020","2021","2008","2011","2018","2003","2002","1999","2013"]
toyota	corolla hatchback	13	23675.30769230769	19595.0	28242.0	["2020","2021","2019"]
toyota	corolla hybrid	11	24656.81818181818	24117.0	25211.0	["2021","2020"]
toyota	corolla im	4	15910.25	13995.0	16999.0	["2018","2017"]
toyota	echo	1	3599.0	3599.0	3599.0	["2003"]
toyota	fj cruiser	11	20213.272727272728	9999.0	34999.0	["2007","2010","2012","2014"]
toyota	highlander	329	34621.288753799396	3999.0	51572.0	["2004","2019","2017","2002","2003","2006","2020","2013","2016","2018","2012","2015","2014","2008","2007"]
toyota	highlander hybrid	47	42333.59574468085	13550.0	51718.0	["2013","2017","2020","2019","2012"]
toyota	land cruiser	4	60315.75	12242.0	87233.0	["2020","1990","2003"]
toyota	matrix	8	5652.375	2899.0	8490.0	["2010","2008","2004","2005","2009"]
toyota	prius	62	18508.58064516129	1920.0	32606.0	["2004","2010","2016","2005","2008","2021","2018","2013","2017","2011","2009","2020","2019","2012","2007","2014","2015"]
toyota	prius c	6	11335.833333333334	4990.0	15900.0	["2012","2017","2014","2013"]
toyota	prius prime	136	28959.33823529412	15999.0	36186.0	["2018","2017","2020"]
toyota	prius v	7	13594.857142857143	8890.0	19499.0	["2013","2012","2016","2014"]
toyota	rav4	548	22094.202554744526	3999.0	39612.0	["2017","2012","2009","2007","2011","2008","2006","2010","2004","2018","1999","2020","2015","2014","2019","2016","2013"]
toyota	rav4 hybrid	52	29458.73076923077	13995.0	41338.0	["2018","2020","2017","2019","2016"]
toyota	sequoia	13	44332.846153846156	4499.0	71373.0	["2001","2018","2008","2020","2007","2004"]
toyota	sienna	125	24941.984	1980.0	50699.0	["2008","2011","2016","2017","2012","2015","2005","2020","2018","2013","2019","2006","2007","2009","2003","2004","2014","1999"]
toyota	supra	22	55333.954545454544	47535.0	61899.0	["2021","2020"]
toyota	tacoma	106	32010.16037735849	4999.0	46344.0	["2018","2015","2017","2019","1999","2008","2020","2010","2016","2007","2011","2004","2009","2021","2013"]
toyota	tundra	45	32263.466666666667	4499.0	56991.0	["2002","2014","2016","2018","2015","2021","2010","2008","2005","2007","2006","2019","2004","2017","2020"]
toyota	venza	14	26431.285714285714	7999.0	42869.0	["2010","2021","2013","2011","2015","2009"]
toyota	yaris	27	13876.074074074075	1989.0	19705.0	["2017","2020","2008","2009","2007","2012","2015","2019","2016"]
toyota	yaris ia	4	13364.75	11959.0	14336.0	["2017"]
volkswagen	arteon	4	40257.75	36894.0	45149.0	["2019","2020"]
volkswagen	atlas	47	39340.70212765958	25577.0	51769.0	["2018","2021","2019"]
volkswagen	atlas cross sport	34	41836.44117647059	33785.0	51335.0	["2020"]
volkswagen	beetle	8	9050.625	2899.0	18999.0	["2003","2008","2012","1999","2019","2009","2013"]
volkswagen	cabrio	1	1699.0	1699.0	1699.0	["2002"]
volkswagen	cc	6	8319.333333333334	4995.0	10990.0	["2012","2013","2011","2010"]
volkswagen	e-golf	2	28960.0	17995.0	39925.0	["2019"]
volkswagen	eos	1	16975.0	16975.0	16975.0	["2014"]
volkswagen	golf	19	15962.21052631579	1999.0	25709.0	["2013","2018","2020","2017","2011","2015","2000","2016"]
volkswagen	golf alltrack	6	22379.166666666668	18999.0	31981.0	["2017","2018"]
volkswagen	golf r	2	22990.0	15990.0	29990.0	["2017","2013"]
volkswagen	golf sportwagen	5	15284.2	8999.0	18942.0	["2015","2019"]
volkswagen	gti	25	22782.44	7495.0	38874.0	["2018","2016","2017","2020","2019","2012","2008","2013","2015"]
volkswagen	jetta	185	15601.627027027027	2999.0	29524.0	["2016","2015","2017","2014","2010","2019","2013","2005","2012","2020","2018","2009","2004","2011","2007","2008"]
volkswagen	jetta gli	3	29643.333333333332	27435.0	32705.0	["2020"]
volkswagen	jetta hybrid	2	8985.0	8975.0	8995.0	["2014","2013"]
volkswagen	jetta sportwagen	9	9949.777777777777	3499.0	13742.0	["2009","2014","2011","2012","2013"]
volkswagen	passat	108	19917.39814814815	3999.0	33069.0	["2006","2017","2014","2013","2012","2015","2020","2018","2019","2016"]
volkswagen	r32	1	13975.0	13975.0	13975.0	["2008"]
volkswagen	rabbit	1	8995.0	8995.0	8995.0	["2008"]
volkswagen	routan	3	8094.666666666667	4999.0	10990.0	["2009","2011","2010"]
volkswagen	tiguan	170	25134.123529411765	5550.0	41464.0	["2017","2013","2010","2018","2016","2009","2020","2019","2011","2012","2014"]
volkswagen	touareg	5	17590.8	5990.0	28995.0	["2015","2017","2004","2014"]
volvo	c70	2	6612.5	4250.0	8975.0	["2004","2009"]
volvo	s40	2	4499.0	3999.0	4999.0	["2009"]
volvo	s60	85	32110.04705882353	2999.0	52485.0	["2006","2012","2015","2017","2020","2021","2018","2013","2019","2008"]
volvo	s80	5	6188.6	4995.0	6999.0	["2011","2010","2008"]
volvo	s90	15	42136.8	25499.0	65890.0	["2019","2020","2017","2018"]
volvo	v50	1	3699.0	3699.0	3699.0	["2005"]
volvo	v60	30	42501.2	7499.0	50900.0	["2015","2020","2017","2018"]
volvo	v90	7	54352.42857142857	36033.0	61275.0	["2019","2020","2017"]
volvo	xc	1	1799.0	1799.0	1799.0	["2002"]
volvo	xc40	43	43163.95348837209	28575.0	48060.0	["2020","2021","2019"]
volvo	xc60	186	51005.2688172043	11950.0	71710.0	["2021","2020","2017","2018","2013","2011","2016","2019","2015"]
volvo	xc70	9	9741.222222222223	1980.0	26788.0	["2007","2016","2015","2009","2010","2003","2004"]
volvo	xc90	133	54770.13533834586	1999.0	82375.0	["2008","2020","2018","2019","2017","2021","2013","2006","2004","2005","2016","2007"]
