NULL	NULL	2	NULL	NULL	NULL	[]
 brand new alternator installed. hardtop convertible works perfectly. clean car fax everything works.	NULL	1	NULL	NULL	NULL	[]
 the interior shows very little wear. the car runs	 drives	1	NULL	NULL	NULL	[]
17800.0	2013	1	NULL	NULL	NULL	[]
2500.0	3100	1	NULL	NULL	NULL	[]
265.0	lincoln	1	NULL	NULL	NULL	["3995"]
302.0	mercedes-benz	1	NULL	NULL	NULL	["12989"]
48000.0	2013	1	NULL	NULL	NULL	[]
acura	ilx	185	21607.994594594595	7995.0	31305.0	["2017","2020","2018","2016","2015","2013","2019","2014"]
acura	ilx hybrid	2	11997.5	10495.0	13500.0	["2013"]
acura	legend	2	7447.5	6900.0	7995.0	["1993","1994"]
acura	mdx	831	36752.12755716005	2490.0	63745.0	["2008","2017","2006","2010","2016","2015","2019","2007","2005","2018","2011","2014","2012","2013","2020","2009","2001","2003","2004"]
acura	mdx hybrid sport	13	50134.07692307692	31995.0	61175.0	["2017","2020","2018"]
acura	rdx	536	30120.70895522388	5900.0	49525.0	["2015","2017","2013","2018","2020","2021","2014","2016","2010","2019","2008","2009","2012","2011","2007"]
acura	rl	12	8430.5	2390.0	14995.0	["2009","2011","2007","1997","2000","2008","1999","2005","2010"]
acura	rlx	13	42801.53846153846	14890.0	56295.0	["2020","2016","2015","2014"]
acura	rlx hybrid sport	7	52883.57142857143	29995.0	62925.0	["2018","2020","2016"]
acura	rsx	7	6140.857142857143	2499.0	19000.0	["2002","2003","2004","2005","2006"]
acura	tl	86	9901.755813953489	1899.0	16990.0	["2012","2010","2003","2006","2013","2009","2007","2004","2005","2014","2008","2011","2001"]
acura	tlx	405	28555.943209876543	14200.0	259881.0	["2016","2017","2015","2018","2019","2020"]
acura	tsx	50	10594.48	2995.0	15500.0	["2009","2011","2010","2012","2007","2013","2014","2005","2006","2004"]
acura	vigor	1	6500.0	6500.0	6500.0	["1993"]
acura	zdx	1	18990.0	18990.0	18990.0	["2011"]
alfa romeo	4c	3	75826.33333333333	60000.0	97579.0	["2015","2018","2017"]
alfa romeo	giulia	251	41238.19123505976	19950.0	77745.0	["2017","2019","2020","2018"]
alfa romeo	stelvio	300	44362.19666666666	22995.0	87845.0	["2018","2019","2020"]
aston martin	db11	6	223343.33333333334	129900.0	257761.0	["2020","2017"]
aston martin	db7	3	29548.0	17900.0	40750.0	["2003","2001","2000"]
aston martin	db9	6	61781.833333333336	28900.0	114900.0	["2016","2006","2005","2010","2013"]
aston martin	dbs	3	272724.0	89900.0	375336.0	["2010","2020"]
aston martin	lagonda	1	70000.0	70000.0	70000.0	["1984"]
aston martin	rapide	1	89668.0	89668.0	89668.0	["2016"]
aston martin	v12 vanquish	1	62995.0	62995.0	62995.0	["2003"]
aston martin	v8 vantage	4	49348.75	36000.0	60500.0	["2011","2007","2014"]
aston martin	vanquish	2	119400.0	116900.0	121900.0	["2014"]
aston martin	vantage	8	152931.375	123590.0	186064.0	["2019","2020"]
audi	a3	198	23656.10101010101	5700.0	45270.0	["2020","2017","2012","2016","2013","2011","2006","2018","2015","2019","2007","2009"]
audi	a3 sportback	4	24054.25	19999.0	27965.0	["2017","2018","2016"]
audi	a4	381	25124.49343832021	3995.0	53445.0	["2011","2017","2020","2019","2018","2015","2016","2005","2008","2013","2014","2012","2004","2006","2007","2009","2010"]
audi	a4 allroad	35	31931.02857142857	11495.0	54155.0	["2018","2015","2019","2020","2014","2016","2013","2017"]
audi	a4 avant	12	8060.833333333333	3299.0	10990.0	["2010","2008","2011","2012","2004"]
audi	a5	82	28444.268292682926	7999.0	54935.0	["2020","2014","2010","2011","2018","2015","2017","2019","2016","2012","2013"]
audi	a5 sportback	63	38369.857142857145	24100.0	56345.0	["2019","2018","2020"]
audi	a6	323	38734.82043343653	3400.0	76910.0	["2016","2017","2008","2012","2018","2013","2019","2007","2004","2010","2014","2011","2020","2015","2006","2005","2009"]
audi	a6 allroad	11	73312.72727272728	68265.0	81560.0	["2020"]
audi	a7	57	41993.0350877193	14950.0	89800.0	["2020","2013","2019","2017","2016","2018","2012","2015","2014"]
audi	a8	73	61693.739726027394	4991.0	128215.0	["2019","2020","2016","2017","2008","2015","2000","2011","2012","2018","2013","2014","2002","2006","2004","2007"]
audi	a8 hybrid plug-in	10	107851.5	104675.0	113280.0	["2020"]
audi	allroad	1	9991.0	9991.0	9991.0	["2005"]
audi	e-tron	26	73248.92307692308	54747.0	84020.0	["2019","2020"]
audi	q3	191	32441.130890052355	13995.0	45770.0	["2018","2016","2017","2019","2020","2015","2021"]
audi	q5	569	34686.04920913884	8995.0	57670.0	["2014","2011","2019","2016","2018","2020","2015","2017","2012","2013","2010","2009"]
audi	q5 hybrid plug-in	12	58710.416666666664	55840.0	61965.0	["2020"]
audi	q7	334	42878.793413173655	5500.0	89145.0	["2017","2018","2019","2020","2013","2014","2009","2010","2011","2015","2021","2007","2008","2012"]
audi	q8	85	77304.94117647059	56990.0	102040.0	["2019","2020","2021"]
audi	r8	26	162881.61538461538	59495.0	239850.0	["2011","2018","2014","2020","2017","2015","2009"]
audi	rs 3	6	56460.0	50958.0	64440.0	["2019","2018","2020"]
audi	rs 4	1	26995.0	26995.0	26995.0	["2007"]
audi	rs 5	8	66902.625	30995.0	92990.0	["2019","2014","2018"]
audi	rs 5 sportback	2	76259.0	73618.0	78900.0	["2019"]
audi	rs 6	2	15990.5	14990.0	16991.0	["2003"]
audi	rs 7	5	64351.0	58000.0	72981.0	["2017","2016"]
audi	rs q8	2	135720.0	134950.0	136490.0	["2020","2021"]
audi	s3	24	33678.375	11995.0	54185.0	["2015","2017","2019","2018","2020","2016"]
audi	s4	66	37904.969696969696	3200.0	68755.0	["2005","2018","2009","2014","2019","2000","2020","2011","2007","2010","2013","2004","2016","2012"]
audi	s4 avant	1	12995.0	12995.0	12995.0	["2005"]
audi	s5	39	33398.256410256414	10995.0	61990.0	["2019","2016","2012","2014","2015","2010","2013","2020","2018","2011","2017"]
audi	s5 sportback	27	45085.22222222222	34481.0	64690.0	["2018","2020","2019"]
audi	s6	29	53546.1724137931	26891.0	92190.0	["2017","2018","2016","2020","2014"]
audi	s7	15	55418.666666666664	26942.0	107590.0	["2015","2016","2014","2017","2020","2013"]
audi	s8	11	113322.81818181818	22991.0	164845.0	["2020","2008","2017","2013"]
audi	sq5	63	49338.09523809524	18999.0	68465.0	["2018","2017","2019","2020","2014","2015","2016"]
audi	sq7	14	95702.14285714286	89385.0	106290.0	["2020"]
audi	sq8	2	102282.5	95565.0	109000.0	["2020"]
audi	tt	15	18951.933333333334	6995.0	41995.0	["2001","2009","2019","2017","2018","2008","2010","2003","2014","2016"]
audi	tt rs	3	59473.666666666664	36826.0	78620.0	["2020","2013","2019"]
audi	tts	6	36438.333333333336	23788.0	44999.0	["2014","2017","2016","2018"]
bentley	bentayga	13	158686.46153846153	131800.0	235995.0	["2019","2018","2017"]
bentley	brooklands	1	32750.0	32750.0	32750.0	["1997"]
bentley	continental flying spur	8	41130.125	23900.0	53800.0	["2006","2007","2011"]
bentley	continental gt	18	105223.94444444444	36000.0	234998.0	["2013","2016","2017","2015","2005","2012","2006","2004","2014","2020"]
bentley	continental gtc	21	99157.61904761905	43899.0	185000.0	["2016","2015","2013","2007","2017","2008","2012","2014","2009"]
bentley	continental supersports	3	156941.33333333334	89995.0	190890.0	["2018","2017","2012"]
bentley	flying spur	14	95122.28571428571	71440.0	148500.0	["2016","2014","2018","2015"]
bentley	mulsanne	7	181532.7142857143	88793.0	335995.0	["2012","2019","2016","2017"]
bentley	turbo r	1	29995.0	29995.0	29995.0	["1991"]
bmw	1 series	15	11106.733333333334	5995.0	16995.0	["2011","2013","2012","2010","2008"]
bmw	2 series	175	39972.52	15290.0	59835.0	["2021","2020","2018","2017","2015","2016","2019","2014"]
bmw	3 series	1390	30443.243884892086	2000.0	68470.0	["2016","2012","2011","2007","2017","2018","1996","2006","2019","2004","2009","2013","2014","2002","2020","2021","2005","2015","2010","2008","2003","1998","2000"]
bmw	3 series gran turismo	39	26652.76923076923	14995.0	37995.0	["2017","2018","2016","2015","2014"]
bmw	4 series	306	30962.692810457516	14995.0	68835.0	["2018","2017","2015","2019","2014","2020","2016"]
bmw	5 series	954	39696.5964360587	3450.0	93435.0	["2015","2021","2014","2018","2011","2016","2017","2020","2012","2019","2013","2007","2000","2008","2010","2006","2003","2009"]
bmw	5 series gran turismo	22	23593.590909090908	13499.0	34957.0	["2017","2013","2010","2014","2016"]
bmw	6 series	84	36291.369047619046	10495.0	69988.0	["2017","2015","2010","1987","2018","2014","2016","2013","2009","2012","2019","2008","2005","2006"]
bmw	6 series gran turismo	8	43791.625	34995.0	49995.0	["2018","2019"]
bmw	7 series	231	59845.09523809524	6500.0	168475.0	["2018","2021","2016","2012","2013","2017","2019","2020","2010","2015","2011","2014","2007","2009"]
bmw	8 series	64	101460.515625	86995.0	123045.0	["2021","2020","2019"]
bmw	i3	47	21582.31914893617	11995.0	32999.0	["2014","2015","2016","2018","2019","2017"]
bmw	i8	9	73250.0	48995.0	94800.0	["2015","2019","2016","2017"]
bmw	m2	14	58135.28571428572	41800.0	79900.0	["2018","2020","2021","2019","2017","2016"]
bmw	m3	46	41958.108695652176	11995.0	82990.0	["2017","2018","2016","2003","2006","2005","2008","2011","2004","1999","2013"]
bmw	m4	62	60055.91935483871	33590.0	115080.0	["2020","2017","2015","2016","2018","2019"]
bmw	m5	40	84671.65	16942.0	127390.0	["2016","2018","2019","2021","2012","2006","2020","2014","2015","2013","2000"]
bmw	m6	23	47139.17391304348	18000.0	128888.0	["2017","2009","2014","2010","2016","2008","2007","2012","2018","2019","2006","2013"]
bmw	m8	54	149657.5	120900.0	175045.0	["2020","2021"]
bmw	x1	417	30403.520383693045	8995.0	48695.0	["2017","2016","2014","2021","2018","2020","2015","2019","2013"]
bmw	x2	143	41517.594405594406	25477.0	54320.0	["2021","2018","2020","2019"]
bmw	x3	954	39231.087002096436	4495.0	68820.0	["2021","2020","2017","2018","2014","2009","2016","2019","2011","2015","2013","2012","2004","2008","2007","2010","2006"]
bmw	x3 m	35	78028.71428571429	64487.0	84395.0	["2020","2021"]
bmw	x4	100	44309.99	20995.0	70270.0	["2016","2021","2018","2017","2015","2020","2019"]
bmw	x4 m	8	78894.125	73290.0	86495.0	["2020","2021"]
bmw	x5	821	46354.3922046285	3595.0	104125.0	["2017","2009","2008","2012","2016","2021","2020","2018","2013","2014","2015","2011","2019","2010","2003","2007","2006"]
bmw	x5 m	47	78953.27659574468	19995.0	123795.0	["2017","2021","2020","2012","2016","2010","2018","2013","2011"]
bmw	x6	128	51647.3359375	16895.0	100245.0	["2021","2017","2018","2020","2016","2013","2019","2009","2014","2011","2015","2012"]
bmw	x6 m	26	73942.30769230769	25495.0	129795.0	["2013","2011","2012","2021","2020","2015","2017","2014","2019"]
bmw	x7	104	85178.84615384616	63977.0	115845.0	["2020","2021","2019"]
bmw	z3	5	10394.2	3495.0	16991.0	["1997","1999","2000"]
bmw	z4	19	40388.52631578947	9995.0	70295.0	["2020","2012","2019","2006","2007","2003","2014","2016","2011","2009"]
bmw	z4 m	1	16495.0	16495.0	16495.0	["2008"]
buick	cascada	8	22485.75	20342.0	24250.0	["2017","2019","2016"]
buick	century	7	3038.4285714285716	1499.0	5500.0	["2003","2001","1999","2005","1998"]
buick	electra	1	18950.0	18950.0	18950.0	["1968"]
buick	enclave	373	32455.686327077747	5499.0	60640.0	["2014","2017","2011","2020","2018","2016","2019","2012","2009","2015","2008","2013","2010"]
buick	encore	527	20870.956356736242	8500.0	35920.0	["2020","2019","2018","2017","2015","2014","2016","2013","2021"]
buick	encore gx	525	27971.434285714287	21549.0	37915.0	["2020"]
buick	envision	526	32313.34410646388	15500.0	49235.0	["2017","2020","2018","2016","2019"]
buick	lacrosse	89	15149.337078651686	2999.0	39380.0	["2017","2010","2005","2016","2014","2012","2015","2011","2007","2018","2006","2008","2009","2019","2013"]
buick	lesabre	4	3958.5	2444.0	4995.0	["1998","2001","2000"]
buick	lucerne	18	5999.5	2988.0	9985.0	["2007","2008","2010","2011","2006","2009"]
buick	park avenue	1	2700.0	2700.0	2700.0	["2003"]
buick	rainier	2	4947.0	4895.0	4999.0	["2006","2004"]
buick	reatta	1	12995.0	12995.0	12995.0	["1990"]
buick	regal	53	15776.792452830188	2899.0	24895.0	["2014","2016","2017","2013","2011","2015","2003","2012"]
buick	rendezvous	6	3500.3333333333335	1400.0	4991.0	["2003","2005","2002","2006","2007"]
buick	riviera	3	9798.333333333334	7500.0	11900.0	["1985","1990","1989"]
buick	roadmaster	2	5447.5	3995.0	6900.0	["1996","1994"]
buick	special	1	19995.0	19995.0	19995.0	["1940"]
buick	verano	70	12896.242857142857	5900.0	18500.0	["2016","2017","2013","2014","2012","2015"]
cadillac	allante	4	7870.0	6500.0	8995.0	["1993","1991","1989","1990"]
cadillac	ats	128	20670.0703125	10450.0	28858.0	["2018","2016","2015","2013","2014","2017"]
cadillac	ats coupe	22	24801.5	15995.0	38137.0	["2015","2019","2016","2017","2018"]
cadillac	ats-v	3	37988.333333333336	36970.0	38995.0	["2016"]
cadillac	ats-v coupe	2	45997.0	44999.0	46995.0	["2017"]
cadillac	brougham	1	3995.0	3995.0	3995.0	["1991"]
cadillac	ct4	113	43851.318584070796	33477.0	55410.0	["2020"]
cadillac	ct5	207	46842.454106280195	35098.0	66115.0	["2020"]
cadillac	ct6	86	38327.29069767442	22400.0	64799.0	["2017","2018","2019","2016","2020"]
cadillac	ct6-v	2	89804.0	82388.0	97220.0	["2020","2019"]
cadillac	cts	182	20698.879120879123	2999.0	52988.0	["2011","2016","2013","2017","2012","2007","2009","2014","2015","2010","2019","2018","2008","2004","2003","2006"]
cadillac	cts coupe	12	15153.25	8899.0	22590.0	["2011","2012","2013","2014"]
cadillac	cts sport wagon	1	13990.0	13990.0	13990.0	["2010"]
cadillac	cts-v	4	50432.25	42990.0	69000.0	["2013","2012","2017","2014"]
cadillac	cts-v coupe	1	47470.0	47470.0	47470.0	["2013"]
cadillac	cts-v wagon	1	65000.0	65000.0	65000.0	["2012"]
cadillac	deville	12	9484.166666666666	3500.0	28950.0	["2001","1999","2000","1975","2002","2004","1967","2003","1990","1997","1966"]
cadillac	dts	21	7264.333333333333	3999.0	10999.0	["2008","2006","2009","2007","2011"]
cadillac	eldorado	4	15366.5	4995.0	36999.0	["2000","1966","1999"]
cadillac	elr	4	21483.5	18950.0	23999.0	["2014"]
cadillac	escalade	292	65895.34246575342	5995.0	110500.0	["2016","2008","2012","2019","2017","2010","2020","2015","2018","2011","2009","2014","2005","2007","2013"]
cadillac	escalade esv	172	63035.91860465116	6999.0	102325.0	["2019","2018","2012","2014","2007","2020","2016","2010","2008","2017","2011","2009","2013","2015"]
cadillac	escalade ext	7	18123.85714285714	13995.0	29500.0	["2007","2010","2009","2011","2008"]
cadillac	escalade hybrid	1	22975.0	22975.0	22975.0	["2011"]
cadillac	fleetwood	2	19495.0	8995.0	29995.0	["1968","1994"]
cadillac	seville	1	3490.0	3490.0	3490.0	["1988"]
cadillac	srx	118	14184.389830508475	1500.0	28900.0	["2013","2012","2010","2011","2014","2008","2016","2004","2015","2005","2009","2007"]
cadillac	sts	9	6014.666666666667	4899.0	9499.0	["2005","2011","2009","2007","2008"]
cadillac	xlr	8	20038.75	13500.0	29900.0	["2004","2005","2006","2007"]
cadillac	xt4	152	44640.80263157895	31339.0	55488.0	["2019","2020"]
cadillac	xt5	651	40680.68970814132	19990.0	66880.0	["2017","2019","2018","2020","2021"]
cadillac	xt6	275	58209.28727272727	48159.0	71988.0	["2020","2021"]
cadillac	xts	93	22439.333333333332	8995.0	48770.0	["2019","2016","2014","2018","2013","2017","2015"]
chevrolet	3100	1	25999.0	25999.0	25999.0	["1955"]
chevrolet	astro	1	6695.0	6695.0	6695.0	["2005"]
chevrolet	astro cargo	5	5734.0	2795.0	9990.0	["2005","2004","1995"]
chevrolet	avalanche	36	13470.5	1991.0	29000.0	["2013","2008","2004","2011","2012","2003","2006","2007","2002","2005","2009"]
chevrolet	aveo	13	3402.923076923077	995.0	5995.0	["2009","2007","2004","2006","2011","2010"]
chevrolet	bel air	4	57242.5	30000.0	79000.0	["1956","1955","1957","1962"]
chevrolet	blazer	764	34421.778795811515	1695.0	52840.0	["2019","2020","2021","2004","1999","1991","1996"]
chevrolet	bolt ev	274	31153.536496350363	15982.0	44135.0	["2020","2017","2019","2018"]
chevrolet	c/k 10	2	12900.0	9950.0	15850.0	["1983","1985"]
chevrolet	c/k 1500	4	6961.0	950.0	20000.0	["1997","1998","1996"]
chevrolet	c/k 20	2	14991.5	14988.0	14995.0	["1972","1986"]
chevrolet	c/k 2500	1	6995.0	6995.0	6995.0	["1999"]
chevrolet	c/k 3500	1	6595.0	6595.0	6595.0	["1994"]
chevrolet	camaro	274	29772.94890510949	6995.0	75995.0	["2017","2018","2019","2015","2014","2013","2012","2016","2020","2010","2011","1996","2021","1994","1967","1970","1968","1969","1989","1997","1992","1981","1972","1995"]
chevrolet	caprice	4	12472.25	4999.0	23900.0	["1986","1995","1966","1993"]
chevrolet	captiva sport	14	9417.714285714286	5499.0	12500.0	["2014","2013","2012"]
chevrolet	cavalier	6	3329.3333333333335	1995.0	4595.0	["2004","1987","2002","2000","2003"]
chevrolet	chevelle	3	47498.333333333336	32500.0	70000.0	["1969","1972","1970"]
chevrolet	city express	4	12616.25	11980.0	13495.0	["2015","2016"]
chevrolet	cobalt	28	3653.6071428571427	1894.0	5988.0	["2005","2008","2009","2007","2006","2010"]
chevrolet	colorado	630	29699.64126984127	2999.0	51660.0	["2018","2019","2016","2006","2010","2005","2021","2017","2012","2008","2011","2009","2020","2015","2007","2004"]
chevrolet	corsica	1	1795.0	1795.0	1795.0	["1996"]
chevrolet	corvair	1	11995.0	11995.0	11995.0	["1964"]
chevrolet	corvette	154	40005.62987012987	4990.0	179900.0	["2006","2013","2001","2008","2002","2020","1990","2009","2007","2012","2003","2004","1978","2014","1993","1966","1980","2017","1995","1988","2019","1992","2016","2015","1998","1991","1963","1977","1999","2018","1994","1985","1971","2000","1997","1970","1996","2005","1976","1957","1989","1969","1979","1962"]
chevrolet	cruze	560	12185.666071428572	3199.0	21500.0	["2014","2017","2011","2013","2018","2015","2019","2012","2016"]
chevrolet	cruze limited	37	10537.945945945947	7499.0	13475.0	["2016"]
chevrolet	el camino	1	9250.0	9250.0	9250.0	["1978"]
chevrolet	equinox	3736	24142.042826552464	2399.0	42380.0	["2017","2020","2016","2015","2018","2019","2014","2013","2012","2010","2011","2007","2005","2008","2006","2009"]
chevrolet	express	133	23953.9022556391	5500.0	51997.0	["2018","2012","2014","2010","2019","2020","2015","2016","2003","2002","2009","2005","2017","2013","2007","2004","2006","2008"]
chevrolet	express cargo	231	18474.47619047619	2000.0	43499.0	["2012","2018","2015","2014","2020","2019","2008","2017","1999","2000","2007","2006","2016","2009","2011","2001","2013","2004","2010","2005"]
chevrolet	express chassis	14	38039.5	31968.0	47071.0	["2020"]
chevrolet	hhr	24	4514.75	950.0	9995.0	["2006","2008","2009","2011","2010","2007"]
chevrolet	impala	307	16890.524429967427	1500.0	40930.0	["2018","2019","2010","2006","2013","2015","2017","2001","2000","2016","2011","2008","2007","2012","2020","2009","2014","1996","2004","1968","2003","2005"]
chevrolet	impala limited	19	9408.631578947368	4800.0	13900.0	["2014","2016","2015"]
chevrolet	lumina	1	1750.0	1750.0	1750.0	["1998"]
chevrolet	malibu	946	16891.958773784354	1990.0	36605.0	["2017","2016","2018","2010","2020","2014","2013","2015","2012","2009","2006","2005","2011","2019","2008","2004","2007","2002","2021"]
chevrolet	malibu hybrid	10	12518.5	4693.0	19900.0	["2017","2016","2009","2008"]
chevrolet	malibu maxx	4	2384.75	1500.0	3394.0	["2006","2005","2004"]
chevrolet	monte carlo	5	12585.0	6695.0	24990.0	["2006","2002","1987","2004","2000"]
chevrolet	nova	2	30225.0	26950.0	33500.0	["1968","1969"]
chevrolet	s-10	10	6247.7	2599.0	15499.0	["2003","2001","2004","1997","1998","2002","1984"]
chevrolet	silverado 1500	2363	36670.44731273805	1599.0	82639.0	["2018","2017","2019","2007","2020","2005","2016","2012","2011","2003","2008","2013","2010","1999","2006","2004","2009","2015","2000","2001","2014","2002"]
chevrolet	silverado 1500hd	1	6000.0	6000.0	6000.0	["2002"]
chevrolet	silverado 2500hd	260	41524.06153846154	3299.0	79902.0	["2019","2020","2017","2016","2013","2010","2002","2009","2011","1999","2005","2015","2012","2014","2008","2018","2006","2003","2001","2004","2007"]
chevrolet	silverado 3500	6	13462.5	9995.0	19800.0	["2004","2003","2001","2005"]
chevrolet	silverado 3500hd	68	42594.117647058825	17990.0	79515.0	["2018","2016","2019","2020","2011","2014","2015","2013","2009","2008","2012","2007","2017"]
chevrolet	silverado 3500hd chassis	26	48381.53846153846	35795.0	60992.0	["2020"]
chevrolet	silverado classic 1500	7	5211.857142857143	2999.0	7993.0	["2007"]
chevrolet	silverado classic 2500hd	1	11900.0	11900.0	11900.0	["2007"]
chevrolet	silverado classic 3500	2	13995.0	12995.0	14995.0	["2007"]
chevrolet	sonic	114	12185.947368421053	2000.0	22397.0	["2015","2020","2012","2016","2014","2013","2017","2018","2019"]
chevrolet	spark	136	13690.367647058823	3995.0	19395.0	["2015","2014","2020","2017","2021","2013","2016","2018","2019"]
chevrolet	spark ev	1	11590.0	11590.0	11590.0	["2016"]
chevrolet	ss	1	38000.0	38000.0	38000.0	["2014"]
chevrolet	ssr	2	26997.5	24800.0	29195.0	["2004"]
chevrolet	suburban	385	47121.3974025974	2399.0	84535.0	["2018","2016","2017","2019","2020","2009","2015","2012","2014","2011","2013","1950","2007","2008","2002","2021","2005","2004","2010","1969"]
chevrolet	tahoe	679	52034.362297496315	2195.0	82785.0	["2015","2019","2020","2016","2017","2008","2021","2012","2003","2000","2013","2007","2004","2014","2006","2005","2018","2010","2011","1999","2009","2001","2002"]
chevrolet	tahoe hybrid	1	10000.0	10000.0	10000.0	["2008"]
chevrolet	trailblazer	212	21460.665094339623	1499.0	32515.0	["2004","2021","2008","2002","2005","2006","2007","2003","2009"]
chevrolet	trailblazer ext	5	3848.0	1795.0	5500.0	["2005","2006","2003"]
chevrolet	traverse	1241	31148.292506043512	2488.0	55660.0	["2018","2017","2015","2012","2020","2016","2013","2011","2019","2009","2014","2010"]
chevrolet	trax	1978	19902.88675429727	8499.0	30360.0	["2020","2018","2019","2017","2016","2015","2021"]
chevrolet	uplander	1	1999.0	1999.0	1999.0	["2007"]
chevrolet	venture	1	2500.0	2500.0	2500.0	["2003"]
chevrolet	volt	64	15860.625	7359.0	23988.0	["2015","2017","2011","2013","2012","2016","2019","2014","2018"]
chrysler	200	140	10275.0	2695.0	21995.0	["2015","2016","2013","2014","2012","2011","2017"]
chrysler	300	264	20190.780303030304	2995.0	44008.0	["2015","2014","2016","2017","2019","2011","2013","2012","2005","2018","2006","2008","2020","2009","2010","2007"]
chrysler	aspen	3	5665.0	2000.0	7500.0	["2008","2007"]
chrysler	concorde	1	6495.0	6495.0	6495.0	["2000"]
chrysler	crossfire	10	10150.8	5899.0	13500.0	["2006","2005","2004","2007"]
chrysler	new yorker	1	2999.0	2999.0	2999.0	["1989"]
chrysler	pacifica	580	31247.86551724138	2677.0	51180.0	["2017","2018","2019","2020","2005","2008","2007","2006"]
chrysler	pacifica hybrid	23	47764.65217391304	38683.0	59498.0	["2020","2018"]
chrysler	pt cruiser	15	3735.0	995.0	5977.0	["2002","2006","2008","2009"]
chrysler	sebring	31	4224.290322580645	1595.0	7995.0	["2010","2009","2007","2008","2005","2004","2001","1999","2006","1998"]
chrysler	town & country	189	9570.904761904761	995.0	43998.0	["2013","2011","2014","2015","2012","2008","2016","2006","2010","2007","2009","2004","2002","2005"]
chrysler	voyager	60	27610.15	2495.0	32780.0	["2020","2001","2002"]
dodge	avenger	44	7131.681818181818	2750.0	13995.0	["2013","2014","2012","2010","2009","2008","2011"]
dodge	caliber	28	4383.5	1990.0	7357.0	["2008","2007","2012","2011","2010","2009"]
dodge	caravan	2	2997.5	2500.0	3495.0	["2006","2003"]
dodge	challenger	348	37432.58045977011	9900.0	149000.0	["2019","2016","2020","2017","2009","2018","2015","2010","2012","2013","2014","2011","1974","2008"]
dodge	charger	470	30682.348936170212	1900.0	80710.0	["2019","2018","2017","2020","2012","2013","2016","2015","2010","2008","2007","2014","2011","2009","2006"]
dodge	dakota	37	6764.918918918919	2799.0	16000.0	["2007","2005","2006","2002","2000","2004","2003","2009","2008","2010"]
dodge	dart	67	8573.462686567163	4995.0	12590.0	["2014","2015","2013","2016"]
dodge	durango	856	33159.88668224299	1595.0	67988.0	["2018","2017","2019","2020","2000","2008","2014","2013","2011","2015","2016","2012","2005","2004","2007","2001","2006"]
dodge	grand caravan	508	17809.854330708662	2100.0	58997.0	["2019","2014","2013","2016","2017","2018","2012","2011","2015","2010","2008","2009","2005","2004","2006","2020","2007"]
dodge	journey	315	16662.62222222222	3460.0	33526.0	["2019","2017","2014","2016","2018","2015","2013","2011","2020","2010","2009","2012"]
dodge	magnum	1	4499.0	4499.0	4499.0	["2007"]
dodge	neon	1	2995.0	2995.0	2995.0	["2004"]
dodge	nitro	12	7349.083333333333	4990.0	11900.0	["2011","2007","2008","2010"]
dodge	ram 150	1	5995.0	5995.0	5995.0	["1988"]
dodge	ram 1500	67	9133.76119402985	3699.0	18993.0	["2009","2010","2007","2005","2004","2008","2006","2003","2002","2001","1996","1998"]
dodge	ram 2500	36	13835.472222222223	3699.0	30995.0	["2006","2005","2004","2010","2008","1996","2003","2007","2002","2001","1998","2009"]
dodge	ram 350	1	9995.0	9995.0	9995.0	["1985"]
dodge	ram 3500	8	20247.25	8599.0	30994.0	["2005","2004","2002","2007","2008"]
dodge	ram 3500 chassis 	1	15990.0	15990.0	15990.0	["2008"]
dodge	ram van	1	3995.0	3995.0	3995.0	["1997"]
dodge	ramcharger	1	19900.0	19900.0	19900.0	["1991"]
dodge	stealth	1	32500.0	32500.0	32500.0	["1991"]
dodge	stratus	5	3025.4	1999.0	3995.0	["2005","2004","1998","2006"]
dodge	viper	5	68352.8	49995.0	84999.0	["2010","2008","2000","2003","2002"]
ferrari	250 gt	1	1390000.0	1390000.0	1390000.0	["1959"]
ferrari	308	2	87995.0	50990.0	125000.0	["1983","1981"]
ferrari	328	1	64988.0	64988.0	64988.0	["1989"]
ferrari	360	1	85500.0	85500.0	85500.0	["2001"]
ferrari	360 spider	1	93500.0	93500.0	93500.0	["2002"]
ferrari	430 scuderia	2	256250.0	195000.0	317500.0	["2009"]
ferrari	458 italia	9	211682.66666666666	139995.0	362750.0	["2010","2015","2011","2014"]
ferrari	488	12	325182.75	227900.0	510000.0	["2018","2020","2017","2016","2019"]
ferrari	550	1	164995.0	164995.0	164995.0	["2001"]
ferrari	575m	2	146400.0	129900.0	162900.0	["2002","2003"]
ferrari	599 gtb fiorano	6	347758.3333333333	119000.0	1299950.0	["2008","2010","2007","2011"]
ferrari	612 scaglietti	1	129900.0	129900.0	129900.0	["2009"]
ferrari	812 superfast	4	408723.0	348000.0	529997.0	["2018","2020","2019"]
ferrari	california	2	108388.0	98999.0	117777.0	["2013","2014"]
ferrari	california t	6	148983.16666666666	129714.0	178795.0	["2015","2018","2016"]
ferrari	f12 berlinetta	5	218739.0	182990.0	230905.0	["2016","2014","2017"]
ferrari	f430	1	79800.0	79800.0	79800.0	["2005"]
ferrari	f430 spider	2	159900.0	149900.0	169900.0	["2007","2008"]
ferrari	ff	1	129865.0	129865.0	129865.0	["2012"]
ferrari	gtc4lusso	6	286416.3333333333	221000.0	350698.0	["2020","2018","2019"]
ferrari	gtc4lusso t	6	227780.0	191995.0	289900.0	["2018","2019"]
ferrari	mondial	1	59400.0	59400.0	59400.0	["1990"]
ferrari	portofino	6	227613.33333333334	205000.0	239990.0	["2019","2020"]
ferrari	superamerica	2	309900.0	299900.0	319900.0	["2005"]
ferrari	testarossa	1	115000.0	115000.0	115000.0	["1988"]
fiat	124 spider	29	25356.068965517243	6980.0	39305.0	["2020","2019","2017","2018","1981"]
fiat	500	35	9173.542857142857	2500.0	20999.0	["2013","2012","2014","2015","2016","2017"]
fiat	500e	3	9900.0	9400.0	10500.0	["2017"]
fiat	500l	10	17861.4	5995.0	28450.0	["2020","2016","2014","2015"]
fiat	500x	54	21797.64814814815	5995.0	32860.0	["2017","2019","2016","2020"]
fisker	karma	1	33800.0	33800.0	33800.0	["2012"]
ford	bronco	6	59725.0	9995.0	179000.0	["1993","2021","1974","1988","1977"]
ford	c-max energi	27	13618.333333333334	7995.0	19699.0	["2013","2017","2016","2015","2014"]
ford	c-max hybrid	40	11345.85	4995.0	18995.0	["2018","2013","2017","2014","2016"]
ford	crown victoria	8	2895.125	1595.0	4995.0	["2004","1996","1997","2006","2000","2011","2003"]
ford	e-series	188	10825.382978723404	985.0	23600.0	["2010","2013","2012","2011","2014","2006","2009","2007","2005","2008","2003","2004","2002","1998","1997"]
ford	e-series chassis	19	32356.63157894737	5995.0	57295.0	["2016","2009","2015","2021"]
ford	econoline cargo	1	5999.0	5999.0	5999.0	["2002"]
ford	econoline wagon	3	16628.333333333332	9900.0	22995.0	["2012","2013"]
ford	ecosport	858	22887.104895104894	13900.0	31540.0	["2019","2020","2018","2021"]
ford	edge	1594	29968.555207026347	2999.0	52935.0	["2020","2010","2009","2015","2007","2013","2008","2017","2016","2014","2018","2012","2019","2011"]
ford	escape	2704	22994.188609467456	1500.0	40985.0	["2013","2020","2017","2016","2018","2019","2012","2014","2010","2011","2003","2005","2004","2009","2001","2015","2008","2007","2006","2002"]
ford	escape hybrid	118	32113.01694915254	2999.0	39375.0	["2020","2009","2006","2008","2010"]
ford	escort	1	3995.0	3995.0	3995.0	["1998"]
ford	excursion	5	10977.4	5399.0	21999.0	["2003","2000","2005","2004"]
ford	expedition	510	56132.25294117647	2980.0	86125.0	["2020","2019","2017","2014","2012","2015","2008","2011","1999","2006","2018","2013","2004","2002","2007","2003","2010","2009","2016"]
ford	explorer	2519	38079.797935688766	1320.0	64070.0	["2016","2010","2019","2011","2018","2013","2015","2014","2017","2004","2012","2009","2020","2005","2006","2007","2003","2002","2008","2021","2001","1998"]
ford	explorer hybrid	18	50016.944444444445	38900.0	57898.0	["2020"]
ford	explorer sport trac	23	7197.130434782609	2899.0	10980.0	["2003","2004","2001","2008","2007","2005","2010","2009"]
ford	f-150	4022	41582.80954748881	1995.0	111024.0	["2020","2018","2019","2017","2005","2015","2014","2016","2006","2013","2010","2011","2009","2012","2008","2007","2004","1999","2003","1979","2001","2002","1998","1993","2000","2021"]
ford	f-250 super duty	374	40823.245989304814	3500.0	82440.0	["2016","2006","2019","2017","2015","2020","2011","2001","2010","2014","2012","1999","2000","2008","2004","2005","2007","2013","2018","2002","2003","2009"]
ford	f-350 super duty	487	44630.47843942505	4450.0	88150.0	["2019","2017","2008","2020","2002","2016","2014","2015","2009","2007","2006","2004","2011","2012","2003","2010","2005","2018","2013","2001","2000"]
ford	f-350 super duty chassis	112	44254.33928571428	14985.0	66195.0	["2020","2019","2007","2012","2009","2017","2014","2016","2010","2011","2015","2013"]
ford	f-450	1	12995.0	12995.0	12995.0	["1991"]
ford	f-450 super duty	64	50917.359375	8985.0	81745.0	["2020","2005","2013","2019","2018","2011","2007","2008","2012","2015","2016","2006","2017"]
ford	f-450 super duty chassis	1	11999.0	11999.0	11999.0	["2008"]
ford	f-550 super duty	13	32225.23076923077	17990.0	42985.0	["2011","2012","2014"]
ford	f-550 super duty chassis	179	57746.69832402235	7999.0	85845.0	["2009","2008","2007","2003","2019","2005","2015","2016","2020","2013","2001","2018"]
ford	fairlane	1	39995.0	39995.0	39995.0	["1955"]
ford	fiesta	106	9301.377358490567	3695.0	18999.0	["2015","2014","2018","2016","2011","2019","2013","2017","2012"]
ford	five hundred	9	3897.0	1995.0	5995.0	["2006","2005","2007"]
ford	flex	125	20582.712	5250.0	39997.0	["2017","2013","2019","2014","2015","2009","2012","2010","2018","2016","2011"]
ford	focus	446	9410.892376681615	895.0	21999.0	["2015","2012","2011","2013","2009","2005","2004","2016","2017","2007","2008","2010","2006","2014","2018","2003","2002"]
ford	focus electric	2	11145.0	9295.0	12995.0	["2017","2013"]
ford	focus rs	11	32816.72727272727	29990.0	38999.0	["2016","2018","2017"]
ford	freestar	2	4245.5	3991.0	4500.0	["2005"]
ford	freestyle	4	4491.25	2688.0	5477.0	["2005","2006"]
ford	fusion	2793	20818.287504475473	1590.0	38240.0	["2017","2009","2010","2013","2020","2015","2018","2016","2012","2019","2014","2011","2007","2008","2006"]
ford	fusion energi	163	29376.957055214723	8495.0	39885.0	["2016","2019","2018","2020","2017","2014","2013"]
ford	fusion hybrid	345	22693.046376811595	3999.0	36185.0	["2018","2019","2010","2020","2017","2013","2016","2015","2014","2012","2011"]
ford	ltd crown victoria	1	3995.0	3995.0	3995.0	["1990"]
ford	model a	1	13999.0	13999.0	13999.0	["1930"]
ford	mustang	518	29647.113899613898	2800.0	227500.0	["2016","2014","2017","2012","2008","2015","2018","2019","1987","2020","2006","2007","2004","2013","2010","2011","1966","2000","2005","2003","2009","1965","1999","2002","1967","1990"]
ford	mustang mach-e	2	56500.0	53800.0	59200.0	["2021"]
ford	mustang shelby gt350	29	60043.55172413793	47500.0	76595.0	["2020","2018","2016","2019","2017"]
ford	mustang shelby gt500	19	56783.52631578947	34990.0	95500.0	["2011","2010","2012","2014","2008","2020","2007","2009"]
ford	mustang svt cobra	2	21493.0	17995.0	24991.0	["2001","2003"]
ford	ranger	440	33089.58409090909	1495.0	47800.0	["2020","2008","2009","2006","2011","2010","2019","2004","2007","1997","2003","2005","2001","2002","1998","2000","1996"]
ford	taurus	179	13297.061452513966	1780.0	29900.0	["2015","2003","2011","2010","2014","2017","2013","2018","2019","2006","2016","2007","2012","2002","2009","2000","2004","2008","2005"]
ford	taurus x	2	2492.5	2490.0	2495.0	["2008","2009"]
ford	thunderbird	15	25409.8	10898.0	59990.0	["1955","2002","2005","2004","1966","1957"]
ford	transit cargo	396	35250.40909090909	9985.0	426450.0	["2020","2016","2019","2018","2017","2015"]
ford	transit chassis	35	39396.828571428574	19999.0	62655.0	["2020","2016","2018","2019","2017"]
ford	transit connect	556	24158.562949640287	4999.0	33649.0	["2020","2021","2019","2016","2017","2014","2015","2010","2013","2012","2011","2018"]
ford	transit crew	20	44958.7	34177.0	55670.0	["2020"]
ford	transit passenger	235	32786.948936170214	14900.0	61184.0	["2018","2019","2020","2017","2016","2015"]
ford	windstar	3	2257.3333333333335	777.0	3000.0	["2002","2003"]
freightliner	sprinter	4	16722.25	13900.0	23995.0	["2002","2013","2012"]
genesis	g70	103	43745.17475728155	29000.0	54515.0	["2019","2020","2021"]
genesis	g80	68	38883.367647058825	21995.0	61345.0	["2017","2019","2020","2018"]
genesis	g90	27	54242.148148148146	31990.0	79225.0	["2017","2020","2019","2018"]
gmc	acadia	792	29476.19318181818	5900.0	58070.0	["2016","2017","2015","2014","2012","2018","2020","2011","2013","2010","2019","2008","2007","2021","2009"]
gmc	c/k 2500 series	1	69995.0	69995.0	69995.0	["1999"]
gmc	canyon	113	31446.04424778761	3999.0	46495.0	["2017","2018","2015","2020","2005","2007","2004","2008","2010","2006","2016","2021","2011","2019","2012"]
gmc	envoy	19	4842.578947368421	1495.0	8995.0	["2006","2009","2008","2002","2007","2004","2003"]
gmc	envoy xl	2	4697.5	3400.0	5995.0	["2005","2004"]
gmc	safari	1	3995.0	3995.0	3995.0	["1999"]
gmc	safari cargo	2	5445.0	4995.0	5895.0	["2005","2001"]
gmc	savana	38	24006.605263157893	7795.0	47270.0	["2011","2013","2017","2007","2002","2010","2008","2015","2012","2019","2020","2018"]
gmc	savana cargo	128	24035.5703125	4999.0	41885.0	["2019","2018","2020","2015","2006","2017","2010","2014","2009","2004","2005","2011","2008","2003","2012","2016","2013","2007"]
gmc	sierra 1500	661	39675.308623298035	1399.0	72085.0	["2017","2008","2016","2015","2019","2020","2011","2013","2018","2006","2010","2012","1999","2001","2007","2014","2009","2002","2005","2003","2004"]
gmc	sierra 1500 hybrid	1	14995.0	14995.0	14995.0	["2012"]
gmc	sierra 1500 limited	2	38137.5	36500.0	39775.0	["2019"]
gmc	sierra 2500	2	5497.0	3995.0	6999.0	["2001","1999"]
gmc	sierra 2500hd	124	43524.22580645161	4499.0	79040.0	["2020","2019","2015","2012","2005","2009","2011","2008","2018","2016","2004","2014","2013","2006","2010","2017","2003","2007","2001"]
gmc	sierra 2500hd classic	1	7995.0	7995.0	7995.0	["2007"]
gmc	sierra 3500	5	14129.8	1900.0	23999.0	["2005","1996","2006","1998"]
gmc	sierra 3500hd	25	49347.0	12995.0	82940.0	["2020","2013","2015","2012","2010","2019","2017","2007","2016","2014"]
gmc	sierra 3500hd chassis	3	48647.666666666664	40577.0	52683.0	["2020"]
gmc	sierra classic 1500	1	7900.0	7900.0	7900.0	["2007"]
gmc	sonoma	2	5494.5	4999.0	5990.0	["2001","2003"]
gmc	suburban	2	4322.0	3995.0	4649.0	["1996","1999"]
gmc	terrain	1120	26575.100892857143	5999.0	45400.0	["2020","2017","2018","2019","2016","2014","2012","2015","2013","2011","2010"]
gmc	yukon	228	47604.600877192985	2995.0	83375.0	["2020","2017","2010","2008","2006","2015","2019","2005","2007","2011","2009","2004","2013","2021","2018","2016","2012","2014","2001","2003"]
gmc	yukon hybrid	4	16564.75	5500.0	23995.0	["2010","2013","2008"]
gmc	yukon xl	139	47989.3309352518	3495.0	85795.0	["2020","2019","2016","2017","2018","2010","2007","2013","2014","2015","2021","2011","2006","2008","2003","2009","2004"]
honda	accord	2212	19315.739150090416	1000.0	89995.0	["2014","2009","2010","2017","2012","2016","2004","2018","2013","2007","2015","2005","2019","2008","2006","2011","2020","2000","2003","1999","2001","1997","2002"]
honda	accord coupe	89	13362.23595505618	1499.0	32010.0	["2017","2013","2008","2010","2016","2011","2009","2006","2014","2003","2005","2002","2012","2015","2007"]
honda	accord crosstour	7	10494.142857142857	5995.0	13888.0	["2010","2011"]
honda	accord hybrid	139	25529.93525179856	3000.0	36395.0	["2017","2018","2020","2019","2015","2014","2005"]
honda	civic	1913	17725.03293256665	999.0	28655.0	["2017","2015","2012","2019","2008","2007","2018","2006","2016","2009","2010","2013","2011","1996","2004","2014","2005","2003","2020","2002","1999","2001"]
honda	civic coupe	202	13957.678217821782	1799.0	28999.0	["2013","2018","2016","2009","2017","2008","2014","2012","2011","2019","2005","2006","2010","2015","2007","2003","2002","2001","2004","1999"]
honda	civic hatchback	189	21555.37037037037	13000.0	29905.0	["2018","2020","2019","2017"]
honda	civic hybrid	9	7875.666666666667	2495.0	13975.0	["2015","2014","2005","2010","2003","2013"]
honda	civic type r	19	33853.84210526316	24855.0	38995.0	["2018","2019","2020","2021","2017"]
honda	clarity hybrid plug-in 	10	22925.9	19699.0	26500.0	["2019","2018"]
honda	cr-v	2828	24975.15099009901	1780.0	35970.0	["2011","2014","2015","2013","2018","2017","2004","2019","2016","2020","2007","2008","2012","2009","2010","2005","2002","2006","2001","2003","1997","2000"]
honda	cr-v hybrid	96	32913.625	28870.0	37170.0	["2020"]
honda	cr-z	5	9360.0	5825.0	14990.0	["2011","2016","2015","2012"]
honda	crosstour	23	14204.608695652174	8995.0	17995.0	["2013","2014","2012","2015"]
honda	element	33	7535.454545454545	3399.0	16000.0	["2008","2011","2003","2004","2009","2005","2010","2006"]
honda	fit	388	15488.190721649484	1699.0	21012.0	["2009","2007","2011","2018","2017","2008","2010","2015","2020","2013","2012","2016","2019"]
honda	hr-v	955	22954.48376963351	11495.0	30110.0	["2018","2017","2020","2019","2016"]
honda	insight	98	24798.897959183672	6495.0	30556.0	["2020","2021","2010","2012","2019","2011","2013"]
honda	odyssey	708	27054.20338983051	1985.0	52995.0	["2011","2010","2018","2012","2021","2020","2013","2015","2017","2016","2019","2008","2009","2007","2006","2014","2005","1999","2003","2004"]
honda	passport	207	38805.14975845411	29206.0	44900.0	["2019","2020"]
honda	pilot	1073	30177.706692684063	2750.0	51040.0	["2008","2012","2017","2016","2014","2018","2007","2021","2015","2011","2020","2019","2010","2006","2004","2013","2009","2005"]
honda	ridgeline	164	31305.04268292683	4195.0	45476.0	["2008","2007","2006","2017","2011","2020","2014","2013","2019","2010","2018","2012"]
honda	s2000	4	23449.5	18900.0	26995.0	["2004","2002","2001"]
hummer	h2	11	16035.181818181818	9500.0	23991.0	["2006","2003","2005","2004","2007"]
hummer	h2 sut	4	31189.75	21991.0	50888.0	["2008","2005","2007"]
hummer	h3	14	10344.142857142857	6999.0	13994.0	["2007","2008","2006"]
hummer	h3t	3	24295.0	18900.0	34990.0	["2009"]
hyundai	accent	112	10999.875	2199.0	18651.0	["2021","2020","2014","2010","2016","2015","2017","2008","2019","2013","2007","2011","2018","2012","2006","2009"]
hyundai	azera	13	12400.692307692309	5995.0	20999.0	["2006","2017","2007","2016","2014","2013","2008"]
hyundai	elantra	1189	15287.99747687132	1800.0	27635.0	["2020","2013","2017","2018","2015","2010","2016","2019","2014","2009","2008","2012","2006","2011","2007","2004","2002","2003","2005"]
hyundai	elantra coupe	5	7321.6	5999.0	9990.0	["2013","2014"]
hyundai	elantra gt	68	15931.5	7900.0	29645.0	["2016","2017","2020","2018","2013","2014","2019","2015"]
hyundai	elantra touring	14	6739.142857142857	1999.0	11590.0	["2011","2012","2010","2009"]
hyundai	entourage	4	4495.0	2995.0	5995.0	["2008","2007"]
hyundai	equus	3	15290.666666666666	8977.0	21900.0	["2013","2016","2011"]
hyundai	genesis	29	14831.931034482759	7900.0	22589.0	["2015","2016","2009","2013","2012","2014"]
hyundai	genesis coupe	11	16032.545454545454	7995.0	22900.0	["2016","2014","2013","2015","2011"]
hyundai	ioniq electric	42	35615.357142857145	12991.0	39890.0	["2017","2020","2019"]
hyundai	ioniq hybrid	49	24612.918367346938	11995.0	32920.0	["2020","2017","2019","2018"]
hyundai	ioniq hybrid plug-in 	22	30118.227272727272	18991.0	34370.0	["2019","2020"]
hyundai	kona	519	25996.023121387283	12991.0	31410.0	["2019","2018","2021","2020"]
hyundai	kona electric	77	42486.103896103894	35820.0	47105.0	["2020","2019"]
hyundai	palisade	143	46198.25874125874	35940.0	50315.0	["2020","2021"]
hyundai	santa fe	464	26586.116379310344	3599.0	41885.0	["2012","2018","2008","2019","2007","2013","2017","2020","2011","2010","2004","2005","2009","2015","2014","2002","2016","2006"]
hyundai	santa fe sport	273	17413.007326007326	7000.0	34665.0	["2013","2018","2016","2017","2015","2014"]
hyundai	santa fe xl	2	26879.0	21308.0	32450.0	["2019"]
hyundai	sonata	1092	20478.923076923078	1599.0	35110.0	["2018","2016","2011","2017","2013","2005","2012","2020","2019","2015","2014","2006","2010","2009","2007","2003","2021","2008"]
hyundai	sonata hybrid	61	20357.754098360656	6495.0	35733.0	["2012","2015","2020","2017","2014","2013","2016","2019","2018","2011"]
hyundai	sonata hybrid plug-in 	19	36155.21052631579	26700.0	40270.0	["2019"]
hyundai	tiburon	2	3792.5	2595.0	4990.0	["2004","2006"]
hyundai	tucson	1482	24605.429824561405	2200.0	35795.0	["2018","2014","2017","2006","2016","2020","2021","2007","2019","2013","2011","2015","2012","2008","2010"]
hyundai	veloster	51	11665.21568627451	4599.0	21900.0	["2020","2017","2019","2012","2016","2013","2015","2014"]
hyundai	veloster n	5	30044.0	28450.0	31080.0	["2020"]
hyundai	veloster turbo	13	16186.615384615385	8300.0	26980.0	["2016","2017","2020","2015","2014"]
hyundai	venue	100	19952.93	16030.0	23570.0	["2020","2021"]
hyundai	veracruz	8	8060.875	4995.0	11777.0	["2008","2011","2012","2010"]
infiniti	ex35	15	10845.0	5750.0	15072.0	["2010","2008","2012","2011"]
infiniti	fx35	28	10513.285714285714	5500.0	16890.0	["2005","2011","2012","2009","2008","2004","2007","2010"]
infiniti	fx37	3	17375.666666666668	16395.0	17988.0	["2013"]
infiniti	g20	1	4679.0	4679.0	4679.0	["1999"]
infiniti	g25	9	9385.444444444445	4877.0	11981.0	["2011","2012"]
infiniti	g35	27	7246.0	2899.0	11491.0	["2006","2007","2005","2004","2008"]
infiniti	g37	59	12571.627118644068	4495.0	18690.0	["2012","2010","2013","2009","2011","2008"]
infiniti	i30	1	4750.0	4750.0	4750.0	["2000"]
infiniti	i35	1	2999.0	2999.0	2999.0	["2004"]
infiniti	jx35	21	14857.666666666666	9995.0	18995.0	["2013"]
infiniti	m35	8	7432.25	2999.0	9995.0	["2006","2009","2008","2007"]
infiniti	m37	18	13871.888888888889	9950.0	18777.0	["2012","2011","2013"]
infiniti	q40	9	16416.11111111111	14885.0	18575.0	["2015"]
infiniti	q50	460	27333.69782608696	5995.0	56105.0	["2017","2015","2018","2019","2020","2016","2014"]
infiniti	q50 hybrid	5	21010.6	15998.0	28560.0	["2015","2014","2017"]
infiniti	q60	81	33114.456790123455	18995.0	55684.0	["2017","2018","2019","2014","2015","2020"]
infiniti	q70	12	25667.0	17178.0	35000.0	["2016","2015","2017","2014"]
infiniti	q70l	16	30331.1875	21750.0	39241.0	["2016","2017","2019","2015"]
infiniti	qx30	78	23081.589743589742	16900.0	27999.0	["2017","2018","2019"]
infiniti	qx4	1	3800.0	3800.0	3800.0	["2003"]
infiniti	qx50	164	34101.62195121951	11498.0	61370.0	["2016","2017","2020","2019","2014","2015"]
infiniti	qx56	25	16064.2	4995.0	23995.0	["2012","2007","2011","2008","2013","2005","2010","2006"]
infiniti	qx60	544	40941.501838235294	14333.0	62405.0	["2017","2016","2014","2018","2019","2020","2015"]
infiniti	qx60 hybrid	2	21488.0	14995.0	27981.0	["2014","2015"]
infiniti	qx70	22	29506.545454545456	15912.0	36999.0	["2015","2017","2016","2014"]
infiniti	qx80	106	50369.99056603773	17995.0	88611.0	["2017","2014","2019","2020","2015","2021","2016","2018"]
isuzu	trooper	1	2988.0	2988.0	2988.0	["1999"]
jaguar	e-pace	135	49345.69629629629	29800.0	65375.0	["2020","2019","2018"]
jaguar	f-pace	318	53386.97169811321	27795.0	94670.0	["2018","2019","2017","2020"]
jaguar	f-type	74	74991.6081081081	21900.0	117860.0	["2020","2021","2019","2018","2017","2016","2015","2014"]
jaguar	i-pace	58	76257.8448275862	49987.0	89643.0	["2019","2020"]
jaguar	s-type	3	4164.666666666667	2500.0	5999.0	["2003","2000","2007"]
jaguar	x-type	2	3999.0	2999.0	4999.0	["2003","2005"]
jaguar	xe	127	37647.62204724409	18880.0	59293.0	["2017","2020","2018","2019"]
jaguar	xf	68	38961.19117647059	4995.0	67800.0	["2017","2016","2019","2020","2015","2018","2009","2011","2014","2012"]
jaguar	xf sportbrake	2	63944.0	47994.0	79894.0	["2018","2020"]
jaguar	xj-series	57	37840.070175438595	3900.0	99140.0	["2016","2004","1985","2019","2018","2017","2013","2015","2012","1999","1994","1996","2011","2001","1984","2006","2014","1990"]
jaguar	xk-series	7	21718.571428571428	3995.0	35988.0	["2009","2010","2007","1998","2008","2015"]
jeep	cherokee	1292	26825.23919432082	2495.0	43545.0	["2018","2017","2019","2014","2020","2015","2016","2021","2000","2001","1996"]
jeep	cj-5	1	28695.0	28695.0	28695.0	["1976"]
jeep	commander	14	6079.0	3599.0	9995.0	["2006","2007","2008"]
jeep	compass	1723	24565.52118398143	2495.0	39040.0	["2017","2016","2019","2020","2021","2018","2011","2014","2012","2015","2007","2010","2013","2008"]
jeep	gladiator	226	49791.27433628318	37098.0	89990.0	["2020","2021"]
jeep	grand cherokee	3439	33638.27827856935	2495.0	99165.0	["2020","2017","2006","2019","2018","2016","2015","2012","2010","2013","2014","2002","2008","2004","2005","2009","2011","2007","2000","2001","2003","1997","1998"]
jeep	grand wagoneer	1	50000.0	50000.0	50000.0	["1991"]
jeep	liberty	175	7503.714285714285	2495.0	16000.0	["2010","2002","2005","2012","2011","2007","2004","2008","2003","2009","2006"]
jeep	patriot	218	11890.752293577982	4500.0	20462.0	["2015","2016","2011","2008","2012","2014","2017","2007","2009","2010","2013"]
jeep	renegade	448	21818.160714285714	10400.0	35335.0	["2019","2017","2016","2015","2020","2018"]
jeep	wrangler	234	25610.19230769231	5995.0	53562.0	["2016","2015","2021","2012","2011","2004","2014","2006","2013","1999","2019","2020","2005","1997","2018","2008","2009","2017","2010","2003","1994","1998","2001"]
jeep	wrangler unlimited	1115	37701.24125560538	10500.0	88500.0	["2018","2016","2007","2017","2010","2020","2019","2015","2008","2021","2011","2014","2012","2013","2009"]
kaiser	manhattan	1	12995.0	12995.0	12995.0	["1953"]
karma	revero gt	1	149800.0	149800.0	149800.0	["2020"]
kia	amanti	2	3947.0	2899.0	4995.0	["2004","2007"]
kia	borrego	1	6495.0	6495.0	6495.0	["2009"]
kia	cadenza	31	22551.709677419356	10501.0	42676.0	["2017","2019","2016","2015","2014","2018","2020"]
kia	forte	699	16961.022889842632	2999.0	24485.0	["2018","2016","2017","2013","2020","2019","2015","2021","2011","2014","2012","2010"]
kia	forte koup	14	10022.92857142857	4995.0	14759.0	["2013","2016","2015","2010","2012","2014"]
kia	forte5	35	11327.885714285714	3199.0	19999.0	["2016","2015","2014","2017","2011","2013","2018","2012"]
kia	k5	298	26672.28187919463	23905.0	34155.0	["2021"]
kia	k900	4	56853.0	54861.0	58896.0	["2020"]
kia	niro	150	23722.02666666667	13990.0	34985.0	["2017","2020","2018","2019"]
kia	niro ev	64	42440.46875	34995.0	47090.0	["2019","2020"]
kia	niro hybrid plug-in	22	32852.77272727273	20998.0	37760.0	["2020","2019"]
kia	optima	498	15751.253012048193	2995.0	38335.0	["2019","2018","2017","2016","2015","2014","2013","2020","2012","2008","2010","2011","2006","2009"]
kia	optima hybrid	7	14686.57142857143	6495.0	30280.0	["2017","2013","2011","2012","2014"]
kia	optima hybrid plug-in 	3	16475.666666666668	15947.0	16985.0	["2017"]
kia	rio	117	14453.239316239316	2499.0	22290.0	["2020","2019","2016","2013","2008","2006","2012","2018","2017","2009","2014","2015"]
kia	rio5	30	14354.633333333333	3999.0	18805.0	["2018","2012","2015","2020","2009","2019","2016"]
kia	rondo	7	4050.5714285714284	2399.0	5991.0	["2007","2008"]
kia	sedona	220	26177.331818181818	1999.0	44715.0	["2019","2017","2020","2010","2021","2016","2018","2009","2015","2006","2007","2011","2008","2012","2014"]
kia	seltos	180	25751.777777777777	19500.0	34655.0	["2021"]
kia	sephia	2	1145.0	795.0	1495.0	["2001","2000"]
kia	sorento	852	24267.212441314554	3499.0	48690.0	["2017","2018","2019","2013","2020","2016","2015","2011","2014","2007","2008","2004","2012","2009"]
kia	soul	533	16223.330206378987	2550.0	29570.0	["2018","2020","2017","2013","2021","2019","2016","2014","2015","2011","2012","2010"]
kia	soul ev	14	13425.357142857143	10980.0	15700.0	["2017","2016"]
kia	spectra	7	3639.8571428571427	2995.0	5000.0	["2006","2009","2008","2007"]
kia	sportage	1427	25146.45409950946	3750.0	41865.0	["2015","2012","2009","2013","2016","2017","2021","2018","2020","2011","2014","2019","2006","2007","2010","2008"]
kia	stinger	53	40063.981132075474	21495.0	54850.0	["2018","2020","2019"]
kia	telluride	148	42525.33108108108	32500.0	54465.0	["2021","2020"]
lamborghini	aventador	4	350223.25	249990.0	439998.0	["2018","2017","2014","2019"]
lamborghini	gallardo	2	91995.0	77995.0	105995.0	["2005","2008"]
lamborghini	huracan	9	211024.77777777778	165998.0	339990.0	["2018","2020","2016","2017","2015"]
lamborghini	urus	5	259357.8	238995.0	279999.0	["2020","2019"]
land rover	defender	89	77981.78651685393	38000.0	139000.0	["1997","1986","1989","1985","1993","2020"]
land rover	discovery	166	61485.56024096385	3495.0	83900.0	["2020","2019","2017","2018","2003"]
land rover	discovery sport	461	44470.767895878525	19598.0	75899.0	["2020","2017","2016","2018","2019","2015"]
land rover	freelander	1	3895.0	3895.0	3895.0	["2005"]
land rover	lr2	15	10641.133333333333	3199.0	16495.0	["2013","2008","2009","2012","2015","2014","2010"]
land rover	lr3	5	8119.4	5795.0	13997.0	["2008","2006"]
land rover	lr4	20	24834.6	9995.0	45990.0	["2016","2015","2011","2012","2010"]
land rover	range rover	217	78994.133640553	8800.0	229565.0	["2012","2018","2003","2014","2015","2016","2019","2020","2017","2013","2007","2010"]
land rover	range rover evoque	256	41977.1640625	15976.0	84399.0	["2020","2017","2016","2015","2013","2014","2019","2018","2012"]
land rover	range rover hybrid	127	103734.53543307087	93640.0	113860.0	["2020"]
land rover	range rover hybrid plug-in	4	104561.25	102352.0	109270.0	["2020"]
land rover	range rover sport	305	63443.32786885246	6999.0	150100.0	["2020","2014","2011","2015","2009","2007","2017","2016","2012","2018","2019","2006","2010","2013","2008"]
land rover	range rover velar	259	64157.023166023166	39384.0	102372.0	["2018","2020","2019"]
land rover	series iii	1	27950.0	27950.0	27950.0	["1973"]
lexus	ct hybrid	28	15187.142857142857	7990.0	24298.0	["2013","2012","2011","2014","2017","2015","2016"]
lexus	es	138	45489.514492753624	35761.0	53020.0	["2019","2020"]
lexus	es 300	8	3023.875	1295.0	5500.0	["2000","2002","2003","2001","1996"]
lexus	es 300h	23	24361.043478260868	15950.0	35998.0	["2013","2018","2017","2015","2014","2016"]
lexus	es 330	9	6589.0	4299.0	8995.0	["2005","2006","2004"]
lexus	es 350	291	23071.89003436426	5500.0	35999.0	["2007","2012","2017","2018","2009","2015","2016","2011","2013","2008","2010","2014"]
lexus	es hybrid	61	55647.639344262294	34972.0	434790.0	["2020","2019"]
lexus	gs	4	47290.25	42900.0	59074.0	["2019"]
lexus	gs 300	5	7835.8	4999.0	9995.0	["2004","2006"]
lexus	gs 350	121	34662.586776859505	7495.0	59654.0	["2013","2020","2016","2017","2014","2015","2010","2008","2018","2007"]
lexus	gs f	4	78237.25	44495.0	89638.0	["2016","2020"]
lexus	gx	129	42284.19379844961	15898.0	67995.0	["2019","2012","2016","2017","2018","2010","2020","2011","2013","2014","2015"]
lexus	gx 470	18	12751.888888888889	9000.0	17975.0	["2009","2008","2006","2007","2004","2005"]
lexus	hs 250h	3	9664.333333333334	8495.0	10498.0	["2010"]
lexus	is	173	33853.05202312139	4900.0	50050.0	["2017","2018","2020","2016","2019","2008","2004"]
lexus	is 250	73	15391.808219178081	4900.0	25422.0	["2014","2015","2011","2012","2008","2006","2013","2007","2009","2010"]
lexus	is 350	20	25553.0	15999.0	34765.0	["2016","2014","2017","2018","2011","2015"]
lexus	lc	8	87650.75	64995.0	106565.0	["2018","2020","2021"]
lexus	lc hybrid	1	76888.0	76888.0	76888.0	["2018"]
lexus	ls	30	88417.6	67960.0	108135.0	["2020"]
lexus	ls 430	3	9530.0	8595.0	10000.0	["2001","2005","2004"]
lexus	ls 460	28	28662.0	10995.0	52998.0	["2015","2017","2013","2008","2016","2010","2012","2014","2007","2009","2011"]
lexus	ls 500	8	70840.25	52995.0	104256.0	["2018","2019"]
lexus	ls 500h	1	65378.0	65378.0	65378.0	["2018"]
lexus	ls 600h l	1	12995.0	12995.0	12995.0	["2008"]
lexus	lx	9	98060.22222222222	89770.0	101123.0	["2020"]
lexus	lx 450	1	25000.0	25000.0	25000.0	["1997"]
lexus	lx 470	3	13256.666666666666	5995.0	16985.0	["2007","2002","2006"]
lexus	lx 570	14	47483.642857142855	21263.0	94140.0	["2019","2017","2008","2016","2015","2014","2009"]
lexus	nx	96	37928.770833333336	26794.0	48693.0	["2018","2019","2020","2021"]
lexus	nx 200t	184	27743.217391304348	18900.0	36998.0	["2017","2016","2015"]
lexus	nx hybrid	23	39674.086956521736	21995.0	48320.0	["2020","2015","2021","2018","2019","2017"]
lexus	rc	18	51951.88888888889	40598.0	58790.0	["2020","2019"]
lexus	rc 300	9	30364.666666666668	23900.0	36998.0	["2017","2016"]
lexus	rc 350	9	32980.77777777778	19900.0	41487.0	["2016","2017","2018","2015"]
lexus	rc f	3	56779.0	46999.0	68448.0	["2019","2015"]
lexus	rx	391	52080.386189258315	35365.0	64840.0	["2019","2018","2020"]
lexus	rx 300	8	4132.5	2995.0	5981.0	["1999","2001","2000","2002","2003"]
lexus	rx 330	16	8028.9375	5995.0	14000.0	["2006","2005","2004"]
lexus	rx 350	455	29770.734065934066	6800.0	48498.0	["2017","2009","2015","2013","2010","2012","2016","2007","2014","2011","2008"]
lexus	rx 400h	10	8315.3	5999.0	10885.0	["2007","2008","2006"]
lexus	rx hybrid	97	45633.79381443299	12995.0	63510.0	["2017","2018","2011","2020","2010","2013","2019","2016","2015","2014","2012"]
lexus	sc 430	6	13257.333333333334	8491.0	16590.0	["2002","2004","2006","2005"]
lexus	ux	7	32931.857142857145	28577.0	36930.0	["2019","2020"]
lexus	ux hybrid	50	38362.42	27977.0	42040.0	["2020","2019"]
lincoln	aviator	242	69525.22314049587	1980.0	89130.0	["2020","2003","2005","2021","2004"]
lincoln	continental	182	46080.181318681316	2999.0	89625.0	["2019","2018","2017","2020","1980","2002"]
lincoln	corsair	497	45719.84507042253	36545.0	59890.0	["2020","2021"]
lincoln	mark lt	5	16685.0	12995.0	23990.0	["2008","2007","2006"]
lincoln	mark vi	1	12990.0	12990.0	12990.0	["1983"]
lincoln	mark vii	2	10237.5	8500.0	11975.0	["1986","1988"]
lincoln	mark viii	1	27995.0	27995.0	27995.0	["1998"]
lincoln	mkc	228	24972.69298245614	14900.0	45115.0	["2018","2017","2015","2019","2016"]
lincoln	mks	30	12249.5	5199.0	29990.0	["2009","2015","2013","2014","2016","2011","2010"]
lincoln	mkt	59	30020.64406779661	6199.0	49645.0	["2017","2016","2019","2018","2014","2010","2012","2011"]
lincoln	mkx	202	24732.143564356436	3500.0	47210.0	["2008","2016","2013","2014","2010","2017","2011","2015","2012","2007","2018","2009"]
lincoln	mkz	864	38337.82523148148	2999.0	57090.0	["2017","2020","2018","2019","2016","2007","2012","2011","2008","2014","2015","2013","2009","2010"]
lincoln	mkz hybrid	106	33815.78301886792	9995.0	49995.0	["2017","2013","2018","2020","2016","2014","2012","2019","2015"]
lincoln	nautilus	341	52350.34897360704	30352.0	64905.0	["2020","2019"]
lincoln	navigator	241	71633.5560165975	4995.0	105685.0	["2017","2008","2019","2016","2015","2018","2020","2005","2007","2010","2011","2013","2012","2014","2003"]
lincoln	town car	22	6112.909090909091	2500.0	10000.0	["1993","2008","2009","2003","2007","2002","2011","2006","2005","2001"]
lincoln	zephyr	4	3449.75	2500.0	4000.0	["2006"]
lotus	elan	1	29950.0	29950.0	29950.0	["1971"]
lotus	elise	2	32950.0	30000.0	35900.0	["2005","2000"]
lotus	evora	12	104711.66666666667	74995.0	115795.0	["2020","2017"]
maserati	coupe	2	25987.5	22995.0	28980.0	["2004","2005"]
maserati	ghibli	199	47215.13065326633	22995.0	98635.0	["2017","2015","2014","2019","2016","2018","2020"]
maserati	gransport	1	25995.0	25995.0	25995.0	["2005"]
maserati	granturismo	32	66932.5625	31500.0	158900.0	["2008","2017","2018","2019","2011","2016","2015","2010","2009","2014","2013"]
maserati	levante	157	81470.32484076433	34895.0	135994.0	["2017","2018","2020","2019"]
maserati	quattroporte	65	71538.44615384615	9900.0	124721.0	["2008","2015","2018","2020","2016","2017","2005","2019","2014","2011","2009"]
maybach	57	2	43444.5	42995.0	43894.0	["2007","2006"]
mazda	cx-3	148	18776.885135135137	11500.0	29295.0	["2016","2017","2018","2020","2019","2021"]
mazda	cx-30	121	28105.30578512397	23785.0	31625.0	["2020","2021"]
mazda	cx-5	1334	25719.851574212895	6991.0	38845.0	["2013","2016","2017","2014","2015","2018","2020","2019","2021"]
mazda	cx-7	21	7171.238095238095	3999.0	10995.0	["2010","2008","2009","2011","2007","2012"]
mazda	cx-9	260	29307.834615384614	3995.0	53095.0	["2017","2012","2018","2010","2009","2020","2014","2016","2011","2008","2013","2019","2021","2015"]
mazda	mazda2	4	6601.75	3399.0	8995.0	["2014","2013","2011"]
mazda	mazda3	493	17189.847870182555	1995.0	32595.0	["2019","2008","2015","2016","2020","2017","2018","2021","2013","2011","2007","2005","2014","2010","2012","2006","2009"]
mazda	mazda5	33	6420.545454545455	2899.0	11999.0	["2010","2013","2009","2012","2014","2007","2008","2015"]
mazda	mazda6	230	20051.091304347825	2792.0	37140.0	["2018","2014","2016","2020","2017","2011","2019","2015","2009","2010","2005","2004","2012","2007","2013","2008","2006"]
mazda	mazdaspeed3	5	10682.6	6025.0	14990.0	["2011","2010","2007","2013"]
mazda	mpv	3	2995.0	1995.0	4495.0	["2003","2005","2002"]
mazda	mx-5 miata	43	22862.906976744187	3600.0	36695.0	["2006","2009","1999","2007","2016","2017","1997","2020","2018","2019","2012","2014","2015","2010"]
mazda	protege	1	3499.0	3499.0	3499.0	["1996"]
mazda	rx-7	2	30495.0	14995.0	45995.0	["1993","1988"]
mazda	rx-8	2	7727.0	5555.0	9899.0	["2005"]
mazda	tribute	13	4727.615384615385	1000.0	10000.0	["2010","2005","2011","2006","2004","2003","2008"]
mclaren	570gt	1	149000.0	149000.0	149000.0	["2017"]
mclaren	570s	8	158293.75	139500.0	209970.0	["2016","2017","2020","2018"]
mclaren	600lt	2	244400.0	238900.0	249900.0	["2020"]
mclaren	650s	1	154900.0	154900.0	154900.0	["2015"]
mclaren	675lt	1	289900.0	289900.0	289900.0	["2016"]
mclaren	720s	4	299892.0	229998.0	383990.0	["2018","2020"]
mclaren	gt	4	239618.5	205999.0	253525.0	["2020"]
mclaren	mp4-12c	2	105471.0	104942.0	106000.0	["2012"]
mercedes-benz	190-class	1	4995.0	4995.0	4995.0	["1988"]
mercedes-benz	250	1	67000.0	67000.0	67000.0	["1967"]
mercedes-benz	280	1	9999.0	9999.0	9999.0	["1974"]
mercedes-benz	380-class	2	11942.5	7895.0	15990.0	["1984","1982"]
mercedes-benz	420-class	1	5995.0	5995.0	5995.0	["1986"]
mercedes-benz	500-class	1	18995.0	18995.0	18995.0	["1985"]
mercedes-benz	560-class	1	6995.0	6995.0	6995.0	["1989"]
mercedes-benz	a-class	86	38074.232558139534	21950.0	61370.0	["2020","2019","2021"]
mercedes-benz	amg gt	29	138885.9655172414	71800.0	229690.0	["2017","2019","2016","2020","2018"]
mercedes-benz	b-class	1	15995.0	15995.0	15995.0	["2017"]
mercedes-benz	c-class	1191	32562.42401343409	2499.0	99320.0	["2009","2017","2018","2012","2020","2019","2015","2014","2016","2013","2011","2010","2005","2004","2008","1998","2007","2006","2002","1999"]
mercedes-benz	cl-class	7	18580.0	11997.0	24500.0	["2010","2009","2008"]
mercedes-benz	cla-class	228	30101.776315789473	13999.0	64790.0	["2017","2016","2018","2015","2014","2020","2021","2019"]
mercedes-benz	clk-class	11	9484.454545454546	5995.0	14980.0	["2007","2005","2004","2006","2000","2003"]
mercedes-benz	cls-class	74	52912.37837837838	5999.0	96600.0	["2014","2008","2006","2019","2017","2015","2020","2016","2012","2007","2018","2013"]
mercedes-benz	e-class	856	37423.16939252336	2500.0	132150.0	["2005","2017","2018","2010","2014","2015","2016","2020","2019","2012","2011","2008","2013","2007","1995","2006","2009","2002","2003"]
mercedes-benz	g-class	57	115971.87719298246	23942.0	224890.0	["2014","2020","2017","2003","2015","2002","2019","2018","2011","2016","2009","2005","2013","2004","2008"]
mercedes-benz	gl-class	92	22134.565217391304	7495.0	43800.0	["2013","2016","2014","2007","2009","2010","2015","2012","2011","2008"]
mercedes-benz	gla-class	493	36178.35496957404	15495.0	61305.0	["2018","2021","2020","2017","2019","2015","2016"]
mercedes-benz	glb-class	223	45576.591928251124	37995.0	55265.0	["2020","2021"]
mercedes-benz	glc-class	584	45882.26198630137	22000.0	100275.0	["2016","2017","2018","2019","2020"]
mercedes-benz	gle-class	525	51615.664761904765	21950.0	134055.0	["2018","2016","2017","2020","2019","2021"]
mercedes-benz	glk-class	60	14661.383333333333	5998.0	29995.0	["2012","2015","2014","2010","2013","2011"]
mercedes-benz	gls-class	276	60037.913043478264	28565.0	136775.0	["2018","2017","2020","2019","2021"]
mercedes-benz	m-class	107	16578.26168224299	3499.0	39995.0	["2013","2014","2015","2011","2009","2008","2012","2006","2004","2002","2010","2007"]
mercedes-benz	metris	55	33405.236363636366	16988.0	63998.0	["2016","2017","2018","2019","2020"]
mercedes-benz	metris cargo	240	33914.2125	15995.0	37917.0	["2020","2017","2018","2019","2016"]
mercedes-benz	r-class	8	9512.625	7249.0	12995.0	["2008","2010","2011","2007"]
mercedes-benz	s-class	372	77620.94892473119	4000.0	203255.0	["2014","2010","2000","2018","2019","2009","2016","2013","2017","2012","2015","2008","2007","2004","2020","2003","2006","2002","2011","2005"]
mercedes-benz	s-class coupe	28	86273.42857142857	48895.0	148740.0	["2019","2017","2016","2015"]
mercedes-benz	sl-class	96	69012.15625	6995.0	138528.0	["2013","1995","2017","2002","2003","2014","2019","2020","1992","1974","2007","1989","2015","1990","2009","1994","1987","2005","2018","1988","1999","2011","1975","2006"]
mercedes-benz	slc-class	34	56022.85294117647	27695.0	76395.0	["2020","2019","2017","2018"]
mercedes-benz	slk-class	8	24192.875	17900.0	32995.0	["2012","2007","2015","2014","2010"]
mercedes-benz	slr mclaren	1	859000.0	859000.0	859000.0	["2009"]
mercedes-benz	sls-class	1	275000.0	275000.0	275000.0	["2014"]
mercedes-benz	sprinter	394	53144.692893401014	11500.0	90999.0	["2015","2010","2016","2020","2019","2014","2013","2018","2011"]
mercedes-benz	sprinter cargo	56	39466.91071428572	12950.0	63077.0	["2019","2017","2012","2014","2015","2016","2013","2018","2011"]
mercury	capri	1	5800.0	5800.0	5800.0	["1994"]
mercury	grand marquis	13	4315.846153846154	1799.0	8995.0	["2002","2001","2009","2005","2004","2003","1997","2010","2006"]
mercury	mariner	15	4855.8	2995.0	9000.0	["2008","2010","2009","2005"]
mercury	mariner hybrid	4	4850.0	2495.0	7995.0	["2008","2009","2007","2010"]
mercury	milan	15	5216.933333333333	2500.0	7500.0	["2010","2007","2009","2006","2011"]
mercury	montego	2	5397.5	4295.0	6500.0	["2006","2007"]
mercury	monterey	4	15746.0	1995.0	34990.0	["2004","1952","1955"]
mercury	mountaineer	10	5671.8	2995.0	8995.0	["2010","2007","2002","2004","2003","2006"]
mercury	sable	7	4151.571428571428	2995.0	5988.0	["2002","2000","2008","2004"]
mini	cooper	329	23322.021276595744	2200.0	45750.0	["2013","2015","2014","2020","2018","2017","2021","2011","2009","2007","2006","2012","2016","2008","2019","2010","2003","2004","2005"]
mini	cooper clubman	121	27146.586776859505	6990.0	43085.0	["2017","2020","2016","2009","2012","2019","2010","2018","2014","2011"]
mini	cooper coupe	2	12945.0	10900.0	14990.0	["2014","2013"]
mini	cooper paceman	3	13329.666666666666	12990.0	13999.0	["2014","2015","2013"]
mini	countryman	236	27322.95338983051	6495.0	46995.0	["2017","2016","2012","2015","2013","2020","2018","2014","2011","2019","2021"]
mini	countryman hybrid plug-in 	2	36974.5	27999.0	45950.0	["2020","2018"]
mini	roadster	2	14744.0	12490.0	16998.0	["2015","2012"]
mitsubishi	eclipse	8	4309.0	1999.0	7995.0	["2006","2007","2011","2008","2003","2009"]
mitsubishi	eclipse cross	116	23847.939655172413	14995.0	33500.0	["2019","2018","2020"]
mitsubishi	eclipse spyder	3	3798.0	2995.0	4900.0	["2003","1998","2001"]
mitsubishi	endeavor	10	4464.9	2995.0	6995.0	["2007","2011","2010","2005","2008","2004"]
mitsubishi	galant	8	4557.5	1983.0	7995.0	["2009","2011","2007","2012","2004"]
mitsubishi	lancer	23	6990.913043478261	2250.0	11986.0	["2010","2008","2016","2017","2003","2013","2011","2004","2014","2009","2012"]
mitsubishi	lancer evolution	7	28195.85714285714	22999.0	34995.0	["2015","2013","2003","2004"]
mitsubishi	mirage	153	14913.183006535948	4995.0	18500.0	["2018","2020","2014","2019","2017","2015"]
mitsubishi	mirage g4	166	16665.5	7499.0	19770.0	["2020","2019","2018","2017"]
mitsubishi	outlander	181	21124.486187845305	1995.0	31273.0	["2018","2014","2019","2010","2009","2008","2017","2016","2011","2007","2013","2006","2015","2020","2012","2003"]
mitsubishi	outlander hybrid plug-in 	20	37457.35	26499.0	41056.0	["2020","2019","2018"]
mitsubishi	outlander sport	331	21195.64652567976	4995.0	29500.0	["2019","2015","2014","2018","2017","2016","2011","2012","2020","2013"]
nissan	300zx	1	11495.0	11495.0	11495.0	["1989"]
nissan	350z	8	11910.625	6995.0	19999.0	["2004","2009","2003","2007","2005"]
nissan	370z	13	24559.30769230769	14994.0	48460.0	["2017","2019","2009","2012","2014","2010","2013","2015"]
nissan	altima	1621	18107.671807526218	1899.0	37640.0	["2012","2020","2009","2018","2017","2015","2016","2013","2014","2019","2008","2005","2010","2006","2011","2007","2004","2003","2001","2002"]
nissan	altima coupe	21	7427.714285714285	2988.0	12500.0	["2009","2010","2013","2012","2008","2011"]
nissan	altima hybrid	10	6515.5	4900.0	8995.0	["2009","2007","2011","2010"]
nissan	armada	96	33307.875	3999.0	69975.0	["2012","2010","2017","2019","2006","2020","2015","2011","2013","2005","2008","2018","2007"]
nissan	cube	5	6035.0	3999.0	7900.0	["2009","2010","2011","2014"]
nissan	frontier	135	20768.37777777778	5499.0	39190.0	["2017","2011","2013","2007","2008","2016","2010","2012","2009","2019","2018","2020","2004","2014","2005","2015","2006"]
nissan	gt-r	14	93195.5	50100.0	179980.0	["2014","2020","2010","2015","2017"]
nissan	juke	54	10635.75925925926	5995.0	18959.0	["2011","2012","2014","2013","2016","2015","2017"]
nissan	kicks	171	20844.64912280702	13995.0	25023.0	["2018","2020","2019"]
nissan	leaf	143	32252.20979020979	5495.0	45930.0	["2016","2019","2020","2012","2017","2018","2013","2014","2015"]
nissan	maxima	484	20459.40702479339	999.0	43550.0	["2017","2010","2018","2020","2009","2013","2019","2011","2016","2007","2006","2005","2012","2014","2001","2002","2008"]
nissan	murano	803	27330.738480697386	899.0	49765.0	["2017","2020","2016","2015","2013","2010","2019","2007","2006","2014","2018","2009","2012","2003","2011","2005","2004"]
nissan	murano crosscabriolet	4	16487.0	14995.0	19459.0	["2014","2011"]
nissan	nv cargo	64	27420.40625	8985.0	36615.0	["2014","2016","2015","2017","2020","2012","2018","2019","2013"]
nissan	nv passenger	11	34453.454545454544	14488.0	44855.0	["2014","2020","2016","2019"]
nissan	nv200	60	18020.983333333334	5985.0	29998.0	["2015","2014","2019","2017","2018","2013","2016","2020"]
nissan	pathfinder	584	23237.54794520548	1200.0	47362.0	["2015","2017","2014","2012","2020","2018","2013","2016","2011","2019","2008","2009","2007","2010","2005","2003","2006","2004","1999","2002"]
nissan	pathfinder hybrid	1	16000.0	16000.0	16000.0	["2014"]
nissan	quest	29	8289.275862068966	2495.0	16500.0	["2011","2004","2007","2016","2013","2012","2009","2008","2015","2002","2017","2000"]
nissan	rogue	2444	20463.838788870704	2222.0	38080.0	["2011","2014","2008","2015","2016","2013","2017","2019","2010","2018","2012","2009","2020"]
nissan	rogue hybrid	1	23459.0	23459.0	23459.0	["2018"]
nissan	rogue select	29	10222.448275862069	5995.0	17995.0	["2015","2014"]
nissan	rogue sport	668	22189.444610778442	12900.0	34345.0	["2017","2020","2019","2018"]
nissan	sentra	975	14509.226666666667	999.0	111111.0	["2017","2019","2018","2011","2016","2013","2007","2015","2014","2010","2008","2009","2003","2005","2006","2012","2020","2002","1996","2004"]
nissan	titan	112	31624.133928571428	4199.0	67800.0	["2004","2016","2011","2005","2018","2006","2008","2014","2020","2017","2012","2010","2019","2007","2009","2015"]
nissan	versa	258	11664.472868217053	1899.0	22250.0	["2020","2017","2009","2019","2012","2014","2013","2016","2018","2011","2010","2015","2008","2007"]
nissan	versa note	36	8061.222222222223	4995.0	11980.0	["2015","2017","2019","2016","2014","2018"]
nissan	xterra	40	10163.275	3495.0	23899.0	["2007","2008","2004","2011","2014","2005","2003","2013","2010","2015","2009","2006","2012"]
oldsmobile	442	1	59000.0	59000.0	59000.0	["1970"]
oldsmobile	alero	2	1697.5	1495.0	1900.0	["2003","2002"]
oldsmobile	custom cruiser	1	21995.0	21995.0	21995.0	["1992"]
oldsmobile	delta 88	2	23997.5	23995.0	24000.0	["1966"]
oldsmobile	toronado	1	22995.0	22995.0	22995.0	["1966"]
plymouth	barracuda	1	60000.0	60000.0	60000.0	["1968"]
plymouth	prowler	2	33425.0	31900.0	34950.0	["2000","1999"]
pontiac	aztek	1	3000.0	3000.0	3000.0	["2002"]
pontiac	bonneville	3	2230.0	1995.0	2500.0	["1999","2000","2005"]
pontiac	fiero	1	9999.0	9999.0	9999.0	["1984"]
pontiac	firebird	6	16242.166666666666	5000.0	26950.0	["1989","1997","1993","1976","2002","1984"]
pontiac	g5	1	4999.0	4999.0	4999.0	["2008"]
pontiac	g6	30	4409.133333333333	1500.0	7991.0	["2008","2007","2006","2009","2010"]
pontiac	g8	4	20573.75	14500.0	29995.0	["2009"]
pontiac	grand am	4	2460.75	1998.0	2900.0	["2004","1995","2003"]
pontiac	grand prix	5	8697.8	2499.0	19995.0	["1973","2004","2006","1976","2008"]
pontiac	grand ville	1	19995.0	19995.0	19995.0	["1973"]
pontiac	gto	8	20361.25	13988.0	39950.0	["2004","2005","2006","1970"]
pontiac	solstice	4	10299.75	8999.0	11300.0	["2006","2007"]
pontiac	sunfire	2	2547.0	1299.0	3795.0	["2003","2002"]
pontiac	torrent	4	5268.0	3495.0	7444.0	["2006","2008"]
pontiac	vibe	20	4420.85	2995.0	6800.0	["2006","2009","2003","2004","2005","2007","2008"]
porsche	356	1	18995.0	18995.0	18995.0	["1956"]
porsche	718 boxster	9	66159.77777777778	45894.0	88995.0	["2019","2017"]
porsche	718 cayman	20	73014.1	47995.0	119470.0	["2019","2017","2018","2020"]
porsche	911	162	112830.25308641975	20995.0	335900.0	["2016","1999","2014","2019","2017","2018","2015","2020","1989","2004","1997","1991","1995","2010","1987","2009","1996","2007","2008","2013","2005","1983","2006","2002","2012","2021","1993","2011","2000"]
porsche	912	2	92747.5	79995.0	105500.0	["1968"]
porsche	914	1	99900.0	99900.0	99900.0	["1970"]
porsche	924	1	27900.0	27900.0	27900.0	["1987"]
porsche	928	1	12999.0	12999.0	12999.0	["1986"]
porsche	944	1	10995.0	10995.0	10995.0	["1986"]
porsche	boxster	21	18411.0	5999.0	39999.0	["2011","2006","1999","2003","2004","1997","2002","2014","2001","2013","1998","2000","2007","2008","2009"]
porsche	carrera gt	1	819000.0	819000.0	819000.0	["2005"]
porsche	cayenne	153	55769.67973856209	8990.0	160540.0	["2014","2013","2008","2017","2012","2019","2016","2015","2011","2009","2020","2018","2010","2004","2006"]
porsche	cayenne e-hybrid	11	73516.36363636363	43995.0	197990.0	["2017","2019","2018","2020"]
porsche	cayenne hybrid	1	27390.0	27390.0	27390.0	["2014"]
porsche	cayman	9	65230.11111111111	26401.0	188900.0	["2016","2015","2014","2006","2007","2011"]
porsche	macan	169	50058.7100591716	25950.0	94710.0	["2017","2018","2020","2015","2019","2016"]
porsche	panamera	84	71918.38095238095	22995.0	143820.0	["2019","2020","2018","2017","2014","2015","2011","2012","2010","2016","2013"]
porsche	panamera e-hybrid	7	140835.7142857143	76555.0	215300.0	["2018","2020","2019"]
porsche	panamera hybrid	1	26995.0	26995.0	26995.0	["2013"]
porsche	taycan	15	163851.2	135010.0	206950.0	["2020"]
ram	1500	2147	40227.46204005589	4891.0	72900.0	["2020","2019","2017","2015","2014","2016","2018","2013","2011","2012"]
ram	2500	264	50257.943181818184	4980.0	83375.0	["2018","2020","2017","2011","2019","2015","2012","2014","2013","2016","2021"]
ram	3500	97	54271.34020618557	19990.0	88475.0	["2020","2014","2015","2019","2012","2011","2018","2017","2021"]
ram	3500 chassis	43	45161.72093023256	24500.0	63425.0	["2017","2018","2019","2020","2015","2014","2016","2013"]
ram	4500 chassis	3	31331.0	23995.0	39999.0	["2012","2018","2011"]
ram	5500 chassis	35	54284.142857142855	30990.0	75098.0	["2020","2013","2019","2012","2016","2015","2018","2011","2017"]
ram	c/v	6	8962.5	3680.0	15600.0	["2013","2015","2014"]
ram	dakota	2	14750.0	11500.0	18000.0	["2011"]
ram	promaster	231	32736.878787878788	9985.0	58999.0	["2020","2014","2015","2019","2021","2016","2017","2018"]
ram	promaster city	98	21902.826530612245	7777.0	30100.0	["2016","2015","2020","2017","2019","2018"]
rolls-royce	cullinan	1	459995.0	459995.0	459995.0	["2020"]
rolls-royce	dawn	4	235723.75	198000.0	272995.0	["2018","2016","2017"]
rolls-royce	ghost	11	165478.0	109000.0	218388.0	["2016","2015","2017","2013","2018","2012"]
rolls-royce	phantom	3	264961.0	155888.0	449995.0	["2018","2011","2015"]
rolls-royce	phantom drophead coupe	5	265975.8	169995.0	400000.0	["2016","2009","2015","2014"]
rolls-royce	silver spur	1	13994.0	13994.0	13994.0	["1986"]
rolls-royce	wraith	11	188469.9090909091	152500.0	259995.0	["2015","2016","2014","2018","2017"]
saab	9-3	15	5377.4	2200.0	9990.0	["2004","2003","2002","2001","2011","2010","2006","2008","2007","1999"]
saab	9-3 sportcombi	3	6857.333333333333	5895.0	7900.0	["2008","2010"]
saab	9-4x	2	17491.0	14991.0	19991.0	["2011"]
saab	9-5	10	6523.0	1995.0	17988.0	["2002","2001","2006","2004","2010","2009","2007","2011"]
saab	9-7x	1	5999.0	5999.0	5999.0	["2008"]
saab	900	2	5747.5	4995.0	6500.0	["1997","1992"]
saturn	astra	1	5250.0	5250.0	5250.0	["2008"]
saturn	aura	11	5198.363636363636	3995.0	6713.0	["2008","2009","2007"]
saturn	ion	7	3686.8571428571427	2250.0	4975.0	["2006","2007","2004","2003"]
saturn	l-series	3	2914.3333333333335	2495.0	3449.0	["2003","2001","2002"]
saturn	l300	2	2872.5	1750.0	3995.0	["2005"]
saturn	outlook	6	5726.833333333333	4995.0	5999.0	["2007","2008","2009"]
saturn	s-series	7	3082.5714285714284	1500.0	6999.0	["2001","2000","2002","1997"]
saturn	sky	4	8860.5	6995.0	12997.0	["2007","2008","2009"]
saturn	vue	20	4312.7	2499.0	8995.0	["2006","2009","2004","2008","2007","2003"]
saturn	vue hybrid	3	5661.333333333333	4995.0	6490.0	["2009","2008"]
scion	fr-s	13	19892.846153846152	11999.0	45000.0	["2013","2015","2014"]
scion	ia	6	10006.333333333334	8299.0	11795.0	["2016"]
scion	im	4	13384.0	12995.0	13982.0	["2016"]
scion	iq	2	6995.0	4999.0	8991.0	["2012"]
scion	tc	27	8366.296296296296	3000.0	14990.0	["2010","2009","2015","2006","2005","2014","2007","2012","2013","2011","2008"]
scion	xa	5	3277.4	2499.0	3999.0	["2004","2005","2006"]
scion	xb	16	8077.625	2495.0	13998.0	["2008","2012","2013","2015","2011","2009","2006"]
scion	xd	15	5490.533333333334	3099.0	9500.0	["2012","2013","2010","2014","2008","2009"]
shelby	cobra	1	43995.0	43995.0	43995.0	["1966"]
smart	fortwo	21	10166.047619047618	2595.0	15000.0	["2017","2008","2016","2009","2014","2012"]
spyker	c8	1	305500.0	305500.0	305500.0	["2010"]
subaru	ascent	258	39739.3023255814	26995.0	48828.0	["2019","2021","2020"]
subaru	b9 tribeca	8	6504.5	3000.0	9575.0	["2006","2007"]
subaru	baja	6	8342.5	5995.0	10590.0	["2006","2005"]
subaru	brz	16	20947.1875	11995.0	28990.0	["2017","2013","2020","2014","2015","2019"]
subaru	crosstrek	1022	26192.575342465752	11995.0	33040.0	["2016","2021","2017","2018","2019","2020"]
subaru	crosstrek hybrid	35	36463.74285714285	31995.0	39742.0	["2019","2020"]
subaru	forester	1520	23113.57960526316	900.0	37418.0	["2015","2014","2019","2010","2006","2009","2011","2016","2018","2017","2020","2007","2012","2013","2005","1999","2001","2003","2004","2008","2002"]
subaru	impreza	952	18051.600840336134	1500.0	30814.0	["2018","2011","2017","2007","2012","2009","2014","2013","2015","2016","2020","2019","2010","2008","2004","1999","2006"]
subaru	impreza wrx	33	13953.454545454546	6750.0	18991.0	["2010","2002","2009","2007","2014","2013","2005","2008","2012","2011"]
subaru	impreza wrx sti	12	20449.833333333332	10991.0	31999.0	["2010","2011","2013","2005","2007"]
subaru	legacy	532	19879.783834586466	2695.0	37617.0	["2017","2018","2020","2015","2011","2016","2013","2009","2012","1999","2005","2010","2019","2008","2014","2006","2003","2007","2004"]
subaru	outback	1264	25667.56091772152	1645.0	42313.0	["2018","2017","2010","2006","2009","2016","2012","2011","2015","2020","2019","2007","2008","2005","2001","2014","2013","2002","2003","2004"]
subaru	tribeca	8	8539.375	5900.0	14975.0	["2008","2009","2010","2011"]
subaru	wrx	174	25790.85632183908	16000.0	35886.0	["2020","2015","2016","2017","2019","2018"]
subaru	wrx sti	61	33675.65573770492	23995.0	46995.0	["2016","2019","2017","2018","2020","2015"]
subaru	xv crosstrek	107	12945.70093457944	7495.0	19995.0	["2013","2015","2014"]
subaru	xv crosstrek hybrid	10	11996.5	10000.0	15999.0	["2014"]
suzuki	aerio	2	4488.0	3999.0	4977.0	["2006"]
suzuki	equator	2	12997.5	9495.0	16500.0	["2012"]
suzuki	forenza	1	2750.0	2750.0	2750.0	["2004"]
suzuki	grand vitara	2	4247.0	2499.0	5995.0	["2000","2011"]
suzuki	kizashi	1	7295.0	7295.0	7295.0	["2012"]
suzuki	sx4	12	6037.5	2495.0	10000.0	["2013","2012","2009","2007","2011"]
suzuki	xl-7	5	3857.8	1500.0	5995.0	["2002","2009","2004","2001"]
tesla	model 3	25	45478.88	37590.0	53500.0	["2018","2019","2020","2017"]
tesla	model s	36	51551.055555555555	33500.0	79991.0	["2015","2016","2017","2013","2018","2019","2012","2014"]
tesla	model x	14	70449.07142857143	54681.0	82995.0	["2016","2018","2019","2017"]
toyota	4runner	299	34419.52508361204	2800.0	52500.0	["2018","2017","2020","2019","2013","2021","2006","2016","2004","2011","2000","2012","2007","2015","2010","2014","2008","2005","1997","1999","2009","2003","2002"]
toyota	86	8	25178.75	18890.0	31679.0	["2020","2017","2019"]
toyota	avalon	151	27218.582781456953	1999.0	45908.0	["2018","2020","2017","2011","2012","2014","2008","2019","2016","2004","1999","2015","2013","2010","2021","2007","2006","2002","2005","2003"]
toyota	avalon hybrid	65	35397.8	8995.0	46587.0	["2014","2020","2016","2013","2018","2015"]
toyota	c-hr	191	22427.15706806283	14992.0	111111.0	["2018","2020","2019"]
toyota	camry	1819	19968.404068169322	1500.0	38996.0	["2007","2015","2019","2018","2009","2008","2013","2004","2020","2016","2002","2017","2005","2003","2010","2012","1998","2011","2000","1999","2014","2006","2001"]
toyota	camry hybrid	249	26945.65863453815	2200.0	40027.0	["2016","2014","2020","2017","2009","2012","2011","2018","2008","2015","2019","2013","2007","2010"]
toyota	camry solara	18	5868.666666666667	1680.0	10439.0	["2007","2004","2006","2001","2005","2008","1999","2002"]
toyota	celica	1	3499.0	3499.0	3499.0	["2003"]
toyota	corolla	1380	15737.928260869565	1650.0	28619.0	["2019","2017","2006","2018","2020","2015","2021","2009","2016","2013","2010","2005","2008","2007","2012","2014","2011","1999","2003","2004","2002","1998","2001"]
toyota	corolla hatchback	59	22499.237288135595	16060.0	28242.0	["2020","2021","2019"]
toyota	corolla hybrid	66	24320.501509232956	20995.0	25415.0	["2021","2020"]
toyota	corolla im	23	15732.08695652174	13800.0	17991.0	["2017","2018"]
toyota	echo	4	3141.25	2490.0	3781.0	["2003","2002","2000"]
toyota	fj cruiser	34	18013.823529411766	8995.0	35995.0	["2007","2010","2012","2014","2009","2008","2013"]
toyota	highlander	1577	33124.8167406468	3750.0	111111.0	["2004","2019","2017","2002","2003","2006","2020","2013","2016","2018","2012","2015","2014","2008","2007","2011","2005","2010","2009","2001"]
toyota	highlander hybrid	241	40182.08713692946	6750.0	52118.0	["2009","2020","2019","2015","2008","2016","2006","2017","2013","2012","2011","2018","2010"]
toyota	land cruiser	17	66451.70588235294	8888.0	89495.0	["2020","1990","2003","2004","2013","2007","2019"]
toyota	matrix	40	6420.425	2795.0	10998.0	["2007","2009","2010","2005","2006","2008","2011","2004"]
toyota	mr2 spyder	1	11995.0	11995.0	11995.0	["2001"]
toyota	prius	359	16874.08356545961	1920.0	38217.0	["2004","2010","2016","2005","2008","2021","2018","2013","2017","2011","2009","2020","2019","2012","2007","2014","2015","2006"]
toyota	prius c	21	11157.285714285714	4990.0	18590.0	["2016","2015","2012","2013","2018","2017","2014"]
toyota	prius plug-in	9	12154.333333333334	8500.0	16495.0	["2014","2013","2012"]
toyota	prius prime	330	28215.072727272727	15999.0	41954.0	["2018","2017","2020"]
toyota	prius v	37	12146.027027027027	7995.0	20126.0	["2013","2012","2016","2014","2015","2017"]
toyota	rav4	2375	22977.056842105263	3650.0	111111.0	["2015","2018","2019","2017","2011","2013","2020","2009","2007","2010","2016","2006","2004","2012","2008","2003","2014","2021","2002","2005","1997","1999"]
toyota	rav4 hybrid	273	31156.553113553113	13995.0	41568.0	["2018","2020","2017","2019","2016","2021"]
toyota	rav4 prime	3	41714.0	41294.0	42510.0	["2021"]
toyota	sequoia	74	39982.7972972973	3077.0	71408.0	["2018","2020","2015","2019","2008","2014","2017","2011","2012","2007","2002","2003","2006","2016","2005","2001","2004","2013","2010"]
toyota	sienna	534	23340.312734082396	1980.0	51462.0	["2008","2011","2016","2017","2012","2015","2005","2020","2018","2013","2019","2006","2007","2009","2003","2004","2014","1999","2010","2002"]
toyota	supra	67	54632.89552238806	44885.0	61899.0	["2021","2020"]
toyota	tacoma	620	31919.782258064515	4999.0	49990.0	["2009","2017","2013","2016","2020","2019","2015","2018","2006","2014","2011","2007","2010","2012","2004","2003","2008","2021","2005","2002","1999"]
toyota	tundra	287	34540.03135888502	4499.0	57750.0	["2019","2013","2018","2020","2010","2017","2004","2009","2014","2006","2021","2016","2015","2003","2002","2012","2011","2000","2005","2008","2007","2001"]
toyota	venza	86	20542.1511627907	7999.0	43888.0	["2010","2021","2013","2011","2015","2009","2012","2014"]
toyota	yaris	94	14177.287234042553	1989.0	19705.0	["2020","2009","2007","2015","2016","2019","2012","2008","2011","2010","2017","2018","2014"]
toyota	yaris ia	39	15322.25641025641	10595.0	111111.0	["2017","2018"]
triumph	tr6	1	29900.0	29900.0	29900.0	["1976"]
volkswagen	arteon	45	40114.822222222225	28997.0	49199.0	["2020","2019"]
volkswagen	atlas	302	40141.63907284768	22488.0	53664.0	["2018","2021","2019","2020"]
volkswagen	atlas cross sport	192	41527.802083333336	30980.0	59831.0	["2020"]
volkswagen	beetle	59	12584.457627118643	2495.0	30395.0	["2003","2008","2012","1999","2019","2009","2013","2018","2014","2017","2015","2010","2004","2006","2005","2016"]
volkswagen	cabrio	2	2847.0	1699.0	3995.0	["2002","2001"]
volkswagen	cc	28	9488.035714285714	4995.0	17690.0	["2012","2013","2011","2010","2016","2009","2014","2017"]
volkswagen	e-golf	12	26662.25	8910.0	39925.0	["2019","2015","2016"]
volkswagen	eos	8	10727.875	3999.0	16975.0	["2012","2014","2013","2007","2008"]
volkswagen	golf	93	17335.31182795699	1999.0	25709.0	["2013","2018","2020","2017","2011","2015","2000","2016","2019","2010","2012","2004"]
volkswagen	golf alltrack	96	25943.177083333332	13990.0	35620.0	["2017","2019","2018"]
volkswagen	golf r	16	27494.875	14995.0	35995.0	["2017","2013","2015","2016","2012","2018"]
volkswagen	golf sportwagen	47	18078.744680851065	7995.0	31539.0	["2016","2017","2019","2018","2015"]
volkswagen	gti	151	23251.688741721853	6900.0	38874.0	["2018","2016","2017","2020","2019","2012","2008","2013","2015","2014","2011","2010"]
volkswagen	jetta	1044	16536.1408045977	1495.0	29659.0	["2015","2016","2014","2013","2012","2017","2019","2018","2010","2011","2020","2009","2007","2005","2004","2003","2008","2000","2006"]
volkswagen	jetta gli	29	27290.758620689656	19400.0	32705.0	["2020","2019"]
volkswagen	jetta hybrid	3	8923.333333333334	8800.0	8995.0	["2014","2013"]
volkswagen	jetta sportwagen	43	11192.046511627907	3499.0	16995.0	["2009","2014","2011","2012","2013"]
volkswagen	passat	611	16692.06055646481	2395.0	33194.0	["2013","2015","2012","2014","2017","2016","2007","2003","2018","2010","2008","2020","2019","2006","2005","2002","2009","2001"]
volkswagen	phaeton	2	15991.0	11991.0	19991.0	["2004"]
volkswagen	r32	5	13152.8	11499.0	14495.0	["2008"]
volkswagen	rabbit	14	4503.142857142857	1895.0	8995.0	["2008","2009","2007","2006"]
volkswagen	routan	10	7395.8	4999.0	10990.0	["2009","2011","2010","2014"]
volkswagen	super beetle	1	19995.0	19995.0	19995.0	["1978"]
volkswagen	tiguan	753	25378.156706507303	5550.0	41524.0	["2017","2013","2010","2018","2016","2009","2020","2019","2011","2012","2014","2015"]
volkswagen	touareg	38	16888.473684210527	4700.0	31795.0	["2015","2017","2004","2014","2010","2013","2016","2011","2012","2006","2005"]
volkswagen	touareg 2	3	8093.333333333333	6995.0	9990.0	["2008","2009"]
volkswagen	touareg hybrid	1	13985.0	13985.0	13985.0	["2011"]
volvo	240	1	1250.0	1250.0	1250.0	["1992"]
volvo	960	1	3495.0	3495.0	3495.0	["1997"]
volvo	c30	5	7636.0	5700.0	9999.0	["2008","2009","2012","2011"]
volvo	c70	9	7878.666666666667	1399.0	13991.0	["2004","2009","2008","1999","2012","2007"]
volvo	s40	12	5311.333333333333	1500.0	8995.0	["2007","2005","2010","2008","2006","2009","2011"]
volvo	s60	385	31688.057142857142	2495.0	66440.0	["2006","2012","2015","2017","2020","2021","2018","2013","2019","2008","2011","2004","2014","2007","2016","2002"]
volvo	s80	19	8397.526315789473	3749.0	19999.0	["2012","2010","2011","2008","2009","2013","2007","2015","2005"]
volvo	s90	89	38126.97752808989	24999.0	79360.0	["2020","2017","2019","2018"]
volvo	v50	2	4849.5	3699.0	6000.0	["2005","2008"]
volvo	v60	123	41223.53658536585	7499.0	53725.0	["2015","2020","2017","2018","2016","2021"]
volvo	v70	1	4995.0	4995.0	4995.0	["2000"]
volvo	v90	35	50346.97142857143	32959.0	64095.0	["2019","2020","2017","2018"]
volvo	xc	2	3897.0	1799.0	5995.0	["2002"]
volvo	xc40	207	41799.280193236715	28575.0	48205.0	["2020","2021","2019"]
volvo	xc60	598	45465.040133779265	6500.0	75885.0	["2016","2015","2021","2020","2019","2018","2013","2010","2017","2011","2014","2012"]
volvo	xc70	44	10696.772727272728	1980.0	27987.0	["2008","2010","2012","2015","2004","2016","2006","2011","2007","2009","2003","2013","2005"]
volvo	xc90	521	52501.470249520156	1999.0	91535.0	["2008","2020","2018","2019","2017","2021","2013","2006","2004","2005","2016","2007","2014","2009","2011","2012","2010"]
