which: no hbase in (/home/giovanni/hadoop-3.4.1/bin:/usr/bin:/home/giovanni/hive/bin:/home/giovanni/hadoop-3.4.1/bin:/usr/lib64/openmpi/bin:/usr/condabin:/home/giovanni/.sdkman/candidates/java/current/bin:/home/giovanni/hadoop-3.4.1/bin:/home/giovanni/.local/bin:/home/giovanni/bin:/usr/share/Modules/bin:/home/giovanni/.cargo/bin:/usr/local/sbin:/usr/local/bin:/usr/sbin:/usr/bin:/home/giovanni/.local/share/JetBrains/Toolbox/scripts:/home/giovanni/SDKs/flutter/bin:/home/giovanni/.local/share/JetBrains/Toolbox/scripts:/home/giovanni/SDKs/flutter/bin:/home/giovanni/minio-binaries)
SLF4J: Class path contains multiple SLF4J bindings.
SLF4J: Found binding in [jar:file:/home/giovanni/hive/lib/log4j-slf4j-impl-2.6.2.jar!/org/slf4j/impl/StaticLoggerBinder.class]
SLF4J: Found binding in [jar:file:/home/giovanni/hadoop-3.4.1/share/hadoop/common/lib/slf4j-reload4j-1.7.36.jar!/org/slf4j/impl/StaticLoggerBinder.class]
SLF4J: See http://www.slf4j.org/codes.html#multiple_bindings for an explanation.
SLF4J: Actual binding is of type [org.apache.logging.slf4j.Log4jLoggerFactory]

Logging initialized using configuration in jar:file:/home/giovanni/hive/lib/hive-common-2.3.9.jar!/hive-log4j2.properties Async: true
WARNING: An illegal reflective access operation has occurred
WARNING: Illegal reflective access by org.apache.hadoop.hive.common.StringInternUtils (file:/home/giovanni/hive/lib/hive-common-2.3.9.jar) to field java.net.URI.string
WARNING: Please consider reporting this to the maintainers of org.apache.hadoop.hive.common.StringInternUtils
WARNING: Use --illegal-access=warn to enable warnings of further illegal reflective access operations
WARNING: All illegal access operations will be denied in a future release
OK
Time taken: 1.772 seconds
OK
Time taken: 0.277 seconds
Loading data to table default.used_cars
OK
Time taken: 0.333 seconds
WARNING: Hive-on-MR is deprecated in Hive 2 and may not be available in the future versions. Consider using a different execution engine (i.e. spark, tez) or using Hive 1.X releases.
Query ID = giovanni_20250522150640_ccba0eb9-7b5f-4244-ac6c-97090a982036
Total jobs = 2
Launching Job 1 out of 2
Number of reduce tasks not specified. Estimated from input data size: 1
In order to change the average load for a reducer (in bytes):
  set hive.exec.reducers.bytes.per.reducer=<number>
In order to limit the maximum number of reducers:
  set hive.exec.reducers.max=<number>
In order to set a constant number of reducers:
  set mapreduce.job.reduces=<number>
Job running in-process (local Hadoop)
2025-05-22 15:06:42,174 Stage-1 map = 100%,  reduce = 100%
Ended Job = job_local902075910_0001
Launching Job 2 out of 2
Number of reduce tasks determined at compile time: 1
In order to change the average load for a reducer (in bytes):
  set hive.exec.reducers.bytes.per.reducer=<number>
In order to limit the maximum number of reducers:
  set hive.exec.reducers.max=<number>
In order to set a constant number of reducers:
  set mapreduce.job.reduces=<number>
Job running in-process (local Hadoop)
2025-05-22 15:06:43,298 Stage-2 map = 100%,  reduce = 100%
Ended Job = job_local616804628_0002
MapReduce Jobs Launched: 
Stage-Stage-1:  HDFS Read: 164329362 HDFS Write: 0 SUCCESS
Stage-Stage-2:  HDFS Read: 164329362 HDFS Write: 0 SUCCESS
Total MapReduce CPU Time Spent: 0 msec
OK
Time taken: 3.037 seconds, Fetched: 689 row(s)
OK
Time taken: 0.157 seconds
