NULL	NULL	NULL	NULL	NULL	361
 13 rotors/4 piston brakes	 always garaged	NULL	NULL	NULL	1
 8-way power adjustable drivers seat	 Air conditioning with dual zone climate control	NULL	NULL	NULL	1
 ABS (4-Wheel)	 Alarm System	NULL	NULL	NULL	1
 Audi Q7 2019	 Auto dimming headlights	NULL	NULL	NULL	1
 Power Door Locks	 Traction Control	NULL	NULL	NULL	1
 battery	 alternator	NULL	NULL	NULL	1
 brand new alternator installed.  Hardtop convertible works perfectly.  Clean Car fax everything works.	NULL	NULL	NULL	NULL	1
 the interior shows very little wear.  The car runs	 drives	NULL	NULL	NULL	1
11500.0	1999	NULL	NULL	NULL	1
13550.0	2017	NULL	NULL	NULL	1
14500.0	1999	NULL	NULL	NULL	1
15500.0	2007	NULL	NULL	NULL	1
15950.0	2010	NULL	NULL	NULL	1
16000.0	2001	NULL	NULL	NULL	1
17800.0	2013	NULL	NULL	NULL	1
19750.0	2013	NULL	NULL	NULL	1
229000.0	2017	NULL	NULL	NULL	1
26000.0	2005	NULL	NULL	NULL	1
26759.0	2016	NULL	NULL	NULL	1
302.0	Mercedes-Benz	NULL	NULL	NULL	1
32398.0	2016	NULL	NULL	NULL	1
33000.0	2019	NULL	NULL	NULL	1
3600.0	1997	NULL	NULL	NULL	1
38500.0	2018	NULL	NULL	NULL	1
48000.0	2013	NULL	NULL	NULL	1
5000.0	1998	NULL	NULL	NULL	1
7000.0	2012	NULL	NULL	NULL	1
80000.0	2016	NULL	NULL	NULL	1
8025.0	2014	NULL	NULL	NULL	1
9000.0	2015	NULL	NULL	NULL	1
AM General	Hummer	42933.0	42933.0	42933.0	1
AMC	AMX	31700.0	28500.0	34900.0	2
AMC	Rambler American	20900.0	20900.0	20900.0	1
Acura	CL	3806.1666666666665	1943.0	4995.0	6
Acura	ILX	23433.11737804878	7995.0	34720.0	656
Acura	ILX Hybrid	10758.5	8398.0	13500.0	6
Acura	Legend	6630.0	4995.0	7995.0	3
Acura	MDX	39789.93782573499	1900.0	63745.0	3040
Acura	MDX Hybrid Sport	52480.348837209305	31217.0	61175.0	43
Acura	NSX	137998.45454545456	118990.0	198795.0	11
Acura	RDX	32704.982274741506	4995.0	49525.0	2031
Acura	RL	7640.90625	2390.0	14995.0	32
Acura	RLX	40512.33870967742	13888.0	56325.0	62
Acura	RLX Hybrid Sport	58440.2	26966.0	63794.0	30
Acura	RSX	5647.0	2499.0	19000.0	10
Acura	TL	10250.860465116279	1895.0	29998.0	258
Acura	TLX	30635.496397694526	13776.0	259881.0	1388
Acura	TSX	10140.425287356322	2995.0	20000.0	174
Acura	Vigor	6500.0	6500.0	6500.0	1
Acura	ZDX	14747.25	11034.0	18990.0	4
Alfa Romeo	164	8745.0	7495.0	9995.0	2
Alfa Romeo	1900	169900.0	169900.0	169900.0	1
Alfa Romeo	4C	68244.85714285714	52500.0	97579.0	7
Alfa Romeo	8C Competizione	353900.0	353900.0	353900.0	1
Alfa Romeo	Giulia	41415.17721518988	19950.0	87445.0	632
Alfa Romeo	Spider	12732.222222222223	8900.0	18900.0	9
Alfa Romeo	Stelvio	44578.573722627734	22995.0	87845.0	685
Aston Martin	DB11	217606.33333333334	129895.0	276056.0	30
Aston Martin	DB7	28886.0	17900.0	40750.0	4
Aston Martin	DB9	71528.28571428571	28900.0	130007.0	7
Aston Martin	DBS	332215.9090909091	89900.0	379486.0	11
Aston Martin	Lagonda	70000.0	70000.0	70000.0	1
Aston Martin	Rapide	120873.6	75000.0	199900.0	5
Aston Martin	V12 Vanquish	62995.0	62995.0	62995.0	1
Aston Martin	V12 Vantage	179900.0	179900.0	179900.0	1
Aston Martin	V8 Vantage	46222.27272727273	29900.0	64888.0	11
Aston Martin	Vanquish	144782.57142857142	106995.0	206888.0	7
Aston Martin	Vantage	174127.0303030303	123590.0	210141.0	33
Audi	A3	27400.72777017784	5495.0	45745.0	731
Audi	A3 Sportback	22768.090909090908	17940.0	27965.0	22
Audi	A4	26352.90064102564	1999.0	55230.0	1248
Audi	A4 Allroad	33207.333333333336	10599.0	58860.0	120
Audi	A4 Avant	8393.96	3299.0	13995.0	25
Audi	A5	30106.01568627451	7999.0	59140.0	255
Audi	A5 Sportback	41145.37826086956	24100.0	58150.0	230
Audi	A6	42991.141335914814	3400.0	76950.0	1033
Audi	A6 Allroad	72615.73529411765	66122.0	84315.0	34
Audi	A7	43573.205882352944	13995.0	89800.0	170
Audi	A8	64608.31071428571	4800.0	132805.0	280
Audi	A8 Hybrid Plug-In	107517.68181818182	100800.0	116675.0	22
Audi	Allroad	6993.0	3995.0	9991.0	2
Audi	Q3	33747.13291925466	13995.0	46270.0	805
Audi	Q5	36003.93599160546	7995.0	57670.0	1906
Audi	Q5 Hybrid	16630.25	14790.0	18595.0	4
Audi	Q5 Hybrid Plug-in	58948.27419354839	51975.0	67845.0	62
Audi	Q7	46135.34419942473	5500.0	89665.0	1043
Audi	Q8	77273.78280542986	56990.0	102040.0	221
Audi	R8	149855.3	59495.0	239850.0	80
Audi	RS 3	59559.0	49886.0	65630.0	23
Audi	RS 4	26995.0	26995.0	26995.0	1
Audi	RS 5	66316.92857142857	30995.0	92990.0	28
Audi	RS 5 Sportback	80126.11111111111	69995.0	94255.0	9
Audi	RS 6	15658.666666666666	14990.0	16991.0	3
Audi	RS 7	64788.0625	52494.0	76995.0	16
Audi	RS Q8	134832.14285714287	128190.0	139090.0	7
Audi	S3	40269.495495495496	11995.0	55760.0	111
Audi	S4	39954.85051546392	3200.0	68755.0	194
Audi	S4 Avant	14997.0	12995.0	16999.0	2
Audi	S5	33988.35042735043	10995.0	68340.0	117
Audi	S5 Sportback	47559.13888888889	34481.0	65190.0	72
Audi	S6	58568.80597014925	7999.0	92190.0	134
Audi	S7	63551.22641509434	23684.0	108925.0	53
Audi	S8	90259.14	2495.0	164845.0	50
Audi	SQ5	51199.67955801105	18999.0	69115.0	181
Audi	SQ7	94212.51666666666	87050.0	106790.0	60
Audi	SQ8	100538.33333333333	94970.0	109240.0	9
Audi	TT	22798.610169491527	6995.0	56940.0	59
Audi	TT RS	68208.14285714286	36826.0	78620.0	7
Audi	TTS	37259.73333333333	18276.0	62195.0	30
Audi	e-tron	76424.80620155038	54747.0	89700.0	129
Austin-Healey	Sprite	18400.0	14900.0	21900.0	2
BMW	1 Series	12575.575	5995.0	19995.0	40
BMW	2 Series	40087.77631578947	13800.0	59835.0	456
BMW	2002	59990.0	59990.0	59990.0	1
BMW	3 Series	30409.234903381643	1999.0	69430.0	3312
BMW	3 Series Gran Turismo	26747.977777777778	13990.0	42591.0	90
BMW	4 Series	32977.55202312139	11995.0	69890.0	692
BMW	5 Series	39227.01159161837	2100.0	93435.0	2243
BMW	5 Series Gran Turismo	22546.589743589742	13000.0	35991.0	39
BMW	6 Series	35727.95652173913	7995.0	91825.0	184
BMW	6 Series Gran Turismo	46093.82352941176	34995.0	50994.0	17
BMW	7 Series	57444.79381443299	2400.0	175690.0	582
BMW	8 Series	102586.64375	79977.0	131295.0	160
BMW	ActiveHybrid 7	21995.0	21995.0	21995.0	1
BMW	M2	56205.94736842105	37900.0	79900.0	38
BMW	M3	40732.59433962264	9500.0	82990.0	106
BMW	M4	63815.207407407404	33590.0	137200.0	135
BMW	M5	80845.24770642201	9995.0	128865.0	109
BMW	M6	47391.60784313725	13995.0	128888.0	51
BMW	M8	148477.7068965517	120900.0	175045.0	116
BMW	X1	31771.449954086318	7995.0	53895.0	1089
BMW	X2	41480.83084577115	25477.0	55405.0	402
BMW	X3	39905.55231842429	3895.0	69020.0	2437
BMW	X3 M	78182.66666666667	64487.0	84395.0	93
BMW	X4	48151.77092511013	20995.0	71570.0	227
BMW	X4 M	79084.30769230769	67500.0	86495.0	26
BMW	X5	46273.138849262956	2775.0	106675.0	2103
BMW	X5 M	82062.9619047619	19995.0	123795.0	105
BMW	X6	52776.61454545455	13197.0	102095.0	275
BMW	X6 M	79282.12727272727	25495.0	129795.0	55
BMW	X7	84384.93510324483	63977.0	116475.0	339
BMW	Z3	10470.285714285714	3495.0	16991.0	14
BMW	Z3 M	28229.285714285714	14446.0	44990.0	7
BMW	Z4	39264.82352941176	4995.0	70505.0	68
BMW	Z4 M	27593.75	16495.0	32990.0	4
BMW	Z8	219990.0	219990.0	219990.0	1
BMW	i3	23028.60447761194	11995.0	54795.0	134
BMW	i8	76824.13043478261	48995.0	124495.0	23
Bentley	Arnage	29679.0	23995.0	33991.0	7
Bentley	Bentayga	159219.63333333333	131800.0	235995.0	30
Bentley	Bentayga Hybrid	226695.0	226695.0	226695.0	1
Bentley	Brooklands	32750.0	32750.0	32750.0	1
Bentley	Brooklands R	34900.0	34900.0	34900.0	1
Bentley	Continental Flying Spur	45203.555555555555	23900.0	74990.0	18
Bentley	Continental GT	114195.63265306123	33966.0	280475.0	49
Bentley	Continental GTC	97781.15217391304	43899.0	185000.0	46
Bentley	Continental Supersports	125923.71428571429	70042.0	190890.0	7
Bentley	Flying Spur	111442.2	71440.0	277790.0	30
Bentley	Mulsanne	233277.0	88793.0	423065.0	13
Bentley	Turbo R	29995.0	29995.0	29995.0	1
Buick	Cascada	24449.38888888889	16988.0	37206.0	36
Buick	Century	3650.266666666667	495.0	5995.0	30
Buick	Electra	15097.5	8450.0	19995.0	4
Buick	Enclave	33880.57372400756	5495.0	62557.0	2116
Buick	Encore	20788.67485380117	7995.0	36070.0	3420
Buick	Encore GX	27812.168457943924	18998.0	38690.0	3210
Buick	Envision	33261.91755336708	15500.0	50160.0	2840
Buick	Gran Sport	27900.0	27900.0	27900.0	1
Buick	LaCrosse	15794.640264026402	1548.0	39380.0	606
Buick	LeSabre	3668.591836734694	495.0	8900.0	49
Buick	Lucerne	7188.145038167939	2700.0	12995.0	131
Buick	Park Avenue	5746.6	2700.0	8900.0	5
Buick	Rainier	4949.5	2999.0	6988.0	12
Buick	Reatta	10956.666666666666	6900.0	12995.0	3
Buick	Regal	15646.16809116809	2495.0	37950.0	351
Buick	Regal Sportback	24245.441176470587	14999.0	41900.0	34
Buick	Regal TourX	27710.777777777777	21500.0	41816.0	27
Buick	Rendezvous	3742.84375	900.0	7499.0	32
Buick	Riviera	17500.555555555555	4595.0	49900.0	9
Buick	Roadmaster	14183.5	3000.0	69900.0	8
Buick	Skylark	28280.0	3200.0	69900.0	5
Buick	Special	15948.75	4000.0	26900.0	4
Buick	Super	26900.0	26900.0	26900.0	1
Buick	Terraza	6396.0	3900.0	8290.0	5
Buick	Verano	12435.301587301587	5500.0	24625.0	315
C-Class	32500.0	2012.0	2012.0	2012.0	1
Cadillac	ATS	20841.8	8995.0	31000.0	475
Cadillac	ATS Coupe	24982.507936507936	15995.0	38137.0	63
Cadillac	ATS-V	37988.333333333336	36970.0	38995.0	3
Cadillac	ATS-V Coupe	44596.8	38995.0	49995.0	5
Cadillac	Allante	9176.07142857143	3490.0	21900.0	14
Cadillac	Brougham	10720.0	3995.0	23900.0	4
Cadillac	CT4	44528.278947368424	33477.0	55960.0	380
Cadillac	CT5	48401.0301141751	35098.0	67870.0	791
Cadillac	CT6	41086.52669039146	22400.0	98790.0	281
Cadillac	CT6 Hybrid Plug-In 	37908.8	29950.0	50000.0	5
Cadillac	CT6-V	90243.14285714286	77489.0	99285.0	14
Cadillac	CTS	22205.6578125	2900.0	76810.0	640
Cadillac	CTS Coupe	15040.390243902439	8899.0	22590.0	41
Cadillac	CTS Sport Wagon	12861.666666666666	11600.0	13990.0	3
Cadillac	CTS-V	46546.8	12990.0	69000.0	10
Cadillac	CTS-V Coupe	43816.666666666664	41990.0	47470.0	3
Cadillac	CTS-V Wagon	53996.5	49995.0	65000.0	4
Cadillac	DTS	8114.93	3210.0	19580.0	100
Cadillac	DeVille	6812.685185185185	1400.0	28950.0	54
Cadillac	ELR	20902.428571428572	18950.0	23999.0	7
Cadillac	Eldorado	22681.823529411766	4995.0	94995.0	17
Cadillac	Escalade	65407.88582302569	4495.0	114090.0	1051
Cadillac	Escalade ESV	68639.89672977624	6500.0	105510.0	581
Cadillac	Escalade EXT	19389.458333333332	8499.0	34624.0	24
Cadillac	Escalade Hybrid	21868.5	16200.0	25799.0	4
Cadillac	Fleetwood	16415.5	2990.0	29995.0	10
Cadillac	SRX	15077.403930131004	1500.0	28900.0	458
Cadillac	STS	6697.8378378378375	3995.0	10995.0	37
Cadillac	Series 62	48298.333333333336	15000.0	69995.0	3
Cadillac	Series 75	24900.0	24900.0	24900.0	1
Cadillac	Seville	6009.1	2990.0	12900.0	10
Cadillac	XLR	21231.69230769231	13500.0	39900.0	13
Cadillac	XLR-V	38900.0	38900.0	38900.0	1
Cadillac	XT4	45900.666362147174	31339.0	56130.0	868
Cadillac	XT5	43336.40245836638	16400.0	70710.0	2522
Cadillac	XT6	59887.71899663417	46174.0	75235.0	1077
Cadillac	XTS	26633.983131110333	8995.0	60950.0	358
Chevrolet	3100	41697.5	25999.0	69991.0	4
Chevrolet	AK Series	39988.0	39988.0	39988.0	1
Chevrolet	Astro	4854.5	2450.0	7995.0	6
Chevrolet	Astro Cargo	5734.0	2795.0	9990.0	5
Chevrolet	Avalanche	14194.536723163841	1991.0	44900.0	177
Chevrolet	Aveo	4270.628571428571	995.0	7995.0	70
Chevrolet	Bel Air	50835.666666666664	11900.0	95000.0	18
Chevrolet	Biscayne	33888.0	33888.0	33888.0	1
Chevrolet	Blazer	36183.30026554207	495.0	492300.0	2261
Chevrolet	Bolt EV	30228.418	13976.0	45520.0	1000
Chevrolet	C/K 10	19367.0	6950.0	35900.0	17
Chevrolet	C/K 1500	7283.473684210527	950.0	24500.0	19
Chevrolet	C/K 20	20945.75	14988.0	34900.0	4
Chevrolet	C/K 2500	4995.0	2995.0	6995.0	3
Chevrolet	C/K 30	15995.0	15995.0	15995.0	1
Chevrolet	C/K 3500	6398.75	3755.0	9999.0	8
Chevrolet	Camaro	31579.775409836064	350.0	119696.0	1220
Chevrolet	Caprice	12788.818181818182	3988.0	23900.0	11
Chevrolet	Captiva Sport	9217.176470588236	4499.0	23995.0	85
Chevrolet	Cavalier	3126.7567567567567	495.0	6000.0	37
Chevrolet	Chevelle	50573.954545454544	29900.0	104000.0	22
Chevrolet	Chevy Van	5500.0	5500.0	5500.0	1
Chevrolet	City Express	12675.6	8997.0	16900.0	25
Chevrolet	Classic	3049.222222222222	1495.0	5000.0	9
Chevrolet	Cobalt	4559.717647058824	495.0	9990.0	170
Chevrolet	Colorado	30808.463987386032	2595.0	53180.0	2413
Chevrolet	Corsica	1795.0	1795.0	1795.0	1
Chevrolet	Corvair	9296.666666666666	1995.0	13900.0	3
Chevrolet	Corvette	37950.74142480211	4295.0	179900.0	758
Chevrolet	Cruze	12897.347217806042	3199.0	26005.0	3145
Chevrolet	Cruze Limited	10859.57512953368	5995.0	14995.0	193
Chevrolet	El Camino	17927.583333333332	8990.0	35988.0	12
Chevrolet	Equinox	23975.498292829885	2399.0	43875.0	14937
Chevrolet	Express	23718.713073005092	3433.0	58795.0	589
Chevrolet	Express Cargo	23002.129273504273	2000.0	46980.0	936
Chevrolet	Express Chassis	38750.12698412698	31232.0	47071.0	63
Chevrolet	HHR	5117.335877862595	950.0	14895.0	131
Chevrolet	Impala	17418.65100671141	990.0	69900.0	1788
Chevrolet	Impala Limited	10233.906542056075	4800.0	25900.0	107
Chevrolet	Lumina	1122.5	495.0	1750.0	2
Chevrolet	Lumina Minivan	2795.0	2795.0	2795.0	1
Chevrolet	Malibu	17765.329710144928	995.0	37819.0	5244
Chevrolet	Malibu Hybrid	15539.288888888888	4693.0	22998.0	45
Chevrolet	Malibu Maxx	3330.3846153846152	1500.0	6977.0	13
Chevrolet	Master	32900.0	32900.0	32900.0	1
Chevrolet	Master Deluxe	24995.0	24995.0	24995.0	1
Chevrolet	Monte Carlo	9578.975609756097	1800.0	31995.0	41
Chevrolet	Nomad	87497.5	75000.0	99995.0	2
Chevrolet	Nova	31039.133333333335	18900.0	48000.0	15
Chevrolet	Prizm	3224.5	1995.0	3996.0	4
Chevrolet	R/V 20	19900.0	19900.0	19900.0	1
Chevrolet	R/V 3500	16995.0	16995.0	16995.0	1
Chevrolet	S-10	5364.111111111111	1300.0	15499.0	27
Chevrolet	SS	36389.0	32588.0	42777.0	10
Chevrolet	SSR	25207.793103448275	6950.0	39995.0	29
Chevrolet	Silverado 1500	37391.253302733894	1599.0	138332.0	12233
Chevrolet	Silverado 1500HD	8574.0	5990.0	11990.0	5
Chevrolet	Silverado 2500	9971.0	3995.0	14899.0	4
Chevrolet	Silverado 2500HD	42717.978515625	2950.0	109820.0	1536
Chevrolet	Silverado 3500	14682.8	5965.0	28000.0	30
Chevrolet	Silverado 3500HD	46641.8987012987	7895.0	80150.0	385
Chevrolet	Silverado 3500HD Chassis	50651.684848484845	34397.0	102611.0	165
Chevrolet	Silverado Classic 1500	7967.851851851852	2999.0	11995.0	27
Chevrolet	Silverado Classic 2500HD	13569.625	6911.0	19990.0	8
Chevrolet	Silverado Classic 3500	13792.0	10990.0	14995.0	5
Chevrolet	Silverado Hybrid	12992.111111111111	10990.0	16499.0	9
Chevrolet	Silverado SS	15615.5	9500.0	23987.0	4
Chevrolet	Sonic	12908.680466237942	2000.0	24164.0	622
Chevrolet	Spark	13802.798410404625	3995.0	19990.0	1038
Chevrolet	Spark EV	11590.0	11590.0	11590.0	1
Chevrolet	Stylemaster	24900.0	24900.0	24900.0	1
Chevrolet	Suburban	46878.97308488613	1998.0	85785.0	1449
Chevrolet	Superior	29995.0	29995.0	29995.0	1
Chevrolet	Tahoe	52007.18579018465	1999.0	84375.0	2938
Chevrolet	Tahoe Hybrid	13825.857142857143	8599.0	18990.0	7
Chevrolet	Tracker	4419.0	1900.0	6995.0	7
Chevrolet	Trailblazer	21444.160583941604	1495.0	32546.0	959
Chevrolet	Trailblazer EXT	4192.314285714286	1695.0	7999.0	35
Chevrolet	Traverse	31033.87185311376	2488.0	56505.0	5283
Chevrolet	Trax	20370.179359382124	4499.0	36744.0	8774
Chevrolet	Uplander	4242.653846153846	495.0	8986.0	26
Chevrolet	Venture	3858.222222222222	1950.0	9995.0	9
Chevrolet	Volt	16598.430188679245	7359.0	39249.0	265
Chrysler	200	10663.600290697674	2695.0	21995.0	688
Chrysler	300	21481.804856895058	2995.0	50460.0	1153
Chrysler	300M	3722.5	2400.0	5000.0	4
Chrysler	Aspen	7863.714285714285	2000.0	14700.0	21
Chrysler	Concorde	5965.0	2995.0	10995.0	5
Chrysler	Cordoba	4999.0	4999.0	4999.0	1
Chrysler	Crossfire	11805.75	3690.0	19995.0	36
Chrysler	Crossfire SRT-6	17918.5	13888.0	23900.0	4
Chrysler	Le Baron	2288.3333333333335	1300.0	2990.0	3
Chrysler	New Yorker	6592.333333333333	2765.0	12900.0	6
Chrysler	Newport	6999.0	6999.0	6999.0	1
Chrysler	PT Cruiser	3948.5533980582522	495.0	8995.0	103
Chrysler	Pacifica	31979.998510796722	495.0	53995.0	2686
Chrysler	Pacifica Hybrid	42534.37254901961	26999.0	59498.0	255
Chrysler	Saratoga	24900.0	24900.0	24900.0	1
Chrysler	Sebring	4435.7657657657655	670.0	13995.0	111
Chrysler	TC	8580.0	8580.0	8580.0	1
Chrysler	Town & Country	10315.19917012448	299.0	47900.0	964
Chrysler	Voyager	28184.17757009346	1900.0	33425.0	321
Datsun	280ZX	14495.0	14495.0	14495.0	1
Dodge	400	10000.0	10000.0	10000.0	1
Dodge	600	3599.0	3599.0	3599.0	1
Dodge	Aries	4900.0	4900.0	4900.0	1
Dodge	Avenger	7183.5097087378645	1800.0	20330.0	206
Dodge	Caliber	5221.5327868852455	1990.0	9400.0	122
Dodge	Caravan	3897.25	1000.0	7990.0	12
Dodge	Challenger	37004.98531468531	9700.0	149000.0	1430
Dodge	Charger	30378.126297577855	1900.0	80710.0	1734
Dodge	Coronet	50660.666666666664	22995.0	93997.0	3
Dodge	Dakota	7246.534591194969	1000.0	29997.0	159
Dodge	Dart	9492.139130434784	3895.0	39900.0	345
Dodge	Diplomat	7747.5	4995.0	10500.0	2
Dodge	Durango	34301.698256005264	1000.0	74750.0	3039
Dodge	Grand Caravan	17678.659052737654	1973.0	58997.0	2977
Dodge	Intrepid	2995.0	2495.0	3495.0	2
Dodge	Journey	17945.077895801718	3460.0	89999.0	1977
Dodge	Magnum	5572.75	2200.0	8624.0	8
Dodge	Neon	3262.0833333333335	1995.0	6495.0	12
Dodge	Nitro	7679.214285714285	2495.0	12579.0	98
Dodge	Omni	13900.0	13900.0	13900.0	1
Dodge	RAM 150	4997.5	4000.0	5995.0	2
Dodge	RAM 1500	10799.921568627451	1000.0	46000.0	306
Dodge	RAM 250	42900.0	42900.0	42900.0	1
Dodge	RAM 2500	14528.864197530864	1990.0	38900.0	162
Dodge	RAM 350	9995.0	9995.0	9995.0	1
Dodge	RAM 3500	20826.840909090908	7950.0	36995.0	44
Dodge	RAM 3500 Chassis 	20991.0	15990.0	24995.0	3
Dodge	RAM 4500 Chassis 	16986.5	13985.0	19988.0	2
Dodge	RAM Van	6132.0	3995.0	10900.0	6
Dodge	RAM Wagon	4495.0	2995.0	5995.0	2
Dodge	Ramcharger	14738.8	9999.0	19900.0	5
Dodge	Shadow	795.0	795.0	795.0	1
Dodge	Sprinter Cargo	13482.0	5995.0	55000.0	18
Dodge	Sprinter Passenger	10162.166666666666	8995.0	11995.0	6
Dodge	Stealth	18831.25	6500.0	47000.0	8
Dodge	Stratus	3072.866666666667	1600.0	7999.0	15
Dodge	Super Bee	69900.0	69900.0	69900.0	1
Dodge	Viper	71233.5	32950.0	249999.0	24
FIAT	1100	17900.0	17900.0	17900.0	1
FIAT	124 Spider	25067.367816091955	5990.0	39305.0	87
FIAT	500	9126.993902439024	2500.0	27880.0	164
FIAT	500L	16404.78947368421	5995.0	28450.0	57
FIAT	500X	22192.449339207047	5995.0	33155.0	227
FIAT	500e	9773.533333333333	6792.0	11995.0	30
Ferrari	250 GT	1390000.0	1390000.0	1390000.0	1
Ferrari	308	78496.66666666667	50990.0	125000.0	3
Ferrari	328	113704.5	64988.0	134900.0	4
Ferrari	348	64900.0	64900.0	64900.0	1
Ferrari	360	227700.0	85500.0	369900.0	2
Ferrari	360 Spider	91160.0	75900.0	120000.0	5
Ferrari	365	259900.0	259900.0	259900.0	1
Ferrari	430 Scuderia	267457.14285714284	195000.0	349900.0	7
Ferrari	456M	59900.0	59900.0	59900.0	1
Ferrari	458 Italia	221638.41379310345	139900.0	370000.0	29
Ferrari	488	311898.0	188400.0	510000.0	44
Ferrari	512TR	235331.0	199995.0	252999.0	3
Ferrari	550	272497.0	164995.0	379999.0	2
Ferrari	575M	126923.75	104995.0	162900.0	4
Ferrari	599 GTB Fiorano	271143.6	119000.0	1299950.0	10
Ferrari	612 Scaglietti	108199.75	87900.0	129900.0	4
Ferrari	812 Superfast	372048.9166666667	299995.0	529997.0	12
Ferrari	California	94202.42857142857	74596.0	117777.0	7
Ferrari	California T	158892.6	129714.0	289900.0	15
Ferrari	Enzo	3195000.0	3195000.0	3195000.0	1
Ferrari	F12 Berlinetta	228524.58333333334	182990.0	269900.0	12
Ferrari	F12tdf	985900.0	985900.0	985900.0	1
Ferrari	F355	83199.66666666667	79700.0	89900.0	3
Ferrari	F430	107414.83333333333	79800.0	139900.0	6
Ferrari	F430 Spider	137348.9	92499.0	200000.0	10
Ferrari	FF	142555.0	129865.0	152900.0	3
Ferrari	GTC4Lusso	267245.6153846154	195000.0	350698.0	13
Ferrari	GTC4Lusso T	230896.42857142858	191995.0	289900.0	7
Ferrari	Mondial	59400.0	59400.0	59400.0	1
Ferrari	Portofino	230788.07692307694	205000.0	289665.0	13
Ferrari	Superamerica	317400.0	299900.0	349900.0	4
Ferrari	Testarossa	129939.8	109900.0	170000.0	5
Fisker	Karma	34446.25	29995.0	37990.0	4
Ford	Bronco	48396.416666666664	7799.0	199970.0	24
Ford	Bronco Sport	36422.27272727273	33265.0	37940.0	11
Ford	C-Max Energi	14258.694915254237	6950.0	19699.0	177
Ford	C-Max Hybrid	12983.862745098038	4995.0	29160.0	153
Ford	Contour	1000.0	1000.0	1000.0	1
Ford	Cortina	28950.0	28950.0	28950.0	1
Ford	Coupe	63900.0	37900.0	89900.0	2
Ford	Crown Victoria	5919.275862068966	1295.0	34995.0	29
Ford	Custom	37425.0	25900.0	63900.0	4
Ford	Customline	16900.0	16900.0	16900.0	1
Ford	Deluxe	47119.6	18900.0	84900.0	5
Ford	E-Series	11629.476861167002	985.0	44963.0	497
Ford	E-Series Chassis	39578.93203883495	5995.0	83640.0	103
Ford	EcoSport	22571.4599564481	11655.0	31540.0	4133
Ford	Econoline Cargo	6831.333333333333	4500.0	9995.0	3
Ford	Econoline Wagon	14021.111111111111	4499.0	23000.0	18
Ford	Edge	28912.552034743447	2350.0	2698500.0	6217
Ford	Elite	9900.0	9900.0	9900.0	1
Ford	Escape	22852.81370813044	1500.0	164980.0	13554
Ford	Escape Hybrid	32181.95625	2495.0	39375.0	640
Ford	Escape Hybrid Plug-in	38210.0	38210.0	38210.0	1
Ford	Escort	3493.25	1300.0	5995.0	4
Ford	Excursion	11244.904761904761	5399.0	25995.0	21
Ford	Expedition	55636.22085048011	1500.0	86125.0	2187
Ford	Explorer	37412.87933465895	495.0	64070.0	10235
Ford	Explorer Hybrid	52266.10526315789	38711.0	60665.0	57
Ford	Explorer Sport	2165.0	1500.0	3000.0	3
Ford	Explorer Sport Trac	8064.716049382716	2850.0	23000.0	81
Ford	F-1	25962.666666666668	7900.0	39997.0	3
Ford	F-100	16253.25	8999.0	27500.0	4
Ford	F-150	41446.61167461203	995.0	111024.0	19718
Ford	F-150 Heritage	6151.6	3995.0	9988.0	5
Ford	F-150 SVT Lightning	17994.4	12977.0	22000.0	5
Ford	F-250	16993.0	2900.0	35950.0	11
Ford	F-250 Super Duty	42610.329290206646	2500.0	93470.0	2226
Ford	F-350	15283.125	4995.0	40000.0	8
Ford	F-350 Super Duty	48005.2966314731	4200.0	89992.0	1989
Ford	F-350 Super Duty Chassis	45464.28787878788	4900.0	79710.0	528
Ford	F-450	12995.0	12995.0	12995.0	1
Ford	F-450 Super Duty	46824.09022556391	2900.0	120692.0	266
Ford	F-450 Super Duty Chassis	45826.1875	8990.0	69195.0	16
Ford	F-550 Super Duty	32603.436363636363	10880.0	59995.0	55
Ford	F-550 Super Duty Chassis	58362.162029459905	4495.0	129515.0	611
Ford	Fairlane	27220.0	14990.0	39995.0	4
Ford	Falcon	16900.0	16900.0	16900.0	1
Ford	Fiesta	10285.517857142857	2195.0	21785.0	672
Ford	Five Hundred	4169.538461538462	995.0	9995.0	26
Ford	Flex	20957.6515625	4000.0	49074.0	640
Ford	Focus	10186.136200716846	495.0	25995.0	2232
Ford	Focus Electric	10890.75	7450.0	14588.0	8
Ford	Focus RS	33245.76470588235	29677.0	39885.0	17
Ford	Focus SVT	4495.0	4495.0	4495.0	1
Ford	Freestar	3668.733333333333	1900.0	6912.0	15
Ford	Freestyle	4146.481481481482	1600.0	7999.0	27
Ford	Fusion	19887.39653788834	1590.0	38240.0	8723
Ford	Fusion Energi	28273.302816901407	8495.0	39885.0	568
Ford	Fusion Hybrid	23337.031357177853	3999.0	36385.0	2041
Ford	GT	410060.0	315000.0	626340.0	4
Ford	Galaxie	18200.0	16500.0	19900.0	2
Ford	Galaxie 500	22173.75	12995.0	30900.0	4
Ford	LTD	15311.666666666666	12990.0	19950.0	3
Ford	LTD Crown Victoria	6497.0	3995.0	8999.0	2
Ford	Model 48	39900.0	39900.0	39900.0	1
Ford	Model A	25833.928571428572	13999.0	52900.0	14
Ford	Model T	16239.0	9500.0	29900.0	5
Ford	Mustang	30818.758348794065	1650.0	450253.0	2156
Ford	Mustang Mach-E	58345.0	53800.0	59400.0	8
Ford	Mustang SVT Cobra	19208.30769230769	7987.0	25998.0	13
Ford	Mustang Shelby GT350	63739.963963963964	44500.0	129095.0	111
Ford	Mustang Shelby GT500	66178.17073170732	25000.0	127400.0	82
Ford	Probe	6499.0	6499.0	6499.0	1
Ford	Ranchero	16923.75	9900.0	20900.0	4
Ford	Ranger	34122.73823141223	849.0	51605.0	2273
Ford	Ranger Chassis	31409.6	22430.0	33993.0	5
Ford	Special Service Hybrid Plug-In 	56269.5	48130.0	64409.0	2
Ford	Super Deluxe	36749.0	14998.0	58500.0	2
Ford	Taurus	14705.334928229666	990.0	42360.0	836
Ford	Taurus X	4796.3	2490.0	6998.0	10
Ford	Thunderbird	21259.86170212766	5000.0	84995.0	94
Ford	Torino	18994.0	9988.0	28000.0	2
Ford	Transit Cargo	36727.924694376525	2995.0	426450.0	2045
Ford	Transit Chassis	39728.43548387097	16950.0	79990.0	124
Ford	Transit Connect	24233.432514177694	4400.0	38075.0	2645
Ford	Transit Crew	43769.979166666664	34177.0	58855.0	96
Ford	Transit Passenger	33771.50293772033	12500.0	64190.0	851
Ford	Windstar	4273.214285714285	777.0	19995.0	14
Freightliner	Sprinter	17860.555555555555	13900.0	23997.0	9
GMC	Acadia	30383.49899547966	3200.0	58070.0	3982
GMC	C/K 1500 Series	17187.0	17187.0	17187.0	1
GMC	C/K 2500 Series	40995.0	11995.0	69995.0	2
GMC	C/K 3500 Series	7445.0	1850.0	11995.0	3
GMC	Canyon	33547.90138064701	3999.0	47094.0	653
GMC	Envoy	5429.813725490196	500.0	13595.0	102
GMC	Envoy XL	4620.916666666667	1975.0	7998.0	36
GMC	Envoy XUV	4610.0	3450.0	5000.0	4
GMC	Jimmy	7681.777777777777	1700.0	29995.0	9
GMC	Safari	7494.333333333333	3995.0	9490.0	3
GMC	Safari Cargo	6626.666666666667	4995.0	8990.0	3
GMC	Savana	28119.647058823528	4995.0	55201.0	187
GMC	Savana Cargo	25698.80188679245	3995.0	43968.0	424
GMC	Sierra 1500	40618.36665839742	1399.0	73700.0	4031
GMC	Sierra 1500 Hybrid	13866.0	12737.0	14995.0	2
GMC	Sierra 1500 Limited	38406.433333333334	30600.0	48840.0	30
GMC	Sierra 1500HD	5992.5	4995.0	6990.0	2
GMC	Sierra 2500	6113.142857142857	2850.0	9969.0	7
GMC	Sierra 2500HD	49403.830694275275	4499.0	81280.0	821
GMC	Sierra 2500HD Classic	12553.142857142857	7900.0	19990.0	7
GMC	Sierra 3500	12680.933333333332	1900.0	23999.0	15
GMC	Sierra 3500HD	56449.88850174216	12995.0	82940.0	287
GMC	Sierra 3500HD Chassis	48195.58620689655	37700.0	61620.0	58
GMC	Sierra Classic 1500	9056.777777777777	7500.0	12444.0	9
GMC	Sierra Classic 3500	10124.5	8749.0	11500.0	2
GMC	Sonoma	5708.5	2500.0	9888.0	12
GMC	Suburban	13038.166666666666	2695.0	49900.0	6
GMC	Syclone	29000.0	29000.0	29000.0	1
GMC	Terrain	25708.196275888276	4995.0	46055.0	5263
GMC	Typhoon	14775.0	14775.0	14775.0	1
GMC	Yukon	49435.08013640239	1995.0	84665.0	1173
GMC	Yukon Hybrid	16643.5	5500.0	23995.0	8
GMC	Yukon XL	50102.89708141321	1995.0	87025.0	651
Genesis	G70	43707.33235294118	29000.0	54515.0	340
Genesis	G80	36843.81165919283	21900.0	61345.0	223
Genesis	G90	51087.463768115944	31000.0	79225.0	69
Geo	Prizm	3990.0	3990.0	3990.0	1
Honda	Accord	20545.121891921648	1000.0	89995.0	7664
Honda	Accord Coupe	13110.081325301206	500.0	32010.0	332
Honda	Accord Crosstour	10556.8	5995.0	16062.0	25
Honda	Accord Hybrid	27609.70890410959	3000.0	36620.0	584
Honda	CR-V	25049.038225939654	795.0	36544.0	11314
Honda	CR-V Hybrid	32664.869757174394	26145.0	37170.0	453
Honda	CR-Z	9829.48	4990.0	17998.0	25
Honda	Civic	18237.625485859804	400.0	28805.0	7461
Honda	Civic Coupe	14321.389552238807	1695.0	28999.0	670
Honda	Civic Hatchback	22170.657571623466	13000.0	29995.0	733
Honda	Civic Hybrid	6719.740740740741	2495.0	13975.0	54
Honda	Civic Type R	33516.64150943396	22955.0	38999.0	53
Honda	Civic del Sol	4290.0	4290.0	4290.0	1
Honda	Clarity Hybrid Plug-In 	23640.341463414636	19688.0	34355.0	41
Honda	Crosstour	13855.444444444445	8523.0	17995.0	63
Honda	Element	7611.782178217822	2900.0	19990.0	101
Honda	Fit	16199.756171284635	1699.0	22999.0	1985
Honda	HR-V	23543.51055657206	11495.0	30110.0	3988
Honda	Insight	24906.121720584637	3995.0	30556.0	511
Honda	Odyssey	28903.48586280175	1695.0	52995.0	3169
Honda	Passport	39120.10868844697	5000.0	49340.0	990
Honda	Pilot	32126.06154391853	1975.0	51435.0	4339
Honda	Prelude	6047.0	2990.0	13900.0	5
Honda	Ridgeline	34037.17067988669	3300.0	45476.0	706
Honda	S2000	25099.11111111111	18900.0	31995.0	9
Hudson	Hornet	36900.0	36900.0	36900.0	1
Hummer	H1	16775.0	16775.0	16775.0	1
Hummer	H2	19387.980392156864	7895.0	79995.0	51
Hummer	H2 SUT	29126.266666666666	17995.0	59995.0	15
Hummer	H3	10859.346153846154	6499.0	16995.0	78
Hummer	H3T	23198.85714285714	18525.0	34990.0	7
Hyundai	Accent	12331.266106442577	900.0	20745.0	714
Hyundai	Azera	13184.351851851852	4875.0	23995.0	54
Hyundai	Elantra	16041.275192307692	495.0	28080.0	5200
Hyundai	Elantra Coupe	7959.1578947368425	5995.0	10475.0	19
Hyundai	Elantra GT	17387.96675191816	6491.0	29785.0	391
Hyundai	Elantra Touring	6765.720930232558	1999.0	11995.0	43
Hyundai	Entourage	4610.8	2995.0	6889.0	15
Hyundai	Equus	14793.333333333334	8200.0	21900.0	9
Hyundai	Genesis	15821.561983471074	5500.0	27900.0	121
Hyundai	Genesis Coupe	13981.05	7600.0	23987.0	40
Hyundai	Ioniq Electric	36250.905982905984	12991.0	39890.0	117
Hyundai	Ioniq Hybrid	25465.08806818182	11995.0	32920.0	352
Hyundai	Ioniq Hybrid Plug-In 	30545.41489361702	18991.0	34670.0	94
Hyundai	Kona	25912.63174730108	12991.0	46485.0	2501
Hyundai	Kona Electric	42849.05612244898	35820.0	47365.0	196
Hyundai	Palisade	45668.63679245283	31999.0	53345.0	636
Hyundai	Santa Fe	25682.988743809095	1000.0	45115.0	2221
Hyundai	Santa Fe Sport	17724.26761904762	7000.0	40370.0	1050
Hyundai	Santa Fe XL	33209.61538461538	21308.0	44990.0	13
Hyundai	Sonata	20620.03550424744	1000.0	35580.0	4591
Hyundai	Sonata Hybrid	20813.908045977012	6495.0	36730.0	261
Hyundai	Sonata Hybrid Plug-In 	32427.92156862745	16495.0	40270.0	51
Hyundai	Tiburon	5102.692307692308	1599.0	7900.0	13
Hyundai	Tucson	24925.39304007231	2200.0	35930.0	6638
Hyundai	Veloster	12796.428	2999.0	27045.0	250
Hyundai	Veloster N	29453.81818181818	23935.0	31080.0	33
Hyundai	Veloster Turbo	17016.185714285715	7850.0	29655.0	70
Hyundai	Venue	19876.72088724584	15899.0	23830.0	541
Hyundai	Veracruz	7891.395348837209	3499.0	13995.0	43
Hyundai	XG350	3993.3333333333335	3990.0	3995.0	3
INFINITI	EX35	10250.047619047618	4350.0	15072.0	42
INFINITI	EX37	13970.0	13970.0	13970.0	1
INFINITI	FX35	11462.933333333332	5500.0	19995.0	60
INFINITI	FX37	17416.571428571428	14900.0	20899.0	7
INFINITI	FX45	6831.333333333333	5000.0	7995.0	3
INFINITI	FX50	16296.666666666666	12999.0	19900.0	3
INFINITI	G20	3584.5	2490.0	4679.0	2
INFINITI	G25	10012.666666666666	4877.0	11999.0	18
INFINITI	G35	7496.628571428571	2400.0	13995.0	70
INFINITI	G37	12758.213333333333	4495.0	25065.0	225
INFINITI	I30	2628.6	995.0	4750.0	5
INFINITI	I35	3422.25	2295.0	5495.0	4
INFINITI	IPL G	17867.5	17590.0	18145.0	2
INFINITI	JX35	15396.809523809523	9995.0	20990.0	63
INFINITI	M30	7900.0	7900.0	7900.0	1
INFINITI	M35	8373.366666666667	2999.0	13998.0	30
INFINITI	M35h	11500.0	11500.0	11500.0	1
INFINITI	M37	14603.272727272728	9950.0	19590.0	44
INFINITI	M56	13347.5	9995.0	16700.0	2
INFINITI	Q40	15714.058823529413	12991.0	18575.0	17
INFINITI	Q45	3119.0	1950.0	4288.0	2
INFINITI	Q50	30321.601180438447	5995.0	61128.0	1186
INFINITI	Q50 Hybrid	21638.85714285714	15000.0	29977.0	14
INFINITI	Q60	36653.943722943724	14990.0	62896.0	231
INFINITI	Q70	28667.045454545456	15500.0	61163.0	44
INFINITI	Q70L	30884.0	18995.0	53508.0	46
INFINITI	QX30	23291.320610687024	16261.0	30990.0	262
INFINITI	QX4	4610.571428571428	2995.0	7990.0	7
INFINITI	QX50	36302.64017991004	11498.0	61370.0	667
INFINITI	QX56	17108.689655172413	4995.0	27919.0	87
INFINITI	QX60	41475.81506849315	9975.0	63797.0	1898
INFINITI	QX60 Hybrid	18394.333333333332	14751.0	27981.0	6
INFINITI	QX70	30625.988095238095	15912.0	56495.0	84
INFINITI	QX80	51862.17929292929	17995.0	89211.0	396
Isuzu	Ascender	3700.0	3700.0	3700.0	1
Isuzu	Rodeo	3938.6	2000.0	5820.0	10
Isuzu	Trooper	3226.0	2988.0	3495.0	3
Isuzu	i-Series	5925.0	2950.0	8900.0	2
Jaguar	E-PACE	48803.27419354839	28733.0	65375.0	248
Jaguar	F-PACE	50822.73463687151	27795.0	94670.0	716
Jaguar	F-TYPE	70717.08484848485	21900.0	119375.0	165
Jaguar	I-PACE	75345.93069306931	49987.0	89643.0	101
Jaguar	Mark IX	25900.0	25900.0	25900.0	1
Jaguar	S-TYPE	8122.444444444444	2500.0	23900.0	9
Jaguar	S-TYPE R	19492.5	8990.0	29995.0	2
Jaguar	X-TYPE	4748.2	1850.0	8555.0	15
Jaguar	XE	37282.71428571428	16500.0	188495.0	273
Jaguar	XF	34296.433333333334	4995.0	80339.0	180
Jaguar	XF Sportbrake	55497.142857142855	43988.0	79894.0	7
Jaguar	XJ-Series	30206.97005988024	2350.0	99140.0	167
Jaguar	XK-Series	20408.954545454544	3995.0	46990.0	44
Jeep	CJ-5	25935.0	12991.0	36995.0	5
Jeep	CJ-7	14996.0	14995.0	14997.0	2
Jeep	Cherokee	26565.572865561935	1995.0	43680.0	7185
Jeep	Commander	7182.354838709677	2782.0	13900.0	93
Jeep	Compass	24500.17486783245	2495.0	320150.0	7377
Jeep	Gladiator	48883.6978021978	33145.0	149999.0	1456
Jeep	Grand Cherokee	34246.774753052814	650.0	103510.0	12857
Jeep	Grand Wagoneer	56298.666666666664	28996.0	89900.0	3
Jeep	Liberty	8052.190476190476	1695.0	109820.0	651
Jeep	Patriot	12522.323554065382	1799.0	21999.0	1193
Jeep	Renegade	22144.648916408667	9400.0	37090.0	3230
Jeep	Wrangler	25730.332375478927	3985.0	54814.0	1044
Jeep	Wrangler Unlimited	38723.071022128555	9998.0	109872.0	4745
Kaiser	Manhattan	12995.0	12995.0	12995.0	1
Karma	Revero	76782.5	64500.0	79990.0	12
Karma	Revero GT	144098.33333333334	114990.0	152800.0	6
Kia	Amanti	4814.8	2899.0	5995.0	5
Kia	Borrego	6896.625	3700.0	9500.0	8
Kia	Cadenza	22812.714285714286	9699.0	44880.0	126
Kia	Forte	16659.807271134472	2995.0	203905.0	2283
Kia	Forte Koup	9343.470588235294	3995.0	14759.0	51
Kia	Forte5	11695.59633027523	3199.0	19999.0	109
Kia	K5	26615.4800443459	22235.0	34155.0	902
Kia	K900	37756.7	18900.0	58896.0	10
Kia	Niro	22618.50313152401	12990.0	34985.0	479
Kia	Niro EV	41938.86	33648.0	47090.0	150
Kia	Niro Hybrid Plug-In	32740.738095238095	20998.0	39143.0	126
Kia	Optima	15619.662921348314	1995.0	38335.0	1869
Kia	Optima Hybrid	13965.578947368422	6495.0	30280.0	57
Kia	Optima Hybrid Plug-In 	18643.85714285714	15947.0	21595.0	21
Kia	Rio	13362.12213740458	2495.0	22290.0	393
Kia	Rio5	14067.556701030928	3299.0	21580.0	97
Kia	Rondo	4640.181818181818	2399.0	6495.0	22
Kia	Sedona	24320.9593175853	1500.0	44715.0	762
Kia	Seltos	25432.806629834253	19500.0	34655.0	543
Kia	Sephia	1145.0	795.0	1495.0	2
Kia	Sorento	22064.735127949483	995.0	48690.0	3009
Kia	Soul	15918.22538975501	2550.0	29675.0	2245
Kia	Soul EV	14105.871794871795	10980.0	19990.0	39
Kia	Spectra	3894.0	999.0	5995.0	29
Kia	Sportage	23757.565463031195	2800.0	41865.0	4071
Kia	Stinger	38992.397260273974	20995.0	54850.0	146
Kia	Telluride	43176.21225382932	30800.0	56800.0	457
Lamborghini	Aventador	356465.5	249990.0	450900.0	6
Lamborghini	Diablo	375000.0	375000.0	375000.0	1
Lamborghini	Gallardo	137572.64705882352	77995.0	269000.0	17
Lamborghini	Huracan	214310.4375	165998.0	339990.0	16
Lamborghini	Murcielago	179358.8	149999.0	199000.0	5
Lamborghini	Urus	251682.7142857143	225000.0	279999.0	7
Land Rover	Defender	76166.15107913669	19500.0	139000.0	139
Land Rover	Discovery	59546.93457943925	1750.0	83900.0	321
Land Rover	Discovery Series II	3531.3333333333335	1995.0	5100.0	3
Land Rover	Discovery Sport	43877.9107505071	15995.0	75899.0	986
Land Rover	Freelander	3895.0	3895.0	3895.0	1
Land Rover	LR2	11105.80487804878	3199.0	18450.0	41
Land Rover	LR3	8170.333333333333	4995.0	13997.0	18
Land Rover	LR4	23904.524590163935	9995.0	45990.0	61
Land Rover	Range Rover	69684.12653061225	2295.0	233850.0	490
Land Rover	Range Rover Evoque	42945.099369085176	13490.0	84399.0	634
Land Rover	Range Rover Hybrid	104450.02857142857	85488.0	121065.0	210
Land Rover	Range Rover Hybrid Plug-in	106132.85	101692.0	112861.0	20
Land Rover	Range Rover Sport	60871.48358208955	6995.0	150100.0	670
Land Rover	Range Rover Velar	63602.199084668195	39384.0	102372.0	437
Land Rover	Series III	26450.0	24950.0	27950.0	2
Lexus	CT Hybrid	15717.776699029126	7450.0	24298.0	103
Lexus	ES	45586.68925619835	34444.0	53950.0	605
Lexus	ES 300	4357.2	995.0	9995.0	45
Lexus	ES 300h	23428.0412371134	11000.0	38500.0	97
Lexus	ES 330	6232.055555555556	2244.0	8995.0	36
Lexus	ES 350	23776.276439790578	5499.0	35999.0	955
Lexus	ES Hybrid	49676.86363636364	34972.0	434790.0	286
Lexus	GS	51788.46153846154	42784.0	59663.0	13
Lexus	GS 200t	29996.0	29996.0	29996.0	1
Lexus	GS 300	7744.777777777777	2900.0	10495.0	18
Lexus	GS 350	34814.242603550294	5950.0	60909.0	338
Lexus	GS 400	5995.0	5995.0	5995.0	1
Lexus	GS 430	9645.0	6295.0	12995.0	2
Lexus	GS 460	11500.0	11500.0	11500.0	1
Lexus	GS F	82573.5	44495.0	92889.0	12
Lexus	GS Hybrid	19990.0	19990.0	19990.0	1
Lexus	GX	44883.2891566265	15898.0	72330.0	498
Lexus	GX 470	11618.105263157895	6990.0	17975.0	57
Lexus	HS 250h	9934.76923076923	5595.0	14000.0	13
Lexus	IS	33726.313978494625	4900.0	53755.0	465
Lexus	IS 250	16248.032258064517	3550.0	223900.0	217
Lexus	IS 350	26257.166666666668	7199.0	36993.0	48
Lexus	LC	97131.74074074074	64995.0	121775.0	27
Lexus	LC Hybrid	76888.0	76888.0	76888.0	1
Lexus	LFA	509900.0	509900.0	509900.0	1
Lexus	LS	90736.19791666667	67960.0	108260.0	96
Lexus	LS 400	4495.0	4495.0	4495.0	1
Lexus	LS 430	8891.9375	3999.0	24990.0	32
Lexus	LS 460	28213.026785714286	5999.0	52998.0	112
Lexus	LS 500	72025.79069767441	52000.0	104456.0	43
Lexus	LS 500h	80425.33333333333	65378.0	106018.0	3
Lexus	LS 600h L	34472.5	12995.0	55950.0	2
Lexus	LS Hybrid	108815.0	108815.0	108815.0	1
Lexus	LX	97428.94871794872	88376.0	101867.0	39
Lexus	LX 450	17831.333333333332	12999.0	25000.0	3
Lexus	LX 470	12931.611111111111	4990.0	23495.0	18
Lexus	LX 570	59099.4	21263.0	101038.0	60
Lexus	NX	40319.44387755102	26794.0	51000.0	392
Lexus	NX 200t	28578.25258799172	18695.0	36998.0	483
Lexus	NX Hybrid	39904.767441860466	21995.0	48400.0	86
Lexus	RC	50706.9375	40157.0	58790.0	48
Lexus	RC 200t	27825.25	21900.0	33486.0	4
Lexus	RC 300	32467.59375	23900.0	49710.0	32
Lexus	RC 350	33056.36666666667	19900.0	54815.0	30
Lexus	RC F	72139.16666666667	41995.0	105999.0	24
Lexus	RX	51849.14103585658	33970.0	65840.0	1255
Lexus	RX 300	4550.5	2200.0	6990.0	26
Lexus	RX 330	8232.166666666666	5599.0	14000.0	60
Lexus	RX 350	28699.61146051712	5550.0	48498.0	1431
Lexus	RX 400h	8706.0	3995.0	14990.0	34
Lexus	RX Hybrid	46954.175548589345	11995.0	66190.0	319
Lexus	SC 400	11898.0	11296.0	12500.0	2
Lexus	SC 430	13493.1875	8491.0	19500.0	16
Lexus	UX	33903.5	26995.0	38775.0	24
Lexus	UX Hybrid	38116.666666666664	27977.0	50394.0	210
Lincoln	Aviator	68544.94003241492	1980.0	91175.0	617
Lincoln	Blackwood	11747.5	8995.0	14500.0	2
Lincoln	Capri	18900.0	18900.0	18900.0	1
Lincoln	Continental	45163.51779359431	2295.0	89625.0	562
Lincoln	Corsair	45839.934475055845	33348.0	60965.0	1343
Lincoln	LS	5743.25	3990.0	8995.0	8
Lincoln	MKC	25164.964019851115	12995.0	48975.0	806
Lincoln	MKS	13234.041666666666	5199.0	29990.0	120
Lincoln	MKT	25510.72558139535	5895.0	51524.0	215
Lincoln	MKX	24845.104557640752	3500.0	57025.0	746
Lincoln	MKZ	34561.66998106061	2999.0	57090.0	2112
Lincoln	MKZ Hybrid	30700.389078498294	8695.0	50890.0	293
Lincoln	Mark LT	12322.307692307691	4995.0	23990.0	13
Lincoln	Mark VI	11892.666666666666	9000.0	13688.0	3
Lincoln	Mark VII	10237.5	8500.0	11975.0	2
Lincoln	Mark VIII	11213.333333333334	2650.0	27995.0	3
Lincoln	Nautilus	51098.475670307846	26900.0	68260.0	1007
Lincoln	Navigator	70306.6590563166	2850.0	105960.0	657
Lincoln	Town Car	7272.552083333333	495.0	19995.0	96
Lincoln	Zephyr	5606.7	1500.0	19888.0	10
Lotus	Elan	29950.0	29950.0	29950.0	1
Lotus	Elise	280076.6	30000.0	1250000.0	5
Lotus	Esprit	37427.666666666664	35388.0	39995.0	3
Lotus	Evora	96448.22222222222	29977.0	115795.0	18
Lotus	Exige	51900.0	51900.0	51900.0	1
MG	MGA	34995.0	34995.0	34995.0	1
MG	MGB	8005.0	5995.0	9995.0	6
MG	MGB Roadster	8950.0	8950.0	8950.0	1
MG	TC	29900.0	29900.0	29900.0	1
MG	TD	14900.0	14900.0	14900.0	1
MG	TF	34500.0	34500.0	34500.0	1
MINI	Cooper	22988.17296222664	2200.0	47750.0	1006
MINI	Cooper Clubman	26663.9203125	4799.0	44020.0	320
MINI	Cooper Coupe	11841.5	7498.0	19990.0	14
MINI	Cooper Paceman	13713.454545454546	9498.0	21995.0	11
MINI	Countryman	27737.408275862068	4995.0	52735.0	725
MINI	Countryman Hybrid Plug-in 	33881.555555555555	27999.0	45950.0	9
MINI	Roadster	14785.0	12490.0	18955.0	10
MKX	3995.0	2008.0	2008.0	2008.0	1
Maserati	Coupe	25625.1	17995.0	42995.0	10
Maserati	Ghibli	54024.46973365617	22995.0	101435.0	413
Maserati	GranSport	23978.4	17999.0	27995.0	5
Maserati	GranTurismo	86468.9540229885	27700.0	182712.0	87
Maserati	Levante	79648.29968454258	34895.0	174940.0	317
Maserati	Quattroporte	72677.63043478261	9900.0	130785.0	138
Maserati	Sebring	299000.0	299000.0	299000.0	1
Maybach	57	43444.5	42995.0	43894.0	2
Mazda	626	3142.4	1950.0	4600.0	5
Mazda	B-Series	7246.0	6000.0	8994.0	4
Mazda	CX-3	19266.51067961165	10498.0	29295.0	515
Mazda	CX-30	27659.862773722627	21508.0	32090.0	685
Mazda	CX-5	27008.758179231863	6991.0	39986.0	5624
Mazda	CX-7	7340.094117647059	3798.0	13995.0	85
Mazda	CX-9	30108.518292682926	3995.0	53095.0	984
Mazda	MAZDA2	6839.555555555556	3399.0	10995.0	36
Mazda	MAZDA3	17241.46770938446	1995.0	34892.0	1982
Mazda	MAZDA5	7094.333333333333	2899.0	15998.0	114
Mazda	MAZDA6	19775.618743343985	999.0	37140.0	939
Mazda	MAZDASPEED3	9914.692307692309	5795.0	14990.0	13
Mazda	MAZDASPEED6	6557.5	4990.0	8125.0	2
Mazda	MPV	4536.875	1995.0	9500.0	8
Mazda	MX-5 Miata	24557.178343949046	2800.0	38725.0	157
Mazda	Millenia	4487.5	2995.0	5980.0	2
Mazda	Protege	2930.6666666666665	2493.0	3499.0	3
Mazda	RX-7	15245.25	7777.0	45995.0	8
Mazda	RX-8	8590.625	4950.0	18900.0	8
Mazda	Tribute	4339.825	995.0	10000.0	40
McLaren	570GT	146104.5	137888.0	157888.0	8
McLaren	570S	178749.5357142857	139500.0	254392.0	28
McLaren	600LT	273548.0588235294	222995.0	315684.0	17
McLaren	650S	154965.0	139900.0	174450.0	5
McLaren	675LT	255923.75	207900.0	299995.0	4
McLaren	720S	344720.67391304346	229998.0	400674.0	46
McLaren	GT	246888.40740740742	205999.0	268846.0	27
McLaren	MP4-12C	104906.4	89995.0	113000.0	5
McLaren	P1	1349000.0	1349000.0	1349000.0	1
Mercedes-Benz	190-Class	7496.0	4995.0	9997.0	2
Mercedes-Benz	230SL	46900.0	46900.0	46900.0	1
Mercedes-Benz	250	67000.0	67000.0	67000.0	1
Mercedes-Benz	280	9999.0	9999.0	9999.0	1
Mercedes-Benz	300-Class	24047.777777777777	1995.0	117000.0	9
Mercedes-Benz	380-Class	14658.666666666666	7500.0	19995.0	15
Mercedes-Benz	420-Class	8277.8	999.0	20000.0	5
Mercedes-Benz	450-Class	14596.25	8995.0	28900.0	4
Mercedes-Benz	500-Class	17620.0	6495.0	24995.0	4
Mercedes-Benz	560-Class	15195.0	6995.0	19895.0	4
Mercedes-Benz	A-Class	39215.62162162162	21950.0	64045.0	333
Mercedes-Benz	AMG GT	140413.54	70000.0	229840.0	100
Mercedes-Benz	B-Class	18120.25	14599.0	21850.0	8
Mercedes-Benz	C-Class	33478.5094744369	1500.0	99320.0	2797
Mercedes-Benz	CL-Class	19124.68	5901.0	43900.0	25
Mercedes-Benz	CLA-Class	32745.193220338984	12900.0	73655.0	590
Mercedes-Benz	CLK-Class	12354.697674418605	4275.0	149868.0	43
Mercedes-Benz	CLS-Class	52109.39	5999.0	100225.0	200
Mercedes-Benz	E-Class	38573.49278152069	2500.0	132150.0	2078
Mercedes-Benz	G-Class	105900.82269503546	23942.0	224890.0	141
Mercedes-Benz	GL-Class	22731.137651821864	6900.0	53500.0	247
Mercedes-Benz	GLA-Class	37519.2856	15495.0	61305.0	1250
Mercedes-Benz	GLB-Class	45819.528467153286	37287.0	57500.0	685
Mercedes-Benz	GLC-Class	46158.430264993025	20581.0	100275.0	1434
Mercedes-Benz	GLE-Class	52315.55860349127	21950.0	134055.0	1203
Mercedes-Benz	GLK-Class	15678.059602649008	5998.0	29995.0	151
Mercedes-Benz	GLS-Class	62977.43820224719	28565.0	144105.0	712
Mercedes-Benz	M-Class	15885.474683544304	1999.0	39995.0	316
Mercedes-Benz	Metris	32320.98979591837	16900.0	63998.0	98
Mercedes-Benz	Metris Cargo	33917.83957219251	15995.0	38280.0	374
Mercedes-Benz	R-Class	10212.192307692309	4500.0	18995.0	26
Mercedes-Benz	S-Class	77160.44298245614	3490.0	212005.0	912
Mercedes-Benz	S-Class Coupe	84178.90588235293	48895.0	159981.0	85
Mercedes-Benz	SL-Class	61084.650455927054	2295.0	149939.0	329
Mercedes-Benz	SLC-Class	55462.06593406593	27695.0	79165.0	91
Mercedes-Benz	SLK-Class	16881.05128205128	4995.0	33991.0	39
Mercedes-Benz	SLR McLaren	584392.5	309785.0	859000.0	2
Mercedes-Benz	SLS-Class	172470.75	122995.0	275000.0	4
Mercedes-Benz	Sprinter	52085.928260869565	11450.0	117400.0	920
Mercedes-Benz	Sprinter Cargo	41662.00621118012	12950.0	147991.0	161
Mercury	Capri	5800.0	5800.0	5800.0	1
Mercury	Cougar	18720.0	2990.0	78500.0	8
Mercury	Grand Marquis	5305.729411764706	999.0	12000.0	85
Mercury	Marauder	18155.6	9900.0	29995.0	5
Mercury	Mariner	5868.359375	2195.0	10900.0	64
Mercury	Mariner Hybrid	5715.833333333333	2495.0	9900.0	6
Mercury	Marquis	12985.0	12985.0	12985.0	1
Mercury	Milan	5843.327586206897	1995.0	10695.0	58
Mercury	Milan Hybrid	7465.666666666667	5995.0	8402.0	3
Mercury	Montego	4801.142857142857	2995.0	6500.0	14
Mercury	Monterey	9473.777777777777	1995.0	34990.0	9
Mercury	Mountaineer	5576.037037037037	1990.0	9997.0	54
Mercury	Sable	4178.636363636364	995.0	8998.0	33
Mercury	Tracer	2995.0	2995.0	2995.0	1
Mercury	Villager	4500.0	4500.0	4500.0	1
Mitsubishi	3000GT	11715.8	3999.0	16900.0	5
Mitsubishi	Eclipse	5018.566666666667	1900.0	8500.0	30
Mitsubishi	Eclipse Cross	23803.61726618705	13997.0	33500.0	695
Mitsubishi	Eclipse Spyder	5429.461538461538	1999.0	9991.0	13
Mitsubishi	Endeavor	5005.967741935484	1695.0	8999.0	31
Mitsubishi	Galant	4269.85	1100.0	7995.0	40
Mitsubishi	Lancer	8632.458333333334	1995.0	18995.0	96
Mitsubishi	Lancer Evolution	28331.5625	22000.0	34995.0	16
Mitsubishi	Lancer Sportback	7169.0	3995.0	8995.0	4
Mitsubishi	Mighty Max Pickup	8991.0	8991.0	8991.0	1
Mitsubishi	Mirage	14207.930715935336	3996.0	20095.0	433
Mitsubishi	Mirage G4	15682.936920222635	6984.0	22053.0	539
Mitsubishi	Montero	3959.3333333333335	3888.0	3995.0	3
Mitsubishi	Montero Sport	3746.0	1995.0	5995.0	4
Mitsubishi	Outlander	21122.6982421875	1500.0	36555.0	1024
Mitsubishi	Outlander Hybrid Plug-in 	36473.438356164384	20401.0	44548.0	73
Mitsubishi	Outlander Sport	20550.897687456203	4995.0	29740.0	1427
Mitsubishi	Pajero	9900.0	9900.0	9900.0	1
Mitsubishi	Raider	7217.8	6000.0	8899.0	5
Mitsubishi	i-MiEV	5500.0	5500.0	5500.0	1
Nissan	300ZX	13765.454545454546	6995.0	39950.0	11
Nissan	350Z	10573.0	5995.0	19999.0	22
Nissan	370Z	28109.95	13660.0	48615.0	60
Nissan	Altima	19111.68183908046	995.0	37640.0	6525
Nissan	Altima Coupe	7765.044117647059	1995.0	13648.0	68
Nissan	Altima Hybrid	6880.611111111111	4900.0	8995.0	18
Nissan	Armada	36941.38418079096	3999.0	72340.0	531
Nissan	Cube	5870.821428571428	3995.0	8295.0	28
Nissan	Frontier	23833.94451612903	3500.0	45527.0	775
Nissan	GT-R	89422.79310344828	50100.0	199900.0	29
Nissan	Juke	11342.467680608364	5994.0	25845.0	263
Nissan	Kicks	20226.11135857461	13995.0	26610.0	898
Nissan	LEAF	30982.81425485961	5495.0	46150.0	463
Nissan	Maxima	22289.800555560978	999.0	45580.0	1601
Nissan	Murano	28748.101285189718	899.0	50926.0	3268
Nissan	Murano CrossCabriolet	17167.2	14995.0	19888.0	5
Nissan	NV Cargo	28960.448	8950.0	52770.0	250
Nissan	NV Passenger	36725.77551020408	14488.0	57163.0	49
Nissan	NV200	19462.16891891892	3900.0	29998.0	296
Nissan	Pathfinder	24813.10531220876	1200.0	47730.0	2146
Nissan	Pathfinder Hybrid	14408.25	11995.0	16000.0	4
Nissan	Quest	9555.245762711864	1800.0	44985.0	118
Nissan	Rogue	22153.607789855072	2222.0	38321.0	11040
Nissan	Rogue Hybrid	22130.35714285714	17877.0	24196.0	14
Nissan	Rogue Select	11179.188976377953	5598.0	24135.0	127
Nissan	Rogue Sport	22650.96838858905	12900.0	35905.0	2594
Nissan	Sentra	15360.389120421145	999.0	111111.0	4559
Nissan	Silvia	14999.0	14999.0	14999.0	1
Nissan	Skyline	12995.0	12995.0	12995.0	1
Nissan	Titan	37506.53125	3499.0	67800.0	608
Nissan	Versa	13312.276946107784	1500.0	22250.0	1336
Nissan	Versa Note	9848.622222222222	4991.0	19485.0	180
Nissan	Xterra	10209.085365853658	1895.0	24530.0	164
Oldsmobile	442	56932.5	32995.0	104900.0	6
Oldsmobile	Achieva	2695.0	2695.0	2695.0	1
Oldsmobile	Alero	4883.555555555556	1495.0	21995.0	9
Oldsmobile	Aurora	3734.0	1375.0	5900.0	5
Oldsmobile	Bravada	2498.3333333333335	1495.0	4000.0	3
Oldsmobile	Custom Cruiser	21995.0	21995.0	21995.0	1
Oldsmobile	Cutlass	13933.0	2900.0	25900.0	3
Oldsmobile	Cutlass Calais	36900.0	36900.0	36900.0	1
Oldsmobile	Cutlass Supreme	11014.2	4488.0	28900.0	5
Oldsmobile	Delta 88	18577.8	8999.0	24000.0	5
Oldsmobile	Eighty-Eight	6900.0	6900.0	6900.0	1
Oldsmobile	Eighty-Eight Royale	2999.0	2999.0	2999.0	1
Oldsmobile	Intrigue	3195.0	3195.0	3195.0	1
Oldsmobile	Jetstar 88	13900.0	13900.0	13900.0	1
Oldsmobile	Ninety-Eight	16900.0	16900.0	16900.0	1
Oldsmobile	Regency	2500.0	2500.0	2500.0	1
Oldsmobile	Silhouette	2622.5	2250.0	2995.0	2
Oldsmobile	Toronado	11577.6	5900.0	22995.0	5
Oldsmobile	Vista Cruiser	20350.0	16800.0	23900.0	2
Pagani	Huayra	2195000.0	2195000.0	2195000.0	1
Pininfarina	Azzurra	22495.0	22495.0	22495.0	1
Plymouth	Barracuda	71847.0	23888.0	165000.0	4
Plymouth	Belvedere	40500.0	40500.0	40500.0	1
Plymouth	Deluxe	14900.0	14900.0	14900.0	1
Plymouth	Duster	27900.0	27900.0	27900.0	1
Plymouth	Fury	27450.0	17900.0	37000.0	2
Plymouth	GTX	57900.0	46900.0	76900.0	3
Plymouth	Grand Voyager	2970.0	1990.0	3950.0	2
Plymouth	Neon	2493.6666666666665	1496.0	2995.0	3
Plymouth	Plaza	6900.0	6900.0	6900.0	1
Plymouth	Prowler	32967.75	23900.0	45499.0	16
Plymouth	Road Runner	44333.0	39999.0	49500.0	3
Plymouth	Satellite	30931.666666666668	17900.0	44900.0	3
Plymouth	Superbird	225000.0	225000.0	225000.0	1
Plymouth	Valiant	10265.0	3900.0	13995.0	3
Plymouth	Voyager	3999.0	3999.0	3999.0	1
Pontiac	Aztek	2725.1666666666665	1200.0	4765.0	6
Pontiac	Bonneville	9773.454545454546	1995.0	44900.0	11
Pontiac	Can Am	25900.0	25900.0	25900.0	1
Pontiac	Catalina	38400.0	21900.0	54900.0	2
Pontiac	Chieftain	39900.0	39900.0	39900.0	1
Pontiac	Deluxe	13425.0	6950.0	19900.0	2
Pontiac	Fiero	8574.0	3900.0	15995.0	5
Pontiac	Firebird	38511.4	3995.0	999999.0	55
Pontiac	G3	4900.0	4900.0	4900.0	1
Pontiac	G5	4881.111111111111	2495.0	6995.0	18
Pontiac	G6	5052.195945945946	1499.0	11500.0	148
Pontiac	G8	14315.0	4500.0	34798.0	20
Pontiac	GTO	27328.176470588234	11995.0	69990.0	34
Pontiac	Grand Am	9285.2	1599.0	75000.0	25
Pontiac	Grand Prix	4924.5	1495.0	19995.0	56
Pontiac	Grand Ville	13947.5	7900.0	19995.0	2
Pontiac	Montana	2631.3333333333335	1900.0	2999.0	3
Pontiac	Montana SV6	6268.5	1977.0	14999.0	6
Pontiac	Solstice	16337.45	7995.0	48000.0	20
Pontiac	Star Chief	47995.0	47995.0	47995.0	1
Pontiac	Streamliner	109900.0	109900.0	109900.0	1
Pontiac	Sunfire	3457.8333333333335	1299.0	4500.0	6
Pontiac	Torrent	4895.0	2200.0	8495.0	27
Pontiac	Trans Sport	3995.0	3995.0	3995.0	1
Pontiac	Ventura	15900.0	15900.0	15900.0	1
Pontiac	Vibe	5160.715789473684	1894.0	10900.0	95
Porsche	356	40777.8	18995.0	89900.0	5
Porsche	718 Boxster	71609.77777777778	45894.0	116770.0	36
Porsche	718 Cayman	73299.70491803279	47940.0	128730.0	61
Porsche	911	109630.78754578755	16788.0	599000.0	546
Porsche	912	103498.33333333333	79995.0	125000.0	3
Porsche	914	62440.0	24980.0	99900.0	2
Porsche	924	18934.5	9969.0	27900.0	2
Porsche	928	17299.666666666668	12999.0	25000.0	3
Porsche	944	29497.5	10995.0	48000.0	2
Porsche	Boxster	22268.162162162163	5999.0	81000.0	74
Porsche	Carrera GT	901950.0	819000.0	984900.0	2
Porsche	Cayenne	68663.3253182461	4995.0	179950.0	707
Porsche	Cayenne E-Hybrid	88395.32142857143	35824.0	198830.0	56
Porsche	Cayenne Hybrid	23444.25	16892.0	27390.0	4
Porsche	Cayman	49888.21428571428	12000.0	188900.0	42
Porsche	Macan	54062.55472263868	22254.0	104030.0	667
Porsche	Panamera	83800.32154340835	20999.0	188190.0	311
Porsche	Panamera E-Hybrid	121052.28125	49999.0	224240.0	32
Porsche	Panamera Hybrid	27653.666666666668	26975.0	28991.0	3
Porsche	Taycan	159528.0859375	116850.0	218580.0	128
RAM	1500	40078.21415253485	4891.0	222000.0	11263
RAM	2500	49296.108915906785	4980.0	109820.0	1974
RAM	3500	55358.99461400359	17990.0	109820.0	557
RAM	3500 Chassis	47302.01568627451	12842.0	66865.0	255
RAM	4500 Chassis	44996.71428571428	23995.0	69995.0	7
RAM	5500 Chassis	57628.0134529148	23995.0	88997.0	223
RAM	C/V	8618.107142857143	3680.0	15600.0	28
RAM	Dakota	12972.5	6995.0	18000.0	22
RAM	ProMaster	34644.92765957447	9985.0	79777.0	940
RAM	ProMaster Chassis	28481.428571428572	18990.0	39995.0	7
RAM	ProMaster City	22815.568457538993	3995.0	30100.0	577
Rolls-Royce	Cullinan	403092.5	324950.0	459995.0	4
Rolls-Royce	Dawn	337846.4705882353	198000.0	482125.0	17
Rolls-Royce	Ghost	170341.2857142857	92900.0	450450.0	21
Rolls-Royce	Phantom	289764.5	155888.0	545200.0	6
Rolls-Royce	Phantom Drophead Coupe	237838.2857142857	134990.0	400000.0	7
Rolls-Royce	Silver Seraph	33900.0	33900.0	33900.0	1
Rolls-Royce	Silver Shadow II	24444.0	24444.0	24444.0	1
Rolls-Royce	Silver Spirit	22500.0	22500.0	22500.0	1
Rolls-Royce	Silver Spur	27122.714285714286	13994.0	49995.0	7
Rolls-Royce	Wraith	215336.41176470587	152500.0	405625.0	17
Saab	9-2X	6489.666666666667	5985.0	6989.0	3
Saab	9-3	6055.128571428571	2200.0	15997.0	70
Saab	9-3 SportCombi	6169.909090909091	3350.0	7900.0	11
Saab	9-4X	14992.333333333334	9995.0	19991.0	3
Saab	9-5	6503.04347826087	1975.0	17988.0	23
Saab	9-5 SportCombi	4465.0	3500.0	4995.0	3
Saab	9-7X	7551.555555555556	3999.0	15900.0	18
Saab	900	5747.5	4995.0	6500.0	2
Saturn	Astra	4241.2	1800.0	6995.0	10
Saturn	Aura	5182.644444444444	3900.0	8350.0	45
Saturn	Aura Hybrid Green Line	1600.0	1600.0	1600.0	1
Saturn	ION	3733.9827586206898	1000.0	5999.0	58
Saturn	L-Series	3288.9166666666665	800.0	7250.0	12
Saturn	L300	2913.3333333333335	1750.0	3995.0	3
Saturn	Outlook	5753.535714285715	2900.0	9596.0	28
Saturn	Relay	3743.75	2495.0	5990.0	4
Saturn	S-Series	2746.9411764705883	495.0	6999.0	17
Saturn	Sky	12782.857142857143	6995.0	18412.0	14
Saturn	VUE	4656.870967741936	495.0	8995.0	93
Saturn	VUE Hybrid	5661.333333333333	4995.0	6490.0	3
Scion	FR-S	17700.18181818182	9995.0	45000.0	33
Scion	iA	10751.481481481482	8299.0	12999.0	27
Scion	iM	12688.473684210527	8495.0	14995.0	19
Scion	iQ	7614.8	4999.0	9991.0	15
Scion	tC	8467.196721311475	2973.0	16590.0	122
Scion	xA	4127.7692307692305	2195.0	6919.0	13
Scion	xB	7639.12	2000.0	27554.0	75
Scion	xD	6332.884615384615	3099.0	9500.0	52
Shelby	Cobra	77448.75	41900.0	139000.0	4
Spyker	C8	305500.0	305500.0	305500.0	1
Studebaker	Commander	29900.0	29900.0	29900.0	1
Subaru	Ascent	40514.15704154002	22500.0	48828.0	987
Subaru	B9 Tribeca	6624.538461538462	3000.0	9575.0	26
Subaru	BRZ	23503.52	11995.0	32007.0	50
Subaru	Baja	7836.111111111111	4500.0	10590.0	18
Subaru	Crosstrek	25888.903002309467	10495.0	34577.0	3464
Subaru	Crosstrek Hybrid	36625.58620689655	13988.0	41124.0	116
Subaru	Forester	23420.914600372314	900.0	215000.0	5632
Subaru	Impreza	18462.512871853545	1500.0	208070.0	3496
Subaru	Impreza WRX	13842.509615384615	1800.0	26999.0	104
Subaru	Impreza WRX STI	19997.416666666668	10991.0	34900.0	36
Subaru	Legacy	20974.62663731904	1900.0	38306.0	2245
Subaru	Outback	26058.25144347178	1645.0	42313.0	5369
Subaru	SVX	8461.0	4488.0	12900.0	3
Subaru	Tribeca	9248.466666666667	4999.0	16950.0	45
Subaru	WRX	26741.349900596422	15435.0	39740.0	503
Subaru	WRX STI	34356.41279069767	21816.0	64890.0	172
Subaru	XV Crosstrek	13771.300546448087	7495.0	20299.0	366
Subaru	XV Crosstrek Hybrid	13761.04	10000.0	30945.0	25
Sunbeam	Tiger	49995.0	49995.0	49995.0	1
Suzuki	Aerio	4242.0	3495.0	4977.0	4
Suzuki	Equator	12110.875	6991.0	16900.0	8
Suzuki	Forenza	3235.6	1995.0	3983.0	5
Suzuki	Grand Vitara	6565.95	2499.0	10990.0	20
Suzuki	Kizashi	7226.0	4981.0	9533.0	10
Suzuki	Reno	3875.0	2950.0	4800.0	2
Suzuki	SX4	6288.809523809524	2495.0	10998.0	63
Suzuki	Vitara	3994.0	2495.0	4999.0	3
Suzuki	XL-7	4828.65	1500.0	8500.0	20
Tesla	Model 3	45199.520833333336	36590.0	58039.0	96
Tesla	Model S	48971.31060606061	27995.0	95995.0	132
Tesla	Model X	73836.37837837837	54681.0	149888.0	37
Toyota	4Runner	34384.86407053637	2450.0	55113.0	1361
Toyota	86	26306.5	14995.0	32163.0	28
Toyota	Avalon	27674.271014492755	1200.0	46753.0	690
Toyota	Avalon Hybrid	34998.87328767123	8995.0	46886.0	292
Toyota	C-HR	22345.688378033206	14589.0	111111.0	783
Toyota	Camry	20829.090464224308	1500.0	48536.0	7561
Toyota	Camry Hybrid	27652.39882451721	2200.0	40102.0	1191
Toyota	Camry Solara	6396.21875	1680.0	15989.0	64
Toyota	Celica	5541.5	2450.0	15000.0	10
Toyota	Corolla	16028.577208300638	1500.0	28677.0	5416
Toyota	Corolla Hatchback	23305.895090271642	16060.0	29423.0	283
Toyota	Corolla Hybrid	23979.344549246274	18591.0	25678.0	369
Toyota	Corolla iM	15874.51724137931	11995.0	18519.0	87
Toyota	Corona	20000.0	20000.0	20000.0	1
Toyota	ECHO	3663.5	2490.0	4900.0	10
Toyota	FJ Cruiser	19743.869158878504	8995.0	48000.0	107
Toyota	Hiace	12995.0	12995.0	12995.0	1
Toyota	Highlander	34201.48310517839	2500.0	111111.0	6054
Toyota	Highlander Hybrid	41651.22425474255	4700.0	52827.0	1476
Toyota	Land Cruiser	57377.98611111111	7995.0	89896.0	72
Toyota	MR2	16875.0	14950.0	18800.0	2
Toyota	MR2 Spyder	13676.57142857143	9981.0	19990.0	7
Toyota	Matrix	6429.361344537815	2500.0	10998.0	119
Toyota	Pickup	18116.25	14900.0	19900.0	4
Toyota	Prius	18058.474922774203	1920.0	54950.0	1477
Toyota	Prius Plug-In	11441.15625	6995.0	16495.0	32
Toyota	Prius Prime	28060.022222222222	15999.0	41954.0	945
Toyota	Prius c	12262.5	4990.0	21480.0	96
Toyota	Prius v	13743.618320610687	2990.0	35660.0	131
Toyota	RAV4	23921.02005817781	1995.0	111111.0	8781
Toyota	RAV4 Hybrid	31643.27186147186	13995.0	41936.0	1155
Toyota	RAV4 Prime	42569.818181818184	39544.0	47081.0	11
Toyota	Sequoia	43195.20198675497	2299.0	71693.0	302
Toyota	Sienna	23927.925818882468	995.0	51612.0	2076
Toyota	Supra	54729.46728971963	38995.0	89800.0	214
Toyota	Tacoma	31532.18059815951	4400.0	54711.0	2608
Toyota	Tercel	1995.0	1995.0	1995.0	1
Toyota	Tundra	35042.32686084142	2955.0	59500.0	1236
Toyota	Venza	22185.513793103448	6990.0	47359.0	290
Toyota	Yaris	13912.83661971831	1989.0	19705.0	355
Toyota	Yaris iA	13623.917241379311	10595.0	111111.0	145
Triumph	Spitfire	7900.0	7900.0	7900.0	1
Triumph	TR6	22420.0	18900.0	29900.0	5
Volkswagen	Arteon	39426.74193548387	26000.0	49324.0	248
Volkswagen	Atlas	39737.4038961039	21000.0	53664.0	1540
Volkswagen	Atlas Cross Sport	40622.580384226494	26592.0	59831.0	989
Volkswagen	Beetle	13345.595505617977	1500.0	36900.0	267
Volkswagen	CC	11007.73076923077	4995.0	25999.0	130
Volkswagen	Cabrio	4419.75	1699.0	7995.0	4
Volkswagen	Eos	8689.896551724138	3999.0	16975.0	29
Volkswagen	EuroVan	17373.6	4499.0	42500.0	5
Volkswagen	GLI	7100.0	7100.0	7100.0	1
Volkswagen	GTI	23376.220168067226	3250.0	48770.0	595
Volkswagen	Golf	17565.357723577235	1999.0	28105.0	369
Volkswagen	Golf Alltrack	25332.02027027027	13990.0	37800.0	296
Volkswagen	Golf R	27965.529411764706	14995.0	43900.0	51
Volkswagen	Golf SportWagen	18220.905555555557	7995.0	31539.0	180
Volkswagen	Jetta	17121.26785317019	995.0	37199.0	4495
Volkswagen	Jetta GLI	27330.897435897437	19400.0	32945.0	156
Volkswagen	Jetta Hybrid	9518.125	6950.0	15990.0	8
Volkswagen	Jetta SportWagen	10867.528985507246	3499.0	16995.0	138
Volkswagen	Karmann Ghia	13777.0	13777.0	13777.0	1
Volkswagen	Passat	16841.525862068964	1000.0	33204.0	2436
Volkswagen	Phaeton	13993.666666666666	9999.0	19991.0	3
Volkswagen	R32	12282.8	7988.0	14995.0	10
Volkswagen	Rabbit	4852.676470588235	1500.0	10900.0	34
Volkswagen	Routan	7433.977777777778	2695.0	11288.0	45
Volkswagen	Super Beetle	14495.0	8995.0	19995.0	2
Volkswagen	Tiguan	25520.155248271527	4500.0	41524.0	3182
Volkswagen	Touareg	16747.71052631579	3499.0	33900.0	114
Volkswagen	Touareg 2	7650.75	4900.0	12999.0	12
Volkswagen	Touareg Hybrid	15967.5	13985.0	17950.0	2
Volkswagen	Vanagon	18900.0	18900.0	18900.0	1
Volkswagen	e-Golf	26726.083333333332	8910.0	40190.0	24
Volvo	240	3122.5	1250.0	4995.0	2
Volvo	960	2764.6666666666665	799.0	4000.0	3
Volvo	C30	8538.25	3999.0	12500.0	12
Volvo	C70	9520.206896551725	1399.0	16949.0	29
Volvo	P1800	29900.0	29900.0	29900.0	1
Volvo	S40	5725.857142857143	1500.0	9997.0	42
Volvo	S60	31892.729281767955	1250.0	72795.0	1267
Volvo	S60 R	3699.0	3699.0	3699.0	1
Volvo	S70	4331.666666666667	1950.0	5550.0	3
Volvo	S80	8829.882352941177	1001.0	20583.0	68
Volvo	S90	41714.34899328859	22980.0	79360.0	298
Volvo	V40	5700.0	5700.0	5700.0	1
Volvo	V50	5077.6	3699.0	6495.0	10
Volvo	V60	41040.88948787062	7499.0	56790.0	371
Volvo	V70	5510.933333333333	2490.0	9900.0	15
Volvo	V90	51447.97368421053	32959.0	65920.0	114
Volvo	XC	3721.3333333333335	1799.0	5995.0	3
Volvo	XC40	42146.85106382979	28575.0	50715.0	564
Volvo	XC60	44123.27653631285	6500.0	75885.0	1790
Volvo	XC70	11033.958041958042	349.0	36988.0	143
Volvo	XC90	51401.19797596458	1999.0	91535.0	1581
Willys	Coupe	50000.0	50000.0	50000.0	1
smart	fortwo	9728.364864864865	2595.0	17739.0	74
smart	fortwo electric drive	14175.133333333333	8499.0	21439.0	15
