NULL	NULL	NULL	NULL	NULL	550
 (1) second row	 (1) cargo area|Bright Galvano over LA Grain appliques|Front/rear scuff plates|Grab handles -inc: (1) at passenger seat	NULL	NULL	NULL	1
 13 rotors/4 piston brakes	 always garaged	NULL	NULL	NULL	1
 3.87 ratio|GVWR	 6001 lbs (2722 kg)|E10 Fuel capable|Engine control	NULL	NULL	NULL	1
 8-way power adjustable drivers seat	 Air conditioning with dual zone climate control	NULL	NULL	NULL	1
 825 WATT MERIDIAN PREMIUM SURROUND SOUND	 HD RADIO & SIRIUSXM SATELLITE RADIO	NULL	NULL	NULL	1
 ABS (4-Wheel)	 Alarm System	NULL	NULL	NULL	1
 Audi Q7 2019	 Auto dimming headlights	NULL	NULL	NULL	1
 Blu Ray/Dvd  ** FINANCING WE offer Credit Union Financing and terms up to 96 mo NO PAYMENTS FOR 90 DAYS . OAC through select lenders.  **TRADE-INS ARE WELCOME	  WE ARE AWAY'S LOOKING FOR CLEAN CARS AND TRUCKS  **COMING FROM OUT OF TOWN? We are 30 Miles from Ontario CA International Airport  **OUT OF STATE ? NEED YOUR VEHICLE TRANSPORTED TO YOU? No problem visit our website for a free quote.   Price excludes government fees and taxes	NULL	NULL	NULL	1
 Brake Assist	 Hill Descent Control and Hill Hold Control|Steel Spare Wheel|Full-Size Spare Tire Stored Underbody w/Crankdown|Clearcoat Paint|Body-Colored Rear Step Bumper w/Body-Colored Rub Strip/Fascia Accent|Body-Colored Front Bumper w/Body-Colored Rub Strip/Fascia Accent and 2 Tow Hooks|Black Side Windows Trim and Black Front Windshield Trim|Body-Colored Bodyside Cladding and Body-Colored Fender Flares|Chrome door handles|Body-Colored Power Heated Side Mirrors w/Driver Auto Dimming	NULL	NULL	NULL	2
 Brake Assist	 Hill Descent Control and Hill Hold Control|Tires: P245/60R18 AS BSW|Steel Spare Wheel|Compact Spare Tire Mounted Inside Under Cargo|Clearcoat Paint|Body-Colored Front Bumper w/Black Rub Strip/Fascia Accent and Metal-Look Bumper Insert|Body-Colored Rear Bumper w/Black Rub Strip/Fascia Accent and Metal-Look Bumper Insert|Black Side Windows Trim and Black Front Windshield Trim|Chrome Bodyside Insert	NULL	NULL	NULL	4
 Brake Assist	 Hill Hold Control and Electric Parking Brake|Brake Actuated Limited Slip Differential|Steel Spare Wheel|Compact Spare Tire Mounted Inside Under Cargo|Clearcoat Paint|Body-Colored Front Bumper w/Metal-Look Rub Strip/Fascia Accent|Body-Colored Rear Bumper w/Gray Rub Strip/Fascia Accent and Metal-Look Bumper Insert|Gray Bodyside Cladding and Gray Wheel Well Trim|Chrome Side Windows Trim|Body-Colored Door Handles|Body-Colored Power Heated Side Mirrors w/Convex Spotter	NULL	NULL	NULL	1
 Brake Assist	 Hill Hold Control and Electric Parking Brake|Security System Pre-Wiring|Runflat Tires|Clearcoat Paint|Body-Colored Front Bumper|Body-Colored Rear Bumper|Metal-Look Bodyside Insert and Black Fender Flares|Stainless Steel Side Windows Trim	NULL	NULL	NULL	1
 Brake Assist and Hill Hold Control|Brake Actuated Limited Slip Differential|Steel Spare Wheel|Spare Tire Mounted Inside Under Cargo|Clearcoat Paint|Body-Colored Front Bumper w/Black Rub Strip/Fascia Accent|Body-Colored Rear Bumper w/Black Rub Strip/Fascia Accent|Black Bodyside Cladding|Body-Colored Door Handles|Chrome Side Windows Trim and Black Front Windshield Trim|Body-Colored Power Heated Side Mirrors w/Convex Spotter	 Manual Folding and Turn Signal Indicator|Fixed Rear Window w/Fixed Interval Wiper and Defroster|Deep Tinted Glass|Fully Galvanized Steel Panels|Metal-Look Grille w/Chrome Surround|Liftgate Rear Cargo Access|LED Brakelights|Perimeter/Approach Lights|Streaming Audio|Integrated Roof Antenna|Wireless Phone Connectivity|2 LCD Monitors In The Front|8-Way Driver Seat|8-Way Passenger Seat|60-40 Folding Split-Bench Front Facing Manual Reclining Fold Forward Seatback Premium Cloth Rear Seat|Manual Tilt/Telescoping Steering Column|Leather/Metal-Look Steering Wheel|Front Cupholder|Rear Cupholder|Compass|Keypad|Cruise Control w/Steering Wheel Controls|HVAC -inc: Underseat Ducts and Console Ducts|Dual Zone Front Automatic Air Conditioning|Illuminated Locking Glove Box|Driver foot rest|Interior Trim -inc: Metal-Look Instrument Panel Insert	NULL	NULL	NULL	1
 Brake Assist and Hill Hold Control|Tires: 235/65R16C AS BSW|Wheels w/Silver Accents|Steel Spare Wheel|Full-Size Spare Tire Stored Underbody w/Crankdown|Clearcoat Paint|Black front bumper|Black Rear Step Bumper w/1 Tow Hook|Black Bodyside Cladding and Black Wheel Well Trim|Black Side Windows Trim and Black Front Windshield Trim|Black Door Handles|Black Side Mirrors w/Convex Spotter and Manual Folding|Light Tinted Glass|Fully Galvanized Steel Panels|Black grille|Split Swing-Out Rear Passenger Side Door|Split Swing-Out Rear Cargo Access|Aero-Composite Halogen Headlamps|Radio w/Seek-Scan|Fixed Antenna|4 Front Speakers -inc: No rear speakers|1 LCD Monitor In The Front|4-Way Driver Seat|4-Way Passenger Seat|Manual Tilt/Telescoping Steering Column|Gauges -inc: Speedometer	 Odometer	NULL	NULL	NULL	1
 Clock	 Speed Compensated Volume Control	NULL	NULL	NULL	1
 DOHC with Variable Valve Timing (VVT) (310 hp [231.1 kW] @ 6600 rpm	 271 lb-ft of torque @ 5000 rpm [365.9 N-m]) (Available on TND26 FWD model. Standard on TNL26 AWD model.)|Axle	NULL	NULL	NULL	3
 Front Full Feature Leather Appointed Bucket * Heated seats * Power driver and front passenger seat adjusters * 2-position driver memory * Floor console * Wireless charging * Navigation With 	 Am/Fm/Siriusxm	NULL	NULL	NULL	1
 Hill Hold Control and Electric Parking Brake|Regular Box Style|Steel Spare Wheel|Clearcoat Paint|Aluminum Panels|Tailgate Rear Cargo Access|Cargo Lamp w/High Mount Stop Light|Fixed Antenna|Front Cupholder|Rear Cupholder|Compass|Glove Box|Full Cloth Headliner|3 12V DC Power Outlets|Fade-To-Off Interior Lighting|Pickup Cargo Box Lights|Outside Temp Gauge|Analog Display|Securilock Anti-Theft Ignition (pats) Engine Immobilizer|Side Impact Beams|Dual Stage Driver And Passenger Seat-Mounted Side Airbags|Tire Specific Low Tire Pressure Warning|Dual Stage Driver And Passenger Front Airbags|Airbag Occupancy Sensor|Safety Canopy System Curtain 1st And 2nd Row Airbags|Rear child safety locks	5000.0	395.0	395.0	395.0	1
 MD. 	3600.0	290.0	290.0	290.0	1
 Manual Folding and Turn Signal Indicator|Fixed Rear Window w/Defroster|Light Tinted Glass|Speed Sensitive Rain Detecting Variable Intermittent Wipers|Fully Galvanized Steel Panels|Chrome grille|Wing Spoiler|Trunk Rear Cargo Access|Perimeter/Approach Lights|LED Brakelights|Front Fog Lamps|Radio w/Seek-Scan	 Clock	NULL	NULL	NULL	1
 Power Door Locks	 Traction Control	NULL	NULL	NULL	1
 SD	 MT	NULL	NULL	NULL	2
 a cassette deck for all of the thrift store hounds. Additional features include ABS brakes	 air conditioning	NULL	NULL	NULL	1
 and any emission testing charge. Prices are subject to change. While every reasonable effort is made to ensure the accuracy of this information	 we are not responsible for any errors or omissions contained on these pages. Please verify any information in question with Platinum Auto Group[!@@Additional Info@@!]Engine: AMG-Enhanced 3.0L Inline-6 Turbo -inc: EQ boost technology|Engine Auto Stop-Start Feature|Full-Time All-Wheel|3.06 axle ratio|100-Amp/Hr 850CCA Maintenance-Free Battery|Hybrid Electric Motor|Front And Rear Anti-Roll Bars|4-Corner Auto-Leveling Suspension|Automatic w/Driver Control Height Adjustable Automatic w/Driver Control Ride Control Sport Tuned Adaptive Suspension|Electric Power-Assist Speed-Sensing Steering|21.1 Gal. Fuel Tank|Dual Stainless Steel Exhaust w/Chrome Tailpipe Finisher|Lithium Ion Traction Battery|Clearcoat Paint|Body-Colored Front Bumper|Body-Colored Rear Bumper w/Chrome Bumper Insert|Rocker Panel Extensions|Chrome door handles|Black Side Windows Trim and Black Front Windshield Trim|Body-Colored Power Heated Side Mirrors w/Driver Auto Dimming	NULL	NULL	NULL	1
 any dealer document preparation charge	 and any emission testing charge. Prices are subject to change. While every reasonable effort is made to ensure the accuracy of this information	NULL	NULL	NULL	1
 any finance charges	 any dealer document preparation charge	NULL	NULL	NULL	1
 back-up camera	 tow mirrors and factory brake controller	NULL	NULL	NULL	1
 battery	 alternator	NULL	NULL	NULL	1
 brand new alternator installed.  Hardtop convertible works perfectly.  Clean Car fax everything works.	NULL	NULL	NULL	NULL	1
 family and neighbors. Come join the Fairmont Ford Family today![!@@Additional Info@@!]4.0L DOHC EFI 24-valve V6 VVT-i engine|4-wheel drive|5450# Gvwr|Front skid plate|Independent coil-spring double-wishbone front suspension w/gas-filled shock absorbers|Rear leaf-spring suspension w/staggered outboard-mounted gas shock absorbers|Front stabilizer bar|P245/75R16 mud & snow tires|Full-size spare tire|Variable-assist pwr rack & pinion steering|Pwr ventilated front disc/rear drum w/tandem booster brakes|Electronic braking distribution (EBD)|Front/rear mudguards|Black grille w/argent surround|Black bumpers/door handles/overfenders|Black pwr mirrors|2-speed windshield wipers|Fiber-reinforced sheet-molded composite bed-inc: steel outer panels	 storage compartments	NULL	NULL	NULL	1
 including remote start and aluminum Enkei wheels. Come see this beauty for yourself and take a test drive!	3600.0	283.0	283.0	283.0	1
 oil) have been changed	 tires rotated and balanced. Won’t need another big service for another 100k miles	4000.0	4000.0	4000.0	1
 remote trunk opening (base model has centralized lock unlock	 electric windows but no remote lock/ unlock) clean title	NULL	NULL	NULL	1
 temp	 voltmeters|Color-keyed center instrumentation console|Upper dash mounted map/glove box (2009)|Pwr windows|Engine immobilizer|Defroster-linked air conditioning|Rear window defogger w/intelligent timer|Digital clock|(4) door-mounted map pockets|Dual sun visors w/driver-side vanity mirror|(4) assist handles|Key cylinder light|Map lamps|Remote hood release (2009)|4-wheel anti-lock brake system (ABS) w/electronic brake-force distribution (EBD)	NULL	NULL	NULL	1
 the interior shows very little wear.  The car runs	 drives	NULL	NULL	NULL	1
 we are not responsible for any errors or omissions contained on these pages. Please verify any information in question with Platinum Auto Group[!@@Additional Info@@!]Engine	 6.2L (376 ci) V8 DI	NULL	NULL	NULL	1
 we are not responsible for any errors or omissions contained on these pages. Please verify any information in question with Platinum Auto Group[!@@Additional Info@@!]Engine: 3.5L Atkinson-Cycle V6 -inc: VVT-iW wider intake and VVT-i exhaust|GVWR: 5	600 lbs|Electronic Transfer Case|Part-Time Four-Wheel Drive|Engine oil cooler|Battery w/Run Down Protection|130 amp alternator|Class IV Towing Equipment -inc: Hitch and Trailer Sway Control|Trailer Wiring Harness|1 Skid Plate|Front Anti-Roll Bar|Hydraulic Power-Assist Speed-Sensing Steering|21.1 Gal. Fuel Tank|Single Stainless Steel Exhaust|Auto Locking Hubs|Front Disc/Rear Drum Brakes w/4-Wheel ABS	NULL	NULL	NULL	1
 we are not responsible for any errors or omissions contained on these pages. Please verify any information in question with Platinum Auto Group[!@@Additional Info@@!]Engine: 3.5L Atkinson-Cycle V6 -inc: VVT-iW wider intake and VVT-i exhaust|Transmission: 6-Speed Automatic -inc: electronically controlled w/intelligence|GVWR: 5	600 lbs|Rear-Wheel Drive|Battery w/Run Down Protection|1 Skid Plate|1540# Maximum Payload|Gas-Pressurized Shock Absorbers|Front Anti-Roll Bar|Hydraulic Power-Assist Speed-Sensing Steering|21.1 Gal. Fuel Tank|Single Stainless Steel Exhaust|Double Wishbone Front Suspension w/Coil Springs|Leaf Rear Suspension w/Leaf Springs|Brake Actuated Limited Slip Differential|Regular Composite Box Style|Steel Spare Wheel|Full-Size Spare Tire Stored Underbody w/Crankdown|Body-Colored Front Bumper w/1 Tow Hook|Black Side Windows Trim	NULL	NULL	NULL	1
 we are not responsible for any errors or omissions contained on these pages. Please verify any information in question with Platinum Auto Group[!@@Additional Info@@!]Engine: 3.5L V6 DOHC 24 Valve -inc: VVT-iW intake and VVT-i exhaust|Front-wheel drive|2.56 axle ratio|Battery w/Run Down Protection|Gas-Pressurized Shock Absorbers|Front And Rear Anti-Roll Bars|Electric Power-Assist Speed-Sensing Steering|16 Gal. Fuel Tank|Quasi-Dual Stainless Steel Exhaust w/Chrome Tailpipe Finisher|Strut Front Suspension w/Coil Springs|Double Wishbone Rear Suspension w/Coil Springs|4-Wheel Disc Brakes w/4-Wheel ABS	 Front Vented Discs	NULL	NULL	NULL	1
 we are not responsible for any errors or omissions contained on these pages. Please verify any information in question with Platinum Auto Group[!@@Additional Info@@!]Engine: 3.6L V6 24V VVT|3.21 Rear Axle Ratio|Normal duty suspension|GVWR: 5	400 lbs|50 State Emissions|Manual Transfer Case|Part-Time Four-Wheel Drive|Engine oil cooler|600CCA Maintenance-Free Battery|160 Amp Alternator|Towing Equipment -inc: Trailer Sway Control|2 Skid Plates|1000# Maximum Payload|Front And Rear Anti-Roll Bars|Gas-Pressurized Shock Absorbers|Hydraulic Power-Assist Steering|22.5 Gal. Fuel Tank|Single Stainless Steel Exhaust|Auto Locking Hubs|Leading Link Front Suspension w/Coil Springs|Trailing Arm Rear Suspension w/Coil Springs|4-Wheel Disc Brakes w/4-Wheel ABS	NULL	NULL	NULL	2
 we are not responsible for any errors or omissions contained on these pages. Please verify any information in question with Platinum Auto Group[!@@Additional Info@@!]Engine: 3.6L V6 24V VVT|3.73 rear axle ratio|Performance suspension|GVWR: 5	400 lbs|50 State Emissions|Manual Transfer Case|Part-Time Four-Wheel Drive|Engine oil cooler|600CCA Maintenance-Free Battery|160 Amp Alternator|Towing Equipment -inc: Trailer Sway Control|1000# Maximum Payload|Front And Rear Anti-Roll Bars|Gas-Pressurized Shock Absorbers|Hydraulic Power-Assist Steering|22.5 Gal. Fuel Tank|Single Stainless Steel Exhaust|Auto Locking Hubs|Leading Link Front Suspension w/Coil Springs|Trailing Arm Rear Suspension w/Coil Springs|4-Wheel Disc Brakes w/4-Wheel ABS	NULL	NULL	NULL	1
 we are not responsible for any errors or omissions contained on these pages. Please verify any information in question with Platinum Auto Group[!@@Additional Info@@!]Engine: 3.6L V6 24V VVT|50 State Emissions|Rear-Wheel Drive|3.07 Axle Ratio|Engine oil cooler|80-Amp/Hr 730CCA Maintenance-Free Battery w/Run Down Protection|160 Amp Alternator|Gas-Pressurized Shock Absorbers|Front And Rear Anti-Roll Bars|Touring suspension|18.5 Gal. Fuel Tank|Dual Stainless Steel Exhaust w/Chrome Tailpipe Finisher|Short And Long Arm Front Suspension w/Coil Springs|Multi-Link Rear Suspension w/Coil Springs|Rhombi 2-Pc Wheel Center Cap|Spare Tire Mobility Kit|Clearcoat Paint|Body-Colored Front Bumper|Body-Colored Rear Bumper|Black Side Windows Trim|Body-Colored Door Handles|Fixed Rear Window w/Defroster|Light Tinted Glass|Galvanized Steel/Aluminum Panels|Black Grille w/Chrome Accents|Trunk Rear Cargo Access|Fully Automatic Projector Beam Halogen Daytime Running Headlamps w/Delay-Off|Perimeter/Approach Lights|LED Brakelights|Front Fog Lamps|Goodyear Brand Tires|Radio w/Seek-Scan	 Clock	NULL	NULL	NULL	1
 we are not responsible for any errors or omissions contained on these pages. Please verify any information in question with Platinum Auto Group[!@@Additional Info@@!]Engine: 4.0L DOHC V6|Transmission: 5-Speed Automatic w/OD|3.357 Axle Ratio|Electronic Transfer Case|Part-Time Four-Wheel Drive|550CCA Maintenance-Free Battery w/Run Down Protection|130 amp alternator|3 Skid Plates|Front Anti-Roll Bar|Bilstein Brand Name Shock Absorbers|Hydraulic Power-Assist Speed-Sensing Steering|21.1 Gal. Fuel Tank|Single Stainless Steel Exhaust|Auto Locking Hubs|Double Wishbone Front Suspension w/Coil Springs|Leaf Rear Suspension w/Leaf Springs|4-Wheel Disc Brakes w/4-Wheel ABS	 Front And Rear Vented Discs|Wheels: 16 Off-Road Design Machine-Finish Alloy -inc: Alcoa|Tires: P265/75R16 All-Terrain OWL|Regular Box Style|Spray-In Bed Liner|Steel Spare Wheel|Full-Size Spare Tire Stored Underbody w/Crankdown|Clearcoat Paint w/Decal|Body-Colored Rear Step Bumper|Body-Colored Front Bumper w/Colored Rub Strip/Fascia Accent and 1 Tow Hook|Black Door Handles|Black Side Windows Trim and Black Front Windshield Trim|Deep Tinted Glass|Variable Intermittent Wipers|Fully Galvanized Steel Panels|Metal-Look Grille|Splash Guards|Tailgate Rear Cargo Access|Cargo Lamp w/High Mount Stop Light|Front Fog Lamps|Fully Automatic Aero-Composite Halogen Headlamps w/Delay-Off|Fixed Antenna|Digital Signal Processor|4-Way Passenger Seat -inc: Manual Recline and Fore/Aft Movement|60-40 Folding Split-Bench Front Facing Fold-Up Cushion Rear Seat|Manual tilt steering column|Leather/Metal-Look Steering Wheel|Front Cupholder|Rear Cupholder|Compass|Cruise Control w/Steering Wheel Controls|HVAC -inc: Underseat Ducts|Dual Zone Front Automatic Air Conditioning|Illuminated Locking Glove Box|Driver foot rest|Full Cloth Headliner|Interior Trim -inc: Metal-Look Instrument Panel Insert and Chrome/Metal-Look Interior Accents|Leather Gear Shifter Material|Driver And Passenger Visor Vanity Mirrors w/Driver And Passenger Auxiliary Mirror|Day-Night Auto-Dimming Rearview Mirror|Full Floor Console w/Covered Storage	NULL	NULL	NULL	1
 we are not responsible for any errors or omissions contained on these pages. Please verify any information in question with Platinum Auto Group[!@@Additional Info@@!]Engine: 5.2L Ti-VCT V8 -inc: flat plane crank|50-State Emissions|Transmission w/Oil Cooler|Rear-Wheel Drive|3.73 Axle Ratio|Engine oil cooler|Block Heater|Battery w/Run Down Protection|Front And Rear Anti-Roll Bars|MagneRide Magnetic Fluid-Filled Shock Absorbers|Automatic w/Driver Control Ride Control Sport Tuned Suspension|Electric Power-Assist Speed-Sensing Steering|16 Gal. Fuel Tank|Dual Stainless Steel Exhaust w/Polished Tailpipe Finisher|Strut Front Suspension w/Coil Springs|Multi-Link Rear Suspension w/Coil Springs|4-Wheel Disc Brakes w/4-Wheel ABS	 Front And Rear Vented Discs	NULL	NULL	NULL	1
 we are not responsible for any errors or omissions contained on these pages. Please verify any information in question with Platinum Auto Group[!@@Additional Info@@!]Engine: 5.7L V8 HEMI MDS VVT|50 State Emissions|Rear-Wheel Drive|2.62 Axle Ratio|730CCA Maintenance-Free Battery w/Run Down Protection|180 Amp Alternator|Gas-Pressurized Shock Absorbers|Front And Rear Anti-Roll Bars|Sport Tuned Suspension|Electric Power-Assist Steering|18.5 Gal. Fuel Tank|Dual Stainless Steel Exhaust w/Chrome Tailpipe Finisher|Short And Long Arm Front Suspension w/Coil Springs|Multi-Link Rear Suspension w/Coil Springs|Rhombi 2-Pc Wheel Center Cap|Spare Tire Mobility Kit|Clearcoat Paint|Body-Colored Rear Bumper|Body-Colored Front Bumper w/Black Rub Strip/Fascia Accent|Black Side Windows Trim|Body-Colored Door Handles|Body Color Exterior Mirrors|Fixed Rear Window w/Defroster|Light Tinted Glass|Galvanized Steel/Aluminum Panels|Black grille|Trunk Rear Cargo Access|Fully Automatic Projector Beam Halogen Daytime Running Headlamps w/Delay-Off|Perimeter/Approach Lights|LED Brakelights|Laminated Glass|Streaming Audio|Window Grid Antenna|276w Regular Amplifier|Digital Signal Processor|Uconnect w/Bluetooth Wireless Phone Connectivity|2 LCD Monitors In The Front|Driver Seat|4-Way Passenger Seat -inc: Manual Recline and Fore/Aft Movement|60-40 Folding Bench Front Facing Fold Forward Seatback Rear Seat|Voice Recorder|Mobile Hotspot Internet Access|Leather/Metal-Look Steering Wheel|Illuminated Front Cupholder|Compass|Valet Function|Power Fuel Flap Locking Type|Remote Releases -Inc: Power Cargo Access and Power Fuel|HomeLink Garage Door Transmitter|Cruise Control w/Steering Wheel Controls|HVAC -inc: Underseat Ducts and Console Ducts|Dual Zone Front Automatic Air Conditioning|Illuminated Locking Glove Box|Driver foot rest|Interior Trim -inc: Aluminum Instrument Panel Insert	 Aluminum Console Insert and Chrome Interior Accents|Full Cloth Headliner|Vinyl Door Trim Insert|Leather Gear Shifter Material|Driver And Passenger Visor Vanity Mirrors w/Driver And Passenger Illumination	NULL	NULL	NULL	1
 we are not responsible for any errors or omissions contained on these pages. Please verify any information in question with Platinum Auto Group[!@@Additional Info@@!]Engine: M TwinPower Turbo V8 32V 4.4L|3.154 Axle Ratio|GVWR: 6	505 lbs|Engine Auto Stop-Start Feature|Full-Time All-Wheel|105-Amp/Hr Maintenance-Free Battery|Regenerative 210 Amp Alternator|1170# Maximum Payload|Rear Auto-Leveling Suspension|Front And Rear Active Anti-Roll Bars|Automatic w/Driver Control Ride Control Sport Tuned Adaptive Suspension|Electric Power-Assist Speed-Sensing Steering|22.4 Gal. Fuel Tank|Dual Stainless Steel Exhaust w/Chrome Tailpipe Finisher|Permanent Locking Hubs|Regenerative 4-Wheel Disc Brakes w/4-Wheel ABS	NULL	NULL	NULL	1
 we are not responsible for any errors or omissions contained on these pages. Please verify any information in question with Platinum Auto Group[!@@Additional Info@@!]Rear axle	 4.10 ratio (Requires (L96) Vortec 6.0L V8 SFI engine or (LC8) 6.0L V8 SFI Gaseous CNG/LPG capable engine.)|Pickup box|GVWR	NULL	NULL	NULL	1
 we are not responsible for any errors or omissions contained on these pages. Please verify any information in question with Platinum Auto Group[!@@Additional Info@@!]Rear-Wheel Drive|70-Amp/Hr 610CCA Maintenance-Free Battery w/Run Down Protection|200 Amp Alternator|Towing Equipment -inc: Trailer Sway Control|Gas-Pressurized Shock Absorbers|Front Anti-Roll Bar|Electric Power-Assist Speed-Sensing Steering|23 Gal. Fuel Tank|Double Wishbone Front Suspension w/Coil Springs|Leaf Rear Suspension w/Leaf Springs|Regular Box Style|Steel Spare Wheel|Clearcoat Paint|Aluminum Panels|Tailgate Rear Cargo Access|Cargo Lamp w/High Mount Stop Light|Fixed Antenna|Front Cupholder|Rear Cupholder|Glove Box|Full Cloth Headliner|3 12V DC Power Outlets|Fade-To-Off Interior Lighting|Pickup Cargo Box Lights|Outside Temp Gauge|Analog Display|Securilock Anti-Theft Ignition (pats) Engine Immobilizer|Side Impact Beams|Dual Stage Driver And Passenger Seat-Mounted Side Airbags|Tire Specific Low Tire Pressure Warning|Dual Stage Driver And Passenger Front Airbags|Airbag Occupancy Sensor|Safety Canopy System Curtain 1st And 2nd Row Airbags|Rear child safety locks	5000.0	385.0	385.0	385.0	1
11500.0	1999	NULL	NULL	NULL	1
13550.0	2017	NULL	NULL	NULL	1
14500.0	1999	NULL	NULL	NULL	1
14900.0	1990	NULL	NULL	NULL	1
15500.0	2007	NULL	NULL	NULL	1
15950.0	2010	NULL	NULL	NULL	1
16000.0	2001	NULL	NULL	NULL	1
17800.0	2013	NULL	NULL	NULL	1
19500.0	2013	NULL	NULL	NULL	1
19750.0	2013	NULL	NULL	NULL	1
22000.0	2015	NULL	NULL	NULL	1
229000.0	2017	NULL	NULL	NULL	1
26000.0	2005	NULL	NULL	NULL	1
26759.0	2016	NULL	NULL	NULL	1
302.0	Mercedes-Benz	NULL	NULL	NULL	1
31995.0	2015	NULL	NULL	NULL	1
32398.0	2016	NULL	NULL	NULL	1
33000.0	2019	NULL	NULL	NULL	1
3600.0	1997	NULL	NULL	NULL	1
385.0	Ford	NULL	NULL	NULL	1
38500.0	2018	NULL	NULL	NULL	1
45995.0	2014	NULL	NULL	NULL	1
48000.0	2013	NULL	NULL	NULL	1
4885.0	2010	NULL	NULL	NULL	1
5000.0	1998	NULL	NULL	NULL	1
5000.0	2002	NULL	NULL	NULL	1
5500.0	2006	NULL	NULL	NULL	1
6500.0	2010	NULL	NULL	NULL	1
6600.0	2011	NULL	NULL	NULL	1
7000.0	2012	NULL	NULL	NULL	1
7250.0	2010	NULL	NULL	NULL	1
80000.0	2016	NULL	NULL	NULL	1
8025.0	2014	NULL	NULL	NULL	1
9000.0	2015	NULL	NULL	NULL	1
AM General	Hummer	76829.15789473684	42933.0	139900.0	19
AM General	Humvee	31998.0	31998.0	31998.0	1
AM General	M151A2	13995.0	13995.0	13995.0	1
AMC	AMX	36472.5	28500.0	49990.0	4
AMC	Ambassador	25900.0	25900.0	25900.0	1
AMC	Concord	13999.0	13999.0	13999.0	1
AMC	Javelin	32815.0	25000.0	37995.0	3
AMC	Rambler American	17141.14285714286	9999.0	25999.0	7
AMC	Rambler Classic	4000.0	4000.0	4000.0	1
Acura	CL	3531.1666666666665	650.0	6000.0	30
Acura	ILX	24080.50389321468	6995.0	39305.0	2697
Acura	ILX Hybrid	12319.8	8398.0	17999.0	20
Acura	Integra	9659.25	2695.0	47900.0	8
Acura	Legend	8972.25	4995.0	15999.0	4
Acura	MDX	39861.98924064253	1600.0	63745.0	11944
Acura	MDX Hybrid Sport	53653.7972972973	28941.0	62170.0	222
Acura	NSX	124859.875	39950.0	198795.0	56
Acura	RDX	34484.469543449755	4495.0	50520.0	8389
Acura	RL	6822.714285714285	250.0	15454.0	140
Acura	RLX	37268.82352941176	9200.0	56345.0	289
Acura	RLX Hybrid Sport	57924.03676470588	17499.0	63794.0	136
Acura	RSX	6250.967741935484	2200.0	19000.0	62
Acura	SLX	2999.0	2999.0	2999.0	1
Acura	TL	9934.039741463497	484.0	161462.0	1160
Acura	TLX	30136.47191371209	10995.0	259881.0	4682
Acura	TSX	9964.688259109313	999.0	22798.0	741
Acura	Vigor	6500.0	6500.0	6500.0	1
Acura	ZDX	15336.785714285714	11034.0	23685.0	21
Alfa Romeo	164	10126.0	7495.0	12888.0	3
Alfa Romeo	1900	169900.0	169900.0	169900.0	1
Alfa Romeo	4C	59848.6	41995.0	97579.0	25
Alfa Romeo	8C Competizione	301947.5	249995.0	353900.0	2
Alfa Romeo	GTV	45000.0	45000.0	45000.0	1
Alfa Romeo	Giulia	38484.75253456221	17984.0	95235.0	2170
Alfa Romeo	Giulietta	74831.66666666667	69500.0	79995.0	3
Alfa Romeo	Spider	13286.0	2900.0	22000.0	35
Alfa Romeo	Stelvio	41402.38408144378	21997.0	105735.0	2161
Allard	J2X	65977.0	65977.0	65977.0	1
Ariel	Atom	52500.0	52500.0	52500.0	1
Aston Martin	DB11	218687.04571428572	96764.0	335781.0	175
Aston Martin	DB7	35325.26666666667	17900.0	67750.0	15
Aston Martin	DB9	68133.40909090909	28900.0	134900.0	44
Aston Martin	DBS	301638.0535714286	86991.0	404436.0	56
Aston Martin	Lagonda	70000.0	70000.0	70000.0	1
Aston Martin	Rapide	90815.6	32999.0	264230.0	25
Aston Martin	V12 Vanquish	74870.625	57885.0	92290.0	8
Aston Martin	V12 Vantage	140686.7	72998.0	188163.0	10
Aston Martin	V8 Vantage	59762.05	29900.0	239900.0	60
Aston Martin	Vanquish	190049.26530612246	94555.0	919776.0	49
Aston Martin	Vantage	176825.24183006535	109995.0	228752.0	153
Aston Martin	Virage	78696.25	69900.0	89995.0	4
Aston Martin	Volante	429000.0	429000.0	429000.0	1
Audi	A3	26800.22532619605	2100.0	48145.0	2989
Audi	A3 Sportback	22914.817021276594	15424.0	31497.0	235
Audi	A4	27139.19687001595	995.0	55285.0	5016
Audi	A4 Allroad	34851.90404040404	9995.0	60244.0	396
Audi	A4 Avant	9134.045045045044	1995.0	19995.0	111
Audi	A5	29570.843534057254	6499.0	64700.0	1013
Audi	A5 Sportback	42891.764196342636	17950.0	58490.0	1039
Audi	A6	39268.70995460441	495.0	79775.0	3084
Audi	A6 Allroad	73364.81081081081	61800.0	86075.0	148
Audi	A7	45763.15532544379	13995.0	92425.0	676
Audi	A8	63182.77518557794	3395.0	500000.0	943
Audi	A8 Hybrid Plug-In	105802.24590163934	89273.0	119820.0	61
Audi	Allroad	6478.3	2999.0	12000.0	20
Audi	Cabriolet	6195.25	3488.0	12998.0	4
Audi	Q3	33544.07440890125	8950.0	49345.0	2876
Audi	Q5	36196.27641369047	6000.0	58144.0	6720
Audi	Q5 Hybrid	17743.363636363636	14310.0	24000.0	11
Audi	Q5 Hybrid Plug-in	59744.06976744186	45893.0	67845.0	688
Audi	Q7	45237.50578831312	4495.0	93690.0	3628
Audi	Q8	76909.00454029512	50988.0	102195.0	881
Audi	R8	157051.82142857142	49999.0	252050.0	448
Audi	RS 3	60808.82113821138	47211.0	68840.0	123
Audi	RS 4	29282.5	14495.0	43500.0	8
Audi	RS 5	63353.343434343435	23488.0	101045.0	99
Audi	RS 5 Sportback	80551.73333333334	66750.0	98700.0	45
Audi	RS 6	17569.545454545456	11800.0	24899.0	11
Audi	RS 7	67101.4109589041	41000.0	139981.0	73
Audi	RS Q8	134680.5	128190.0	139090.0	10
Audi	S3	40955.92378752887	11995.0	59200.0	433
Audi	S4	40268.45190839695	3200.0	68940.0	655
Audi	S4 Avant	14170.818181818182	10990.0	19975.0	11
Audi	S5	36231.043209876545	6950.0	75240.0	486
Audi	S5 Sportback	48656.608695652176	34481.0	71975.0	253
Audi	S6	55283.706666666665	7750.0	95815.0	375
Audi	S7	62888.57432432433	23684.0	108925.0	148
Audi	S8	99675.42654028436	2495.0	164845.0	211
Audi	SQ5	52901.73508353222	16995.0	72160.0	838
Audi	SQ7	94929.44169611308	85586.0	107390.0	283
Audi	SQ8	101632.78947368421	90222.0	115385.0	57
Audi	TT	22750.20695970696	2500.0	57160.0	273
Audi	TT RS	71148.44444444444	36826.0	82680.0	27
Audi	TTS	39210.21428571428	14941.0	63569.0	98
Audi	V8	7988.0	7988.0	7988.0	1
Audi	e-tron	76171.40371229699	51900.0	89820.0	862
Austin	Princess	16495.0	16495.0	16495.0	1
Austin-Healey	3000	69698.75	59900.0	89900.0	4
Austin-Healey	Sprite	18400.0	14900.0	21900.0	2
BMW	1 Series	11876.293680297398	5995.0	37990.0	269
BMW	1M	64252.0	47966.0	74990.0	3
BMW	2 Series	39847.58221993833	10495.0	59835.0	1946
BMW	2002	39647.9	18000.0	59990.0	5
BMW	3 Series	28453.993351619178	700.0	132988.0	13095
BMW	3 Series Gran Turismo	25518.32113821138	11990.0	44985.0	246
BMW	3.0CSi	49995.0	49995.0	49995.0	1
BMW	4 Series	32839.97870036101	11499.0	299991.0	2770
BMW	5 Series	36393.34811543724	595.0	101015.0	8039
BMW	5 Series Gran Turismo	21689.5	8499.0	35991.0	120
BMW	6 Series	32448.13716814159	2500.0	91825.0	678
BMW	6 Series Gran Turismo	47175.35	34901.0	64991.0	40
BMW	7 Series	58529.634129651335	500.0	1750000.0	2506
BMW	8 Series	101948.66771653543	9995.0	134445.0	635
BMW	ActiveHybrid 3	14347.875	9940.0	22944.0	8
BMW	ActiveHybrid 5	15593.4	11995.0	18995.0	5
BMW	ActiveHybrid 7	17622.571428571428	11900.0	24888.0	7
BMW	Isetta	33247.5	29500.0	36995.0	2
BMW	M2	57525.10928961749	36998.0	79900.0	183
BMW	M3	39812.312737642584	6500.0	149990.0	526
BMW	M4	63275.52631578947	30999.0	299900.0	532
BMW	M5	80845.8431372549	9995.0	149435.0	408
BMW	M6	46422.99029126213	13995.0	128888.0	206
BMW	M8	150954.10746812387	107800.0	181050.0	549
BMW	X1	31587.80435359703	7950.0	53895.0	3767
BMW	X2	40508.295454545456	23888.0	55880.0	1760
BMW	X3	40040.16131897413	2495.0	69720.0	9007
BMW	X3 M	78085.96941896025	44365.0	87945.0	327
BMW	X4	47687.81618655693	16995.0	72820.0	729
BMW	X4 M	80015.21428571429	67500.0	90595.0	98
BMW	X5	48191.73444553437	1595.0	126295.0	8944
BMW	X5 M	80592.00363636363	16499.0	126095.0	275
BMW	X6	54459.40919811321	11900.0	127295.0	848
BMW	X6 M	82394.02926829268	17995.0	130875.0	205
BMW	X7	84777.65627165628	58997.0	119425.0	1443
BMW	Z3	9496.125	3495.0	21900.0	80
BMW	Z3 M	28721.85714285714	9888.0	79995.0	28
BMW	Z4	32735.013043478262	4995.0	71015.0	460
BMW	Z4 M	30638.571428571428	16000.0	56990.0	14
BMW	Z8	207314.6	149800.0	273988.0	10
BMW	i3	23134.31993934799	9950.0	60295.0	1319
BMW	i8	88401.25490196078	48995.0	173095.0	102
Bentley	3.5 Litre	79000.0	79000.0	79000.0	1
Bentley	Arnage	38288.293103448275	23995.0	79999.0	29
Bentley	Azure	69925.9	42880.0	93900.0	10
Bentley	Bentayga	156367.42361111112	114999.0	235995.0	144
Bentley	Bentayga Hybrid	206378.16666666666	188260.0	226695.0	6
Bentley	Brooklands	77545.0	32750.0	109997.0	3
Bentley	Brooklands R	34900.0	34900.0	34900.0	1
Bentley	Continental Flying Spur	46796.602739726026	23900.0	74999.0	73
Bentley	Continental GT	127110.304	27999.0	331585.0	250
Bentley	Continental GTC	103752.7149122807	43899.0	189888.0	228
Bentley	Continental R	94437.5	34995.0	174900.0	6
Bentley	Continental Supersports	134034.43333333332	65995.0	229888.0	30
Bentley	Eight	15138.5	10500.0	19777.0	2
Bentley	Flying Spur	124425.52631578948	67998.0	301505.0	133
Bentley	Mulsanne	183217.62711864407	18995.0	423065.0	59
Bentley	S1	29950.0	29950.0	29950.0	1
Bentley	S2	220950.0	220950.0	220950.0	1
Bentley	Turbo R	23270.6	16500.0	29995.0	5
Bricklin	SV-1	19900.0	19900.0	19900.0	1
Bugatti	Veyron	1099998.0	955000.0	1244996.0	2
Buick	Cascada	23575.95918367347	15106.0	37385.0	196
Buick	Century	3545.735632183908	165.0	17500.0	174
Buick	Electra	12423.0	1500.0	19995.0	8
Buick	Enclave	33555.11822729515	1950.0	84500.0	14193
Buick	Encore	20069.717187452687	6000.0	36224.0	16512
Buick	Encore GX	26076.91482666479	15737.0	39045.0	14221
Buick	Envision	31366.455129700058	9500.0	51130.0	12194
Buick	Gran Sport	38535.0	20980.0	54900.0	5
Buick	LaCrosse	15616.271358543418	999.0	44450.0	2856
Buick	LeSabre	4201.055248618784	495.0	29400.0	362
Buick	Lucerne	6712.061583577713	700.0	19900.0	682
Buick	Park Avenue	4070.223880597015	762.0	9999.0	67
Buick	Rainier	5239.375	2900.0	9995.0	64
Buick	Reatta	7419.363636363636	2900.0	12995.0	11
Buick	Regal	14605.986851716581	698.0	42900.0	1369
Buick	Regal Sportback	24843.802752293577	13988.0	45079.0	218
Buick	Regal TourX	28837.904109589042	19985.0	41816.0	146
Buick	Rendezvous	4302.456647398844	484.0	8995.0	173
Buick	Riviera	16186.125	2250.0	63995.0	40
Buick	Roadmaster	14033.833333333334	1980.0	69995.0	30
Buick	Skylark	22854.70588235294	1295.0	69900.0	17
Buick	Somerset	2900.0	2900.0	2900.0	1
Buick	Special	22476.071428571428	4000.0	56990.0	14
Buick	Super	32722.25	19995.0	79950.0	8
Buick	Terraza	4798.35294117647	900.0	10495.0	34
Buick	Verano	12164.42857142857	4500.0	29520.0	1190
Buick	Wildcat	16890.0	16890.0	16890.0	1
C-Class	32500.0	2012.0	2012.0	2012.0	1
Cadillac	ATS	20552.924365942028	7900.0	46775.0	2208
Cadillac	ATS Coupe	25106.150170648463	11500.0	41753.0	293
Cadillac	ATS-V	42594.828571428574	32888.0	63900.0	35
Cadillac	ATS-V Coupe	44955.46153846154	32000.0	67975.0	26
Cadillac	Allante	9044.975	999.0	21900.0	40
Cadillac	Brougham	10138.0	3995.0	23900.0	12
Cadillac	CT4	42979.840456738406	31340.0	57130.0	1574
Cadillac	CT5	47165.68871261503	31285.0	67870.0	3260
Cadillac	CT6	42451.990305996034	13995.0	101875.0	1009
Cadillac	CT6 Hybrid Plug-In 	35370.8125	26990.0	50000.0	16
Cadillac	CT6-V	92155.0	77489.0	100800.0	41
Cadillac	CTS	21878.20046849653	999.0	76810.0	2774
Cadillac	CTS Coupe	15227.182857142858	8899.0	26975.0	175
Cadillac	CTS Sport Wagon	13445.39705882353	8494.0	19999.0	34
Cadillac	CTS-V	46264.9	12990.0	103860.0	90
Cadillac	CTS-V Coupe	38103.63461538462	26995.0	59950.0	52
Cadillac	CTS-V Wagon	55048.5	43985.0	65977.0	10
Cadillac	Catera	3866.0	3475.0	3999.0	4
Cadillac	DTS	8301.277904328019	1200.0	29990.0	439
Cadillac	DeVille	7288.19877675841	700.0	100000.0	327
Cadillac	ELR	21449.925925925927	13995.0	35000.0	27
Cadillac	Eldorado	19919.64285714286	1995.0	205000.0	112
Cadillac	Escalade	58425.81390673771	2000.0	114090.0	5126
Cadillac	Escalade ESV	63247.136230794924	4224.0	115000.0	2994
Cadillac	Escalade EXT	17653.021374117943	1650.0	48900.0	124
Cadillac	Escalade Hybrid	18771.848484848484	11995.0	30885.0	33
Cadillac	Fleetwood	13812.736842105263	2990.0	35000.0	38
Cadillac	LaSalle	28970.0	28970.0	28970.0	1
Cadillac	SRX	15808.658460336068	484.0	31888.0	2559
Cadillac	STS	6981.713483146067	1587.0	16990.0	178
Cadillac	STS-V	12680.0	10995.0	13750.0	3
Cadillac	Series 61	89900.0	89900.0	89900.0	1
Cadillac	Series 62	53081.6	3599.0	119995.0	15
Cadillac	Series 75	24900.0	24900.0	24900.0	1
Cadillac	Seville	5259.733333333334	750.0	13995.0	60
Cadillac	Sixty Special	49900.0	49900.0	49900.0	1
Cadillac	XLR	22077.868852459018	11650.0	77402.0	61
Cadillac	XLR-V	51295.5	31988.0	79995.0	6
Cadillac	XT4	43773.60993494296	27787.0	57815.0	4974
Cadillac	XT5	41915.88509639617	15990.0	73085.0	11160
Cadillac	XT6	59560.737066632966	44798.0	76650.0	5255
Cadillac	XTS	25298.775732446084	7995.0	75000.0	2017
Chevrolet	150	72576.0	34495.0	195900.0	5
Chevrolet	210	44379.0	13950.0	129895.0	26
Chevrolet	3100	43736.86666666667	6950.0	195900.0	30
Chevrolet	3200	22495.0	22495.0	22495.0	1
Chevrolet	3600	28062.2	11526.0	50895.0	5
Chevrolet	AK Series	39988.0	39988.0	39988.0	1
Chevrolet	Apache	31768.88888888889	9000.0	64950.0	9
Chevrolet	Astro	5300.975	1990.0	10294.0	40
Chevrolet	Astro Cargo	6838.791666666667	1990.0	12995.0	24
Chevrolet	Avalanche	13615.13619402985	999.0	55249.0	1072
Chevrolet	Aveo	4401.041009463723	995.0	12883.0	317
Chevrolet	Bel Air	54698.02702702703	8900.0	238900.0	111
Chevrolet	Beretta	4136.666666666667	560.0	7950.0	3
Chevrolet	Biscayne	39753.89473684211	9999.0	105495.0	19
Chevrolet	Blazer	35859.23905632555	495.0	492300.0	10755
Chevrolet	Bolt EV	28907.252227562334	13976.0	46100.0	5665
Chevrolet	C/K 10	25373.907563025212	2999.0	139900.0	119
Chevrolet	C/K 1500	8649.281407035176	500.0	42995.0	199
Chevrolet	C/K 20	18451.466666666667	3995.0	37999.0	15
Chevrolet	C/K 2500	7535.413043478261	2900.0	29900.0	46
Chevrolet	C/K 30	14211.25	9900.0	18950.0	4
Chevrolet	C/K 3500	8565.40350877193	3499.0	29500.0	57
Chevrolet	Camaro	30467.13418622623	350.0	250000.0	9887
Chevrolet	Cameo Carrier	65895.0	65895.0	65895.0	1
Chevrolet	Caprice	13273.732142857143	1200.0	50995.0	56
Chevrolet	Captiva Sport	8993.881773399014	2625.0	23995.0	609
Chevrolet	Cavalier	2709.6339869281046	484.0	6995.0	153
Chevrolet	Celebrity	3395.0	3395.0	3395.0	1
Chevrolet	Chevelle	57263.853146853144	10900.0	279400.0	143
Chevrolet	Chevette	7500.0	7500.0	7500.0	1
Chevrolet	Chevy Van	24499.333333333332	2450.0	69900.0	9
Chevrolet	City Express	12979.559210526315	6970.0	26065.0	152
Chevrolet	Classic	3178.4363636363637	500.0	5990.0	55
Chevrolet	Cobalt	4494.260025873221	495.0	11595.0	773
Chevrolet	Colorado	30165.567790958365	1484.0	56970.0	12552
Chevrolet	Confederate	29250.0	29250.0	29250.0	1
Chevrolet	Corsica	1856.0	1774.0	1999.0	3
Chevrolet	Corvair	11984.538461538461	1995.0	27950.0	13
Chevrolet	Corvette	41321.607536044125	1800.0	294900.0	3986
Chevrolet	Cruze	12815.319728449962	1750.0	988512.0	14694
Chevrolet	Cruze Limited	10681.495166381967	4995.0	15977.0	933
Chevrolet	Delray	32197.5	31900.0	32495.0	2
Chevrolet	Deluxe	8500.0	8500.0	8500.0	1
Chevrolet	El Camino	23177.675675675677	3499.0	55995.0	74
Chevrolet	Equinox	23005.976012926312	800.0	50000.0	63341
Chevrolet	Express	23363.060294739513	1700.0	67995.0	3695
Chevrolet	Express Cargo	24062.03972027972	1900.0	75000.0	3575
Chevrolet	Express Chassis	39496.631921824104	28848.0	47220.0	307
Chevrolet	Fleetline	30995.0	30995.0	30995.0	1
Chevrolet	Fleetmaster	6500.0	6500.0	6500.0	1
Chevrolet	HHR	5322.837593984962	950.0	14895.0	665
Chevrolet	Impala	18335.75905083459	650.0	2250000.0	10399
Chevrolet	Impala Limited	9886.920405209841	2999.0	25900.0	691
Chevrolet	Lumina	5580.041666666667	495.0	68118.0	24
Chevrolet	Lumina Minivan	1997.5	1200.0	2795.0	2
Chevrolet	Malibu	18138.210597896843	498.0	49500.0	30004
Chevrolet	Malibu Hybrid	16415.351648351647	4693.0	30880.0	182
Chevrolet	Malibu Maxx	4076.1134020618556	999.0	8599.0	97
Chevrolet	Master	34472.25	21995.0	49999.0	4
Chevrolet	Master Deluxe	24126.285714285714	16500.0	38895.0	7
Chevrolet	Master Eagle	30239.0	23495.0	36983.0	2
Chevrolet	Metro	1991.5	1000.0	2983.0	2
Chevrolet	Monte Carlo	7567.551020408163	650.0	31995.0	245
Chevrolet	Nomad	95361.25	67995.0	137500.0	8
Chevrolet	Nova	40261.790322580644	4850.0	189995.0	62
Chevrolet	Panel Truck	19995.0	19995.0	19995.0	1
Chevrolet	Prizm	3144.722222222222	1195.0	4495.0	18
Chevrolet	R/V 10	20509.6	9995.0	39995.0	5
Chevrolet	R/V 20	19900.0	19900.0	19900.0	1
Chevrolet	R/V 30	37730.5	26961.0	48500.0	2
Chevrolet	R/V 3500	10997.0	4999.0	16995.0	2
Chevrolet	S-10	5349.649769585253	484.0	27995.0	217
Chevrolet	S-10 Blazer	29995.0	29995.0	29995.0	1
Chevrolet	SS	38097.27450980392	30857.0	50999.0	51
Chevrolet	SSR	24507.568493150684	6950.0	42995.0	146
Chevrolet	Silverado 1500	38429.906384972375	900.0	153248.0	73221
Chevrolet	Silverado 1500HD	9661.317460317461	1950.0	17500.0	63
Chevrolet	Silverado 2500	9487.933333333332	2999.0	15995.0	30
Chevrolet	Silverado 2500HD	42859.32298497398	2800.0	114999.0	11504
Chevrolet	Silverado 3500	15701.323170731708	4995.0	56995.0	164
Chevrolet	Silverado 3500 Chassis	13925.0	7900.0	19950.0	2
Chevrolet	Silverado 3500HD	50812.471671880434	5995.0	119950.0	2877
Chevrolet	Silverado 3500HD Chassis	51731.04189435337	13196.0	124992.0	1098
Chevrolet	Silverado Classic 1500	9305.185185185184	2750.0	16988.0	189
Chevrolet	Silverado Classic 1500HD	13433.625	6995.0	18919.0	8
Chevrolet	Silverado Classic 2500HD	16612.654205607476	3900.0	39900.0	107
Chevrolet	Silverado Classic 3500	17400.722222222223	4995.0	35000.0	36
Chevrolet	Silverado Hybrid	14813.413793103447	8975.0	27995.0	29
Chevrolet	Silverado SS	13525.888888888889	5700.0	23987.0	18
Chevrolet	Sonic	12939.166681487417	984.0	24164.0	3646
Chevrolet	Spark	13620.724424207843	3490.0	21970.0	6661
Chevrolet	Spark EV	9028.558823529413	5897.0	12777.0	68
Chevrolet	Special Deluxe	35947.5	29900.0	41995.0	2
Chevrolet	Sportvan	2589.0	500.0	3500.0	5
Chevrolet	Sprint	17600.0	17600.0	17600.0	1
Chevrolet	Standard	10995.0	10995.0	10995.0	1
Chevrolet	Styleline Deluxe	23496.666666666668	21500.0	26995.0	3
Chevrolet	Stylemaster	24900.0	24900.0	24900.0	1
Chevrolet	Suburban	44284.566326134605	650.0	93885.0	10166
Chevrolet	Superior	29995.0	29995.0	29995.0	1
Chevrolet	Tahoe	48556.44705267426	484.0	88220.0	19655
Chevrolet	Tahoe Hybrid	12663.088235294117	7875.0	23755.0	34
Chevrolet	Tracker	4765.224137931034	1900.0	8900.0	58
Chevrolet	Trailblazer	20463.290652614876	484.0	33049.0	3890
Chevrolet	Trailblazer EXT	4670.0205128205125	484.0	8999.0	195
Chevrolet	Traverse	30859.439739116486	1900.0	59015.0	26887
Chevrolet	Trax	20141.968005269824	4499.0	147777.0	37608
Chevrolet	Uplander	4840.464516129032	495.0	29950.0	155
Chevrolet	Venture	3896.426470588235	484.0	14950.0	68
Chevrolet	Volt	16323.17848082248	5099.0	1199500.0	2054
Chrysler	200	10598.933167003375	2695.0	109995.0	3666
Chrysler	300	23068.9552958121	1500.0	475000.0	9026
Chrysler	300M	3700.366666666667	1650.0	5604.0	30
Chrysler	Aspen	7434.685714285714	2000.0	14700.0	105
Chrysler	Cirrus	3346.1428571428573	1795.0	4998.0	7
Chrysler	Concorde	4138.75	1900.0	10995.0	24
Chrysler	Conquest	11026.5	6058.0	15995.0	2
Chrysler	Cordoba	4999.0	4999.0	4999.0	1
Chrysler	Crossfire	9610.444444444445	3690.0	19995.0	126
Chrysler	Crossfire SRT-6	16575.5625	10250.0	28990.0	16
Chrysler	Imperial	28055.666666666668	3977.0	57977.0	6
Chrysler	LHS	3291.9	1500.0	3999.0	10
Chrysler	Le Baron	5054.2	1300.0	12250.0	15
Chrysler	New Yorker	5756.636363636364	1785.0	12900.0	11
Chrysler	Newport	12498.666666666666	6999.0	16997.0	3
Chrysler	PT Cruiser	4054.7577548005906	300.0	9995.0	677
Chrysler	Pacifica	31410.66106146315	495.0	72769.0	14433
Chrysler	Pacifica Hybrid	43447.492647058825	25350.0	59498.0	1632
Chrysler	Prowler	35708.7	27900.0	49995.0	10
Chrysler	Royal	29495.0	24995.0	33995.0	2
Chrysler	Saratoga	24900.0	24900.0	24900.0	1
Chrysler	Sebring	4530.34765625	499.0	13995.0	512
Chrysler	TC	7879.692307692308	3100.0	11779.0	13
Chrysler	Town & Country	9977.032283734032	299.0	109900.0	4834
Chrysler	Voyager	28424.407617504054	1495.0	35725.0	1234
Chrysler	Windsor	29995.0	29995.0	29995.0	1
Clenet	Series III Asha	49900.0	49900.0	49900.0	1
Corvette	12000.0	1996.0	1996.0	1996.0	1
Daewoo	Lanos	1155.0	1155.0	1155.0	1
Daewoo	Leganza	6005.0	3000.0	9010.0	2
Datsun	2000	40995.0	40995.0	40995.0	1
Datsun	210	6500.0	6500.0	6500.0	1
Datsun	240Z	75000.0	75000.0	75000.0	1
Datsun	280Z	30136.8	11995.0	55900.0	5
Datsun	280ZX	15044.07142857143	4911.0	21900.0	14
Datsun	510	29500.0	10000.0	49000.0	2
DeLorean	DMC-12	49898.0	49896.0	49900.0	2
DeSoto	Firedome	5900.0	5900.0	5900.0	1
DeTomaso	Pantera	177347.5	89495.0	249900.0	4
Dodge	400	10000.0	10000.0	10000.0	1
Dodge	600	9799.0	3599.0	15999.0	2
Dodge	Aries	4900.0	4900.0	4900.0	1
Dodge	Avenger	7042.441914498141	895.0	20330.0	1076
Dodge	Caliber	5272.203094777563	984.0	11995.0	517
Dodge	Caravan	3329.5714285714284	484.0	9950.0	112
Dodge	Challenger	33639.33148514851	7950.0	169995.0	12625
Dodge	Charger	29577.841038203565	1900.0	299921.0	17318
Dodge	Colt	1899.0	1899.0	1899.0	1
Dodge	Coronet	41134.76190476191	3995.0	93997.0	21
Dodge	D-Series	25247.5	23500.0	26995.0	2
Dodge	Dakota	7142.2148648648645	725.0	29997.0	740
Dodge	Dart	9508.207979339833	2597.0	58500.0	1955
Dodge	Diplomat	7998.0	4995.0	10500.0	3
Dodge	Durango	32186.127655480013	484.0	83185.0	12797
Dodge	Durango Hybrid	4600.0	4600.0	4600.0	1
Dodge	Grand Caravan	18562.63355131728	389.0	1599500.0	21454
Dodge	Intrepid	3103.6296296296296	500.0	4998.0	27
Dodge	Journey	19147.22799977392	900.0	89999.0	17693
Dodge	Luxury Liner	9950.0	9950.0	9950.0	1
Dodge	Magnum	6918.831325301205	999.0	23995.0	83
Dodge	Monaco	14999.0	14999.0	14999.0	1
Dodge	Neon	3063.710144927536	484.0	6495.0	69
Dodge	Neon SRT-4	12870.0	4995.0	24990.0	4
Dodge	Nitro	7487.652719665272	1500.0	12990.0	478
Dodge	Omni	13900.0	13900.0	13900.0	1
Dodge	Polara	23897.571428571428	8900.0	35000.0	7
Dodge	Power Wagon	16747.5	13500.0	19995.0	2
Dodge	RAM 100	14995.0	14995.0	14995.0	1
Dodge	RAM 150	8796.888888888889	2500.0	18900.0	9
Dodge	RAM 1500	10512.88876146789	484.0	54900.0	2180
Dodge	RAM 250	21037.285714285714	9918.0	42900.0	7
Dodge	RAM 2500	16891.284824902723	1498.0	41489.0	1285
Dodge	RAM 350	9995.0	9995.0	9995.0	1
Dodge	RAM 3500	20487.02004008016	5100.0	59950.0	499
Dodge	RAM 3500 Chassis 	20202.125	14744.0	34995.0	24
Dodge	RAM 4500 Chassis 	22177.11111111111	13985.0	32800.0	9
Dodge	RAM 50 Pickup	15648.333333333334	6495.0	27500.0	3
Dodge	RAM Van	6849.571428571428	1999.0	16900.0	35
Dodge	RAM Wagon	6237.25	1900.0	12900.0	16
Dodge	Ramcharger	18513.7	9999.0	34995.0	10
Dodge	Rampage	5474.5	5449.0	5500.0	2
Dodge	Shadow	795.0	795.0	795.0	1
Dodge	Spirit	4890.0	4890.0	4890.0	1
Dodge	Sprinter Cargo	14997.620689655172	4390.0	55900.0	58
Dodge	Sprinter Passenger	13546.7	8995.0	28000.0	10
Dodge	Stealth	14532.78947368421	3500.0	47000.0	19
Dodge	Stratus	3328.032967032967	484.0	10000.0	91
Dodge	Super Bee	56560.0	43900.0	69900.0	5
Dodge	Viper	71423.62962962964	32000.0	249999.0	108
Dodge	Wayfarer	15439.0	11990.0	18888.0	2
Eagle	Talon	13544.5	12990.0	14099.0	2
Edsel	Ranger	5997.0	5997.0	5997.0	1
FIAT	1100	17900.0	17900.0	17900.0	1
FIAT	124 Spider	25557.602272727272	5600.0	39305.0	352
FIAT	500	8615.370614035088	2495.0	27880.0	912
FIAT	500L	14253.940568475453	3595.0	28450.0	387
FIAT	500X	20901.791914387635	5995.0	36200.0	841
FIAT	500e	8451.42426325999	5475.0	16996.0	441
Ferrari	250 GT	1390000.0	1390000.0	1390000.0	1
Ferrari	250 GTO	825000.0	825000.0	825000.0	1
Ferrari	308	121314.91666666667	48990.0	695000.0	12
Ferrari	328	113214.05882352941	50000.0	248900.0	17
Ferrari	348	65297.5	55991.0	91900.0	6
Ferrari	360	121064.82608695653	64500.0	369900.0	23
Ferrari	360 Spider	92603.75	62998.0	178680.0	36
Ferrari	365	279900.0	259900.0	299900.0	2
Ferrari	365 GTB/4	634900.0	634900.0	634900.0	1
Ferrari	365 GTC/4	394925.0	289900.0	499950.0	2
Ferrari	400i	79885.0	79885.0	79885.0	1
Ferrari	430 Scuderia	251035.0	108988.0	429000.0	22
Ferrari	456	61999.0	61999.0	61999.0	1
Ferrari	456M	74264.33333333333	54991.0	99995.0	6
Ferrari	458 Italia	224549.44615384616	118900.0	699950.0	130
Ferrari	488	297418.23626373627	109500.0	539900.0	182
Ferrari	512 BBi	279925.0	229950.0	329900.0	2
Ferrari	512TR	218970.25	169888.0	252999.0	4
Ferrari	550	222056.58333333334	115000.0	389000.0	12
Ferrari	575M	124117.3	87995.0	399000.0	20
Ferrari	599 GTB Fiorano	259140.39130434784	88995.0	1390000.0	46
Ferrari	612 Scaglietti	105483.26666666666	79999.0	209900.0	15
Ferrari	812 Superfast	368530.07692307694	299800.0	529997.0	52
Ferrari	California	100847.12195121951	69998.0	159999.0	82
Ferrari	California T	154576.19047619047	105495.0	339900.0	63
Ferrari	Dino 246	379900.0	379900.0	379900.0	1
Ferrari	Enzo	3247497.5	3195000.0	3299995.0	2
Ferrari	F12 Berlinetta	292405.07692307694	182990.0	1095000.0	52
Ferrari	F12tdf	985900.0	985900.0	985900.0	1
Ferrari	F355	87555.3	59750.0	150000.0	20
Ferrari	F430	112591.78125	79800.0	168900.0	32
Ferrari	F430 Spider	128292.17391304347	85991.0	269900.0	46
Ferrari	F8 Tributo	346565.0	329800.0	369900.0	3
Ferrari	FF	132666.5	99885.0	164900.0	20
Ferrari	GTC4Lusso	266326.36666666664	162900.0	439736.0	30
Ferrari	GTC4Lusso T	221734.94594594595	184900.0	339413.0	37
Ferrari	LaFerrari	2744425.0	2738900.0	2749950.0	2
Ferrari	Mondial	46066.666666666664	31900.0	59400.0	3
Ferrari	Portofino	228865.84210526315	195000.0	289665.0	38
Ferrari	Superamerica	326198.1818181818	224895.0	475000.0	11
Ferrari	Testarossa	130716.63157894737	89990.0	200000.0	19
Fisker	Karma	39386.653846153844	22000.0	89500.0	26
Ford	Aerostar	3159.3333333333335	1988.0	4495.0	3
Ford	Aspire	2747.5	1500.0	3995.0	2
Ford	Bronco	48852.5625	2000.0	218900.0	96
Ford	Bronco II	9757.0	6871.0	12900.0	3
Ford	Bronco Sport	36464.294117647056	33028.0	38140.0	17
Ford	C-Max Energi	13973.146143437078	4999.0	19998.0	739
Ford	C-Max Hybrid	12636.075187969926	4990.0	29160.0	931
Ford	Classic Pickup	33118.75	25995.0	40495.0	4
Ford	Contour	2857.8	1000.0	4995.0	10
Ford	Cortina	28950.0	28950.0	28950.0	1
Ford	Country Squire	42661.666666666664	22995.0	69995.0	3
Ford	Coupe	54625.36363636364	11495.0	128900.0	33
Ford	Courier	15997.5	7495.0	24500.0	2
Ford	Crestline	24470.0	16895.0	28495.0	4
Ford	Crown Victoria	6401.776850947627	650.0	67050.0	216
Ford	Custom	44802.6875	8900.0	179800.0	16
Ford	Customline	17410.714285714286	10495.0	23995.0	7
Ford	Deluxe	44138.645161290326	7500.0	139995.0	31
Ford	E-Series	11682.707182320442	800.0	44963.0	1991
Ford	E-Series Chassis	39270.788732394365	4800.0	125031.0	284
Ford	EcoSport	22059.395064646265	10995.0	33185.0	16635
Ford	Econoline Cargo	16509.4	4500.0	89910.0	10
Ford	Econoline Pickup	22740.0	12985.0	32495.0	2
Ford	Econoline Wagon	14543.448979591836	4499.0	45000.0	49
Ford	Edge	27477.095716870474	2000.0	2698500.0	29271
Ford	Elite	9900.0	9900.0	9900.0	1
Ford	Escape	21987.300291218267	750.0	164980.0	56904
Ford	Escape Hybrid	31431.657824835525	2495.0	43025.0	2850
Ford	Escape Hybrid Plug-in	36832.26315789474	32680.0	46270.0	19
Ford	Escort	3386.5	600.0	10000.0	36
Ford	Excursion	13849.019841269841	2995.0	84000.0	252
Ford	Expedition	52170.7169502214	484.0	97029.0	21525
Ford	Explorer	36311.81397985215	200.0	68290.0	48996
Ford	Explorer Hybrid	51068.98954703833	36234.0	60665.0	287
Ford	Explorer Sport	3245.769230769231	1500.0	5999.0	26
Ford	Explorer Sport Trac	8875.957983193277	500.0	23998.0	476
Ford	F-1	37905.21428571428	7900.0	89995.0	14
Ford	F-100	30244.8125	2500.0	149900.0	64
Ford	F-150	41195.13082114217	650.0	179999.0	128581
Ford	F-150 Heritage	5721.46875	2500.0	9988.0	32
Ford	F-150 SVT Lightning	23823.3	12977.0	42500.0	30
Ford	F-250	11388.09375	1500.0	40995.0	128
Ford	F-250 Super Duty	45642.022628914354	2000.0	822900.0	17348
Ford	F-350	11910.045454545454	3200.0	40000.0	66
Ford	F-350 Super Duty	49388.88085893411	2950.0	139950.0	8860
Ford	F-350 Super Duty Chassis	42929.72382522671	4599.0	217920.0	2426
Ford	F-450	10298.333333333334	4000.0	13900.0	3
Ford	F-450 Super Duty	47998.2100567721	2795.0	120692.0	1233
Ford	F-450 Super Duty Chassis	51215.02961330307	8990.0	94730.0	179
Ford	F-550 Super Duty	32252.058333333334	4950.0	78800.0	240
Ford	F-550 Super Duty Chassis	55823.068616679404	4495.0	243760.0	1799
Ford	F-600 Super Duty	51895.0	49160.0	52875.0	8
Ford	Fairlane	32188.55172413793	9495.0	209995.0	29
Ford	Falcon	21238.869565217392	1300.0	43000.0	23
Ford	Falcon Futura	18900.0	18900.0	18900.0	1
Ford	Fiesta	10603.767221879498	2195.0	23000.0	4863
Ford	Five Hundred	4255.986486486487	995.0	11900.0	148
Ford	Flex	20703.09345778053	2999.0	49074.0	3910
Ford	Focus	9979.784855661846	350.0	25995.0	10843
Ford	Focus Electric	10974.944444444445	6799.0	20026.0	72
Ford	Focus RS	33736.04	25995.0	41995.0	100
Ford	Focus SVT	4145.6	3290.0	4994.0	5
Ford	Freestar	3786.2450980392155	900.0	7990.0	102
Ford	Freestyle	4362.671328671328	750.0	8988.0	143
Ford	Fusion	19419.47898273372	484.0	999995.0	41650
Ford	Fusion Energi	25540.81005586592	7695.0	40990.0	1969
Ford	Fusion Hybrid	21698.97742543849	3999.0	39180.0	10348
Ford	GT	540679.7619047619	299888.0	1400000.0	21
Ford	Galaxie	38921.25	12495.0	109995.0	8
Ford	Galaxie 500	22409.473684210527	12995.0	39995.0	19
Ford	Granada	2999.0	2999.0	2999.0	1
Ford	LTD	11238.333333333334	2995.0	19950.0	6
Ford	LTD Crown Victoria	5997.25	3995.0	8999.0	4
Ford	Maverick	34630.0	29995.0	38995.0	3
Ford	Model 48	39900.0	39900.0	39900.0	1
Ford	Model 74/78	19995.0	19995.0	19995.0	1
Ford	Model A	28655.116883116883	7995.0	119900.0	77
Ford	Model B	64271.25	27500.0	104995.0	4
Ford	Model T	18521.714285714286	7995.0	40995.0	35
Ford	Mustang	29639.546534582452	449.0	450253.0	17700
Ford	Mustang Mach-E	57946.76470588235	44495.0	59640.0	17
Ford	Mustang SVT Cobra	20341.58227848101	7987.0	62500.0	79
Ford	Mustang Shelby GT350	62317.12037037037	31888.0	134990.0	540
Ford	Mustang Shelby GT500	65257.27475247525	21995.0	199995.0	404
Ford	Pinto	10575.0	4250.0	16900.0	2
Ford	Probe	6499.0	6499.0	6499.0	1
Ford	Ranch Wagon	33495.0	26995.0	39995.0	2
Ford	Ranchero	17349.434782608696	3500.0	51995.0	23
Ford	Ranger	33179.44841385531	849.0	404843.0	14819
Ford	Ranger Chassis	33293.36956521739	22430.0	79995.0	46
Ford	Special Service Hybrid Plug-In 	51612.333333333336	42298.0	64409.0	3
Ford	Super Deluxe	42127.4375	14998.0	99000.0	16
Ford	Taurus	14055.342127226884	484.0	81693.0	4245
Ford	Taurus X	5503.21875	2490.0	8999.0	64
Ford	Thunderbird	19251.468580342957	1100.0	129995.0	472
Ford	Torino	25753.277777777777	4500.0	69997.0	18
Ford	Transit Cargo	35568.649268941386	1900.0	426450.0	6662
Ford	Transit Chassis	39484.933333333334	9995.0	119995.0	360
Ford	Transit Connect	24204.403750599056	2500.0	39540.0	9455
Ford	Transit Connect Electric	57213.0	57213.0	57213.0	3
Ford	Transit Crew	43593.25	28586.0	77095.0	308
Ford	Transit Passenger	32690.382421570775	7000.0	71995.0	3852
Ford	Victoria	33829.666666666664	30995.0	35495.0	3
Ford	Windstar	4011.494117647059	600.0	19995.0	85
Ford	Windstar Cargo	2840.0	2840.0	2840.0	1
Franklin	AT	20000.0	20000.0	20000.0	1
Freightliner	Sprinter	39452.49438202247	8995.0	91999.0	89
GMC	100	21495.0	21495.0	21495.0	1
GMC	Acadia	30099.255548455636	1995.0	425460.0	20722
GMC	C/K 1000 Series	24900.0	24900.0	24900.0	1
GMC	C/K 1500 Series	20240.70588235294	3995.0	59999.0	17
GMC	C/K 2500 Series	17851.81818181818	1995.0	69995.0	11
GMC	C/K 3500 Series	7604.166666666667	1850.0	11995.0	6
GMC	Caballero	9694.666666666666	7995.0	10989.0	3
GMC	Canyon	33009.78130781777	999.0	343336.0	3851
GMC	Envoy	5570.607806113198	500.0	13595.0	474
GMC	Envoy XL	5154.439306358381	1975.0	10995.0	173
GMC	Envoy XUV	5525.862068965517	1000.0	12500.0	29
GMC	Jimmy	9906.59090909091	1595.0	59991.0	44
GMC	R/V 1500 Series	25236.0	12999.0	49000.0	4
GMC	R/V 2500 Series	22000.0	22000.0	22000.0	1
GMC	R/V 3500 Series	4459.0	4459.0	4459.0	1
GMC	Rally Wagon	2985.0	1995.0	3975.0	2
GMC	S-15	4997.5	4995.0	5000.0	2
GMC	S-15 Jimmy	9988.0	9988.0	9988.0	1
GMC	Safari	5123.419354838709	550.0	10900.0	31
GMC	Safari Cargo	7083.125	4995.0	8995.0	8
GMC	Savana	27852.440074906368	2250.0	63257.0	534
GMC	Savana Cargo	26301.079153605016	484.0	67995.0	1276
GMC	Sierra	14391.75	2999.0	29900.0	8
GMC	Sierra 1500	43479.66768837494	984.0	111995.0	26109
GMC	Sierra 1500 Hybrid	14034.166666666666	10995.0	19995.0	6
GMC	Sierra 1500 Limited	38042.40449438202	30000.0	48895.0	89
GMC	Sierra 1500HD	9159.875	2995.0	14999.0	16
GMC	Sierra 2500	7325.0	1995.0	13995.0	33
GMC	Sierra 2500HD	53832.515565679576	2995.0	98000.0	5268
GMC	Sierra 2500HD Classic	17197.78	7777.0	34874.0	50
GMC	Sierra 3500	12946.931034482759	1900.0	24999.0	58
GMC	Sierra 3500HD	61694.99844800828	11000.0	105991.0	1933
GMC	Sierra 3500HD Chassis	49653.93548387097	33895.0	64910.0	310
GMC	Sierra C/K 1500	18427.0	10000.0	26854.0	2
GMC	Sierra C/K 3500	9995.0	9995.0	9995.0	1
GMC	Sierra C3	11390.0	6880.0	15900.0	2
GMC	Sierra Classic 1500	9217.87037037037	995.0	13995.0	54
GMC	Sierra Classic 2500	8995.0	8995.0	8995.0	1
GMC	Sierra Classic 3500	15194.066666666668	8749.0	29995.0	15
GMC	Sonoma	5522.292307692308	750.0	9950.0	65
GMC	Sprint	16197.5	15900.0	16495.0	2
GMC	Suburban	8000.264705882353	1800.0	49900.0	34
GMC	Syclone	29000.0	29000.0	29000.0	1
GMC	Terrain	24775.97769520799	3995.0	99995.0	23547
GMC	Typhoon	22383.0	14775.0	29991.0	2
GMC	Vandura	7672.5	6350.0	8995.0	2
GMC	Yukon	49743.6476547447	1995.0	101645.0	8304
GMC	Yukon Hybrid	14802.486486486487	5500.0	34848.0	37
GMC	Yukon XL	48536.32821396616	1899.0	89850.0	6147
Genesis	G70	43164.8206364513	27290.0	54515.0	2074
Genesis	G80	36346.45297029703	14000.0	429073.0	1212
Genesis	G90	52765.350220264314	25999.0	79924.0	454
Geo	Metro	1995.0	1995.0	1995.0	1
Geo	Prizm	2843.25	988.0	3990.0	4
Geo	Storm	4998.0	4998.0	4998.0	1
Geo	Tracker	3495.0	3495.0	3495.0	1
Hillman	Minx	9495.0	9495.0	9495.0	1
Honda	Accord	21902.247772553354	300.0	89995.0	38084
Honda	Accord Coupe	12970.248005319148	500.0	50000.0	1504
Honda	Accord Crosstour	9698.31736526946	4999.0	16062.0	167
Honda	Accord Hybrid	29064.3061170911	2495.0	38477.0	3809
Honda	Accord Hybrid Plug-In 	13688.25	12796.0	14995.0	4
Honda	CR-V	25074.58233288676	780.0	41924.0	43409
Honda	CR-V Hybrid	33103.99225729601	26073.0	44555.0	3358
Honda	CR-Z	9296.130177514793	2800.0	17998.0	169
Honda	Civic	19052.26014675768	400.0	119988.0	37983
Honda	Civic CRX	6539.0	2588.0	10490.0	2
Honda	Civic Coupe	13440.091997376188	999.0	28999.0	3049
Honda	Civic Hatchback	22828.90984057174	9995.0	212484.0	3638
Honda	Civic Hybrid	6583.4055944055945	1600.0	15998.0	286
Honda	Civic Type R	35825.93529411765	22955.0	53541.0	170
Honda	Civic del Sol	4822.428571428572	3995.0	6999.0	7
Honda	Clarity Fuel Cell	59285.833333333336	58490.0	59445.0	18
Honda	Clarity Hybrid Plug-In 	32964.47556089744	17999.0	38350.0	1248
Honda	Crosstour	13065.608391608392	6800.0	25000.0	286
Honda	Element	7686.422247930404	1995.0	19990.0	436
Honda	Fit	16577.124827586205	1500.0	22999.0	9425
Honda	HR-V	23118.56031850916	8900.0	35970.0	13248
Honda	Insight	25246.75814896499	2000.0	31190.0	3599
Honda	NSX	53489.0	53489.0	53489.0	1
Honda	Odyssey	30451.150317885913	995.0	52995.0	19702
Honda	Passport	38790.15424613894	2499.0	49935.0	4581
Honda	Pilot	33604.483589323965	1200.0	123456.0	22395
Honda	Prelude	6813.75	2000.0	14999.0	20
Honda	Ridgeline	35830.231386477244	3300.0	46640.0	3801
Honda	S2000	24022.344827586207	10900.0	69895.0	58
Hudson	Hornet	49700.0	36900.0	62500.0	2
Hudson	Terraplane	21995.0	21995.0	21995.0	1
Humber	Super Snipe	99895.0	99895.0	99895.0	1
Hummer	H1	64004.22222222222	12900.0	92700.0	18
Hummer	H1 Alpha	178945.0	145880.0	210000.0	5
Hummer	H2	20637.843843843842	7895.0	102888.0	333
Hummer	H2 SUT	27038.25	13990.0	59995.0	92
Hummer	H3	11223.864795918367	5484.0	22995.0	392
Hummer	H3T	22086.03846153846	11999.0	34990.0	26
Hyundai	Accent	12601.356027360653	900.0	21722.0	4853
Hyundai	Azera	13082.245664739885	1999.0	40320.0	346
Hyundai	Elantra	16087.793264729979	495.0	111079.0	26204
Hyundai	Elantra Coupe	8385.040404040405	4595.0	13375.0	99
Hyundai	Elantra GT	17792.688035933035	5400.0	30148.0	2449
Hyundai	Elantra Touring	6600.85625	1999.0	11995.0	160
Hyundai	Entourage	4883.046153846154	2799.0	8499.0	65
Hyundai	Equus	17011.263636363637	6995.0	27922.0	110
Hyundai	Genesis	16113.038372093024	2999.0	29198.0	860
Hyundai	Genesis Coupe	13463.790163934425	4995.0	26995.0	305
Hyundai	Ioniq Electric	33552.10250569476	12988.0	40579.0	439
Hyundai	Ioniq Hybrid	25250.913943860494	8991.0	33918.0	2206
Hyundai	Ioniq Hybrid Plug-In 	29265.95127610209	14899.0	35072.0	431
Hyundai	Kona	24391.34455010973	12766.0	47405.0	13670
Hyundai	Kona Electric	42696.43399339934	24800.0	53590.0	606
Hyundai	Nexo	62613.25	59855.0	63305.0	20
Hyundai	Palisade	44562.85930146148	29945.0	57560.0	4037
Hyundai	Santa Fe	26223.49605643994	1000.0	45115.0	13820
Hyundai	Santa Fe Sport	17214.82361870067	6800.0	40370.0	4941
Hyundai	Santa Fe XL	30060.510638297874	21308.0	44990.0	94
Hyundai	Sonata	20168.35161566915	988.0	39870.0	23216
Hyundai	Sonata Hybrid	19969.346423562412	1984.0	37925.0	1426
Hyundai	Sonata Hybrid Plug-In 	24888.0	12488.0	40270.0	129
Hyundai	Tiburon	4815.87037037037	1599.0	9499.0	54
Hyundai	Tucson	24239.542722251077	1800.0	257500.0	30022
Hyundai	Tucson Fuel Cell	18480.0	18480.0	18480.0	1
Hyundai	Veloster	14739.803304394962	2999.0	32839.0	1816
Hyundai	Veloster N	29189.04663212435	19999.0	31513.0	193
Hyundai	Veloster Turbo	17567.715421303656	5987.0	30768.0	629
Hyundai	Venue	19634.13348563584	13990.0	24871.0	2652
Hyundai	Veracruz	8253.52073732719	3499.0	14997.0	217
Hyundai	XG350	3828.4444444444443	999.0	5995.0	27
INFINITI	EX35	10122.380116959064	4350.0	17950.0	171
INFINITI	EX37	14781.09090909091	10995.0	17988.0	11
INFINITI	FX35	10786.009036144578	3495.0	19995.0	332
INFINITI	FX37	16573.18181818182	12150.0	20995.0	44
INFINITI	FX45	8115.066666666667	3500.0	12250.0	15
INFINITI	FX50	19024.75	12500.0	33914.0	8
INFINITI	G20	3183.5454545454545	1750.0	6480.0	11
INFINITI	G25	9905.987951807228	4877.0	14598.0	83
INFINITI	G35	7438.76	1500.0	14995.0	425
INFINITI	G37	12459.553115423902	3995.0	27995.0	979
INFINITI	I30	3606.576923076923	995.0	7995.0	26
INFINITI	I35	4339.882352941177	1595.0	10000.0	34
INFINITI	IPL G	15656.111111111111	9985.0	19999.0	18
INFINITI	J30	2699.0	700.0	4329.0	4
INFINITI	JX35	14860.926910299004	9490.0	29597.0	301
INFINITI	M30	6449.0	4998.0	7900.0	2
INFINITI	M35	8227.037037037036	2999.0	13998.0	135
INFINITI	M35h	13992.8	11500.0	15995.0	5
INFINITI	M37	14387.632768361582	6000.0	23995.0	177
INFINITI	M45	7380.411764705882	3988.0	11798.0	17
INFINITI	M56	15221.8	9995.0	24467.0	20
INFINITI	Q40	15575.137254901962	10500.0	21195.0	51
INFINITI	Q45	6064.9086359197445	1950.0	13995.0	22
INFINITI	Q50	31008.440863127482	5995.0	61128.0	5538
INFINITI	Q50 Hybrid	21112.256097560974	12000.0	29998.0	82
INFINITI	Q60	36375.048034934494	12000.0	65295.0	1145
INFINITI	Q70	28022.123853211007	12950.0	65035.0	218
INFINITI	Q70 Hybrid	25312.0	21999.0	27987.0	3
INFINITI	Q70L	31691.44600938967	18000.0	56930.0	213
INFINITI	QX30	23212.78185649671	14999.0	44575.0	1330
INFINITI	QX4	4853.205128205128	1900.0	14990.0	39
INFINITI	QX50	36975.06785818076	11498.0	71274.0	3441
INFINITI	QX56	16612.338870431893	2900.0	47995.0	602
INFINITI	QX60	40508.792084605324	9900.0	219998.0	9172
INFINITI	QX60 Hybrid	17566.115384615383	10450.0	28877.0	26
INFINITI	QX70	28001.360613810743	13988.0	56495.0	391
INFINITI	QX80	53413.20042643923	17983.0	93895.0	3283
International Harvester	Scout	30545.5	14788.0	39995.0	4
International Harvester	Travelall	44900.0	44900.0	44900.0	1
Isuzu	Amigo	6321.666666666667	4975.0	9000.0	3
Isuzu	Ascender	4558.315789473684	3400.0	6995.0	19
Isuzu	Axiom	3809.5	2250.0	5395.0	4
Isuzu	Hombre	3237.0	1999.0	4500.0	4
Isuzu	Pickup	2747.5	2500.0	2995.0	2
Isuzu	Rodeo	3841.3125	484.0	7500.0	32
Isuzu	Rodeo Sport	4829.833333333333	3590.0	6995.0	6
Isuzu	Trooper	3791.25	2290.0	5995.0	16
Isuzu	Trooper II	9995.0	9995.0	9995.0	1
Isuzu	i-Series	5740.2	2950.0	8900.0	10
Jaguar	E-PACE	47310.576457645766	28595.0	65375.0	909
Jaguar	E-TYPE	135800.0	89900.0	179900.0	4
Jaguar	F-PACE	50818.01025471386	23786.0	98110.0	3023
Jaguar	F-TYPE	66539.01029055691	21900.0	189999.0	826
Jaguar	I-PACE	75843.96460992517	48600.0	92917.0	568
Jaguar	Mark IX	25900.0	25900.0	25900.0	1
Jaguar	Mark V	199999.0	199999.0	199999.0	1
Jaguar	S-TYPE	6091.859154929577	2371.0	23900.0	71
Jaguar	S-TYPE R	14840.25	7599.0	29995.0	4
Jaguar	X-TYPE	4880.5192307692305	999.0	9900.0	52
Jaguar	XE	35465.05029585799	16500.0	188985.0	1352
Jaguar	XF	33197.17196418379	4995.0	83182.0	876
Jaguar	XF Sportbrake	59180.09523809524	43988.0	80585.0	21
Jaguar	XJ-Series	29718.385560675884	1995.0	101395.0	651
Jaguar	XK-Series	19428.79126213592	3995.0	89995.0	206
Jeep	CJ-5	19657.92	4000.0	36995.0	25
Jeep	CJ-7	17595.03448275862	6900.0	52900.0	29
Jeep	CJ-8	28176.875	12500.0	44990.0	8
Jeep	Cherokee	25048.152605086663	1250.0	49440.0	31703
Jeep	Comanche	5465.0	4500.0	6900.0	3
Jeep	Commander	7446.553299492386	1795.0	88888.0	394
Jeep	Commando	24980.0	24980.0	24980.0	1
Jeep	Compass	23037.031817662843	1252.0	320150.0	23128
Jeep	Gladiator	49027.99171895196	30690.0	496302.0	11605
Jeep	Grand Cherokee	33619.59220752722	550.0	111020.0	45602
Jeep	Grand Wagoneer	37796.333333333336	17995.0	89900.0	15
Jeep	J-20	15900.0	15900.0	15900.0	1
Jeep	Liberty	7588.271347015563	395.0	109820.0	2012
Jeep	Patriot	11953.25181201777	1488.0	22060.0	4277
Jeep	Renegade	21553.83154604886	8587.0	39370.0	17438
Jeep	Wagoneer	25448.75	3000.0	39900.0	4
Jeep	Wrangler	26719.43191742755	3200.0	55830.0	5038
Jeep	Wrangler Unlimited	40230.20259410858	9000.0	199500.0	27147
Jensen	Interceptor	159000.0	159000.0	159000.0	1
Kaiser	Darrin	134450.0	119000.0	149900.0	2
Kaiser	Manhattan	12995.0	12995.0	12995.0	1
Karma	Revero	73779.66666666667	59850.0	87995.0	21
Karma	Revero GT	149125.7894736842	114990.0	156500.0	19
Kia	Amanti	4649.428571428572	1995.0	7999.0	42
Kia	Borrego	6573.804878048781	3250.0	9995.0	41
Kia	Cadenza	23254.17688679245	7800.0	99999.0	848
Kia	Forte	16910.962358320452	1990.0	203905.0	15528
Kia	Forte Koup	9771.445283018867	1500.0	23820.0	265
Kia	Forte5	11984.24060150376	3000.0	19999.0	532
Kia	K5	26565.595229924504	18819.0	99999.0	5828
Kia	K900	41798.5390070922	14798.0	65670.0	141
Kia	Niro	23242.513373860183	12500.0	34985.0	3290
Kia	Niro EV	42119.86029411765	28995.0	47565.0	544
Kia	Niro Hybrid Plug-In	32786.112756264236	18993.0	39143.0	878
Kia	Optima	15703.093935794981	1699.0	99999.0	12005
Kia	Optima Hybrid	13787.26096033403	4995.0	31571.0	479
Kia	Optima Hybrid Plug-In 	19413.503649635037	13800.0	37695.0	137
Kia	Rio	14352.666092284127	500.0	23479.0	5223
Kia	Rio5	14359.18611111111	984.0	21580.0	720
Kia	Rondo	4657.5921052631575	1800.0	8995.0	76
Kia	Sedona	26046.75186284307	484.0	45440.0	5019
Kia	Seltos	24897.438732218616	18047.0	34655.0	4007
Kia	Sephia	2134.1666666666665	700.0	4995.0	6
Kia	Sorento	21799.08937491112	250.0	48690.0	15822
Kia	Soul	16445.921519364758	2550.0	34039.0	19403
Kia	Soul EV	13505.849162011173	8900.0	19990.0	179
Kia	Spectra	4151.912206313189	900.0	8984.0	204
Kia	Sportage	22973.293734542458	490.0	41865.0	18195
Kia	Stinger	38529.58514099783	20995.0	57466.0	922
Kia	Telluride	42645.06362725451	20000.0	65400.0	1996
Koenigsegg	CCXR Trevita	2000000.0	2000000.0	2000000.0	1
Lamborghini	Aventador	358807.2153846154	209995.0	779995.0	65
Lamborghini	Countach	230883.33333333334	96900.0	299900.0	3
Lamborghini	Diablo	278248.3333333333	209995.0	375000.0	3
Lamborghini	Espada	250000.0	250000.0	250000.0	1
Lamborghini	Gallardo	123565.42424242424	77995.0	269000.0	99
Lamborghini	Huracan	218693.79487179487	105000.0	349345.0	117
Lamborghini	Jalpa	108995.0	108995.0	108995.0	1
Lamborghini	Murcielago	183720.85714285713	135990.0	219871.0	14
Lamborghini	Urus	247796.79487179487	219888.0	285000.0	39
Land Rover	Defender	78459.66666666667	19500.0	269950.0	351
Land Rover	Discovery	55117.56738768719	1350.0	89000.0	1202
Land Rover	Discovery Series II	7461.545454545455	1995.0	22990.0	11
Land Rover	Discovery Sport	41489.69914630556	15995.0	75899.0	3397
Land Rover	Freelander	7863.0	3800.0	15998.0	6
Land Rover	LR2	10872.867469879518	3199.0	19990.0	166
Land Rover	LR3	18449.043478260868	2999.0	699900.0	69
Land Rover	LR4	24190.102661596957	8650.0	54900.0	263
Land Rover	Range Rover	69189.38287864534	2295.0	236895.0	2126
Land Rover	Range Rover Evoque	40580.827799898114	12995.0	84399.0	2331
Land Rover	Range Rover Hybrid	104154.65196850394	85488.0	126735.0	635
Land Rover	Range Rover Hybrid Plug-in	107096.5352112676	89988.0	144147.0	71
Land Rover	Range Rover Sport	57655.025755494506	6800.0	160339.0	2912
Land Rover	Range Rover Velar	63396.138245614035	22950.0	109480.0	1425
Land Rover	Series IIA	33447.5	30995.0	35900.0	2
Land Rover	Series III	38362.857142857145	19995.0	80000.0	7
Lexus	CT Hybrid	16665.46091954023	5499.0	27962.0	870
Lexus	ES	44953.880458756066	30788.0	54810.0	2267
Lexus	ES 300	4824.9999504283	984.0	11900.0	197
Lexus	ES 300h	23782.917894736842	10995.0	52320.0	475
Lexus	ES 330	6735.428571428572	2244.0	13488.0	259
Lexus	ES 350	22925.48194801556	3800.0	45964.0	4266
Lexus	ES Hybrid	48589.12917933131	33998.0	434790.0	1316
Lexus	GS	47356.912280701756	38645.0	60324.0	57
Lexus	GS 200t	27152.65625	17688.0	34400.0	32
Lexus	GS 300	7595.35	794.0	14995.0	140
Lexus	GS 350	31571.892804074756	3900.0	61370.0	1530
Lexus	GS 400	5333.8	3990.0	5999.0	5
Lexus	GS 430	7451.526315789473	1500.0	12995.0	19
Lexus	GS 460	9754.142857142857	6995.0	12999.0	7
Lexus	GS F	78041.85714285714	44495.0	92889.0	49
Lexus	GS Hybrid	15313.5	6500.0	39688.0	24
Lexus	GX	44636.22605042017	12967.0	72330.0	2380
Lexus	GX 470	11583.676363636363	5900.0	26995.0	275
Lexus	HS 250h	10231.481481481482	5595.0	15595.0	81
Lexus	IS	31854.910823071197	2995.0	53755.0	2393
Lexus	IS 250	15935.765449492477	3490.0	223900.0	1213
Lexus	IS 350	25079.287390029327	3395.0	41978.0	341
Lexus	LC	91535.96503496503	64915.0	121775.0	143
Lexus	LC Hybrid	76562.22222222222	60245.0	89683.0	9
Lexus	LFA	603249.5	380600.0	1100000.0	6
Lexus	LS	86294.28794642857	67960.0	108305.0	448
Lexus	LS 400	4842.416666666667	1700.0	9999.0	24
Lexus	LS 430	8498.224137931034	2777.0	24990.0	232
Lexus	LS 460	23945.64868603043	5999.0	57798.0	723
Lexus	LS 500	67941.38414634146	49991.0	104862.0	164
Lexus	LS 500h	73155.06666666667	57410.0	108115.0	15
Lexus	LS 600h L	26986.8	12995.0	55950.0	5
Lexus	LS Hybrid	98351.5	87888.0	108815.0	2
Lexus	LX	97509.82741116751	48354.0	104413.0	197
Lexus	LX 450	18844.85714285714	12975.0	29500.0	7
Lexus	LX 470	13619.326530612245	4990.0	25000.0	98
Lexus	LX 570	55028.766784452295	20500.0	101038.0	283
Lexus	NX	40173.357070193284	24998.0	52507.0	1966
Lexus	NX 200t	28050.30975	15999.0	44763.0	2000
Lexus	NX Hybrid	41893.07106598985	21995.0	100000.0	591
Lexus	RC	51296.722044728434	36785.0	59160.0	313
Lexus	RC 200t	30720.04	20799.0	39888.0	125
Lexus	RC 300	32799.41891891892	23900.0	49710.0	74
Lexus	RC 350	33331.8671875	19900.0	54815.0	256
Lexus	RC F	62407.30630630631	35982.0	109950.0	111
Lexus	RX	51542.605121293804	31995.0	66925.0	5194
Lexus	RX 300	5185.2639593908625	1953.0	10900.0	197
Lexus	RX 330	7903.421588594705	3600.0	14000.0	491
Lexus	RX 350	27014.53088235294	4995.0	57769.0	6120
Lexus	RX 400h	8874.532608695652	3900.0	15990.0	184
Lexus	RX Hybrid	45618.48105181748	8495.0	66190.0	1293
Lexus	SC 300	10582.666666666666	3850.0	22910.0	3
Lexus	SC 400	11127.875	6900.0	16887.0	8
Lexus	SC 430	14944.54430379747	5495.0	34998.0	158
Lexus	UX	34314.44207317073	25796.0	40393.0	328
Lexus	UX Hybrid	37822.30543318649	27977.0	50394.0	681
Lincoln	Aviator	68321.18580294802	995.0	91455.0	2578
Lincoln	Blackwood	11645.111111111111	7950.0	15995.0	9
Lincoln	Capri	23752.14285714286	16995.0	38495.0	7
Lincoln	Continental	47307.124845995895	998.0	225000.0	2435
Lincoln	Corsair	45390.09968282737	31994.0	61485.0	4414
Lincoln	LS	5128.375	1999.0	10479.0	64
Lincoln	MKC	24631.060466644758	8200.0	51735.0	3043
Lincoln	MKS	12760.6125	3568.0	29990.0	560
Lincoln	MKT	26131.688029020555	3300.0	63995.0	827
Lincoln	MKX	23800.827053140096	3500.0	60550.0	3105
Lincoln	MKZ	32273.449579831933	1499.0	57755.0	6307
Lincoln	MKZ Hybrid	29318.642915642915	4990.0	50890.0	1221
Lincoln	Mark LT	11921.734693877552	4995.0	23990.0	49
Lincoln	Mark VI	10907.0	7950.0	13688.0	4
Lincoln	Mark VII	11193.0	6995.0	15500.0	5
Lincoln	Mark VIII	6343.0	2650.0	27995.0	12
Lincoln	Nautilus	50421.13128229215	26900.0	69575.0	4258
Lincoln	Navigator	67742.65999712776	995.0	108275.0	3400
Lincoln	Premiere	25495.0	25495.0	25495.0	1
Lincoln	Town Car	7497.108778625954	484.0	42500.0	524
Lincoln	Zephyr	11581.611111111111	999.0	128995.0	36
Lotus	Elan	21816.333333333332	10500.0	29950.0	3
Lotus	Elise	94792.72727272728	30000.0	1250000.0	22
Lotus	Elite	52900.0	5900.0	99900.0	2
Lotus	Esprit	43998.72727272727	32995.0	66900.0	11
Lotus	Evora	101896.74025974025	29977.0	126045.0	77
Lotus	Exige	72943.25	51900.0	84995.0	4
MG	MGA	34471.25	24995.0	44900.0	4
MG	MGB	10337.310344827587	4995.0	16995.0	29
MG	MGB Roadster	10889.666666666666	6500.0	17898.0	6
MG	Midget	11996.666666666666	8995.0	16500.0	3
MG	TC	39950.0	29900.0	50000.0	2
MG	TD	29133.333333333332	14900.0	45000.0	3
MG	TF	40997.5	34500.0	47495.0	2
MINI	Cooper	21310.17683712935	2200.0	47750.0	4654
MINI	Cooper Clubman	24406.371299342107	3595.0	53015.0	1216
MINI	Cooper Coupe	11752.783333333333	5995.0	19990.0	60
MINI	Cooper Paceman	13293.724137931034	6995.0	21995.0	58
MINI	Countryman	26615.6297696803	4995.0	53845.0	2909
MINI	Countryman Hybrid Plug-in 	31892.853658536584	21727.0	48219.0	41
MINI	Roadster	13930.125	7988.0	21000.0	40
MKX	3995.0	2008.0	2008.0	2008.0	1
Maserati	Coupe	22296.444444444445	9995.0	42995.0	18
Maserati	Ghibli	52044.72138652714	11950.0	183729.0	1529
Maserati	GranSport	25037.777777777777	17965.0	37995.0	9
Maserati	GranTurismo	71631.44086021505	26752.0	182712.0	372
Maserati	Levante	77932.42914979756	34895.0	174940.0	988
Maserati	Mexico	117450.0	117450.0	117450.0	1
Maserati	Quattroporte	60999.857142857145	9900.0	141525.0	455
Maserati	Sebring	299000.0	299000.0	299000.0	1
Maserati	Spyder	23947.0	18898.0	29900.0	4
Maybach	57	57400.11111111111	42995.0	69997.0	9
Mazda	626	4963.0	999.0	33385.0	16
Mazda	B-Series	5586.076923076923	1250.0	11995.0	65
Mazda	CX-3	19781.62457002457	10498.0	30045.0	2035
Mazda	CX-30	27136.995327102803	19900.0	300450.0	3424
Mazda	CX-5	27523.84570861995	5999.0	42640.0	26658
Mazda	CX-7	6960.501333333334	3500.0	33915.0	375
Mazda	CX-9	29634.78345959596	3295.0	81400.0	4752
Mazda	MAZDA2	6460.222929936306	2500.0	10997.0	157
Mazda	MAZDA3	17095.618456703152	347.0	35394.0	9227
Mazda	MAZDA5	7276.319543987772	2495.0	22355.0	460
Mazda	MAZDA6	19790.169633507852	999.0	38079.0	4775
Mazda	MAZDASPEED MX-5 Miata	12225.5	10976.0	13475.0	2
Mazda	MAZDASPEED3	10448.09090909091	3595.0	26245.0	88
Mazda	MAZDASPEED6	6953.444444444444	4295.0	10950.0	9
Mazda	MPV	3774.7551020408164	600.0	9500.0	49
Mazda	MX-5 Miata	25683.04966139955	2250.0	39255.0	1329
Mazda	Millenia	3706.25	2650.0	5980.0	4
Mazda	Protege	3301.7837837837837	1400.0	5999.0	37
Mazda	Protege5	4459.875	2295.0	6995.0	8
Mazda	RX-7	16842.333333333332	6995.0	49900.0	15
Mazda	RX-8	8538.761904761905	1000.0	18900.0	63
Mazda	Tribute	4803.098039215686	995.0	27820.0	204
Mazda	Tribute Hybrid	11777.0	11777.0	11777.0	1
McLaren	570GT	148716.26086956522	124975.0	173800.0	23
McLaren	570S	170862.25396825396	129995.0	254392.0	63
McLaren	600LT	259783.02564102566	208996.0	338698.0	39
McLaren	650S	153057.13636363635	127995.0	174450.0	22
McLaren	675LT	238085.3076923077	204995.0	299995.0	13
McLaren	720S	328429.24210526317	222500.0	448900.0	95
McLaren	GT	240533.64	189888.0	268846.0	50
McLaren	MP4-12C	105544.5	82888.0	119999.0	24
McLaren	P1	1549500.0	1349000.0	1750000.0	2
McLaren	Senna	1174593.3333333333	999900.0	1448880.0	3
Mercedes-Benz	190-Class	58662.77777777778	3495.0	299995.0	9
Mercedes-Benz	220	82336.25	9500.0	250000.0	4
Mercedes-Benz	230E	5999.0	5999.0	5999.0	1
Mercedes-Benz	230SL	46900.0	46900.0	46900.0	1
Mercedes-Benz	240	8828.5	2500.0	18995.0	6
Mercedes-Benz	250	58450.0	49900.0	67000.0	2
Mercedes-Benz	280	43961.4	9999.0	114980.0	10
Mercedes-Benz	300-Class	38005.63636363636	1000.0	1400000.0	66
Mercedes-Benz	350-Class	10500.0	10500.0	10500.0	1
Mercedes-Benz	380-Class	12879.65	3900.0	39990.0	60
Mercedes-Benz	400-Class	5419.5	3900.0	7988.0	4
Mercedes-Benz	420-Class	10994.23076923077	999.0	24750.0	13
Mercedes-Benz	450-Class	18083.20588235294	4995.0	62000.0	34
Mercedes-Benz	500-Class	184530.41666666666	2395.0	1995900.0	12
Mercedes-Benz	560-Class	30941.81818181818	6995.0	89900.0	11
Mercedes-Benz	A-Class	39003.857336037865	21950.0	64045.0	1479
Mercedes-Benz	AMG GT	148327.99777448073	66000.0	230010.0	674
Mercedes-Benz	B-Class	17134.322916666668	11850.0	21850.0	96
Mercedes-Benz	C-Class	33417.08183791557	800.0	103570.0	11355
Mercedes-Benz	CL-Class	19162.321969696968	1000.0	55991.0	132
Mercedes-Benz	CLA-Class	32537.569920844326	11995.0	74395.0	2653
Mercedes-Benz	CLK-Class	9619.77972906989	1484.0	149868.0	296
Mercedes-Benz	CLS-Class	53698.41055276382	5999.0	104805.0	995
Mercedes-Benz	E-Class	41885.26676561328	750.0	1399100.0	9334
Mercedes-Benz	G-Class	124070.20826833074	23942.0	1590000.0	641
Mercedes-Benz	GL-Class	20925.265164644716	4500.0	54999.0	1154
Mercedes-Benz	GLA-Class	35658.959907706034	12999.0	68190.0	4990
Mercedes-Benz	GLB-Class	45395.694332887106	36985.0	57870.0	2241
Mercedes-Benz	GLC-Class	45300.74068554396	19995.0	100275.0	6710
Mercedes-Benz	GLE-Class	53948.36285097192	20991.0	153885.0	5093
Mercedes-Benz	GLK-Class	15574.729624838292	5998.0	29995.0	773
Mercedes-Benz	GLS-Class	65452.47661549447	28565.0	147225.0	2801
Mercedes-Benz	M-Class	15573.151514431203	1995.0	106380.0	1479
Mercedes-Benz	Metris	33329.777372262775	14951.0	114900.0	274
Mercedes-Benz	Metris Cargo	33825.7668161435	15986.0	41719.0	892
Mercedes-Benz	R-Class	10079.33695652174	4500.0	33888.0	92
Mercedes-Benz	S-Class	88900.77983019444	1999.0	268295.0	4651
Mercedes-Benz	S-Class Coupe	93482.77207977208	48895.0	252900.0	351
Mercedes-Benz	SL-Class	64313.050135501355	1500.0	309900.0	1845
Mercedes-Benz	SLC-Class	56979.07614213198	25990.0	80715.0	788
Mercedes-Benz	SLK-Class	16147.332061068702	2222.0	49991.0	262
Mercedes-Benz	SLR McLaren	337604.5882352941	199900.0	859000.0	17
Mercedes-Benz	SLS-Class	198395.64102564103	114888.0	499900.0	39
Mercedes-Benz	Sprinter	54365.08468176915	8995.0	219651.0	3708
Mercedes-Benz	Sprinter Cargo	46818.25084175084	5999.0	199999.0	594
Mercury	Capri	6930.0	5800.0	7995.0	3
Mercury	Comet	18445.0	9995.0	28995.0	6
Mercury	Cougar	18213.75	1399.0	110995.0	44
Mercury	Eight	48348.75	12500.0	89900.0	4
Mercury	Grand Marquis	5514.8866995073895	450.0	17998.0	406
Mercury	Marauder	15350.166666666666	7988.0	29995.0	12
Mercury	Mariner	6122.424561403509	1800.0	12877.0	285
Mercury	Mariner Hybrid	5461.041666666667	2495.0	9900.0	24
Mercury	Marquis	12727.1	1800.0	19500.0	10
Mercury	Milan	5888.374517374517	995.0	11995.0	259
Mercury	Milan Hybrid	7184.111111111111	5995.0	8402.0	9
Mercury	Montclair	15633.333333333334	10500.0	25500.0	3
Mercury	Montego	4961.3835616438355	895.0	14495.0	73
Mercury	Monterey	13133.380952380952	1900.0	59900.0	42
Mercury	Mountaineer	5501.4473684210525	800.0	12983.0	228
Mercury	Mystique	1550.0	400.0	2250.0	3
Mercury	Park Lane	17298.0	5999.0	29995.0	3
Mercury	Sable	3953.4305555555557	700.0	24845.0	144
Mercury	Topaz	12659.0	12659.0	12659.0	1
Mercury	Tracer	2126.8333333333335	595.0	3188.0	6
Mercury	Villager	3176.0	256.0	5476.0	15
Mitsubishi	3000GT	14562.481481481482	2988.0	39900.0	27
Mitsubishi	Diamante	4027.875	1999.0	7995.0	8
Mitsubishi	Eclipse	5383.720930232558	600.0	12000.0	172
Mitsubishi	Eclipse Cross	22406.021869537693	11975.0	34865.0	2789
Mitsubishi	Eclipse Spyder	6526.888888888889	1335.0	12998.0	72
Mitsubishi	Endeavor	5222.238461538462	1200.0	9999.0	130
Mitsubishi	Galant	4652.0	1000.0	10997.0	168
Mitsubishi	Lancer	9839.02608695652	250.0	25140.0	575
Mitsubishi	Lancer Evolution	31035.576	12900.0	138999.0	125
Mitsubishi	Lancer Sportback	7016.36	2395.0	12995.0	25
Mitsubishi	Mighty Max Pickup	8991.0	8991.0	8991.0	1
Mitsubishi	Mirage	13802.824660243641	1200.0	23250.0	2369
Mitsubishi	Mirage G4	15077.057054385952	1200.0	25000.0	2254
Mitsubishi	Montero	5678.65	2500.0	10995.0	20
Mitsubishi	Montero Sport	4375.684210526316	1990.0	7500.0	38
Mitsubishi	Outlander	21156.327337426934	1500.0	39990.0	5560
Mitsubishi	Outlander Hybrid Plug-in 	34438.75941381988	19988.0	44548.0	483
Mitsubishi	Outlander Sport	19968.764036288943	4950.0	31598.0	5842
Mitsubishi	Pajero	9900.0	9900.0	9900.0	1
Mitsubishi	Raider	6984.9	1800.0	10999.0	30
Mitsubishi	i-MiEV	6652.058823529412	3975.0	14590.0	17
Mobility Ventures	MV-1	19950.0	19950.0	19950.0	1
Morris	Mini	48900.0	48900.0	48900.0	1
Morris	Minor	18995.0	18995.0	18995.0	1
Nash	Metropolitan	18581.666666666668	13750.0	25000.0	3
Nissan	200SX	2995.0	2995.0	2995.0	1
Nissan	240SX	15249.0	13499.0	16999.0	2
Nissan	300ZX	12811.386363636364	1000.0	39950.0	44
Nissan	350Z	10628.777777777777	3995.0	45000.0	243
Nissan	370Z	28256.532110091743	8798.0	49995.0	654
Nissan	Altima	19270.796098543156	386.9	799900.0	38791
Nissan	Altima Coupe	7306.74011299435	250.0	13648.0	354
Nissan	Altima Hybrid	6674.6578947368425	4799.0	8995.0	38
Nissan	Armada	37613.33819881702	1995.0	72550.0	5241
Nissan	Cedric	5995.0	5995.0	5995.0	2
Nissan	Cube	6238.352631578948	2750.0	10995.0	190
Nissan	Frontier	26148.163732775884	1995.0	45527.0	8364
Nissan	GT-R	92935.81456953642	50100.0	224780.0	151
Nissan	Juke	11161.849375459222	3975.0	25845.0	1361
Nissan	Kicks	19789.01915428093	11899.0	26810.0	9554
Nissan	LEAF	27560.954202898552	3300.0	46180.0	3450
Nissan	Maxima	22620.75500646215	575.0	47115.0	6879
Nissan	Murano	28617.999713369518	899.0	51546.0	16640
Nissan	Murano CrossCabriolet	14232.904761904761	9995.0	19888.0	21
Nissan	Murano Hybrid	19643.25	18400.0	20683.0	4
Nissan	NV Cargo	30069.5400921659	6500.0	54200.0	1085
Nissan	NV Passenger	35869.69191919192	8885.0	60170.0	396
Nissan	NV200	20395.393368500376	3900.0	36600.0	1327
Nissan	NX	6995.0	6995.0	6995.0	1
Nissan	Pathfinder	24897.530041988717	349.0	250000.0	12388
Nissan	Pathfinder Hybrid	14414.25	9800.0	17995.0	16
Nissan	Patrol	5999.0	5999.0	5999.0	1
Nissan	Quest	9606.207834642986	500.0	44985.0	688
Nissan	Rogue	21865.024525681158	984.0	40576.0	48470
Nissan	Rogue Hybrid	21226.182795698925	12999.0	27925.0	93
Nissan	Rogue Select	10461.590818363273	5598.0	24135.0	501
Nissan	Rogue Sport	21836.835201528953	11990.0	2175000.0	10387
Nissan	Sentra	15765.84193781315	999.0	111111.0	27917
Nissan	Silvia	22497.0	14999.0	29995.0	2
Nissan	Skyline	18991.5	12995.0	24988.0	2
Nissan	Titan	40018.80902601614	3499.0	78221.0	6529
Nissan	Truck	4288.0	1995.0	6999.0	11
Nissan	Versa	14318.029127787217	1499.0	24057.0	13942
Nissan	Versa Note	10167.006024096385	3495.0	22999.0	1328
Nissan	Xterra	8988.330713422007	550.0	26987.0	827
Oldsmobile	442	52645.47619047619	29500.0	104900.0	21
Oldsmobile	88	16637.666666666668	10995.0	24978.0	3
Oldsmobile	Achieva	3388.5	2484.0	4400.0	4
Oldsmobile	Alero	3347.125	400.0	21995.0	64
Oldsmobile	Aurora	3753.323529411765	995.0	5987.0	34
Oldsmobile	Bravada	4369.0344827586205	890.0	8987.0	29
Oldsmobile	Ciera	2428.0	1295.0	2999.0	3
Oldsmobile	Custom Cruiser	13716.25	9888.0	21995.0	4
Oldsmobile	Cutlass	30068.71052631579	2495.0	139980.0	38
Oldsmobile	Cutlass Calais	33447.5	29995.0	36900.0	2
Oldsmobile	Cutlass Ciera	3084.5	450.0	4499.0	4
Oldsmobile	Cutlass Supreme	12751.947368421053	1865.0	32995.0	19
Oldsmobile	Delta 88	15992.333333333334	1200.0	24000.0	9
Oldsmobile	Dynamic 88	12500.0	12500.0	12500.0	1
Oldsmobile	Eighty-Eight	3453.125	1600.0	6900.0	8
Oldsmobile	Eighty-Eight Royale	2754.8571428571427	1695.0	4995.0	7
Oldsmobile	Intrigue	3115.590909090909	995.0	6995.0	22
Oldsmobile	Jetstar 88	13900.0	13900.0	13900.0	1
Oldsmobile	LSS	3995.0	3995.0	3995.0	1
Oldsmobile	Ninety-Eight	9391.0	1000.0	24988.0	7
Oldsmobile	Omega	11000.0	11000.0	11000.0	1
Oldsmobile	Regency	2250.0	2000.0	2500.0	2
Oldsmobile	Silhouette	3064.304347826087	999.0	5786.0	23
Oldsmobile	Starfire	29409.5	19978.0	38841.0	2
Oldsmobile	Super 88	37900.0	7900.0	67900.0	2
Oldsmobile	Toronado	12798.083333333334	5300.0	24995.0	12
Oldsmobile	Vista Cruiser	20350.0	16800.0	23900.0	2
Opel	GT	10950.0	10950.0	10950.0	1
Opel	Kadett	16995.0	16995.0	16995.0	1
Packard	110	36995.0	36995.0	36995.0	1
Packard	120	92995.0	92995.0	92995.0	1
Packard	Caribbean	134995.0	134995.0	134995.0	1
Packard	Clipper	13500.0	13500.0	13500.0	1
Packard	Super Eight	13200.0	6500.0	19900.0	2
Pagani	Huayra	2195000.0	2195000.0	2195000.0	1
Pininfarina	Azzurra	20745.0	18995.0	22495.0	2
Plymouth	Acclaim	995.0	995.0	995.0	1
Plymouth	Barracuda	57110.32142857143	13000.0	165000.0	28
Plymouth	Belvedere	59481.0	9999.0	179950.0	9
Plymouth	Breeze	2499.0	2499.0	2499.0	1
Plymouth	Cambridge	1800.0	1800.0	1800.0	1
Plymouth	Champ	6995.0	6995.0	6995.0	1
Plymouth	Concord	12995.0	12995.0	12995.0	1
Plymouth	Deluxe	22358.0	13495.0	34995.0	5
Plymouth	Duster	33980.833333333336	17995.0	59995.0	6
Plymouth	Fury	19498.2	3500.0	59900.0	15
Plymouth	GTX	82776.55555555556	39800.0	275000.0	9
Plymouth	Grand Voyager	2239.1428571428573	994.0	3995.0	7
Plymouth	Laser	15995.0	15995.0	15995.0	1
Plymouth	Neon	2940.0833333333335	999.0	5995.0	12
Plymouth	P10	9500.0	9500.0	9500.0	1
Plymouth	Plaza	6900.0	6900.0	6900.0	1
Plymouth	Prowler	33635.59649122807	23900.0	49500.0	57
Plymouth	Road Runner	103533.90909090909	39999.0	229900.0	11
Plymouth	Satellite	37157.8	9999.0	82995.0	5
Plymouth	Savoy	64995.0	64995.0	64995.0	1
Plymouth	Scamp	19495.0	14995.0	28495.0	3
Plymouth	Superbird	225000.0	225000.0	225000.0	1
Plymouth	Valiant	10265.0	3900.0	13995.0	3
Plymouth	Voyager	2699.2	998.0	3999.0	5
Pontiac	Aztek	3567.8947368421054	1200.0	5995.0	19
Pontiac	Bonneville	5929.830985915493	490.0	44900.0	71
Pontiac	Can Am	38348.75	24995.0	75000.0	4
Pontiac	Catalina	29332.916666666668	4500.0	79500.0	12
Pontiac	Chieftain	23178.0	7500.0	39900.0	5
Pontiac	Deluxe	13425.0	6950.0	19900.0	2
Pontiac	Fiero	10336.9	3333.0	22995.0	20
Pontiac	Firebird	22432.66530612245	950.0	999999.0	245
Pontiac	G3	4211.1	1250.0	5250.0	10
Pontiac	G5	4579.752808988764	1499.0	9395.0	89
Pontiac	G6	5014.960409862748	700.0	11995.0	732
Pontiac	G8	14615.242718446601	4500.0	34798.0	103
Pontiac	GTO	32765.69918699187	8000.0	150000.0	123
Pontiac	Grand Am	8417.268292682927	498.0	95495.0	164
Pontiac	Grand Prix	5245.360824742268	990.0	79900.0	388
Pontiac	Grand Ville	18697.5	7900.0	29900.0	4
Pontiac	Le Mans	35498.333333333336	25500.0	49000.0	3
Pontiac	Montana	3514.5	1700.0	7500.0	34
Pontiac	Montana SV6	4318.894736842105	1000.0	14999.0	38
Pontiac	Solstice	12380.275229357798	3800.0	48000.0	109
Pontiac	Star Chief	36730.0	24200.0	47995.0	3
Pontiac	Streamliner	87450.0	65000.0	109900.0	2
Pontiac	Sunbird	3847.5	700.0	6995.0	2
Pontiac	Sunfire	3142.809523809524	495.0	6995.0	42
Pontiac	Tempest	19211.6	4200.0	35995.0	5
Pontiac	Torrent	5107.9884393063585	1500.0	9375.0	173
Pontiac	Trans Sport	2896.0	1797.0	3995.0	2
Pontiac	Ventura	15900.0	15900.0	15900.0	1
Pontiac	Vibe	5212.539295392954	299.0	14200.0	369
Porsche	356	97702.06666666667	18995.0	334995.0	15
Porsche	550 Spyder	77870.0	77870.0	77870.0	1
Porsche	718 Boxster	71213.38461538461	45894.0	142410.0	195
Porsche	718 Cayman	75499.7423076923	45700.0	194900.0	260
Porsche	911	107376.37356760885	12900.0	738900.0	2618
Porsche	912	67211.63636363637	18780.0	125000.0	11
Porsche	914	49008.666666666664	21500.0	99995.0	12
Porsche	918 Spyder	1349174.75	1225800.0	1499999.0	4
Porsche	924	163978.0	4200.0	925000.0	6
Porsche	928	38592.5625	8900.0	119900.0	16
Porsche	944	19010.285714285714	3350.0	48000.0	21
Porsche	959	1425000.0	1425000.0	1425000.0	1
Porsche	968	19647.909090909092	11500.0	35995.0	11
Porsche	Boxster	24689.18079096045	5999.0	98898.0	354
Porsche	Carrera GT	809720.5	604991.0	984900.0	4
Porsche	Cayenne	72464.33223778222	4995.0	179950.0	3499
Porsche	Cayenne E-Hybrid	84118.98156682028	30995.0	210170.0	217
Porsche	Cayenne Hybrid	22284.80769230769	14790.0	31991.0	26
Porsche	Cayman	46024.121495327105	12000.0	188900.0	214
Porsche	Macan	57729.452164698756	22254.0	117780.0	3303
Porsche	Panamera	83856.6854443667	12995.0	223470.0	1429
Porsche	Panamera E-Hybrid	116546.88356164383	32490.0	238570.0	146
Porsche	Panamera Hybrid	27590.2	25995.0	28995.0	5
Porsche	Taycan	160252.93391304347	109957.0	226950.0	575
RAM	1500	40533.64364631486	4205.0	222000.0	69117
RAM	2500	53361.83970412597	4980.0	109820.0	16968
RAM	3500	59465.49700126263	14800.0	109820.0	6336
RAM	3500 Chassis	48447.86069651741	12842.0	84995.0	2010
RAM	4500 Chassis	37671.30158730159	17995.0	69995.0	63
RAM	5500 Chassis	56554.11667859699	16995.0	126999.0	1397
RAM	C/V	8292.89393939394	2995.0	15600.0	132
RAM	Dakota	13087.30588235294	6995.0	21995.0	85
RAM	ProMaster	34411.208915145005	7950.0	99998.0	3724
RAM	ProMaster Chassis	28765.428571428572	5699.0	46525.0	42
RAM	ProMaster City	22568.278172968927	3995.0	38900.0	2671
Rolls-Royce	Corniche	104245.18181818182	44999.0	225000.0	11
Rolls-Royce	Cullinan	369214.80555555556	317777.0	506700.0	36
Rolls-Royce	Dawn	315300.1807228916	198000.0	482125.0	83
Rolls-Royce	Ghost	177482.1869918699	79000.0	450450.0	123
Rolls-Royce	Park Ward	86500.0	86500.0	86500.0	1
Rolls-Royce	Phantom	263992.8780487805	79800.0	579525.0	41
Rolls-Royce	Phantom Coupe	219146.8	149999.0	399900.0	5
Rolls-Royce	Phantom Drophead Coupe	214608.52631578947	134990.0	400000.0	19
Rolls-Royce	Phantom VI	195000.0	195000.0	195000.0	1
Rolls-Royce	Silver Cloud	166950.0	35950.0	395000.0	3
Rolls-Royce	Silver Dawn	59950.0	59950.0	59950.0	1
Rolls-Royce	Silver Seraph	37965.666666666664	33900.0	44998.0	3
Rolls-Royce	Silver Shadow	23931.666666666668	21995.0	24900.0	3
Rolls-Royce	Silver Shadow II	23744.0	16800.0	29988.0	3
Rolls-Royce	Silver Spirit	23750.0	22500.0	25000.0	2
Rolls-Royce	Silver Spur	24787.956521739132	11495.0	49995.0	23
Rolls-Royce	Wraith	214218.63953488372	139950.0	405625.0	86
Rover	Mini	14500.0	14500.0	14500.0	1
SRT	Viper	100582.33333333333	79880.0	136680.0	15
Saab	9-2X	6135.571428571428	4990.0	6989.0	7
Saab	9-3	6300.353233830846	1595.0	16000.0	201
Saab	9-3 SportCombi	6982.95652173913	3350.0	9988.0	23
Saab	9-4X	14870.6	9995.0	19991.0	5
Saab	9-5	6677.285714285715	1975.0	17988.0	63
Saab	9-5 SportCombi	4848.0	3500.0	5997.0	4
Saab	9-7X	6781.424242424242	1200.0	15900.0	33
Saab	900	4636.9	1500.0	7990.0	10
Saab	95	28700.0	28700.0	28700.0	1
Saleen	S7 Twin Turbo	799990.0	799990.0	799990.0	1
Saturn	Astra	4621.358974358975	1800.0	7000.0	39
Saturn	Aura	5101.77619047619	999.0	10900.0	210
Saturn	Aura Hybrid Green Line	1600.0	1600.0	1600.0	1
Saturn	ION	3774.094861660079	599.0	7599.0	253
Saturn	ION Red Line	3995.0	3995.0	3995.0	1
Saturn	L-Series	3319.25	800.0	7250.0	84
Saturn	L300	3185.909090909091	1750.0	5800.0	11
Saturn	Outlook	6175.729411764706	1800.0	17900.0	170
Saturn	Relay	3731.5833333333335	2300.0	5990.0	12
Saturn	S-Series	2752.3636363636365	495.0	7000.0	99
Saturn	Sky	11756.116666666667	5995.0	21955.0	60
Saturn	VUE	4915.995575221239	495.0	10998.0	452
Saturn	VUE Hybrid	5600.0	4450.0	7385.0	12
Scion	FR-S	16270.36090225564	6980.0	45000.0	266
Scion	iA	10771.02097902098	3850.0	20999.0	143
Scion	iM	12710.772727272728	8495.0	17000.0	132
Scion	iQ	7809.7213114754095	3990.0	11444.0	61
Scion	tC	8334.568421052632	1650.0	18999.0	760
Scion	xA	4484.152777777777	1900.0	7999.0	72
Scion	xB	7555.743044189852	1595.0	27554.0	611
Scion	xD	6649.8640350877195	2900.0	12995.0	228
Shelby	Cobra	100802.26086956522	33950.0	308995.0	23
Shelby	Series 1	129950.0	119900.0	140000.0	2
Spyker	C8	305500.0	305500.0	305500.0	1
Studebaker	Champ	11997.5	11500.0	12495.0	2
Studebaker	Champion	53445.0	50995.0	55895.0	2
Studebaker	Commander	19887.5	9875.0	29900.0	2
Studebaker	Dictator	59995.0	59995.0	59995.0	1
Studebaker	Hawk	24995.0	24995.0	24995.0	1
Studebaker	Lark	24495.0	11995.0	36995.0	2
Subaru	Ascent	40868.14193260433	22500.0	51276.0	4481
Subaru	B9 Tribeca	6420.842696629214	2995.0	9900.0	89
Subaru	BRZ	25070.699731903485	8995.0	34542.0	373
Subaru	Baja	8171.538461538462	2991.0	18995.0	78
Subaru	Crosstrek	26129.128904623074	10495.0	39410.0	9604
Subaru	Crosstrek Hybrid	36387.93063583815	12995.0	41124.0	173
Subaru	Forester	23678.521529018617	900.0	215000.0	14656
Subaru	Impreza	18712.272288616176	1500.0	208070.0	8682
Subaru	Impreza WRX	14975.128735632185	1800.0	180449.0	435
Subaru	Impreza WRX STI	20476.303867403316	10991.0	34995.0	181
Subaru	Legacy	20654.861905690097	650.0	38637.0	5972
Subaru	Outback	27390.895449390417	498.0	43875.0	21162
Subaru	SVX	7592.75	4488.0	12900.0	4
Subaru	Tribeca	9172.880794701987	4337.0	34987.0	151
Subaru	WRX	27012.90645636006	9495.0	40037.0	1874
Subaru	WRX STI	34576.89395973154	15995.0	69950.0	745
Subaru	XV Crosstrek	14073.916751269035	5500.0	21998.0	985
Subaru	XV Crosstrek Hybrid	14765.180722891566	9999.0	30945.0	83
Sunbeam	Alpine	9197.5	4900.0	13495.0	2
Sunbeam	Tiger	88348.125	49995.0	139995.0	8
Suzuki	Aerio	3453.076923076923	495.0	5299.0	13
Suzuki	Equator	11400.826086956522	6990.0	16900.0	23
Suzuki	Esteem	2512.25	600.0	3999.0	4
Suzuki	Forenza	3516.5405405405404	1495.0	6995.0	37
Suzuki	Grand Vitara	6098.989898989899	1999.0	11999.0	99
Suzuki	Kizashi	7076.72972972973	3899.0	11782.0	37
Suzuki	Reno	3664.8	2330.0	5900.0	10
Suzuki	SX4	5887.418079096045	1995.0	10998.0	177
Suzuki	Samurai	13997.0	13997.0	13997.0	1
Suzuki	Sidekick	5995.0	5995.0	5995.0	1
Suzuki	Verona	4080.25	1400.0	8000.0	8
Suzuki	Vitara	4107.111111111111	2495.0	6995.0	9
Suzuki	XL-7	4984.38947368421	1500.0	9995.0	95
Tesla	Model 3	44002.8765625	30492.0	59800.0	640
Tesla	Model S	48714.429316495436	23995.0	105991.0	1095
Tesla	Model X	71308.9726443769	48999.0	149888.0	329
Tesla	Model Y	64293.4	60490.0	67990.0	5
Tesla	Roadster	41995.0	41995.0	41995.0	1
Toyota	4Runner	34176.13704876936	1799.0	79999.0	10203
Toyota	86	26955.685344827587	13995.0	34555.0	232
Toyota	Avalon	26259.564276460427	250.0	52246.0	3582
Toyota	Avalon Hybrid	35448.833766233765	8900.0	49946.0	1540
Toyota	C-HR	22172.886966987753	13999.0	111111.0	4052
Toyota	Camry	21188.242868765137	349.0	48536.0	43615
Toyota	Camry Hybrid	27820.00174986778	1850.0	42127.0	6736
Toyota	Camry Solara	6198.55376344086	995.0	15990.0	372
Toyota	Celica	5792.579710144928	1290.0	19995.0	69
Toyota	Corolla	16867.9198749985	500.0	999999.0	36478
Toyota	Corolla Hatchback	23033.549812968133	15995.0	30322.0	1769
Toyota	Corolla Hybrid	24019.51048812048	11950.0	28545.0	4009
Toyota	Corolla iM	15756.933174224343	8600.0	19995.0	419
Toyota	Corona	20000.0	20000.0	20000.0	1
Toyota	Cressida	12490.0	8995.0	15985.0	2
Toyota	Crown	12988.0	12988.0	12988.0	1
Toyota	ECHO	3690.689655172414	1750.0	5999.0	29
Toyota	FJ Cruiser	20975.415781487103	8975.0	48000.0	659
Toyota	Hiace	12995.0	12995.0	12995.0	1
Toyota	Highlander	34327.26087877251	2500.0	111111.0	26433
Toyota	Highlander Hybrid	41853.57751932504	2700.0	53723.0	6630
Toyota	Land Cruiser	50932.48802395209	3400.0	109900.0	334
Toyota	MR2	14366.5	12000.0	18800.0	6
Toyota	MR2 Spyder	10781.119047619048	4000.0	27995.0	42
Toyota	Matrix	6492.721238938053	1999.0	99999.0	452
Toyota	Mirai	38294.78139534884	9500.0	59900.0	215
Toyota	Paseo	4742.5	3490.0	5995.0	2
Toyota	Pickup	12292.90625	2000.0	40990.0	32
Toyota	Previa	2500.0	2500.0	2500.0	1
Toyota	Prius	18459.957055391267	1100.0	61200.0	10113
Toyota	Prius Plug-In	12558.83510638298	6995.0	20136.0	188
Toyota	Prius Prime	27670.127122755945	15900.0	41954.0	2061
Toyota	Prius c	11918.410526315789	3000.0	21998.0	760
Toyota	Prius v	14123.498803827752	2990.0	36553.0	836
Toyota	RAV4	24239.145453343004	900.0	111111.0	30891
Toyota	RAV4 Hybrid	32966.71707802429	12995.0	47006.0	4189
Toyota	RAV4 Prime	46224.142857142855	39544.0	60822.0	21
Toyota	Sequoia	40885.799820868786	2299.0	76264.0	2233
Toyota	Sienna	24291.2021446989	525.0	59990.0	9926
Toyota	Supra	55226.11148648649	12995.0	114900.0	592
Toyota	T100	6505.4	2799.0	9999.0	10
Toyota	Tacoma	31707.1913785461	3500.0	61398.0	16497
Toyota	Tercel	2664.0	1995.0	3333.0	2
Toyota	Tundra	36480.386996113055	1500.0	79999.0	9105
Toyota	Venza	22158.326251896815	6500.0	47400.0	1318
Toyota	Yaris	13656.691138423103	1888.0	20990.0	1845
Toyota	Yaris iA	13011.063414634147	6496.0	111111.0	615
Triumph	Spitfire	8877.0	7500.0	10995.0	5
Triumph	Stag	29500.0	29500.0	29500.0	1
Triumph	TR3	24000.0	24000.0	24000.0	1
Triumph	TR3A	19508.5	6100.0	32917.0	2
Triumph	TR4A	31445.0	17990.0	44900.0	2
Triumph	TR6	20059.647058823528	2950.0	29900.0	17
Triumph	TR7	4999.0	4999.0	4999.0	1
Triumph	TR8	17900.0	17900.0	17900.0	1
VPG	MV-1	22239.0	9970.0	29752.0	3
Volkswagen	Arteon	38425.93004484305	24987.0	49434.0	1115
Volkswagen	Atlas	38490.7768004398	17800.0	58825.0	9095
Volkswagen	Atlas Cross Sport	39736.140553869496	25999.0	59831.0	5272
Volkswagen	Beetle	13418.357300884956	900.0	38950.0	1808
Volkswagen	CC	10492.242339832868	2499.0	28000.0	718
Volkswagen	Cabrio	3706.6666666666665	790.0	7995.0	9
Volkswagen	Cabriolet	8828.666666666666	6500.0	12995.0	3
Volkswagen	Eos	9135.835227272728	3650.0	21900.0	176
Volkswagen	EuroVan	18097.46153846154	2400.0	42500.0	26
Volkswagen	GLI	7864.5	5995.0	11150.0	6
Volkswagen	GTI	23239.803960755813	2750.0	48770.0	2752
Volkswagen	Golf	17186.293640897755	995.0	28105.0	1604
Volkswagen	Golf Alltrack	23906.10678210678	13499.0	37800.0	693
Volkswagen	Golf R	28527.345238095237	10399.0	43900.0	168
Volkswagen	Golf SportWagen	18156.36111111111	7995.0	31895.0	540
Volkswagen	Jetta	17260.58634135879	995.0	119950.0	22470
Volkswagen	Jetta GLI	27407.548780487807	19400.0	33420.0	820
Volkswagen	Jetta Hybrid	11008.407407407407	5945.0	18500.0	54
Volkswagen	Jetta SportWagen	10419.910891089108	2488.0	18750.0	606
Volkswagen	Karmann Ghia	13777.0	13777.0	13777.0	1
Volkswagen	Passat	16448.343851199035	899.0	88888.0	11908
Volkswagen	Phaeton	11939.333333333334	4995.0	19991.0	6
Volkswagen	R32	14135.258064516129	6800.0	44900.0	31
Volkswagen	Rabbit	5191.074324324324	1500.0	11000.0	148
Volkswagen	Routan	7068.944237918216	2000.0	16950.0	269
Volkswagen	Super Beetle	14928.3	8995.0	19995.0	10
Volkswagen	Thing	17622.5	13995.0	22500.0	4
Volkswagen	Tiguan	24549.294186907086	4500.0	41990.0	14863
Volkswagen	Touareg	16578.962574450805	950.0	34939.0	505
Volkswagen	Touareg 2	7570.1578947368425	4350.0	12999.0	38
Volkswagen	Touareg Hybrid	14364.0	11899.0	17950.0	5
Volkswagen	Type 2	29495.0	28995.0	29995.0	2
Volkswagen	Type 3	39195.0	39195.0	39195.0	1
Volkswagen	Vanagon	35630.0	18900.0	44995.0	3
Volkswagen	e-Golf	18686.63434903047	8910.0	40190.0	361
Volvo	240	4651.705882352941	1250.0	7975.0	17
Volvo	740	5995.0	5995.0	5995.0	1
Volvo	850	3668.3333333333335	2555.0	4500.0	3
Volvo	940	4293.666666666667	3990.0	4900.0	3
Volvo	960	3572.25	799.0	5995.0	4
Volvo	C30	7831.732394366197	2495.0	15857.0	71
Volvo	C70	9055.91452991453	999.0	21000.0	117
Volvo	P1800	29900.0	29900.0	29900.0	1
Volvo	S40	5578.278538812785	1500.0	10997.0	219
Volvo	S60	31116.286841363766	999.0	73755.0	3549
Volvo	S60 R	5126.857142857143	3500.0	6499.0	7
Volvo	S70	3357.9444444444443	1900.0	5550.0	18
Volvo	S80	8006.007843137255	1000.0	20583.0	255
Volvo	S90	40297.87356321839	2900.0	99999.0	1044
Volvo	V40	4317.090909090909	899.0	9998.0	11
Volvo	V50	5899.3125	2980.0	10995.0	48
Volvo	V60	41105.22818254604	7499.0	68940.0	1249
Volvo	V70	5004.505617977528	1200.0	12495.0	89
Volvo	V70 R	14749.5	10499.0	19000.0	2
Volvo	V90	51911.1388101983	28988.0	74572.0	353
Volvo	XC	4673.666666666667	1799.0	7995.0	12
Volvo	XC40	42333.31016791045	28575.0	52600.0	2144
Volvo	XC60	42890.27669660679	5598.0	75915.0	6012
Volvo	XC70	11843.455040871935	349.0	178708.0	367
Volvo	XC90	50022.06308296514	1999.0	97230.0	6111
Willys	Coupe	57415.0	33995.0	79000.0	6
Willys	Jeep Wagon	13483.75	6995.0	20950.0	4
Willys	Jeepster	32631.333333333332	29900.0	37999.0	3
Willys	M38A1	23977.0	23977.0	23977.0	1
Willys	Pickup	26472.5	11995.0	40950.0	2
smart	fortwo	8328.780538302277	2595.0	21998.0	483
smart	fortwo electric drive	11827.074074074075	5975.0	21439.0	54
