Hive Session ID = db161393-d17d-4391-b2c2-a18c857548be

Logging initialized using configuration in file:/etc/hive/conf.dist/hive-log4j2.properties Async: true
OK
Time taken: 0.419 seconds
OK
Time taken: 0.193 seconds
Loading data to table default.used_cars
OK
Time taken: 0.483 seconds
Query ID = hadoop_20250605141246_ba177b90-daad-4cdd-9e82-3d5d6f447f0f
Total jobs = 1
Launching Job 1 out of 1
Status: Running (Executing on YARN cluster with App id application_1749131589170_0007)

Map 1: -/-	Reducer 2: 0/2	Reducer 3: 0/1	
Map 1: 0/12	Reducer 2: 0/2	Reducer 3: 0/1	
Map 1: 0/12	Reducer 2: 0/2	Reducer 3: 0/1	
Map 1: 0(+2)/12	Reducer 2: 0/2	Reducer 3: 0/1	
Map 1: 0(+6)/12	Reducer 2: 0/2	Reducer 3: 0/1	
Map 1: 1(+6)/12	Reducer 2: 0/2	Reducer 3: 0/1	
Map 1: 2(+6)/12	Reducer 2: 0/2	Reducer 3: 0/1	
Map 1: 3(+6)/12	Reducer 2: 0/2	Reducer 3: 0/1	
Map 1: 5(+6)/12	Reducer 2: 0/2	Reducer 3: 0/1	
Map 1: 7(+5)/12	Reducer 2: 0(+1)/2	Reducer 3: 0/1	
Map 1: 8(+4)/12	Reducer 2: 0(+2)/2	Reducer 3: 0/1	
Map 1: 10(+2)/12	Reducer 2: 0(+2)/2	Reducer 3: 0/1	
Map 1: 12/12	Reducer 2: 1(+1)/2	Reducer 3: 0(+1)/1	
Map 1: 12/12	Reducer 2: 2/2	Reducer 3: 1/1	
OK
Time taken: 17.223 seconds, Fetched: 1206 row(s)
OK
Time taken: 0.07 seconds
