25/05/31 11:21:19 INFO SparkContext: Running Spark version 3.5.5
25/05/31 11:21:19 INFO SparkContext: OS info Linux, 6.14.8-300.fc42.x86_64, amd64
25/05/31 11:21:19 INFO SparkContext: Java version 11.0.26
25/05/31 11:21:19 WARN NativeCodeLoader: Unable to load native-hadoop library for your platform... using builtin-java classes where applicable
25/05/31 11:21:19 INFO ResourceUtils: ==============================================================
25/05/31 11:21:19 INFO ResourceUtils: No custom resources configured for spark.driver.
25/05/31 11:21:19 INFO ResourceUtils: ==============================================================
25/05/31 11:21:19 INFO SparkContext: Submitted application: task 1
25/05/31 11:21:19 INFO ResourceProfile: Default ResourceProfile created, executor resources: Map(cores -> name: cores, amount: 1, script: , vendor: , memory -> name: memory, amount: 1024, script: , vendor: , offHeap -> name: offHeap, amount: 0, script: , vendor: ), task resources: Map(cpus -> name: cpus, amount: 1.0)
25/05/31 11:21:19 INFO ResourceProfile: Limiting resource is cpu
25/05/31 11:21:19 INFO ResourceProfileManager: Added ResourceProfile id: 0
25/05/31 11:21:19 INFO SecurityManager: Changing view acls to: giovanni
25/05/31 11:21:19 INFO SecurityManager: Changing modify acls to: giovanni
25/05/31 11:21:19 INFO SecurityManager: Changing view acls groups to: 
25/05/31 11:21:19 INFO SecurityManager: Changing modify acls groups to: 
25/05/31 11:21:19 INFO SecurityManager: SecurityManager: authentication disabled; ui acls disabled; users with view permissions: giovanni; groups with view permissions: EMPTY; users with modify permissions: giovanni; groups with modify permissions: EMPTY
25/05/31 11:21:19 INFO Utils: Successfully started service 'sparkDriver' on port 33461.
25/05/31 11:21:19 INFO SparkEnv: Registering MapOutputTracker
25/05/31 11:21:19 INFO SparkEnv: Registering BlockManagerMaster
25/05/31 11:21:19 INFO BlockManagerMasterEndpoint: Using org.apache.spark.storage.DefaultTopologyMapper for getting topology information
25/05/31 11:21:19 INFO BlockManagerMasterEndpoint: BlockManagerMasterEndpoint up
25/05/31 11:21:19 INFO SparkEnv: Registering BlockManagerMasterHeartbeat
25/05/31 11:21:19 INFO DiskBlockManager: Created local directory at /tmp/blockmgr-2d580786-5791-40f3-b484-0bd91b6850ab
25/05/31 11:21:19 INFO MemoryStore: MemoryStore started with capacity 434.4 MiB
25/05/31 11:21:19 INFO SparkEnv: Registering OutputCommitCoordinator
25/05/31 11:21:19 INFO JettyUtils: Start Jetty 0.0.0.0:4040 for SparkUI
25/05/31 11:21:19 INFO Utils: Successfully started service 'SparkUI' on port 4040.
25/05/31 11:21:19 INFO Executor: Starting executor ID driver on host desktop-fedora
25/05/31 11:21:19 INFO Executor: OS info Linux, 6.14.8-300.fc42.x86_64, amd64
25/05/31 11:21:19 INFO Executor: Java version 11.0.26
25/05/31 11:21:19 INFO Executor: Starting executor with user classpath (userClassPathFirst = false): ''
25/05/31 11:21:19 INFO Executor: Created or updated repl class loader org.apache.spark.util.MutableURLClassLoader@67e656e8 for default.
25/05/31 11:21:19 INFO Utils: Successfully started service 'org.apache.spark.network.netty.NettyBlockTransferService' on port 42117.
25/05/31 11:21:19 INFO NettyBlockTransferService: Server created on desktop-fedora:42117
25/05/31 11:21:19 INFO BlockManager: Using org.apache.spark.storage.RandomBlockReplicationPolicy for block replication policy
25/05/31 11:21:19 INFO BlockManagerMaster: Registering BlockManager BlockManagerId(driver, desktop-fedora, 42117, None)
25/05/31 11:21:19 INFO BlockManagerMasterEndpoint: Registering block manager desktop-fedora:42117 with 434.4 MiB RAM, BlockManagerId(driver, desktop-fedora, 42117, None)
25/05/31 11:21:19 INFO BlockManagerMaster: Registered BlockManager BlockManagerId(driver, desktop-fedora, 42117, None)
25/05/31 11:21:19 INFO BlockManager: Initialized BlockManager: BlockManagerId(driver, desktop-fedora, 42117, None)
25/05/31 11:21:20 INFO MemoryStore: Block broadcast_0 stored as values in memory (estimated size 222.2 KiB, free 434.2 MiB)
25/05/31 11:21:20 INFO MemoryStore: Block broadcast_0_piece0 stored as bytes in memory (estimated size 33.2 KiB, free 434.2 MiB)
25/05/31 11:21:20 INFO BlockManagerInfo: Added broadcast_0_piece0 in memory on desktop-fedora:42117 (size: 33.2 KiB, free: 434.4 MiB)
25/05/31 11:21:20 INFO SparkContext: Created broadcast 0 from textFile at NativeMethodAccessorImpl.java:0
25/05/31 11:21:20 INFO FileInputFormat: Total input files to process : 1
25/05/31 11:21:20 INFO deprecation: mapred.output.dir is deprecated. Instead, use mapreduce.output.fileoutputformat.outputdir
25/05/31 11:21:20 INFO HadoopMapRedCommitProtocol: Using output committer class org.apache.hadoop.mapred.FileOutputCommitter
25/05/31 11:21:20 INFO FileOutputCommitter: File Output Committer Algorithm version is 1
25/05/31 11:21:20 INFO FileOutputCommitter: FileOutputCommitter skip cleanup _temporary folders under output directory:false, ignore cleanup failures: false
25/05/31 11:21:20 INFO SparkContext: Starting job: runJob at SparkHadoopWriter.scala:83
25/05/31 11:21:20 INFO DAGScheduler: Registering RDD 3 (reduceByKey at /home/giovanni/Projects/big-data/progetto/task_2/spark-core/spark-job.py:95) as input to shuffle 0
25/05/31 11:21:20 INFO DAGScheduler: Got job 0 (runJob at SparkHadoopWriter.scala:83) with 4 output partitions
25/05/31 11:21:20 INFO DAGScheduler: Final stage: ResultStage 1 (runJob at SparkHadoopWriter.scala:83)
25/05/31 11:21:20 INFO DAGScheduler: Parents of final stage: List(ShuffleMapStage 0)
25/05/31 11:21:20 INFO DAGScheduler: Missing parents: List(ShuffleMapStage 0)
25/05/31 11:21:20 INFO DAGScheduler: Submitting ShuffleMapStage 0 (PairwiseRDD[3] at reduceByKey at /home/giovanni/Projects/big-data/progetto/task_2/spark-core/spark-job.py:95), which has no missing parents
25/05/31 11:21:20 INFO MemoryStore: Block broadcast_1 stored as values in memory (estimated size 16.2 KiB, free 434.1 MiB)
25/05/31 11:21:20 INFO MemoryStore: Block broadcast_1_piece0 stored as bytes in memory (estimated size 9.9 KiB, free 434.1 MiB)
25/05/31 11:21:20 INFO BlockManagerInfo: Added broadcast_1_piece0 in memory on desktop-fedora:42117 (size: 9.9 KiB, free: 434.4 MiB)
25/05/31 11:21:20 INFO SparkContext: Created broadcast 1 from broadcast at DAGScheduler.scala:1585
25/05/31 11:21:20 INFO DAGScheduler: Submitting 4 missing tasks from ShuffleMapStage 0 (PairwiseRDD[3] at reduceByKey at /home/giovanni/Projects/big-data/progetto/task_2/spark-core/spark-job.py:95) (first 15 tasks are for partitions Vector(0, 1, 2, 3))
25/05/31 11:21:20 INFO TaskSchedulerImpl: Adding task set 0.0 with 4 tasks resource profile 0
25/05/31 11:21:20 INFO TaskSetManager: Starting task 0.0 in stage 0.0 (TID 0) (desktop-fedora, executor driver, partition 0, NODE_LOCAL, 9088 bytes) 
25/05/31 11:21:20 INFO TaskSetManager: Starting task 1.0 in stage 0.0 (TID 1) (desktop-fedora, executor driver, partition 1, NODE_LOCAL, 9088 bytes) 
25/05/31 11:21:20 INFO TaskSetManager: Starting task 2.0 in stage 0.0 (TID 2) (desktop-fedora, executor driver, partition 2, NODE_LOCAL, 9088 bytes) 
25/05/31 11:21:20 INFO TaskSetManager: Starting task 3.0 in stage 0.0 (TID 3) (desktop-fedora, executor driver, partition 3, NODE_LOCAL, 9088 bytes) 
25/05/31 11:21:20 INFO Executor: Running task 2.0 in stage 0.0 (TID 2)
25/05/31 11:21:20 INFO Executor: Running task 3.0 in stage 0.0 (TID 3)
25/05/31 11:21:20 INFO Executor: Running task 0.0 in stage 0.0 (TID 0)
25/05/31 11:21:20 INFO Executor: Running task 1.0 in stage 0.0 (TID 1)
25/05/31 11:21:20 INFO HadoopRDD: Input split: hdfs://localhost:9000/user/giovanni/input/cleaned_pruned_used_cars_data_5percent.csv:134217728+134217728
25/05/31 11:21:20 INFO HadoopRDD: Input split: hdfs://localhost:9000/user/giovanni/input/cleaned_pruned_used_cars_data_5percent.csv:268435456+134217728
25/05/31 11:21:20 INFO HadoopRDD: Input split: hdfs://localhost:9000/user/giovanni/input/cleaned_pruned_used_cars_data_5percent.csv:0+134217728
25/05/31 11:21:20 INFO HadoopRDD: Input split: hdfs://localhost:9000/user/giovanni/input/cleaned_pruned_used_cars_data_5percent.csv:402653184+19673319
25/05/31 11:21:21 INFO PythonRunner: Times: total = 917, boot = 277, init = 29, finish = 611
25/05/31 11:21:21 INFO Executor: Finished task 3.0 in stage 0.0 (TID 3). 1671 bytes result sent to driver
25/05/31 11:21:21 INFO TaskSetManager: Finished task 3.0 in stage 0.0 (TID 3) in 1038 ms on desktop-fedora (executor driver) (1/4)
25/05/31 11:21:21 INFO PythonAccumulatorV2: Connected to AccumulatorServer at host: 127.0.0.1 port: 60555
25/05/31 11:21:24 INFO PythonRunner: Times: total = 3652, boot = 274, init = 31, finish = 3347
25/05/31 11:21:24 INFO Executor: Finished task 1.0 in stage 0.0 (TID 1). 1628 bytes result sent to driver
25/05/31 11:21:24 INFO TaskSetManager: Finished task 1.0 in stage 0.0 (TID 1) in 3760 ms on desktop-fedora (executor driver) (2/4)
25/05/31 11:21:24 INFO PythonRunner: Times: total = 3716, boot = 306, init = 38, finish = 3372
25/05/31 11:21:24 INFO Executor: Finished task 0.0 in stage 0.0 (TID 0). 1628 bytes result sent to driver
25/05/31 11:21:24 INFO TaskSetManager: Finished task 0.0 in stage 0.0 (TID 0) in 3794 ms on desktop-fedora (executor driver) (3/4)
25/05/31 11:21:24 INFO PythonRunner: Times: total = 3876, boot = 276, init = 43, finish = 3557
25/05/31 11:21:24 INFO Executor: Finished task 2.0 in stage 0.0 (TID 2). 1628 bytes result sent to driver
25/05/31 11:21:24 INFO TaskSetManager: Finished task 2.0 in stage 0.0 (TID 2) in 4017 ms on desktop-fedora (executor driver) (4/4)
25/05/31 11:21:24 INFO TaskSchedulerImpl: Removed TaskSet 0.0, whose tasks have all completed, from pool 
25/05/31 11:21:24 INFO DAGScheduler: ShuffleMapStage 0 (reduceByKey at /home/giovanni/Projects/big-data/progetto/task_2/spark-core/spark-job.py:95) finished in 4.083 s
25/05/31 11:21:24 INFO DAGScheduler: looking for newly runnable stages
25/05/31 11:21:24 INFO DAGScheduler: running: Set()
25/05/31 11:21:24 INFO DAGScheduler: waiting: Set(ResultStage 1)
25/05/31 11:21:24 INFO DAGScheduler: failed: Set()
25/05/31 11:21:24 INFO DAGScheduler: Submitting ResultStage 1 (MapPartitionsRDD[8] at saveAsTextFile at NativeMethodAccessorImpl.java:0), which has no missing parents
25/05/31 11:21:24 INFO MemoryStore: Block broadcast_2 stored as values in memory (estimated size 112.5 KiB, free 434.0 MiB)
25/05/31 11:21:24 INFO MemoryStore: Block broadcast_2_piece0 stored as bytes in memory (estimated size 43.7 KiB, free 434.0 MiB)
25/05/31 11:21:24 INFO BlockManagerInfo: Added broadcast_2_piece0 in memory on desktop-fedora:42117 (size: 43.7 KiB, free: 434.3 MiB)
25/05/31 11:21:24 INFO SparkContext: Created broadcast 2 from broadcast at DAGScheduler.scala:1585
25/05/31 11:21:24 INFO DAGScheduler: Submitting 4 missing tasks from ResultStage 1 (MapPartitionsRDD[8] at saveAsTextFile at NativeMethodAccessorImpl.java:0) (first 15 tasks are for partitions Vector(0, 1, 2, 3))
25/05/31 11:21:24 INFO TaskSchedulerImpl: Adding task set 1.0 with 4 tasks resource profile 0
25/05/31 11:21:24 INFO TaskSetManager: Starting task 0.0 in stage 1.0 (TID 4) (desktop-fedora, executor driver, partition 0, NODE_LOCAL, 8817 bytes) 
25/05/31 11:21:24 INFO TaskSetManager: Starting task 1.0 in stage 1.0 (TID 5) (desktop-fedora, executor driver, partition 1, NODE_LOCAL, 8817 bytes) 
25/05/31 11:21:24 INFO TaskSetManager: Starting task 2.0 in stage 1.0 (TID 6) (desktop-fedora, executor driver, partition 2, NODE_LOCAL, 8817 bytes) 
25/05/31 11:21:24 INFO TaskSetManager: Starting task 3.0 in stage 1.0 (TID 7) (desktop-fedora, executor driver, partition 3, NODE_LOCAL, 8817 bytes) 
25/05/31 11:21:24 INFO Executor: Running task 1.0 in stage 1.0 (TID 5)
25/05/31 11:21:24 INFO Executor: Running task 0.0 in stage 1.0 (TID 4)
25/05/31 11:21:24 INFO Executor: Running task 3.0 in stage 1.0 (TID 7)
25/05/31 11:21:24 INFO Executor: Running task 2.0 in stage 1.0 (TID 6)
25/05/31 11:21:24 INFO ShuffleBlockFetcherIterator: Getting 4 (10.2 MiB) non-empty blocks including 4 (10.2 MiB) local and 0 (0.0 B) host-local and 0 (0.0 B) push-merged-local and 0 (0.0 B) remote blocks
25/05/31 11:21:24 INFO ShuffleBlockFetcherIterator: Getting 4 (10.2 MiB) non-empty blocks including 4 (10.2 MiB) local and 0 (0.0 B) host-local and 0 (0.0 B) push-merged-local and 0 (0.0 B) remote blocks
25/05/31 11:21:24 INFO ShuffleBlockFetcherIterator: Getting 4 (10.2 MiB) non-empty blocks including 4 (10.2 MiB) local and 0 (0.0 B) host-local and 0 (0.0 B) push-merged-local and 0 (0.0 B) remote blocks
25/05/31 11:21:24 INFO ShuffleBlockFetcherIterator: Getting 4 (10.0 MiB) non-empty blocks including 4 (10.0 MiB) local and 0 (0.0 B) host-local and 0 (0.0 B) push-merged-local and 0 (0.0 B) remote blocks
25/05/31 11:21:24 INFO ShuffleBlockFetcherIterator: Started 0 remote fetches in 8 ms
25/05/31 11:21:24 INFO ShuffleBlockFetcherIterator: Started 0 remote fetches in 8 ms
25/05/31 11:21:24 INFO ShuffleBlockFetcherIterator: Started 0 remote fetches in 8 ms
25/05/31 11:21:24 INFO ShuffleBlockFetcherIterator: Started 0 remote fetches in 8 ms
25/05/31 11:21:24 INFO HadoopMapRedCommitProtocol: Using output committer class org.apache.hadoop.mapred.FileOutputCommitter
25/05/31 11:21:24 INFO HadoopMapRedCommitProtocol: Using output committer class org.apache.hadoop.mapred.FileOutputCommitter
25/05/31 11:21:24 INFO HadoopMapRedCommitProtocol: Using output committer class org.apache.hadoop.mapred.FileOutputCommitter
25/05/31 11:21:24 INFO HadoopMapRedCommitProtocol: Using output committer class org.apache.hadoop.mapred.FileOutputCommitter
25/05/31 11:21:24 INFO FileOutputCommitter: File Output Committer Algorithm version is 1
25/05/31 11:21:24 INFO FileOutputCommitter: File Output Committer Algorithm version is 1
25/05/31 11:21:24 INFO FileOutputCommitter: FileOutputCommitter skip cleanup _temporary folders under output directory:false, ignore cleanup failures: false
25/05/31 11:21:24 INFO FileOutputCommitter: FileOutputCommitter skip cleanup _temporary folders under output directory:false, ignore cleanup failures: false
25/05/31 11:21:24 INFO FileOutputCommitter: File Output Committer Algorithm version is 1
25/05/31 11:21:24 INFO FileOutputCommitter: File Output Committer Algorithm version is 1
25/05/31 11:21:24 INFO FileOutputCommitter: FileOutputCommitter skip cleanup _temporary folders under output directory:false, ignore cleanup failures: false
25/05/31 11:21:24 INFO FileOutputCommitter: FileOutputCommitter skip cleanup _temporary folders under output directory:false, ignore cleanup failures: false
25/05/31 11:21:24 INFO BlockManagerInfo: Removed broadcast_1_piece0 on desktop-fedora:42117 in memory (size: 9.9 KiB, free: 434.3 MiB)
25/05/31 11:21:25 INFO PythonRunner: Times: total = 338, boot = -3085, init = 3095, finish = 328
25/05/31 11:21:25 INFO PythonRunner: Times: total = 341, boot = -127, init = 137, finish = 331
25/05/31 11:21:25 INFO PythonRunner: Times: total = 354, boot = -318, init = 328, finish = 344
25/05/31 11:21:25 INFO PythonRunner: Times: total = 366, boot = -341, init = 351, finish = 356
25/05/31 11:21:25 INFO FileOutputCommitter: Saved output of task 'attempt_202505311121206244581446677947284_0008_m_000001_0' to hdfs://localhost:9000/user/giovanni/output/cleaned_pruned_used_cars_data_5percent_task2_sparkcore_result/_temporary/0/task_202505311121206244581446677947284_0008_m_000001
25/05/31 11:21:25 INFO FileOutputCommitter: Saved output of task 'attempt_202505311121206244581446677947284_0008_m_000000_0' to hdfs://localhost:9000/user/giovanni/output/cleaned_pruned_used_cars_data_5percent_task2_sparkcore_result/_temporary/0/task_202505311121206244581446677947284_0008_m_000000
25/05/31 11:21:25 INFO FileOutputCommitter: Saved output of task 'attempt_202505311121206244581446677947284_0008_m_000003_0' to hdfs://localhost:9000/user/giovanni/output/cleaned_pruned_used_cars_data_5percent_task2_sparkcore_result/_temporary/0/task_202505311121206244581446677947284_0008_m_000003
25/05/31 11:21:25 INFO SparkHadoopMapRedUtil: attempt_202505311121206244581446677947284_0008_m_000000_0: Committed. Elapsed time: 11 ms.
25/05/31 11:21:25 INFO SparkHadoopMapRedUtil: attempt_202505311121206244581446677947284_0008_m_000003_0: Committed. Elapsed time: 11 ms.
25/05/31 11:21:25 INFO SparkHadoopMapRedUtil: attempt_202505311121206244581446677947284_0008_m_000001_0: Committed. Elapsed time: 7 ms.
25/05/31 11:21:25 INFO Executor: Finished task 0.0 in stage 1.0 (TID 4). 2437 bytes result sent to driver
25/05/31 11:21:25 INFO Executor: Finished task 1.0 in stage 1.0 (TID 5). 2437 bytes result sent to driver
25/05/31 11:21:25 INFO Executor: Finished task 3.0 in stage 1.0 (TID 7). 2437 bytes result sent to driver
25/05/31 11:21:25 INFO TaskSetManager: Finished task 0.0 in stage 1.0 (TID 4) in 445 ms on desktop-fedora (executor driver) (1/4)
25/05/31 11:21:25 INFO TaskSetManager: Finished task 1.0 in stage 1.0 (TID 5) in 444 ms on desktop-fedora (executor driver) (2/4)
25/05/31 11:21:25 INFO TaskSetManager: Finished task 3.0 in stage 1.0 (TID 7) in 444 ms on desktop-fedora (executor driver) (3/4)
25/05/31 11:21:25 INFO FileOutputCommitter: Saved output of task 'attempt_202505311121206244581446677947284_0008_m_000002_0' to hdfs://localhost:9000/user/giovanni/output/cleaned_pruned_used_cars_data_5percent_task2_sparkcore_result/_temporary/0/task_202505311121206244581446677947284_0008_m_000002
25/05/31 11:21:25 INFO SparkHadoopMapRedUtil: attempt_202505311121206244581446677947284_0008_m_000002_0: Committed. Elapsed time: 5 ms.
25/05/31 11:21:25 INFO Executor: Finished task 2.0 in stage 1.0 (TID 6). 2394 bytes result sent to driver
25/05/31 11:21:25 INFO TaskSetManager: Finished task 2.0 in stage 1.0 (TID 6) in 451 ms on desktop-fedora (executor driver) (4/4)
25/05/31 11:21:25 INFO TaskSchedulerImpl: Removed TaskSet 1.0, whose tasks have all completed, from pool 
25/05/31 11:21:25 INFO DAGScheduler: ResultStage 1 (runJob at SparkHadoopWriter.scala:83) finished in 0.466 s
25/05/31 11:21:25 INFO DAGScheduler: Job 0 is finished. Cancelling potential speculative or zombie tasks for this job
25/05/31 11:21:25 INFO TaskSchedulerImpl: Killing all running tasks in stage 1: Stage finished
25/05/31 11:21:25 INFO DAGScheduler: Job 0 finished: runJob at SparkHadoopWriter.scala:83, took 4.590152 s
25/05/31 11:21:25 INFO SparkHadoopWriter: Start to commit write Job job_202505311121206244581446677947284_0008.
25/05/31 11:21:25 INFO SparkHadoopWriter: Write Job job_202505311121206244581446677947284_0008 committed. Elapsed time: 38 ms.
25/05/31 11:21:25 INFO SparkContext: Invoking stop() from shutdown hook
25/05/31 11:21:25 INFO SparkContext: SparkContext is stopping with exitCode 0.
25/05/31 11:21:25 INFO SparkUI: Stopped Spark web UI at http://desktop-fedora:4040
25/05/31 11:21:25 INFO MapOutputTrackerMasterEndpoint: MapOutputTrackerMasterEndpoint stopped!
25/05/31 11:21:25 INFO MemoryStore: MemoryStore cleared
25/05/31 11:21:25 INFO BlockManager: BlockManager stopped
25/05/31 11:21:25 INFO BlockManagerMaster: BlockManagerMaster stopped
25/05/31 11:21:25 INFO OutputCommitCoordinator$OutputCommitCoordinatorEndpoint: OutputCommitCoordinator stopped!
25/05/31 11:21:25 INFO SparkContext: Successfully stopped SparkContext
25/05/31 11:21:25 INFO ShutdownHookManager: Shutdown hook called
25/05/31 11:21:25 INFO ShutdownHookManager: Deleting directory /tmp/spark-3156fc5f-a32b-465b-a345-400216db9d42
25/05/31 11:21:25 INFO ShutdownHookManager: Deleting directory /tmp/spark-3156fc5f-a32b-465b-a345-400216db9d42/pyspark-f7b2b41b-0af4-48cd-a61c-9a7790800934
25/05/31 11:21:25 INFO ShutdownHookManager: Deleting directory /tmp/spark-1aa434c6-285c-4a84-b675-a4760a0b8b82
