25/06/07 19:52:17 INFO SparkContext: Running Spark version 3.5.5
25/06/07 19:52:17 INFO SparkContext: OS info Linux, 6.14.9-300.fc42.x86_64, amd64
25/06/07 19:52:17 INFO SparkContext: Java version 11.0.26
25/06/07 19:52:17 WARN NativeCodeLoader: Unable to load native-hadoop library for your platform... using builtin-java classes where applicable
25/06/07 19:52:17 INFO ResourceUtils: ==============================================================
25/06/07 19:52:17 INFO ResourceUtils: No custom resources configured for spark.driver.
25/06/07 19:52:17 INFO ResourceUtils: ==============================================================
25/06/07 19:52:17 INFO SparkContext: Submitted application: task 1
25/06/07 19:52:17 INFO ResourceProfile: Default ResourceProfile created, executor resources: Map(cores -> name: cores, amount: 1, script: , vendor: , memory -> name: memory, amount: 1024, script: , vendor: , offHeap -> name: offHeap, amount: 0, script: , vendor: ), task resources: Map(cpus -> name: cpus, amount: 1.0)
25/06/07 19:52:17 INFO ResourceProfile: Limiting resource is cpu
25/06/07 19:52:17 INFO ResourceProfileManager: Added ResourceProfile id: 0
25/06/07 19:52:17 INFO SecurityManager: Changing view acls to: giovanni
25/06/07 19:52:17 INFO SecurityManager: Changing modify acls to: giovanni
25/06/07 19:52:17 INFO SecurityManager: Changing view acls groups to: 
25/06/07 19:52:17 INFO SecurityManager: Changing modify acls groups to: 
25/06/07 19:52:17 INFO SecurityManager: SecurityManager: authentication disabled; ui acls disabled; users with view permissions: giovanni; groups with view permissions: EMPTY; users with modify permissions: giovanni; groups with modify permissions: EMPTY
25/06/07 19:52:17 INFO Utils: Successfully started service 'sparkDriver' on port 35485.
25/06/07 19:52:17 INFO SparkEnv: Registering MapOutputTracker
25/06/07 19:52:17 INFO SparkEnv: Registering BlockManagerMaster
25/06/07 19:52:18 INFO BlockManagerMasterEndpoint: Using org.apache.spark.storage.DefaultTopologyMapper for getting topology information
25/06/07 19:52:18 INFO BlockManagerMasterEndpoint: BlockManagerMasterEndpoint up
25/06/07 19:52:18 INFO SparkEnv: Registering BlockManagerMasterHeartbeat
25/06/07 19:52:18 INFO DiskBlockManager: Created local directory at /tmp/blockmgr-6ac1702b-eff8-4031-a67f-ce0a114c66cb
25/06/07 19:52:18 INFO MemoryStore: MemoryStore started with capacity 434.4 MiB
25/06/07 19:52:18 INFO SparkEnv: Registering OutputCommitCoordinator
25/06/07 19:52:18 INFO JettyUtils: Start Jetty 0.0.0.0:4040 for SparkUI
25/06/07 19:52:18 INFO Utils: Successfully started service 'SparkUI' on port 4040.
25/06/07 19:52:18 INFO Executor: Starting executor ID driver on host desktop-fedora
25/06/07 19:52:18 INFO Executor: OS info Linux, 6.14.9-300.fc42.x86_64, amd64
25/06/07 19:52:18 INFO Executor: Java version 11.0.26
25/06/07 19:52:18 INFO Executor: Starting executor with user classpath (userClassPathFirst = false): ''
25/06/07 19:52:18 INFO Executor: Created or updated repl class loader org.apache.spark.util.MutableURLClassLoader@eb2bff5 for default.
25/06/07 19:52:18 INFO Utils: Successfully started service 'org.apache.spark.network.netty.NettyBlockTransferService' on port 45807.
25/06/07 19:52:18 INFO NettyBlockTransferService: Server created on desktop-fedora:45807
25/06/07 19:52:18 INFO BlockManager: Using org.apache.spark.storage.RandomBlockReplicationPolicy for block replication policy
25/06/07 19:52:18 INFO BlockManagerMaster: Registering BlockManager BlockManagerId(driver, desktop-fedora, 45807, None)
25/06/07 19:52:18 INFO BlockManagerMasterEndpoint: Registering block manager desktop-fedora:45807 with 434.4 MiB RAM, BlockManagerId(driver, desktop-fedora, 45807, None)
25/06/07 19:52:18 INFO BlockManagerMaster: Registered BlockManager BlockManagerId(driver, desktop-fedora, 45807, None)
25/06/07 19:52:18 INFO BlockManager: Initialized BlockManager: BlockManagerId(driver, desktop-fedora, 45807, None)
25/06/07 19:52:18 INFO MemoryStore: Block broadcast_0 stored as values in memory (estimated size 222.2 KiB, free 434.2 MiB)
25/06/07 19:52:18 INFO MemoryStore: Block broadcast_0_piece0 stored as bytes in memory (estimated size 33.2 KiB, free 434.2 MiB)
25/06/07 19:52:18 INFO BlockManagerInfo: Added broadcast_0_piece0 in memory on desktop-fedora:45807 (size: 33.2 KiB, free: 434.4 MiB)
25/06/07 19:52:18 INFO SparkContext: Created broadcast 0 from textFile at NativeMethodAccessorImpl.java:0
25/06/07 19:52:18 INFO FileInputFormat: Total input files to process : 1
25/06/07 19:52:19 INFO deprecation: mapred.output.dir is deprecated. Instead, use mapreduce.output.fileoutputformat.outputdir
25/06/07 19:52:19 INFO HadoopMapRedCommitProtocol: Using output committer class org.apache.hadoop.mapred.FileOutputCommitter
25/06/07 19:52:19 INFO FileOutputCommitter: File Output Committer Algorithm version is 1
25/06/07 19:52:19 INFO FileOutputCommitter: FileOutputCommitter skip cleanup _temporary folders under output directory:false, ignore cleanup failures: false
25/06/07 19:52:19 INFO SparkContext: Starting job: runJob at SparkHadoopWriter.scala:83
25/06/07 19:52:19 INFO DAGScheduler: Registering RDD 3 (reduceByKey at /home/giovanni/Projects/big-data/progetto/task_2/spark-core/spark-job.py:95) as input to shuffle 0
25/06/07 19:52:19 INFO DAGScheduler: Got job 0 (runJob at SparkHadoopWriter.scala:83) with 2 output partitions
25/06/07 19:52:19 INFO DAGScheduler: Final stage: ResultStage 1 (runJob at SparkHadoopWriter.scala:83)
25/06/07 19:52:19 INFO DAGScheduler: Parents of final stage: List(ShuffleMapStage 0)
25/06/07 19:52:19 INFO DAGScheduler: Missing parents: List(ShuffleMapStage 0)
25/06/07 19:52:19 INFO DAGScheduler: Submitting ShuffleMapStage 0 (PairwiseRDD[3] at reduceByKey at /home/giovanni/Projects/big-data/progetto/task_2/spark-core/spark-job.py:95), which has no missing parents
25/06/07 19:52:19 INFO MemoryStore: Block broadcast_1 stored as values in memory (estimated size 16.2 KiB, free 434.1 MiB)
25/06/07 19:52:19 INFO MemoryStore: Block broadcast_1_piece0 stored as bytes in memory (estimated size 9.8 KiB, free 434.1 MiB)
25/06/07 19:52:19 INFO BlockManagerInfo: Added broadcast_1_piece0 in memory on desktop-fedora:45807 (size: 9.8 KiB, free: 434.4 MiB)
25/06/07 19:52:19 INFO SparkContext: Created broadcast 1 from broadcast at DAGScheduler.scala:1585
25/06/07 19:52:19 INFO DAGScheduler: Submitting 2 missing tasks from ShuffleMapStage 0 (PairwiseRDD[3] at reduceByKey at /home/giovanni/Projects/big-data/progetto/task_2/spark-core/spark-job.py:95) (first 15 tasks are for partitions Vector(0, 1))
25/06/07 19:52:19 INFO TaskSchedulerImpl: Adding task set 0.0 with 2 tasks resource profile 0
25/06/07 19:52:19 INFO TaskSetManager: Starting task 0.0 in stage 0.0 (TID 0) (desktop-fedora, executor driver, partition 0, NODE_LOCAL, 9088 bytes) 
25/06/07 19:52:19 INFO TaskSetManager: Starting task 1.0 in stage 0.0 (TID 1) (desktop-fedora, executor driver, partition 1, NODE_LOCAL, 9088 bytes) 
25/06/07 19:52:19 INFO Executor: Running task 1.0 in stage 0.0 (TID 1)
25/06/07 19:52:19 INFO Executor: Running task 0.0 in stage 0.0 (TID 0)
25/06/07 19:52:19 INFO HadoopRDD: Input split: hdfs://localhost:9000/user/giovanni/input/cleaned_pruned_used_cars_data_1percent.csv:0+43297904
25/06/07 19:52:19 INFO HadoopRDD: Input split: hdfs://localhost:9000/user/giovanni/input/cleaned_pruned_used_cars_data_1percent.csv:43297904+43297905
25/06/07 19:52:20 INFO PythonRunner: Times: total = 1490, boot = 348, init = 34, finish = 1108
25/06/07 19:52:20 INFO PythonRunner: Times: total = 1437, boot = 293, init = 31, finish = 1113
25/06/07 19:52:20 INFO Executor: Finished task 1.0 in stage 0.0 (TID 1). 1669 bytes result sent to driver
25/06/07 19:52:20 INFO Executor: Finished task 0.0 in stage 0.0 (TID 0). 1669 bytes result sent to driver
25/06/07 19:52:20 INFO TaskSetManager: Finished task 0.0 in stage 0.0 (TID 0) in 1596 ms on desktop-fedora (executor driver) (1/2)
25/06/07 19:52:20 INFO TaskSetManager: Finished task 1.0 in stage 0.0 (TID 1) in 1588 ms on desktop-fedora (executor driver) (2/2)
25/06/07 19:52:20 INFO TaskSchedulerImpl: Removed TaskSet 0.0, whose tasks have all completed, from pool 
25/06/07 19:52:20 INFO PythonAccumulatorV2: Connected to AccumulatorServer at host: 127.0.0.1 port: 41021
25/06/07 19:52:20 INFO DAGScheduler: ShuffleMapStage 0 (reduceByKey at /home/giovanni/Projects/big-data/progetto/task_2/spark-core/spark-job.py:95) finished in 1.672 s
25/06/07 19:52:20 INFO DAGScheduler: looking for newly runnable stages
25/06/07 19:52:20 INFO DAGScheduler: running: Set()
25/06/07 19:52:20 INFO DAGScheduler: waiting: Set(ResultStage 1)
25/06/07 19:52:20 INFO DAGScheduler: failed: Set()
25/06/07 19:52:20 INFO DAGScheduler: Submitting ResultStage 1 (MapPartitionsRDD[8] at saveAsTextFile at NativeMethodAccessorImpl.java:0), which has no missing parents
25/06/07 19:52:20 INFO MemoryStore: Block broadcast_2 stored as values in memory (estimated size 112.5 KiB, free 434.0 MiB)
25/06/07 19:52:20 INFO MemoryStore: Block broadcast_2_piece0 stored as bytes in memory (estimated size 43.7 KiB, free 434.0 MiB)
25/06/07 19:52:20 INFO BlockManagerInfo: Added broadcast_2_piece0 in memory on desktop-fedora:45807 (size: 43.7 KiB, free: 434.3 MiB)
25/06/07 19:52:20 INFO SparkContext: Created broadcast 2 from broadcast at DAGScheduler.scala:1585
25/06/07 19:52:20 INFO DAGScheduler: Submitting 2 missing tasks from ResultStage 1 (MapPartitionsRDD[8] at saveAsTextFile at NativeMethodAccessorImpl.java:0) (first 15 tasks are for partitions Vector(0, 1))
25/06/07 19:52:20 INFO TaskSchedulerImpl: Adding task set 1.0 with 2 tasks resource profile 0
25/06/07 19:52:20 INFO TaskSetManager: Starting task 0.0 in stage 1.0 (TID 2) (desktop-fedora, executor driver, partition 0, NODE_LOCAL, 8817 bytes) 
25/06/07 19:52:20 INFO TaskSetManager: Starting task 1.0 in stage 1.0 (TID 3) (desktop-fedora, executor driver, partition 1, NODE_LOCAL, 8817 bytes) 
25/06/07 19:52:20 INFO Executor: Running task 0.0 in stage 1.0 (TID 2)
25/06/07 19:52:20 INFO Executor: Running task 1.0 in stage 1.0 (TID 3)
25/06/07 19:52:20 INFO ShuffleBlockFetcherIterator: Getting 2 (4.3 MiB) non-empty blocks including 2 (4.3 MiB) local and 0 (0.0 B) host-local and 0 (0.0 B) push-merged-local and 0 (0.0 B) remote blocks
25/06/07 19:52:20 INFO ShuffleBlockFetcherIterator: Getting 2 (4.5 MiB) non-empty blocks including 2 (4.5 MiB) local and 0 (0.0 B) host-local and 0 (0.0 B) push-merged-local and 0 (0.0 B) remote blocks
25/06/07 19:52:20 INFO ShuffleBlockFetcherIterator: Started 0 remote fetches in 7 ms
25/06/07 19:52:20 INFO ShuffleBlockFetcherIterator: Started 0 remote fetches in 6 ms
25/06/07 19:52:20 INFO HadoopMapRedCommitProtocol: Using output committer class org.apache.hadoop.mapred.FileOutputCommitter
25/06/07 19:52:20 INFO HadoopMapRedCommitProtocol: Using output committer class org.apache.hadoop.mapred.FileOutputCommitter
25/06/07 19:52:20 INFO FileOutputCommitter: File Output Committer Algorithm version is 1
25/06/07 19:52:20 INFO FileOutputCommitter: File Output Committer Algorithm version is 1
25/06/07 19:52:20 INFO FileOutputCommitter: FileOutputCommitter skip cleanup _temporary folders under output directory:false, ignore cleanup failures: false
25/06/07 19:52:20 INFO FileOutputCommitter: FileOutputCommitter skip cleanup _temporary folders under output directory:false, ignore cleanup failures: false
25/06/07 19:52:20 INFO BlockManagerInfo: Removed broadcast_1_piece0 on desktop-fedora:45807 in memory (size: 9.8 KiB, free: 434.3 MiB)
25/06/07 19:52:20 INFO PythonRunner: Times: total = 126, boot = -104, init = 115, finish = 115
25/06/07 19:52:21 INFO PythonRunner: Times: total = 133, boot = -101, init = 112, finish = 122
25/06/07 19:52:21 INFO FileOutputCommitter: Saved output of task 'attempt_202506071952195029968255608223959_0008_m_000001_0' to hdfs://localhost:9000/user/giovanni/output/cleaned_pruned_used_cars_data_1percent_task2_sparkcore_result/_temporary/0/task_202506071952195029968255608223959_0008_m_000001
25/06/07 19:52:21 INFO SparkHadoopMapRedUtil: attempt_202506071952195029968255608223959_0008_m_000001_0: Committed. Elapsed time: 6 ms.
25/06/07 19:52:21 INFO FileOutputCommitter: Saved output of task 'attempt_202506071952195029968255608223959_0008_m_000000_0' to hdfs://localhost:9000/user/giovanni/output/cleaned_pruned_used_cars_data_1percent_task2_sparkcore_result/_temporary/0/task_202506071952195029968255608223959_0008_m_000000
25/06/07 19:52:21 INFO SparkHadoopMapRedUtil: attempt_202506071952195029968255608223959_0008_m_000000_0: Committed. Elapsed time: 7 ms.
25/06/07 19:52:21 INFO Executor: Finished task 1.0 in stage 1.0 (TID 3). 2394 bytes result sent to driver
25/06/07 19:52:21 INFO Executor: Finished task 0.0 in stage 1.0 (TID 2). 2394 bytes result sent to driver
25/06/07 19:52:21 INFO TaskSetManager: Finished task 1.0 in stage 1.0 (TID 3) in 249 ms on desktop-fedora (executor driver) (1/2)
25/06/07 19:52:21 INFO TaskSetManager: Finished task 0.0 in stage 1.0 (TID 2) in 250 ms on desktop-fedora (executor driver) (2/2)
25/06/07 19:52:21 INFO TaskSchedulerImpl: Removed TaskSet 1.0, whose tasks have all completed, from pool 
25/06/07 19:52:21 INFO DAGScheduler: ResultStage 1 (runJob at SparkHadoopWriter.scala:83) finished in 0.264 s
25/06/07 19:52:21 INFO DAGScheduler: Job 0 is finished. Cancelling potential speculative or zombie tasks for this job
25/06/07 19:52:21 INFO TaskSchedulerImpl: Killing all running tasks in stage 1: Stage finished
25/06/07 19:52:21 INFO DAGScheduler: Job 0 finished: runJob at SparkHadoopWriter.scala:83, took 1.977296 s
25/06/07 19:52:21 INFO SparkHadoopWriter: Start to commit write Job job_202506071952195029968255608223959_0008.
25/06/07 19:52:21 INFO SparkHadoopWriter: Write Job job_202506071952195029968255608223959_0008 committed. Elapsed time: 36 ms.
25/06/07 19:52:21 INFO SparkContext: Invoking stop() from shutdown hook
25/06/07 19:52:21 INFO SparkContext: SparkContext is stopping with exitCode 0.
25/06/07 19:52:21 INFO SparkUI: Stopped Spark web UI at http://desktop-fedora:4040
25/06/07 19:52:21 INFO MapOutputTrackerMasterEndpoint: MapOutputTrackerMasterEndpoint stopped!
25/06/07 19:52:21 INFO MemoryStore: MemoryStore cleared
25/06/07 19:52:21 INFO BlockManager: BlockManager stopped
25/06/07 19:52:21 INFO BlockManagerMaster: BlockManagerMaster stopped
25/06/07 19:52:21 INFO OutputCommitCoordinator$OutputCommitCoordinatorEndpoint: OutputCommitCoordinator stopped!
25/06/07 19:52:21 INFO SparkContext: Successfully stopped SparkContext
25/06/07 19:52:21 INFO ShutdownHookManager: Shutdown hook called
25/06/07 19:52:21 INFO ShutdownHookManager: Deleting directory /tmp/spark-595f441b-3d1a-47b0-99c4-838bddd2763b
25/06/07 19:52:21 INFO ShutdownHookManager: Deleting directory /tmp/spark-85e11ad4-ff61-42ee-a8e6-630f4d146419
25/06/07 19:52:21 INFO ShutdownHookManager: Deleting directory /tmp/spark-595f441b-3d1a-47b0-99c4-838bddd2763b/pyspark-f79d769d-47ad-4092-8b56-4b75940eedd6
