25/05/31 11:19:47 INFO SparkContext: Running Spark version 3.5.5
25/05/31 11:19:47 INFO SparkContext: OS info Linux, 6.14.8-300.fc42.x86_64, amd64
25/05/31 11:19:47 INFO SparkContext: Java version 11.0.26
25/05/31 11:19:47 WARN NativeCodeLoader: Unable to load native-hadoop library for your platform... using builtin-java classes where applicable
25/05/31 11:19:47 INFO ResourceUtils: ==============================================================
25/05/31 11:19:47 INFO ResourceUtils: No custom resources configured for spark.driver.
25/05/31 11:19:47 INFO ResourceUtils: ==============================================================
25/05/31 11:19:47 INFO SparkContext: Submitted application: task 1
25/05/31 11:19:47 INFO ResourceProfile: Default ResourceProfile created, executor resources: Map(cores -> name: cores, amount: 1, script: , vendor: , memory -> name: memory, amount: 1024, script: , vendor: , offHeap -> name: offHeap, amount: 0, script: , vendor: ), task resources: Map(cpus -> name: cpus, amount: 1.0)
25/05/31 11:19:47 INFO ResourceProfile: Limiting resource is cpu
25/05/31 11:19:47 INFO ResourceProfileManager: Added ResourceProfile id: 0
25/05/31 11:19:47 INFO SecurityManager: Changing view acls to: giovanni
25/05/31 11:19:47 INFO SecurityManager: Changing modify acls to: giovanni
25/05/31 11:19:47 INFO SecurityManager: Changing view acls groups to: 
25/05/31 11:19:47 INFO SecurityManager: Changing modify acls groups to: 
25/05/31 11:19:47 INFO SecurityManager: SecurityManager: authentication disabled; ui acls disabled; users with view permissions: giovanni; groups with view permissions: EMPTY; users with modify permissions: giovanni; groups with modify permissions: EMPTY
25/05/31 11:19:47 INFO Utils: Successfully started service 'sparkDriver' on port 38349.
25/05/31 11:19:47 INFO SparkEnv: Registering MapOutputTracker
25/05/31 11:19:47 INFO SparkEnv: Registering BlockManagerMaster
25/05/31 11:19:47 INFO BlockManagerMasterEndpoint: Using org.apache.spark.storage.DefaultTopologyMapper for getting topology information
25/05/31 11:19:47 INFO BlockManagerMasterEndpoint: BlockManagerMasterEndpoint up
25/05/31 11:19:47 INFO SparkEnv: Registering BlockManagerMasterHeartbeat
25/05/31 11:19:47 INFO DiskBlockManager: Created local directory at /tmp/blockmgr-1abdb36b-f2f3-4364-8ee4-6ff7ea9e755f
25/05/31 11:19:47 INFO MemoryStore: MemoryStore started with capacity 434.4 MiB
25/05/31 11:19:47 INFO SparkEnv: Registering OutputCommitCoordinator
25/05/31 11:19:47 INFO JettyUtils: Start Jetty 0.0.0.0:4040 for SparkUI
25/05/31 11:19:48 INFO Utils: Successfully started service 'SparkUI' on port 4040.
25/05/31 11:19:48 INFO Executor: Starting executor ID driver on host desktop-fedora
25/05/31 11:19:48 INFO Executor: OS info Linux, 6.14.8-300.fc42.x86_64, amd64
25/05/31 11:19:48 INFO Executor: Java version 11.0.26
25/05/31 11:19:48 INFO Executor: Starting executor with user classpath (userClassPathFirst = false): ''
25/05/31 11:19:48 INFO Executor: Created or updated repl class loader org.apache.spark.util.MutableURLClassLoader@477fafd8 for default.
25/05/31 11:19:48 INFO Utils: Successfully started service 'org.apache.spark.network.netty.NettyBlockTransferService' on port 35943.
25/05/31 11:19:48 INFO NettyBlockTransferService: Server created on desktop-fedora:35943
25/05/31 11:19:48 INFO BlockManager: Using org.apache.spark.storage.RandomBlockReplicationPolicy for block replication policy
25/05/31 11:19:48 INFO BlockManagerMaster: Registering BlockManager BlockManagerId(driver, desktop-fedora, 35943, None)
25/05/31 11:19:48 INFO BlockManagerMasterEndpoint: Registering block manager desktop-fedora:35943 with 434.4 MiB RAM, BlockManagerId(driver, desktop-fedora, 35943, None)
25/05/31 11:19:48 INFO BlockManagerMaster: Registered BlockManager BlockManagerId(driver, desktop-fedora, 35943, None)
25/05/31 11:19:48 INFO BlockManager: Initialized BlockManager: BlockManagerId(driver, desktop-fedora, 35943, None)
25/05/31 11:19:48 INFO MemoryStore: Block broadcast_0 stored as values in memory (estimated size 222.2 KiB, free 434.2 MiB)
25/05/31 11:19:48 INFO MemoryStore: Block broadcast_0_piece0 stored as bytes in memory (estimated size 33.2 KiB, free 434.2 MiB)
25/05/31 11:19:48 INFO BlockManagerInfo: Added broadcast_0_piece0 in memory on desktop-fedora:35943 (size: 33.2 KiB, free: 434.4 MiB)
25/05/31 11:19:48 INFO SparkContext: Created broadcast 0 from textFile at NativeMethodAccessorImpl.java:0
25/05/31 11:19:48 INFO FileInputFormat: Total input files to process : 1
25/05/31 11:19:48 INFO NetworkTopology: Adding a new node: /default-rack/127.0.0.1:9866
25/05/31 11:19:48 INFO deprecation: mapred.output.dir is deprecated. Instead, use mapreduce.output.fileoutputformat.outputdir
25/05/31 11:19:48 INFO HadoopMapRedCommitProtocol: Using output committer class org.apache.hadoop.mapred.FileOutputCommitter
25/05/31 11:19:48 INFO FileOutputCommitter: File Output Committer Algorithm version is 1
25/05/31 11:19:48 INFO FileOutputCommitter: FileOutputCommitter skip cleanup _temporary folders under output directory:false, ignore cleanup failures: false
25/05/31 11:19:48 INFO SparkContext: Starting job: runJob at SparkHadoopWriter.scala:83
25/05/31 11:19:48 INFO DAGScheduler: Registering RDD 3 (reduceByKey at /home/giovanni/Projects/big-data/progetto/task_2/spark-core/spark-job.py:95) as input to shuffle 0
25/05/31 11:19:48 INFO DAGScheduler: Got job 0 (runJob at SparkHadoopWriter.scala:83) with 12 output partitions
25/05/31 11:19:48 INFO DAGScheduler: Final stage: ResultStage 1 (runJob at SparkHadoopWriter.scala:83)
25/05/31 11:19:48 INFO DAGScheduler: Parents of final stage: List(ShuffleMapStage 0)
25/05/31 11:19:48 INFO DAGScheduler: Missing parents: List(ShuffleMapStage 0)
25/05/31 11:19:48 INFO DAGScheduler: Submitting ShuffleMapStage 0 (PairwiseRDD[3] at reduceByKey at /home/giovanni/Projects/big-data/progetto/task_2/spark-core/spark-job.py:95), which has no missing parents
25/05/31 11:19:48 INFO MemoryStore: Block broadcast_1 stored as values in memory (estimated size 16.2 KiB, free 434.1 MiB)
25/05/31 11:19:48 INFO MemoryStore: Block broadcast_1_piece0 stored as bytes in memory (estimated size 9.9 KiB, free 434.1 MiB)
25/05/31 11:19:48 INFO BlockManagerInfo: Added broadcast_1_piece0 in memory on desktop-fedora:35943 (size: 9.9 KiB, free: 434.4 MiB)
25/05/31 11:19:48 INFO SparkContext: Created broadcast 1 from broadcast at DAGScheduler.scala:1585
25/05/31 11:19:48 INFO DAGScheduler: Submitting 12 missing tasks from ShuffleMapStage 0 (PairwiseRDD[3] at reduceByKey at /home/giovanni/Projects/big-data/progetto/task_2/spark-core/spark-job.py:95) (first 15 tasks are for partitions Vector(0, 1, 2, 3, 4, 5, 6, 7, 8, 9, 10, 11))
25/05/31 11:19:48 INFO TaskSchedulerImpl: Adding task set 0.0 with 12 tasks resource profile 0
25/05/31 11:19:48 INFO TaskSetManager: Starting task 0.0 in stage 0.0 (TID 0) (desktop-fedora, executor driver, partition 0, NODE_LOCAL, 9089 bytes) 
25/05/31 11:19:48 INFO TaskSetManager: Starting task 1.0 in stage 0.0 (TID 1) (desktop-fedora, executor driver, partition 1, NODE_LOCAL, 9089 bytes) 
25/05/31 11:19:48 INFO TaskSetManager: Starting task 2.0 in stage 0.0 (TID 2) (desktop-fedora, executor driver, partition 2, NODE_LOCAL, 9089 bytes) 
25/05/31 11:19:48 INFO TaskSetManager: Starting task 3.0 in stage 0.0 (TID 3) (desktop-fedora, executor driver, partition 3, NODE_LOCAL, 9089 bytes) 
25/05/31 11:19:48 INFO TaskSetManager: Starting task 4.0 in stage 0.0 (TID 4) (desktop-fedora, executor driver, partition 4, NODE_LOCAL, 9089 bytes) 
25/05/31 11:19:48 INFO TaskSetManager: Starting task 5.0 in stage 0.0 (TID 5) (desktop-fedora, executor driver, partition 5, NODE_LOCAL, 9089 bytes) 
25/05/31 11:19:48 INFO TaskSetManager: Starting task 6.0 in stage 0.0 (TID 6) (desktop-fedora, executor driver, partition 6, NODE_LOCAL, 9089 bytes) 
25/05/31 11:19:48 INFO TaskSetManager: Starting task 7.0 in stage 0.0 (TID 7) (desktop-fedora, executor driver, partition 7, NODE_LOCAL, 9089 bytes) 
25/05/31 11:19:48 INFO Executor: Running task 7.0 in stage 0.0 (TID 7)
25/05/31 11:19:48 INFO Executor: Running task 5.0 in stage 0.0 (TID 5)
25/05/31 11:19:48 INFO Executor: Running task 3.0 in stage 0.0 (TID 3)
25/05/31 11:19:48 INFO Executor: Running task 1.0 in stage 0.0 (TID 1)
25/05/31 11:19:48 INFO Executor: Running task 2.0 in stage 0.0 (TID 2)
25/05/31 11:19:48 INFO Executor: Running task 6.0 in stage 0.0 (TID 6)
25/05/31 11:19:48 INFO Executor: Running task 4.0 in stage 0.0 (TID 4)
25/05/31 11:19:48 INFO Executor: Running task 0.0 in stage 0.0 (TID 0)
25/05/31 11:19:48 INFO HadoopRDD: Input split: hdfs://localhost:9000/user/giovanni/input/cleaned_pruned_used_cars_data_20percent.csv:402653184+134217728
25/05/31 11:19:48 INFO HadoopRDD: Input split: hdfs://localhost:9000/user/giovanni/input/cleaned_pruned_used_cars_data_20percent.csv:805306368+134217728
25/05/31 11:19:48 INFO HadoopRDD: Input split: hdfs://localhost:9000/user/giovanni/input/cleaned_pruned_used_cars_data_20percent.csv:268435456+134217728
25/05/31 11:19:48 INFO HadoopRDD: Input split: hdfs://localhost:9000/user/giovanni/input/cleaned_pruned_used_cars_data_20percent.csv:671088640+134217728
25/05/31 11:19:48 INFO HadoopRDD: Input split: hdfs://localhost:9000/user/giovanni/input/cleaned_pruned_used_cars_data_20percent.csv:939524096+134217728
25/05/31 11:19:48 INFO HadoopRDD: Input split: hdfs://localhost:9000/user/giovanni/input/cleaned_pruned_used_cars_data_20percent.csv:536870912+134217728
25/05/31 11:19:48 INFO HadoopRDD: Input split: hdfs://localhost:9000/user/giovanni/input/cleaned_pruned_used_cars_data_20percent.csv:134217728+134217728
25/05/31 11:19:48 INFO HadoopRDD: Input split: hdfs://localhost:9000/user/giovanni/input/cleaned_pruned_used_cars_data_20percent.csv:0+134217728
25/05/31 11:19:53 INFO PythonRunner: Times: total = 4434, boot = 276, init = 41, finish = 4117
25/05/31 11:19:53 INFO Executor: Finished task 4.0 in stage 0.0 (TID 4). 1679 bytes result sent to driver
25/05/31 11:19:53 INFO TaskSetManager: Starting task 8.0 in stage 0.0 (TID 8) (desktop-fedora, executor driver, partition 8, NODE_LOCAL, 9089 bytes) 
25/05/31 11:19:53 INFO Executor: Running task 8.0 in stage 0.0 (TID 8)
25/05/31 11:19:53 INFO HadoopRDD: Input split: hdfs://localhost:9000/user/giovanni/input/cleaned_pruned_used_cars_data_20percent.csv:1073741824+134217728
25/05/31 11:19:53 INFO TaskSetManager: Finished task 4.0 in stage 0.0 (TID 4) in 4623 ms on desktop-fedora (executor driver) (1/12)
25/05/31 11:19:53 INFO PythonAccumulatorV2: Connected to AccumulatorServer at host: 127.0.0.1 port: 44691
25/05/31 11:19:53 INFO PythonRunner: Times: total = 4542, boot = 292, init = 49, finish = 4201
25/05/31 11:19:53 INFO Executor: Finished task 6.0 in stage 0.0 (TID 6). 1636 bytes result sent to driver
25/05/31 11:19:53 INFO TaskSetManager: Starting task 9.0 in stage 0.0 (TID 9) (desktop-fedora, executor driver, partition 9, NODE_LOCAL, 9089 bytes) 
25/05/31 11:19:53 INFO Executor: Running task 9.0 in stage 0.0 (TID 9)
25/05/31 11:19:53 INFO TaskSetManager: Finished task 6.0 in stage 0.0 (TID 6) in 4690 ms on desktop-fedora (executor driver) (2/12)
25/05/31 11:19:53 INFO HadoopRDD: Input split: hdfs://localhost:9000/user/giovanni/input/cleaned_pruned_used_cars_data_20percent.csv:1207959552+134217728
25/05/31 11:19:53 INFO PythonRunner: Times: total = 4711, boot = 283, init = 46, finish = 4382
25/05/31 11:19:53 INFO Executor: Finished task 5.0 in stage 0.0 (TID 5). 1679 bytes result sent to driver
25/05/31 11:19:53 INFO TaskSetManager: Starting task 10.0 in stage 0.0 (TID 10) (desktop-fedora, executor driver, partition 10, NODE_LOCAL, 9089 bytes) 
25/05/31 11:19:53 INFO Executor: Running task 10.0 in stage 0.0 (TID 10)
25/05/31 11:19:53 INFO TaskSetManager: Finished task 5.0 in stage 0.0 (TID 5) in 4861 ms on desktop-fedora (executor driver) (3/12)
25/05/31 11:19:53 INFO HadoopRDD: Input split: hdfs://localhost:9000/user/giovanni/input/cleaned_pruned_used_cars_data_20percent.csv:1342177280+134217728
25/05/31 11:19:53 INFO PythonRunner: Times: total = 4875, boot = 288, init = 45, finish = 4542
25/05/31 11:19:53 INFO Executor: Finished task 3.0 in stage 0.0 (TID 3). 1636 bytes result sent to driver
25/05/31 11:19:53 INFO TaskSetManager: Finished task 3.0 in stage 0.0 (TID 3) in 5010 ms on desktop-fedora (executor driver) (4/12)
25/05/31 11:19:54 INFO PythonRunner: Times: total = 5050, boot = 278, init = 40, finish = 4732
25/05/31 11:19:54 INFO Executor: Finished task 7.0 in stage 0.0 (TID 7). 1636 bytes result sent to driver
25/05/31 11:19:54 INFO TaskSetManager: Finished task 7.0 in stage 0.0 (TID 7) in 5176 ms on desktop-fedora (executor driver) (5/12)
25/05/31 11:19:54 INFO PythonRunner: Times: total = 5115, boot = 286, init = 47, finish = 4782
25/05/31 11:19:54 INFO Executor: Finished task 2.0 in stage 0.0 (TID 2). 1636 bytes result sent to driver
25/05/31 11:19:54 INFO TaskSetManager: Finished task 2.0 in stage 0.0 (TID 2) in 5272 ms on desktop-fedora (executor driver) (6/12)
25/05/31 11:19:54 INFO PythonRunner: Times: total = 5799, boot = 281, init = 37, finish = 5481
25/05/31 11:19:54 INFO Executor: Finished task 1.0 in stage 0.0 (TID 1). 1636 bytes result sent to driver
25/05/31 11:19:54 INFO TaskSetManager: Finished task 1.0 in stage 0.0 (TID 1) in 5923 ms on desktop-fedora (executor driver) (7/12)
25/05/31 11:19:55 INFO PythonRunner: Times: total = 5964, boot = 313, init = 50, finish = 5601
25/05/31 11:19:55 INFO Executor: Finished task 0.0 in stage 0.0 (TID 0). 1636 bytes result sent to driver
25/05/31 11:19:55 INFO TaskSetManager: Finished task 0.0 in stage 0.0 (TID 0) in 6099 ms on desktop-fedora (executor driver) (8/12)
25/05/31 11:19:57 INFO PythonRunner: Times: total = 3545, boot = -30, init = 33, finish = 3542
25/05/31 11:19:57 INFO Executor: Finished task 9.0 in stage 0.0 (TID 9). 1636 bytes result sent to driver
25/05/31 11:19:57 INFO TaskSetManager: Starting task 11.0 in stage 0.0 (TID 11) (desktop-fedora, executor driver, partition 11, ANY, 9089 bytes) 
25/05/31 11:19:57 INFO TaskSetManager: Finished task 9.0 in stage 0.0 (TID 9) in 3566 ms on desktop-fedora (executor driver) (9/12)
25/05/31 11:19:57 INFO Executor: Running task 11.0 in stage 0.0 (TID 11)
25/05/31 11:19:57 INFO HadoopRDD: Input split: hdfs://localhost:9000/user/giovanni/input/cleaned_pruned_used_cars_data_20percent.csv:1476395008+136401581
25/05/31 11:19:57 INFO PythonRunner: Times: total = 3703, boot = -68, init = 72, finish = 3699
25/05/31 11:19:57 INFO Executor: Finished task 8.0 in stage 0.0 (TID 8). 1636 bytes result sent to driver
25/05/31 11:19:57 INFO TaskSetManager: Finished task 8.0 in stage 0.0 (TID 8) in 3732 ms on desktop-fedora (executor driver) (10/12)
25/05/31 11:19:57 INFO PythonRunner: Times: total = 3641, boot = -33, init = 38, finish = 3636
25/05/31 11:19:57 INFO Executor: Finished task 10.0 in stage 0.0 (TID 10). 1636 bytes result sent to driver
25/05/31 11:19:57 INFO TaskSetManager: Finished task 10.0 in stage 0.0 (TID 10) in 3676 ms on desktop-fedora (executor driver) (11/12)
25/05/31 11:20:00 INFO PythonRunner: Times: total = 3354, boot = -3249, init = 3252, finish = 3351
25/05/31 11:20:00 INFO Executor: Finished task 11.0 in stage 0.0 (TID 11). 1636 bytes result sent to driver
25/05/31 11:20:00 INFO TaskSetManager: Finished task 11.0 in stage 0.0 (TID 11) in 3372 ms on desktop-fedora (executor driver) (12/12)
25/05/31 11:20:00 INFO TaskSchedulerImpl: Removed TaskSet 0.0, whose tasks have all completed, from pool 
25/05/31 11:20:00 INFO DAGScheduler: ShuffleMapStage 0 (reduceByKey at /home/giovanni/Projects/big-data/progetto/task_2/spark-core/spark-job.py:95) finished in 11.700 s
25/05/31 11:20:00 INFO DAGScheduler: looking for newly runnable stages
25/05/31 11:20:00 INFO DAGScheduler: running: Set()
25/05/31 11:20:00 INFO DAGScheduler: waiting: Set(ResultStage 1)
25/05/31 11:20:00 INFO DAGScheduler: failed: Set()
25/05/31 11:20:00 INFO DAGScheduler: Submitting ResultStage 1 (MapPartitionsRDD[8] at saveAsTextFile at NativeMethodAccessorImpl.java:0), which has no missing parents
25/05/31 11:20:00 INFO MemoryStore: Block broadcast_2 stored as values in memory (estimated size 112.5 KiB, free 434.0 MiB)
25/05/31 11:20:00 INFO MemoryStore: Block broadcast_2_piece0 stored as bytes in memory (estimated size 43.7 KiB, free 434.0 MiB)
25/05/31 11:20:00 INFO BlockManagerInfo: Added broadcast_2_piece0 in memory on desktop-fedora:35943 (size: 43.7 KiB, free: 434.3 MiB)
25/05/31 11:20:00 INFO SparkContext: Created broadcast 2 from broadcast at DAGScheduler.scala:1585
25/05/31 11:20:00 INFO DAGScheduler: Submitting 12 missing tasks from ResultStage 1 (MapPartitionsRDD[8] at saveAsTextFile at NativeMethodAccessorImpl.java:0) (first 15 tasks are for partitions Vector(0, 1, 2, 3, 4, 5, 6, 7, 8, 9, 10, 11))
25/05/31 11:20:00 INFO TaskSchedulerImpl: Adding task set 1.0 with 12 tasks resource profile 0
25/05/31 11:20:00 INFO TaskSetManager: Starting task 0.0 in stage 1.0 (TID 12) (desktop-fedora, executor driver, partition 0, NODE_LOCAL, 8817 bytes) 
25/05/31 11:20:00 INFO TaskSetManager: Starting task 1.0 in stage 1.0 (TID 13) (desktop-fedora, executor driver, partition 1, NODE_LOCAL, 8817 bytes) 
25/05/31 11:20:00 INFO TaskSetManager: Starting task 2.0 in stage 1.0 (TID 14) (desktop-fedora, executor driver, partition 2, NODE_LOCAL, 8817 bytes) 
25/05/31 11:20:00 INFO TaskSetManager: Starting task 3.0 in stage 1.0 (TID 15) (desktop-fedora, executor driver, partition 3, NODE_LOCAL, 8817 bytes) 
25/05/31 11:20:00 INFO TaskSetManager: Starting task 4.0 in stage 1.0 (TID 16) (desktop-fedora, executor driver, partition 4, NODE_LOCAL, 8817 bytes) 
25/05/31 11:20:00 INFO TaskSetManager: Starting task 5.0 in stage 1.0 (TID 17) (desktop-fedora, executor driver, partition 5, NODE_LOCAL, 8817 bytes) 
25/05/31 11:20:00 INFO TaskSetManager: Starting task 6.0 in stage 1.0 (TID 18) (desktop-fedora, executor driver, partition 6, NODE_LOCAL, 8817 bytes) 
25/05/31 11:20:00 INFO TaskSetManager: Starting task 7.0 in stage 1.0 (TID 19) (desktop-fedora, executor driver, partition 7, NODE_LOCAL, 8817 bytes) 
25/05/31 11:20:00 INFO Executor: Running task 0.0 in stage 1.0 (TID 12)
25/05/31 11:20:00 INFO Executor: Running task 1.0 in stage 1.0 (TID 13)
25/05/31 11:20:00 INFO Executor: Running task 2.0 in stage 1.0 (TID 14)
25/05/31 11:20:00 INFO Executor: Running task 4.0 in stage 1.0 (TID 16)
25/05/31 11:20:00 INFO Executor: Running task 3.0 in stage 1.0 (TID 15)
25/05/31 11:20:00 INFO Executor: Running task 6.0 in stage 1.0 (TID 18)
25/05/31 11:20:00 INFO Executor: Running task 5.0 in stage 1.0 (TID 17)
25/05/31 11:20:00 INFO Executor: Running task 7.0 in stage 1.0 (TID 19)
25/05/31 11:20:00 INFO ShuffleBlockFetcherIterator: Getting 12 (14.2 MiB) non-empty blocks including 12 (14.2 MiB) local and 0 (0.0 B) host-local and 0 (0.0 B) push-merged-local and 0 (0.0 B) remote blocks
25/05/31 11:20:00 INFO ShuffleBlockFetcherIterator: Getting 12 (14.1 MiB) non-empty blocks including 12 (14.1 MiB) local and 0 (0.0 B) host-local and 0 (0.0 B) push-merged-local and 0 (0.0 B) remote blocks
25/05/31 11:20:00 INFO ShuffleBlockFetcherIterator: Getting 12 (13.4 MiB) non-empty blocks including 12 (13.4 MiB) local and 0 (0.0 B) host-local and 0 (0.0 B) push-merged-local and 0 (0.0 B) remote blocks
25/05/31 11:20:00 INFO ShuffleBlockFetcherIterator: Getting 12 (13.6 MiB) non-empty blocks including 12 (13.6 MiB) local and 0 (0.0 B) host-local and 0 (0.0 B) push-merged-local and 0 (0.0 B) remote blocks
25/05/31 11:20:00 INFO ShuffleBlockFetcherIterator: Getting 12 (13.7 MiB) non-empty blocks including 12 (13.7 MiB) local and 0 (0.0 B) host-local and 0 (0.0 B) push-merged-local and 0 (0.0 B) remote blocks
25/05/31 11:20:00 INFO ShuffleBlockFetcherIterator: Getting 12 (13.8 MiB) non-empty blocks including 12 (13.8 MiB) local and 0 (0.0 B) host-local and 0 (0.0 B) push-merged-local and 0 (0.0 B) remote blocks
25/05/31 11:20:00 INFO ShuffleBlockFetcherIterator: Getting 12 (13.8 MiB) non-empty blocks including 12 (13.8 MiB) local and 0 (0.0 B) host-local and 0 (0.0 B) push-merged-local and 0 (0.0 B) remote blocks
25/05/31 11:20:00 INFO ShuffleBlockFetcherIterator: Getting 12 (13.8 MiB) non-empty blocks including 12 (13.8 MiB) local and 0 (0.0 B) host-local and 0 (0.0 B) push-merged-local and 0 (0.0 B) remote blocks
25/05/31 11:20:00 INFO ShuffleBlockFetcherIterator: Started 0 remote fetches in 8 ms
25/05/31 11:20:00 INFO ShuffleBlockFetcherIterator: Started 0 remote fetches in 8 ms
25/05/31 11:20:00 INFO ShuffleBlockFetcherIterator: Started 0 remote fetches in 8 ms
25/05/31 11:20:00 INFO ShuffleBlockFetcherIterator: Started 0 remote fetches in 9 ms
25/05/31 11:20:00 INFO ShuffleBlockFetcherIterator: Started 0 remote fetches in 8 ms
25/05/31 11:20:00 INFO ShuffleBlockFetcherIterator: Started 0 remote fetches in 9 ms
25/05/31 11:20:00 INFO ShuffleBlockFetcherIterator: Started 0 remote fetches in 9 ms
25/05/31 11:20:00 INFO ShuffleBlockFetcherIterator: Started 0 remote fetches in 9 ms
25/05/31 11:20:00 INFO HadoopMapRedCommitProtocol: Using output committer class org.apache.hadoop.mapred.FileOutputCommitter
25/05/31 11:20:00 INFO HadoopMapRedCommitProtocol: Using output committer class org.apache.hadoop.mapred.FileOutputCommitter
25/05/31 11:20:00 INFO HadoopMapRedCommitProtocol: Using output committer class org.apache.hadoop.mapred.FileOutputCommitter
25/05/31 11:20:00 INFO HadoopMapRedCommitProtocol: Using output committer class org.apache.hadoop.mapred.FileOutputCommitter
25/05/31 11:20:00 INFO HadoopMapRedCommitProtocol: Using output committer class org.apache.hadoop.mapred.FileOutputCommitter
25/05/31 11:20:00 INFO HadoopMapRedCommitProtocol: Using output committer class org.apache.hadoop.mapred.FileOutputCommitter
25/05/31 11:20:00 INFO HadoopMapRedCommitProtocol: Using output committer class org.apache.hadoop.mapred.FileOutputCommitter
25/05/31 11:20:00 INFO HadoopMapRedCommitProtocol: Using output committer class org.apache.hadoop.mapred.FileOutputCommitter
25/05/31 11:20:00 INFO FileOutputCommitter: File Output Committer Algorithm version is 1
25/05/31 11:20:00 INFO FileOutputCommitter: File Output Committer Algorithm version is 1
25/05/31 11:20:00 INFO FileOutputCommitter: FileOutputCommitter skip cleanup _temporary folders under output directory:false, ignore cleanup failures: false
25/05/31 11:20:00 INFO FileOutputCommitter: FileOutputCommitter skip cleanup _temporary folders under output directory:false, ignore cleanup failures: false
25/05/31 11:20:00 INFO FileOutputCommitter: File Output Committer Algorithm version is 1
25/05/31 11:20:00 INFO FileOutputCommitter: FileOutputCommitter skip cleanup _temporary folders under output directory:false, ignore cleanup failures: false
25/05/31 11:20:00 INFO FileOutputCommitter: File Output Committer Algorithm version is 1
25/05/31 11:20:00 INFO FileOutputCommitter: File Output Committer Algorithm version is 1
25/05/31 11:20:00 INFO FileOutputCommitter: File Output Committer Algorithm version is 1
25/05/31 11:20:00 INFO FileOutputCommitter: File Output Committer Algorithm version is 1
25/05/31 11:20:00 INFO FileOutputCommitter: File Output Committer Algorithm version is 1
25/05/31 11:20:00 INFO FileOutputCommitter: FileOutputCommitter skip cleanup _temporary folders under output directory:false, ignore cleanup failures: false
25/05/31 11:20:00 INFO FileOutputCommitter: FileOutputCommitter skip cleanup _temporary folders under output directory:false, ignore cleanup failures: false
25/05/31 11:20:00 INFO FileOutputCommitter: FileOutputCommitter skip cleanup _temporary folders under output directory:false, ignore cleanup failures: false
25/05/31 11:20:00 INFO FileOutputCommitter: FileOutputCommitter skip cleanup _temporary folders under output directory:false, ignore cleanup failures: false
25/05/31 11:20:00 INFO FileOutputCommitter: FileOutputCommitter skip cleanup _temporary folders under output directory:false, ignore cleanup failures: false
25/05/31 11:20:01 INFO PythonRunner: Times: total = 511, boot = -5675, init = 5688, finish = 498
25/05/31 11:20:01 INFO PythonRunner: Times: total = 531, boot = -6480, init = 6492, finish = 519
25/05/31 11:20:01 INFO PythonRunner: Times: total = 540, boot = -3188, init = 3200, finish = 528
25/05/31 11:20:01 INFO FileOutputCommitter: Saved output of task 'attempt_202505311119489105545994825011008_0008_m_000007_0' to hdfs://localhost:9000/user/giovanni/output/cleaned_pruned_used_cars_data_20percent_task2_sparkcore_result/_temporary/0/task_202505311119489105545994825011008_0008_m_000007
25/05/31 11:20:01 INFO SparkHadoopMapRedUtil: attempt_202505311119489105545994825011008_0008_m_000007_0: Committed. Elapsed time: 9 ms.
25/05/31 11:20:01 INFO Executor: Finished task 7.0 in stage 1.0 (TID 19). 2394 bytes result sent to driver
25/05/31 11:20:01 INFO TaskSetManager: Starting task 8.0 in stage 1.0 (TID 20) (desktop-fedora, executor driver, partition 8, NODE_LOCAL, 8817 bytes) 
25/05/31 11:20:01 INFO TaskSetManager: Finished task 7.0 in stage 1.0 (TID 19) in 619 ms on desktop-fedora (executor driver) (1/12)
25/05/31 11:20:01 INFO Executor: Running task 8.0 in stage 1.0 (TID 20)
25/05/31 11:20:01 INFO FileOutputCommitter: Saved output of task 'attempt_202505311119489105545994825011008_0008_m_000001_0' to hdfs://localhost:9000/user/giovanni/output/cleaned_pruned_used_cars_data_20percent_task2_sparkcore_result/_temporary/0/task_202505311119489105545994825011008_0008_m_000001
25/05/31 11:20:01 INFO SparkHadoopMapRedUtil: attempt_202505311119489105545994825011008_0008_m_000001_0: Committed. Elapsed time: 6 ms.
25/05/31 11:20:01 INFO Executor: Finished task 1.0 in stage 1.0 (TID 13). 2351 bytes result sent to driver
25/05/31 11:20:01 INFO TaskSetManager: Starting task 9.0 in stage 1.0 (TID 21) (desktop-fedora, executor driver, partition 9, NODE_LOCAL, 8817 bytes) 
25/05/31 11:20:01 INFO TaskSetManager: Finished task 1.0 in stage 1.0 (TID 13) in 628 ms on desktop-fedora (executor driver) (2/12)
25/05/31 11:20:01 INFO Executor: Running task 9.0 in stage 1.0 (TID 21)
25/05/31 11:20:01 INFO ShuffleBlockFetcherIterator: Getting 12 (13.1 MiB) non-empty blocks including 12 (13.1 MiB) local and 0 (0.0 B) host-local and 0 (0.0 B) push-merged-local and 0 (0.0 B) remote blocks
25/05/31 11:20:01 INFO ShuffleBlockFetcherIterator: Started 0 remote fetches in 1 ms
25/05/31 11:20:01 INFO PythonRunner: Times: total = 574, boot = -6529, init = 6544, finish = 559
25/05/31 11:20:01 INFO HadoopMapRedCommitProtocol: Using output committer class org.apache.hadoop.mapred.FileOutputCommitter
25/05/31 11:20:01 INFO ShuffleBlockFetcherIterator: Getting 12 (13.4 MiB) non-empty blocks including 12 (13.4 MiB) local and 0 (0.0 B) host-local and 0 (0.0 B) push-merged-local and 0 (0.0 B) remote blocks
25/05/31 11:20:01 INFO FileOutputCommitter: File Output Committer Algorithm version is 1
25/05/31 11:20:01 INFO FileOutputCommitter: FileOutputCommitter skip cleanup _temporary folders under output directory:false, ignore cleanup failures: false
25/05/31 11:20:01 INFO ShuffleBlockFetcherIterator: Started 0 remote fetches in 0 ms
25/05/31 11:20:01 INFO HadoopMapRedCommitProtocol: Using output committer class org.apache.hadoop.mapred.FileOutputCommitter
25/05/31 11:20:01 INFO FileOutputCommitter: File Output Committer Algorithm version is 1
25/05/31 11:20:01 INFO FileOutputCommitter: FileOutputCommitter skip cleanup _temporary folders under output directory:false, ignore cleanup failures: false
25/05/31 11:20:01 INFO FileOutputCommitter: Saved output of task 'attempt_202505311119489105545994825011008_0008_m_000004_0' to hdfs://localhost:9000/user/giovanni/output/cleaned_pruned_used_cars_data_20percent_task2_sparkcore_result/_temporary/0/task_202505311119489105545994825011008_0008_m_000004
25/05/31 11:20:01 INFO SparkHadoopMapRedUtil: attempt_202505311119489105545994825011008_0008_m_000004_0: Committed. Elapsed time: 9 ms.
25/05/31 11:20:01 INFO Executor: Finished task 4.0 in stage 1.0 (TID 16). 2394 bytes result sent to driver
25/05/31 11:20:01 INFO TaskSetManager: Starting task 10.0 in stage 1.0 (TID 22) (desktop-fedora, executor driver, partition 10, NODE_LOCAL, 8817 bytes) 
25/05/31 11:20:01 INFO Executor: Running task 10.0 in stage 1.0 (TID 22)
25/05/31 11:20:01 INFO TaskSetManager: Finished task 4.0 in stage 1.0 (TID 16) in 666 ms on desktop-fedora (executor driver) (3/12)
25/05/31 11:20:01 INFO ShuffleBlockFetcherIterator: Getting 12 (14.0 MiB) non-empty blocks including 12 (14.0 MiB) local and 0 (0.0 B) host-local and 0 (0.0 B) push-merged-local and 0 (0.0 B) remote blocks
25/05/31 11:20:01 INFO ShuffleBlockFetcherIterator: Started 0 remote fetches in 1 ms
25/05/31 11:20:01 INFO HadoopMapRedCommitProtocol: Using output committer class org.apache.hadoop.mapred.FileOutputCommitter
25/05/31 11:20:01 INFO FileOutputCommitter: File Output Committer Algorithm version is 1
25/05/31 11:20:01 INFO FileOutputCommitter: FileOutputCommitter skip cleanup _temporary folders under output directory:false, ignore cleanup failures: false
25/05/31 11:20:01 INFO PythonRunner: Times: total = 650, boot = -3372, init = 3389, finish = 633
25/05/31 11:20:01 INFO PythonRunner: Times: total = 650, boot = -93, init = 105, finish = 638
25/05/31 11:20:01 INFO PythonRunner: Times: total = 696, boot = -3464, init = 3481, finish = 679
25/05/31 11:20:01 INFO PythonRunner: Times: total = 767, boot = -5794, init = 5808, finish = 753
25/05/31 11:20:01 INFO FileOutputCommitter: Saved output of task 'attempt_202505311119489105545994825011008_0008_m_000002_0' to hdfs://localhost:9000/user/giovanni/output/cleaned_pruned_used_cars_data_20percent_task2_sparkcore_result/_temporary/0/task_202505311119489105545994825011008_0008_m_000002
25/05/31 11:20:01 INFO SparkHadoopMapRedUtil: attempt_202505311119489105545994825011008_0008_m_000002_0: Committed. Elapsed time: 4 ms.
25/05/31 11:20:01 INFO Executor: Finished task 2.0 in stage 1.0 (TID 14). 2394 bytes result sent to driver
25/05/31 11:20:01 INFO TaskSetManager: Starting task 11.0 in stage 1.0 (TID 23) (desktop-fedora, executor driver, partition 11, NODE_LOCAL, 8817 bytes) 
25/05/31 11:20:01 INFO TaskSetManager: Finished task 2.0 in stage 1.0 (TID 14) in 856 ms on desktop-fedora (executor driver) (4/12)
25/05/31 11:20:01 INFO Executor: Running task 11.0 in stage 1.0 (TID 23)
25/05/31 11:20:01 INFO ShuffleBlockFetcherIterator: Getting 12 (13.5 MiB) non-empty blocks including 12 (13.5 MiB) local and 0 (0.0 B) host-local and 0 (0.0 B) push-merged-local and 0 (0.0 B) remote blocks
25/05/31 11:20:01 INFO ShuffleBlockFetcherIterator: Started 0 remote fetches in 1 ms
25/05/31 11:20:01 INFO HadoopMapRedCommitProtocol: Using output committer class org.apache.hadoop.mapred.FileOutputCommitter
25/05/31 11:20:01 INFO FileOutputCommitter: File Output Committer Algorithm version is 1
25/05/31 11:20:01 INFO FileOutputCommitter: FileOutputCommitter skip cleanup _temporary folders under output directory:false, ignore cleanup failures: false
25/05/31 11:20:01 INFO FileOutputCommitter: Saved output of task 'attempt_202505311119489105545994825011008_0008_m_000005_0' to hdfs://localhost:9000/user/giovanni/output/cleaned_pruned_used_cars_data_20percent_task2_sparkcore_result/_temporary/0/task_202505311119489105545994825011008_0008_m_000005
25/05/31 11:20:01 INFO SparkHadoopMapRedUtil: attempt_202505311119489105545994825011008_0008_m_000005_0: Committed. Elapsed time: 5 ms.
25/05/31 11:20:01 INFO Executor: Finished task 5.0 in stage 1.0 (TID 17). 2394 bytes result sent to driver
25/05/31 11:20:01 INFO TaskSetManager: Finished task 5.0 in stage 1.0 (TID 17) in 1020 ms on desktop-fedora (executor driver) (5/12)
25/05/31 11:20:01 INFO PythonRunner: Times: total = 453, boot = -28, init = 30, finish = 451
25/05/31 11:20:01 INFO PythonRunner: Times: total = 467, boot = -40, init = 42, finish = 465
25/05/31 11:20:01 INFO FileOutputCommitter: Saved output of task 'attempt_202505311119489105545994825011008_0008_m_000000_0' to hdfs://localhost:9000/user/giovanni/output/cleaned_pruned_used_cars_data_20percent_task2_sparkcore_result/_temporary/0/task_202505311119489105545994825011008_0008_m_000000
25/05/31 11:20:01 INFO SparkHadoopMapRedUtil: attempt_202505311119489105545994825011008_0008_m_000000_0: Committed. Elapsed time: 4 ms.
25/05/31 11:20:01 INFO Executor: Finished task 0.0 in stage 1.0 (TID 12). 2394 bytes result sent to driver
25/05/31 11:20:01 INFO FileOutputCommitter: Saved output of task 'attempt_202505311119489105545994825011008_0008_m_000003_0' to hdfs://localhost:9000/user/giovanni/output/cleaned_pruned_used_cars_data_20percent_task2_sparkcore_result/_temporary/0/task_202505311119489105545994825011008_0008_m_000003
25/05/31 11:20:01 INFO SparkHadoopMapRedUtil: attempt_202505311119489105545994825011008_0008_m_000003_0: Committed. Elapsed time: 4 ms.
25/05/31 11:20:01 INFO TaskSetManager: Finished task 0.0 in stage 1.0 (TID 12) in 1136 ms on desktop-fedora (executor driver) (6/12)
25/05/31 11:20:01 INFO Executor: Finished task 3.0 in stage 1.0 (TID 15). 2394 bytes result sent to driver
25/05/31 11:20:01 INFO TaskSetManager: Finished task 3.0 in stage 1.0 (TID 15) in 1136 ms on desktop-fedora (executor driver) (7/12)
25/05/31 11:20:01 INFO PythonRunner: Times: total = 473, boot = -50, init = 53, finish = 470
25/05/31 11:20:01 INFO FileOutputCommitter: Saved output of task 'attempt_202505311119489105545994825011008_0008_m_000006_0' to hdfs://localhost:9000/user/giovanni/output/cleaned_pruned_used_cars_data_20percent_task2_sparkcore_result/_temporary/0/task_202505311119489105545994825011008_0008_m_000006
25/05/31 11:20:01 INFO SparkHadoopMapRedUtil: attempt_202505311119489105545994825011008_0008_m_000006_0: Committed. Elapsed time: 3 ms.
25/05/31 11:20:01 INFO Executor: Finished task 6.0 in stage 1.0 (TID 18). 2394 bytes result sent to driver
25/05/31 11:20:01 INFO TaskSetManager: Finished task 6.0 in stage 1.0 (TID 18) in 1177 ms on desktop-fedora (executor driver) (8/12)
25/05/31 11:20:01 INFO PythonRunner: Times: total = 390, boot = -199, init = 201, finish = 388
25/05/31 11:20:02 INFO FileOutputCommitter: Saved output of task 'attempt_202505311119489105545994825011008_0008_m_000009_0' to hdfs://localhost:9000/user/giovanni/output/cleaned_pruned_used_cars_data_20percent_task2_sparkcore_result/_temporary/0/task_202505311119489105545994825011008_0008_m_000009
25/05/31 11:20:02 INFO SparkHadoopMapRedUtil: attempt_202505311119489105545994825011008_0008_m_000009_0: Committed. Elapsed time: 5 ms.
25/05/31 11:20:02 INFO Executor: Finished task 9.0 in stage 1.0 (TID 21). 2394 bytes result sent to driver
25/05/31 11:20:02 INFO TaskSetManager: Finished task 9.0 in stage 1.0 (TID 21) in 893 ms on desktop-fedora (executor driver) (9/12)
25/05/31 11:20:02 INFO FileOutputCommitter: Saved output of task 'attempt_202505311119489105545994825011008_0008_m_000008_0' to hdfs://localhost:9000/user/giovanni/output/cleaned_pruned_used_cars_data_20percent_task2_sparkcore_result/_temporary/0/task_202505311119489105545994825011008_0008_m_000008
25/05/31 11:20:02 INFO SparkHadoopMapRedUtil: attempt_202505311119489105545994825011008_0008_m_000008_0: Committed. Elapsed time: 3 ms.
25/05/31 11:20:02 INFO Executor: Finished task 8.0 in stage 1.0 (TID 20). 2394 bytes result sent to driver
25/05/31 11:20:02 INFO TaskSetManager: Finished task 8.0 in stage 1.0 (TID 20) in 900 ms on desktop-fedora (executor driver) (10/12)
25/05/31 11:20:02 INFO FileOutputCommitter: Saved output of task 'attempt_202505311119489105545994825011008_0008_m_000010_0' to hdfs://localhost:9000/user/giovanni/output/cleaned_pruned_used_cars_data_20percent_task2_sparkcore_result/_temporary/0/task_202505311119489105545994825011008_0008_m_000010
25/05/31 11:20:02 INFO SparkHadoopMapRedUtil: attempt_202505311119489105545994825011008_0008_m_000010_0: Committed. Elapsed time: 3 ms.
25/05/31 11:20:02 INFO Executor: Finished task 10.0 in stage 1.0 (TID 22). 2351 bytes result sent to driver
25/05/31 11:20:02 INFO TaskSetManager: Finished task 10.0 in stage 1.0 (TID 22) in 897 ms on desktop-fedora (executor driver) (11/12)
25/05/31 11:20:02 INFO FileOutputCommitter: Saved output of task 'attempt_202505311119489105545994825011008_0008_m_000011_0' to hdfs://localhost:9000/user/giovanni/output/cleaned_pruned_used_cars_data_20percent_task2_sparkcore_result/_temporary/0/task_202505311119489105545994825011008_0008_m_000011
25/05/31 11:20:02 INFO SparkHadoopMapRedUtil: attempt_202505311119489105545994825011008_0008_m_000011_0: Committed. Elapsed time: 3 ms.
25/05/31 11:20:02 INFO Executor: Finished task 11.0 in stage 1.0 (TID 23). 2351 bytes result sent to driver
25/05/31 11:20:02 INFO TaskSetManager: Finished task 11.0 in stage 1.0 (TID 23) in 819 ms on desktop-fedora (executor driver) (12/12)
25/05/31 11:20:02 INFO TaskSchedulerImpl: Removed TaskSet 1.0, whose tasks have all completed, from pool 
25/05/31 11:20:02 INFO DAGScheduler: ResultStage 1 (runJob at SparkHadoopWriter.scala:83) finished in 1.690 s
25/05/31 11:20:02 INFO DAGScheduler: Job 0 is finished. Cancelling potential speculative or zombie tasks for this job
25/05/31 11:20:02 INFO TaskSchedulerImpl: Killing all running tasks in stage 1: Stage finished
25/05/31 11:20:02 INFO DAGScheduler: Job 0 finished: runJob at SparkHadoopWriter.scala:83, took 13.433515 s
25/05/31 11:20:02 INFO SparkHadoopWriter: Start to commit write Job job_202505311119489105545994825011008_0008.
25/05/31 11:20:02 INFO SparkHadoopWriter: Write Job job_202505311119489105545994825011008_0008 committed. Elapsed time: 58 ms.
25/05/31 11:20:02 INFO SparkContext: Invoking stop() from shutdown hook
25/05/31 11:20:02 INFO SparkContext: SparkContext is stopping with exitCode 0.
25/05/31 11:20:02 INFO SparkUI: Stopped Spark web UI at http://desktop-fedora:4040
25/05/31 11:20:02 INFO MapOutputTrackerMasterEndpoint: MapOutputTrackerMasterEndpoint stopped!
25/05/31 11:20:02 INFO MemoryStore: MemoryStore cleared
25/05/31 11:20:02 INFO BlockManager: BlockManager stopped
25/05/31 11:20:02 INFO BlockManagerMaster: BlockManagerMaster stopped
25/05/31 11:20:02 INFO OutputCommitCoordinator$OutputCommitCoordinatorEndpoint: OutputCommitCoordinator stopped!
25/05/31 11:20:02 INFO SparkContext: Successfully stopped SparkContext
25/05/31 11:20:02 INFO ShutdownHookManager: Shutdown hook called
25/05/31 11:20:02 INFO ShutdownHookManager: Deleting directory /tmp/spark-602e99d3-7baa-4176-8587-947cdec23224/pyspark-e75220e3-8552-4e1e-a35a-d7c3d6f53a34
25/05/31 11:20:02 INFO ShutdownHookManager: Deleting directory /tmp/spark-c73f1704-bd33-411f-9ef1-3f16e0cc5341
25/05/31 11:20:02 INFO ShutdownHookManager: Deleting directory /tmp/spark-602e99d3-7baa-4176-8587-947cdec23224
