25/06/09 17:02:57 INFO SparkContext: Running Spark version 3.5.5
25/06/09 17:02:57 INFO SparkContext: OS info Linux, 6.14.9-300.fc42.x86_64, amd64
25/06/09 17:02:57 INFO SparkContext: Java version 11.0.26
25/06/09 17:02:57 WARN NativeCodeLoader: Unable to load native-hadoop library for your platform... using builtin-java classes where applicable
25/06/09 17:02:57 INFO ResourceUtils: ==============================================================
25/06/09 17:02:57 INFO ResourceUtils: No custom resources configured for spark.driver.
25/06/09 17:02:57 INFO ResourceUtils: ==============================================================
25/06/09 17:02:57 INFO SparkContext: Submitted application: task 1
25/06/09 17:02:57 INFO ResourceProfile: Default ResourceProfile created, executor resources: Map(cores -> name: cores, amount: 1, script: , vendor: , memory -> name: memory, amount: 1024, script: , vendor: , offHeap -> name: offHeap, amount: 0, script: , vendor: ), task resources: Map(cpus -> name: cpus, amount: 1.0)
25/06/09 17:02:57 INFO ResourceProfile: Limiting resource is cpu
25/06/09 17:02:57 INFO ResourceProfileManager: Added ResourceProfile id: 0
25/06/09 17:02:57 INFO SecurityManager: Changing view acls to: giovanni
25/06/09 17:02:57 INFO SecurityManager: Changing modify acls to: giovanni
25/06/09 17:02:57 INFO SecurityManager: Changing view acls groups to: 
25/06/09 17:02:57 INFO SecurityManager: Changing modify acls groups to: 
25/06/09 17:02:57 INFO SecurityManager: SecurityManager: authentication disabled; ui acls disabled; users with view permissions: giovanni; groups with view permissions: EMPTY; users with modify permissions: giovanni; groups with modify permissions: EMPTY
25/06/09 17:02:57 INFO Utils: Successfully started service 'sparkDriver' on port 40993.
25/06/09 17:02:57 INFO SparkEnv: Registering MapOutputTracker
25/06/09 17:02:57 INFO SparkEnv: Registering BlockManagerMaster
25/06/09 17:02:57 INFO BlockManagerMasterEndpoint: Using org.apache.spark.storage.DefaultTopologyMapper for getting topology information
25/06/09 17:02:57 INFO BlockManagerMasterEndpoint: BlockManagerMasterEndpoint up
25/06/09 17:02:57 INFO SparkEnv: Registering BlockManagerMasterHeartbeat
25/06/09 17:02:57 INFO DiskBlockManager: Created local directory at /tmp/blockmgr-fd11344c-40d7-4bdd-a790-5f7b6ab96ffd
25/06/09 17:02:57 INFO MemoryStore: MemoryStore started with capacity 434.4 MiB
25/06/09 17:02:57 INFO SparkEnv: Registering OutputCommitCoordinator
25/06/09 17:02:57 INFO JettyUtils: Start Jetty 0.0.0.0:4040 for SparkUI
25/06/09 17:02:57 INFO Utils: Successfully started service 'SparkUI' on port 4040.
25/06/09 17:02:57 INFO Executor: Starting executor ID driver on host desktop-fedora
25/06/09 17:02:57 INFO Executor: OS info Linux, 6.14.9-300.fc42.x86_64, amd64
25/06/09 17:02:57 INFO Executor: Java version 11.0.26
25/06/09 17:02:57 INFO Executor: Starting executor with user classpath (userClassPathFirst = false): ''
25/06/09 17:02:57 INFO Executor: Created or updated repl class loader org.apache.spark.util.MutableURLClassLoader@13440736 for default.
25/06/09 17:02:57 INFO Utils: Successfully started service 'org.apache.spark.network.netty.NettyBlockTransferService' on port 38405.
25/06/09 17:02:57 INFO NettyBlockTransferService: Server created on desktop-fedora:38405
25/06/09 17:02:57 INFO BlockManager: Using org.apache.spark.storage.RandomBlockReplicationPolicy for block replication policy
25/06/09 17:02:57 INFO BlockManagerMaster: Registering BlockManager BlockManagerId(driver, desktop-fedora, 38405, None)
25/06/09 17:02:57 INFO BlockManagerMasterEndpoint: Registering block manager desktop-fedora:38405 with 434.4 MiB RAM, BlockManagerId(driver, desktop-fedora, 38405, None)
25/06/09 17:02:57 INFO BlockManagerMaster: Registered BlockManager BlockManagerId(driver, desktop-fedora, 38405, None)
25/06/09 17:02:57 INFO BlockManager: Initialized BlockManager: BlockManagerId(driver, desktop-fedora, 38405, None)
25/06/09 17:02:58 INFO MemoryStore: Block broadcast_0 stored as values in memory (estimated size 222.2 KiB, free 434.2 MiB)
25/06/09 17:02:58 INFO MemoryStore: Block broadcast_0_piece0 stored as bytes in memory (estimated size 33.2 KiB, free 434.2 MiB)
25/06/09 17:02:58 INFO BlockManagerInfo: Added broadcast_0_piece0 in memory on desktop-fedora:38405 (size: 33.2 KiB, free: 434.4 MiB)
25/06/09 17:02:58 INFO SparkContext: Created broadcast 0 from textFile at NativeMethodAccessorImpl.java:0
25/06/09 17:02:58 INFO FileInputFormat: Total input files to process : 1
25/06/09 17:02:58 INFO deprecation: mapred.output.dir is deprecated. Instead, use mapreduce.output.fileoutputformat.outputdir
25/06/09 17:02:58 INFO HadoopMapRedCommitProtocol: Using output committer class org.apache.hadoop.mapred.FileOutputCommitter
25/06/09 17:02:58 INFO FileOutputCommitter: File Output Committer Algorithm version is 1
25/06/09 17:02:58 INFO FileOutputCommitter: FileOutputCommitter skip cleanup _temporary folders under output directory:false, ignore cleanup failures: false
25/06/09 17:02:58 INFO SparkContext: Starting job: runJob at SparkHadoopWriter.scala:83
25/06/09 17:02:58 INFO DAGScheduler: Registering RDD 3 (reduceByKey at /home/giovanni/Projects/big-data/progetto/task_2/spark-core/spark-job.py:95) as input to shuffle 0
25/06/09 17:02:58 INFO DAGScheduler: Got job 0 (runJob at SparkHadoopWriter.scala:83) with 12 output partitions
25/06/09 17:02:58 INFO DAGScheduler: Final stage: ResultStage 1 (runJob at SparkHadoopWriter.scala:83)
25/06/09 17:02:58 INFO DAGScheduler: Parents of final stage: List(ShuffleMapStage 0)
25/06/09 17:02:58 INFO DAGScheduler: Missing parents: List(ShuffleMapStage 0)
25/06/09 17:02:58 INFO DAGScheduler: Submitting ShuffleMapStage 0 (PairwiseRDD[3] at reduceByKey at /home/giovanni/Projects/big-data/progetto/task_2/spark-core/spark-job.py:95), which has no missing parents
25/06/09 17:02:58 INFO MemoryStore: Block broadcast_1 stored as values in memory (estimated size 16.2 KiB, free 434.1 MiB)
25/06/09 17:02:58 INFO MemoryStore: Block broadcast_1_piece0 stored as bytes in memory (estimated size 9.9 KiB, free 434.1 MiB)
25/06/09 17:02:58 INFO BlockManagerInfo: Added broadcast_1_piece0 in memory on desktop-fedora:38405 (size: 9.9 KiB, free: 434.4 MiB)
25/06/09 17:02:58 INFO SparkContext: Created broadcast 1 from broadcast at DAGScheduler.scala:1585
25/06/09 17:02:58 INFO DAGScheduler: Submitting 12 missing tasks from ShuffleMapStage 0 (PairwiseRDD[3] at reduceByKey at /home/giovanni/Projects/big-data/progetto/task_2/spark-core/spark-job.py:95) (first 15 tasks are for partitions Vector(0, 1, 2, 3, 4, 5, 6, 7, 8, 9, 10, 11))
25/06/09 17:02:58 INFO TaskSchedulerImpl: Adding task set 0.0 with 12 tasks resource profile 0
25/06/09 17:02:58 INFO TaskSetManager: Starting task 0.0 in stage 0.0 (TID 0) (desktop-fedora, executor driver, partition 0, NODE_LOCAL, 9089 bytes) 
25/06/09 17:02:58 INFO TaskSetManager: Starting task 1.0 in stage 0.0 (TID 1) (desktop-fedora, executor driver, partition 1, NODE_LOCAL, 9089 bytes) 
25/06/09 17:02:58 INFO TaskSetManager: Starting task 2.0 in stage 0.0 (TID 2) (desktop-fedora, executor driver, partition 2, NODE_LOCAL, 9089 bytes) 
25/06/09 17:02:58 INFO TaskSetManager: Starting task 3.0 in stage 0.0 (TID 3) (desktop-fedora, executor driver, partition 3, NODE_LOCAL, 9089 bytes) 
25/06/09 17:02:58 INFO TaskSetManager: Starting task 4.0 in stage 0.0 (TID 4) (desktop-fedora, executor driver, partition 4, NODE_LOCAL, 9089 bytes) 
25/06/09 17:02:58 INFO TaskSetManager: Starting task 5.0 in stage 0.0 (TID 5) (desktop-fedora, executor driver, partition 5, NODE_LOCAL, 9089 bytes) 
25/06/09 17:02:58 INFO TaskSetManager: Starting task 6.0 in stage 0.0 (TID 6) (desktop-fedora, executor driver, partition 6, NODE_LOCAL, 9089 bytes) 
25/06/09 17:02:58 INFO TaskSetManager: Starting task 7.0 in stage 0.0 (TID 7) (desktop-fedora, executor driver, partition 7, NODE_LOCAL, 9089 bytes) 
25/06/09 17:02:58 INFO TaskSetManager: Starting task 8.0 in stage 0.0 (TID 8) (desktop-fedora, executor driver, partition 8, NODE_LOCAL, 9089 bytes) 
25/06/09 17:02:58 INFO TaskSetManager: Starting task 9.0 in stage 0.0 (TID 9) (desktop-fedora, executor driver, partition 9, NODE_LOCAL, 9089 bytes) 
25/06/09 17:02:58 INFO TaskSetManager: Starting task 10.0 in stage 0.0 (TID 10) (desktop-fedora, executor driver, partition 10, NODE_LOCAL, 9089 bytes) 
25/06/09 17:02:58 INFO TaskSetManager: Starting task 11.0 in stage 0.0 (TID 11) (desktop-fedora, executor driver, partition 11, NODE_LOCAL, 9089 bytes) 
25/06/09 17:02:58 INFO Executor: Running task 3.0 in stage 0.0 (TID 3)
25/06/09 17:02:58 INFO Executor: Running task 7.0 in stage 0.0 (TID 7)
25/06/09 17:02:58 INFO Executor: Running task 0.0 in stage 0.0 (TID 0)
25/06/09 17:02:58 INFO Executor: Running task 1.0 in stage 0.0 (TID 1)
25/06/09 17:02:58 INFO Executor: Running task 10.0 in stage 0.0 (TID 10)
25/06/09 17:02:58 INFO Executor: Running task 6.0 in stage 0.0 (TID 6)
25/06/09 17:02:58 INFO Executor: Running task 5.0 in stage 0.0 (TID 5)
25/06/09 17:02:58 INFO Executor: Running task 8.0 in stage 0.0 (TID 8)
25/06/09 17:02:58 INFO Executor: Running task 11.0 in stage 0.0 (TID 11)
25/06/09 17:02:58 INFO Executor: Running task 4.0 in stage 0.0 (TID 4)
25/06/09 17:02:58 INFO Executor: Running task 9.0 in stage 0.0 (TID 9)
25/06/09 17:02:58 INFO Executor: Running task 2.0 in stage 0.0 (TID 2)
25/06/09 17:02:58 INFO HadoopRDD: Input split: hdfs://localhost:9000/user/giovanni/input/cleaned_pruned_used_cars_data_20percent.csv:1476395008+39994423
25/06/09 17:02:58 INFO HadoopRDD: Input split: hdfs://localhost:9000/user/giovanni/input/cleaned_pruned_used_cars_data_20percent.csv:536870912+134217728
25/06/09 17:02:58 INFO HadoopRDD: Input split: hdfs://localhost:9000/user/giovanni/input/cleaned_pruned_used_cars_data_20percent.csv:939524096+134217728
25/06/09 17:02:58 INFO HadoopRDD: Input split: hdfs://localhost:9000/user/giovanni/input/cleaned_pruned_used_cars_data_20percent.csv:1342177280+134217728
25/06/09 17:02:58 INFO HadoopRDD: Input split: hdfs://localhost:9000/user/giovanni/input/cleaned_pruned_used_cars_data_20percent.csv:1207959552+134217728
25/06/09 17:02:58 INFO HadoopRDD: Input split: hdfs://localhost:9000/user/giovanni/input/cleaned_pruned_used_cars_data_20percent.csv:671088640+134217728
25/06/09 17:02:58 INFO HadoopRDD: Input split: hdfs://localhost:9000/user/giovanni/input/cleaned_pruned_used_cars_data_20percent.csv:134217728+134217728
25/06/09 17:02:58 INFO HadoopRDD: Input split: hdfs://localhost:9000/user/giovanni/input/cleaned_pruned_used_cars_data_20percent.csv:805306368+134217728
25/06/09 17:02:58 INFO HadoopRDD: Input split: hdfs://localhost:9000/user/giovanni/input/cleaned_pruned_used_cars_data_20percent.csv:268435456+134217728
25/06/09 17:02:58 INFO HadoopRDD: Input split: hdfs://localhost:9000/user/giovanni/input/cleaned_pruned_used_cars_data_20percent.csv:0+134217728
25/06/09 17:02:58 INFO HadoopRDD: Input split: hdfs://localhost:9000/user/giovanni/input/cleaned_pruned_used_cars_data_20percent.csv:1073741824+134217728
25/06/09 17:02:58 INFO HadoopRDD: Input split: hdfs://localhost:9000/user/giovanni/input/cleaned_pruned_used_cars_data_20percent.csv:402653184+134217728
25/06/09 17:03:01 INFO PythonRunner: Times: total = 2271, boot = 304, init = 56, finish = 1911
25/06/09 17:03:01 INFO Executor: Finished task 11.0 in stage 0.0 (TID 11). 1679 bytes result sent to driver
25/06/09 17:03:01 INFO TaskSetManager: Finished task 11.0 in stage 0.0 (TID 11) in 2531 ms on desktop-fedora (executor driver) (1/12)
25/06/09 17:03:01 INFO PythonAccumulatorV2: Connected to AccumulatorServer at host: 127.0.0.1 port: 37327
25/06/09 17:03:03 INFO PythonRunner: Times: total = 4896, boot = 293, init = 47, finish = 4556
25/06/09 17:03:03 INFO Executor: Finished task 10.0 in stage 0.0 (TID 10). 1679 bytes result sent to driver
25/06/09 17:03:03 INFO TaskSetManager: Finished task 10.0 in stage 0.0 (TID 10) in 5064 ms on desktop-fedora (executor driver) (2/12)
25/06/09 17:03:03 INFO PythonRunner: Times: total = 4912, boot = 310, init = 72, finish = 4530
25/06/09 17:03:03 INFO Executor: Finished task 7.0 in stage 0.0 (TID 7). 1636 bytes result sent to driver
25/06/09 17:03:03 INFO TaskSetManager: Finished task 7.0 in stage 0.0 (TID 7) in 5106 ms on desktop-fedora (executor driver) (3/12)
25/06/09 17:03:03 INFO PythonRunner: Times: total = 5097, boot = 300, init = 49, finish = 4748
25/06/09 17:03:03 INFO Executor: Finished task 5.0 in stage 0.0 (TID 5). 1679 bytes result sent to driver
25/06/09 17:03:03 INFO TaskSetManager: Finished task 5.0 in stage 0.0 (TID 5) in 5263 ms on desktop-fedora (executor driver) (4/12)
25/06/09 17:03:04 INFO PythonRunner: Times: total = 5376, boot = 288, init = 56, finish = 5032
25/06/09 17:03:04 INFO Executor: Finished task 1.0 in stage 0.0 (TID 1). 1636 bytes result sent to driver
25/06/09 17:03:04 INFO TaskSetManager: Finished task 1.0 in stage 0.0 (TID 1) in 5556 ms on desktop-fedora (executor driver) (5/12)
25/06/09 17:03:04 INFO PythonRunner: Times: total = 5414, boot = 283, init = 38, finish = 5093
25/06/09 17:03:04 INFO PythonRunner: Times: total = 5416, boot = 296, init = 53, finish = 5067
25/06/09 17:03:04 INFO Executor: Finished task 8.0 in stage 0.0 (TID 8). 1636 bytes result sent to driver
25/06/09 17:03:04 INFO TaskSetManager: Finished task 8.0 in stage 0.0 (TID 8) in 5571 ms on desktop-fedora (executor driver) (6/12)
25/06/09 17:03:04 INFO Executor: Finished task 3.0 in stage 0.0 (TID 3). 1636 bytes result sent to driver
25/06/09 17:03:04 INFO TaskSetManager: Finished task 3.0 in stage 0.0 (TID 3) in 5575 ms on desktop-fedora (executor driver) (7/12)
25/06/09 17:03:04 INFO PythonRunner: Times: total = 5558, boot = 279, init = 47, finish = 5232
25/06/09 17:03:04 INFO Executor: Finished task 6.0 in stage 0.0 (TID 6). 1636 bytes result sent to driver
25/06/09 17:03:04 INFO TaskSetManager: Finished task 6.0 in stage 0.0 (TID 6) in 5712 ms on desktop-fedora (executor driver) (8/12)
25/06/09 17:03:04 INFO PythonRunner: Times: total = 5779, boot = 281, init = 45, finish = 5453
25/06/09 17:03:04 INFO Executor: Finished task 9.0 in stage 0.0 (TID 9). 1636 bytes result sent to driver
25/06/09 17:03:04 INFO TaskSetManager: Finished task 9.0 in stage 0.0 (TID 9) in 5930 ms on desktop-fedora (executor driver) (9/12)
25/06/09 17:03:04 INFO PythonRunner: Times: total = 5812, boot = 328, init = 52, finish = 5432
25/06/09 17:03:04 INFO Executor: Finished task 0.0 in stage 0.0 (TID 0). 1636 bytes result sent to driver
25/06/09 17:03:04 INFO TaskSetManager: Finished task 0.0 in stage 0.0 (TID 0) in 5960 ms on desktop-fedora (executor driver) (10/12)
25/06/09 17:03:04 INFO PythonRunner: Times: total = 6044, boot = 285, init = 46, finish = 5713
25/06/09 17:03:04 INFO PythonRunner: Times: total = 6010, boot = 290, init = 38, finish = 5682
25/06/09 17:03:04 INFO Executor: Finished task 4.0 in stage 0.0 (TID 4). 1636 bytes result sent to driver
25/06/09 17:03:04 INFO TaskSetManager: Finished task 4.0 in stage 0.0 (TID 4) in 6195 ms on desktop-fedora (executor driver) (11/12)
25/06/09 17:03:04 INFO Executor: Finished task 2.0 in stage 0.0 (TID 2). 1636 bytes result sent to driver
25/06/09 17:03:04 INFO TaskSetManager: Finished task 2.0 in stage 0.0 (TID 2) in 6202 ms on desktop-fedora (executor driver) (12/12)
25/06/09 17:03:04 INFO TaskSchedulerImpl: Removed TaskSet 0.0, whose tasks have all completed, from pool 
25/06/09 17:03:04 INFO DAGScheduler: ShuffleMapStage 0 (reduceByKey at /home/giovanni/Projects/big-data/progetto/task_2/spark-core/spark-job.py:95) finished in 6.272 s
25/06/09 17:03:04 INFO DAGScheduler: looking for newly runnable stages
25/06/09 17:03:04 INFO DAGScheduler: running: Set()
25/06/09 17:03:04 INFO DAGScheduler: waiting: Set(ResultStage 1)
25/06/09 17:03:04 INFO DAGScheduler: failed: Set()
25/06/09 17:03:04 INFO DAGScheduler: Submitting ResultStage 1 (MapPartitionsRDD[8] at saveAsTextFile at NativeMethodAccessorImpl.java:0), which has no missing parents
25/06/09 17:03:04 INFO MemoryStore: Block broadcast_2 stored as values in memory (estimated size 112.5 KiB, free 434.0 MiB)
25/06/09 17:03:04 INFO MemoryStore: Block broadcast_2_piece0 stored as bytes in memory (estimated size 43.7 KiB, free 434.0 MiB)
25/06/09 17:03:04 INFO BlockManagerInfo: Added broadcast_2_piece0 in memory on desktop-fedora:38405 (size: 43.7 KiB, free: 434.3 MiB)
25/06/09 17:03:04 INFO SparkContext: Created broadcast 2 from broadcast at DAGScheduler.scala:1585
25/06/09 17:03:04 INFO DAGScheduler: Submitting 12 missing tasks from ResultStage 1 (MapPartitionsRDD[8] at saveAsTextFile at NativeMethodAccessorImpl.java:0) (first 15 tasks are for partitions Vector(0, 1, 2, 3, 4, 5, 6, 7, 8, 9, 10, 11))
25/06/09 17:03:04 INFO TaskSchedulerImpl: Adding task set 1.0 with 12 tasks resource profile 0
25/06/09 17:03:04 INFO TaskSetManager: Starting task 0.0 in stage 1.0 (TID 12) (desktop-fedora, executor driver, partition 0, NODE_LOCAL, 8817 bytes) 
25/06/09 17:03:04 INFO TaskSetManager: Starting task 1.0 in stage 1.0 (TID 13) (desktop-fedora, executor driver, partition 1, NODE_LOCAL, 8817 bytes) 
25/06/09 17:03:04 INFO TaskSetManager: Starting task 2.0 in stage 1.0 (TID 14) (desktop-fedora, executor driver, partition 2, NODE_LOCAL, 8817 bytes) 
25/06/09 17:03:04 INFO TaskSetManager: Starting task 3.0 in stage 1.0 (TID 15) (desktop-fedora, executor driver, partition 3, NODE_LOCAL, 8817 bytes) 
25/06/09 17:03:04 INFO TaskSetManager: Starting task 4.0 in stage 1.0 (TID 16) (desktop-fedora, executor driver, partition 4, NODE_LOCAL, 8817 bytes) 
25/06/09 17:03:04 INFO TaskSetManager: Starting task 5.0 in stage 1.0 (TID 17) (desktop-fedora, executor driver, partition 5, NODE_LOCAL, 8817 bytes) 
25/06/09 17:03:04 INFO TaskSetManager: Starting task 6.0 in stage 1.0 (TID 18) (desktop-fedora, executor driver, partition 6, NODE_LOCAL, 8817 bytes) 
25/06/09 17:03:04 INFO TaskSetManager: Starting task 7.0 in stage 1.0 (TID 19) (desktop-fedora, executor driver, partition 7, NODE_LOCAL, 8817 bytes) 
25/06/09 17:03:04 INFO TaskSetManager: Starting task 8.0 in stage 1.0 (TID 20) (desktop-fedora, executor driver, partition 8, NODE_LOCAL, 8817 bytes) 
25/06/09 17:03:04 INFO TaskSetManager: Starting task 9.0 in stage 1.0 (TID 21) (desktop-fedora, executor driver, partition 9, NODE_LOCAL, 8817 bytes) 
25/06/09 17:03:04 INFO TaskSetManager: Starting task 10.0 in stage 1.0 (TID 22) (desktop-fedora, executor driver, partition 10, NODE_LOCAL, 8817 bytes) 
25/06/09 17:03:04 INFO TaskSetManager: Starting task 11.0 in stage 1.0 (TID 23) (desktop-fedora, executor driver, partition 11, NODE_LOCAL, 8817 bytes) 
25/06/09 17:03:04 INFO Executor: Running task 0.0 in stage 1.0 (TID 12)
25/06/09 17:03:04 INFO Executor: Running task 4.0 in stage 1.0 (TID 16)
25/06/09 17:03:04 INFO Executor: Running task 1.0 in stage 1.0 (TID 13)
25/06/09 17:03:04 INFO Executor: Running task 7.0 in stage 1.0 (TID 19)
25/06/09 17:03:04 INFO Executor: Running task 5.0 in stage 1.0 (TID 17)
25/06/09 17:03:04 INFO Executor: Running task 9.0 in stage 1.0 (TID 21)
25/06/09 17:03:04 INFO Executor: Running task 2.0 in stage 1.0 (TID 14)
25/06/09 17:03:04 INFO Executor: Running task 3.0 in stage 1.0 (TID 15)
25/06/09 17:03:04 INFO Executor: Running task 8.0 in stage 1.0 (TID 20)
25/06/09 17:03:04 INFO Executor: Running task 10.0 in stage 1.0 (TID 22)
25/06/09 17:03:04 INFO Executor: Running task 6.0 in stage 1.0 (TID 18)
25/06/09 17:03:04 INFO Executor: Running task 11.0 in stage 1.0 (TID 23)
25/06/09 17:03:04 INFO ShuffleBlockFetcherIterator: Getting 12 (13.8 MiB) non-empty blocks including 12 (13.8 MiB) local and 0 (0.0 B) host-local and 0 (0.0 B) push-merged-local and 0 (0.0 B) remote blocks
25/06/09 17:03:04 INFO ShuffleBlockFetcherIterator: Getting 12 (13.0 MiB) non-empty blocks including 12 (13.0 MiB) local and 0 (0.0 B) host-local and 0 (0.0 B) push-merged-local and 0 (0.0 B) remote blocks
25/06/09 17:03:04 INFO ShuffleBlockFetcherIterator: Getting 12 (12.8 MiB) non-empty blocks including 12 (12.8 MiB) local and 0 (0.0 B) host-local and 0 (0.0 B) push-merged-local and 0 (0.0 B) remote blocks
25/06/09 17:03:04 INFO ShuffleBlockFetcherIterator: Getting 12 (13.6 MiB) non-empty blocks including 12 (13.6 MiB) local and 0 (0.0 B) host-local and 0 (0.0 B) push-merged-local and 0 (0.0 B) remote blocks
25/06/09 17:03:04 INFO ShuffleBlockFetcherIterator: Getting 12 (13.4 MiB) non-empty blocks including 12 (13.4 MiB) local and 0 (0.0 B) host-local and 0 (0.0 B) push-merged-local and 0 (0.0 B) remote blocks
25/06/09 17:03:04 INFO ShuffleBlockFetcherIterator: Getting 12 (13.3 MiB) non-empty blocks including 12 (13.3 MiB) local and 0 (0.0 B) host-local and 0 (0.0 B) push-merged-local and 0 (0.0 B) remote blocks
25/06/09 17:03:04 INFO ShuffleBlockFetcherIterator: Getting 12 (13.3 MiB) non-empty blocks including 12 (13.3 MiB) local and 0 (0.0 B) host-local and 0 (0.0 B) push-merged-local and 0 (0.0 B) remote blocks
25/06/09 17:03:04 INFO ShuffleBlockFetcherIterator: Getting 12 (13.4 MiB) non-empty blocks including 12 (13.4 MiB) local and 0 (0.0 B) host-local and 0 (0.0 B) push-merged-local and 0 (0.0 B) remote blocks
25/06/09 17:03:04 INFO ShuffleBlockFetcherIterator: Getting 12 (13.3 MiB) non-empty blocks including 12 (13.3 MiB) local and 0 (0.0 B) host-local and 0 (0.0 B) push-merged-local and 0 (0.0 B) remote blocks
25/06/09 17:03:04 INFO ShuffleBlockFetcherIterator: Getting 12 (13.4 MiB) non-empty blocks including 12 (13.4 MiB) local and 0 (0.0 B) host-local and 0 (0.0 B) push-merged-local and 0 (0.0 B) remote blocks
25/06/09 17:03:04 INFO ShuffleBlockFetcherIterator: Getting 12 (13.1 MiB) non-empty blocks including 12 (13.1 MiB) local and 0 (0.0 B) host-local and 0 (0.0 B) push-merged-local and 0 (0.0 B) remote blocks
25/06/09 17:03:04 INFO ShuffleBlockFetcherIterator: Getting 12 (13.0 MiB) non-empty blocks including 12 (13.0 MiB) local and 0 (0.0 B) host-local and 0 (0.0 B) push-merged-local and 0 (0.0 B) remote blocks
25/06/09 17:03:04 INFO ShuffleBlockFetcherIterator: Started 0 remote fetches in 7 ms
25/06/09 17:03:04 INFO ShuffleBlockFetcherIterator: Started 0 remote fetches in 7 ms
25/06/09 17:03:04 INFO ShuffleBlockFetcherIterator: Started 0 remote fetches in 7 ms
25/06/09 17:03:04 INFO ShuffleBlockFetcherIterator: Started 0 remote fetches in 7 ms
25/06/09 17:03:04 INFO ShuffleBlockFetcherIterator: Started 0 remote fetches in 7 ms
25/06/09 17:03:04 INFO ShuffleBlockFetcherIterator: Started 0 remote fetches in 7 ms
25/06/09 17:03:04 INFO ShuffleBlockFetcherIterator: Started 0 remote fetches in 7 ms
25/06/09 17:03:04 INFO ShuffleBlockFetcherIterator: Started 0 remote fetches in 7 ms
25/06/09 17:03:04 INFO ShuffleBlockFetcherIterator: Started 0 remote fetches in 7 ms
25/06/09 17:03:04 INFO ShuffleBlockFetcherIterator: Started 0 remote fetches in 7 ms
25/06/09 17:03:04 INFO ShuffleBlockFetcherIterator: Started 0 remote fetches in 7 ms
25/06/09 17:03:04 INFO ShuffleBlockFetcherIterator: Started 0 remote fetches in 7 ms
25/06/09 17:03:05 INFO HadoopMapRedCommitProtocol: Using output committer class org.apache.hadoop.mapred.FileOutputCommitter
25/06/09 17:03:05 INFO HadoopMapRedCommitProtocol: Using output committer class org.apache.hadoop.mapred.FileOutputCommitter
25/06/09 17:03:05 INFO HadoopMapRedCommitProtocol: Using output committer class org.apache.hadoop.mapred.FileOutputCommitter
25/06/09 17:03:05 INFO HadoopMapRedCommitProtocol: Using output committer class org.apache.hadoop.mapred.FileOutputCommitter
25/06/09 17:03:05 INFO HadoopMapRedCommitProtocol: Using output committer class org.apache.hadoop.mapred.FileOutputCommitter
25/06/09 17:03:05 INFO HadoopMapRedCommitProtocol: Using output committer class org.apache.hadoop.mapred.FileOutputCommitter
25/06/09 17:03:05 INFO HadoopMapRedCommitProtocol: Using output committer class org.apache.hadoop.mapred.FileOutputCommitter
25/06/09 17:03:05 INFO FileOutputCommitter: File Output Committer Algorithm version is 1
25/06/09 17:03:05 INFO FileOutputCommitter: File Output Committer Algorithm version is 1
25/06/09 17:03:05 INFO FileOutputCommitter: File Output Committer Algorithm version is 1
25/06/09 17:03:05 INFO FileOutputCommitter: FileOutputCommitter skip cleanup _temporary folders under output directory:false, ignore cleanup failures: false
25/06/09 17:03:05 INFO FileOutputCommitter: FileOutputCommitter skip cleanup _temporary folders under output directory:false, ignore cleanup failures: false
25/06/09 17:03:05 INFO FileOutputCommitter: File Output Committer Algorithm version is 1
25/06/09 17:03:05 INFO HadoopMapRedCommitProtocol: Using output committer class org.apache.hadoop.mapred.FileOutputCommitter
25/06/09 17:03:05 INFO FileOutputCommitter: File Output Committer Algorithm version is 1
25/06/09 17:03:05 INFO FileOutputCommitter: File Output Committer Algorithm version is 1
25/06/09 17:03:05 INFO FileOutputCommitter: FileOutputCommitter skip cleanup _temporary folders under output directory:false, ignore cleanup failures: false
25/06/09 17:03:05 INFO HadoopMapRedCommitProtocol: Using output committer class org.apache.hadoop.mapred.FileOutputCommitter
25/06/09 17:03:05 INFO FileOutputCommitter: FileOutputCommitter skip cleanup _temporary folders under output directory:false, ignore cleanup failures: false
25/06/09 17:03:05 INFO HadoopMapRedCommitProtocol: Using output committer class org.apache.hadoop.mapred.FileOutputCommitter
25/06/09 17:03:05 INFO FileOutputCommitter: File Output Committer Algorithm version is 1
25/06/09 17:03:05 INFO FileOutputCommitter: File Output Committer Algorithm version is 1
25/06/09 17:03:05 INFO FileOutputCommitter: FileOutputCommitter skip cleanup _temporary folders under output directory:false, ignore cleanup failures: false
25/06/09 17:03:05 INFO HadoopMapRedCommitProtocol: Using output committer class org.apache.hadoop.mapred.FileOutputCommitter
25/06/09 17:03:05 INFO HadoopMapRedCommitProtocol: Using output committer class org.apache.hadoop.mapred.FileOutputCommitter
25/06/09 17:03:05 INFO FileOutputCommitter: File Output Committer Algorithm version is 1
25/06/09 17:03:05 INFO FileOutputCommitter: File Output Committer Algorithm version is 1
25/06/09 17:03:05 INFO FileOutputCommitter: File Output Committer Algorithm version is 1
25/06/09 17:03:05 INFO FileOutputCommitter: FileOutputCommitter skip cleanup _temporary folders under output directory:false, ignore cleanup failures: false
25/06/09 17:03:05 INFO FileOutputCommitter: FileOutputCommitter skip cleanup _temporary folders under output directory:false, ignore cleanup failures: false
25/06/09 17:03:05 INFO FileOutputCommitter: FileOutputCommitter skip cleanup _temporary folders under output directory:false, ignore cleanup failures: false
25/06/09 17:03:05 INFO FileOutputCommitter: FileOutputCommitter skip cleanup _temporary folders under output directory:false, ignore cleanup failures: false
25/06/09 17:03:05 INFO FileOutputCommitter: File Output Committer Algorithm version is 1
25/06/09 17:03:05 INFO FileOutputCommitter: FileOutputCommitter skip cleanup _temporary folders under output directory:false, ignore cleanup failures: false
25/06/09 17:03:05 INFO FileOutputCommitter: FileOutputCommitter skip cleanup _temporary folders under output directory:false, ignore cleanup failures: false
25/06/09 17:03:05 INFO FileOutputCommitter: FileOutputCommitter skip cleanup _temporary folders under output directory:false, ignore cleanup failures: false
25/06/09 17:03:05 INFO PythonRunner: Times: total = 622, boot = -3867, init = 3884, finish = 605
25/06/09 17:03:05 INFO PythonRunner: Times: total = 644, boot = -771, init = 792, finish = 623
25/06/09 17:03:05 INFO PythonRunner: Times: total = 647, boot = -111, init = 128, finish = 630
25/06/09 17:03:05 INFO PythonRunner: Times: total = 651, boot = -1234, init = 1251, finish = 634
25/06/09 17:03:05 INFO PythonRunner: Times: total = 664, boot = -732, init = 753, finish = 643
25/06/09 17:03:05 INFO FileOutputCommitter: Saved output of task 'attempt_202506091702586595427493898852942_0008_m_000011_0' to hdfs://localhost:9000/user/giovanni/output/cleaned_pruned_used_cars_data_20percent_task2_sparkcore_result/_temporary/0/task_202506091702586595427493898852942_0008_m_000011
25/06/09 17:03:05 INFO FileOutputCommitter: Saved output of task 'attempt_202506091702586595427493898852942_0008_m_000007_0' to hdfs://localhost:9000/user/giovanni/output/cleaned_pruned_used_cars_data_20percent_task2_sparkcore_result/_temporary/0/task_202506091702586595427493898852942_0008_m_000007
25/06/09 17:03:05 INFO FileOutputCommitter: Saved output of task 'attempt_202506091702586595427493898852942_0008_m_000003_0' to hdfs://localhost:9000/user/giovanni/output/cleaned_pruned_used_cars_data_20percent_task2_sparkcore_result/_temporary/0/task_202506091702586595427493898852942_0008_m_000003
25/06/09 17:03:05 INFO SparkHadoopMapRedUtil: attempt_202506091702586595427493898852942_0008_m_000007_0: Committed. Elapsed time: 12 ms.
25/06/09 17:03:05 INFO SparkHadoopMapRedUtil: attempt_202506091702586595427493898852942_0008_m_000003_0: Committed. Elapsed time: 12 ms.
25/06/09 17:03:05 INFO SparkHadoopMapRedUtil: attempt_202506091702586595427493898852942_0008_m_000011_0: Committed. Elapsed time: 12 ms.
25/06/09 17:03:05 INFO Executor: Finished task 7.0 in stage 1.0 (TID 19). 2437 bytes result sent to driver
25/06/09 17:03:05 INFO Executor: Finished task 3.0 in stage 1.0 (TID 15). 2437 bytes result sent to driver
25/06/09 17:03:05 INFO Executor: Finished task 11.0 in stage 1.0 (TID 23). 2437 bytes result sent to driver
25/06/09 17:03:05 INFO TaskSetManager: Finished task 7.0 in stage 1.0 (TID 19) in 764 ms on desktop-fedora (executor driver) (1/12)
25/06/09 17:03:05 INFO TaskSetManager: Finished task 11.0 in stage 1.0 (TID 23) in 763 ms on desktop-fedora (executor driver) (2/12)
25/06/09 17:03:05 INFO TaskSetManager: Finished task 3.0 in stage 1.0 (TID 15) in 766 ms on desktop-fedora (executor driver) (3/12)
25/06/09 17:03:05 INFO PythonRunner: Times: total = 688, boot = -375, init = 395, finish = 668
25/06/09 17:03:05 INFO FileOutputCommitter: Saved output of task 'attempt_202506091702586595427493898852942_0008_m_000009_0' to hdfs://localhost:9000/user/giovanni/output/cleaned_pruned_used_cars_data_20percent_task2_sparkcore_result/_temporary/0/task_202506091702586595427493898852942_0008_m_000009
25/06/09 17:03:05 INFO SparkHadoopMapRedUtil: attempt_202506091702586595427493898852942_0008_m_000009_0: Committed. Elapsed time: 7 ms.
25/06/09 17:03:05 INFO Executor: Finished task 9.0 in stage 1.0 (TID 21). 2394 bytes result sent to driver
25/06/09 17:03:05 INFO TaskSetManager: Finished task 9.0 in stage 1.0 (TID 21) in 789 ms on desktop-fedora (executor driver) (4/12)
25/06/09 17:03:05 INFO PythonRunner: Times: total = 744, boot = -732, init = 756, finish = 720
25/06/09 17:03:05 INFO PythonRunner: Times: total = 777, boot = -1037, init = 1053, finish = 761
25/06/09 17:03:05 INFO FileOutputCommitter: Saved output of task 'attempt_202506091702586595427493898852942_0008_m_000001_0' to hdfs://localhost:9000/user/giovanni/output/cleaned_pruned_used_cars_data_20percent_task2_sparkcore_result/_temporary/0/task_202506091702586595427493898852942_0008_m_000001
25/06/09 17:03:05 INFO SparkHadoopMapRedUtil: attempt_202506091702586595427493898852942_0008_m_000001_0: Committed. Elapsed time: 6 ms.
25/06/09 17:03:05 INFO PythonRunner: Times: total = 800, boot = -145, init = 163, finish = 782
25/06/09 17:03:05 INFO Executor: Finished task 1.0 in stage 1.0 (TID 13). 2394 bytes result sent to driver
25/06/09 17:03:05 INFO TaskSetManager: Finished task 1.0 in stage 1.0 (TID 13) in 886 ms on desktop-fedora (executor driver) (5/12)
25/06/09 17:03:05 INFO PythonRunner: Times: total = 809, boot = -592, init = 610, finish = 791
25/06/09 17:03:05 INFO FileOutputCommitter: Saved output of task 'attempt_202506091702586595427493898852942_0008_m_000010_0' to hdfs://localhost:9000/user/giovanni/output/cleaned_pruned_used_cars_data_20percent_task2_sparkcore_result/_temporary/0/task_202506091702586595427493898852942_0008_m_000010
25/06/09 17:03:05 INFO SparkHadoopMapRedUtil: attempt_202506091702586595427493898852942_0008_m_000010_0: Committed. Elapsed time: 7 ms.
25/06/09 17:03:05 INFO Executor: Finished task 10.0 in stage 1.0 (TID 22). 2394 bytes result sent to driver
25/06/09 17:03:05 INFO TaskSetManager: Finished task 10.0 in stage 1.0 (TID 22) in 903 ms on desktop-fedora (executor driver) (6/12)
25/06/09 17:03:05 INFO PythonRunner: Times: total = 825, boot = -1224, init = 1240, finish = 809
25/06/09 17:03:05 INFO PythonRunner: Times: total = 836, boot = -392, init = 409, finish = 819
25/06/09 17:03:06 INFO FileOutputCommitter: Saved output of task 'attempt_202506091702586595427493898852942_0008_m_000002_0' to hdfs://localhost:9000/user/giovanni/output/cleaned_pruned_used_cars_data_20percent_task2_sparkcore_result/_temporary/0/task_202506091702586595427493898852942_0008_m_000002
25/06/09 17:03:06 INFO SparkHadoopMapRedUtil: attempt_202506091702586595427493898852942_0008_m_000002_0: Committed. Elapsed time: 5 ms.
25/06/09 17:03:06 INFO Executor: Finished task 2.0 in stage 1.0 (TID 14). 2394 bytes result sent to driver
25/06/09 17:03:06 INFO FileOutputCommitter: Saved output of task 'attempt_202506091702586595427493898852942_0008_m_000006_0' to hdfs://localhost:9000/user/giovanni/output/cleaned_pruned_used_cars_data_20percent_task2_sparkcore_result/_temporary/0/task_202506091702586595427493898852942_0008_m_000006
25/06/09 17:03:06 INFO SparkHadoopMapRedUtil: attempt_202506091702586595427493898852942_0008_m_000006_0: Committed. Elapsed time: 3 ms.
25/06/09 17:03:06 INFO TaskSetManager: Finished task 2.0 in stage 1.0 (TID 14) in 1159 ms on desktop-fedora (executor driver) (7/12)
25/06/09 17:03:06 INFO Executor: Finished task 6.0 in stage 1.0 (TID 18). 2394 bytes result sent to driver
25/06/09 17:03:06 INFO TaskSetManager: Finished task 6.0 in stage 1.0 (TID 18) in 1160 ms on desktop-fedora (executor driver) (8/12)
25/06/09 17:03:06 INFO FileOutputCommitter: Saved output of task 'attempt_202506091702586595427493898852942_0008_m_000008_0' to hdfs://localhost:9000/user/giovanni/output/cleaned_pruned_used_cars_data_20percent_task2_sparkcore_result/_temporary/0/task_202506091702586595427493898852942_0008_m_000008
25/06/09 17:03:06 INFO SparkHadoopMapRedUtil: attempt_202506091702586595427493898852942_0008_m_000008_0: Committed. Elapsed time: 3 ms.
25/06/09 17:03:06 INFO Executor: Finished task 8.0 in stage 1.0 (TID 20). 2394 bytes result sent to driver
25/06/09 17:03:06 INFO TaskSetManager: Finished task 8.0 in stage 1.0 (TID 20) in 1244 ms on desktop-fedora (executor driver) (9/12)
25/06/09 17:03:06 INFO FileOutputCommitter: Saved output of task 'attempt_202506091702586595427493898852942_0008_m_000000_0' to hdfs://localhost:9000/user/giovanni/output/cleaned_pruned_used_cars_data_20percent_task2_sparkcore_result/_temporary/0/task_202506091702586595427493898852942_0008_m_000000
25/06/09 17:03:06 INFO SparkHadoopMapRedUtil: attempt_202506091702586595427493898852942_0008_m_000000_0: Committed. Elapsed time: 3 ms.
25/06/09 17:03:06 INFO Executor: Finished task 0.0 in stage 1.0 (TID 12). 2394 bytes result sent to driver
25/06/09 17:03:06 INFO TaskSetManager: Finished task 0.0 in stage 1.0 (TID 12) in 1307 ms on desktop-fedora (executor driver) (10/12)
25/06/09 17:03:06 INFO FileOutputCommitter: Saved output of task 'attempt_202506091702586595427493898852942_0008_m_000005_0' to hdfs://localhost:9000/user/giovanni/output/cleaned_pruned_used_cars_data_20percent_task2_sparkcore_result/_temporary/0/task_202506091702586595427493898852942_0008_m_000005
25/06/09 17:03:06 INFO SparkHadoopMapRedUtil: attempt_202506091702586595427493898852942_0008_m_000005_0: Committed. Elapsed time: 3 ms.
25/06/09 17:03:06 INFO Executor: Finished task 5.0 in stage 1.0 (TID 17). 2394 bytes result sent to driver
25/06/09 17:03:06 INFO TaskSetManager: Finished task 5.0 in stage 1.0 (TID 17) in 1318 ms on desktop-fedora (executor driver) (11/12)
25/06/09 17:03:06 INFO FileOutputCommitter: Saved output of task 'attempt_202506091702586595427493898852942_0008_m_000004_0' to hdfs://localhost:9000/user/giovanni/output/cleaned_pruned_used_cars_data_20percent_task2_sparkcore_result/_temporary/0/task_202506091702586595427493898852942_0008_m_000004
25/06/09 17:03:06 INFO SparkHadoopMapRedUtil: attempt_202506091702586595427493898852942_0008_m_000004_0: Committed. Elapsed time: 2 ms.
25/06/09 17:03:06 INFO Executor: Finished task 4.0 in stage 1.0 (TID 16). 2394 bytes result sent to driver
25/06/09 17:03:06 INFO TaskSetManager: Finished task 4.0 in stage 1.0 (TID 16) in 1328 ms on desktop-fedora (executor driver) (12/12)
25/06/09 17:03:06 INFO TaskSchedulerImpl: Removed TaskSet 1.0, whose tasks have all completed, from pool 
25/06/09 17:03:06 INFO DAGScheduler: ResultStage 1 (runJob at SparkHadoopWriter.scala:83) finished in 1.343 s
25/06/09 17:03:06 INFO DAGScheduler: Job 0 is finished. Cancelling potential speculative or zombie tasks for this job
25/06/09 17:03:06 INFO TaskSchedulerImpl: Killing all running tasks in stage 1: Stage finished
25/06/09 17:03:06 INFO DAGScheduler: Job 0 finished: runJob at SparkHadoopWriter.scala:83, took 7.659440 s
25/06/09 17:03:06 INFO SparkHadoopWriter: Start to commit write Job job_202506091702586595427493898852942_0008.
25/06/09 17:03:06 INFO SparkHadoopWriter: Write Job job_202506091702586595427493898852942_0008 committed. Elapsed time: 47 ms.
25/06/09 17:03:06 INFO SparkContext: Invoking stop() from shutdown hook
25/06/09 17:03:06 INFO SparkContext: SparkContext is stopping with exitCode 0.
25/06/09 17:03:06 INFO SparkUI: Stopped Spark web UI at http://desktop-fedora:4040
25/06/09 17:03:06 INFO MapOutputTrackerMasterEndpoint: MapOutputTrackerMasterEndpoint stopped!
25/06/09 17:03:06 INFO MemoryStore: MemoryStore cleared
25/06/09 17:03:06 INFO BlockManager: BlockManager stopped
25/06/09 17:03:06 INFO BlockManagerMaster: BlockManagerMaster stopped
25/06/09 17:03:06 INFO OutputCommitCoordinator$OutputCommitCoordinatorEndpoint: OutputCommitCoordinator stopped!
25/06/09 17:03:06 INFO SparkContext: Successfully stopped SparkContext
25/06/09 17:03:06 INFO ShutdownHookManager: Shutdown hook called
25/06/09 17:03:06 INFO ShutdownHookManager: Deleting directory /tmp/spark-bffebccf-004e-4b27-a4ee-56f6e416409f
25/06/09 17:03:06 INFO ShutdownHookManager: Deleting directory /tmp/spark-b394c66d-cac0-480f-b262-dfc539cc472d
25/06/09 17:03:06 INFO ShutdownHookManager: Deleting directory /tmp/spark-bffebccf-004e-4b27-a4ee-56f6e416409f/pyspark-8cce69f1-29c6-48f3-9c84-e45168b9e9af
