25/05/31 11:21:28 INFO SparkContext: Running Spark version 3.5.5
25/05/31 11:21:28 INFO SparkContext: OS info Linux, 6.14.8-300.fc42.x86_64, amd64
25/05/31 11:21:28 INFO SparkContext: Java version 11.0.26
25/05/31 11:21:28 WARN NativeCodeLoader: Unable to load native-hadoop library for your platform... using builtin-java classes where applicable
25/05/31 11:21:28 INFO ResourceUtils: ==============================================================
25/05/31 11:21:28 INFO ResourceUtils: No custom resources configured for spark.driver.
25/05/31 11:21:28 INFO ResourceUtils: ==============================================================
25/05/31 11:21:28 INFO SparkContext: Submitted application: task 1
25/05/31 11:21:28 INFO ResourceProfile: Default ResourceProfile created, executor resources: Map(cores -> name: cores, amount: 1, script: , vendor: , memory -> name: memory, amount: 1024, script: , vendor: , offHeap -> name: offHeap, amount: 0, script: , vendor: ), task resources: Map(cpus -> name: cpus, amount: 1.0)
25/05/31 11:21:28 INFO ResourceProfile: Limiting resource is cpu
25/05/31 11:21:28 INFO ResourceProfileManager: Added ResourceProfile id: 0
25/05/31 11:21:28 INFO SecurityManager: Changing view acls to: giovanni
25/05/31 11:21:28 INFO SecurityManager: Changing modify acls to: giovanni
25/05/31 11:21:28 INFO SecurityManager: Changing view acls groups to: 
25/05/31 11:21:28 INFO SecurityManager: Changing modify acls groups to: 
25/05/31 11:21:28 INFO SecurityManager: SecurityManager: authentication disabled; ui acls disabled; users with view permissions: giovanni; groups with view permissions: EMPTY; users with modify permissions: giovanni; groups with modify permissions: EMPTY
25/05/31 11:21:28 INFO Utils: Successfully started service 'sparkDriver' on port 44307.
25/05/31 11:21:29 INFO SparkEnv: Registering MapOutputTracker
25/05/31 11:21:29 INFO SparkEnv: Registering BlockManagerMaster
25/05/31 11:21:29 INFO BlockManagerMasterEndpoint: Using org.apache.spark.storage.DefaultTopologyMapper for getting topology information
25/05/31 11:21:29 INFO BlockManagerMasterEndpoint: BlockManagerMasterEndpoint up
25/05/31 11:21:29 INFO SparkEnv: Registering BlockManagerMasterHeartbeat
25/05/31 11:21:29 INFO DiskBlockManager: Created local directory at /tmp/blockmgr-eae34526-0701-4c7a-bc93-6225b91a08ef
25/05/31 11:21:29 INFO MemoryStore: MemoryStore started with capacity 434.4 MiB
25/05/31 11:21:29 INFO SparkEnv: Registering OutputCommitCoordinator
25/05/31 11:21:29 INFO JettyUtils: Start Jetty 0.0.0.0:4040 for SparkUI
25/05/31 11:21:29 INFO Utils: Successfully started service 'SparkUI' on port 4040.
25/05/31 11:21:29 INFO Executor: Starting executor ID driver on host desktop-fedora
25/05/31 11:21:29 INFO Executor: OS info Linux, 6.14.8-300.fc42.x86_64, amd64
25/05/31 11:21:29 INFO Executor: Java version 11.0.26
25/05/31 11:21:29 INFO Executor: Starting executor with user classpath (userClassPathFirst = false): ''
25/05/31 11:21:29 INFO Executor: Created or updated repl class loader org.apache.spark.util.MutableURLClassLoader@37f8bae9 for default.
25/05/31 11:21:29 INFO Utils: Successfully started service 'org.apache.spark.network.netty.NettyBlockTransferService' on port 39443.
25/05/31 11:21:29 INFO NettyBlockTransferService: Server created on desktop-fedora:39443
25/05/31 11:21:29 INFO BlockManager: Using org.apache.spark.storage.RandomBlockReplicationPolicy for block replication policy
25/05/31 11:21:29 INFO BlockManagerMaster: Registering BlockManager BlockManagerId(driver, desktop-fedora, 39443, None)
25/05/31 11:21:29 INFO BlockManagerMasterEndpoint: Registering block manager desktop-fedora:39443 with 434.4 MiB RAM, BlockManagerId(driver, desktop-fedora, 39443, None)
25/05/31 11:21:29 INFO BlockManagerMaster: Registered BlockManager BlockManagerId(driver, desktop-fedora, 39443, None)
25/05/31 11:21:29 INFO BlockManager: Initialized BlockManager: BlockManagerId(driver, desktop-fedora, 39443, None)
25/05/31 11:21:29 INFO MemoryStore: Block broadcast_0 stored as values in memory (estimated size 222.2 KiB, free 434.2 MiB)
25/05/31 11:21:29 INFO MemoryStore: Block broadcast_0_piece0 stored as bytes in memory (estimated size 33.2 KiB, free 434.2 MiB)
25/05/31 11:21:29 INFO BlockManagerInfo: Added broadcast_0_piece0 in memory on desktop-fedora:39443 (size: 33.2 KiB, free: 434.4 MiB)
25/05/31 11:21:29 INFO SparkContext: Created broadcast 0 from textFile at NativeMethodAccessorImpl.java:0
25/05/31 11:21:29 INFO FileInputFormat: Total input files to process : 1
25/05/31 11:21:29 INFO NetworkTopology: Adding a new node: /default-rack/127.0.0.1:9866
25/05/31 11:21:29 INFO deprecation: mapred.output.dir is deprecated. Instead, use mapreduce.output.fileoutputformat.outputdir
25/05/31 11:21:29 INFO HadoopMapRedCommitProtocol: Using output committer class org.apache.hadoop.mapred.FileOutputCommitter
25/05/31 11:21:29 INFO FileOutputCommitter: File Output Committer Algorithm version is 1
25/05/31 11:21:29 INFO FileOutputCommitter: FileOutputCommitter skip cleanup _temporary folders under output directory:false, ignore cleanup failures: false
25/05/31 11:21:29 INFO SparkContext: Starting job: runJob at SparkHadoopWriter.scala:83
25/05/31 11:21:30 INFO DAGScheduler: Registering RDD 3 (reduceByKey at /home/giovanni/Projects/big-data/progetto/task_2/spark-core/spark-job.py:95) as input to shuffle 0
25/05/31 11:21:30 INFO DAGScheduler: Got job 0 (runJob at SparkHadoopWriter.scala:83) with 12 output partitions
25/05/31 11:21:30 INFO DAGScheduler: Final stage: ResultStage 1 (runJob at SparkHadoopWriter.scala:83)
25/05/31 11:21:30 INFO DAGScheduler: Parents of final stage: List(ShuffleMapStage 0)
25/05/31 11:21:30 INFO DAGScheduler: Missing parents: List(ShuffleMapStage 0)
25/05/31 11:21:30 INFO DAGScheduler: Submitting ShuffleMapStage 0 (PairwiseRDD[3] at reduceByKey at /home/giovanni/Projects/big-data/progetto/task_2/spark-core/spark-job.py:95), which has no missing parents
25/05/31 11:21:30 INFO MemoryStore: Block broadcast_1 stored as values in memory (estimated size 16.2 KiB, free 434.1 MiB)
25/05/31 11:21:30 INFO MemoryStore: Block broadcast_1_piece0 stored as bytes in memory (estimated size 9.9 KiB, free 434.1 MiB)
25/05/31 11:21:30 INFO BlockManagerInfo: Added broadcast_1_piece0 in memory on desktop-fedora:39443 (size: 9.9 KiB, free: 434.4 MiB)
25/05/31 11:21:30 INFO SparkContext: Created broadcast 1 from broadcast at DAGScheduler.scala:1585
25/05/31 11:21:30 INFO DAGScheduler: Submitting 12 missing tasks from ShuffleMapStage 0 (PairwiseRDD[3] at reduceByKey at /home/giovanni/Projects/big-data/progetto/task_2/spark-core/spark-job.py:95) (first 15 tasks are for partitions Vector(0, 1, 2, 3, 4, 5, 6, 7, 8, 9, 10, 11))
25/05/31 11:21:30 INFO TaskSchedulerImpl: Adding task set 0.0 with 12 tasks resource profile 0
25/05/31 11:21:30 INFO TaskSetManager: Starting task 0.0 in stage 0.0 (TID 0) (desktop-fedora, executor driver, partition 0, NODE_LOCAL, 9089 bytes) 
25/05/31 11:21:30 INFO TaskSetManager: Starting task 1.0 in stage 0.0 (TID 1) (desktop-fedora, executor driver, partition 1, NODE_LOCAL, 9089 bytes) 
25/05/31 11:21:30 INFO TaskSetManager: Starting task 2.0 in stage 0.0 (TID 2) (desktop-fedora, executor driver, partition 2, NODE_LOCAL, 9089 bytes) 
25/05/31 11:21:30 INFO TaskSetManager: Starting task 3.0 in stage 0.0 (TID 3) (desktop-fedora, executor driver, partition 3, NODE_LOCAL, 9089 bytes) 
25/05/31 11:21:30 INFO TaskSetManager: Starting task 4.0 in stage 0.0 (TID 4) (desktop-fedora, executor driver, partition 4, NODE_LOCAL, 9089 bytes) 
25/05/31 11:21:30 INFO TaskSetManager: Starting task 5.0 in stage 0.0 (TID 5) (desktop-fedora, executor driver, partition 5, NODE_LOCAL, 9089 bytes) 
25/05/31 11:21:30 INFO TaskSetManager: Starting task 6.0 in stage 0.0 (TID 6) (desktop-fedora, executor driver, partition 6, NODE_LOCAL, 9089 bytes) 
25/05/31 11:21:30 INFO TaskSetManager: Starting task 7.0 in stage 0.0 (TID 7) (desktop-fedora, executor driver, partition 7, NODE_LOCAL, 9089 bytes) 
25/05/31 11:21:30 INFO Executor: Running task 7.0 in stage 0.0 (TID 7)
25/05/31 11:21:30 INFO Executor: Running task 6.0 in stage 0.0 (TID 6)
25/05/31 11:21:30 INFO Executor: Running task 2.0 in stage 0.0 (TID 2)
25/05/31 11:21:30 INFO Executor: Running task 1.0 in stage 0.0 (TID 1)
25/05/31 11:21:30 INFO Executor: Running task 4.0 in stage 0.0 (TID 4)
25/05/31 11:21:30 INFO Executor: Running task 3.0 in stage 0.0 (TID 3)
25/05/31 11:21:30 INFO Executor: Running task 0.0 in stage 0.0 (TID 0)
25/05/31 11:21:30 INFO Executor: Running task 5.0 in stage 0.0 (TID 5)
25/05/31 11:21:30 INFO HadoopRDD: Input split: hdfs://localhost:9000/user/giovanni/input/cleaned_pruned_used_cars_data_20percent.csv:805306368+134217728
25/05/31 11:21:30 INFO HadoopRDD: Input split: hdfs://localhost:9000/user/giovanni/input/cleaned_pruned_used_cars_data_20percent.csv:0+134217728
25/05/31 11:21:30 INFO HadoopRDD: Input split: hdfs://localhost:9000/user/giovanni/input/cleaned_pruned_used_cars_data_20percent.csv:536870912+134217728
25/05/31 11:21:30 INFO HadoopRDD: Input split: hdfs://localhost:9000/user/giovanni/input/cleaned_pruned_used_cars_data_20percent.csv:268435456+134217728
25/05/31 11:21:30 INFO HadoopRDD: Input split: hdfs://localhost:9000/user/giovanni/input/cleaned_pruned_used_cars_data_20percent.csv:939524096+134217728
25/05/31 11:21:30 INFO HadoopRDD: Input split: hdfs://localhost:9000/user/giovanni/input/cleaned_pruned_used_cars_data_20percent.csv:134217728+134217728
25/05/31 11:21:30 INFO HadoopRDD: Input split: hdfs://localhost:9000/user/giovanni/input/cleaned_pruned_used_cars_data_20percent.csv:402653184+134217728
25/05/31 11:21:30 INFO HadoopRDD: Input split: hdfs://localhost:9000/user/giovanni/input/cleaned_pruned_used_cars_data_20percent.csv:671088640+134217728
25/05/31 11:21:34 INFO PythonRunner: Times: total = 4485, boot = 318, init = 48, finish = 4119
25/05/31 11:21:34 INFO PythonRunner: Times: total = 4513, boot = 286, init = 42, finish = 4185
25/05/31 11:21:34 INFO Executor: Finished task 4.0 in stage 0.0 (TID 4). 1679 bytes result sent to driver
25/05/31 11:21:34 INFO Executor: Finished task 0.0 in stage 0.0 (TID 0). 1679 bytes result sent to driver
25/05/31 11:21:34 INFO TaskSetManager: Starting task 8.0 in stage 0.0 (TID 8) (desktop-fedora, executor driver, partition 8, NODE_LOCAL, 9089 bytes) 
25/05/31 11:21:34 INFO Executor: Running task 8.0 in stage 0.0 (TID 8)
25/05/31 11:21:34 INFO TaskSetManager: Starting task 9.0 in stage 0.0 (TID 9) (desktop-fedora, executor driver, partition 9, NODE_LOCAL, 9089 bytes) 
25/05/31 11:21:34 INFO Executor: Running task 9.0 in stage 0.0 (TID 9)
25/05/31 11:21:34 INFO TaskSetManager: Finished task 0.0 in stage 0.0 (TID 0) in 4679 ms on desktop-fedora (executor driver) (1/12)
25/05/31 11:21:34 INFO HadoopRDD: Input split: hdfs://localhost:9000/user/giovanni/input/cleaned_pruned_used_cars_data_20percent.csv:1207959552+134217728
25/05/31 11:21:34 INFO HadoopRDD: Input split: hdfs://localhost:9000/user/giovanni/input/cleaned_pruned_used_cars_data_20percent.csv:1073741824+134217728
25/05/31 11:21:34 INFO TaskSetManager: Finished task 4.0 in stage 0.0 (TID 4) in 4671 ms on desktop-fedora (executor driver) (2/12)
25/05/31 11:21:34 INFO PythonAccumulatorV2: Connected to AccumulatorServer at host: 127.0.0.1 port: 58691
25/05/31 11:21:34 INFO PythonRunner: Times: total = 4619, boot = 284, init = 41, finish = 4294
25/05/31 11:21:34 INFO Executor: Finished task 5.0 in stage 0.0 (TID 5). 1636 bytes result sent to driver
25/05/31 11:21:34 INFO TaskSetManager: Starting task 10.0 in stage 0.0 (TID 10) (desktop-fedora, executor driver, partition 10, NODE_LOCAL, 9089 bytes) 
25/05/31 11:21:34 INFO Executor: Running task 10.0 in stage 0.0 (TID 10)
25/05/31 11:21:34 INFO TaskSetManager: Finished task 5.0 in stage 0.0 (TID 5) in 4746 ms on desktop-fedora (executor driver) (3/12)
25/05/31 11:21:34 INFO HadoopRDD: Input split: hdfs://localhost:9000/user/giovanni/input/cleaned_pruned_used_cars_data_20percent.csv:1342177280+134217728
25/05/31 11:21:34 INFO PythonRunner: Times: total = 4628, boot = 300, init = 46, finish = 4282
25/05/31 11:21:34 INFO PythonRunner: Times: total = 4670, boot = 297, init = 39, finish = 4334
25/05/31 11:21:34 INFO Executor: Finished task 6.0 in stage 0.0 (TID 6). 1636 bytes result sent to driver
25/05/31 11:21:34 INFO TaskSetManager: Finished task 6.0 in stage 0.0 (TID 6) in 4779 ms on desktop-fedora (executor driver) (4/12)
25/05/31 11:21:34 INFO Executor: Finished task 3.0 in stage 0.0 (TID 3). 1636 bytes result sent to driver
25/05/31 11:21:34 INFO TaskSetManager: Finished task 3.0 in stage 0.0 (TID 3) in 4793 ms on desktop-fedora (executor driver) (5/12)
25/05/31 11:21:35 INFO PythonRunner: Times: total = 4980, boot = 288, init = 42, finish = 4650
25/05/31 11:21:35 INFO Executor: Finished task 1.0 in stage 0.0 (TID 1). 1636 bytes result sent to driver
25/05/31 11:21:35 INFO TaskSetManager: Finished task 1.0 in stage 0.0 (TID 1) in 5104 ms on desktop-fedora (executor driver) (6/12)
25/05/31 11:21:35 INFO PythonRunner: Times: total = 5757, boot = 295, init = 46, finish = 5416
25/05/31 11:21:35 INFO Executor: Finished task 2.0 in stage 0.0 (TID 2). 1636 bytes result sent to driver
25/05/31 11:21:35 INFO TaskSetManager: Finished task 2.0 in stage 0.0 (TID 2) in 5875 ms on desktop-fedora (executor driver) (7/12)
25/05/31 11:21:36 INFO PythonRunner: Times: total = 5971, boot = 292, init = 45, finish = 5634
25/05/31 11:21:36 INFO Executor: Finished task 7.0 in stage 0.0 (TID 7). 1636 bytes result sent to driver
25/05/31 11:21:36 INFO TaskSetManager: Finished task 7.0 in stage 0.0 (TID 7) in 6126 ms on desktop-fedora (executor driver) (8/12)
25/05/31 11:21:38 INFO PythonRunner: Times: total = 3450, boot = -30, init = 34, finish = 3446
25/05/31 11:21:38 INFO Executor: Finished task 9.0 in stage 0.0 (TID 9). 1636 bytes result sent to driver
25/05/31 11:21:38 INFO PythonRunner: Times: total = 3462, boot = -99, init = 102, finish = 3459
25/05/31 11:21:38 INFO TaskSetManager: Starting task 11.0 in stage 0.0 (TID 11) (desktop-fedora, executor driver, partition 11, ANY, 9089 bytes) 
25/05/31 11:21:38 INFO Executor: Running task 11.0 in stage 0.0 (TID 11)
25/05/31 11:21:38 INFO TaskSetManager: Finished task 9.0 in stage 0.0 (TID 9) in 3477 ms on desktop-fedora (executor driver) (9/12)
25/05/31 11:21:38 INFO HadoopRDD: Input split: hdfs://localhost:9000/user/giovanni/input/cleaned_pruned_used_cars_data_20percent.csv:1476395008+136401581
25/05/31 11:21:38 INFO Executor: Finished task 8.0 in stage 0.0 (TID 8). 1636 bytes result sent to driver
25/05/31 11:21:38 INFO TaskSetManager: Finished task 8.0 in stage 0.0 (TID 8) in 3491 ms on desktop-fedora (executor driver) (10/12)
25/05/31 11:21:38 INFO PythonRunner: Times: total = 3600, boot = -5, init = 8, finish = 3597
25/05/31 11:21:38 INFO Executor: Finished task 10.0 in stage 0.0 (TID 10). 1636 bytes result sent to driver
25/05/31 11:21:38 INFO TaskSetManager: Finished task 10.0 in stage 0.0 (TID 10) in 3628 ms on desktop-fedora (executor driver) (11/12)
25/05/31 11:21:41 INFO PythonRunner: Times: total = 3321, boot = -3393, init = 3395, finish = 3319
25/05/31 11:21:41 INFO Executor: Finished task 11.0 in stage 0.0 (TID 11). 1636 bytes result sent to driver
25/05/31 11:21:41 INFO TaskSetManager: Finished task 11.0 in stage 0.0 (TID 11) in 3342 ms on desktop-fedora (executor driver) (12/12)
25/05/31 11:21:41 INFO TaskSchedulerImpl: Removed TaskSet 0.0, whose tasks have all completed, from pool 
25/05/31 11:21:41 INFO DAGScheduler: ShuffleMapStage 0 (reduceByKey at /home/giovanni/Projects/big-data/progetto/task_2/spark-core/spark-job.py:95) finished in 11.557 s
25/05/31 11:21:41 INFO DAGScheduler: looking for newly runnable stages
25/05/31 11:21:41 INFO DAGScheduler: running: Set()
25/05/31 11:21:41 INFO DAGScheduler: waiting: Set(ResultStage 1)
25/05/31 11:21:41 INFO DAGScheduler: failed: Set()
25/05/31 11:21:41 INFO DAGScheduler: Submitting ResultStage 1 (MapPartitionsRDD[8] at saveAsTextFile at NativeMethodAccessorImpl.java:0), which has no missing parents
25/05/31 11:21:41 INFO MemoryStore: Block broadcast_2 stored as values in memory (estimated size 112.5 KiB, free 434.0 MiB)
25/05/31 11:21:41 INFO MemoryStore: Block broadcast_2_piece0 stored as bytes in memory (estimated size 43.7 KiB, free 434.0 MiB)
25/05/31 11:21:41 INFO BlockManagerInfo: Added broadcast_2_piece0 in memory on desktop-fedora:39443 (size: 43.7 KiB, free: 434.3 MiB)
25/05/31 11:21:41 INFO SparkContext: Created broadcast 2 from broadcast at DAGScheduler.scala:1585
25/05/31 11:21:41 INFO DAGScheduler: Submitting 12 missing tasks from ResultStage 1 (MapPartitionsRDD[8] at saveAsTextFile at NativeMethodAccessorImpl.java:0) (first 15 tasks are for partitions Vector(0, 1, 2, 3, 4, 5, 6, 7, 8, 9, 10, 11))
25/05/31 11:21:41 INFO TaskSchedulerImpl: Adding task set 1.0 with 12 tasks resource profile 0
25/05/31 11:21:41 INFO TaskSetManager: Starting task 0.0 in stage 1.0 (TID 12) (desktop-fedora, executor driver, partition 0, NODE_LOCAL, 8817 bytes) 
25/05/31 11:21:41 INFO TaskSetManager: Starting task 1.0 in stage 1.0 (TID 13) (desktop-fedora, executor driver, partition 1, NODE_LOCAL, 8817 bytes) 
25/05/31 11:21:41 INFO TaskSetManager: Starting task 2.0 in stage 1.0 (TID 14) (desktop-fedora, executor driver, partition 2, NODE_LOCAL, 8817 bytes) 
25/05/31 11:21:41 INFO TaskSetManager: Starting task 3.0 in stage 1.0 (TID 15) (desktop-fedora, executor driver, partition 3, NODE_LOCAL, 8817 bytes) 
25/05/31 11:21:41 INFO TaskSetManager: Starting task 4.0 in stage 1.0 (TID 16) (desktop-fedora, executor driver, partition 4, NODE_LOCAL, 8817 bytes) 
25/05/31 11:21:41 INFO TaskSetManager: Starting task 5.0 in stage 1.0 (TID 17) (desktop-fedora, executor driver, partition 5, NODE_LOCAL, 8817 bytes) 
25/05/31 11:21:41 INFO TaskSetManager: Starting task 6.0 in stage 1.0 (TID 18) (desktop-fedora, executor driver, partition 6, NODE_LOCAL, 8817 bytes) 
25/05/31 11:21:41 INFO TaskSetManager: Starting task 7.0 in stage 1.0 (TID 19) (desktop-fedora, executor driver, partition 7, NODE_LOCAL, 8817 bytes) 
25/05/31 11:21:41 INFO Executor: Running task 2.0 in stage 1.0 (TID 14)
25/05/31 11:21:41 INFO Executor: Running task 1.0 in stage 1.0 (TID 13)
25/05/31 11:21:41 INFO Executor: Running task 3.0 in stage 1.0 (TID 15)
25/05/31 11:21:41 INFO Executor: Running task 7.0 in stage 1.0 (TID 19)
25/05/31 11:21:41 INFO Executor: Running task 0.0 in stage 1.0 (TID 12)
25/05/31 11:21:41 INFO Executor: Running task 4.0 in stage 1.0 (TID 16)
25/05/31 11:21:41 INFO Executor: Running task 5.0 in stage 1.0 (TID 17)
25/05/31 11:21:41 INFO Executor: Running task 6.0 in stage 1.0 (TID 18)
25/05/31 11:21:41 INFO ShuffleBlockFetcherIterator: Getting 12 (13.4 MiB) non-empty blocks including 12 (13.4 MiB) local and 0 (0.0 B) host-local and 0 (0.0 B) push-merged-local and 0 (0.0 B) remote blocks
25/05/31 11:21:41 INFO ShuffleBlockFetcherIterator: Getting 12 (13.7 MiB) non-empty blocks including 12 (13.7 MiB) local and 0 (0.0 B) host-local and 0 (0.0 B) push-merged-local and 0 (0.0 B) remote blocks
25/05/31 11:21:41 INFO ShuffleBlockFetcherIterator: Getting 12 (14.2 MiB) non-empty blocks including 12 (14.2 MiB) local and 0 (0.0 B) host-local and 0 (0.0 B) push-merged-local and 0 (0.0 B) remote blocks
25/05/31 11:21:41 INFO ShuffleBlockFetcherIterator: Getting 12 (13.8 MiB) non-empty blocks including 12 (13.8 MiB) local and 0 (0.0 B) host-local and 0 (0.0 B) push-merged-local and 0 (0.0 B) remote blocks
25/05/31 11:21:41 INFO ShuffleBlockFetcherIterator: Getting 12 (14.1 MiB) non-empty blocks including 12 (14.1 MiB) local and 0 (0.0 B) host-local and 0 (0.0 B) push-merged-local and 0 (0.0 B) remote blocks
25/05/31 11:21:41 INFO ShuffleBlockFetcherIterator: Getting 12 (13.8 MiB) non-empty blocks including 12 (13.8 MiB) local and 0 (0.0 B) host-local and 0 (0.0 B) push-merged-local and 0 (0.0 B) remote blocks
25/05/31 11:21:41 INFO ShuffleBlockFetcherIterator: Getting 12 (13.6 MiB) non-empty blocks including 12 (13.6 MiB) local and 0 (0.0 B) host-local and 0 (0.0 B) push-merged-local and 0 (0.0 B) remote blocks
25/05/31 11:21:41 INFO ShuffleBlockFetcherIterator: Getting 12 (13.8 MiB) non-empty blocks including 12 (13.8 MiB) local and 0 (0.0 B) host-local and 0 (0.0 B) push-merged-local and 0 (0.0 B) remote blocks
25/05/31 11:21:41 INFO ShuffleBlockFetcherIterator: Started 0 remote fetches in 9 ms
25/05/31 11:21:41 INFO ShuffleBlockFetcherIterator: Started 0 remote fetches in 9 ms
25/05/31 11:21:41 INFO ShuffleBlockFetcherIterator: Started 0 remote fetches in 9 ms
25/05/31 11:21:41 INFO ShuffleBlockFetcherIterator: Started 0 remote fetches in 9 ms
25/05/31 11:21:41 INFO ShuffleBlockFetcherIterator: Started 0 remote fetches in 9 ms
25/05/31 11:21:41 INFO ShuffleBlockFetcherIterator: Started 0 remote fetches in 9 ms
25/05/31 11:21:41 INFO ShuffleBlockFetcherIterator: Started 0 remote fetches in 9 ms
25/05/31 11:21:41 INFO ShuffleBlockFetcherIterator: Started 0 remote fetches in 9 ms
25/05/31 11:21:41 INFO HadoopMapRedCommitProtocol: Using output committer class org.apache.hadoop.mapred.FileOutputCommitter
25/05/31 11:21:41 INFO HadoopMapRedCommitProtocol: Using output committer class org.apache.hadoop.mapred.FileOutputCommitter
25/05/31 11:21:41 INFO HadoopMapRedCommitProtocol: Using output committer class org.apache.hadoop.mapred.FileOutputCommitter
25/05/31 11:21:41 INFO HadoopMapRedCommitProtocol: Using output committer class org.apache.hadoop.mapred.FileOutputCommitter
25/05/31 11:21:41 INFO HadoopMapRedCommitProtocol: Using output committer class org.apache.hadoop.mapred.FileOutputCommitter
25/05/31 11:21:41 INFO HadoopMapRedCommitProtocol: Using output committer class org.apache.hadoop.mapred.FileOutputCommitter
25/05/31 11:21:41 INFO HadoopMapRedCommitProtocol: Using output committer class org.apache.hadoop.mapred.FileOutputCommitter
25/05/31 11:21:41 INFO HadoopMapRedCommitProtocol: Using output committer class org.apache.hadoop.mapred.FileOutputCommitter
25/05/31 11:21:41 INFO FileOutputCommitter: File Output Committer Algorithm version is 1
25/05/31 11:21:41 INFO FileOutputCommitter: File Output Committer Algorithm version is 1
25/05/31 11:21:41 INFO FileOutputCommitter: FileOutputCommitter skip cleanup _temporary folders under output directory:false, ignore cleanup failures: false
25/05/31 11:21:41 INFO FileOutputCommitter: FileOutputCommitter skip cleanup _temporary folders under output directory:false, ignore cleanup failures: false
25/05/31 11:21:41 INFO FileOutputCommitter: File Output Committer Algorithm version is 1
25/05/31 11:21:41 INFO FileOutputCommitter: File Output Committer Algorithm version is 1
25/05/31 11:21:41 INFO FileOutputCommitter: File Output Committer Algorithm version is 1
25/05/31 11:21:41 INFO FileOutputCommitter: File Output Committer Algorithm version is 1
25/05/31 11:21:41 INFO FileOutputCommitter: File Output Committer Algorithm version is 1
25/05/31 11:21:41 INFO FileOutputCommitter: FileOutputCommitter skip cleanup _temporary folders under output directory:false, ignore cleanup failures: false
25/05/31 11:21:41 INFO FileOutputCommitter: FileOutputCommitter skip cleanup _temporary folders under output directory:false, ignore cleanup failures: false
25/05/31 11:21:41 INFO FileOutputCommitter: FileOutputCommitter skip cleanup _temporary folders under output directory:false, ignore cleanup failures: false
25/05/31 11:21:41 INFO FileOutputCommitter: File Output Committer Algorithm version is 1
25/05/31 11:21:41 INFO FileOutputCommitter: FileOutputCommitter skip cleanup _temporary folders under output directory:false, ignore cleanup failures: false
25/05/31 11:21:41 INFO FileOutputCommitter: FileOutputCommitter skip cleanup _temporary folders under output directory:false, ignore cleanup failures: false
25/05/31 11:21:41 INFO FileOutputCommitter: FileOutputCommitter skip cleanup _temporary folders under output directory:false, ignore cleanup failures: false
25/05/31 11:21:42 INFO PythonRunner: Times: total = 533, boot = -3202, init = 3215, finish = 520
25/05/31 11:21:42 INFO PythonRunner: Times: total = 538, boot = -6772, init = 6784, finish = 526
25/05/31 11:21:42 INFO PythonRunner: Times: total = 542, boot = -6462, init = 6475, finish = 529
25/05/31 11:21:42 INFO FileOutputCommitter: Saved output of task 'attempt_202505311121296300499645448971757_0008_m_000007_0' to hdfs://localhost:9000/user/giovanni/output/cleaned_pruned_used_cars_data_20percent_task2_sparkcore_result/_temporary/0/task_202505311121296300499645448971757_0008_m_000007
25/05/31 11:21:42 INFO FileOutputCommitter: Saved output of task 'attempt_202505311121296300499645448971757_0008_m_000001_0' to hdfs://localhost:9000/user/giovanni/output/cleaned_pruned_used_cars_data_20percent_task2_sparkcore_result/_temporary/0/task_202505311121296300499645448971757_0008_m_000001
25/05/31 11:21:42 INFO SparkHadoopMapRedUtil: attempt_202505311121296300499645448971757_0008_m_000001_0: Committed. Elapsed time: 10 ms.
25/05/31 11:21:42 INFO SparkHadoopMapRedUtil: attempt_202505311121296300499645448971757_0008_m_000007_0: Committed. Elapsed time: 9 ms.
25/05/31 11:21:42 INFO Executor: Finished task 1.0 in stage 1.0 (TID 13). 2394 bytes result sent to driver
25/05/31 11:21:42 INFO Executor: Finished task 7.0 in stage 1.0 (TID 19). 2394 bytes result sent to driver
25/05/31 11:21:42 INFO TaskSetManager: Starting task 8.0 in stage 1.0 (TID 20) (desktop-fedora, executor driver, partition 8, NODE_LOCAL, 8817 bytes) 
25/05/31 11:21:42 INFO Executor: Running task 8.0 in stage 1.0 (TID 20)
25/05/31 11:21:42 INFO TaskSetManager: Starting task 9.0 in stage 1.0 (TID 21) (desktop-fedora, executor driver, partition 9, NODE_LOCAL, 8817 bytes) 
25/05/31 11:21:42 INFO TaskSetManager: Finished task 7.0 in stage 1.0 (TID 19) in 645 ms on desktop-fedora (executor driver) (1/12)
25/05/31 11:21:42 INFO Executor: Running task 9.0 in stage 1.0 (TID 21)
25/05/31 11:21:42 INFO TaskSetManager: Finished task 1.0 in stage 1.0 (TID 13) in 646 ms on desktop-fedora (executor driver) (2/12)
25/05/31 11:21:42 INFO PythonRunner: Times: total = 577, boot = -3432, init = 3444, finish = 565
25/05/31 11:21:42 INFO ShuffleBlockFetcherIterator: Getting 12 (13.4 MiB) non-empty blocks including 12 (13.4 MiB) local and 0 (0.0 B) host-local and 0 (0.0 B) push-merged-local and 0 (0.0 B) remote blocks
25/05/31 11:21:42 INFO ShuffleBlockFetcherIterator: Started 0 remote fetches in 1 ms
25/05/31 11:21:42 INFO HadoopMapRedCommitProtocol: Using output committer class org.apache.hadoop.mapred.FileOutputCommitter
25/05/31 11:21:42 INFO PythonRunner: Times: total = 590, boot = -90, init = 102, finish = 578
25/05/31 11:21:42 INFO FileOutputCommitter: File Output Committer Algorithm version is 1
25/05/31 11:21:42 INFO FileOutputCommitter: FileOutputCommitter skip cleanup _temporary folders under output directory:false, ignore cleanup failures: false
25/05/31 11:21:42 INFO ShuffleBlockFetcherIterator: Getting 12 (13.1 MiB) non-empty blocks including 12 (13.1 MiB) local and 0 (0.0 B) host-local and 0 (0.0 B) push-merged-local and 0 (0.0 B) remote blocks
25/05/31 11:21:42 INFO ShuffleBlockFetcherIterator: Started 0 remote fetches in 1 ms
25/05/31 11:21:42 INFO HadoopMapRedCommitProtocol: Using output committer class org.apache.hadoop.mapred.FileOutputCommitter
25/05/31 11:21:42 INFO FileOutputCommitter: Saved output of task 'attempt_202505311121296300499645448971757_0008_m_000005_0' to hdfs://localhost:9000/user/giovanni/output/cleaned_pruned_used_cars_data_20percent_task2_sparkcore_result/_temporary/0/task_202505311121296300499645448971757_0008_m_000005
25/05/31 11:21:42 INFO FileOutputCommitter: File Output Committer Algorithm version is 1
25/05/31 11:21:42 INFO SparkHadoopMapRedUtil: attempt_202505311121296300499645448971757_0008_m_000005_0: Committed. Elapsed time: 9 ms.
25/05/31 11:21:42 INFO FileOutputCommitter: FileOutputCommitter skip cleanup _temporary folders under output directory:false, ignore cleanup failures: false
25/05/31 11:21:42 INFO Executor: Finished task 5.0 in stage 1.0 (TID 17). 2394 bytes result sent to driver
25/05/31 11:21:42 INFO TaskSetManager: Starting task 10.0 in stage 1.0 (TID 22) (desktop-fedora, executor driver, partition 10, NODE_LOCAL, 8817 bytes) 
25/05/31 11:21:42 INFO TaskSetManager: Finished task 5.0 in stage 1.0 (TID 17) in 676 ms on desktop-fedora (executor driver) (3/12)
25/05/31 11:21:42 INFO Executor: Running task 10.0 in stage 1.0 (TID 22)
25/05/31 11:21:42 INFO PythonRunner: Times: total = 628, boot = -3413, init = 3426, finish = 615
25/05/31 11:21:42 INFO PythonRunner: Times: total = 630, boot = -5695, init = 5712, finish = 613
25/05/31 11:21:42 INFO ShuffleBlockFetcherIterator: Getting 12 (14.0 MiB) non-empty blocks including 12 (14.0 MiB) local and 0 (0.0 B) host-local and 0 (0.0 B) push-merged-local and 0 (0.0 B) remote blocks
25/05/31 11:21:42 INFO ShuffleBlockFetcherIterator: Started 0 remote fetches in 1 ms
25/05/31 11:21:42 INFO HadoopMapRedCommitProtocol: Using output committer class org.apache.hadoop.mapred.FileOutputCommitter
25/05/31 11:21:42 INFO FileOutputCommitter: File Output Committer Algorithm version is 1
25/05/31 11:21:42 INFO FileOutputCommitter: FileOutputCommitter skip cleanup _temporary folders under output directory:false, ignore cleanup failures: false
25/05/31 11:21:42 INFO PythonRunner: Times: total = 746, boot = -5485, init = 5499, finish = 732
25/05/31 11:21:42 INFO FileOutputCommitter: Saved output of task 'attempt_202505311121296300499645448971757_0008_m_000006_0' to hdfs://localhost:9000/user/giovanni/output/cleaned_pruned_used_cars_data_20percent_task2_sparkcore_result/_temporary/0/task_202505311121296300499645448971757_0008_m_000006
25/05/31 11:21:42 INFO SparkHadoopMapRedUtil: attempt_202505311121296300499645448971757_0008_m_000006_0: Committed. Elapsed time: 7 ms.
25/05/31 11:21:42 INFO Executor: Finished task 6.0 in stage 1.0 (TID 18). 2394 bytes result sent to driver
25/05/31 11:21:42 INFO TaskSetManager: Starting task 11.0 in stage 1.0 (TID 23) (desktop-fedora, executor driver, partition 11, NODE_LOCAL, 8817 bytes) 
25/05/31 11:21:42 INFO TaskSetManager: Finished task 6.0 in stage 1.0 (TID 18) in 846 ms on desktop-fedora (executor driver) (4/12)
25/05/31 11:21:42 INFO Executor: Running task 11.0 in stage 1.0 (TID 23)
25/05/31 11:21:42 INFO ShuffleBlockFetcherIterator: Getting 12 (13.5 MiB) non-empty blocks including 12 (13.5 MiB) local and 0 (0.0 B) host-local and 0 (0.0 B) push-merged-local and 0 (0.0 B) remote blocks
25/05/31 11:21:42 INFO ShuffleBlockFetcherIterator: Started 0 remote fetches in 1 ms
25/05/31 11:21:42 INFO HadoopMapRedCommitProtocol: Using output committer class org.apache.hadoop.mapred.FileOutputCommitter
25/05/31 11:21:42 INFO FileOutputCommitter: File Output Committer Algorithm version is 1
25/05/31 11:21:42 INFO FileOutputCommitter: FileOutputCommitter skip cleanup _temporary folders under output directory:false, ignore cleanup failures: false
25/05/31 11:21:42 INFO FileOutputCommitter: Saved output of task 'attempt_202505311121296300499645448971757_0008_m_000004_0' to hdfs://localhost:9000/user/giovanni/output/cleaned_pruned_used_cars_data_20percent_task2_sparkcore_result/_temporary/0/task_202505311121296300499645448971757_0008_m_000004
25/05/31 11:21:42 INFO SparkHadoopMapRedUtil: attempt_202505311121296300499645448971757_0008_m_000004_0: Committed. Elapsed time: 5 ms.
25/05/31 11:21:42 INFO Executor: Finished task 4.0 in stage 1.0 (TID 16). 2394 bytes result sent to driver
25/05/31 11:21:42 INFO TaskSetManager: Finished task 4.0 in stage 1.0 (TID 16) in 1035 ms on desktop-fedora (executor driver) (5/12)
25/05/31 11:21:42 INFO FileOutputCommitter: Saved output of task 'attempt_202505311121296300499645448971757_0008_m_000003_0' to hdfs://localhost:9000/user/giovanni/output/cleaned_pruned_used_cars_data_20percent_task2_sparkcore_result/_temporary/0/task_202505311121296300499645448971757_0008_m_000003
25/05/31 11:21:42 INFO SparkHadoopMapRedUtil: attempt_202505311121296300499645448971757_0008_m_000003_0: Committed. Elapsed time: 4 ms.
25/05/31 11:21:42 INFO Executor: Finished task 3.0 in stage 1.0 (TID 15). 2394 bytes result sent to driver
25/05/31 11:21:42 INFO TaskSetManager: Finished task 3.0 in stage 1.0 (TID 15) in 1078 ms on desktop-fedora (executor driver) (6/12)
25/05/31 11:21:42 INFO PythonRunner: Times: total = 422, boot = -34, init = 37, finish = 419
25/05/31 11:21:42 INFO FileOutputCommitter: Saved output of task 'attempt_202505311121296300499645448971757_0008_m_000000_0' to hdfs://localhost:9000/user/giovanni/output/cleaned_pruned_used_cars_data_20percent_task2_sparkcore_result/_temporary/0/task_202505311121296300499645448971757_0008_m_000000
25/05/31 11:21:42 INFO SparkHadoopMapRedUtil: attempt_202505311121296300499645448971757_0008_m_000000_0: Committed. Elapsed time: 3 ms.
25/05/31 11:21:42 INFO Executor: Finished task 0.0 in stage 1.0 (TID 12). 2394 bytes result sent to driver
25/05/31 11:21:42 INFO FileOutputCommitter: Saved output of task 'attempt_202505311121296300499645448971757_0008_m_000002_0' to hdfs://localhost:9000/user/giovanni/output/cleaned_pruned_used_cars_data_20percent_task2_sparkcore_result/_temporary/0/task_202505311121296300499645448971757_0008_m_000002
25/05/31 11:21:42 INFO SparkHadoopMapRedUtil: attempt_202505311121296300499645448971757_0008_m_000002_0: Committed. Elapsed time: 5 ms.
25/05/31 11:21:42 INFO TaskSetManager: Finished task 0.0 in stage 1.0 (TID 12) in 1116 ms on desktop-fedora (executor driver) (7/12)
25/05/31 11:21:42 INFO Executor: Finished task 2.0 in stage 1.0 (TID 14). 2394 bytes result sent to driver
25/05/31 11:21:42 INFO TaskSetManager: Finished task 2.0 in stage 1.0 (TID 14) in 1118 ms on desktop-fedora (executor driver) (8/12)
25/05/31 11:21:42 INFO PythonRunner: Times: total = 431, boot = -77, init = 79, finish = 429
25/05/31 11:21:42 INFO PythonRunner: Times: total = 480, boot = -33, init = 36, finish = 477
25/05/31 11:21:42 INFO PythonRunner: Times: total = 401, boot = -179, init = 181, finish = 399
25/05/31 11:21:42 INFO FileOutputCommitter: Saved output of task 'attempt_202505311121296300499645448971757_0008_m_000011_0' to hdfs://localhost:9000/user/giovanni/output/cleaned_pruned_used_cars_data_20percent_task2_sparkcore_result/_temporary/0/task_202505311121296300499645448971757_0008_m_000011
25/05/31 11:21:42 INFO SparkHadoopMapRedUtil: attempt_202505311121296300499645448971757_0008_m_000011_0: Committed. Elapsed time: 3 ms.
25/05/31 11:21:42 INFO Executor: Finished task 11.0 in stage 1.0 (TID 23). 2351 bytes result sent to driver
25/05/31 11:21:42 INFO TaskSetManager: Finished task 11.0 in stage 1.0 (TID 23) in 430 ms on desktop-fedora (executor driver) (9/12)
25/05/31 11:21:43 INFO FileOutputCommitter: Saved output of task 'attempt_202505311121296300499645448971757_0008_m_000008_0' to hdfs://localhost:9000/user/giovanni/output/cleaned_pruned_used_cars_data_20percent_task2_sparkcore_result/_temporary/0/task_202505311121296300499645448971757_0008_m_000008
25/05/31 11:21:43 INFO SparkHadoopMapRedUtil: attempt_202505311121296300499645448971757_0008_m_000008_0: Committed. Elapsed time: 3 ms.
25/05/31 11:21:43 INFO Executor: Finished task 8.0 in stage 1.0 (TID 20). 2394 bytes result sent to driver
25/05/31 11:21:43 INFO TaskSetManager: Finished task 8.0 in stage 1.0 (TID 20) in 862 ms on desktop-fedora (executor driver) (10/12)
25/05/31 11:21:43 INFO FileOutputCommitter: Saved output of task 'attempt_202505311121296300499645448971757_0008_m_000009_0' to hdfs://localhost:9000/user/giovanni/output/cleaned_pruned_used_cars_data_20percent_task2_sparkcore_result/_temporary/0/task_202505311121296300499645448971757_0008_m_000009
25/05/31 11:21:43 INFO SparkHadoopMapRedUtil: attempt_202505311121296300499645448971757_0008_m_000009_0: Committed. Elapsed time: 3 ms.
25/05/31 11:21:43 INFO Executor: Finished task 9.0 in stage 1.0 (TID 21). 2394 bytes result sent to driver
25/05/31 11:21:43 INFO TaskSetManager: Finished task 9.0 in stage 1.0 (TID 21) in 906 ms on desktop-fedora (executor driver) (11/12)
25/05/31 11:21:43 INFO FileOutputCommitter: Saved output of task 'attempt_202505311121296300499645448971757_0008_m_000010_0' to hdfs://localhost:9000/user/giovanni/output/cleaned_pruned_used_cars_data_20percent_task2_sparkcore_result/_temporary/0/task_202505311121296300499645448971757_0008_m_000010
25/05/31 11:21:43 INFO SparkHadoopMapRedUtil: attempt_202505311121296300499645448971757_0008_m_000010_0: Committed. Elapsed time: 5 ms.
25/05/31 11:21:43 INFO Executor: Finished task 10.0 in stage 1.0 (TID 22). 2351 bytes result sent to driver
25/05/31 11:21:43 INFO TaskSetManager: Finished task 10.0 in stage 1.0 (TID 22) in 879 ms on desktop-fedora (executor driver) (12/12)
25/05/31 11:21:43 INFO TaskSchedulerImpl: Removed TaskSet 1.0, whose tasks have all completed, from pool 
25/05/31 11:21:43 INFO DAGScheduler: ResultStage 1 (runJob at SparkHadoopWriter.scala:83) finished in 1.568 s
25/05/31 11:21:43 INFO DAGScheduler: Job 0 is finished. Cancelling potential speculative or zombie tasks for this job
25/05/31 11:21:43 INFO TaskSchedulerImpl: Killing all running tasks in stage 1: Stage finished
25/05/31 11:21:43 INFO DAGScheduler: Job 0 finished: runJob at SparkHadoopWriter.scala:83, took 13.175930 s
25/05/31 11:21:43 INFO SparkHadoopWriter: Start to commit write Job job_202505311121296300499645448971757_0008.
25/05/31 11:21:43 INFO SparkHadoopWriter: Write Job job_202505311121296300499645448971757_0008 committed. Elapsed time: 53 ms.
25/05/31 11:21:43 INFO SparkContext: Invoking stop() from shutdown hook
25/05/31 11:21:43 INFO SparkContext: SparkContext is stopping with exitCode 0.
25/05/31 11:21:43 INFO SparkUI: Stopped Spark web UI at http://desktop-fedora:4040
25/05/31 11:21:43 INFO MapOutputTrackerMasterEndpoint: MapOutputTrackerMasterEndpoint stopped!
25/05/31 11:21:43 INFO MemoryStore: MemoryStore cleared
25/05/31 11:21:43 INFO BlockManager: BlockManager stopped
25/05/31 11:21:43 INFO BlockManagerMaster: BlockManagerMaster stopped
25/05/31 11:21:43 INFO OutputCommitCoordinator$OutputCommitCoordinatorEndpoint: OutputCommitCoordinator stopped!
25/05/31 11:21:43 INFO SparkContext: Successfully stopped SparkContext
25/05/31 11:21:43 INFO ShutdownHookManager: Shutdown hook called
25/05/31 11:21:43 INFO ShutdownHookManager: Deleting directory /tmp/spark-c89c8984-9e99-4509-8af9-a1568285bc57
25/05/31 11:21:43 INFO ShutdownHookManager: Deleting directory /tmp/spark-c89c8984-9e99-4509-8af9-a1568285bc57/pyspark-1371b737-b5e3-451d-97a5-e2e19b5b3572
25/05/31 11:21:43 INFO ShutdownHookManager: Deleting directory /tmp/spark-bf4eaffb-93c2-4b4c-a7c3-4b86d59f7323
