25/06/07 19:52:24 INFO SparkContext: Running Spark version 3.5.5
25/06/07 19:52:24 INFO SparkContext: OS info Linux, 6.14.9-300.fc42.x86_64, amd64
25/06/07 19:52:24 INFO SparkContext: Java version 11.0.26
25/06/07 19:52:24 WARN NativeCodeLoader: Unable to load native-hadoop library for your platform... using builtin-java classes where applicable
25/06/07 19:52:24 INFO ResourceUtils: ==============================================================
25/06/07 19:52:24 INFO ResourceUtils: No custom resources configured for spark.driver.
25/06/07 19:52:24 INFO ResourceUtils: ==============================================================
25/06/07 19:52:24 INFO SparkContext: Submitted application: task 1
25/06/07 19:52:24 INFO ResourceProfile: Default ResourceProfile created, executor resources: Map(cores -> name: cores, amount: 1, script: , vendor: , memory -> name: memory, amount: 1024, script: , vendor: , offHeap -> name: offHeap, amount: 0, script: , vendor: ), task resources: Map(cpus -> name: cpus, amount: 1.0)
25/06/07 19:52:24 INFO ResourceProfile: Limiting resource is cpu
25/06/07 19:52:24 INFO ResourceProfileManager: Added ResourceProfile id: 0
25/06/07 19:52:24 INFO SecurityManager: Changing view acls to: giovanni
25/06/07 19:52:24 INFO SecurityManager: Changing modify acls to: giovanni
25/06/07 19:52:24 INFO SecurityManager: Changing view acls groups to: 
25/06/07 19:52:24 INFO SecurityManager: Changing modify acls groups to: 
25/06/07 19:52:24 INFO SecurityManager: SecurityManager: authentication disabled; ui acls disabled; users with view permissions: giovanni; groups with view permissions: EMPTY; users with modify permissions: giovanni; groups with modify permissions: EMPTY
25/06/07 19:52:24 INFO Utils: Successfully started service 'sparkDriver' on port 39423.
25/06/07 19:52:24 INFO SparkEnv: Registering MapOutputTracker
25/06/07 19:52:24 INFO SparkEnv: Registering BlockManagerMaster
25/06/07 19:52:24 INFO BlockManagerMasterEndpoint: Using org.apache.spark.storage.DefaultTopologyMapper for getting topology information
25/06/07 19:52:24 INFO BlockManagerMasterEndpoint: BlockManagerMasterEndpoint up
25/06/07 19:52:24 INFO SparkEnv: Registering BlockManagerMasterHeartbeat
25/06/07 19:52:24 INFO DiskBlockManager: Created local directory at /tmp/blockmgr-f63b0be4-a65e-426f-bb28-7ecfc29352fb
25/06/07 19:52:24 INFO MemoryStore: MemoryStore started with capacity 434.4 MiB
25/06/07 19:52:25 INFO SparkEnv: Registering OutputCommitCoordinator
25/06/07 19:52:25 INFO JettyUtils: Start Jetty 0.0.0.0:4040 for SparkUI
25/06/07 19:52:25 INFO Utils: Successfully started service 'SparkUI' on port 4040.
25/06/07 19:52:25 INFO Executor: Starting executor ID driver on host desktop-fedora
25/06/07 19:52:25 INFO Executor: OS info Linux, 6.14.9-300.fc42.x86_64, amd64
25/06/07 19:52:25 INFO Executor: Java version 11.0.26
25/06/07 19:52:25 INFO Executor: Starting executor with user classpath (userClassPathFirst = false): ''
25/06/07 19:52:25 INFO Executor: Created or updated repl class loader org.apache.spark.util.MutableURLClassLoader@2511e098 for default.
25/06/07 19:52:25 INFO Utils: Successfully started service 'org.apache.spark.network.netty.NettyBlockTransferService' on port 38193.
25/06/07 19:52:25 INFO NettyBlockTransferService: Server created on desktop-fedora:38193
25/06/07 19:52:25 INFO BlockManager: Using org.apache.spark.storage.RandomBlockReplicationPolicy for block replication policy
25/06/07 19:52:25 INFO BlockManagerMaster: Registering BlockManager BlockManagerId(driver, desktop-fedora, 38193, None)
25/06/07 19:52:25 INFO BlockManagerMasterEndpoint: Registering block manager desktop-fedora:38193 with 434.4 MiB RAM, BlockManagerId(driver, desktop-fedora, 38193, None)
25/06/07 19:52:25 INFO BlockManagerMaster: Registered BlockManager BlockManagerId(driver, desktop-fedora, 38193, None)
25/06/07 19:52:25 INFO BlockManager: Initialized BlockManager: BlockManagerId(driver, desktop-fedora, 38193, None)
25/06/07 19:52:25 INFO MemoryStore: Block broadcast_0 stored as values in memory (estimated size 222.2 KiB, free 434.2 MiB)
25/06/07 19:52:25 INFO MemoryStore: Block broadcast_0_piece0 stored as bytes in memory (estimated size 33.2 KiB, free 434.2 MiB)
25/06/07 19:52:25 INFO BlockManagerInfo: Added broadcast_0_piece0 in memory on desktop-fedora:38193 (size: 33.2 KiB, free: 434.4 MiB)
25/06/07 19:52:25 INFO SparkContext: Created broadcast 0 from textFile at NativeMethodAccessorImpl.java:0
25/06/07 19:52:25 INFO FileInputFormat: Total input files to process : 1
25/06/07 19:52:25 INFO deprecation: mapred.output.dir is deprecated. Instead, use mapreduce.output.fileoutputformat.outputdir
25/06/07 19:52:25 INFO HadoopMapRedCommitProtocol: Using output committer class org.apache.hadoop.mapred.FileOutputCommitter
25/06/07 19:52:25 INFO FileOutputCommitter: File Output Committer Algorithm version is 1
25/06/07 19:52:25 INFO FileOutputCommitter: FileOutputCommitter skip cleanup _temporary folders under output directory:false, ignore cleanup failures: false
25/06/07 19:52:25 INFO SparkContext: Starting job: runJob at SparkHadoopWriter.scala:83
25/06/07 19:52:25 INFO DAGScheduler: Registering RDD 3 (reduceByKey at /home/giovanni/Projects/big-data/progetto/task_2/spark-core/spark-job.py:95) as input to shuffle 0
25/06/07 19:52:25 INFO DAGScheduler: Got job 0 (runJob at SparkHadoopWriter.scala:83) with 3 output partitions
25/06/07 19:52:25 INFO DAGScheduler: Final stage: ResultStage 1 (runJob at SparkHadoopWriter.scala:83)
25/06/07 19:52:26 INFO DAGScheduler: Parents of final stage: List(ShuffleMapStage 0)
25/06/07 19:52:26 INFO DAGScheduler: Missing parents: List(ShuffleMapStage 0)
25/06/07 19:52:26 INFO DAGScheduler: Submitting ShuffleMapStage 0 (PairwiseRDD[3] at reduceByKey at /home/giovanni/Projects/big-data/progetto/task_2/spark-core/spark-job.py:95), which has no missing parents
25/06/07 19:52:26 INFO MemoryStore: Block broadcast_1 stored as values in memory (estimated size 16.2 KiB, free 434.1 MiB)
25/06/07 19:52:26 INFO MemoryStore: Block broadcast_1_piece0 stored as bytes in memory (estimated size 9.9 KiB, free 434.1 MiB)
25/06/07 19:52:26 INFO BlockManagerInfo: Added broadcast_1_piece0 in memory on desktop-fedora:38193 (size: 9.9 KiB, free: 434.4 MiB)
25/06/07 19:52:26 INFO SparkContext: Created broadcast 1 from broadcast at DAGScheduler.scala:1585
25/06/07 19:52:26 INFO DAGScheduler: Submitting 3 missing tasks from ShuffleMapStage 0 (PairwiseRDD[3] at reduceByKey at /home/giovanni/Projects/big-data/progetto/task_2/spark-core/spark-job.py:95) (first 15 tasks are for partitions Vector(0, 1, 2))
25/06/07 19:52:26 INFO TaskSchedulerImpl: Adding task set 0.0 with 3 tasks resource profile 0
25/06/07 19:52:26 INFO TaskSetManager: Starting task 0.0 in stage 0.0 (TID 0) (desktop-fedora, executor driver, partition 0, NODE_LOCAL, 9088 bytes) 
25/06/07 19:52:26 INFO TaskSetManager: Starting task 1.0 in stage 0.0 (TID 1) (desktop-fedora, executor driver, partition 1, NODE_LOCAL, 9088 bytes) 
25/06/07 19:52:26 INFO TaskSetManager: Starting task 2.0 in stage 0.0 (TID 2) (desktop-fedora, executor driver, partition 2, NODE_LOCAL, 9088 bytes) 
25/06/07 19:52:26 INFO Executor: Running task 0.0 in stage 0.0 (TID 0)
25/06/07 19:52:26 INFO Executor: Running task 1.0 in stage 0.0 (TID 1)
25/06/07 19:52:26 INFO Executor: Running task 2.0 in stage 0.0 (TID 2)
25/06/07 19:52:26 INFO HadoopRDD: Input split: hdfs://localhost:9000/user/giovanni/input/cleaned_pruned_used_cars_data_5percent.csv:0+134217728
25/06/07 19:52:26 INFO HadoopRDD: Input split: hdfs://localhost:9000/user/giovanni/input/cleaned_pruned_used_cars_data_5percent.csv:268435456+128423971
25/06/07 19:52:26 INFO HadoopRDD: Input split: hdfs://localhost:9000/user/giovanni/input/cleaned_pruned_used_cars_data_5percent.csv:134217728+134217728
25/06/07 19:52:29 INFO PythonRunner: Times: total = 3755, boot = 319, init = 34, finish = 3402
25/06/07 19:52:29 INFO PythonRunner: Times: total = 3714, boot = 267, init = 27, finish = 3420
25/06/07 19:52:29 INFO Executor: Finished task 0.0 in stage 0.0 (TID 0). 1670 bytes result sent to driver
25/06/07 19:52:29 INFO Executor: Finished task 1.0 in stage 0.0 (TID 1). 1670 bytes result sent to driver
25/06/07 19:52:29 INFO PythonRunner: Times: total = 3733, boot = 265, init = 36, finish = 3432
25/06/07 19:52:29 INFO TaskSetManager: Finished task 1.0 in stage 0.0 (TID 1) in 3856 ms on desktop-fedora (executor driver) (1/3)
25/06/07 19:52:29 INFO TaskSetManager: Finished task 0.0 in stage 0.0 (TID 0) in 3866 ms on desktop-fedora (executor driver) (2/3)
25/06/07 19:52:29 INFO Executor: Finished task 2.0 in stage 0.0 (TID 2). 1627 bytes result sent to driver
25/06/07 19:52:29 INFO TaskSetManager: Finished task 2.0 in stage 0.0 (TID 2) in 3858 ms on desktop-fedora (executor driver) (3/3)
25/06/07 19:52:29 INFO TaskSchedulerImpl: Removed TaskSet 0.0, whose tasks have all completed, from pool 
25/06/07 19:52:29 INFO PythonAccumulatorV2: Connected to AccumulatorServer at host: 127.0.0.1 port: 60519
25/06/07 19:52:29 INFO DAGScheduler: ShuffleMapStage 0 (reduceByKey at /home/giovanni/Projects/big-data/progetto/task_2/spark-core/spark-job.py:95) finished in 3.935 s
25/06/07 19:52:29 INFO DAGScheduler: looking for newly runnable stages
25/06/07 19:52:29 INFO DAGScheduler: running: Set()
25/06/07 19:52:29 INFO DAGScheduler: waiting: Set(ResultStage 1)
25/06/07 19:52:29 INFO DAGScheduler: failed: Set()
25/06/07 19:52:29 INFO DAGScheduler: Submitting ResultStage 1 (MapPartitionsRDD[8] at saveAsTextFile at NativeMethodAccessorImpl.java:0), which has no missing parents
25/06/07 19:52:29 INFO MemoryStore: Block broadcast_2 stored as values in memory (estimated size 112.5 KiB, free 434.0 MiB)
25/06/07 19:52:29 INFO MemoryStore: Block broadcast_2_piece0 stored as bytes in memory (estimated size 43.7 KiB, free 434.0 MiB)
25/06/07 19:52:29 INFO BlockManagerInfo: Added broadcast_2_piece0 in memory on desktop-fedora:38193 (size: 43.7 KiB, free: 434.3 MiB)
25/06/07 19:52:29 INFO SparkContext: Created broadcast 2 from broadcast at DAGScheduler.scala:1585
25/06/07 19:52:29 INFO DAGScheduler: Submitting 3 missing tasks from ResultStage 1 (MapPartitionsRDD[8] at saveAsTextFile at NativeMethodAccessorImpl.java:0) (first 15 tasks are for partitions Vector(0, 1, 2))
25/06/07 19:52:29 INFO TaskSchedulerImpl: Adding task set 1.0 with 3 tasks resource profile 0
25/06/07 19:52:29 INFO TaskSetManager: Starting task 0.0 in stage 1.0 (TID 3) (desktop-fedora, executor driver, partition 0, NODE_LOCAL, 8817 bytes) 
25/06/07 19:52:29 INFO TaskSetManager: Starting task 1.0 in stage 1.0 (TID 4) (desktop-fedora, executor driver, partition 1, NODE_LOCAL, 8817 bytes) 
25/06/07 19:52:29 INFO TaskSetManager: Starting task 2.0 in stage 1.0 (TID 5) (desktop-fedora, executor driver, partition 2, NODE_LOCAL, 8817 bytes) 
25/06/07 19:52:29 INFO Executor: Running task 0.0 in stage 1.0 (TID 3)
25/06/07 19:52:29 INFO Executor: Running task 2.0 in stage 1.0 (TID 5)
25/06/07 19:52:29 INFO Executor: Running task 1.0 in stage 1.0 (TID 4)
25/06/07 19:52:30 INFO ShuffleBlockFetcherIterator: Getting 3 (13.2 MiB) non-empty blocks including 3 (13.2 MiB) local and 0 (0.0 B) host-local and 0 (0.0 B) push-merged-local and 0 (0.0 B) remote blocks
25/06/07 19:52:30 INFO ShuffleBlockFetcherIterator: Getting 3 (12.8 MiB) non-empty blocks including 3 (12.8 MiB) local and 0 (0.0 B) host-local and 0 (0.0 B) push-merged-local and 0 (0.0 B) remote blocks
25/06/07 19:52:30 INFO ShuffleBlockFetcherIterator: Getting 3 (12.8 MiB) non-empty blocks including 3 (12.8 MiB) local and 0 (0.0 B) host-local and 0 (0.0 B) push-merged-local and 0 (0.0 B) remote blocks
25/06/07 19:52:30 INFO ShuffleBlockFetcherIterator: Started 0 remote fetches in 8 ms
25/06/07 19:52:30 INFO ShuffleBlockFetcherIterator: Started 0 remote fetches in 8 ms
25/06/07 19:52:30 INFO ShuffleBlockFetcherIterator: Started 0 remote fetches in 8 ms
25/06/07 19:52:30 INFO HadoopMapRedCommitProtocol: Using output committer class org.apache.hadoop.mapred.FileOutputCommitter
25/06/07 19:52:30 INFO HadoopMapRedCommitProtocol: Using output committer class org.apache.hadoop.mapred.FileOutputCommitter
25/06/07 19:52:30 INFO HadoopMapRedCommitProtocol: Using output committer class org.apache.hadoop.mapred.FileOutputCommitter
25/06/07 19:52:30 INFO FileOutputCommitter: File Output Committer Algorithm version is 1
25/06/07 19:52:30 INFO FileOutputCommitter: FileOutputCommitter skip cleanup _temporary folders under output directory:false, ignore cleanup failures: false
25/06/07 19:52:30 INFO FileOutputCommitter: File Output Committer Algorithm version is 1
25/06/07 19:52:30 INFO FileOutputCommitter: File Output Committer Algorithm version is 1
25/06/07 19:52:30 INFO FileOutputCommitter: FileOutputCommitter skip cleanup _temporary folders under output directory:false, ignore cleanup failures: false
25/06/07 19:52:30 INFO FileOutputCommitter: FileOutputCommitter skip cleanup _temporary folders under output directory:false, ignore cleanup failures: false
25/06/07 19:52:30 INFO PythonRunner: Times: total = 391, boot = -86, init = 96, finish = 381
25/06/07 19:52:30 INFO PythonRunner: Times: total = 407, boot = -102, init = 112, finish = 397
25/06/07 19:52:30 INFO FileOutputCommitter: Saved output of task 'attempt_202506071952258104077321588139809_0008_m_000000_0' to hdfs://localhost:9000/user/giovanni/output/cleaned_pruned_used_cars_data_5percent_task2_sparkcore_result/_temporary/0/task_202506071952258104077321588139809_0008_m_000000
25/06/07 19:52:30 INFO SparkHadoopMapRedUtil: attempt_202506071952258104077321588139809_0008_m_000000_0: Committed. Elapsed time: 13 ms.
25/06/07 19:52:30 INFO Executor: Finished task 0.0 in stage 1.0 (TID 3). 2394 bytes result sent to driver
25/06/07 19:52:30 INFO FileOutputCommitter: Saved output of task 'attempt_202506071952258104077321588139809_0008_m_000002_0' to hdfs://localhost:9000/user/giovanni/output/cleaned_pruned_used_cars_data_5percent_task2_sparkcore_result/_temporary/0/task_202506071952258104077321588139809_0008_m_000002
25/06/07 19:52:30 INFO SparkHadoopMapRedUtil: attempt_202506071952258104077321588139809_0008_m_000002_0: Committed. Elapsed time: 4 ms.
25/06/07 19:52:30 INFO TaskSetManager: Finished task 0.0 in stage 1.0 (TID 3) in 491 ms on desktop-fedora (executor driver) (1/3)
25/06/07 19:52:30 INFO Executor: Finished task 2.0 in stage 1.0 (TID 5). 2351 bytes result sent to driver
25/06/07 19:52:30 INFO TaskSetManager: Finished task 2.0 in stage 1.0 (TID 5) in 490 ms on desktop-fedora (executor driver) (2/3)
25/06/07 19:52:30 INFO PythonRunner: Times: total = 433, boot = -114, init = 124, finish = 423
25/06/07 19:52:30 INFO FileOutputCommitter: Saved output of task 'attempt_202506071952258104077321588139809_0008_m_000001_0' to hdfs://localhost:9000/user/giovanni/output/cleaned_pruned_used_cars_data_5percent_task2_sparkcore_result/_temporary/0/task_202506071952258104077321588139809_0008_m_000001
25/06/07 19:52:30 INFO SparkHadoopMapRedUtil: attempt_202506071952258104077321588139809_0008_m_000001_0: Committed. Elapsed time: 4 ms.
25/06/07 19:52:30 INFO Executor: Finished task 1.0 in stage 1.0 (TID 4). 2351 bytes result sent to driver
25/06/07 19:52:30 INFO TaskSetManager: Finished task 1.0 in stage 1.0 (TID 4) in 509 ms on desktop-fedora (executor driver) (3/3)
25/06/07 19:52:30 INFO TaskSchedulerImpl: Removed TaskSet 1.0, whose tasks have all completed, from pool 
25/06/07 19:52:30 INFO DAGScheduler: ResultStage 1 (runJob at SparkHadoopWriter.scala:83) finished in 0.524 s
25/06/07 19:52:30 INFO DAGScheduler: Job 0 is finished. Cancelling potential speculative or zombie tasks for this job
25/06/07 19:52:30 INFO TaskSchedulerImpl: Killing all running tasks in stage 1: Stage finished
25/06/07 19:52:30 INFO DAGScheduler: Job 0 finished: runJob at SparkHadoopWriter.scala:83, took 4.504344 s
25/06/07 19:52:30 INFO SparkHadoopWriter: Start to commit write Job job_202506071952258104077321588139809_0008.
25/06/07 19:52:30 INFO SparkHadoopWriter: Write Job job_202506071952258104077321588139809_0008 committed. Elapsed time: 34 ms.
25/06/07 19:52:30 INFO SparkContext: Invoking stop() from shutdown hook
25/06/07 19:52:30 INFO SparkContext: SparkContext is stopping with exitCode 0.
25/06/07 19:52:30 INFO SparkUI: Stopped Spark web UI at http://desktop-fedora:4040
25/06/07 19:52:30 INFO MapOutputTrackerMasterEndpoint: MapOutputTrackerMasterEndpoint stopped!
25/06/07 19:52:30 INFO MemoryStore: MemoryStore cleared
25/06/07 19:52:30 INFO BlockManager: BlockManager stopped
25/06/07 19:52:30 INFO BlockManagerMaster: BlockManagerMaster stopped
25/06/07 19:52:30 INFO OutputCommitCoordinator$OutputCommitCoordinatorEndpoint: OutputCommitCoordinator stopped!
25/06/07 19:52:30 INFO SparkContext: Successfully stopped SparkContext
25/06/07 19:52:30 INFO ShutdownHookManager: Shutdown hook called
25/06/07 19:52:30 INFO ShutdownHookManager: Deleting directory /tmp/spark-0c097f85-bb14-4081-9b6a-0ed00183b282
25/06/07 19:52:30 INFO ShutdownHookManager: Deleting directory /tmp/spark-e73ab736-de21-40df-891c-264f50d44594
25/06/07 19:52:30 INFO ShutdownHookManager: Deleting directory /tmp/spark-0c097f85-bb14-4081-9b6a-0ed00183b282/pyspark-820bbd13-f965-4c4e-afc9-fb4de886e620
