25/06/08 12:28:23 INFO SparkContext: Running Spark version 3.5.5
25/06/08 12:28:23 INFO SparkContext: OS info Linux, 6.14.9-300.fc42.x86_64, amd64
25/06/08 12:28:23 INFO SparkContext: Java version 11.0.27
25/06/08 12:28:23 WARN NativeCodeLoader: Unable to load native-hadoop library for your platform... using builtin-java classes where applicable
25/06/08 12:28:23 INFO ResourceUtils: ==============================================================
25/06/08 12:28:23 INFO ResourceUtils: No custom resources configured for spark.driver.
25/06/08 12:28:23 INFO ResourceUtils: ==============================================================
25/06/08 12:28:23 INFO SparkContext: Submitted application: task 1
25/06/08 12:28:23 INFO ResourceProfile: Default ResourceProfile created, executor resources: Map(cores -> name: cores, amount: 1, script: , vendor: , memory -> name: memory, amount: 1024, script: , vendor: , offHeap -> name: offHeap, amount: 0, script: , vendor: ), task resources: Map(cpus -> name: cpus, amount: 1.0)
25/06/08 12:28:24 INFO ResourceProfile: Limiting resource is cpu
25/06/08 12:28:24 INFO ResourceProfileManager: Added ResourceProfile id: 0
25/06/08 12:28:24 INFO SecurityManager: Changing view acls to: emilia
25/06/08 12:28:24 INFO SecurityManager: Changing modify acls to: emilia
25/06/08 12:28:24 INFO SecurityManager: Changing view acls groups to: 
25/06/08 12:28:24 INFO SecurityManager: Changing modify acls groups to: 
25/06/08 12:28:24 INFO SecurityManager: SecurityManager: authentication disabled; ui acls disabled; users with view permissions: emilia; groups with view permissions: EMPTY; users with modify permissions: emilia; groups with modify permissions: EMPTY
25/06/08 12:28:24 INFO Utils: Successfully started service 'sparkDriver' on port 43171.
25/06/08 12:28:24 INFO SparkEnv: Registering MapOutputTracker
25/06/08 12:28:24 INFO SparkEnv: Registering BlockManagerMaster
25/06/08 12:28:24 INFO BlockManagerMasterEndpoint: Using org.apache.spark.storage.DefaultTopologyMapper for getting topology information
25/06/08 12:28:24 INFO BlockManagerMasterEndpoint: BlockManagerMasterEndpoint up
25/06/08 12:28:24 INFO SparkEnv: Registering BlockManagerMasterHeartbeat
25/06/08 12:28:24 INFO DiskBlockManager: Created local directory at /tmp/blockmgr-f2a290e8-02af-4c27-9016-cb290a4c9bc3
25/06/08 12:28:24 INFO MemoryStore: MemoryStore started with capacity 434.4 MiB
25/06/08 12:28:24 INFO SparkEnv: Registering OutputCommitCoordinator
25/06/08 12:28:25 INFO JettyUtils: Start Jetty 0.0.0.0:4040 for SparkUI
25/06/08 12:28:25 INFO Utils: Successfully started service 'SparkUI' on port 4040.
25/06/08 12:28:25 INFO Executor: Starting executor ID driver on host fedora
25/06/08 12:28:25 INFO Executor: OS info Linux, 6.14.9-300.fc42.x86_64, amd64
25/06/08 12:28:25 INFO Executor: Java version 11.0.27
25/06/08 12:28:25 INFO Executor: Starting executor with user classpath (userClassPathFirst = false): ''
25/06/08 12:28:25 INFO Executor: Created or updated repl class loader org.apache.spark.util.MutableURLClassLoader@adc4d2c for default.
25/06/08 12:28:25 INFO Utils: Successfully started service 'org.apache.spark.network.netty.NettyBlockTransferService' on port 45623.
25/06/08 12:28:25 INFO NettyBlockTransferService: Server created on fedora:45623
25/06/08 12:28:25 INFO BlockManager: Using org.apache.spark.storage.RandomBlockReplicationPolicy for block replication policy
25/06/08 12:28:25 INFO BlockManagerMaster: Registering BlockManager BlockManagerId(driver, fedora, 45623, None)
25/06/08 12:28:25 INFO BlockManagerMasterEndpoint: Registering block manager fedora:45623 with 434.4 MiB RAM, BlockManagerId(driver, fedora, 45623, None)
25/06/08 12:28:25 INFO BlockManagerMaster: Registered BlockManager BlockManagerId(driver, fedora, 45623, None)
25/06/08 12:28:25 INFO BlockManager: Initialized BlockManager: BlockManagerId(driver, fedora, 45623, None)
25/06/08 12:28:26 INFO MemoryStore: Block broadcast_0 stored as values in memory (estimated size 221.5 KiB, free 434.2 MiB)
25/06/08 12:28:26 INFO MemoryStore: Block broadcast_0_piece0 stored as bytes in memory (estimated size 32.7 KiB, free 434.2 MiB)
25/06/08 12:28:26 INFO BlockManagerInfo: Added broadcast_0_piece0 in memory on fedora:45623 (size: 32.7 KiB, free: 434.4 MiB)
25/06/08 12:28:26 INFO SparkContext: Created broadcast 0 from textFile at NativeMethodAccessorImpl.java:0
25/06/08 12:28:27 INFO FileInputFormat: Total input files to process : 1
25/06/08 12:28:28 INFO deprecation: mapred.output.dir is deprecated. Instead, use mapreduce.output.fileoutputformat.outputdir
25/06/08 12:28:28 INFO HadoopMapRedCommitProtocol: Using output committer class org.apache.hadoop.mapred.FileOutputCommitter
25/06/08 12:28:28 INFO FileOutputCommitter: File Output Committer Algorithm version is 1
25/06/08 12:28:28 INFO FileOutputCommitter: FileOutputCommitter skip cleanup _temporary folders under output directory:false, ignore cleanup failures: false
25/06/08 12:28:28 INFO SparkContext: Starting job: runJob at SparkHadoopWriter.scala:83
25/06/08 12:28:28 INFO DAGScheduler: Registering RDD 3 (reduceByKey at /home/emilia/Documents/big-data/progetto/task_2/spark-core/spark-job.py:95) as input to shuffle 0
25/06/08 12:28:28 INFO DAGScheduler: Got job 0 (runJob at SparkHadoopWriter.scala:83) with 3 output partitions
25/06/08 12:28:28 INFO DAGScheduler: Final stage: ResultStage 1 (runJob at SparkHadoopWriter.scala:83)
25/06/08 12:28:28 INFO DAGScheduler: Parents of final stage: List(ShuffleMapStage 0)
25/06/08 12:28:28 INFO DAGScheduler: Missing parents: List(ShuffleMapStage 0)
25/06/08 12:28:28 INFO DAGScheduler: Submitting ShuffleMapStage 0 (PairwiseRDD[3] at reduceByKey at /home/emilia/Documents/big-data/progetto/task_2/spark-core/spark-job.py:95), which has no missing parents
25/06/08 12:28:28 INFO MemoryStore: Block broadcast_1 stored as values in memory (estimated size 16.1 KiB, free 434.1 MiB)
25/06/08 12:28:28 INFO MemoryStore: Block broadcast_1_piece0 stored as bytes in memory (estimated size 9.8 KiB, free 434.1 MiB)
25/06/08 12:28:28 INFO BlockManagerInfo: Added broadcast_1_piece0 in memory on fedora:45623 (size: 9.8 KiB, free: 434.4 MiB)
25/06/08 12:28:28 INFO SparkContext: Created broadcast 1 from broadcast at DAGScheduler.scala:1585
25/06/08 12:28:28 INFO DAGScheduler: Submitting 3 missing tasks from ShuffleMapStage 0 (PairwiseRDD[3] at reduceByKey at /home/emilia/Documents/big-data/progetto/task_2/spark-core/spark-job.py:95) (first 15 tasks are for partitions Vector(0, 1, 2))
25/06/08 12:28:28 INFO TaskSchedulerImpl: Adding task set 0.0 with 3 tasks resource profile 0
25/06/08 12:28:28 INFO TaskSetManager: Starting task 0.0 in stage 0.0 (TID 0) (fedora, executor driver, partition 0, NODE_LOCAL, 9086 bytes) 
25/06/08 12:28:28 INFO TaskSetManager: Starting task 1.0 in stage 0.0 (TID 1) (fedora, executor driver, partition 1, NODE_LOCAL, 9086 bytes) 
25/06/08 12:28:28 INFO TaskSetManager: Starting task 2.0 in stage 0.0 (TID 2) (fedora, executor driver, partition 2, NODE_LOCAL, 9086 bytes) 
25/06/08 12:28:28 INFO Executor: Running task 1.0 in stage 0.0 (TID 1)
25/06/08 12:28:28 INFO Executor: Running task 0.0 in stage 0.0 (TID 0)
25/06/08 12:28:28 INFO Executor: Running task 2.0 in stage 0.0 (TID 2)
25/06/08 12:28:28 INFO HadoopRDD: Input split: hdfs://localhost:9000/user/emilia/input/cleaned_pruned_used_cars_data_5percent.csv:0+134217728
25/06/08 12:28:28 INFO HadoopRDD: Input split: hdfs://localhost:9000/user/emilia/input/cleaned_pruned_used_cars_data_5percent.csv:134217728+134217728
25/06/08 12:28:28 INFO HadoopRDD: Input split: hdfs://localhost:9000/user/emilia/input/cleaned_pruned_used_cars_data_5percent.csv:268435456+128423971
25/06/08 12:28:45 INFO PythonRunner: Times: total = 16419, boot = 1290, init = 164, finish = 14965
25/06/08 12:28:45 INFO PythonRunner: Times: total = 16377, boot = 1160, init = 157, finish = 15060
25/06/08 12:28:45 INFO Executor: Finished task 0.0 in stage 0.0 (TID 0). 1662 bytes result sent to driver
25/06/08 12:28:45 INFO Executor: Finished task 2.0 in stage 0.0 (TID 2). 1619 bytes result sent to driver
25/06/08 12:28:45 INFO TaskSetManager: Finished task 0.0 in stage 0.0 (TID 0) in 16804 ms on fedora (executor driver) (1/3)
25/06/08 12:28:45 INFO TaskSetManager: Finished task 2.0 in stage 0.0 (TID 2) in 16777 ms on fedora (executor driver) (2/3)
25/06/08 12:28:45 INFO PythonAccumulatorV2: Connected to AccumulatorServer at host: 127.0.0.1 port: 58449
25/06/08 12:28:45 INFO PythonRunner: Times: total = 16478, boot = 1166, init = 154, finish = 15158
25/06/08 12:28:45 INFO Executor: Finished task 1.0 in stage 0.0 (TID 1). 1619 bytes result sent to driver
25/06/08 12:28:45 INFO TaskSetManager: Finished task 1.0 in stage 0.0 (TID 1) in 16867 ms on fedora (executor driver) (3/3)
25/06/08 12:28:45 INFO TaskSchedulerImpl: Removed TaskSet 0.0, whose tasks have all completed, from pool 
25/06/08 12:28:45 INFO DAGScheduler: ShuffleMapStage 0 (reduceByKey at /home/emilia/Documents/big-data/progetto/task_2/spark-core/spark-job.py:95) finished in 17.134 s
25/06/08 12:28:45 INFO DAGScheduler: looking for newly runnable stages
25/06/08 12:28:45 INFO DAGScheduler: running: Set()
25/06/08 12:28:45 INFO DAGScheduler: waiting: Set(ResultStage 1)
25/06/08 12:28:45 INFO DAGScheduler: failed: Set()
25/06/08 12:28:45 INFO DAGScheduler: Submitting ResultStage 1 (MapPartitionsRDD[8] at saveAsTextFile at NativeMethodAccessorImpl.java:0), which has no missing parents
25/06/08 12:28:45 INFO MemoryStore: Block broadcast_2 stored as values in memory (estimated size 111.8 KiB, free 434.0 MiB)
25/06/08 12:28:45 INFO MemoryStore: Block broadcast_2_piece0 stored as bytes in memory (estimated size 43.4 KiB, free 434.0 MiB)
25/06/08 12:28:45 INFO BlockManagerInfo: Added broadcast_2_piece0 in memory on fedora:45623 (size: 43.4 KiB, free: 434.3 MiB)
25/06/08 12:28:45 INFO SparkContext: Created broadcast 2 from broadcast at DAGScheduler.scala:1585
25/06/08 12:28:45 INFO DAGScheduler: Submitting 3 missing tasks from ResultStage 1 (MapPartitionsRDD[8] at saveAsTextFile at NativeMethodAccessorImpl.java:0) (first 15 tasks are for partitions Vector(0, 1, 2))
25/06/08 12:28:45 INFO TaskSchedulerImpl: Adding task set 1.0 with 3 tasks resource profile 0
25/06/08 12:28:45 INFO TaskSetManager: Starting task 0.0 in stage 1.0 (TID 3) (fedora, executor driver, partition 0, NODE_LOCAL, 8817 bytes) 
25/06/08 12:28:45 INFO TaskSetManager: Starting task 1.0 in stage 1.0 (TID 4) (fedora, executor driver, partition 1, NODE_LOCAL, 8817 bytes) 
25/06/08 12:28:45 INFO TaskSetManager: Starting task 2.0 in stage 1.0 (TID 5) (fedora, executor driver, partition 2, NODE_LOCAL, 8817 bytes) 
25/06/08 12:28:45 INFO Executor: Running task 0.0 in stage 1.0 (TID 3)
25/06/08 12:28:45 INFO Executor: Running task 1.0 in stage 1.0 (TID 4)
25/06/08 12:28:45 INFO Executor: Running task 2.0 in stage 1.0 (TID 5)
25/06/08 12:28:45 INFO ShuffleBlockFetcherIterator: Getting 3 (13.2 MiB) non-empty blocks including 3 (13.2 MiB) local and 0 (0.0 B) host-local and 0 (0.0 B) push-merged-local and 0 (0.0 B) remote blocks
25/06/08 12:28:45 INFO ShuffleBlockFetcherIterator: Getting 3 (12.8 MiB) non-empty blocks including 3 (12.8 MiB) local and 0 (0.0 B) host-local and 0 (0.0 B) push-merged-local and 0 (0.0 B) remote blocks
25/06/08 12:28:45 INFO ShuffleBlockFetcherIterator: Getting 3 (12.8 MiB) non-empty blocks including 3 (12.8 MiB) local and 0 (0.0 B) host-local and 0 (0.0 B) push-merged-local and 0 (0.0 B) remote blocks
25/06/08 12:28:45 INFO ShuffleBlockFetcherIterator: Started 0 remote fetches in 23 ms
25/06/08 12:28:45 INFO ShuffleBlockFetcherIterator: Started 0 remote fetches in 23 ms
25/06/08 12:28:45 INFO ShuffleBlockFetcherIterator: Started 0 remote fetches in 23 ms
25/06/08 12:28:45 INFO HadoopMapRedCommitProtocol: Using output committer class org.apache.hadoop.mapred.FileOutputCommitter
25/06/08 12:28:45 INFO HadoopMapRedCommitProtocol: Using output committer class org.apache.hadoop.mapred.FileOutputCommitter
25/06/08 12:28:45 INFO FileOutputCommitter: File Output Committer Algorithm version is 1
25/06/08 12:28:45 INFO FileOutputCommitter: File Output Committer Algorithm version is 1
25/06/08 12:28:45 INFO FileOutputCommitter: FileOutputCommitter skip cleanup _temporary folders under output directory:false, ignore cleanup failures: false
25/06/08 12:28:45 INFO FileOutputCommitter: FileOutputCommitter skip cleanup _temporary folders under output directory:false, ignore cleanup failures: false
25/06/08 12:28:45 INFO HadoopMapRedCommitProtocol: Using output committer class org.apache.hadoop.mapred.FileOutputCommitter
25/06/08 12:28:45 INFO FileOutputCommitter: File Output Committer Algorithm version is 1
25/06/08 12:28:45 INFO FileOutputCommitter: FileOutputCommitter skip cleanup _temporary folders under output directory:false, ignore cleanup failures: false
25/06/08 12:28:46 INFO BlockManagerInfo: Removed broadcast_1_piece0 on fedora:45623 in memory (size: 9.8 KiB, free: 434.3 MiB)
25/06/08 12:28:47 INFO PythonRunner: Times: total = 1521, boot = -238, init = 267, finish = 1492
25/06/08 12:28:47 INFO PythonRunner: Times: total = 1558, boot = -333, init = 358, finish = 1533
25/06/08 12:28:47 INFO FileOutputCommitter: Saved output of task 'attempt_202506081228287765165811253652626_0008_m_000000_0' to hdfs://localhost:9000/user/emilia/output/cleaned_pruned_used_cars_data_5percent_task2_sparkcore_result/_temporary/0/task_202506081228287765165811253652626_0008_m_000000
25/06/08 12:28:47 INFO SparkHadoopMapRedUtil: attempt_202506081228287765165811253652626_0008_m_000000_0: Committed. Elapsed time: 17 ms.
25/06/08 12:28:47 INFO Executor: Finished task 0.0 in stage 1.0 (TID 3). 2437 bytes result sent to driver
25/06/08 12:28:47 INFO FileOutputCommitter: Saved output of task 'attempt_202506081228287765165811253652626_0008_m_000002_0' to hdfs://localhost:9000/user/emilia/output/cleaned_pruned_used_cars_data_5percent_task2_sparkcore_result/_temporary/0/task_202506081228287765165811253652626_0008_m_000002
25/06/08 12:28:47 INFO SparkHadoopMapRedUtil: attempt_202506081228287765165811253652626_0008_m_000002_0: Committed. Elapsed time: 10 ms.
25/06/08 12:28:47 INFO TaskSetManager: Finished task 0.0 in stage 1.0 (TID 3) in 1779 ms on fedora (executor driver) (1/3)
25/06/08 12:28:47 INFO Executor: Finished task 2.0 in stage 1.0 (TID 5). 2394 bytes result sent to driver
25/06/08 12:28:47 INFO TaskSetManager: Finished task 2.0 in stage 1.0 (TID 5) in 1784 ms on fedora (executor driver) (2/3)
25/06/08 12:28:47 INFO PythonRunner: Times: total = 1613, boot = -423, init = 455, finish = 1581
25/06/08 12:28:47 INFO FileOutputCommitter: Saved output of task 'attempt_202506081228287765165811253652626_0008_m_000001_0' to hdfs://localhost:9000/user/emilia/output/cleaned_pruned_used_cars_data_5percent_task2_sparkcore_result/_temporary/0/task_202506081228287765165811253652626_0008_m_000001
25/06/08 12:28:47 INFO SparkHadoopMapRedUtil: attempt_202506081228287765165811253652626_0008_m_000001_0: Committed. Elapsed time: 8 ms.
25/06/08 12:28:47 INFO Executor: Finished task 1.0 in stage 1.0 (TID 4). 2437 bytes result sent to driver
25/06/08 12:28:47 INFO TaskSetManager: Finished task 1.0 in stage 1.0 (TID 4) in 1839 ms on fedora (executor driver) (3/3)
25/06/08 12:28:47 INFO TaskSchedulerImpl: Removed TaskSet 1.0, whose tasks have all completed, from pool 
25/06/08 12:28:47 INFO DAGScheduler: ResultStage 1 (runJob at SparkHadoopWriter.scala:83) finished in 1.879 s
25/06/08 12:28:47 INFO DAGScheduler: Job 0 is finished. Cancelling potential speculative or zombie tasks for this job
25/06/08 12:28:47 INFO TaskSchedulerImpl: Killing all running tasks in stage 1: Stage finished
25/06/08 12:28:47 INFO DAGScheduler: Job 0 finished: runJob at SparkHadoopWriter.scala:83, took 19.150643 s
25/06/08 12:28:47 INFO SparkHadoopWriter: Start to commit write Job job_202506081228287765165811253652626_0008.
25/06/08 12:28:47 INFO SparkHadoopWriter: Write Job job_202506081228287765165811253652626_0008 committed. Elapsed time: 74 ms.
25/06/08 12:28:47 INFO SparkContext: Invoking stop() from shutdown hook
25/06/08 12:28:47 INFO SparkContext: SparkContext is stopping with exitCode 0.
25/06/08 12:28:47 INFO SparkUI: Stopped Spark web UI at http://fedora:4040
25/06/08 12:28:47 INFO MapOutputTrackerMasterEndpoint: MapOutputTrackerMasterEndpoint stopped!
25/06/08 12:28:47 INFO MemoryStore: MemoryStore cleared
25/06/08 12:28:47 INFO BlockManager: BlockManager stopped
25/06/08 12:28:47 INFO BlockManagerMaster: BlockManagerMaster stopped
25/06/08 12:28:47 INFO OutputCommitCoordinator$OutputCommitCoordinatorEndpoint: OutputCommitCoordinator stopped!
25/06/08 12:28:47 INFO SparkContext: Successfully stopped SparkContext
25/06/08 12:28:47 INFO ShutdownHookManager: Shutdown hook called
25/06/08 12:28:47 INFO ShutdownHookManager: Deleting directory /tmp/spark-5d7e05d5-ee1d-4619-85f9-504426adafc8
25/06/08 12:28:47 INFO ShutdownHookManager: Deleting directory /tmp/spark-8df0d9c8-5f5a-4070-aa04-ec2648c888e0/pyspark-18c045aa-9191-4dff-897c-a485ba81a299
25/06/08 12:28:47 INFO ShutdownHookManager: Deleting directory /tmp/spark-8df0d9c8-5f5a-4070-aa04-ec2648c888e0
