25/05/31 11:19:31 INFO SparkContext: Running Spark version 3.5.5
25/05/31 11:19:31 INFO SparkContext: OS info Linux, 6.14.8-300.fc42.x86_64, amd64
25/05/31 11:19:31 INFO SparkContext: Java version 11.0.26
25/05/31 11:19:31 WARN NativeCodeLoader: Unable to load native-hadoop library for your platform... using builtin-java classes where applicable
25/05/31 11:19:31 INFO ResourceUtils: ==============================================================
25/05/31 11:19:31 INFO ResourceUtils: No custom resources configured for spark.driver.
25/05/31 11:19:31 INFO ResourceUtils: ==============================================================
25/05/31 11:19:31 INFO SparkContext: Submitted application: task 1
25/05/31 11:19:31 INFO ResourceProfile: Default ResourceProfile created, executor resources: Map(cores -> name: cores, amount: 1, script: , vendor: , memory -> name: memory, amount: 1024, script: , vendor: , offHeap -> name: offHeap, amount: 0, script: , vendor: ), task resources: Map(cpus -> name: cpus, amount: 1.0)
25/05/31 11:19:31 INFO ResourceProfile: Limiting resource is cpu
25/05/31 11:19:31 INFO ResourceProfileManager: Added ResourceProfile id: 0
25/05/31 11:19:32 INFO SecurityManager: Changing view acls to: giovanni
25/05/31 11:19:32 INFO SecurityManager: Changing modify acls to: giovanni
25/05/31 11:19:32 INFO SecurityManager: Changing view acls groups to: 
25/05/31 11:19:32 INFO SecurityManager: Changing modify acls groups to: 
25/05/31 11:19:32 INFO SecurityManager: SecurityManager: authentication disabled; ui acls disabled; users with view permissions: giovanni; groups with view permissions: EMPTY; users with modify permissions: giovanni; groups with modify permissions: EMPTY
25/05/31 11:19:32 INFO Utils: Successfully started service 'sparkDriver' on port 46493.
25/05/31 11:19:32 INFO SparkEnv: Registering MapOutputTracker
25/05/31 11:19:32 INFO SparkEnv: Registering BlockManagerMaster
25/05/31 11:19:32 INFO BlockManagerMasterEndpoint: Using org.apache.spark.storage.DefaultTopologyMapper for getting topology information
25/05/31 11:19:32 INFO BlockManagerMasterEndpoint: BlockManagerMasterEndpoint up
25/05/31 11:19:32 INFO SparkEnv: Registering BlockManagerMasterHeartbeat
25/05/31 11:19:32 INFO DiskBlockManager: Created local directory at /tmp/blockmgr-9038b6e5-a3d4-4a69-888e-445e31714268
25/05/31 11:19:32 INFO MemoryStore: MemoryStore started with capacity 434.4 MiB
25/05/31 11:19:32 INFO SparkEnv: Registering OutputCommitCoordinator
25/05/31 11:19:32 INFO JettyUtils: Start Jetty 0.0.0.0:4040 for SparkUI
25/05/31 11:19:32 INFO Utils: Successfully started service 'SparkUI' on port 4040.
25/05/31 11:19:32 INFO Executor: Starting executor ID driver on host desktop-fedora
25/05/31 11:19:32 INFO Executor: OS info Linux, 6.14.8-300.fc42.x86_64, amd64
25/05/31 11:19:32 INFO Executor: Java version 11.0.26
25/05/31 11:19:32 INFO Executor: Starting executor with user classpath (userClassPathFirst = false): ''
25/05/31 11:19:32 INFO Executor: Created or updated repl class loader org.apache.spark.util.MutableURLClassLoader@2edaeeb4 for default.
25/05/31 11:19:32 INFO Utils: Successfully started service 'org.apache.spark.network.netty.NettyBlockTransferService' on port 45119.
25/05/31 11:19:32 INFO NettyBlockTransferService: Server created on desktop-fedora:45119
25/05/31 11:19:32 INFO BlockManager: Using org.apache.spark.storage.RandomBlockReplicationPolicy for block replication policy
25/05/31 11:19:32 INFO BlockManagerMaster: Registering BlockManager BlockManagerId(driver, desktop-fedora, 45119, None)
25/05/31 11:19:32 INFO BlockManagerMasterEndpoint: Registering block manager desktop-fedora:45119 with 434.4 MiB RAM, BlockManagerId(driver, desktop-fedora, 45119, None)
25/05/31 11:19:32 INFO BlockManagerMaster: Registered BlockManager BlockManagerId(driver, desktop-fedora, 45119, None)
25/05/31 11:19:32 INFO BlockManager: Initialized BlockManager: BlockManagerId(driver, desktop-fedora, 45119, None)
25/05/31 11:19:32 INFO MemoryStore: Block broadcast_0 stored as values in memory (estimated size 222.2 KiB, free 434.2 MiB)
25/05/31 11:19:32 INFO MemoryStore: Block broadcast_0_piece0 stored as bytes in memory (estimated size 33.2 KiB, free 434.2 MiB)
25/05/31 11:19:32 INFO BlockManagerInfo: Added broadcast_0_piece0 in memory on desktop-fedora:45119 (size: 33.2 KiB, free: 434.4 MiB)
25/05/31 11:19:32 INFO SparkContext: Created broadcast 0 from textFile at NativeMethodAccessorImpl.java:0
25/05/31 11:19:33 INFO FileInputFormat: Total input files to process : 1
25/05/31 11:19:33 INFO deprecation: mapred.output.dir is deprecated. Instead, use mapreduce.output.fileoutputformat.outputdir
25/05/31 11:19:33 INFO HadoopMapRedCommitProtocol: Using output committer class org.apache.hadoop.mapred.FileOutputCommitter
25/05/31 11:19:33 INFO FileOutputCommitter: File Output Committer Algorithm version is 1
25/05/31 11:19:33 INFO FileOutputCommitter: FileOutputCommitter skip cleanup _temporary folders under output directory:false, ignore cleanup failures: false
25/05/31 11:19:33 INFO SparkContext: Starting job: runJob at SparkHadoopWriter.scala:83
25/05/31 11:19:33 INFO DAGScheduler: Registering RDD 3 (reduceByKey at /home/giovanni/Projects/big-data/progetto/task_2/spark-core/spark-job.py:95) as input to shuffle 0
25/05/31 11:19:33 INFO DAGScheduler: Got job 0 (runJob at SparkHadoopWriter.scala:83) with 2 output partitions
25/05/31 11:19:33 INFO DAGScheduler: Final stage: ResultStage 1 (runJob at SparkHadoopWriter.scala:83)
25/05/31 11:19:33 INFO DAGScheduler: Parents of final stage: List(ShuffleMapStage 0)
25/05/31 11:19:33 INFO DAGScheduler: Missing parents: List(ShuffleMapStage 0)
25/05/31 11:19:33 INFO DAGScheduler: Submitting ShuffleMapStage 0 (PairwiseRDD[3] at reduceByKey at /home/giovanni/Projects/big-data/progetto/task_2/spark-core/spark-job.py:95), which has no missing parents
25/05/31 11:19:33 INFO MemoryStore: Block broadcast_1 stored as values in memory (estimated size 16.2 KiB, free 434.1 MiB)
25/05/31 11:19:33 INFO MemoryStore: Block broadcast_1_piece0 stored as bytes in memory (estimated size 9.9 KiB, free 434.1 MiB)
25/05/31 11:19:33 INFO BlockManagerInfo: Added broadcast_1_piece0 in memory on desktop-fedora:45119 (size: 9.9 KiB, free: 434.4 MiB)
25/05/31 11:19:33 INFO SparkContext: Created broadcast 1 from broadcast at DAGScheduler.scala:1585
25/05/31 11:19:33 INFO DAGScheduler: Submitting 2 missing tasks from ShuffleMapStage 0 (PairwiseRDD[3] at reduceByKey at /home/giovanni/Projects/big-data/progetto/task_2/spark-core/spark-job.py:95) (first 15 tasks are for partitions Vector(0, 1))
25/05/31 11:19:33 INFO TaskSchedulerImpl: Adding task set 0.0 with 2 tasks resource profile 0
25/05/31 11:19:33 INFO TaskSetManager: Starting task 0.0 in stage 0.0 (TID 0) (desktop-fedora, executor driver, partition 0, NODE_LOCAL, 9088 bytes) 
25/05/31 11:19:33 INFO TaskSetManager: Starting task 1.0 in stage 0.0 (TID 1) (desktop-fedora, executor driver, partition 1, NODE_LOCAL, 9088 bytes) 
25/05/31 11:19:33 INFO Executor: Running task 1.0 in stage 0.0 (TID 1)
25/05/31 11:19:33 INFO Executor: Running task 0.0 in stage 0.0 (TID 0)
25/05/31 11:19:33 INFO HadoopRDD: Input split: hdfs://localhost:9000/user/giovanni/input/cleaned_pruned_used_cars_data_1percent.csv:0+46046059
25/05/31 11:19:33 INFO HadoopRDD: Input split: hdfs://localhost:9000/user/giovanni/input/cleaned_pruned_used_cars_data_1percent.csv:46046059+46046059
25/05/31 11:19:34 INFO PythonRunner: Times: total = 1473, boot = 278, init = 39, finish = 1156
25/05/31 11:19:34 INFO PythonRunner: Times: total = 1517, boot = 308, init = 35, finish = 1174
25/05/31 11:19:34 INFO Executor: Finished task 1.0 in stage 0.0 (TID 1). 1669 bytes result sent to driver
25/05/31 11:19:34 INFO Executor: Finished task 0.0 in stage 0.0 (TID 0). 1669 bytes result sent to driver
25/05/31 11:19:34 INFO TaskSetManager: Finished task 1.0 in stage 0.0 (TID 1) in 1592 ms on desktop-fedora (executor driver) (1/2)
25/05/31 11:19:34 INFO TaskSetManager: Finished task 0.0 in stage 0.0 (TID 0) in 1602 ms on desktop-fedora (executor driver) (2/2)
25/05/31 11:19:34 INFO TaskSchedulerImpl: Removed TaskSet 0.0, whose tasks have all completed, from pool 
25/05/31 11:19:34 INFO PythonAccumulatorV2: Connected to AccumulatorServer at host: 127.0.0.1 port: 46717
25/05/31 11:19:34 INFO DAGScheduler: ShuffleMapStage 0 (reduceByKey at /home/giovanni/Projects/big-data/progetto/task_2/spark-core/spark-job.py:95) finished in 1.673 s
25/05/31 11:19:34 INFO DAGScheduler: looking for newly runnable stages
25/05/31 11:19:34 INFO DAGScheduler: running: Set()
25/05/31 11:19:34 INFO DAGScheduler: waiting: Set(ResultStage 1)
25/05/31 11:19:34 INFO DAGScheduler: failed: Set()
25/05/31 11:19:34 INFO DAGScheduler: Submitting ResultStage 1 (MapPartitionsRDD[8] at saveAsTextFile at NativeMethodAccessorImpl.java:0), which has no missing parents
25/05/31 11:19:34 INFO MemoryStore: Block broadcast_2 stored as values in memory (estimated size 112.5 KiB, free 434.0 MiB)
25/05/31 11:19:34 INFO MemoryStore: Block broadcast_2_piece0 stored as bytes in memory (estimated size 43.7 KiB, free 434.0 MiB)
25/05/31 11:19:34 INFO BlockManagerInfo: Added broadcast_2_piece0 in memory on desktop-fedora:45119 (size: 43.7 KiB, free: 434.3 MiB)
25/05/31 11:19:34 INFO SparkContext: Created broadcast 2 from broadcast at DAGScheduler.scala:1585
25/05/31 11:19:34 INFO DAGScheduler: Submitting 2 missing tasks from ResultStage 1 (MapPartitionsRDD[8] at saveAsTextFile at NativeMethodAccessorImpl.java:0) (first 15 tasks are for partitions Vector(0, 1))
25/05/31 11:19:34 INFO TaskSchedulerImpl: Adding task set 1.0 with 2 tasks resource profile 0
25/05/31 11:19:34 INFO TaskSetManager: Starting task 0.0 in stage 1.0 (TID 2) (desktop-fedora, executor driver, partition 0, NODE_LOCAL, 8817 bytes) 
25/05/31 11:19:34 INFO TaskSetManager: Starting task 1.0 in stage 1.0 (TID 3) (desktop-fedora, executor driver, partition 1, NODE_LOCAL, 8817 bytes) 
25/05/31 11:19:34 INFO Executor: Running task 1.0 in stage 1.0 (TID 3)
25/05/31 11:19:34 INFO Executor: Running task 0.0 in stage 1.0 (TID 2)
25/05/31 11:19:34 INFO ShuffleBlockFetcherIterator: Getting 2 (4.3 MiB) non-empty blocks including 2 (4.3 MiB) local and 0 (0.0 B) host-local and 0 (0.0 B) push-merged-local and 0 (0.0 B) remote blocks
25/05/31 11:19:34 INFO ShuffleBlockFetcherIterator: Getting 2 (4.5 MiB) non-empty blocks including 2 (4.5 MiB) local and 0 (0.0 B) host-local and 0 (0.0 B) push-merged-local and 0 (0.0 B) remote blocks
25/05/31 11:19:34 INFO ShuffleBlockFetcherIterator: Started 0 remote fetches in 6 ms
25/05/31 11:19:34 INFO ShuffleBlockFetcherIterator: Started 0 remote fetches in 6 ms
25/05/31 11:19:34 INFO HadoopMapRedCommitProtocol: Using output committer class org.apache.hadoop.mapred.FileOutputCommitter
25/05/31 11:19:34 INFO HadoopMapRedCommitProtocol: Using output committer class org.apache.hadoop.mapred.FileOutputCommitter
25/05/31 11:19:34 INFO FileOutputCommitter: File Output Committer Algorithm version is 1
25/05/31 11:19:34 INFO FileOutputCommitter: File Output Committer Algorithm version is 1
25/05/31 11:19:34 INFO FileOutputCommitter: FileOutputCommitter skip cleanup _temporary folders under output directory:false, ignore cleanup failures: false
25/05/31 11:19:34 INFO FileOutputCommitter: FileOutputCommitter skip cleanup _temporary folders under output directory:false, ignore cleanup failures: false
25/05/31 11:19:35 INFO PythonRunner: Times: total = 124, boot = -97, init = 105, finish = 116
25/05/31 11:19:35 INFO PythonRunner: Times: total = 130, boot = -87, init = 95, finish = 122
25/05/31 11:19:35 INFO FileOutputCommitter: Saved output of task 'attempt_202505311119333922354076199387018_0008_m_000000_0' to hdfs://localhost:9000/user/giovanni/output/cleaned_pruned_used_cars_data_1percent_task2_sparkcore_result/_temporary/0/task_202505311119333922354076199387018_0008_m_000000
25/05/31 11:19:35 INFO SparkHadoopMapRedUtil: attempt_202505311119333922354076199387018_0008_m_000000_0: Committed. Elapsed time: 6 ms.
25/05/31 11:19:35 INFO FileOutputCommitter: Saved output of task 'attempt_202505311119333922354076199387018_0008_m_000001_0' to hdfs://localhost:9000/user/giovanni/output/cleaned_pruned_used_cars_data_1percent_task2_sparkcore_result/_temporary/0/task_202505311119333922354076199387018_0008_m_000001
25/05/31 11:19:35 INFO SparkHadoopMapRedUtil: attempt_202505311119333922354076199387018_0008_m_000001_0: Committed. Elapsed time: 7 ms.
25/05/31 11:19:35 INFO Executor: Finished task 1.0 in stage 1.0 (TID 3). 2351 bytes result sent to driver
25/05/31 11:19:35 INFO Executor: Finished task 0.0 in stage 1.0 (TID 2). 2394 bytes result sent to driver
25/05/31 11:19:35 INFO TaskSetManager: Finished task 1.0 in stage 1.0 (TID 3) in 221 ms on desktop-fedora (executor driver) (1/2)
25/05/31 11:19:35 INFO TaskSetManager: Finished task 0.0 in stage 1.0 (TID 2) in 223 ms on desktop-fedora (executor driver) (2/2)
25/05/31 11:19:35 INFO TaskSchedulerImpl: Removed TaskSet 1.0, whose tasks have all completed, from pool 
25/05/31 11:19:35 INFO DAGScheduler: ResultStage 1 (runJob at SparkHadoopWriter.scala:83) finished in 0.236 s
25/05/31 11:19:35 INFO DAGScheduler: Job 0 is finished. Cancelling potential speculative or zombie tasks for this job
25/05/31 11:19:35 INFO TaskSchedulerImpl: Killing all running tasks in stage 1: Stage finished
25/05/31 11:19:35 INFO DAGScheduler: Job 0 finished: runJob at SparkHadoopWriter.scala:83, took 1.948261 s
25/05/31 11:19:35 INFO SparkHadoopWriter: Start to commit write Job job_202505311119333922354076199387018_0008.
25/05/31 11:19:35 INFO SparkHadoopWriter: Write Job job_202505311119333922354076199387018_0008 committed. Elapsed time: 23 ms.
25/05/31 11:19:35 INFO SparkContext: Invoking stop() from shutdown hook
25/05/31 11:19:35 INFO SparkContext: SparkContext is stopping with exitCode 0.
25/05/31 11:19:35 INFO SparkUI: Stopped Spark web UI at http://desktop-fedora:4040
25/05/31 11:19:35 INFO MapOutputTrackerMasterEndpoint: MapOutputTrackerMasterEndpoint stopped!
25/05/31 11:19:35 INFO MemoryStore: MemoryStore cleared
25/05/31 11:19:35 INFO BlockManager: BlockManager stopped
25/05/31 11:19:35 INFO BlockManagerMaster: BlockManagerMaster stopped
25/05/31 11:19:35 INFO OutputCommitCoordinator$OutputCommitCoordinatorEndpoint: OutputCommitCoordinator stopped!
25/05/31 11:19:35 INFO SparkContext: Successfully stopped SparkContext
25/05/31 11:19:35 INFO ShutdownHookManager: Shutdown hook called
25/05/31 11:19:35 INFO ShutdownHookManager: Deleting directory /tmp/spark-31a09237-2263-4766-aeec-1d7867d27118/pyspark-a2da2fcc-bce0-4101-84eb-72adb1dd08a2
25/05/31 11:19:35 INFO ShutdownHookManager: Deleting directory /tmp/spark-31a09237-2263-4766-aeec-1d7867d27118
25/05/31 11:19:35 INFO ShutdownHookManager: Deleting directory /tmp/spark-57dcb5c0-0265-465c-a837-efa11e3bfe02
