25/06/09 17:02:48 INFO SparkContext: Running Spark version 3.5.5
25/06/09 17:02:48 INFO SparkContext: OS info Linux, 6.14.9-300.fc42.x86_64, amd64
25/06/09 17:02:48 INFO SparkContext: Java version 11.0.26
25/06/09 17:02:48 WARN NativeCodeLoader: Unable to load native-hadoop library for your platform... using builtin-java classes where applicable
25/06/09 17:02:48 INFO ResourceUtils: ==============================================================
25/06/09 17:02:48 INFO ResourceUtils: No custom resources configured for spark.driver.
25/06/09 17:02:48 INFO ResourceUtils: ==============================================================
25/06/09 17:02:48 INFO SparkContext: Submitted application: task 1
25/06/09 17:02:48 INFO ResourceProfile: Default ResourceProfile created, executor resources: Map(cores -> name: cores, amount: 1, script: , vendor: , memory -> name: memory, amount: 1024, script: , vendor: , offHeap -> name: offHeap, amount: 0, script: , vendor: ), task resources: Map(cpus -> name: cpus, amount: 1.0)
25/06/09 17:02:48 INFO ResourceProfile: Limiting resource is cpu
25/06/09 17:02:48 INFO ResourceProfileManager: Added ResourceProfile id: 0
25/06/09 17:02:48 INFO SecurityManager: Changing view acls to: giovanni
25/06/09 17:02:48 INFO SecurityManager: Changing modify acls to: giovanni
25/06/09 17:02:48 INFO SecurityManager: Changing view acls groups to: 
25/06/09 17:02:48 INFO SecurityManager: Changing modify acls groups to: 
25/06/09 17:02:48 INFO SecurityManager: SecurityManager: authentication disabled; ui acls disabled; users with view permissions: giovanni; groups with view permissions: EMPTY; users with modify permissions: giovanni; groups with modify permissions: EMPTY
25/06/09 17:02:48 INFO Utils: Successfully started service 'sparkDriver' on port 35345.
25/06/09 17:02:48 INFO SparkEnv: Registering MapOutputTracker
25/06/09 17:02:48 INFO SparkEnv: Registering BlockManagerMaster
25/06/09 17:02:48 INFO BlockManagerMasterEndpoint: Using org.apache.spark.storage.DefaultTopologyMapper for getting topology information
25/06/09 17:02:48 INFO BlockManagerMasterEndpoint: BlockManagerMasterEndpoint up
25/06/09 17:02:48 INFO SparkEnv: Registering BlockManagerMasterHeartbeat
25/06/09 17:02:48 INFO DiskBlockManager: Created local directory at /tmp/blockmgr-eb4da5ba-df00-42b7-9acf-5bff6bc4072f
25/06/09 17:02:48 INFO MemoryStore: MemoryStore started with capacity 434.4 MiB
25/06/09 17:02:48 INFO SparkEnv: Registering OutputCommitCoordinator
25/06/09 17:02:48 INFO JettyUtils: Start Jetty 0.0.0.0:4040 for SparkUI
25/06/09 17:02:48 INFO Utils: Successfully started service 'SparkUI' on port 4040.
25/06/09 17:02:48 INFO Executor: Starting executor ID driver on host desktop-fedora
25/06/09 17:02:48 INFO Executor: OS info Linux, 6.14.9-300.fc42.x86_64, amd64
25/06/09 17:02:48 INFO Executor: Java version 11.0.26
25/06/09 17:02:48 INFO Executor: Starting executor with user classpath (userClassPathFirst = false): ''
25/06/09 17:02:48 INFO Executor: Created or updated repl class loader org.apache.spark.util.MutableURLClassLoader@3f4bc916 for default.
25/06/09 17:02:48 INFO Utils: Successfully started service 'org.apache.spark.network.netty.NettyBlockTransferService' on port 35295.
25/06/09 17:02:48 INFO NettyBlockTransferService: Server created on desktop-fedora:35295
25/06/09 17:02:48 INFO BlockManager: Using org.apache.spark.storage.RandomBlockReplicationPolicy for block replication policy
25/06/09 17:02:48 INFO BlockManagerMaster: Registering BlockManager BlockManagerId(driver, desktop-fedora, 35295, None)
25/06/09 17:02:48 INFO BlockManagerMasterEndpoint: Registering block manager desktop-fedora:35295 with 434.4 MiB RAM, BlockManagerId(driver, desktop-fedora, 35295, None)
25/06/09 17:02:48 INFO BlockManagerMaster: Registered BlockManager BlockManagerId(driver, desktop-fedora, 35295, None)
25/06/09 17:02:48 INFO BlockManager: Initialized BlockManager: BlockManagerId(driver, desktop-fedora, 35295, None)
25/06/09 17:02:49 INFO MemoryStore: Block broadcast_0 stored as values in memory (estimated size 222.2 KiB, free 434.2 MiB)
25/06/09 17:02:49 INFO MemoryStore: Block broadcast_0_piece0 stored as bytes in memory (estimated size 33.2 KiB, free 434.2 MiB)
25/06/09 17:02:49 INFO BlockManagerInfo: Added broadcast_0_piece0 in memory on desktop-fedora:35295 (size: 33.2 KiB, free: 434.4 MiB)
25/06/09 17:02:49 INFO SparkContext: Created broadcast 0 from textFile at NativeMethodAccessorImpl.java:0
25/06/09 17:02:49 INFO FileInputFormat: Total input files to process : 1
25/06/09 17:02:49 INFO deprecation: mapred.output.dir is deprecated. Instead, use mapreduce.output.fileoutputformat.outputdir
25/06/09 17:02:49 INFO HadoopMapRedCommitProtocol: Using output committer class org.apache.hadoop.mapred.FileOutputCommitter
25/06/09 17:02:49 INFO FileOutputCommitter: File Output Committer Algorithm version is 1
25/06/09 17:02:49 INFO FileOutputCommitter: FileOutputCommitter skip cleanup _temporary folders under output directory:false, ignore cleanup failures: false
25/06/09 17:02:49 INFO SparkContext: Starting job: runJob at SparkHadoopWriter.scala:83
25/06/09 17:02:49 INFO DAGScheduler: Registering RDD 3 (reduceByKey at /home/giovanni/Projects/big-data/progetto/task_2/spark-core/spark-job.py:95) as input to shuffle 0
25/06/09 17:02:49 INFO DAGScheduler: Got job 0 (runJob at SparkHadoopWriter.scala:83) with 3 output partitions
25/06/09 17:02:49 INFO DAGScheduler: Final stage: ResultStage 1 (runJob at SparkHadoopWriter.scala:83)
25/06/09 17:02:49 INFO DAGScheduler: Parents of final stage: List(ShuffleMapStage 0)
25/06/09 17:02:49 INFO DAGScheduler: Missing parents: List(ShuffleMapStage 0)
25/06/09 17:02:49 INFO DAGScheduler: Submitting ShuffleMapStage 0 (PairwiseRDD[3] at reduceByKey at /home/giovanni/Projects/big-data/progetto/task_2/spark-core/spark-job.py:95), which has no missing parents
25/06/09 17:02:49 INFO MemoryStore: Block broadcast_1 stored as values in memory (estimated size 16.2 KiB, free 434.1 MiB)
25/06/09 17:02:49 INFO MemoryStore: Block broadcast_1_piece0 stored as bytes in memory (estimated size 9.9 KiB, free 434.1 MiB)
25/06/09 17:02:49 INFO BlockManagerInfo: Added broadcast_1_piece0 in memory on desktop-fedora:35295 (size: 9.9 KiB, free: 434.4 MiB)
25/06/09 17:02:49 INFO SparkContext: Created broadcast 1 from broadcast at DAGScheduler.scala:1585
25/06/09 17:02:49 INFO DAGScheduler: Submitting 3 missing tasks from ShuffleMapStage 0 (PairwiseRDD[3] at reduceByKey at /home/giovanni/Projects/big-data/progetto/task_2/spark-core/spark-job.py:95) (first 15 tasks are for partitions Vector(0, 1, 2))
25/06/09 17:02:49 INFO TaskSchedulerImpl: Adding task set 0.0 with 3 tasks resource profile 0
25/06/09 17:02:49 INFO TaskSetManager: Starting task 0.0 in stage 0.0 (TID 0) (desktop-fedora, executor driver, partition 0, NODE_LOCAL, 9088 bytes) 
25/06/09 17:02:49 INFO TaskSetManager: Starting task 1.0 in stage 0.0 (TID 1) (desktop-fedora, executor driver, partition 1, NODE_LOCAL, 9088 bytes) 
25/06/09 17:02:49 INFO TaskSetManager: Starting task 2.0 in stage 0.0 (TID 2) (desktop-fedora, executor driver, partition 2, NODE_LOCAL, 9088 bytes) 
25/06/09 17:02:49 INFO Executor: Running task 1.0 in stage 0.0 (TID 1)
25/06/09 17:02:49 INFO Executor: Running task 0.0 in stage 0.0 (TID 0)
25/06/09 17:02:49 INFO Executor: Running task 2.0 in stage 0.0 (TID 2)
25/06/09 17:02:49 INFO HadoopRDD: Input split: hdfs://localhost:9000/user/giovanni/input/cleaned_pruned_used_cars_data_5percent.csv:0+134217728
25/06/09 17:02:49 INFO HadoopRDD: Input split: hdfs://localhost:9000/user/giovanni/input/cleaned_pruned_used_cars_data_5percent.csv:134217728+134217728
25/06/09 17:02:49 INFO HadoopRDD: Input split: hdfs://localhost:9000/user/giovanni/input/cleaned_pruned_used_cars_data_5percent.csv:268435456+128423971
25/06/09 17:02:53 INFO PythonRunner: Times: total = 3658, boot = 301, init = 47, finish = 3310
25/06/09 17:02:53 INFO PythonRunner: Times: total = 3649, boot = 266, init = 35, finish = 3348
25/06/09 17:02:53 INFO Executor: Finished task 0.0 in stage 0.0 (TID 0). 1670 bytes result sent to driver
25/06/09 17:02:53 INFO Executor: Finished task 1.0 in stage 0.0 (TID 1). 1627 bytes result sent to driver
25/06/09 17:02:53 INFO TaskSetManager: Finished task 0.0 in stage 0.0 (TID 0) in 3766 ms on desktop-fedora (executor driver) (1/3)
25/06/09 17:02:53 INFO TaskSetManager: Finished task 1.0 in stage 0.0 (TID 1) in 3759 ms on desktop-fedora (executor driver) (2/3)
25/06/09 17:02:53 INFO PythonRunner: Times: total = 3663, boot = 267, init = 45, finish = 3351
25/06/09 17:02:53 INFO PythonAccumulatorV2: Connected to AccumulatorServer at host: 127.0.0.1 port: 34975
25/06/09 17:02:53 INFO Executor: Finished task 2.0 in stage 0.0 (TID 2). 1627 bytes result sent to driver
25/06/09 17:02:53 INFO TaskSetManager: Finished task 2.0 in stage 0.0 (TID 2) in 3768 ms on desktop-fedora (executor driver) (3/3)
25/06/09 17:02:53 INFO TaskSchedulerImpl: Removed TaskSet 0.0, whose tasks have all completed, from pool 
25/06/09 17:02:53 INFO DAGScheduler: ShuffleMapStage 0 (reduceByKey at /home/giovanni/Projects/big-data/progetto/task_2/spark-core/spark-job.py:95) finished in 3.839 s
25/06/09 17:02:53 INFO DAGScheduler: looking for newly runnable stages
25/06/09 17:02:53 INFO DAGScheduler: running: Set()
25/06/09 17:02:53 INFO DAGScheduler: waiting: Set(ResultStage 1)
25/06/09 17:02:53 INFO DAGScheduler: failed: Set()
25/06/09 17:02:53 INFO DAGScheduler: Submitting ResultStage 1 (MapPartitionsRDD[8] at saveAsTextFile at NativeMethodAccessorImpl.java:0), which has no missing parents
25/06/09 17:02:53 INFO MemoryStore: Block broadcast_2 stored as values in memory (estimated size 112.5 KiB, free 434.0 MiB)
25/06/09 17:02:53 INFO MemoryStore: Block broadcast_2_piece0 stored as bytes in memory (estimated size 43.7 KiB, free 434.0 MiB)
25/06/09 17:02:53 INFO BlockManagerInfo: Added broadcast_2_piece0 in memory on desktop-fedora:35295 (size: 43.7 KiB, free: 434.3 MiB)
25/06/09 17:02:53 INFO SparkContext: Created broadcast 2 from broadcast at DAGScheduler.scala:1585
25/06/09 17:02:53 INFO DAGScheduler: Submitting 3 missing tasks from ResultStage 1 (MapPartitionsRDD[8] at saveAsTextFile at NativeMethodAccessorImpl.java:0) (first 15 tasks are for partitions Vector(0, 1, 2))
25/06/09 17:02:53 INFO TaskSchedulerImpl: Adding task set 1.0 with 3 tasks resource profile 0
25/06/09 17:02:53 INFO TaskSetManager: Starting task 0.0 in stage 1.0 (TID 3) (desktop-fedora, executor driver, partition 0, NODE_LOCAL, 8817 bytes) 
25/06/09 17:02:53 INFO TaskSetManager: Starting task 1.0 in stage 1.0 (TID 4) (desktop-fedora, executor driver, partition 1, NODE_LOCAL, 8817 bytes) 
25/06/09 17:02:53 INFO TaskSetManager: Starting task 2.0 in stage 1.0 (TID 5) (desktop-fedora, executor driver, partition 2, NODE_LOCAL, 8817 bytes) 
25/06/09 17:02:53 INFO Executor: Running task 2.0 in stage 1.0 (TID 5)
25/06/09 17:02:53 INFO Executor: Running task 0.0 in stage 1.0 (TID 3)
25/06/09 17:02:53 INFO Executor: Running task 1.0 in stage 1.0 (TID 4)
25/06/09 17:02:53 INFO ShuffleBlockFetcherIterator: Getting 3 (12.8 MiB) non-empty blocks including 3 (12.8 MiB) local and 0 (0.0 B) host-local and 0 (0.0 B) push-merged-local and 0 (0.0 B) remote blocks
25/06/09 17:02:53 INFO ShuffleBlockFetcherIterator: Getting 3 (12.8 MiB) non-empty blocks including 3 (12.8 MiB) local and 0 (0.0 B) host-local and 0 (0.0 B) push-merged-local and 0 (0.0 B) remote blocks
25/06/09 17:02:53 INFO ShuffleBlockFetcherIterator: Getting 3 (13.2 MiB) non-empty blocks including 3 (13.2 MiB) local and 0 (0.0 B) host-local and 0 (0.0 B) push-merged-local and 0 (0.0 B) remote blocks
25/06/09 17:02:53 INFO ShuffleBlockFetcherIterator: Started 0 remote fetches in 6 ms
25/06/09 17:02:53 INFO ShuffleBlockFetcherIterator: Started 0 remote fetches in 6 ms
25/06/09 17:02:53 INFO ShuffleBlockFetcherIterator: Started 0 remote fetches in 6 ms
25/06/09 17:02:53 INFO HadoopMapRedCommitProtocol: Using output committer class org.apache.hadoop.mapred.FileOutputCommitter
25/06/09 17:02:53 INFO HadoopMapRedCommitProtocol: Using output committer class org.apache.hadoop.mapred.FileOutputCommitter
25/06/09 17:02:53 INFO HadoopMapRedCommitProtocol: Using output committer class org.apache.hadoop.mapred.FileOutputCommitter
25/06/09 17:02:53 INFO FileOutputCommitter: File Output Committer Algorithm version is 1
25/06/09 17:02:53 INFO FileOutputCommitter: File Output Committer Algorithm version is 1
25/06/09 17:02:53 INFO FileOutputCommitter: FileOutputCommitter skip cleanup _temporary folders under output directory:false, ignore cleanup failures: false
25/06/09 17:02:53 INFO FileOutputCommitter: File Output Committer Algorithm version is 1
25/06/09 17:02:53 INFO FileOutputCommitter: FileOutputCommitter skip cleanup _temporary folders under output directory:false, ignore cleanup failures: false
25/06/09 17:02:53 INFO FileOutputCommitter: FileOutputCommitter skip cleanup _temporary folders under output directory:false, ignore cleanup failures: false
25/06/09 17:02:53 INFO PythonRunner: Times: total = 367, boot = -72, init = 80, finish = 359
25/06/09 17:02:53 INFO PythonRunner: Times: total = 382, boot = -111, init = 119, finish = 374
25/06/09 17:02:54 INFO FileOutputCommitter: Saved output of task 'attempt_202506091702497793461368485042802_0008_m_000002_0' to hdfs://localhost:9000/user/giovanni/output/cleaned_pruned_used_cars_data_5percent_task2_sparkcore_result/_temporary/0/task_202506091702497793461368485042802_0008_m_000002
25/06/09 17:02:54 INFO FileOutputCommitter: Saved output of task 'attempt_202506091702497793461368485042802_0008_m_000000_0' to hdfs://localhost:9000/user/giovanni/output/cleaned_pruned_used_cars_data_5percent_task2_sparkcore_result/_temporary/0/task_202506091702497793461368485042802_0008_m_000000
25/06/09 17:02:54 INFO SparkHadoopMapRedUtil: attempt_202506091702497793461368485042802_0008_m_000000_0: Committed. Elapsed time: 4 ms.
25/06/09 17:02:54 INFO SparkHadoopMapRedUtil: attempt_202506091702497793461368485042802_0008_m_000002_0: Committed. Elapsed time: 9 ms.
25/06/09 17:02:54 INFO Executor: Finished task 0.0 in stage 1.0 (TID 3). 2394 bytes result sent to driver
25/06/09 17:02:54 INFO Executor: Finished task 2.0 in stage 1.0 (TID 5). 2351 bytes result sent to driver
25/06/09 17:02:54 INFO TaskSetManager: Finished task 2.0 in stage 1.0 (TID 5) in 453 ms on desktop-fedora (executor driver) (1/3)
25/06/09 17:02:54 INFO TaskSetManager: Finished task 0.0 in stage 1.0 (TID 3) in 455 ms on desktop-fedora (executor driver) (2/3)
25/06/09 17:02:54 INFO PythonRunner: Times: total = 400, boot = -85, init = 93, finish = 392
25/06/09 17:02:54 INFO FileOutputCommitter: Saved output of task 'attempt_202506091702497793461368485042802_0008_m_000001_0' to hdfs://localhost:9000/user/giovanni/output/cleaned_pruned_used_cars_data_5percent_task2_sparkcore_result/_temporary/0/task_202506091702497793461368485042802_0008_m_000001
25/06/09 17:02:54 INFO SparkHadoopMapRedUtil: attempt_202506091702497793461368485042802_0008_m_000001_0: Committed. Elapsed time: 3 ms.
25/06/09 17:02:54 INFO Executor: Finished task 1.0 in stage 1.0 (TID 4). 2351 bytes result sent to driver
25/06/09 17:02:54 INFO TaskSetManager: Finished task 1.0 in stage 1.0 (TID 4) in 468 ms on desktop-fedora (executor driver) (3/3)
25/06/09 17:02:54 INFO TaskSchedulerImpl: Removed TaskSet 1.0, whose tasks have all completed, from pool 
25/06/09 17:02:54 INFO DAGScheduler: ResultStage 1 (runJob at SparkHadoopWriter.scala:83) finished in 0.482 s
25/06/09 17:02:54 INFO DAGScheduler: Job 0 is finished. Cancelling potential speculative or zombie tasks for this job
25/06/09 17:02:54 INFO TaskSchedulerImpl: Killing all running tasks in stage 1: Stage finished
25/06/09 17:02:54 INFO DAGScheduler: Job 0 finished: runJob at SparkHadoopWriter.scala:83, took 4.360004 s
25/06/09 17:02:54 INFO SparkHadoopWriter: Start to commit write Job job_202506091702497793461368485042802_0008.
25/06/09 17:02:54 INFO SparkHadoopWriter: Write Job job_202506091702497793461368485042802_0008 committed. Elapsed time: 24 ms.
25/06/09 17:02:54 INFO SparkContext: Invoking stop() from shutdown hook
25/06/09 17:02:54 INFO SparkContext: SparkContext is stopping with exitCode 0.
25/06/09 17:02:54 INFO SparkUI: Stopped Spark web UI at http://desktop-fedora:4040
25/06/09 17:02:54 INFO MapOutputTrackerMasterEndpoint: MapOutputTrackerMasterEndpoint stopped!
25/06/09 17:02:54 INFO MemoryStore: MemoryStore cleared
25/06/09 17:02:54 INFO BlockManager: BlockManager stopped
25/06/09 17:02:54 INFO BlockManagerMaster: BlockManagerMaster stopped
25/06/09 17:02:54 INFO OutputCommitCoordinator$OutputCommitCoordinatorEndpoint: OutputCommitCoordinator stopped!
25/06/09 17:02:54 INFO SparkContext: Successfully stopped SparkContext
25/06/09 17:02:54 INFO ShutdownHookManager: Shutdown hook called
25/06/09 17:02:54 INFO ShutdownHookManager: Deleting directory /tmp/spark-09f98df1-f13c-47e5-8242-634630d78130
25/06/09 17:02:54 INFO ShutdownHookManager: Deleting directory /tmp/spark-219119fc-7364-45a8-a07e-cf924d48bdf6/pyspark-e04e8131-f1e7-4024-b589-3d566d02ed78
25/06/09 17:02:54 INFO ShutdownHookManager: Deleting directory /tmp/spark-219119fc-7364-45a8-a07e-cf924d48bdf6
